{
  message: 'Server on 1997 running. NodeENV: development  ',
  level: 'info',
  timestamp: '2024-11-27 11:07:59.324 AM'
}
{
  method: 'GET',
  url: '/api/v1/property/666720f01ed8af0105a0d444',
  status: 200,
  content_length: '647',
  response_time: 68.454,
  level: 'http',
  message: 'incoming-request',
  timestamp: '2024-11-27 11:14:07.426 AM'
}
{
  method: 'GET',
  url: '/api/v1/property/?page=1',
  status: 200,
  content_length: '3460',
  response_time: 110.528,
  level: 'http',
  message: 'incoming-request',
  timestamp: '2024-11-27 11:14:07.475 AM'
}
{
  method: 'GET',
  url: '/api/v1/user/profile',
  status: 200,
  content_length: '1922',
  response_time: 110.798,
  level: 'http',
  message: 'incoming-request',
  timestamp: '2024-11-27 11:14:09.524 AM'
}
{
  method: 'GET',
  url: '/api/v1/property/?page=1',
  status: 200,
  content_length: '3460',
  response_time: 107.278,
  level: 'http',
  message: 'incoming-request',
  timestamp: '2024-11-27 11:14:17.292 AM'
}
{
  method: 'GET',
  url: '/api/v1/property/?page=2',
  status: 200,
  content_length: '3019',
  response_time: 106.414,
  level: 'http',
  message: 'incoming-request',
  timestamp: '2024-11-27 11:14:19.652 AM'
}
{
  method: 'GET',
  url: '/api/v1/property/?page=3',
  status: 200,
  content_length: '3009',
  response_time: 113.279,
  level: 'http',
  message: 'incoming-request',
  timestamp: '2024-11-27 11:14:20.733 AM'
}
{
  method: 'GET',
  url: '/api/v1/property/?page=4',
  status: 200,
  content_length: '3484',
  response_time: 108.688,
  level: 'http',
  message: 'incoming-request',
  timestamp: '2024-11-27 11:14:22.171 AM'
}
{
  method: 'GET',
  url: '/api/v1/property/6730c25c553db0525961dea0',
  status: 200,
  content_length: '551',
  response_time: 53.282,
  level: 'http',
  message: 'incoming-request',
  timestamp: '2024-11-27 11:14:28.211 AM'
}
{
  method: 'PATCH',
  url: '/api/v1/property/6730c25c553db0525961dea0',
  status: 200,
  content_length: '672',
  response_time: 177.899,
  level: 'http',
  message: 'incoming-request',
  timestamp: '2024-11-27 11:14:36.382 AM'
}
{
  method: 'GET',
  url: '/api/v1/property/6730c25c553db0525961dea0',
  status: 200,
  content_length: '619',
  response_time: 53.351,
  level: 'http',
  message: 'incoming-request',
  timestamp: '2024-11-27 11:14:36.441 AM'
}
{
  method: 'GET',
  url: '/api/v1/property/6730c25c553db0525961dea0',
  status: 304,
  response_time: 53.036,
  level: 'http',
  message: 'incoming-request',
  timestamp: '2024-11-27 11:14:49.890 AM'
}
{
  method: 'GET',
  url: '/api/v1/property/?page=2',
  status: 200,
  content_length: '3087',
  response_time: 106.11,
  level: 'http',
  message: 'incoming-request',
  timestamp: '2024-11-27 11:14:54.128 AM'
}
{
  method: 'GET',
  url: '/api/v1/property/?page=1',
  status: 200,
  content_length: '3460',
  response_time: 105.838,
  level: 'http',
  message: 'incoming-request',
  timestamp: '2024-11-27 11:14:56.065 AM'
}
{
  method: 'GET',
  url: '/api/v1/user/all',
  status: 304,
  response_time: 159.476,
  level: 'http',
  message: 'incoming-request',
  timestamp: '2024-11-27 11:16:33.714 AM'
}
{
  method: 'GET',
  url: '/api/v1/user/all',
  status: 304,
  response_time: 157.913,
  level: 'http',
  message: 'incoming-request',
  timestamp: '2024-11-27 11:17:34.746 AM'
}
{
  method: 'GET',
  url: '/api/v1/user/profile',
  status: 304,
  response_time: 106.738,
  level: 'http',
  message: 'incoming-request',
  timestamp: '2024-11-27 11:17:40.112 AM'
}
{
  method: 'GET',
  url: '/api/v1/property/?page=1',
  status: 200,
  content_length: '3460',
  response_time: 105.557,
  level: 'http',
  message: 'incoming-request',
  timestamp: '2024-11-27 11:17:42.374 AM'
}
{
  method: 'GET',
  url: '/api/v1/user/all',
  status: 304,
  response_time: 157.874,
  level: 'http',
  message: 'incoming-request',
  timestamp: '2024-11-27 11:17:45.339 AM'
}
{
  method: 'GET',
  url: '/api/v1/user/all',
  status: 304,
  response_time: 157.6,
  level: 'http',
  message: 'incoming-request',
  timestamp: '2024-11-27 11:18:45.748 AM'
}
{
  method: 'GET',
  url: '/api/v1/user/all',
  status: 304,
  response_time: 157.17,
  level: 'http',
  message: 'incoming-request',
  timestamp: '2024-11-27 11:19:46.751 AM'
}
{
  method: 'GET',
  url: '/api/v1/user/all',
  status: 304,
  response_time: 157.534,
  level: 'http',
  message: 'incoming-request',
  timestamp: '2024-11-27 11:20:47.744 AM'
}
{
  method: 'GET',
  url: '/api/v1/user/all',
  status: 304,
  response_time: 157.669,
  level: 'http',
  message: 'incoming-request',
  timestamp: '2024-11-27 11:21:48.755 AM'
}
{
  method: 'GET',
  url: '/api/v1/user/all',
  status: 304,
  response_time: 157.688,
  level: 'http',
  message: 'incoming-request',
  timestamp: '2024-11-27 11:22:49.742 AM'
}
{
  method: 'GET',
  url: '/api/v1/user/all',
  status: 304,
  response_time: 157.282,
  level: 'http',
  message: 'incoming-request',
  timestamp: '2024-11-27 11:23:50.744 AM'
}
{
  method: 'GET',
  url: '/api/v1/user/all',
  status: 304,
  response_time: 157.777,
  level: 'http',
  message: 'incoming-request',
  timestamp: '2024-11-27 11:24:51.751 AM'
}
{
  method: 'GET',
  url: '/api/v1/user/all',
  status: 304,
  response_time: 158.121,
  level: 'http',
  message: 'incoming-request',
  timestamp: '2024-11-27 11:25:52.752 AM'
}
{
  method: 'GET',
  url: '/api/v1/user/all',
  status: 304,
  response_time: 157.818,
  level: 'http',
  message: 'incoming-request',
  timestamp: '2024-11-27 11:26:53.746 AM'
}
{
  method: 'GET',
  url: '/api/v1/user/all',
  status: 304,
  response_time: 160.361,
  level: 'http',
  message: 'incoming-request',
  timestamp: '2024-11-27 11:27:54.753 AM'
}
{
  method: 'GET',
  url: '/api/v1/user/all',
  status: 304,
  response_time: 157.514,
  level: 'http',
  message: 'incoming-request',
  timestamp: '2024-11-27 11:28:55.743 AM'
}
{
  method: 'GET',
  url: '/api/v1/user/all',
  status: 304,
  response_time: 157.946,
  level: 'http',
  message: 'incoming-request',
  timestamp: '2024-11-27 11:29:56.753 AM'
}
{
  method: 'GET',
  url: '/api/v1/user/all',
  status: 304,
  response_time: 157.311,
  level: 'http',
  message: 'incoming-request',
  timestamp: '2024-11-27 11:30:57.755 AM'
}
{
  method: 'GET',
  url: '/api/v1/user/all',
  status: 304,
  response_time: 157.274,
  level: 'http',
  message: 'incoming-request',
  timestamp: '2024-11-27 11:31:58.751 AM'
}
{
  method: 'GET',
  url: '/api/v1/user/all',
  status: 304,
  response_time: 156.837,
  level: 'http',
  message: 'incoming-request',
  timestamp: '2024-11-27 11:32:59.746 AM'
}
{
  method: 'GET',
  url: '/api/v1/user/all',
  status: 304,
  response_time: 159.215,
  level: 'http',
  message: 'incoming-request',
  timestamp: '2024-11-27 11:34:00.756 AM'
}
{
  method: 'GET',
  url: '/api/v1/user/all',
  status: 304,
  response_time: 157.712,
  level: 'http',
  message: 'incoming-request',
  timestamp: '2024-11-27 11:35:01.754 AM'
}
{
  method: 'GET',
  url: '/api/v1/user/all',
  status: 304,
  response_time: 157.473,
  level: 'http',
  message: 'incoming-request',
  timestamp: '2024-11-27 11:36:02.748 AM'
}
{
  method: 'GET',
  url: '/api/v1/user/all',
  status: 304,
  response_time: 157.133,
  level: 'http',
  message: 'incoming-request',
  timestamp: '2024-11-27 11:37:03.747 AM'
}
{
  method: 'GET',
  url: '/api/v1/user/all',
  status: 304,
  response_time: 158.962,
  level: 'http',
  message: 'incoming-request',
  timestamp: '2024-11-27 11:38:04.750 AM'
}
{
  method: 'GET',
  url: '/api/v1/user/all',
  status: 304,
  response_time: 161.631,
  level: 'http',
  message: 'incoming-request',
  timestamp: '2024-11-27 11:39:05.755 AM'
}
{
  method: 'GET',
  url: '/api/v1/user/all',
  status: 304,
  response_time: 157.669,
  level: 'http',
  message: 'incoming-request',
  timestamp: '2024-11-27 11:40:06.752 AM'
}
{
  method: 'GET',
  url: '/api/v1/user/all',
  status: 304,
  response_time: 157.111,
  level: 'http',
  message: 'incoming-request',
  timestamp: '2024-11-27 11:41:07.751 AM'
}
{
  method: 'GET',
  url: '/api/v1/user/all',
  status: 304,
  response_time: 157.505,
  level: 'http',
  message: 'incoming-request',
  timestamp: '2024-11-27 11:42:08.743 AM'
}
{
  method: 'GET',
  url: '/api/v1/user/all',
  status: 304,
  response_time: 157.045,
  level: 'http',
  message: 'incoming-request',
  timestamp: '2024-11-27 11:43:09.745 AM'
}
{
  method: 'GET',
  url: '/api/v1/user/all',
  status: 304,
  response_time: 157.869,
  level: 'http',
  message: 'incoming-request',
  timestamp: '2024-11-27 11:43:55.764 AM'
}
{
  method: 'GET',
  url: '/api/v1/user/all?',
  status: 200,
  content_length: '1771',
  response_time: 157.544,
  level: 'http',
  message: 'incoming-request',
  timestamp: '2024-11-27 11:44:24.612 AM'
}
{
  method: 'GET',
  url: '/api/v1/user/all?pageNumber=',
  status: 200,
  content_length: '1771',
  response_time: 157.971,
  level: 'http',
  message: 'incoming-request',
  timestamp: '2024-11-27 11:44:29.653 AM'
}
{
  method: 'GET',
  url: '/api/v1/user/all?pageNumber=${',
  status: 200,
  content_length: '1771',
  response_time: 157.816,
  level: 'http',
  message: 'incoming-request',
  timestamp: '2024-11-27 11:44:31.463 AM'
}
{
  method: 'GET',
  url: '/api/v1/user/all?pageNumber=1',
  status: 200,
  content_length: '1771',
  response_time: 158.144,
  level: 'http',
  message: 'incoming-request',
  timestamp: '2024-11-27 11:44:40.843 AM'
}
{
  method: 'GET',
  url: '/api/v1/user/all?pageNumber=1',
  status: 304,
  response_time: 161.45,
  level: 'http',
  message: 'incoming-request',
  timestamp: '2024-11-27 11:45:41.759 AM'
}
{
  method: 'GET',
  url: '/api/v1/user/all?pageNumber=1',
  status: 304,
  response_time: 156.553,
  level: 'http',
  message: 'incoming-request',
  timestamp: '2024-11-27 11:46:42.752 AM'
}
{
  method: 'GET',
  url: '/api/v1/user/all?pageNumber=1',
  status: 304,
  response_time: 157.753,
  level: 'http',
  message: 'incoming-request',
  timestamp: '2024-11-27 11:47:43.754 AM'
}
{
  method: 'GET',
  url: '/api/v1/user/all?pageNumber=1',
  status: 304,
  response_time: 156.946,
  level: 'http',
  message: 'incoming-request',
  timestamp: '2024-11-27 11:48:44.747 AM'
}
{
  method: 'GET',
  url: '/api/v1/user/all?pageNumber=1',
  status: 304,
  response_time: 156.942,
  level: 'http',
  message: 'incoming-request',
  timestamp: '2024-11-27 11:49:45.748 AM'
}
{
  method: 'GET',
  url: '/api/v1/user/all?pageNumber=1',
  status: 304,
  response_time: 161.407,
  level: 'http',
  message: 'incoming-request',
  timestamp: '2024-11-27 11:50:46.750 AM'
}
{
  method: 'GET',
  url: '/api/v1/user/all?pageNumber=1',
  status: 304,
  response_time: 157.13,
  level: 'http',
  message: 'incoming-request',
  timestamp: '2024-11-27 11:51:05.387 AM'
}
{
  method: 'GET',
  url: '/api/v1/user/all?pageNumber=1',
  status: 304,
  response_time: 158.568,
  level: 'http',
  message: 'incoming-request',
  timestamp: '2024-11-27 11:58:42.901 AM'
}
{
  method: 'GET',
  url: '/api/v1/user/all?pageNumber=1',
  status: 304,
  response_time: 156.824,
  level: 'http',
  message: 'incoming-request',
  timestamp: '2024-11-27 11:58:47.399 AM'
}
{
  method: 'GET',
  url: '/api/v1/user/all?pageNumber=1',
  status: 304,
  response_time: 157.139,
  level: 'http',
  message: 'incoming-request',
  timestamp: '2024-11-27 12:01:20.912 PM'
}
{
  method: 'GET',
  url: '/api/v1/user/all?pageNumber=1',
  status: 304,
  response_time: 157.093,
  level: 'http',
  message: 'incoming-request',
  timestamp: '2024-11-27 12:01:28.386 PM'
}
{
  method: 'GET',
  url: '/api/v1/user/all?pageNumber=1',
  status: 304,
  response_time: 157.994,
  level: 'http',
  message: 'incoming-request',
  timestamp: '2024-11-27 12:01:41.980 PM'
}
{
  method: 'GET',
  url: '/api/v1/user/all?pageNumber=1',
  status: 304,
  response_time: 158.311,
  level: 'http',
  message: 'incoming-request',
  timestamp: '2024-11-27 12:01:55.455 PM'
}
{
  method: 'GET',
  url: '/api/v1/user/all?pageNumber=1',
  status: 304,
  response_time: 157.424,
  level: 'http',
  message: 'incoming-request',
  timestamp: '2024-11-27 12:07:55.373 PM'
}
{
  method: 'GET',
  url: '/api/v1/user/all?pageNumber=undefined',
  status: 200,
  content_length: '1771',
  response_time: 159.966,
  level: 'http',
  message: 'incoming-request',
  timestamp: '2024-11-27 12:08:26.116 PM'
}
{
  method: 'GET',
  url: '/api/v1/user/all',
  status: 304,
  response_time: 157.514,
  level: 'http',
  message: 'incoming-request',
  timestamp: '2024-11-27 12:08:28.981 PM'
}
{
  method: 'GET',
  url: '/api/v1/user/all',
  status: 304,
  response_time: 176.9,
  level: 'http',
  message: 'incoming-request',
  timestamp: '2024-11-27 12:09:29.771 PM'
}
{
  method: 'GET',
  url: '/api/v1/user/all',
  status: 304,
  response_time: 158.011,
  level: 'http',
  message: 'incoming-request',
  timestamp: '2024-11-27 12:10:30.751 PM'
}
{
  method: 'GET',
  url: '/api/v1/user/all?pageNumber=allUsersList',
  status: 200,
  content_length: '1771',
  response_time: 157.561,
  level: 'http',
  message: 'incoming-request',
  timestamp: '2024-11-27 12:10:45.393 PM'
}
{
  method: 'GET',
  url: '/api/v1/user/all?pageNumber=allUsersList',
  status: 304,
  response_time: 156.457,
  level: 'http',
  message: 'incoming-request',
  timestamp: '2024-11-27 12:11:45.756 PM'
}
{
  method: 'GET',
  url: '/api/v1/user/all?pageNumber=allUsersList',
  status: 304,
  response_time: 157.591,
  level: 'http',
  message: 'incoming-request',
  timestamp: '2024-11-27 12:12:46.753 PM'
}
{
  method: 'GET',
  url: '/api/v1/user/all?pageNumber=allUsersList',
  status: 304,
  response_time: 160.532,
  level: 'http',
  message: 'incoming-request',
  timestamp: '2024-11-27 12:13:47.756 PM'
}
{
  method: 'GET',
  url: '/api/v1/user/all?pageNumber=allUsersList',
  status: 304,
  response_time: 158.207,
  level: 'http',
  message: 'incoming-request',
  timestamp: '2024-11-27 12:14:48.750 PM'
}
{
  method: 'GET',
  url: '/api/v1/user/all?pageNumber=allUsersList',
  status: 304,
  response_time: 165.537,
  level: 'http',
  message: 'incoming-request',
  timestamp: '2024-11-27 12:15:49.763 PM'
}
{
  method: 'GET',
  url: '/api/v1/user/all?pageNumber=[object%20Object]',
  status: 200,
  content_length: '1771',
  response_time: 156.818,
  level: 'http',
  message: 'incoming-request',
  timestamp: '2024-11-27 12:16:44.812 PM'
}
{
  method: 'GET',
  url: '/api/v1/user/all?pageNumber=1',
  status: 304,
  response_time: 157.562,
  level: 'http',
  message: 'incoming-request',
  timestamp: '2024-11-27 12:16:50.188 PM'
}
{
  method: 'GET',
  url: '/api/v1/user/all?pageNumber=[object%20Object]',
  status: 304,
  response_time: 158.346,
  level: 'http',
  message: 'incoming-request',
  timestamp: '2024-11-27 12:17:26.290 PM'
}
{
  method: 'GET',
  url: '/api/v1/user/all?pageNumber=[object%20Object]',
  status: 304,
  response_time: 157.112,
  level: 'http',
  message: 'incoming-request',
  timestamp: '2024-11-27 12:17:40.122 PM'
}
{
  method: 'GET',
  url: '/api/v1/user/all?pageNumber=[object%20Object]',
  status: 304,
  response_time: 157.061,
  level: 'http',
  message: 'incoming-request',
  timestamp: '2024-11-27 12:18:01.706 PM'
}
{
  method: 'GET',
  url: '/api/v1/user/all?pageNumber=[object%20Object]',
  status: 304,
  response_time: 162.95,
  level: 'http',
  message: 'incoming-request',
  timestamp: '2024-11-27 12:18:07.683 PM'
}
{
  method: 'GET',
  url: '/api/v1/user/all?pageNumber=[object%20Object]',
  status: 304,
  response_time: 157.506,
  level: 'http',
  message: 'incoming-request',
  timestamp: '2024-11-27 12:18:15.721 PM'
}
{
  method: 'GET',
  url: '/api/v1/user/all?pageNumber=allUsersList',
  status: 304,
  response_time: 159.034,
  level: 'http',
  message: 'incoming-request',
  timestamp: '2024-11-27 12:23:09.538 PM'
}
{
  method: 'GET',
  url: '/api/v1/user/all?pageNumber=allUsersList',
  status: 304,
  response_time: 160.67,
  level: 'http',
  message: 'incoming-request',
  timestamp: '2024-11-27 12:24:10.757 PM'
}
{
  method: 'GET',
  url: '/api/v1/user/all?pageNumber=allUsersList',
  status: 304,
  response_time: 156.651,
  level: 'http',
  message: 'incoming-request',
  timestamp: '2024-11-27 12:25:11.756 PM'
}
{
  method: 'GET',
  url: '/api/v1/user/all?pageNumber=allUsersList',
  status: 304,
  response_time: 157.508,
  level: 'http',
  message: 'incoming-request',
  timestamp: '2024-11-27 12:26:12.756 PM'
}
{
  method: 'GET',
  url: '/api/v1/user/all',
  status: 304,
  response_time: 156.954,
  level: 'http',
  message: 'incoming-request',
  timestamp: '2024-11-27 12:26:32.652 PM'
}
{
  method: 'GET',
  url: '/api/v1/user/all',
  status: 304,
  response_time: 159.239,
  level: 'http',
  message: 'incoming-request',
  timestamp: '2024-11-27 12:26:58.461 PM'
}
{
  method: 'GET',
  url: '/api/v1/user/all',
  status: 304,
  response_time: 157.043,
  level: 'http',
  message: 'incoming-request',
  timestamp: '2024-11-27 12:27:58.746 PM'
}
{
  method: 'GET',
  url: '/api/v1/user/all',
  status: 304,
  response_time: 157.277,
  level: 'http',
  message: 'incoming-request',
  timestamp: '2024-11-27 12:28:59.750 PM'
}
{
  method: 'GET',
  url: '/api/v1/user/all',
  status: 304,
  response_time: 162.137,
  level: 'http',
  message: 'incoming-request',
  timestamp: '2024-11-27 12:30:00.747 PM'
}
{
  method: 'GET',
  url: '/api/v1/user/all',
  status: 304,
  response_time: 157.627,
  level: 'http',
  message: 'incoming-request',
  timestamp: '2024-11-27 12:31:01.754 PM'
}
{
  method: 'GET',
  url: '/api/v1/user/all',
  status: 304,
  response_time: 158.359,
  level: 'http',
  message: 'incoming-request',
  timestamp: '2024-11-27 12:32:02.746 PM'
}
{
  method: 'GET',
  url: '/api/v1/user/all',
  status: 304,
  response_time: 159.478,
  level: 'http',
  message: 'incoming-request',
  timestamp: '2024-11-27 12:33:03.755 PM'
}
{
  method: 'GET',
  url: '/api/v1/user/all',
  status: 304,
  response_time: 157.193,
  level: 'http',
  message: 'incoming-request',
  timestamp: '2024-11-27 12:34:04.746 PM'
}
{
  method: 'GET',
  url: '/api/v1/user/all',
  status: 304,
  response_time: 158.034,
  level: 'http',
  message: 'incoming-request',
  timestamp: '2024-11-27 12:35:05.745 PM'
}
{
  method: 'GET',
  url: '/api/v1/user/all',
  status: 304,
  response_time: 160.344,
  level: 'http',
  message: 'incoming-request',
  timestamp: '2024-11-27 12:36:06.750 PM'
}
{
  method: 'GET',
  url: '/api/v1/user/all',
  status: 304,
  response_time: 158.016,
  level: 'http',
  message: 'incoming-request',
  timestamp: '2024-11-27 12:37:07.744 PM'
}
{
  method: 'GET',
  url: '/api/v1/user/all',
  status: 304,
  response_time: 156.557,
  level: 'http',
  message: 'incoming-request',
  timestamp: '2024-11-27 12:38:08.751 PM'
}
{
  method: 'GET',
  url: '/api/v1/user/all',
  status: 304,
  response_time: 159.803,
  level: 'http',
  message: 'incoming-request',
  timestamp: '2024-11-27 12:39:09.746 PM'
}
{
  message: 'Server on 1997 running. NodeENV: development  ',
  level: 'info',
  timestamp: '2024-11-27 12:39:23.510 PM'
}
{
  method: 'GET',
  url: '/api/v1/user/all',
  status: 304,
  response_time: 184.096,
  level: 'http',
  message: 'incoming-request',
  timestamp: '2024-11-27 12:39:55.970 PM'
}
{
  method: 'GET',
  url: '/api/v1/user/all',
  status: 304,
  response_time: 168.937,
  level: 'http',
  message: 'incoming-request',
  timestamp: '2024-11-27 12:40:56.761 PM'
}
{
  method: 'GET',
  url: '/api/v1/user/all',
  status: 304,
  response_time: 192.429,
  level: 'http',
  message: 'incoming-request',
  timestamp: '2024-11-27 12:41:57.779 PM'
}
{
  method: 'GET',
  url: '/api/v1/user/all',
  status: 304,
  response_time: 170.535,
  level: 'http',
  message: 'incoming-request',
  timestamp: '2024-11-27 12:42:58.761 PM'
}
{
  method: 'GET',
  url: '/api/v1/user/all',
  status: 304,
  response_time: 169.029,
  level: 'http',
  message: 'incoming-request',
  timestamp: '2024-11-27 12:43:59.764 PM'
}
{
  method: 'GET',
  url: '/api/v1/user/all',
  status: 304,
  response_time: 168.399,
  level: 'http',
  message: 'incoming-request',
  timestamp: '2024-11-27 12:45:00.757 PM'
}
{
  method: 'GET',
  url: '/api/v1/user/all',
  status: 304,
  response_time: 168.361,
  level: 'http',
  message: 'incoming-request',
  timestamp: '2024-11-27 12:46:01.763 PM'
}
{
  method: 'GET',
  url: '/api/v1/user/all',
  status: 304,
  response_time: 171.813,
  level: 'http',
  message: 'incoming-request',
  timestamp: '2024-11-27 12:47:02.758 PM'
}
{
  method: 'GET',
  url: '/api/v1/user/all',
  status: 304,
  response_time: 170.281,
  level: 'http',
  message: 'incoming-request',
  timestamp: '2024-11-27 12:48:03.771 PM'
}
{
  method: 'GET',
  url: '/api/v1/user/all',
  status: 304,
  response_time: 168.491,
  level: 'http',
  message: 'incoming-request',
  timestamp: '2024-11-27 12:49:04.762 PM'
}
{
  method: 'GET',
  url: '/api/v1/user/all',
  status: 304,
  response_time: 167.527,
  level: 'http',
  message: 'incoming-request',
  timestamp: '2024-11-27 12:50:05.762 PM'
}
{
  method: 'GET',
  url: '/api/v1/user/all',
  status: 304,
  response_time: 167.188,
  level: 'http',
  message: 'incoming-request',
  timestamp: '2024-11-27 12:51:06.757 PM'
}
{
  method: 'GET',
  url: '/api/v1/user/all',
  status: 304,
  response_time: 167.047,
  level: 'http',
  message: 'incoming-request',
  timestamp: '2024-11-27 12:52:07.763 PM'
}
{
  method: 'GET',
  url: '/api/v1/user/all?',
  status: 304,
  response_time: 167.585,
  level: 'http',
  message: 'incoming-request',
  timestamp: '2024-11-27 12:52:48.290 PM'
}
{
  method: 'GET',
  url: '/api/v1/user/all?page=',
  status: 200,
  content_length: '1771',
  response_time: 168.761,
  level: 'http',
  message: 'incoming-request',
  timestamp: '2024-11-27 12:52:51.530 PM'
}
{
  method: 'GET',
  url: '/api/v1/user/all?page={}',
  status: 200,
  content_length: '1771',
  response_time: 169.439,
  level: 'http',
  message: 'incoming-request',
  timestamp: '2024-11-27 12:52:53.432 PM'
}
{
  method: 'GET',
  url: '/api/v1/user/all?page={}',
  status: 304,
  response_time: 167.8,
  level: 'http',
  message: 'incoming-request',
  timestamp: '2024-11-27 12:52:58.553 PM'
}
{
  method: 'GET',
  url: '/api/v1/user/all?page={}',
  status: 304,
  response_time: 167.671,
  level: 'http',
  message: 'incoming-request',
  timestamp: '2024-11-27 12:53:02.718 PM'
}
{
  method: 'GET',
  url: '/api/v1/user/all?page={page}',
  status: 200,
  content_length: '1771',
  response_time: 167.577,
  level: 'http',
  message: 'incoming-request',
  timestamp: '2024-11-27 12:53:05.660 PM'
}
{
  method: 'GET',
  url: '/api/v1/user/all?page=allUsersList',
  status: 200,
  content_length: '1771',
  response_time: 168.005,
  level: 'http',
  message: 'incoming-request',
  timestamp: '2024-11-27 12:53:08.947 PM'
}
{
  method: 'GET',
  url: '/api/v1/user/all?page=allUsersList',
  status: 304,
  response_time: 166.654,
  level: 'http',
  message: 'incoming-request',
  timestamp: '2024-11-27 12:54:09.754 PM'
}
{
  method: 'GET',
  url: '/api/v1/user/all?page=allUsersList',
  status: 304,
  response_time: 166.85,
  level: 'http',
  message: 'incoming-request',
  timestamp: '2024-11-27 12:55:10.767 PM'
}
{
  message: 'Server on 1997 running. NodeENV: development  ',
  level: 'info',
  timestamp: '2024-11-27 12:56:17.690 PM'
}
{
  method: 'GET',
  url: '/api/v1/user/all?page=allUsersList',
  status: 200,
  content_length: '827',
  response_time: 176.993,
  level: 'http',
  message: 'incoming-request',
  timestamp: '2024-11-27 12:57:14.780 PM'
}
{
  method: 'GET',
  url: '/api/v1/user/all?page=0',
  status: 200,
  content_length: '827',
  response_time: 165.427,
  level: 'http',
  message: 'incoming-request',
  timestamp: '2024-11-27 12:57:24.121 PM'
}
{
  method: 'GET',
  url: '/api/v1/user/all?page=0',
  status: 304,
  response_time: 165.054,
  level: 'http',
  message: 'incoming-request',
  timestamp: '2024-11-27 12:58:24.757 PM'
}
{
  method: 'GET',
  url: '/api/v1/user/all?page=1',
  status: 200,
  content_length: '827',
  response_time: 164.312,
  level: 'http',
  message: 'incoming-request',
  timestamp: '2024-11-27 01:01:03.542 PM'
}
{
  method: 'GET',
  url: '/api/v1/user/all?page=1',
  status: 304,
  response_time: 165.004,
  level: 'http',
  message: 'incoming-request',
  timestamp: '2024-11-27 01:01:13.223 PM'
}
{
  method: 'GET',
  url: '/api/v1/user/all?page=1',
  status: 304,
  response_time: 164.264,
  level: 'http',
  message: 'incoming-request',
  timestamp: '2024-11-27 01:02:13.763 PM'
}
{
  method: 'GET',
  url: '/api/v1/user/all?page=1',
  status: 304,
  response_time: 163.256,
  level: 'http',
  message: 'incoming-request',
  timestamp: '2024-11-27 01:03:14.759 PM'
}
{
  method: 'GET',
  url: '/api/v1/user/all?page=1',
  status: 304,
  response_time: 163.41,
  level: 'http',
  message: 'incoming-request',
  timestamp: '2024-11-27 01:04:15.761 PM'
}
{
  method: 'GET',
  url: '/api/v1/user/all?page=1',
  status: 304,
  response_time: 173.037,
  level: 'http',
  message: 'incoming-request',
  timestamp: '2024-11-27 01:04:44.881 PM'
}
{
  method: 'GET',
  url: '/api/v1/user/all?page=1',
  status: 304,
  response_time: 165.282,
  level: 'http',
  message: 'incoming-request',
  timestamp: '2024-11-27 01:05:45.765 PM'
}
{
  method: 'GET',
  url: '/api/v1/user/all?page=1',
  status: 304,
  response_time: 165.236,
  level: 'http',
  message: 'incoming-request',
  timestamp: '2024-11-27 01:05:47.072 PM'
}
{
  method: 'GET',
  url: '/api/v1/user/all?page=1',
  status: 304,
  response_time: 167.807,
  level: 'http',
  message: 'incoming-request',
  timestamp: '2024-11-27 01:05:57.310 PM'
}
{
  method: 'GET',
  url: '/api/v1/user/all?page=1',
  status: 304,
  response_time: 163.601,
  level: 'http',
  message: 'incoming-request',
  timestamp: '2024-11-27 01:06:42.557 PM'
}
{
  method: 'GET',
  url: '/api/v1/property/?page=2',
  status: 200,
  content_length: '3087',
  response_time: 113.682,
  level: 'http',
  message: 'incoming-request',
  timestamp: '2024-11-27 01:06:45.941 PM'
}
{
  method: 'GET',
  url: '/api/v1/user/all?page=1',
  status: 304,
  response_time: 165.054,
  level: 'http',
  message: 'incoming-request',
  timestamp: '2024-11-27 01:06:48.843 PM'
}
{
  method: 'GET',
  url: '/api/v1/user/all?page=1',
  status: 304,
  response_time: 163.592,
  level: 'http',
  message: 'incoming-request',
  timestamp: '2024-11-27 01:07:17.379 PM'
}
{
  method: 'GET',
  url: '/api/v1/user/all?page=1',
  status: 304,
  response_time: 163.514,
  level: 'http',
  message: 'incoming-request',
  timestamp: '2024-11-27 01:08:17.765 PM'
}
{
  method: 'GET',
  url: '/api/v1/user/all?page=1',
  status: 304,
  response_time: 162.691,
  level: 'http',
  message: 'incoming-request',
  timestamp: '2024-11-27 01:09:18.757 PM'
}
{
  method: 'GET',
  url: '/api/v1/user/all?page=1',
  status: 304,
  response_time: 163.404,
  level: 'http',
  message: 'incoming-request',
  timestamp: '2024-11-27 01:10:19.756 PM'
}
{
  method: 'GET',
  url: '/api/v1/user/all?page=1',
  status: 304,
  response_time: 163.167,
  level: 'http',
  message: 'incoming-request',
  timestamp: '2024-11-27 01:11:20.764 PM'
}
{
  method: 'GET',
  url: '/api/v1/user/all?page=1',
  status: 304,
  response_time: 212.778,
  level: 'http',
  message: 'incoming-request',
  timestamp: '2024-11-27 01:11:56.339 PM'
}
{
  method: 'GET',
  url: '/api/v1/user/all?page=1',
  status: 304,
  response_time: 165.459,
  level: 'http',
  message: 'incoming-request',
  timestamp: '2024-11-27 01:12:00.740 PM'
}
{
  method: 'GET',
  url: '/api/v1/user/all?page=1',
  status: 304,
  response_time: 163.045,
  level: 'http',
  message: 'incoming-request',
  timestamp: '2024-11-27 01:13:00.914 PM'
}
{
  method: 'GET',
  url: '/api/v1/user/all?page=1',
  status: 304,
  response_time: 163.018,
  level: 'http',
  message: 'incoming-request',
  timestamp: '2024-11-27 01:14:01.764 PM'
}
{
  method: 'GET',
  url: '/api/v1/user/all?page=1',
  status: 304,
  response_time: 164.511,
  level: 'http',
  message: 'incoming-request',
  timestamp: '2024-11-27 01:14:41.843 PM'
}
{
  method: 'GET',
  url: '/api/v1/user/all?page=2',
  status: 200,
  content_length: '827',
  response_time: 165.973,
  level: 'http',
  message: 'incoming-request',
  timestamp: '2024-11-27 01:14:44.682 PM'
}
{
  method: 'GET',
  url: '/api/v1/user/all?page=1',
  status: 304,
  response_time: 164.399,
  level: 'http',
  message: 'incoming-request',
  timestamp: '2024-11-27 01:14:47.415 PM'
}
{
  method: 'GET',
  url: '/api/v1/user/all?page=2',
  status: 304,
  response_time: 163.709,
  level: 'http',
  message: 'incoming-request',
  timestamp: '2024-11-27 01:14:48.702 PM'
}
{
  method: 'GET',
  url: '/api/v1/user/all?page=1',
  status: 304,
  response_time: 162.882,
  level: 'http',
  message: 'incoming-request',
  timestamp: '2024-11-27 01:14:52.661 PM'
}
{
  method: 'GET',
  url: '/api/v1/user/all?page=2',
  status: 304,
  response_time: 162.691,
  level: 'http',
  message: 'incoming-request',
  timestamp: '2024-11-27 01:14:55.054 PM'
}
{
  method: 'GET',
  url: '/api/v1/user/all?page=1',
  status: 304,
  response_time: 164.266,
  level: 'http',
  message: 'incoming-request',
  timestamp: '2024-11-27 01:14:56.136 PM'
}
{
  method: 'GET',
  url: '/api/v1/user/all?page=2',
  status: 304,
  response_time: 163.012,
  level: 'http',
  message: 'incoming-request',
  timestamp: '2024-11-27 01:15:01.031 PM'
}
{
  method: 'GET',
  url: '/api/v1/user/all?page=2',
  status: 304,
  response_time: 162.85,
  level: 'http',
  message: 'incoming-request',
  timestamp: '2024-11-27 01:15:04.874 PM'
}
{
  method: 'GET',
  url: '/api/v1/user/all?page=2',
  status: 304,
  response_time: 163.401,
  level: 'http',
  message: 'incoming-request',
  timestamp: '2024-11-27 01:15:27.335 PM'
}
{
  method: 'GET',
  url: '/api/v1/user/all?page=2',
  status: 0,
  response_time: '0',
  level: 'http',
  message: 'incoming-request',
  timestamp: '2024-11-27 01:15:34.895 PM'
}
{
  method: 'GET',
  url: '/api/v1/user/all?page=2',
  status: 200,
  content_length: '827',
  response_time: 163.678,
  level: 'http',
  message: 'incoming-request',
  timestamp: '2024-11-27 01:15:36.143 PM'
}
{
  method: 'GET',
  url: '/api/v1/user/all?page=2',
  status: 304,
  response_time: 162.927,
  level: 'http',
  message: 'incoming-request',
  timestamp: '2024-11-27 01:15:42.655 PM'
}
{
  method: 'GET',
  url: '/api/v1/user/all?page=2',
  status: 304,
  response_time: 166.039,
  level: 'http',
  message: 'incoming-request',
  timestamp: '2024-11-27 01:15:44.467 PM'
}
{
  method: 'GET',
  url: '/api/v1/user/all?page=1',
  status: 304,
  response_time: 162.981,
  level: 'http',
  message: 'incoming-request',
  timestamp: '2024-11-27 01:15:58.739 PM'
}
{
  method: 'GET',
  url: '/api/v1/user/all?page=2',
  status: 304,
  response_time: 163.567,
  level: 'http',
  message: 'incoming-request',
  timestamp: '2024-11-27 01:16:02.286 PM'
}
{
  method: 'GET',
  url: '/api/v1/user/all?page=2',
  status: 304,
  response_time: 166.561,
  level: 'http',
  message: 'incoming-request',
  timestamp: '2024-11-27 01:17:02.760 PM'
}
{
  method: 'GET',
  url: '/api/v1/user/all?page=2',
  status: 304,
  response_time: 167.955,
  level: 'http',
  message: 'incoming-request',
  timestamp: '2024-11-27 01:17:21.724 PM'
}
{
  method: 'GET',
  url: '/api/v1/user/all?page=1',
  status: 304,
  response_time: 162.627,
  level: 'http',
  message: 'incoming-request',
  timestamp: '2024-11-27 01:17:29.905 PM'
}
{
  method: 'GET',
  url: '/api/v1/user/all?page=2',
  status: 304,
  response_time: 162.296,
  level: 'http',
  message: 'incoming-request',
  timestamp: '2024-11-27 01:17:34.074 PM'
}
{
  method: 'GET',
  url: '/api/v1/user/all?page=2',
  status: 304,
  response_time: 162.919,
  level: 'http',
  message: 'incoming-request',
  timestamp: '2024-11-27 01:17:49.179 PM'
}
{
  method: 'GET',
  url: '/api/v1/user/all?page=2',
  status: 304,
  response_time: 163.1,
  level: 'http',
  message: 'incoming-request',
  timestamp: '2024-11-27 01:18:06.470 PM'
}
{
  method: 'GET',
  url: '/api/v1/user/all?page=2',
  status: 304,
  response_time: 163.038,
  level: 'http',
  message: 'incoming-request',
  timestamp: '2024-11-27 01:18:43.632 PM'
}
{
  method: 'GET',
  url: '/api/v1/user/all?page=2',
  status: 304,
  response_time: 163.541,
  level: 'http',
  message: 'incoming-request',
  timestamp: '2024-11-27 01:18:45.961 PM'
}
{
  method: 'GET',
  url: '/api/v1/user/all?page=1',
  status: 304,
  response_time: 164.343,
  level: 'http',
  message: 'incoming-request',
  timestamp: '2024-11-27 01:18:59.493 PM'
}
{
  method: 'GET',
  url: '/api/v1/user/all?page=1',
  status: 304,
  response_time: 163.54,
  level: 'http',
  message: 'incoming-request',
  timestamp: '2024-11-27 01:19:12.796 PM'
}
{
  method: 'GET',
  url: '/api/v1/user/all?page=1',
  status: 304,
  response_time: 162.929,
  level: 'http',
  message: 'incoming-request',
  timestamp: '2024-11-27 01:19:25.073 PM'
}
{
  method: 'GET',
  url: '/api/v1/user/all?page=1',
  status: 304,
  response_time: 163.714,
  level: 'http',
  message: 'incoming-request',
  timestamp: '2024-11-27 01:20:36.519 PM'
}
{
  method: 'GET',
  url: '/api/v1/user/all?page=2',
  status: 304,
  response_time: 162.69,
  level: 'http',
  message: 'incoming-request',
  timestamp: '2024-11-27 01:20:38.353 PM'
}
{
  method: 'GET',
  url: '/api/v1/user/all?page=2',
  status: 304,
  response_time: 163.687,
  level: 'http',
  message: 'incoming-request',
  timestamp: '2024-11-27 01:20:46.867 PM'
}
{
  method: 'GET',
  url: '/api/v1/user/all?page=2',
  status: 304,
  response_time: 163.722,
  level: 'http',
  message: 'incoming-request',
  timestamp: '2024-11-27 01:22:45.679 PM'
}
{
  method: 'GET',
  url: '/api/v1/property/?page=2',
  status: 200,
  content_length: '3087',
  response_time: 111.22,
  level: 'http',
  message: 'incoming-request',
  timestamp: '2024-11-27 01:22:48.379 PM'
}
{
  method: 'GET',
  url: '/api/v1/user/all?page=2',
  status: 304,
  response_time: 163.163,
  level: 'http',
  message: 'incoming-request',
  timestamp: '2024-11-27 01:23:17.498 PM'
}
{
  method: 'GET',
  url: '/api/v1/user/all?page=2',
  status: 304,
  response_time: 164.534,
  level: 'http',
  message: 'incoming-request',
  timestamp: '2024-11-27 01:23:57.565 PM'
}
{
  method: 'GET',
  url: '/api/v1/user/all?page=2',
  status: 304,
  response_time: 162.952,
  level: 'http',
  message: 'incoming-request',
  timestamp: '2024-11-27 01:24:12.424 PM'
}
{
  method: 'GET',
  url: '/api/v1/user/all?page=2',
  status: 304,
  response_time: 162.977,
  level: 'http',
  message: 'incoming-request',
  timestamp: '2024-11-27 01:24:39.355 PM'
}
{
  method: 'GET',
  url: '/api/v1/user/all?page=2',
  status: 304,
  response_time: 162.908,
  level: 'http',
  message: 'incoming-request',
  timestamp: '2024-11-27 01:24:44.705 PM'
}
{
  method: 'GET',
  url: '/api/v1/user/all?page=2',
  status: 304,
  response_time: 167.918,
  level: 'http',
  message: 'incoming-request',
  timestamp: '2024-11-27 01:28:22.713 PM'
}
{
  method: 'GET',
  url: '/api/v1/user/all?page=2',
  status: 304,
  response_time: 163.128,
  level: 'http',
  message: 'incoming-request',
  timestamp: '2024-11-27 01:28:33.361 PM'
}
{
  method: 'GET',
  url: '/api/v1/user/all?page=1',
  status: 304,
  response_time: 163.018,
  level: 'http',
  message: 'incoming-request',
  timestamp: '2024-11-27 01:28:39.562 PM'
}
{
  method: 'GET',
  url: '/api/v1/user/all?page=2',
  status: 304,
  response_time: 163.85,
  level: 'http',
  message: 'incoming-request',
  timestamp: '2024-11-27 01:28:42.601 PM'
}
{
  method: 'GET',
  url: '/api/v1/property/?page=1',
  status: 200,
  content_length: '3460',
  response_time: 109.069,
  level: 'http',
  message: 'incoming-request',
  timestamp: '2024-11-27 01:28:46.622 PM'
}
{
  method: 'GET',
  url: '/api/v1/property/?page=2',
  status: 200,
  content_length: '3087',
  response_time: 109.063,
  level: 'http',
  message: 'incoming-request',
  timestamp: '2024-11-27 01:28:48.765 PM'
}
{
  method: 'GET',
  url: '/api/v1/property/?page=2',
  status: 200,
  content_length: '3087',
  response_time: 108.954,
  level: 'http',
  message: 'incoming-request',
  timestamp: '2024-11-27 01:29:00.314 PM'
}
{
  method: 'GET',
  url: '/api/v1/user/all?page=2',
  status: 304,
  response_time: 163.167,
  level: 'http',
  message: 'incoming-request',
  timestamp: '2024-11-27 01:29:00.555 PM'
}
{
  method: 'GET',
  url: '/api/v1/user/profile',
  status: 304,
  response_time: 110.119,
  level: 'http',
  message: 'incoming-request',
  timestamp: '2024-11-27 01:29:04.404 PM'
}
{
  method: 'GET',
  url: '/api/v1/property/?page=1',
  status: 200,
  content_length: '3460',
  response_time: 110.201,
  level: 'http',
  message: 'incoming-request',
  timestamp: '2024-11-27 01:29:07.784 PM'
}
{
  method: 'GET',
  url: '/api/v1/property/?page=2',
  status: 200,
  content_length: '3087',
  response_time: 109.24,
  level: 'http',
  message: 'incoming-request',
  timestamp: '2024-11-27 01:29:09.547 PM'
}
{
  method: 'GET',
  url: '/api/v1/property/?page=2',
  status: 200,
  content_length: '3087',
  response_time: 109.906,
  level: 'http',
  message: 'incoming-request',
  timestamp: '2024-11-27 01:29:16.620 PM'
}
{
  method: 'GET',
  url: '/api/v1/user/all?page=2',
  status: 304,
  response_time: 158.922,
  level: 'http',
  message: 'incoming-request',
  timestamp: '2024-11-27 01:29:16.776 PM'
}
{
  method: 'GET',
  url: '/api/v1/property/?page=2',
  status: 200,
  content_length: '3087',
  response_time: 105.372,
  level: 'http',
  message: 'incoming-request',
  timestamp: '2024-11-27 01:29:17.611 PM'
}
{
  method: 'GET',
  url: '/api/v1/user/all?page=2',
  status: 304,
  response_time: 163.487,
  level: 'http',
  message: 'incoming-request',
  timestamp: '2024-11-27 01:29:18.003 PM'
}
{
  method: 'GET',
  url: '/api/v1/property/?page=1',
  status: 200,
  content_length: '3460',
  response_time: 105.486,
  level: 'http',
  message: 'incoming-request',
  timestamp: '2024-11-27 01:29:19.772 PM'
}
{
  method: 'GET',
  url: '/api/v1/property/?page=1',
  status: 200,
  content_length: '3460',
  response_time: 105.108,
  level: 'http',
  message: 'incoming-request',
  timestamp: '2024-11-27 01:29:21.724 PM'
}
{
  method: 'GET',
  url: '/api/v1/property/?page=2',
  status: 200,
  content_length: '3087',
  response_time: 105.29,
  level: 'http',
  message: 'incoming-request',
  timestamp: '2024-11-27 01:29:23.166 PM'
}
{
  method: 'GET',
  url: '/api/v1/property/?page=2',
  status: 200,
  content_length: '3087',
  response_time: 105.421,
  level: 'http',
  message: 'incoming-request',
  timestamp: '2024-11-27 01:30:02.889 PM'
}
{
  method: 'GET',
  url: '/api/v1/user/all?page=2',
  status: 304,
  response_time: 160.494,
  level: 'http',
  message: 'incoming-request',
  timestamp: '2024-11-27 01:30:03.517 PM'
}
{
  method: 'GET',
  url: '/api/v1/user/profile',
  status: 304,
  response_time: 106.358,
  level: 'http',
  message: 'incoming-request',
  timestamp: '2024-11-27 01:30:04.508 PM'
}
{
  method: 'GET',
  url: '/api/v1/property/?page=1',
  status: 200,
  content_length: '3460',
  response_time: 110.938,
  level: 'http',
  message: 'incoming-request',
  timestamp: '2024-11-27 01:30:06.627 PM'
}
{
  method: 'GET',
  url: '/api/v1/property/?page=2',
  status: 200,
  content_length: '3087',
  response_time: 105.983,
  level: 'http',
  message: 'incoming-request',
  timestamp: '2024-11-27 01:30:08.035 PM'
}
{
  method: 'GET',
  url: '/api/v1/property/?page=4',
  status: 200,
  content_length: '3484',
  response_time: 105.06,
  level: 'http',
  message: 'incoming-request',
  timestamp: '2024-11-27 01:30:09.566 PM'
}
{
  method: 'GET',
  url: '/api/v1/property/?page=4',
  status: 304,
  response_time: 105.224,
  level: 'http',
  message: 'incoming-request',
  timestamp: '2024-11-27 01:35:05.828 PM'
}
{
  method: 'GET',
  url: '/api/v1/user/all',
  status: 200,
  content_length: '827',
  response_time: 158.871,
  level: 'http',
  message: 'incoming-request',
  timestamp: '2024-11-27 01:35:06.181 PM'
}
{
  method: 'GET',
  url: '/api/v1/property/?page=2',
  status: 200,
  content_length: '3087',
  response_time: 105.005,
  level: 'http',
  message: 'incoming-request',
  timestamp: '2024-11-27 01:35:16.449 PM'
}
{
  method: 'GET',
  url: '/api/v1/property/?page=2',
  status: 200,
  content_length: '3087',
  response_time: 104.978,
  level: 'http',
  message: 'incoming-request',
  timestamp: '2024-11-27 01:35:19.389 PM'
}
{
  method: 'GET',
  url: '/api/v1/property/?page=2',
  status: 200,
  content_length: '3087',
  response_time: 105.039,
  level: 'http',
  message: 'incoming-request',
  timestamp: '2024-11-27 01:37:40.073 PM'
}
{
  method: 'GET',
  url: '/api/v1/user/all',
  status: 304,
  response_time: 157.491,
  level: 'http',
  message: 'incoming-request',
  timestamp: '2024-11-27 01:37:40.302 PM'
}
{
  method: 'GET',
  url: '/api/v1/property/?page=2',
  status: 200,
  content_length: '3087',
  response_time: 105.032,
  level: 'http',
  message: 'incoming-request',
  timestamp: '2024-11-27 01:37:48.337 PM'
}
{
  method: 'GET',
  url: '/api/v1/user/all',
  status: 304,
  response_time: 157.163,
  level: 'http',
  message: 'incoming-request',
  timestamp: '2024-11-27 01:37:48.568 PM'
}
{
  method: 'GET',
  url: '/api/v1/property/?page=2',
  status: 200,
  content_length: '3087',
  response_time: 106.411,
  level: 'http',
  message: 'incoming-request',
  timestamp: '2024-11-27 01:38:05.464 PM'
}
{
  method: 'GET',
  url: '/api/v1/user/all',
  status: 304,
  response_time: 157.065,
  level: 'http',
  message: 'incoming-request',
  timestamp: '2024-11-27 01:38:05.763 PM'
}
{
  method: 'GET',
  url: '/api/v1/property/?page=2',
  status: 200,
  content_length: '3087',
  response_time: 104.852,
  level: 'http',
  message: 'incoming-request',
  timestamp: '2024-11-27 01:38:45.913 PM'
}
{
  method: 'GET',
  url: '/api/v1/property/?page=2',
  status: 200,
  content_length: '3087',
  response_time: 105.478,
  level: 'http',
  message: 'incoming-request',
  timestamp: '2024-11-27 01:39:03.250 PM'
}
{
  method: 'GET',
  url: '/api/v1/user/all',
  status: 304,
  response_time: 159.364,
  level: 'http',
  message: 'incoming-request',
  timestamp: '2024-11-27 01:39:04.007 PM'
}
{
  method: 'GET',
  url: '/api/v1/property/?page=2',
  status: 200,
  content_length: '3087',
  response_time: 106.063,
  level: 'http',
  message: 'incoming-request',
  timestamp: '2024-11-27 01:43:10.192 PM'
}
{
  method: 'GET',
  url: '/api/v1/user/all',
  status: 304,
  response_time: 156.85,
  level: 'http',
  message: 'incoming-request',
  timestamp: '2024-11-27 01:43:10.604 PM'
}
{
  method: 'GET',
  url: '/api/v1/user/all',
  status: 304,
  response_time: 157.664,
  level: 'http',
  message: 'incoming-request',
  timestamp: '2024-11-27 01:43:17.846 PM'
}
{
  method: 'GET',
  url: '/api/v1/user/all',
  status: 304,
  response_time: 159.457,
  level: 'http',
  message: 'incoming-request',
  timestamp: '2024-11-27 01:43:21.941 PM'
}
{
  method: 'GET',
  url: '/api/v1/property/?page=2',
  status: 200,
  content_length: '3087',
  response_time: 105.184,
  level: 'http',
  message: 'incoming-request',
  timestamp: '2024-11-27 01:43:27.127 PM'
}
{
  method: 'GET',
  url: '/api/v1/property/?page=1',
  status: 200,
  content_length: '3460',
  response_time: 104.939,
  level: 'http',
  message: 'incoming-request',
  timestamp: '2024-11-27 01:43:28.603 PM'
}
{
  method: 'GET',
  url: '/api/v1/property/?page=1',
  status: 200,
  content_length: '3460',
  response_time: 105.218,
  level: 'http',
  message: 'incoming-request',
  timestamp: '2024-11-27 01:43:53.031 PM'
}
{
  method: 'GET',
  url: '/api/v1/user/all',
  status: 304,
  response_time: 160.115,
  level: 'http',
  message: 'incoming-request',
  timestamp: '2024-11-27 01:43:53.377 PM'
}
{
  method: 'GET',
  url: '/api/v1/property/?page=1',
  status: 200,
  content_length: '3460',
  response_time: 106.568,
  level: 'http',
  message: 'incoming-request',
  timestamp: '2024-11-27 01:44:32.817 PM'
}
{
  method: 'GET',
  url: '/api/v1/user/all',
  status: 304,
  response_time: 157.32,
  level: 'http',
  message: 'incoming-request',
  timestamp: '2024-11-27 01:44:33.097 PM'
}
{
  method: 'GET',
  url: '/api/v1/property/?page=1',
  status: 200,
  content_length: '3460',
  response_time: 105.642,
  level: 'http',
  message: 'incoming-request',
  timestamp: '2024-11-27 01:46:19.288 PM'
}
{
  method: 'GET',
  url: '/api/v1/user/all',
  status: 304,
  response_time: 156.87,
  level: 'http',
  message: 'incoming-request',
  timestamp: '2024-11-27 01:46:19.704 PM'
}
{
  method: 'GET',
  url: '/api/v1/property/?page=1',
  status: 200,
  content_length: '3460',
  response_time: 104.909,
  level: 'http',
  message: 'incoming-request',
  timestamp: '2024-11-27 01:46:35.717 PM'
}
{
  method: 'GET',
  url: '/api/v1/user/all',
  status: 304,
  response_time: 158.921,
  level: 'http',
  message: 'incoming-request',
  timestamp: '2024-11-27 01:46:36.268 PM'
}
{
  method: 'GET',
  url: '/api/v1/property/?page=1',
  status: 200,
  content_length: '3460',
  response_time: 106.029,
  level: 'http',
  message: 'incoming-request',
  timestamp: '2024-11-27 01:46:38.464 PM'
}
{
  method: 'GET',
  url: '/api/v1/user/all',
  status: 304,
  response_time: 158.099,
  level: 'http',
  message: 'incoming-request',
  timestamp: '2024-11-27 01:46:38.852 PM'
}
{
  method: 'GET',
  url: '/api/v1/property/?page=1',
  status: 200,
  content_length: '3460',
  response_time: 106.376,
  level: 'http',
  message: 'incoming-request',
  timestamp: '2024-11-27 01:46:43.918 PM'
}
{
  method: 'GET',
  url: '/api/v1/user/all',
  status: 304,
  response_time: 157.429,
  level: 'http',
  message: 'incoming-request',
  timestamp: '2024-11-27 01:46:44.418 PM'
}
{
  method: 'GET',
  url: '/api/v1/user/all',
  status: 304,
  response_time: 157.297,
  level: 'http',
  message: 'incoming-request',
  timestamp: '2024-11-27 01:46:49.071 PM'
}
{
  method: 'GET',
  url: '/api/v1/user/all',
  status: 304,
  response_time: 158.182,
  level: 'http',
  message: 'incoming-request',
  timestamp: '2024-11-27 01:48:21.672 PM'
}
{
  method: 'GET',
  url: '/api/v1/property/?page=1',
  status: 200,
  content_length: '3460',
  response_time: 106.442,
  level: 'http',
  message: 'incoming-request',
  timestamp: '2024-11-27 01:48:51.826 PM'
}
{
  method: 'GET',
  url: '/api/v1/user/all',
  status: 304,
  response_time: 157.85,
  level: 'http',
  message: 'incoming-request',
  timestamp: '2024-11-27 01:48:52.331 PM'
}
{
  method: 'GET',
  url: '/api/v1/user/all',
  status: 304,
  response_time: 156.955,
  level: 'http',
  message: 'incoming-request',
  timestamp: '2024-11-27 01:48:55.625 PM'
}
{
  method: 'GET',
  url: '/api/v1/property/?page=1',
  status: 200,
  content_length: '3460',
  response_time: 104.976,
  level: 'http',
  message: 'incoming-request',
  timestamp: '2024-11-27 01:51:14.207 PM'
}
{
  method: 'GET',
  url: '/api/v1/user/all',
  status: 304,
  response_time: 157.568,
  level: 'http',
  message: 'incoming-request',
  timestamp: '2024-11-27 01:51:14.566 PM'
}
{
  method: 'GET',
  url: '/api/v1/property/?page=1',
  status: 200,
  content_length: '3460',
  response_time: 106.276,
  level: 'http',
  message: 'incoming-request',
  timestamp: '2024-11-27 01:51:16.354 PM'
}
{
  method: 'GET',
  url: '/api/v1/user/all',
  status: 304,
  response_time: 156.879,
  level: 'http',
  message: 'incoming-request',
  timestamp: '2024-11-27 01:51:16.741 PM'
}
{
  message: 'Server on 1997 running. NodeENV: development  ',
  level: 'info',
  timestamp: '2024-11-27 01:53:10.523 PM'
}
{
  message: 'Server on 1997 running. NodeENV: development  ',
  level: 'info',
  timestamp: '2024-11-27 01:53:31.531 PM'
}
{
  method: 'GET',
  url: '/api/v1/user/all',
  status: 304,
  response_time: 730.389,
  level: 'http',
  message: 'incoming-request',
  timestamp: '2024-11-27 01:53:31.793 PM'
}
{
  method: 'GET',
  url: '/api/v1/property/?page=1',
  status: 200,
  content_length: '3460',
  response_time: 115.369,
  level: 'http',
  message: 'incoming-request',
  timestamp: '2024-11-27 01:54:51.721 PM'
}
{
  method: 'GET',
  url: '/api/v1/user/all?pageNumber=2',
  status: 200,
  content_length: '998',
  response_time: 167.795,
  level: 'http',
  message: 'incoming-request',
  timestamp: '2024-11-27 01:54:52.000 PM'
}
{
  method: 'GET',
  url: '/api/v1/property/?page=1',
  status: 200,
  content_length: '3460',
  response_time: 109.912,
  level: 'http',
  message: 'incoming-request',
  timestamp: '2024-11-27 01:55:02.305 PM'
}
{
  method: 'GET',
  url: '/api/v1/user/all?pageNumber=2',
  status: 304,
  response_time: 164.861,
  level: 'http',
  message: 'incoming-request',
  timestamp: '2024-11-27 01:55:03.036 PM'
}
{
  method: 'GET',
  url: '/api/v1/property/?page=1',
  status: 200,
  content_length: '3460',
  response_time: 109.986,
  level: 'http',
  message: 'incoming-request',
  timestamp: '2024-11-27 01:55:24.778 PM'
}
{
  method: 'GET',
  url: '/api/v1/user/all?pageNumber=2',
  status: 304,
  response_time: 161.386,
  level: 'http',
  message: 'incoming-request',
  timestamp: '2024-11-27 01:55:25.346 PM'
}
{
  method: 'GET',
  url: '/api/v1/user/all?pageNumber=1',
  status: 200,
  content_length: '827',
  response_time: 160.718,
  level: 'http',
  message: 'incoming-request',
  timestamp: '2024-11-27 01:55:40.882 PM'
}
{
  method: 'GET',
  url: '/api/v1/user/all?pageNumber=2',
  status: 304,
  response_time: 160.841,
  level: 'http',
  message: 'incoming-request',
  timestamp: '2024-11-27 01:55:42.153 PM'
}
{
  method: 'GET',
  url: '/api/v1/property/?page=1',
  status: 200,
  content_length: '3460',
  response_time: 107.728,
  level: 'http',
  message: 'incoming-request',
  timestamp: '2024-11-27 01:55:56.066 PM'
}
{
  method: 'GET',
  url: '/api/v1/user/all?pageNumber=2',
  status: 304,
  response_time: 162.428,
  level: 'http',
  message: 'incoming-request',
  timestamp: '2024-11-27 01:55:56.598 PM'
}
{
  method: 'GET',
  url: '/api/v1/user/all?pageNumber=1',
  status: 304,
  response_time: 160.709,
  level: 'http',
  message: 'incoming-request',
  timestamp: '2024-11-27 01:55:58.202 PM'
}
{
  method: 'GET',
  url: '/api/v1/user/all?pageNumber=2',
  status: 304,
  response_time: 167.405,
  level: 'http',
  message: 'incoming-request',
  timestamp: '2024-11-27 03:20:59.309 PM'
}
{
  method: 'PATCH',
  url: '/api/v1/user/67332bd4d9712b8ece95774a/deactivate',
  status: 200,
  content_length: '516',
  response_time: 172.493,
  level: 'http',
  message: 'incoming-request',
  timestamp: '2024-11-27 03:21:05.039 PM'
}
{
  method: 'GET',
  url: '/api/v1/user/all?pageNumber=1',
  status: 304,
  response_time: 160.377,
  level: 'http',
  message: 'incoming-request',
  timestamp: '2024-11-27 03:21:05.208 PM'
}
{
  method: 'GET',
  url: '/api/v1/property/666720f01ed8af0105a0d444',
  status: 200,
  content_length: '647',
  response_time: 55.357,
  level: 'http',
  message: 'incoming-request',
  timestamp: '2024-11-27 03:28:11.848 PM'
}
{
  method: 'GET',
  url: '/api/v1/property/?page=1',
  status: 200,
  content_length: '3460',
  response_time: 107.945,
  level: 'http',
  message: 'incoming-request',
  timestamp: '2024-11-27 03:28:11.903 PM'
}
{
  method: 'POST',
  url: '/api/v1/auth/login',
  status: 200,
  content_length: '465',
  response_time: 199.308,
  level: 'http',
  message: 'incoming-request',
  timestamp: '2024-11-27 03:31:24.334 PM'
}
{
  method: 'GET',
  url: '/api/v1/user/profile',
  status: 200,
  content_length: '2096',
  response_time: 106.89,
  level: 'http',
  message: 'incoming-request',
  timestamp: '2024-11-27 03:31:24.708 PM'
}
{
  method: 'GET',
  url: '/api/v1/property/?page=1',
  status: 200,
  content_length: '3460',
  response_time: 106.133,
  level: 'http',
  message: 'incoming-request',
  timestamp: '2024-11-27 03:32:38.225 PM'
}
{
  method: 'GET',
  url: '/api/v1/user/all?pageNumber=1',
  status: 304,
  response_time: 172.857,
  level: 'http',
  message: 'incoming-request',
  timestamp: '2024-11-27 03:32:38.724 PM'
}
{
  method: 'GET',
  url: '/api/v1/property/?page=1',
  status: 200,
  content_length: '3460',
  response_time: 107.316,
  level: 'http',
  message: 'incoming-request',
  timestamp: '2024-11-27 03:32:43.578 PM'
}
{
  method: 'GET',
  url: '/api/v1/user/profile',
  status: 304,
  response_time: 107.004,
  level: 'http',
  message: 'incoming-request',
  timestamp: '2024-11-27 03:32:43.942 PM'
}
{
  method: 'GET',
  url: '/api/v1/user/all?pageNumber=1',
  status: 304,
  response_time: 160.354,
  level: 'http',
  message: 'incoming-request',
  timestamp: '2024-11-27 03:32:44.081 PM'
}
{
  method: 'GET',
  url: '/api/v1/property/?page=1',
  status: 200,
  content_length: '3460',
  response_time: 109.25,
  level: 'http',
  message: 'incoming-request',
  timestamp: '2024-11-27 03:33:16.636 PM'
}
{
  method: 'GET',
  url: '/api/v1/user/all?pageNumber=1',
  status: 304,
  response_time: 161.175,
  level: 'http',
  message: 'incoming-request',
  timestamp: '2024-11-27 03:33:17.012 PM'
}
{
  method: 'GET',
  url: '/api/v1/user/profile',
  status: 304,
  response_time: 110.825,
  level: 'http',
  message: 'incoming-request',
  timestamp: '2024-11-27 03:33:17.157 PM'
}
{
  method: 'GET',
  url: '/api/v1/property/?page=1',
  status: 200,
  content_length: '3460',
  response_time: 109.096,
  level: 'http',
  message: 'incoming-request',
  timestamp: '2024-11-27 03:33:22.918 PM'
}
{
  method: 'GET',
  url: '/api/v1/user/all?pageNumber=1',
  status: 304,
  response_time: 161.384,
  level: 'http',
  message: 'incoming-request',
  timestamp: '2024-11-27 03:33:23.228 PM'
}
{
  method: 'GET',
  url: '/api/v1/user/profile',
  status: 304,
  response_time: 106.81,
  level: 'http',
  message: 'incoming-request',
  timestamp: '2024-11-27 03:33:23.262 PM'
}
{
  method: 'GET',
  url: '/api/v1/property/?page=1',
  status: 200,
  content_length: '3460',
  response_time: 106.532,
  level: 'http',
  message: 'incoming-request',
  timestamp: '2024-11-27 03:33:30.772 PM'
}
{
  method: 'GET',
  url: '/api/v1/user/profile',
  status: 304,
  response_time: 106.29,
  level: 'http',
  message: 'incoming-request',
  timestamp: '2024-11-27 03:33:30.959 PM'
}
{
  method: 'GET',
  url: '/api/v1/user/all?pageNumber=1',
  status: 304,
  response_time: 160.141,
  level: 'http',
  message: 'incoming-request',
  timestamp: '2024-11-27 03:33:31.273 PM'
}
{
  method: 'GET',
  url: '/api/v1/property/?page=1',
  status: 200,
  content_length: '3460',
  response_time: 106.569,
  level: 'http',
  message: 'incoming-request',
  timestamp: '2024-11-27 03:33:35.567 PM'
}
{
  method: 'GET',
  url: '/api/v1/user/profile',
  status: 304,
  response_time: 106.041,
  level: 'http',
  message: 'incoming-request',
  timestamp: '2024-11-27 03:33:35.740 PM'
}
{
  method: 'GET',
  url: '/api/v1/user/all?pageNumber=1',
  status: 304,
  response_time: 159.962,
  level: 'http',
  message: 'incoming-request',
  timestamp: '2024-11-27 03:33:36.034 PM'
}
{
  method: 'GET',
  url: '/api/v1/property/?page=1',
  status: 200,
  content_length: '3460',
  response_time: 106.722,
  level: 'http',
  message: 'incoming-request',
  timestamp: '2024-11-27 03:33:43.344 PM'
}
{
  method: 'GET',
  url: '/api/v1/user/profile',
  status: 304,
  response_time: 106.205,
  level: 'http',
  message: 'incoming-request',
  timestamp: '2024-11-27 03:33:43.607 PM'
}
{
  method: 'GET',
  url: '/api/v1/user/all?pageNumber=1',
  status: 304,
  response_time: 158.371,
  level: 'http',
  message: 'incoming-request',
  timestamp: '2024-11-27 03:33:43.957 PM'
}
{
  method: 'GET',
  url: '/api/v1/property/?page=1',
  status: 200,
  content_length: '3460',
  response_time: 106.412,
  level: 'http',
  message: 'incoming-request',
  timestamp: '2024-11-27 03:33:53.582 PM'
}
{
  method: 'GET',
  url: '/api/v1/user/profile',
  status: 304,
  response_time: 106.879,
  level: 'http',
  message: 'incoming-request',
  timestamp: '2024-11-27 03:33:53.787 PM'
}
{
  method: 'GET',
  url: '/api/v1/user/all?pageNumber=1',
  status: 304,
  response_time: 159.976,
  level: 'http',
  message: 'incoming-request',
  timestamp: '2024-11-27 03:33:53.884 PM'
}
{
  method: 'GET',
  url: '/api/v1/property/?page=1',
  status: 0,
  response_time: '0',
  level: 'http',
  message: 'incoming-request',
  timestamp: '2024-11-27 03:34:23.103 PM'
}
{
  method: 'GET',
  url: '/api/v1/user/all?pageNumber=1',
  status: 0,
  response_time: '0',
  level: 'http',
  message: 'incoming-request',
  timestamp: '2024-11-27 03:34:23.301 PM'
}
{
  method: 'GET',
  url: '/api/v1/user/profile',
  status: 304,
  response_time: 107.983,
  level: 'http',
  message: 'incoming-request',
  timestamp: '2024-11-27 03:34:23.725 PM'
}
{
  method: 'GET',
  url: '/api/v1/property/?page=1',
  status: 200,
  content_length: '3460',
  response_time: 108.698,
  level: 'http',
  message: 'incoming-request',
  timestamp: '2024-11-27 03:34:24.180 PM'
}
{
  method: 'GET',
  url: '/api/v1/user/all?pageNumber=1',
  status: 200,
  content_length: '827',
  response_time: 163.26,
  level: 'http',
  message: 'incoming-request',
  timestamp: '2024-11-27 03:34:24.743 PM'
}
{
  method: 'GET',
  url: '/api/v1/user/profile',
  status: 304,
  response_time: 106.334,
  level: 'http',
  message: 'incoming-request',
  timestamp: '2024-11-27 03:34:24.814 PM'
}
{
  method: 'GET',
  url: '/api/v1/property/?page=1',
  status: 200,
  content_length: '3460',
  response_time: 107.014,
  level: 'http',
  message: 'incoming-request',
  timestamp: '2024-11-27 03:35:52.133 PM'
}
{
  method: 'GET',
  url: '/api/v1/user/profile',
  status: 304,
  response_time: 107.911,
  level: 'http',
  message: 'incoming-request',
  timestamp: '2024-11-27 03:35:52.512 PM'
}
{
  method: 'GET',
  url: '/api/v1/user/all?pageNumber=1',
  status: 304,
  response_time: 159.517,
  level: 'http',
  message: 'incoming-request',
  timestamp: '2024-11-27 03:35:52.522 PM'
}
{
  method: 'GET',
  url: '/api/v1/user/profile',
  status: 304,
  response_time: 109.624,
  level: 'http',
  message: 'incoming-request',
  timestamp: '2024-11-27 03:36:33.448 PM'
}
{
  method: 'GET',
  url: '/api/v1/property/?page=1',
  status: 200,
  content_length: '3460',
  response_time: 106.412,
  level: 'http',
  message: 'incoming-request',
  timestamp: '2024-11-27 03:36:33.896 PM'
}
{
  method: 'GET',
  url: '/api/v1/user/all?pageNumber=1',
  status: 304,
  response_time: 159.186,
  level: 'http',
  message: 'incoming-request',
  timestamp: '2024-11-27 03:36:34.136 PM'
}
{
  method: 'GET',
  url: '/api/v1/property/?page=1',
  status: 200,
  content_length: '3460',
  response_time: 107.263,
  level: 'http',
  message: 'incoming-request',
  timestamp: '2024-11-27 03:36:40.897 PM'
}
{
  method: 'GET',
  url: '/api/v1/user/all?pageNumber=1',
  status: 304,
  response_time: 159.259,
  level: 'http',
  message: 'incoming-request',
  timestamp: '2024-11-27 03:36:41.491 PM'
}
{
  method: 'GET',
  url: '/api/v1/user/profile',
  status: 304,
  response_time: 106.182,
  level: 'http',
  message: 'incoming-request',
  timestamp: '2024-11-27 03:36:41.620 PM'
}
{
  method: 'GET',
  url: '/api/v1/property/?page=1',
  status: 200,
  content_length: '3460',
  response_time: 107.39,
  level: 'http',
  message: 'incoming-request',
  timestamp: '2024-11-27 03:38:45.324 PM'
}
{
  method: 'GET',
  url: '/api/v1/user/all?pageNumber=1',
  status: 304,
  response_time: 159.971,
  level: 'http',
  message: 'incoming-request',
  timestamp: '2024-11-27 03:38:45.773 PM'
}
{
  method: 'GET',
  url: '/api/v1/user/profile',
  status: 304,
  response_time: 106.813,
  level: 'http',
  message: 'incoming-request',
  timestamp: '2024-11-27 03:38:45.962 PM'
}
{
  method: 'GET',
  url: '/api/v1/property/?page=1',
  status: 200,
  content_length: '3460',
  response_time: 108.649,
  level: 'http',
  message: 'incoming-request',
  timestamp: '2024-11-27 03:38:58.154 PM'
}
{
  method: 'GET',
  url: '/api/v1/user/profile',
  status: 304,
  response_time: 106.528,
  level: 'http',
  message: 'incoming-request',
  timestamp: '2024-11-27 03:38:58.637 PM'
}
{
  method: 'GET',
  url: '/api/v1/user/all?pageNumber=1',
  status: 304,
  response_time: 159.737,
  level: 'http',
  message: 'incoming-request',
  timestamp: '2024-11-27 03:38:58.752 PM'
}
{
  method: 'GET',
  url: '/api/v1/property/?page=1',
  status: 200,
  content_length: '3460',
  response_time: 107.771,
  level: 'http',
  message: 'incoming-request',
  timestamp: '2024-11-27 03:39:00.486 PM'
}
{
  method: 'GET',
  url: '/api/v1/user/profile',
  status: 304,
  response_time: 109.332,
  level: 'http',
  message: 'incoming-request',
  timestamp: '2024-11-27 03:39:00.651 PM'
}
{
  method: 'GET',
  url: '/api/v1/user/all?pageNumber=1',
  status: 304,
  response_time: 162.482,
  level: 'http',
  message: 'incoming-request',
  timestamp: '2024-11-27 03:39:00.955 PM'
}
{
  method: 'GET',
  url: '/api/v1/property/?page=1',
  status: 200,
  content_length: '3460',
  response_time: 108.294,
  level: 'http',
  message: 'incoming-request',
  timestamp: '2024-11-27 03:39:03.494 PM'
}
{
  method: 'GET',
  url: '/api/v1/user/profile',
  status: 304,
  response_time: 107.935,
  level: 'http',
  message: 'incoming-request',
  timestamp: '2024-11-27 03:39:03.957 PM'
}
{
  method: 'GET',
  url: '/api/v1/user/all?pageNumber=1',
  status: 304,
  response_time: 160.475,
  level: 'http',
  message: 'incoming-request',
  timestamp: '2024-11-27 03:39:04.147 PM'
}
{
  method: 'GET',
  url: '/api/v1/property/?page=1',
  status: 200,
  content_length: '3460',
  response_time: 107.697,
  level: 'http',
  message: 'incoming-request',
  timestamp: '2024-11-27 03:39:06.895 PM'
}
{
  method: 'GET',
  url: '/api/v1/user/profile',
  status: 304,
  response_time: 107.904,
  level: 'http',
  message: 'incoming-request',
  timestamp: '2024-11-27 03:39:07.402 PM'
}
{
  method: 'GET',
  url: '/api/v1/user/all?pageNumber=1',
  status: 0,
  response_time: '0',
  level: 'http',
  message: 'incoming-request',
  timestamp: '2024-11-27 03:39:07.572 PM'
}
{
  method: 'GET',
  url: '/api/v1/property/?page=1',
  status: 200,
  content_length: '3460',
  response_time: 109.093,
  level: 'http',
  message: 'incoming-request',
  timestamp: '2024-11-27 03:39:08.532 PM'
}
{
  method: 'GET',
  url: '/api/v1/user/all?pageNumber=1',
  status: 200,
  content_length: '827',
  response_time: 160.426,
  level: 'http',
  message: 'incoming-request',
  timestamp: '2024-11-27 03:39:09.641 PM'
}
{
  method: 'GET',
  url: '/api/v1/property/?page=1',
  status: 200,
  content_length: '3460',
  response_time: 108.733,
  level: 'http',
  message: 'incoming-request',
  timestamp: '2024-11-27 03:39:11.301 PM'
}
{
  method: 'GET',
  url: '/api/v1/user/all?pageNumber=1',
  status: 304,
  response_time: 161.024,
  level: 'http',
  message: 'incoming-request',
  timestamp: '2024-11-27 03:39:11.844 PM'
}
{
  method: 'GET',
  url: '/api/v1/user/profile',
  status: 304,
  response_time: 107.29,
  level: 'http',
  message: 'incoming-request',
  timestamp: '2024-11-27 03:39:14.256 PM'
}
{
  method: 'GET',
  url: '/api/v1/property/?page=1',
  status: 200,
  content_length: '3460',
  response_time: 108.234,
  level: 'http',
  message: 'incoming-request',
  timestamp: '2024-11-27 03:41:09.907 PM'
}
{
  method: 'GET',
  url: '/api/v1/user/all?pageNumber=1',
  status: 304,
  response_time: 163.97,
  level: 'http',
  message: 'incoming-request',
  timestamp: '2024-11-27 03:41:10.583 PM'
}
{
  method: 'GET',
  url: '/api/v1/user/profile',
  status: 304,
  response_time: 107.659,
  level: 'http',
  message: 'incoming-request',
  timestamp: '2024-11-27 03:41:11.702 PM'
}
{
  method: 'GET',
  url: '/api/v1/property/?page=1',
  status: 200,
  content_length: '3460',
  response_time: 107.864,
  level: 'http',
  message: 'incoming-request',
  timestamp: '2024-11-27 03:42:46.019 PM'
}
{
  method: 'GET',
  url: '/api/v1/user/all?pageNumber=1',
  status: 0,
  response_time: '0',
  level: 'http',
  message: 'incoming-request',
  timestamp: '2024-11-27 03:42:46.524 PM'
}
{
  method: 'GET',
  url: '/api/v1/property/?page=1',
  status: 200,
  content_length: '3460',
  response_time: 107.275,
  level: 'http',
  message: 'incoming-request',
  timestamp: '2024-11-27 03:42:47.576 PM'
}
{
  method: 'GET',
  url: '/api/v1/user/profile',
  status: 304,
  response_time: 107.415,
  level: 'http',
  message: 'incoming-request',
  timestamp: '2024-11-27 03:42:47.818 PM'
}
{
  method: 'GET',
  url: '/api/v1/user/all?pageNumber=1',
  status: 200,
  content_length: '827',
  response_time: 163.639,
  level: 'http',
  message: 'incoming-request',
  timestamp: '2024-11-27 03:42:48.103 PM'
}
{
  method: 'GET',
  url: '/api/v1/property/?page=1',
  status: 200,
  content_length: '3460',
  response_time: 108.666,
  level: 'http',
  message: 'incoming-request',
  timestamp: '2024-11-27 03:42:53.088 PM'
}
{
  method: 'GET',
  url: '/api/v1/user/all?pageNumber=1',
  status: 304,
  response_time: 161.363,
  level: 'http',
  message: 'incoming-request',
  timestamp: '2024-11-27 03:42:53.559 PM'
}
{
  method: 'GET',
  url: '/api/v1/user/profile',
  status: 304,
  response_time: 108.001,
  level: 'http',
  message: 'incoming-request',
  timestamp: '2024-11-27 03:42:54.231 PM'
}
{
  method: 'GET',
  url: '/api/v1/user/profile',
  status: 304,
  response_time: 133.781,
  level: 'http',
  message: 'incoming-request',
  timestamp: '2024-11-27 03:43:47.332 PM'
}
{
  method: 'GET',
  url: '/api/v1/user/all?pageNumber=1',
  status: 304,
  response_time: 158.39,
  level: 'http',
  message: 'incoming-request',
  timestamp: '2024-11-27 03:43:47.460 PM'
}
{
  method: 'GET',
  url: '/api/v1/user/all?pageNumber=1',
  status: 304,
  response_time: 160.498,
  level: 'http',
  message: 'incoming-request',
  timestamp: '2024-11-27 03:45:44.339 PM'
}
{
  method: 'GET',
  url: '/api/v1/user/profile',
  status: 304,
  response_time: 108.34,
  level: 'http',
  message: 'incoming-request',
  timestamp: '2024-11-27 03:45:44.434 PM'
}
{
  method: 'GET',
  url: '/api/v1/user/profile',
  status: 304,
  response_time: 108.145,
  level: 'http',
  message: 'incoming-request',
  timestamp: '2024-11-27 03:45:46.271 PM'
}
{
  method: 'GET',
  url: '/api/v1/user/all?pageNumber=1',
  status: 304,
  response_time: 164.038,
  level: 'http',
  message: 'incoming-request',
  timestamp: '2024-11-27 03:45:46.510 PM'
}
{
  method: 'GET',
  url: '/api/v1/user/profile',
  status: 304,
  response_time: 107.634,
  level: 'http',
  message: 'incoming-request',
  timestamp: '2024-11-27 03:45:51.970 PM'
}
{
  method: 'GET',
  url: '/api/v1/user/all?pageNumber=1',
  status: 304,
  response_time: 161.024,
  level: 'http',
  message: 'incoming-request',
  timestamp: '2024-11-27 03:45:52.345 PM'
}
{
  method: 'GET',
  url: '/api/v1/user/profile',
  status: 304,
  response_time: 107.514,
  level: 'http',
  message: 'incoming-request',
  timestamp: '2024-11-27 03:46:03.065 PM'
}
{
  method: 'GET',
  url: '/api/v1/user/all?pageNumber=1',
  status: 304,
  response_time: 163.045,
  level: 'http',
  message: 'incoming-request',
  timestamp: '2024-11-27 03:46:03.730 PM'
}
{
  method: 'GET',
  url: '/api/v1/user/profile',
  status: 304,
  response_time: 108.252,
  level: 'http',
  message: 'incoming-request',
  timestamp: '2024-11-27 03:46:11.125 PM'
}
{
  method: 'GET',
  url: '/api/v1/user/all?pageNumber=1',
  status: 304,
  response_time: 158.233,
  level: 'http',
  message: 'incoming-request',
  timestamp: '2024-11-27 03:46:11.281 PM'
}
{
  method: 'GET',
  url: '/api/v1/user/profile',
  status: 304,
  response_time: 106.471,
  level: 'http',
  message: 'incoming-request',
  timestamp: '2024-11-27 03:46:37.907 PM'
}
{
  method: 'GET',
  url: '/api/v1/user/all?pageNumber=1',
  status: 304,
  response_time: 158.106,
  level: 'http',
  message: 'incoming-request',
  timestamp: '2024-11-27 03:46:38.332 PM'
}
{
  method: 'GET',
  url: '/api/v1/user/all?pageNumber=1',
  status: 304,
  response_time: 159.709,
  level: 'http',
  message: 'incoming-request',
  timestamp: '2024-11-27 03:46:42.475 PM'
}
{
  method: 'GET',
  url: '/api/v1/user/profile',
  status: 304,
  response_time: 109.082,
  level: 'http',
  message: 'incoming-request',
  timestamp: '2024-11-27 03:46:43.758 PM'
}
{
  method: 'GET',
  url: '/api/v1/user/all?pageNumber=1',
  status: 304,
  response_time: 159.018,
  level: 'http',
  message: 'incoming-request',
  timestamp: '2024-11-27 03:51:21.687 PM'
}
{
  method: 'GET',
  url: '/api/v1/user/profile',
  status: 304,
  response_time: 106.326,
  level: 'http',
  message: 'incoming-request',
  timestamp: '2024-11-27 03:51:21.881 PM'
}
{
  method: 'GET',
  url: '/api/v1/user/all?pageNumber=1',
  status: 304,
  response_time: 166.844,
  level: 'http',
  message: 'incoming-request',
  timestamp: '2024-11-27 03:51:28.066 PM'
}
{
  method: 'GET',
  url: '/api/v1/user/profile',
  status: 304,
  response_time: 110.136,
  level: 'http',
  message: 'incoming-request',
  timestamp: '2024-11-27 03:51:28.090 PM'
}
{
  method: 'GET',
  url: '/api/v1/user/profile',
  status: 304,
  response_time: 109.79,
  level: 'http',
  message: 'incoming-request',
  timestamp: '2024-11-27 03:51:41.496 PM'
}
{
  method: 'GET',
  url: '/api/v1/user/all?pageNumber=1',
  status: 304,
  response_time: 160.681,
  level: 'http',
  message: 'incoming-request',
  timestamp: '2024-11-27 03:51:41.800 PM'
}
{
  method: 'GET',
  url: '/api/v1/user/profile',
  status: 304,
  response_time: 107.475,
  level: 'http',
  message: 'incoming-request',
  timestamp: '2024-11-27 03:51:49.058 PM'
}
{
  method: 'GET',
  url: '/api/v1/user/all?pageNumber=1',
  status: 304,
  response_time: 158.55,
  level: 'http',
  message: 'incoming-request',
  timestamp: '2024-11-27 03:51:49.196 PM'
}
{
  method: 'GET',
  url: '/api/v1/user/all?pageNumber=1',
  status: 304,
  response_time: 158.969,
  level: 'http',
  message: 'incoming-request',
  timestamp: '2024-11-27 03:51:55.982 PM'
}
{
  method: 'GET',
  url: '/api/v1/user/profile',
  status: 304,
  response_time: 109.685,
  level: 'http',
  message: 'incoming-request',
  timestamp: '2024-11-27 03:51:58.988 PM'
}
{
  method: 'GET',
  url: '/api/v1/user/profile',
  status: 304,
  response_time: 106.969,
  level: 'http',
  message: 'incoming-request',
  timestamp: '2024-11-27 03:52:16.293 PM'
}
{
  method: 'GET',
  url: '/api/v1/user/all?pageNumber=1',
  status: 304,
  response_time: 159.376,
  level: 'http',
  message: 'incoming-request',
  timestamp: '2024-11-27 03:52:16.554 PM'
}
{
  method: 'GET',
  url: '/api/v1/user/profile',
  status: 304,
  response_time: 105.847,
  level: 'http',
  message: 'incoming-request',
  timestamp: '2024-11-27 03:53:51.831 PM'
}
{
  method: 'DELETE',
  url: '/api/v1/user/profile',
  status: 200,
  content_length: '63',
  response_time: 128.313,
  level: 'http',
  message: 'incoming-request',
  timestamp: '2024-11-27 03:53:55.471 PM'
}
{
  method: 'DELETE',
  url: '/api/v1/user/profile',
  status: 404,
  content_length: '31',
  response_time: 53.265,
  level: 'http',
  message: 'incoming-request',
  timestamp: '2024-11-27 03:54:01.354 PM'
}
{
  method: 'GET',
  url: '/api/v1/user/profile',
  status: 401,
  content_length: '28',
  response_time: 53.199,
  level: 'http',
  message: 'incoming-request',
  timestamp: '2024-11-27 03:54:04.872 PM'
}
{
  method: 'GET',
  url: '/api/v1/user/profile',
  status: 401,
  content_length: '28',
  response_time: 65.043,
  level: 'http',
  message: 'incoming-request',
  timestamp: '2024-11-27 03:54:36.258 PM'
}
{
  method: 'GET',
  url: '/api/v1/user/all?pageNumber=1',
  status: 500,
  content_length: '651',
  response_time: 64.826,
  level: 'http',
  message: 'incoming-request',
  timestamp: '2024-11-27 03:54:36.412 PM'
}
{
  method: 'GET',
  url: '/api/v1/user/profile',
  status: 401,
  content_length: '28',
  response_time: 53.526,
  level: 'http',
  message: 'incoming-request',
  timestamp: '2024-11-27 03:54:40.265 PM'
}
{
  method: 'GET',
  url: '/api/v1/user/all?pageNumber=1',
  status: 500,
  content_length: '651',
  response_time: 59.451,
  level: 'http',
  message: 'incoming-request',
  timestamp: '2024-11-27 03:54:41.001 PM'
}
{
  method: 'GET',
  url: '/api/v1/user/profile',
  status: 401,
  content_length: '28',
  response_time: 53.892,
  level: 'http',
  message: 'incoming-request',
  timestamp: '2024-11-27 03:54:47.319 PM'
}
{
  method: 'GET',
  url: '/api/v1/user/all?pageNumber=1',
  status: 500,
  content_length: '651',
  response_time: 53.498,
  level: 'http',
  message: 'incoming-request',
  timestamp: '2024-11-27 03:54:47.742 PM'
}
{
  method: 'GET',
  url: '/api/v1/user/all?pageNumber=1',
  status: 500,
  content_length: '651',
  response_time: 53.599,
  level: 'http',
  message: 'incoming-request',
  timestamp: '2024-11-27 03:55:03.480 PM'
}
{
  method: 'GET',
  url: '/api/v1/user/profile',
  status: 401,
  content_length: '28',
  response_time: 53.132,
  level: 'http',
  message: 'incoming-request',
  timestamp: '2024-11-27 03:55:03.801 PM'
}
{
  method: 'GET',
  url: '/api/v1/user/all?pageNumber=1',
  status: 500,
  content_length: '651',
  response_time: 53.62,
  level: 'http',
  message: 'incoming-request',
  timestamp: '2024-11-27 03:55:05.056 PM'
}
{
  method: 'GET',
  url: '/api/v1/user/profile',
  status: 401,
  content_length: '28',
  response_time: 53.768,
  level: 'http',
  message: 'incoming-request',
  timestamp: '2024-11-27 03:55:11.304 PM'
}
{
  method: 'GET',
  url: '/api/v1/user/all?pageNumber=1',
  status: 500,
  content_length: '651',
  response_time: 55.448,
  level: 'http',
  message: 'incoming-request',
  timestamp: '2024-11-27 03:55:11.499 PM'
}
{
  method: 'GET',
  url: '/api/v1/user/profile',
  status: 401,
  content_length: '28',
  response_time: 53.064,
  level: 'http',
  message: 'incoming-request',
  timestamp: '2024-11-27 03:55:15.844 PM'
}
{
  method: 'GET',
  url: '/api/v1/property/666720f01ed8af0105a0d444',
  status: 304,
  response_time: 53.712,
  level: 'http',
  message: 'incoming-request',
  timestamp: '2024-11-27 03:55:17.153 PM'
}
{
  method: 'GET',
  url: '/api/v1/auth/logout',
  status: 204,
  response_time: 59.127,
  level: 'http',
  message: 'incoming-request',
  timestamp: '2024-11-27 03:55:17.168 PM'
}
{
  method: 'GET',
  url: '/api/v1/property/?page=1',
  status: 200,
  content_length: '3460',
  response_time: 107.087,
  level: 'http',
  message: 'incoming-request',
  timestamp: '2024-11-27 03:55:17.209 PM'
}
{
  method: 'POST',
  url: '/api/v1/auth/register',
  status: 201,
  content_length: '152',
  response_time: 473.264,
  level: 'http',
  message: 'incoming-request',
  timestamp: '2024-11-27 03:55:54.363 PM'
}
{
  method: 'GET',
  url: '/api/v1/auth/verify/801a7fc1be893e9cf4a7d7f2d64ddd6465f753f9ba7fe1206abd920e830e43e7/674724e935f7389ccf8eefdc',
  status: 302,
  content_length: '41',
  response_time: 285.451,
  level: 'http',
  message: 'incoming-request',
  timestamp: '2024-11-27 03:56:03.819 PM'
}
{
  method: 'GET',
  url: '/auth/verify',
  status: 500,
  content_length: '75',
  response_time: 0.473,
  level: 'http',
  message: 'incoming-request',
  timestamp: '2024-11-27 03:56:03.837 PM'
}
{
  method: 'GET',
  url: '/favicon.ico',
  status: 500,
  content_length: '75',
  response_time: 0.233,
  level: 'http',
  message: 'incoming-request',
  timestamp: '2024-11-27 03:56:03.917 PM'
}
{
  method: 'GET',
  url: '/favicon.ico',
  status: 500,
  content_length: '75',
  response_time: 0.166,
  level: 'http',
  message: 'incoming-request',
  timestamp: '2024-11-27 03:56:08.032 PM'
}
{
  method: 'GET',
  url: '/api/v1/property/666720f01ed8af0105a0d444',
  status: 304,
  response_time: 53.554,
  level: 'http',
  message: 'incoming-request',
  timestamp: '2024-11-27 03:56:11.977 PM'
}
{
  method: 'GET',
  url: '/api/v1/property/?page=1',
  status: 200,
  content_length: '3460',
  response_time: 106.994,
  level: 'http',
  message: 'incoming-request',
  timestamp: '2024-11-27 03:56:12.033 PM'
}
{
  method: 'POST',
  url: '/api/v1/auth/login',
  status: 200,
  content_length: '441',
  response_time: 174.54,
  level: 'http',
  message: 'incoming-request',
  timestamp: '2024-11-27 03:56:17.250 PM'
}
{
  method: 'GET',
  url: '/api/v1/user/profile',
  status: 200,
  content_length: '687',
  response_time: 106.391,
  level: 'http',
  message: 'incoming-request',
  timestamp: '2024-11-27 03:56:17.633 PM'
}
{
  method: 'GET',
  url: '/api/v1/user/profile',
  status: 304,
  response_time: 110.3,
  level: 'http',
  message: 'incoming-request',
  timestamp: '2024-11-27 03:57:30.430 PM'
}
{
  method: 'GET',
  url: '/api/v1/user/all?pageNumber=1',
  status: 500,
  content_length: '651',
  response_time: 54.801,
  level: 'http',
  message: 'incoming-request',
  timestamp: '2024-11-27 03:57:30.482 PM'
}
{
  method: 'GET',
  url: '/api/v1/user/profile',
  status: 304,
  response_time: 108.126,
  level: 'http',
  message: 'incoming-request',
  timestamp: '2024-11-27 03:57:37.228 PM'
}
{
  method: 'GET',
  url: '/api/v1/user/all?pageNumber=1',
  status: 500,
  content_length: '651',
  response_time: 54.355,
  level: 'http',
  message: 'incoming-request',
  timestamp: '2024-11-27 03:57:37.302 PM'
}
{
  method: 'GET',
  url: '/api/v1/user/profile',
  status: 0,
  response_time: '0',
  level: 'http',
  message: 'incoming-request',
  timestamp: '2024-11-27 03:57:55.296 PM'
}
{
  method: 'GET',
  url: '/api/v1/user/all?pageNumber=1',
  status: 0,
  response_time: '0',
  level: 'http',
  message: 'incoming-request',
  timestamp: '2024-11-27 03:57:55.912 PM'
}
{
  method: 'GET',
  url: '/api/v1/user/profile',
  status: 304,
  response_time: 107.388,
  level: 'http',
  message: 'incoming-request',
  timestamp: '2024-11-27 03:57:56.487 PM'
}
{
  method: 'GET',
  url: '/api/v1/user/all?pageNumber=1',
  status: 500,
  content_length: '651',
  response_time: 53.849,
  level: 'http',
  message: 'incoming-request',
  timestamp: '2024-11-27 03:57:57.365 PM'
}
{
  method: 'GET',
  url: '/api/v1/user/profile',
  status: 304,
  response_time: 107.245,
  level: 'http',
  message: 'incoming-request',
  timestamp: '2024-11-27 03:58:00.544 PM'
}
{
  method: 'GET',
  url: '/api/v1/user/all?pageNumber=1',
  status: 500,
  content_length: '651',
  response_time: 54.57,
  level: 'http',
  message: 'incoming-request',
  timestamp: '2024-11-27 03:58:01.251 PM'
}
{
  method: 'GET',
  url: '/api/v1/user/all?pageNumber=1',
  status: 500,
  content_length: '651',
  response_time: 54.29,
  level: 'http',
  message: 'incoming-request',
  timestamp: '2024-11-27 03:58:03.015 PM'
}
{
  method: 'GET',
  url: '/api/v1/user/profile',
  status: 304,
  response_time: 106.879,
  level: 'http',
  message: 'incoming-request',
  timestamp: '2024-11-27 03:58:03.926 PM'
}
{
  method: 'GET',
  url: '/api/v1/user/all?pageNumber=1',
  status: 500,
  content_length: '651',
  response_time: 57.768,
  level: 'http',
  message: 'incoming-request',
  timestamp: '2024-11-27 03:58:40.514 PM'
}
{
  method: 'GET',
  url: '/api/v1/user/profile',
  status: 304,
  response_time: 107.041,
  level: 'http',
  message: 'incoming-request',
  timestamp: '2024-11-27 03:58:42.019 PM'
}
{
  method: 'GET',
  url: '/api/v1/user/profile',
  status: 304,
  response_time: 111.055,
  level: 'http',
  message: 'incoming-request',
  timestamp: '2024-11-27 03:58:54.155 PM'
}
{
  method: 'GET',
  url: '/api/v1/user/all?pageNumber=1',
  status: 500,
  content_length: '651',
  response_time: 54.079,
  level: 'http',
  message: 'incoming-request',
  timestamp: '2024-11-27 03:58:54.832 PM'
}
{
  method: 'GET',
  url: '/api/v1/user/profile',
  status: 304,
  response_time: 108.308,
  level: 'http',
  message: 'incoming-request',
  timestamp: '2024-11-27 03:58:55.807 PM'
}
{
  method: 'GET',
  url: '/api/v1/user/all?pageNumber=1',
  status: 500,
  content_length: '651',
  response_time: 54.393,
  level: 'http',
  message: 'incoming-request',
  timestamp: '2024-11-27 03:58:56.678 PM'
}
{
  method: 'GET',
  url: '/api/v1/user/all?pageNumber=1',
  status: 500,
  content_length: '651',
  response_time: 54.51,
  level: 'http',
  message: 'incoming-request',
  timestamp: '2024-11-27 03:58:59.511 PM'
}
{
  method: 'GET',
  url: '/api/v1/user/profile',
  status: 304,
  response_time: 107.033,
  level: 'http',
  message: 'incoming-request',
  timestamp: '2024-11-27 03:59:00.518 PM'
}
{
  method: 'PATCH',
  url: '/api/v1/upload',
  status: 200,
  content_length: '116',
  response_time: 2415.011,
  level: 'http',
  message: 'incoming-request',
  timestamp: '2024-11-27 03:59:25.615 PM'
}
{
  method: 'PATCH',
  url: '/api/v1/user/profile',
  status: 200,
  content_length: '557',
  response_time: 297.019,
  level: 'http',
  message: 'incoming-request',
  timestamp: '2024-11-27 03:59:49.078 PM'
}
{
  method: 'GET',
  url: '/api/v1/user/profile',
  status: 200,
  content_length: '685',
  response_time: 107.95,
  level: 'http',
  message: 'incoming-request',
  timestamp: '2024-11-27 03:59:49.199 PM'
}
{
  method: 'DELETE',
  url: '/api/v1/user/profile',
  status: 200,
  content_length: '63',
  response_time: 116.242,
  level: 'http',
  message: 'incoming-request',
  timestamp: '2024-11-27 04:09:12.186 PM'
}
{
  method: 'GET',
  url: '/api/v1/property/?page=1',
  status: 200,
  content_length: '3460',
  response_time: 108.3,
  level: 'http',
  message: 'incoming-request',
  timestamp: '2024-11-27 04:09:15.910 PM'
}
{
  method: 'GET',
  url: '/api/v1/property/?page=2',
  status: 200,
  content_length: '3087',
  response_time: 110.267,
  level: 'http',
  message: 'incoming-request',
  timestamp: '2024-11-27 04:09:18.676 PM'
}
{
  method: 'GET',
  url: '/api/v1/property/?page=3',
  status: 200,
  content_length: '3009',
  response_time: 107.409,
  level: 'http',
  message: 'incoming-request',
  timestamp: '2024-11-27 04:09:19.586 PM'
}
{
  method: 'GET',
  url: '/api/v1/property/?page=1',
  status: 200,
  content_length: '3460',
  response_time: 107.598,
  level: 'http',
  message: 'incoming-request',
  timestamp: '2024-11-27 04:09:34.287 PM'
}
{
  method: 'GET',
  url: '/api/v1/user/profile',
  status: 401,
  content_length: '28',
  response_time: 54.633,
  level: 'http',
  message: 'incoming-request',
  timestamp: '2024-11-27 04:09:36.651 PM'
}
