{
  method: 'GET',
  url: '/api/v1/property/?page=1',
  status: 200,
  content_length: '2719',
  response_time: 114.017,
  level: 'http',
  message: 'incoming-request',
  timestamp: '2024-07-04 12:43:57.236 PM'
}
{
  method: 'GET',
  url: '/api/v1/property/?page=1',
  status: 304,
  response_time: 106.31,
  level: 'http',
  message: 'incoming-request',
  timestamp: '2024-07-04 12:44:46.167 PM'
}
{
  method: 'GET',
  url: '/api/v1/property/?page=1',
  status: 304,
  response_time: 108.211,
  level: 'http',
  message: 'incoming-request',
  timestamp: '2024-07-04 12:45:01.569 PM'
}
{
  method: 'GET',
  url: '/api/v1/property/?page=1',
  status: 304,
  response_time: 108.112,
  level: 'http',
  message: 'incoming-request',
  timestamp: '2024-07-04 12:45:06.839 PM'
}
{
  method: 'GET',
  url: '/api/v1/property/?page=1',
  status: 304,
  response_time: 104.03,
  level: 'http',
  message: 'incoming-request',
  timestamp: '2024-07-04 12:45:22.509 PM'
}
{
  method: 'GET',
  url: '/api/v1/property/?page=2',
  status: 200,
  content_length: '949',
  response_time: 103.188,
  level: 'http',
  message: 'incoming-request',
  timestamp: '2024-07-04 12:45:25.279 PM'
}
{
  method: 'GET',
  url: '/api/v1/property/?page=2',
  status: 304,
  response_time: 104.34,
  level: 'http',
  message: 'incoming-request',
  timestamp: '2024-07-04 12:46:36.775 PM'
}
{
  method: 'GET',
  url: '/api/v1/property/?page=2',
  status: 304,
  response_time: 105,
  level: 'http',
  message: 'incoming-request',
  timestamp: '2024-07-04 12:46:38.283 PM'
}
{
  method: 'GET',
  url: '/api/v1/property/?page=1',
  status: 304,
  response_time: 115.717,
  level: 'http',
  message: 'incoming-request',
  timestamp: '2024-07-04 12:46:39.925 PM'
}
{
  method: 'GET',
  url: '/api/v1/property/?page=1',
  status: 304,
  response_time: 105.862,
  level: 'http',
  message: 'incoming-request',
  timestamp: '2024-07-04 12:46:42.883 PM'
}
{
  method: 'GET',
  url: '/api/v1/property/?page=1',
  status: 304,
  response_time: 104.225,
  level: 'http',
  message: 'incoming-request',
  timestamp: '2024-07-04 12:46:59.070 PM'
}
{
  method: 'GET',
  url: '/api/v1/property/?page=2',
  status: 304,
  response_time: 103.246,
  level: 'http',
  message: 'incoming-request',
  timestamp: '2024-07-04 12:58:26.434 PM'
}
{
  method: 'GET',
  url: '/api/v1/property/?page=1',
  status: 304,
  response_time: 104.602,
  level: 'http',
  message: 'incoming-request',
  timestamp: '2024-07-04 12:59:08.401 PM'
}
{
  method: 'GET',
  url: '/api/v1/property/?page=1',
  status: 304,
  response_time: 104.161,
  level: 'http',
  message: 'incoming-request',
  timestamp: '2024-07-04 12:59:24.508 PM'
}
{
  method: 'GET',
  url: '/api/v1/property/?page=1',
  status: 304,
  response_time: 105.659,
  level: 'http',
  message: 'incoming-request',
  timestamp: '2024-07-04 12:59:36.645 PM'
}
{
  method: 'GET',
  url: '/api/v1/property/?page=1',
  status: 304,
  response_time: 104.699,
  level: 'http',
  message: 'incoming-request',
  timestamp: '2024-07-04 12:59:38.325 PM'
}
{
  method: 'GET',
  url: '/api/v1/property/?page=1',
  status: 304,
  response_time: 108.173,
  level: 'http',
  message: 'incoming-request',
  timestamp: '2024-07-04 12:59:44.031 PM'
}
{
  method: 'GET',
  url: '/api/v1/property/?page=1',
  status: 304,
  response_time: 103.903,
  level: 'http',
  message: 'incoming-request',
  timestamp: '2024-07-04 12:59:45.183 PM'
}
{
  method: 'GET',
  url: '/api/v1/property/?page=1',
  status: 304,
  response_time: 103.629,
  level: 'http',
  message: 'incoming-request',
  timestamp: '2024-07-04 12:59:52.886 PM'
}
{
  method: 'GET',
  url: '/api/v1/property/?page=1',
  status: 304,
  response_time: 106.002,
  level: 'http',
  message: 'incoming-request',
  timestamp: '2024-07-04 12:59:57.994 PM'
}
{
  method: 'GET',
  url: '/api/v1/property/?page=2',
  status: 304,
  response_time: 103.193,
  level: 'http',
  message: 'incoming-request',
  timestamp: '2024-07-04 01:00:01.809 PM'
}
{
  method: 'GET',
  url: '/api/v1/property/?page=1',
  status: 304,
  response_time: 103.233,
  level: 'http',
  message: 'incoming-request',
  timestamp: '2024-07-04 01:06:23.429 PM'
}
{
  method: 'GET',
  url: '/api/v1/property/?page=1',
  status: 304,
  response_time: 103.277,
  level: 'http',
  message: 'incoming-request',
  timestamp: '2024-07-04 01:09:30.466 PM'
}
{
  method: 'GET',
  url: '/api/v1/property/?page=1',
  status: 304,
  response_time: 104.728,
  level: 'http',
  message: 'incoming-request',
  timestamp: '2024-07-04 01:09:56.126 PM'
}
{
  method: 'GET',
  url: '/api/v1/property/?page=1',
  status: 304,
  response_time: 103.055,
  level: 'http',
  message: 'incoming-request',
  timestamp: '2024-07-04 01:10:06.339 PM'
}
{
  method: 'GET',
  url: '/api/v1/property/?page=1',
  status: 304,
  response_time: 102.795,
  level: 'http',
  message: 'incoming-request',
  timestamp: '2024-07-04 01:10:19.523 PM'
}
{
  method: 'GET',
  url: '/api/v1/property/?page=1',
  status: 304,
  response_time: 103.382,
  level: 'http',
  message: 'incoming-request',
  timestamp: '2024-07-04 01:10:21.083 PM'
}
{
  method: 'GET',
  url: '/api/v1/property/?page=1',
  status: 304,
  response_time: 103.178,
  level: 'http',
  message: 'incoming-request',
  timestamp: '2024-07-04 01:10:25.907 PM'
}
{
  method: 'GET',
  url: '/api/v1/property/?page=1',
  status: 304,
  response_time: 102.853,
  level: 'http',
  message: 'incoming-request',
  timestamp: '2024-07-04 01:10:41.430 PM'
}
{
  method: 'GET',
  url: '/api/v1/property/?page=1',
  status: 304,
  response_time: 103.854,
  level: 'http',
  message: 'incoming-request',
  timestamp: '2024-07-04 01:10:45.922 PM'
}
{
  method: 'GET',
  url: '/api/v1/property/?page=1',
  status: 304,
  response_time: 103.152,
  level: 'http',
  message: 'incoming-request',
  timestamp: '2024-07-04 01:10:57.054 PM'
}
{
  method: 'GET',
  url: '/api/v1/property/666720f01ed8af0105a0d444',
  status: 200,
  content_length: '457',
  response_time: 54.637,
  level: 'http',
  message: 'incoming-request',
  timestamp: '2024-07-04 01:11:00.812 PM'
}
{
  method: 'GET',
  url: '/api/v1/property/?page=0',
  status: 200,
  content_length: '2719',
  response_time: 102.812,
  level: 'http',
  message: 'incoming-request',
  timestamp: '2024-07-04 01:11:00.859 PM'
}
{
  method: 'GET',
  url: '/api/v1/property/?page=1',
  status: 304,
  response_time: 104.097,
  level: 'http',
  message: 'incoming-request',
  timestamp: '2024-07-04 01:12:40.771 PM'
}
{
  method: 'GET',
  url: '/api/v1/property/?page=1',
  status: 304,
  response_time: 108.998,
  level: 'http',
  message: 'incoming-request',
  timestamp: '2024-07-04 01:12:42.867 PM'
}
{
  method: 'GET',
  url: '/api/v1/property/?page=2',
  status: 304,
  response_time: 103.713,
  level: 'http',
  message: 'incoming-request',
  timestamp: '2024-07-04 01:12:44.434 PM'
}
{
  method: 'GET',
  url: '/api/v1/property/?page=2',
  status: 304,
  response_time: 103.647,
  level: 'http',
  message: 'incoming-request',
  timestamp: '2024-07-04 01:12:53.134 PM'
}
{
  method: 'GET',
  url: '/api/v1/property/?page=2',
  status: 304,
  response_time: 103.927,
  level: 'http',
  message: 'incoming-request',
  timestamp: '2024-07-04 01:12:55.186 PM'
}
{
  method: 'GET',
  url: '/api/v1/property/?page=2',
  status: 304,
  response_time: 102.28,
  level: 'http',
  message: 'incoming-request',
  timestamp: '2024-07-04 01:14:36.463 PM'
}
{
  method: 'GET',
  url: '/api/v1/property/?page=2',
  status: 304,
  response_time: 142.195,
  level: 'http',
  message: 'incoming-request',
  timestamp: '2024-07-04 01:14:44.278 PM'
}
{
  method: 'GET',
  url: '/api/v1/property/?page=2',
  status: 304,
  response_time: 104.619,
  level: 'http',
  message: 'incoming-request',
  timestamp: '2024-07-04 01:14:53.329 PM'
}
{
  method: 'GET',
  url: '/api/v1/property/?page=1',
  status: 304,
  response_time: 103.984,
  level: 'http',
  message: 'incoming-request',
  timestamp: '2024-07-04 01:14:58.371 PM'
}
{
  method: 'GET',
  url: '/api/v1/property/?page=1',
  status: 304,
  response_time: 123.382,
  level: 'http',
  message: 'incoming-request',
  timestamp: '2024-07-04 01:18:24.770 PM'
}
{
  method: 'GET',
  url: '/api/v1/property/?page=1',
  status: 304,
  response_time: 103.905,
  level: 'http',
  message: 'incoming-request',
  timestamp: '2024-07-04 01:23:18.336 PM'
}
{
  method: 'GET',
  url: '/api/v1/property/?page=1',
  status: 304,
  response_time: 104.402,
  level: 'http',
  message: 'incoming-request',
  timestamp: '2024-07-04 01:23:42.276 PM'
}
{
  method: 'GET',
  url: '/api/v1/property/?page=1',
  status: 304,
  response_time: 103.804,
  level: 'http',
  message: 'incoming-request',
  timestamp: '2024-07-04 01:23:46.778 PM'
}
{
  method: 'GET',
  url: '/api/v1/property/?page=1',
  status: 304,
  response_time: 102.916,
  level: 'http',
  message: 'incoming-request',
  timestamp: '2024-07-04 01:23:48.435 PM'
}
{
  method: 'GET',
  url: '/api/v1/property/?page=1',
  status: 304,
  response_time: 104.427,
  level: 'http',
  message: 'incoming-request',
  timestamp: '2024-07-04 01:23:53.183 PM'
}
{
  method: 'GET',
  url: '/api/v1/property/?page=1',
  status: 304,
  response_time: 103.725,
  level: 'http',
  message: 'incoming-request',
  timestamp: '2024-07-04 01:24:02.761 PM'
}
{
  method: 'GET',
  url: '/api/v1/property/?page=1',
  status: 304,
  response_time: 102.789,
  level: 'http',
  message: 'incoming-request',
  timestamp: '2024-07-04 01:24:07.605 PM'
}
{
  method: 'GET',
  url: '/api/v1/property/?page=1',
  status: 304,
  response_time: 103.187,
  level: 'http',
  message: 'incoming-request',
  timestamp: '2024-07-04 01:24:23.116 PM'
}
{
  method: 'GET',
  url: '/api/v1/property/?page=1',
  status: 304,
  response_time: 103.156,
  level: 'http',
  message: 'incoming-request',
  timestamp: '2024-07-04 01:24:25.665 PM'
}
{
  method: 'GET',
  url: '/api/v1/property/?page=1',
  status: 304,
  response_time: 103.448,
  level: 'http',
  message: 'incoming-request',
  timestamp: '2024-07-04 01:24:40.463 PM'
}
{
  method: 'GET',
  url: '/api/v1/property/?page=1',
  status: 304,
  response_time: 103.498,
  level: 'http',
  message: 'incoming-request',
  timestamp: '2024-07-04 01:26:43.818 PM'
}
{
  method: 'GET',
  url: '/api/v1/property/?page=1',
  status: 304,
  response_time: 103.227,
  level: 'http',
  message: 'incoming-request',
  timestamp: '2024-07-04 01:26:50.850 PM'
}
{
  method: 'GET',
  url: '/api/v1/property/?page=1',
  status: 304,
  response_time: 102.988,
  level: 'http',
  message: 'incoming-request',
  timestamp: '2024-07-04 01:27:19.487 PM'
}
{
  method: 'GET',
  url: '/api/v1/property/?page=1',
  status: 304,
  response_time: 103.18,
  level: 'http',
  message: 'incoming-request',
  timestamp: '2024-07-04 01:27:28.662 PM'
}
{
  method: 'GET',
  url: '/api/v1/property/?page=1',
  status: 304,
  response_time: 108.495,
  level: 'http',
  message: 'incoming-request',
  timestamp: '2024-07-04 01:27:45.989 PM'
}
{
  method: 'GET',
  url: '/api/v1/property/?page=1',
  status: 304,
  response_time: 114.721,
  level: 'http',
  message: 'incoming-request',
  timestamp: '2024-07-04 01:29:09.711 PM'
}
{
  method: 'GET',
  url: '/api/v1/property/?page=1',
  status: 304,
  response_time: 102.962,
  level: 'http',
  message: 'incoming-request',
  timestamp: '2024-07-04 01:29:42.323 PM'
}
{
  method: 'GET',
  url: '/api/v1/property/?page=1',
  status: 304,
  response_time: 115.252,
  level: 'http',
  message: 'incoming-request',
  timestamp: '2024-07-04 01:29:51.027 PM'
}
{
  method: 'GET',
  url: '/api/v1/property/?page=1',
  status: 304,
  response_time: 106.341,
  level: 'http',
  message: 'incoming-request',
  timestamp: '2024-07-04 01:30:00.013 PM'
}
{
  method: 'GET',
  url: '/api/v1/property/?page=1',
  status: 304,
  response_time: 138.465,
  level: 'http',
  message: 'incoming-request',
  timestamp: '2024-07-04 01:30:14.370 PM'
}
{
  method: 'GET',
  url: '/api/v1/property/?page=1',
  status: 304,
  response_time: 104.224,
  level: 'http',
  message: 'incoming-request',
  timestamp: '2024-07-04 01:32:08.631 PM'
}
{
  method: 'GET',
  url: '/api/v1/property/?page=2',
  status: 304,
  response_time: 102.334,
  level: 'http',
  message: 'incoming-request',
  timestamp: '2024-07-04 01:32:12.067 PM'
}
{
  method: 'GET',
  url: '/api/v1/property/?page=1',
  status: 304,
  response_time: 104.979,
  level: 'http',
  message: 'incoming-request',
  timestamp: '2024-07-04 01:33:48.052 PM'
}
{
  method: 'GET',
  url: '/api/v1/property/?page=1',
  status: 304,
  response_time: 102.633,
  level: 'http',
  message: 'incoming-request',
  timestamp: '2024-07-04 01:33:49.823 PM'
}
{
  method: 'GET',
  url: '/api/v1/property/?page=1',
  status: 304,
  response_time: 103.197,
  level: 'http',
  message: 'incoming-request',
  timestamp: '2024-07-04 01:33:52.950 PM'
}
{
  method: 'GET',
  url: '/api/v1/property/?page=1',
  status: 304,
  response_time: 103.704,
  level: 'http',
  message: 'incoming-request',
  timestamp: '2024-07-04 01:34:01.200 PM'
}
{
  method: 'GET',
  url: '/api/v1/property/?page=1',
  status: 304,
  response_time: 102.913,
  level: 'http',
  message: 'incoming-request',
  timestamp: '2024-07-04 01:34:06.223 PM'
}
{
  method: 'GET',
  url: '/api/v1/property/?page=1',
  status: 304,
  response_time: 107.862,
  level: 'http',
  message: 'incoming-request',
  timestamp: '2024-07-04 01:34:14.696 PM'
}
{
  method: 'GET',
  url: '/api/v1/property/?page=1',
  status: 304,
  response_time: 103.03,
  level: 'http',
  message: 'incoming-request',
  timestamp: '2024-07-04 01:34:24.229 PM'
}
{
  method: 'GET',
  url: '/api/v1/property/?page=1',
  status: 304,
  response_time: 103.797,
  level: 'http',
  message: 'incoming-request',
  timestamp: '2024-07-04 01:34:28.249 PM'
}
{
  method: 'GET',
  url: '/api/v1/property/?page=1',
  status: 304,
  response_time: 102.549,
  level: 'http',
  message: 'incoming-request',
  timestamp: '2024-07-04 01:34:41.630 PM'
}
{
  method: 'GET',
  url: '/api/v1/property/?page=2',
  status: 304,
  response_time: 104.548,
  level: 'http',
  message: 'incoming-request',
  timestamp: '2024-07-04 01:34:43.239 PM'
}
{
  method: 'GET',
  url: '/api/v1/property/?page=1',
  status: 304,
  response_time: 103.259,
  level: 'http',
  message: 'incoming-request',
  timestamp: '2024-07-04 01:35:10.370 PM'
}
{
  method: 'GET',
  url: '/api/v1/property/?page=2',
  status: 304,
  response_time: 103.422,
  level: 'http',
  message: 'incoming-request',
  timestamp: '2024-07-04 01:35:40.712 PM'
}
{
  method: 'GET',
  url: '/api/v1/property/?page=1',
  status: 304,
  response_time: 101.458,
  level: 'http',
  message: 'incoming-request',
  timestamp: '2024-07-04 01:36:02.015 PM'
}
{
  method: 'GET',
  url: '/api/v1/property/?page=1',
  status: 304,
  response_time: 100.121,
  level: 'http',
  message: 'incoming-request',
  timestamp: '2024-07-04 01:36:22.404 PM'
}
{
  method: 'GET',
  url: '/api/v1/property/?page=1',
  status: 304,
  response_time: 106.065,
  level: 'http',
  message: 'incoming-request',
  timestamp: '2024-07-04 01:38:08.726 PM'
}
{
  method: 'GET',
  url: '/api/v1/property/?page=1',
  status: 304,
  response_time: 107.848,
  level: 'http',
  message: 'incoming-request',
  timestamp: '2024-07-04 01:38:59.075 PM'
}
{
  method: 'GET',
  url: '/api/v1/property/?page=1',
  status: 304,
  response_time: 100.347,
  level: 'http',
  message: 'incoming-request',
  timestamp: '2024-07-04 01:39:05.649 PM'
}
{
  method: 'GET',
  url: '/api/v1/property/?page=1',
  status: 304,
  response_time: 101.052,
  level: 'http',
  message: 'incoming-request',
  timestamp: '2024-07-04 01:39:13.420 PM'
}
{
  method: 'GET',
  url: '/api/v1/property/?page=1',
  status: 304,
  response_time: 112.35,
  level: 'http',
  message: 'incoming-request',
  timestamp: '2024-07-04 01:39:30.482 PM'
}
{
  method: 'GET',
  url: '/api/v1/property/?page=1',
  status: 304,
  response_time: 102.834,
  level: 'http',
  message: 'incoming-request',
  timestamp: '2024-07-04 01:40:54.420 PM'
}
{
  method: 'GET',
  url: '/api/v1/property/666720f01ed8af0105a0d444',
  status: 304,
  response_time: 53.564,
  level: 'http',
  message: 'incoming-request',
  timestamp: '2024-07-04 01:40:59.763 PM'
}
{
  method: 'GET',
  url: '/api/v1/property/?page=0',
  status: 304,
  response_time: 104.413,
  level: 'http',
  message: 'incoming-request',
  timestamp: '2024-07-04 01:40:59.812 PM'
}
{
  method: 'GET',
  url: '/api/v1/property/?page=1',
  status: 304,
  response_time: 100.627,
  level: 'http',
  message: 'incoming-request',
  timestamp: '2024-07-04 01:41:01.229 PM'
}
{
  method: 'GET',
  url: '/api/v1/property/?page=2',
  status: 200,
  content_length: '949',
  response_time: 100.499,
  level: 'http',
  message: 'incoming-request',
  timestamp: '2024-07-04 01:41:03.282 PM'
}
{
  method: 'GET',
  url: '/api/v1/property/?page=1',
  status: 304,
  response_time: 100.763,
  level: 'http',
  message: 'incoming-request',
  timestamp: '2024-07-04 01:41:09.354 PM'
}
{
  method: 'GET',
  url: '/api/v1/property/?page=1',
  status: 304,
  response_time: 101.67,
  level: 'http',
  message: 'incoming-request',
  timestamp: '2024-07-04 01:41:13.544 PM'
}
{
  method: 'GET',
  url: '/api/v1/property/?page=1',
  status: 304,
  response_time: 102.325,
  level: 'http',
  message: 'incoming-request',
  timestamp: '2024-07-04 01:41:25.006 PM'
}
{
  method: 'GET',
  url: '/api/v1/property/?page=1',
  status: 304,
  response_time: 102.297,
  level: 'http',
  message: 'incoming-request',
  timestamp: '2024-07-04 01:41:25.227 PM'
}
{
  method: 'GET',
  url: '/api/v1/property/?page=1',
  status: 304,
  response_time: 102.398,
  level: 'http',
  message: 'incoming-request',
  timestamp: '2024-07-04 01:41:41.448 PM'
}
{
  method: 'GET',
  url: '/api/v1/property/?page=1',
  status: null,
  response_time: null,
  level: 'http',
  message: 'incoming-request',
  timestamp: '2024-07-04 01:41:42.413 PM'
}
{
  method: 'GET',
  url: '/api/v1/property/?page=1',
  status: 304,
  response_time: 102.157,
  level: 'http',
  message: 'incoming-request',
  timestamp: '2024-07-04 01:41:42.800 PM'
}
{
  method: 'GET',
  url: '/api/v1/property/?page=1',
  status: 200,
  content_length: '2719',
  response_time: 100.319,
  level: 'http',
  message: 'incoming-request',
  timestamp: '2024-07-04 01:41:43.571 PM'
}
{
  method: 'GET',
  url: '/api/v1/property/?page=1',
  status: 304,
  response_time: 100.443,
  level: 'http',
  message: 'incoming-request',
  timestamp: '2024-07-04 01:41:55.621 PM'
}
{
  method: 'GET',
  url: '/api/v1/property/?page=1',
  status: 304,
  response_time: 101.134,
  level: 'http',
  message: 'incoming-request',
  timestamp: '2024-07-04 01:41:56.014 PM'
}
{
  method: 'GET',
  url: '/api/v1/property/?page=1',
  status: 304,
  response_time: 101.536,
  level: 'http',
  message: 'incoming-request',
  timestamp: '2024-07-04 01:41:59.172 PM'
}
{
  method: 'GET',
  url: '/api/v1/property/?page=1',
  status: 304,
  response_time: 101.051,
  level: 'http',
  message: 'incoming-request',
  timestamp: '2024-07-04 01:41:59.470 PM'
}
{
  method: 'GET',
  url: '/api/v1/property/?page=1',
  status: 304,
  response_time: 101.663,
  level: 'http',
  message: 'incoming-request',
  timestamp: '2024-07-04 01:42:08.179 PM'
}
{
  method: 'GET',
  url: '/api/v1/property/?page=1',
  status: 304,
  response_time: 101.353,
  level: 'http',
  message: 'incoming-request',
  timestamp: '2024-07-04 01:42:08.647 PM'
}
{
  method: 'GET',
  url: '/api/v1/property/?page=1',
  status: 304,
  response_time: 100.766,
  level: 'http',
  message: 'incoming-request',
  timestamp: '2024-07-04 01:42:12.661 PM'
}
{
  method: 'GET',
  url: '/api/v1/property/?page=1',
  status: 304,
  response_time: 105.095,
  level: 'http',
  message: 'incoming-request',
  timestamp: '2024-07-04 01:42:13.148 PM'
}
{
  method: 'GET',
  url: '/api/v1/property/?page=1',
  status: 304,
  response_time: 101.398,
  level: 'http',
  message: 'incoming-request',
  timestamp: '2024-07-04 01:42:41.105 PM'
}
{
  method: 'GET',
  url: '/api/v1/property/?page=1',
  status: 304,
  response_time: 100.73,
  level: 'http',
  message: 'incoming-request',
  timestamp: '2024-07-04 01:42:41.741 PM'
}
{
  method: 'GET',
  url: '/api/v1/property/?page=1',
  status: 304,
  response_time: 100.536,
  level: 'http',
  message: 'incoming-request',
  timestamp: '2024-07-04 01:42:45.083 PM'
}
{
  method: 'GET',
  url: '/api/v1/property/?page=1',
  status: 304,
  response_time: 101.346,
  level: 'http',
  message: 'incoming-request',
  timestamp: '2024-07-04 01:42:45.479 PM'
}
{
  method: 'GET',
  url: '/api/v1/property/?page=1',
  status: 304,
  response_time: 100.845,
  level: 'http',
  message: 'incoming-request',
  timestamp: '2024-07-04 01:42:47.528 PM'
}
{
  method: 'GET',
  url: '/api/v1/property/?page=1',
  status: 304,
  response_time: 101.759,
  level: 'http',
  message: 'incoming-request',
  timestamp: '2024-07-04 01:42:47.735 PM'
}
{
  method: 'GET',
  url: '/api/v1/property/?page=1',
  status: 304,
  response_time: 110.397,
  level: 'http',
  message: 'incoming-request',
  timestamp: '2024-07-04 01:42:55.629 PM'
}
{
  method: 'GET',
  url: '/api/v1/property/?page=1',
  status: 304,
  response_time: 100.695,
  level: 'http',
  message: 'incoming-request',
  timestamp: '2024-07-04 01:42:56.319 PM'
}
{
  method: 'GET',
  url: '/api/v1/property/?page=1',
  status: 304,
  response_time: 100.576,
  level: 'http',
  message: 'incoming-request',
  timestamp: '2024-07-04 01:43:10.733 PM'
}
{
  method: 'GET',
  url: '/api/v1/property/?page=1',
  status: 304,
  response_time: 101.171,
  level: 'http',
  message: 'incoming-request',
  timestamp: '2024-07-04 01:43:11.252 PM'
}
{
  method: 'GET',
  url: '/api/v1/property/?page=1',
  status: 304,
  response_time: 102.116,
  level: 'http',
  message: 'incoming-request',
  timestamp: '2024-07-04 01:43:13.606 PM'
}
{
  method: 'GET',
  url: '/api/v1/property/?page=1',
  status: 304,
  response_time: 101.818,
  level: 'http',
  message: 'incoming-request',
  timestamp: '2024-07-04 01:43:14.023 PM'
}
{
  method: 'GET',
  url: '/api/v1/property/?page=1',
  status: 304,
  response_time: 102.492,
  level: 'http',
  message: 'incoming-request',
  timestamp: '2024-07-04 01:43:19.213 PM'
}
{
  method: 'GET',
  url: '/api/v1/property/?page=1',
  status: 304,
  response_time: 101.935,
  level: 'http',
  message: 'incoming-request',
  timestamp: '2024-07-04 01:43:19.537 PM'
}
{
  method: 'GET',
  url: '/api/v1/property/?page=1',
  status: 304,
  response_time: 100.703,
  level: 'http',
  message: 'incoming-request',
  timestamp: '2024-07-04 01:43:21.680 PM'
}
{
  method: 'GET',
  url: '/api/v1/property/?page=1',
  status: null,
  response_time: null,
  level: 'http',
  message: 'incoming-request',
  timestamp: '2024-07-04 01:43:23.364 PM'
}
{
  method: 'GET',
  url: '/api/v1/property/?page=1',
  status: 304,
  response_time: 101.068,
  level: 'http',
  message: 'incoming-request',
  timestamp: '2024-07-04 01:43:24.182 PM'
}
{
  method: 'GET',
  url: '/api/v1/property/?page=1',
  status: 200,
  content_length: '2719',
  response_time: 100.411,
  level: 'http',
  message: 'incoming-request',
  timestamp: '2024-07-04 01:43:25.265 PM'
}
{
  method: 'GET',
  url: '/api/v1/property/?page=1',
  status: 304,
  response_time: 101.041,
  level: 'http',
  message: 'incoming-request',
  timestamp: '2024-07-04 01:43:33.401 PM'
}
{
  method: 'GET',
  url: '/api/v1/property/?page=2',
  status: 304,
  response_time: 102.188,
  level: 'http',
  message: 'incoming-request',
  timestamp: '2024-07-04 01:43:34.377 PM'
}
{
  method: 'GET',
  url: '/api/v1/property/?page=1',
  status: 200,
  content_length: '2719',
  response_time: 102.68,
  level: 'http',
  message: 'incoming-request',
  timestamp: '2024-07-04 02:33:46.997 PM'
}
{
  method: 'GET',
  url: '/api/v1/property/?page=1',
  status: 304,
  response_time: 100.422,
  level: 'http',
  message: 'incoming-request',
  timestamp: '2024-07-04 02:41:21.734 PM'
}
{
  method: 'GET',
  url: '/api/v1/property/?page=1',
  status: 304,
  response_time: 100.345,
  level: 'http',
  message: 'incoming-request',
  timestamp: '2024-07-04 02:41:23.894 PM'
}
{
  method: 'GET',
  url: '/api/v1/property/?page=1',
  status: 304,
  response_time: 100.708,
  level: 'http',
  message: 'incoming-request',
  timestamp: '2024-07-04 02:43:43.495 PM'
}
{
  method: 'GET',
  url: '/api/v1/property/?page=1',
  status: 304,
  response_time: 100.505,
  level: 'http',
  message: 'incoming-request',
  timestamp: '2024-07-04 02:43:49.635 PM'
}
{
  method: 'GET',
  url: '/api/v1/property/666720f01ed8af0105a0d444',
  status: 304,
  response_time: 52.327,
  level: 'http',
  message: 'incoming-request',
  timestamp: '2024-07-04 02:43:55.826 PM'
}
{
  method: 'GET',
  url: '/api/v1/property/?page=0',
  status: 304,
  response_time: 101.273,
  level: 'http',
  message: 'incoming-request',
  timestamp: '2024-07-04 02:43:55.874 PM'
}
{
  method: 'GET',
  url: '/api/v1/property/?page=1',
  status: 304,
  response_time: 100.56,
  level: 'http',
  message: 'incoming-request',
  timestamp: '2024-07-04 02:43:57.516 PM'
}
{
  method: 'GET',
  url: '/api/v1/property/?page=1',
  status: 304,
  response_time: 118.963,
  level: 'http',
  message: 'incoming-request',
  timestamp: '2024-07-04 02:44:01.737 PM'
}
{
  method: 'GET',
  url: '/api/v1/property/?page=1',
  status: 304,
  response_time: 100.348,
  level: 'http',
  message: 'incoming-request',
  timestamp: '2024-07-04 02:44:02.461 PM'
}
{
  method: 'GET',
  url: '/api/v1/property/?page=1',
  status: 304,
  response_time: 101.25,
  level: 'http',
  message: 'incoming-request',
  timestamp: '2024-07-04 02:44:43.479 PM'
}
{
  method: 'GET',
  url: '/api/v1/property/?page=1',
  status: 304,
  response_time: 100.46,
  level: 'http',
  message: 'incoming-request',
  timestamp: '2024-07-04 02:44:43.886 PM'
}
{
  method: 'GET',
  url: '/api/v1/property/?page=1',
  status: 304,
  response_time: 101.038,
  level: 'http',
  message: 'incoming-request',
  timestamp: '2024-07-04 02:44:54.217 PM'
}
{
  method: 'GET',
  url: '/api/v1/property/?page=1',
  status: 304,
  response_time: 100.722,
  level: 'http',
  message: 'incoming-request',
  timestamp: '2024-07-04 02:44:54.630 PM'
}
{
  method: 'GET',
  url: '/api/v1/property/?page=1',
  status: 304,
  response_time: 102.062,
  level: 'http',
  message: 'incoming-request',
  timestamp: '2024-07-04 02:45:05.479 PM'
}
{
  method: 'GET',
  url: '/api/v1/property/?page=1',
  status: 304,
  response_time: 100.616,
  level: 'http',
  message: 'incoming-request',
  timestamp: '2024-07-04 02:45:05.798 PM'
}
{
  method: 'GET',
  url: '/api/v1/property/?page=1',
  status: 304,
  response_time: 101.966,
  level: 'http',
  message: 'incoming-request',
  timestamp: '2024-07-04 02:45:41.775 PM'
}
{
  method: 'GET',
  url: '/api/v1/property/?page=1',
  status: 304,
  response_time: 103.881,
  level: 'http',
  message: 'incoming-request',
  timestamp: '2024-07-04 02:45:42.183 PM'
}
{
  method: 'GET',
  url: '/api/v1/property/?page=1',
  status: 304,
  response_time: 102.959,
  level: 'http',
  message: 'incoming-request',
  timestamp: '2024-07-04 02:46:09.379 PM'
}
{
  method: 'GET',
  url: '/api/v1/property/?page=1',
  status: 304,
  response_time: 100.185,
  level: 'http',
  message: 'incoming-request',
  timestamp: '2024-07-04 02:46:09.842 PM'
}
{
  method: 'GET',
  url: '/api/v1/property/?page=2',
  status: 304,
  response_time: 102.506,
  level: 'http',
  message: 'incoming-request',
  timestamp: '2024-07-04 02:46:15.522 PM'
}
{
  method: 'GET',
  url: '/api/v1/property/?page=2',
  status: 304,
  response_time: 100.165,
  level: 'http',
  message: 'incoming-request',
  timestamp: '2024-07-04 02:47:36.395 PM'
}
{
  method: 'GET',
  url: '/api/v1/property/?page=2',
  status: 200,
  content_length: '949',
  response_time: 104.576,
  level: 'http',
  message: 'incoming-request',
  timestamp: '2024-07-04 02:52:25.368 PM'
}
{
  method: 'GET',
  url: '/api/v1/property/?page=1',
  status: 304,
  response_time: 101.03,
  level: 'http',
  message: 'incoming-request',
  timestamp: '2024-07-04 02:52:25.700 PM'
}
{
  method: 'GET',
  url: '/api/v1/property/?page=2',
  status: 200,
  content_length: '949',
  response_time: 102.192,
  level: 'http',
  message: 'incoming-request',
  timestamp: '2024-07-04 02:54:33.751 PM'
}
{
  method: 'GET',
  url: '/api/v1/property/?page=1',
  status: 304,
  response_time: 105.129,
  level: 'http',
  message: 'incoming-request',
  timestamp: '2024-07-04 02:54:34.178 PM'
}
{
  method: 'GET',
  url: '/api/v1/property/?page=2',
  status: 304,
  response_time: 102.777,
  level: 'http',
  message: 'incoming-request',
  timestamp: '2024-07-04 02:54:35.664 PM'
}
{
  method: 'GET',
  url: '/api/v1/property/?page=1',
  status: 304,
  response_time: 106.935,
  level: 'http',
  message: 'incoming-request',
  timestamp: '2024-07-04 02:54:36.009 PM'
}
{
  method: 'GET',
  url: '/api/v1/property/?page=2',
  status: 304,
  response_time: 99.815,
  level: 'http',
  message: 'incoming-request',
  timestamp: '2024-07-04 02:54:49.439 PM'
}
{
  method: 'GET',
  url: '/api/v1/property/?page=1',
  status: 304,
  response_time: 100.263,
  level: 'http',
  message: 'incoming-request',
  timestamp: '2024-07-04 02:54:49.862 PM'
}
{
  method: 'GET',
  url: '/api/v1/property/?page=2',
  status: 304,
  response_time: 102.542,
  level: 'http',
  message: 'incoming-request',
  timestamp: '2024-07-04 02:54:59.855 PM'
}
{
  method: 'GET',
  url: '/api/v1/property/?page=1',
  status: 304,
  response_time: 100.456,
  level: 'http',
  message: 'incoming-request',
  timestamp: '2024-07-04 02:55:01.107 PM'
}
{
  method: 'GET',
  url: '/api/v1/property/?page=2',
  status: 304,
  response_time: 100.041,
  level: 'http',
  message: 'incoming-request',
  timestamp: '2024-07-04 02:58:25.146 PM'
}
{
  method: 'GET',
  url: '/api/v1/property/?page=1',
  status: 304,
  response_time: 100.885,
  level: 'http',
  message: 'incoming-request',
  timestamp: '2024-07-04 02:58:25.340 PM'
}
{
  method: 'GET',
  url: '/api/v1/property/?page=2',
  status: 304,
  response_time: 100.33,
  level: 'http',
  message: 'incoming-request',
  timestamp: '2024-07-04 02:58:28.836 PM'
}
{
  method: 'GET',
  url: '/api/v1/property/?page=1',
  status: 304,
  response_time: 112.498,
  level: 'http',
  message: 'incoming-request',
  timestamp: '2024-07-04 02:58:29.364 PM'
}
{
  method: 'GET',
  url: '/api/v1/property/?page=2',
  status: 304,
  response_time: 100.977,
  level: 'http',
  message: 'incoming-request',
  timestamp: '2024-07-04 03:01:31.358 PM'
}
{
  method: 'GET',
  url: '/api/v1/property/?page=1',
  status: null,
  response_time: null,
  level: 'http',
  message: 'incoming-request',
  timestamp: '2024-07-04 03:01:32.094 PM'
}
{
  method: 'GET',
  url: '/api/v1/property/?page=2',
  status: 304,
  response_time: 106.345,
  level: 'http',
  message: 'incoming-request',
  timestamp: '2024-07-04 03:01:32.865 PM'
}
{
  method: 'GET',
  url: '/api/v1/property/?page=1',
  status: 200,
  content_length: '2719',
  response_time: 100.999,
  level: 'http',
  message: 'incoming-request',
  timestamp: '2024-07-04 03:01:33.455 PM'
}
{
  method: 'GET',
  url: '/api/v1/property/?page=2',
  status: 304,
  response_time: 101.039,
  level: 'http',
  message: 'incoming-request',
  timestamp: '2024-07-04 03:01:36.126 PM'
}
{
  method: 'GET',
  url: '/api/v1/property/?page=1',
  status: 304,
  response_time: 102.777,
  level: 'http',
  message: 'incoming-request',
  timestamp: '2024-07-04 03:01:36.573 PM'
}
{
  method: 'GET',
  url: '/api/v1/property/?page=2',
  status: 304,
  response_time: 108.911,
  level: 'http',
  message: 'incoming-request',
  timestamp: '2024-07-04 03:01:40.557 PM'
}
{
  method: 'GET',
  url: '/api/v1/property/?page=1',
  status: 304,
  response_time: 102.547,
  level: 'http',
  message: 'incoming-request',
  timestamp: '2024-07-04 03:01:40.954 PM'
}
{
  method: 'GET',
  url: '/api/v1/property/?page=2',
  status: 304,
  response_time: 100.39,
  level: 'http',
  message: 'incoming-request',
  timestamp: '2024-07-04 03:01:42.287 PM'
}
{
  method: 'GET',
  url: '/api/v1/property/?page=1',
  status: 304,
  response_time: 104.743,
  level: 'http',
  message: 'incoming-request',
  timestamp: '2024-07-04 03:01:42.673 PM'
}
{
  method: 'GET',
  url: '/api/v1/property/?page=1',
  status: 304,
  response_time: 104.504,
  level: 'http',
  message: 'incoming-request',
  timestamp: '2024-07-04 03:01:45.106 PM'
}
{
  method: 'GET',
  url: '/api/v1/property/?page=2',
  status: 304,
  response_time: 109.491,
  level: 'http',
  message: 'incoming-request',
  timestamp: '2024-07-04 03:01:45.217 PM'
}
{
  method: 'GET',
  url: '/api/v1/property/?page=1',
  status: 304,
  response_time: 100.316,
  level: 'http',
  message: 'incoming-request',
  timestamp: '2024-07-04 03:01:49.716 PM'
}
{
  method: 'GET',
  url: '/api/v1/property/?page=2',
  status: 304,
  response_time: 100.29,
  level: 'http',
  message: 'incoming-request',
  timestamp: '2024-07-04 03:01:52.027 PM'
}
{
  method: 'GET',
  url: '/api/v1/property/?page=1',
  status: 304,
  response_time: 101.522,
  level: 'http',
  message: 'incoming-request',
  timestamp: '2024-07-04 03:01:59.464 PM'
}
{
  method: 'GET',
  url: '/api/v1/property/?page=2',
  status: 304,
  response_time: 100.829,
  level: 'http',
  message: 'incoming-request',
  timestamp: '2024-07-04 03:02:44.702 PM'
}
{
  method: 'GET',
  url: '/api/v1/property/?page=1',
  status: 304,
  response_time: 102.168,
  level: 'http',
  message: 'incoming-request',
  timestamp: '2024-07-04 03:02:44.780 PM'
}
{
  method: 'GET',
  url: '/api/v1/property/?page=1',
  status: 304,
  response_time: 104.631,
  level: 'http',
  message: 'incoming-request',
  timestamp: '2024-07-04 03:02:45.007 PM'
}
{
  method: 'GET',
  url: '/api/v1/property/?page=2',
  status: 304,
  response_time: 102.692,
  level: 'http',
  message: 'incoming-request',
  timestamp: '2024-07-04 03:02:56.106 PM'
}
{
  method: 'GET',
  url: '/api/v1/property/?page=1',
  status: 304,
  response_time: 100.708,
  level: 'http',
  message: 'incoming-request',
  timestamp: '2024-07-04 03:02:56.131 PM'
}
{
  method: 'GET',
  url: '/api/v1/property/?page=1',
  status: 304,
  response_time: 100.322,
  level: 'http',
  message: 'incoming-request',
  timestamp: '2024-07-04 03:02:56.498 PM'
}
{
  method: 'GET',
  url: '/api/v1/property/?page=1',
  status: 304,
  response_time: 100.596,
  level: 'http',
  message: 'incoming-request',
  timestamp: '2024-07-04 03:04:13.742 PM'
}
{
  method: 'GET',
  url: '/api/v1/property/?page=2',
  status: 304,
  response_time: 104.944,
  level: 'http',
  message: 'incoming-request',
  timestamp: '2024-07-04 03:04:13.831 PM'
}
{
  method: 'GET',
  url: '/api/v1/property/?page=1',
  status: 304,
  response_time: 102.52,
  level: 'http',
  message: 'incoming-request',
  timestamp: '2024-07-04 03:04:14.111 PM'
}
{
  method: 'GET',
  url: '/api/v1/property/?page=2',
  status: 304,
  response_time: 110.638,
  level: 'http',
  message: 'incoming-request',
  timestamp: '2024-07-04 03:04:37.004 PM'
}
{
  method: 'GET',
  url: '/api/v1/property/?page=1',
  status: 304,
  response_time: 102.023,
  level: 'http',
  message: 'incoming-request',
  timestamp: '2024-07-04 03:04:37.008 PM'
}
{
  method: 'GET',
  url: '/api/v1/property/?page=1',
  status: 304,
  response_time: 100.136,
  level: 'http',
  message: 'incoming-request',
  timestamp: '2024-07-04 03:04:37.418 PM'
}
{
  method: 'GET',
  url: '/api/v1/property/?page=2',
  status: 304,
  response_time: 100.176,
  level: 'http',
  message: 'incoming-request',
  timestamp: '2024-07-04 03:04:39.878 PM'
}
{
  method: 'GET',
  url: '/api/v1/property/?page=1',
  status: 304,
  response_time: 109.674,
  level: 'http',
  message: 'incoming-request',
  timestamp: '2024-07-04 03:04:39.961 PM'
}
{
  method: 'GET',
  url: '/api/v1/property/?page=1',
  status: 304,
  response_time: 107.4,
  level: 'http',
  message: 'incoming-request',
  timestamp: '2024-07-04 03:04:40.464 PM'
}
{
  method: 'GET',
  url: '/api/v1/property/?page=1',
  status: 304,
  response_time: 107.196,
  level: 'http',
  message: 'incoming-request',
  timestamp: '2024-07-04 03:04:43.164 PM'
}
{
  method: 'GET',
  url: '/api/v1/property/?page=2',
  status: 304,
  response_time: 100.291,
  level: 'http',
  message: 'incoming-request',
  timestamp: '2024-07-04 03:04:43.214 PM'
}
{
  method: 'GET',
  url: '/api/v1/property/?page=1',
  status: 304,
  response_time: 101.539,
  level: 'http',
  message: 'incoming-request',
  timestamp: '2024-07-04 03:04:43.437 PM'
}
{
  method: 'GET',
  url: '/api/v1/property/?page=2',
  status: 304,
  response_time: 101.95,
  level: 'http',
  message: 'incoming-request',
  timestamp: '2024-07-04 03:04:47.771 PM'
}
{
  method: 'GET',
  url: '/api/v1/property/?page=1',
  status: 304,
  response_time: 103.001,
  level: 'http',
  message: 'incoming-request',
  timestamp: '2024-07-04 03:04:47.814 PM'
}
{
  method: 'GET',
  url: '/api/v1/property/?page=1',
  status: 304,
  response_time: 102.056,
  level: 'http',
  message: 'incoming-request',
  timestamp: '2024-07-04 03:04:47.917 PM'
}
{
  method: 'GET',
  url: '/api/v1/property/?page=2',
  status: 304,
  response_time: 102.189,
  level: 'http',
  message: 'incoming-request',
  timestamp: '2024-07-04 03:05:14.005 PM'
}
{
  method: 'GET',
  url: '/api/v1/property/?page=1',
  status: 304,
  response_time: 104.056,
  level: 'http',
  message: 'incoming-request',
  timestamp: '2024-07-04 03:05:14.178 PM'
}
{
  method: 'GET',
  url: '/api/v1/property/?page=1',
  status: 304,
  response_time: 106.048,
  level: 'http',
  message: 'incoming-request',
  timestamp: '2024-07-04 03:05:14.438 PM'
}
{
  method: 'GET',
  url: '/api/v1/property/?page=2',
  status: 304,
  response_time: 103.974,
  level: 'http',
  message: 'incoming-request',
  timestamp: '2024-07-04 03:05:18.276 PM'
}
{
  method: 'GET',
  url: '/api/v1/property/?page=1',
  status: 304,
  response_time: 100.2,
  level: 'http',
  message: 'incoming-request',
  timestamp: '2024-07-04 03:05:18.319 PM'
}
{
  method: 'GET',
  url: '/api/v1/property/?page=1',
  status: 304,
  response_time: 102.733,
  level: 'http',
  message: 'incoming-request',
  timestamp: '2024-07-04 03:05:18.578 PM'
}
{
  method: 'GET',
  url: '/api/v1/property/?page=1',
  status: 304,
  response_time: 109.866,
  level: 'http',
  message: 'incoming-request',
  timestamp: '2024-07-04 03:05:22.312 PM'
}
{
  method: 'GET',
  url: '/api/v1/property/?page=2',
  status: 304,
  response_time: 102.817,
  level: 'http',
  message: 'incoming-request',
  timestamp: '2024-07-04 03:05:22.320 PM'
}
{
  method: 'GET',
  url: '/api/v1/property/?page=1',
  status: 304,
  response_time: 102.841,
  level: 'http',
  message: 'incoming-request',
  timestamp: '2024-07-04 03:05:22.758 PM'
}
{
  method: 'GET',
  url: '/api/v1/property/?page=2',
  status: 304,
  response_time: 103.388,
  level: 'http',
  message: 'incoming-request',
  timestamp: '2024-07-04 03:05:25.978 PM'
}
{
  method: 'GET',
  url: '/api/v1/property/?page=1',
  status: 304,
  response_time: 117.813,
  level: 'http',
  message: 'incoming-request',
  timestamp: '2024-07-04 03:05:26.018 PM'
}
{
  method: 'GET',
  url: '/api/v1/property/?page=1',
  status: null,
  response_time: null,
  level: 'http',
  message: 'incoming-request',
  timestamp: '2024-07-04 03:05:27.499 PM'
}
{
  method: 'GET',
  url: '/api/v1/property/?page=1',
  status: 200,
  content_length: '2719',
  response_time: 108.579,
  level: 'http',
  message: 'incoming-request',
  timestamp: '2024-07-04 03:05:33.588 PM'
}
{
  method: 'GET',
  url: '/api/v1/property/?page=2',
  status: 200,
  content_length: '949',
  response_time: 107.491,
  level: 'http',
  message: 'incoming-request',
  timestamp: '2024-07-04 03:05:33.796 PM'
}
{
  method: 'GET',
  url: '/api/v1/property/?page=1',
  status: 304,
  response_time: 100.281,
  level: 'http',
  message: 'incoming-request',
  timestamp: '2024-07-04 03:05:33.985 PM'
}
{
  method: 'GET',
  url: '/api/v1/property/?page=1',
  status: 304,
  response_time: 107.498,
  level: 'http',
  message: 'incoming-request',
  timestamp: '2024-07-04 03:05:46.801 PM'
}
{
  method: 'GET',
  url: '/api/v1/property/?page=2',
  status: 304,
  response_time: 104.996,
  level: 'http',
  message: 'incoming-request',
  timestamp: '2024-07-04 03:05:46.862 PM'
}
{
  method: 'GET',
  url: '/api/v1/property/?page=1',
  status: 304,
  response_time: 102.533,
  level: 'http',
  message: 'incoming-request',
  timestamp: '2024-07-04 03:05:46.990 PM'
}
{
  method: 'GET',
  url: '/api/v1/property/?page=2',
  status: 304,
  response_time: 102.42,
  level: 'http',
  message: 'incoming-request',
  timestamp: '2024-07-04 03:05:53.082 PM'
}
{
  method: 'GET',
  url: '/api/v1/property/?page=1',
  status: 304,
  response_time: 103.383,
  level: 'http',
  message: 'incoming-request',
  timestamp: '2024-07-04 03:05:53.190 PM'
}
{
  method: 'GET',
  url: '/api/v1/property/?page=1',
  status: 304,
  response_time: 102.499,
  level: 'http',
  message: 'incoming-request',
  timestamp: '2024-07-04 03:05:53.474 PM'
}
{
  method: 'GET',
  url: '/api/v1/property/?page=1',
  status: 304,
  response_time: 104.392,
  level: 'http',
  message: 'incoming-request',
  timestamp: '2024-07-04 03:06:03.728 PM'
}
{
  method: 'GET',
  url: '/api/v1/property/?page=2',
  status: 304,
  response_time: 101.825,
  level: 'http',
  message: 'incoming-request',
  timestamp: '2024-07-04 03:06:03.834 PM'
}
{
  method: 'GET',
  url: '/api/v1/property/?page=1',
  status: 304,
  response_time: 102.479,
  level: 'http',
  message: 'incoming-request',
  timestamp: '2024-07-04 03:06:04.004 PM'
}
