{
  method: 'GET',
  url: '/api/v1/property/666720f01ed8af0105a0d444',
  status: 200,
  content_length: '457',
  response_time: 10012.996,
  level: 'http',
  message: 'incoming-request',
  timestamp: '2024-11-16 08:51:54.357 AM'
}
{
  method: 'GET',
  url: '/api/v1/property/?page=1',
  status: 200,
  content_length: '471',
  response_time: 10014.042,
  level: 'http',
  message: 'incoming-request',
  timestamp: '2024-11-16 08:51:54.362 AM'
}
{
  message: 'Server on 1997 running. NodeENV: development  ',
  level: 'info',
  timestamp: '2024-11-16 08:52:06.951 AM'
}
{
  message: 'Server on 1997 running. NodeENV: development  ',
  level: 'info',
  timestamp: '2024-11-16 08:52:51.484 AM'
}
{
  method: 'GET',
  url: '/api/v1/property/666720f01ed8af0105a0d444',
  status: 200,
  content_length: '572',
  response_time: 66.817,
  level: 'http',
  message: 'incoming-request',
  timestamp: '2024-11-16 09:03:44.145 AM'
}
{
  method: 'GET',
  url: '/api/v1/property/?page=1',
  status: 200,
  content_length: '3367',
  response_time: 116.222,
  level: 'http',
  message: 'incoming-request',
  timestamp: '2024-11-16 09:03:44.200 AM'
}
{
  method: 'GET',
  url: '/api/v1/user/profile',
  status: 200,
  content_length: '1277',
  response_time: 107.284,
  level: 'http',
  message: 'incoming-request',
  timestamp: '2024-11-16 09:03:46.318 AM'
}
{
  method: 'GET',
  url: '/api/v1/user/profile',
  status: 304,
  response_time: 103.403,
  level: 'http',
  message: 'incoming-request',
  timestamp: '2024-11-16 09:10:47.564 AM'
}
{
  method: 'GET',
  url: '/api/v1/property/666720f01ed8af0105a0d444',
  status: 200,
  content_length: '572',
  response_time: 51.643,
  level: 'http',
  message: 'incoming-request',
  timestamp: '2024-11-16 09:10:47.971 AM'
}
{
  method: 'GET',
  url: '/api/v1/property/?page=1',
  status: 200,
  content_length: '3367',
  response_time: 102.596,
  level: 'http',
  message: 'incoming-request',
  timestamp: '2024-11-16 09:10:48.024 AM'
}
{
  method: 'GET',
  url: '/api/v1/user/profile',
  status: 304,
  response_time: 101.764,
  level: 'http',
  message: 'incoming-request',
  timestamp: '2024-11-16 09:11:11.207 AM'
}
{
  method: 'GET',
  url: '/api/v1/property/666720f01ed8af0105a0d444',
  status: 200,
  content_length: '572',
  response_time: 50.54,
  level: 'http',
  message: 'incoming-request',
  timestamp: '2024-11-16 09:11:11.405 AM'
}
{
  method: 'GET',
  url: '/api/v1/property/?page=1',
  status: 200,
  content_length: '3367',
  response_time: 101.424,
  level: 'http',
  message: 'incoming-request',
  timestamp: '2024-11-16 09:11:11.458 AM'
}
{
  method: 'GET',
  url: '/api/v1/property/666720f01ed8af0105a0d444',
  status: 200,
  content_length: '572',
  response_time: 50.746,
  level: 'http',
  message: 'incoming-request',
  timestamp: '2024-11-16 09:12:17.779 AM'
}
{
  method: 'GET',
  url: '/api/v1/property/?page=1',
  status: 200,
  content_length: '3367',
  response_time: 100.847,
  level: 'http',
  message: 'incoming-request',
  timestamp: '2024-11-16 09:12:17.831 AM'
}
{
  method: 'GET',
  url: '/api/v1/user/profile',
  status: 304,
  response_time: 101.324,
  level: 'http',
  message: 'incoming-request',
  timestamp: '2024-11-16 09:12:25.318 AM'
}
{
  method: 'GET',
  url: '/api/v1/property/666720f01ed8af0105a0d444',
  status: 200,
  content_length: '572',
  response_time: 51.732,
  level: 'http',
  message: 'incoming-request',
  timestamp: '2024-11-16 09:12:25.624 AM'
}
{
  method: 'GET',
  url: '/api/v1/property/?page=1',
  status: 200,
  content_length: '3367',
  response_time: 104.783,
  level: 'http',
  message: 'incoming-request',
  timestamp: '2024-11-16 09:12:25.680 AM'
}
{
  method: 'GET',
  url: '/api/v1/property/666720f01ed8af0105a0d444',
  status: 200,
  content_length: '572',
  response_time: 50.524,
  level: 'http',
  message: 'incoming-request',
  timestamp: '2024-11-16 09:13:14.778 AM'
}
{
  method: 'GET',
  url: '/api/v1/property/?page=1',
  status: 200,
  content_length: '3367',
  response_time: 101.214,
  level: 'http',
  message: 'incoming-request',
  timestamp: '2024-11-16 09:13:14.830 AM'
}
{
  method: 'GET',
  url: '/api/v1/user/profile',
  status: 304,
  response_time: 102.63,
  level: 'http',
  message: 'incoming-request',
  timestamp: '2024-11-16 09:13:16.317 AM'
}
{
  method: 'GET',
  url: '/api/v1/property/666720f01ed8af0105a0d444',
  status: 200,
  content_length: '572',
  response_time: 50.75,
  level: 'http',
  message: 'incoming-request',
  timestamp: '2024-11-16 09:13:16.626 AM'
}
{
  method: 'GET',
  url: '/api/v1/property/?page=1',
  status: 200,
  content_length: '3367',
  response_time: 102.117,
  level: 'http',
  message: 'incoming-request',
  timestamp: '2024-11-16 09:13:16.679 AM'
}
{
  method: 'GET',
  url: '/api/v1/user/profile',
  status: 304,
  response_time: 101.363,
  level: 'http',
  message: 'incoming-request',
  timestamp: '2024-11-16 09:13:22.462 AM'
}
{
  method: 'GET',
  url: '/api/v1/property/666720f01ed8af0105a0d444',
  status: 200,
  content_length: '572',
  response_time: 64.824,
  level: 'http',
  message: 'incoming-request',
  timestamp: '2024-11-16 09:13:22.733 AM'
}
{
  method: 'GET',
  url: '/api/v1/property/?page=1',
  status: 200,
  content_length: '3367',
  response_time: 112.682,
  level: 'http',
  message: 'incoming-request',
  timestamp: '2024-11-16 09:13:22.782 AM'
}
{
  method: 'GET',
  url: '/api/v1/user/profile',
  status: 304,
  response_time: 101.125,
  level: 'http',
  message: 'incoming-request',
  timestamp: '2024-11-16 09:13:30.350 AM'
}
{
  method: 'GET',
  url: '/api/v1/property/666720f01ed8af0105a0d444',
  status: 200,
  content_length: '572',
  response_time: 51.018,
  level: 'http',
  message: 'incoming-request',
  timestamp: '2024-11-16 09:13:30.455 AM'
}
{
  method: 'GET',
  url: '/api/v1/property/?page=1',
  status: 200,
  content_length: '3367',
  response_time: 101.608,
  level: 'http',
  message: 'incoming-request',
  timestamp: '2024-11-16 09:13:30.508 AM'
}
{
  method: 'GET',
  url: '/api/v1/user/profile',
  status: 304,
  response_time: 102.701,
  level: 'http',
  message: 'incoming-request',
  timestamp: '2024-11-16 09:13:35.010 AM'
}
{
  method: 'GET',
  url: '/api/v1/property/666720f01ed8af0105a0d444',
  status: 200,
  content_length: '572',
  response_time: 50.252,
  level: 'http',
  message: 'incoming-request',
  timestamp: '2024-11-16 09:13:35.158 AM'
}
{
  method: 'GET',
  url: '/api/v1/property/?page=1',
  status: 200,
  content_length: '3367',
  response_time: 100.292,
  level: 'http',
  message: 'incoming-request',
  timestamp: '2024-11-16 09:13:35.209 AM'
}
{
  method: 'GET',
  url: '/api/v1/user/profile',
  status: 304,
  response_time: 104.013,
  level: 'http',
  message: 'incoming-request',
  timestamp: '2024-11-16 09:14:00.399 AM'
}
{
  method: 'GET',
  url: '/api/v1/property/666720f01ed8af0105a0d444',
  status: 200,
  content_length: '572',
  response_time: 50.475,
  level: 'http',
  message: 'incoming-request',
  timestamp: '2024-11-16 09:14:00.486 AM'
}
{
  method: 'GET',
  url: '/api/v1/property/?page=1',
  status: 200,
  content_length: '3367',
  response_time: 101.393,
  level: 'http',
  message: 'incoming-request',
  timestamp: '2024-11-16 09:14:00.539 AM'
}
{
  method: 'GET',
  url: '/api/v1/user/profile',
  status: 304,
  response_time: 102.029,
  level: 'http',
  message: 'incoming-request',
  timestamp: '2024-11-16 09:14:12.485 AM'
}
{
  method: 'GET',
  url: '/api/v1/property/666720f01ed8af0105a0d444',
  status: 200,
  content_length: '572',
  response_time: 51.096,
  level: 'http',
  message: 'incoming-request',
  timestamp: '2024-11-16 09:14:12.692 AM'
}
{
  method: 'GET',
  url: '/api/v1/property/?page=1',
  status: 200,
  content_length: '3367',
  response_time: 100.928,
  level: 'http',
  message: 'incoming-request',
  timestamp: '2024-11-16 09:14:12.744 AM'
}
{
  method: 'GET',
  url: '/api/v1/user/profile',
  status: 304,
  response_time: 103.851,
  level: 'http',
  message: 'incoming-request',
  timestamp: '2024-11-16 09:21:37.168 AM'
}
{
  method: 'GET',
  url: '/api/v1/property/666720f01ed8af0105a0d444',
  status: 200,
  content_length: '572',
  response_time: 51.862,
  level: 'http',
  message: 'incoming-request',
  timestamp: '2024-11-16 09:21:37.520 AM'
}
{
  method: 'GET',
  url: '/api/v1/property/?page=1',
  status: 200,
  content_length: '3367',
  response_time: 102.532,
  level: 'http',
  message: 'incoming-request',
  timestamp: '2024-11-16 09:21:37.572 AM'
}
{
  method: 'GET',
  url: '/api/v1/user/profile',
  status: 304,
  response_time: 103.084,
  level: 'http',
  message: 'incoming-request',
  timestamp: '2024-11-16 09:21:58.998 AM'
}
{
  method: 'GET',
  url: '/api/v1/property/666720f01ed8af0105a0d444',
  status: 200,
  content_length: '572',
  response_time: 50.895,
  level: 'http',
  message: 'incoming-request',
  timestamp: '2024-11-16 09:21:59.296 AM'
}
{
  method: 'GET',
  url: '/api/v1/property/?page=1',
  status: 200,
  content_length: '3367',
  response_time: 108.826,
  level: 'http',
  message: 'incoming-request',
  timestamp: '2024-11-16 09:21:59.367 AM'
}
{
  method: 'GET',
  url: '/api/v1/user/profile',
  status: 304,
  response_time: 133.275,
  level: 'http',
  message: 'incoming-request',
  timestamp: '2024-11-16 09:26:14.798 AM'
}
{
  method: 'PATCH',
  url: '/api/v1/upload',
  status: 400,
  content_length: '38',
  response_time: 0.363,
  level: 'http',
  message: 'incoming-request',
  timestamp: '2024-11-16 09:26:24.052 AM'
}
{
  method: 'PATCH',
  url: '/api/v1/user/profile',
  status: 200,
  content_length: '458',
  response_time: 240.221,
  level: 'http',
  message: 'incoming-request',
  timestamp: '2024-11-16 09:26:29.862 AM'
}
{
  method: 'GET',
  url: '/api/v1/user/profile',
  status: 200,
  content_length: '1277',
  response_time: 102.719,
  level: 'http',
  message: 'incoming-request',
  timestamp: '2024-11-16 09:26:29.974 AM'
}
{
  method: 'PATCH',
  url: '/api/v1/user/profile',
  status: 200,
  content_length: '458',
  response_time: 220.737,
  level: 'http',
  message: 'incoming-request',
  timestamp: '2024-11-16 09:26:45.772 AM'
}
{
  method: 'GET',
  url: '/api/v1/user/profile',
  status: 200,
  content_length: '1277',
  response_time: 103.064,
  level: 'http',
  message: 'incoming-request',
  timestamp: '2024-11-16 09:26:45.881 AM'
}
{
  method: 'GET',
  url: '/api/v1/user/profile',
  status: 304,
  response_time: 104.472,
  level: 'http',
  message: 'incoming-request',
  timestamp: '2024-11-16 09:29:57.379 AM'
}
{
  method: 'GET',
  url: '/api/v1/property/666720f01ed8af0105a0d444',
  status: 200,
  content_length: '572',
  response_time: 51.927,
  level: 'http',
  message: 'incoming-request',
  timestamp: '2024-11-16 09:29:57.853 AM'
}
{
  method: 'GET',
  url: '/api/v1/property/?page=1',
  status: 200,
  content_length: '3367',
  response_time: 102.041,
  level: 'http',
  message: 'incoming-request',
  timestamp: '2024-11-16 09:29:57.906 AM'
}
{
  method: 'GET',
  url: '/api/v1/user/profile',
  status: 304,
  response_time: 102.316,
  level: 'http',
  message: 'incoming-request',
  timestamp: '2024-11-16 09:30:04.173 AM'
}
{
  method: 'PATCH',
  url: '/api/v1/upload',
  status: 400,
  content_length: '38',
  response_time: 3.689,
  level: 'http',
  message: 'incoming-request',
  timestamp: '2024-11-16 09:30:11.431 AM'
}
{
  method: 'GET',
  url: '/api/v1/user/profile',
  status: 304,
  response_time: 103.178,
  level: 'http',
  message: 'incoming-request',
  timestamp: '2024-11-16 09:38:53.120 AM'
}
{
  method: 'GET',
  url: '/api/v1/property/666720f01ed8af0105a0d444',
  status: 200,
  content_length: '572',
  response_time: 50.414,
  level: 'http',
  message: 'incoming-request',
  timestamp: '2024-11-16 09:38:53.627 AM'
}
{
  method: 'GET',
  url: '/api/v1/property/?page=1',
  status: 200,
  content_length: '3367',
  response_time: 102.849,
  level: 'http',
  message: 'incoming-request',
  timestamp: '2024-11-16 09:38:53.682 AM'
}
{
  method: 'GET',
  url: '/api/v1/property/666720f01ed8af0105a0d444',
  status: 200,
  content_length: '572',
  response_time: 51.746,
  level: 'http',
  message: 'incoming-request',
  timestamp: '2024-11-16 09:38:59.206 AM'
}
{
  method: 'GET',
  url: '/api/v1/property/?page=1',
  status: 200,
  content_length: '3367',
  response_time: 102.698,
  level: 'http',
  message: 'incoming-request',
  timestamp: '2024-11-16 09:38:59.260 AM'
}
{
  method: 'GET',
  url: '/api/v1/user/profile',
  status: 304,
  response_time: 102.393,
  level: 'http',
  message: 'incoming-request',
  timestamp: '2024-11-16 09:38:59.286 AM'
}
{
  method: 'GET',
  url: '/api/v1/property/666720f01ed8af0105a0d444',
  status: 200,
  content_length: '572',
  response_time: 52.426,
  level: 'http',
  message: 'incoming-request',
  timestamp: '2024-11-16 09:39:01.302 AM'
}
{
  method: 'GET',
  url: '/api/v1/property/?page=1',
  status: 200,
  content_length: '3367',
  response_time: 103.732,
  level: 'http',
  message: 'incoming-request',
  timestamp: '2024-11-16 09:39:01.355 AM'
}
{
  method: 'GET',
  url: '/api/v1/user/profile',
  status: 304,
  response_time: 102.301,
  level: 'http',
  message: 'incoming-request',
  timestamp: '2024-11-16 09:39:01.488 AM'
}
{
  method: 'GET',
  url: '/api/v1/user/profile',
  status: 304,
  response_time: 102.103,
  level: 'http',
  message: 'incoming-request',
  timestamp: '2024-11-16 09:39:04.637 AM'
}
{
  method: 'GET',
  url: '/api/v1/property/666720f01ed8af0105a0d444',
  status: 200,
  content_length: '572',
  response_time: 50.272,
  level: 'http',
  message: 'incoming-request',
  timestamp: '2024-11-16 09:39:04.747 AM'
}
{
  method: 'GET',
  url: '/api/v1/property/?page=1',
  status: 200,
  content_length: '3367',
  response_time: 101.203,
  level: 'http',
  message: 'incoming-request',
  timestamp: '2024-11-16 09:39:04.799 AM'
}
{
  method: 'GET',
  url: '/api/v1/user/profile',
  status: 304,
  response_time: 102.299,
  level: 'http',
  message: 'incoming-request',
  timestamp: '2024-11-16 09:39:07.212 AM'
}
{
  method: 'GET',
  url: '/api/v1/property/666720f01ed8af0105a0d444',
  status: 200,
  content_length: '572',
  response_time: 50.185,
  level: 'http',
  message: 'incoming-request',
  timestamp: '2024-11-16 09:39:07.235 AM'
}
{
  method: 'GET',
  url: '/api/v1/property/?page=1',
  status: 200,
  content_length: '3367',
  response_time: 103.039,
  level: 'http',
  message: 'incoming-request',
  timestamp: '2024-11-16 09:39:07.289 AM'
}
{
  method: 'GET',
  url: '/api/v1/user/profile',
  status: 304,
  response_time: 103.605,
  level: 'http',
  message: 'incoming-request',
  timestamp: '2024-11-16 09:39:09.118 AM'
}
{
  method: 'PATCH',
  url: '/api/v1/upload',
  status: 400,
  content_length: '38',
  response_time: 0.68,
  level: 'http',
  message: 'incoming-request',
  timestamp: '2024-11-16 09:39:15.569 AM'
}
{
  method: 'PATCH',
  url: '/api/v1/user/profile',
  status: 200,
  content_length: '458',
  response_time: 225.15,
  level: 'http',
  message: 'incoming-request',
  timestamp: '2024-11-16 09:39:18.573 AM'
}
{
  method: 'GET',
  url: '/api/v1/user/profile',
  status: 200,
  content_length: '1277',
  response_time: 105.502,
  level: 'http',
  message: 'incoming-request',
  timestamp: '2024-11-16 09:39:18.701 AM'
}
{
  method: 'PATCH',
  url: '/api/v1/user/profile',
  status: 200,
  content_length: '458',
  response_time: 221.181,
  level: 'http',
  message: 'incoming-request',
  timestamp: '2024-11-16 09:39:20.371 AM'
}
{
  method: 'GET',
  url: '/api/v1/user/profile',
  status: 200,
  content_length: '1277',
  response_time: 103.146,
  level: 'http',
  message: 'incoming-request',
  timestamp: '2024-11-16 09:39:20.480 AM'
}
{
  method: 'PATCH',
  url: '/api/v1/user/profile',
  status: 200,
  content_length: '458',
  response_time: 219.355,
  level: 'http',
  message: 'incoming-request',
  timestamp: '2024-11-16 09:39:21.162 AM'
}
{
  method: 'PATCH',
  url: '/api/v1/user/profile',
  status: 200,
  content_length: '458',
  response_time: 220.811,
  level: 'http',
  message: 'incoming-request',
  timestamp: '2024-11-16 09:39:21.385 AM'
}
{
  method: 'GET',
  url: '/api/v1/user/profile',
  status: 200,
  content_length: '1277',
  response_time: 102.947,
  level: 'http',
  message: 'incoming-request',
  timestamp: '2024-11-16 09:39:21.493 AM'
}
{
  method: 'GET',
  url: '/api/v1/user/profile',
  status: 304,
  response_time: 104.218,
  level: 'http',
  message: 'incoming-request',
  timestamp: '2024-11-16 09:39:35.031 AM'
}
{
  method: 'PATCH',
  url: '/api/v1/upload',
  status: 400,
  content_length: '38',
  response_time: 0.598,
  level: 'http',
  message: 'incoming-request',
  timestamp: '2024-11-16 09:39:48.014 AM'
}
{
  method: 'GET',
  url: '/api/v1/user/profile',
  status: 304,
  response_time: 103.564,
  level: 'http',
  message: 'incoming-request',
  timestamp: '2024-11-16 09:40:02.518 AM'
}
{
  method: 'GET',
  url: '/api/v1/property/666720f01ed8af0105a0d444',
  status: 200,
  content_length: '572',
  response_time: 50.282,
  level: 'http',
  message: 'incoming-request',
  timestamp: '2024-11-16 09:40:02.543 AM'
}
{
  method: 'GET',
  url: '/api/v1/property/?page=1',
  status: 200,
  content_length: '3367',
  response_time: 101.3,
  level: 'http',
  message: 'incoming-request',
  timestamp: '2024-11-16 09:40:02.597 AM'
}
{
  method: 'PATCH',
  url: '/api/v1/upload',
  status: 400,
  content_length: '38',
  response_time: 0.536,
  level: 'http',
  message: 'incoming-request',
  timestamp: '2024-11-16 09:40:15.711 AM'
}
{
  method: 'GET',
  url: '/api/v1/user/profile',
  status: 304,
  response_time: 102.462,
  level: 'http',
  message: 'incoming-request',
  timestamp: '2024-11-16 09:58:05.366 AM'
}
{
  method: 'GET',
  url: '/api/v1/property/666720f01ed8af0105a0d444',
  status: 200,
  content_length: '572',
  response_time: 51.379,
  level: 'http',
  message: 'incoming-request',
  timestamp: '2024-11-16 09:58:05.764 AM'
}
{
  method: 'GET',
  url: '/api/v1/property/?page=1',
  status: 200,
  content_length: '3367',
  response_time: 100.943,
  level: 'http',
  message: 'incoming-request',
  timestamp: '2024-11-16 09:58:05.817 AM'
}
{
  method: 'GET',
  url: '/api/v1/property/666720f01ed8af0105a0d444',
  status: 200,
  content_length: '572',
  response_time: 51.49,
  level: 'http',
  message: 'incoming-request',
  timestamp: '2024-11-16 09:58:07.893 AM'
}
{
  method: 'GET',
  url: '/api/v1/user/profile',
  status: 304,
  response_time: 101.529,
  level: 'http',
  message: 'incoming-request',
  timestamp: '2024-11-16 09:58:07.899 AM'
}
{
  method: 'GET',
  url: '/api/v1/property/?page=1',
  status: 200,
  content_length: '3367',
  response_time: 102.948,
  level: 'http',
  message: 'incoming-request',
  timestamp: '2024-11-16 09:58:07.948 AM'
}
{
  method: 'GET',
  url: '/api/v1/user/profile',
  status: 304,
  response_time: 103.249,
  level: 'http',
  message: 'incoming-request',
  timestamp: '2024-11-16 09:58:12.095 AM'
}
{
  method: 'GET',
  url: '/api/v1/property/666720f01ed8af0105a0d444',
  status: 200,
  content_length: '572',
  response_time: 50.036,
  level: 'http',
  message: 'incoming-request',
  timestamp: '2024-11-16 09:58:12.103 AM'
}
{
  method: 'GET',
  url: '/api/v1/property/?page=1',
  status: 200,
  content_length: '3367',
  response_time: 102.697,
  level: 'http',
  message: 'incoming-request',
  timestamp: '2024-11-16 09:58:12.157 AM'
}
{
  method: 'GET',
  url: '/api/v1/user/profile',
  status: 304,
  response_time: 103.072,
  level: 'http',
  message: 'incoming-request',
  timestamp: '2024-11-16 09:58:34.233 AM'
}
{
  method: 'GET',
  url: '/api/v1/property/666720f01ed8af0105a0d444',
  status: 200,
  content_length: '572',
  response_time: 50.113,
  level: 'http',
  message: 'incoming-request',
  timestamp: '2024-11-16 09:58:34.235 AM'
}
{
  method: 'GET',
  url: '/api/v1/property/?page=1',
  status: 200,
  content_length: '3367',
  response_time: 105.451,
  level: 'http',
  message: 'incoming-request',
  timestamp: '2024-11-16 09:58:34.293 AM'
}
{
  method: 'GET',
  url: '/api/v1/user/profile',
  status: 304,
  response_time: 103.994,
  level: 'http',
  message: 'incoming-request',
  timestamp: '2024-11-16 09:58:48.065 AM'
}
{
  method: 'PATCH',
  url: '/api/v1/upload',
  status: 400,
  content_length: '38',
  response_time: 0.733,
  level: 'http',
  message: 'incoming-request',
  timestamp: '2024-11-16 09:58:54.308 AM'
}
{
  method: 'PATCH',
  url: '/api/v1/user/profile',
  status: 200,
  content_length: '458',
  response_time: 267.256,
  level: 'http',
  message: 'incoming-request',
  timestamp: '2024-11-16 09:58:59.189 AM'
}
{
  method: 'GET',
  url: '/api/v1/user/profile',
  status: 200,
  content_length: '1277',
  response_time: 103.255,
  level: 'http',
  message: 'incoming-request',
  timestamp: '2024-11-16 09:58:59.310 AM'
}
{
  method: 'PATCH',
  url: '/api/v1/user/profile',
  status: 200,
  content_length: '458',
  response_time: 219.681,
  level: 'http',
  message: 'incoming-request',
  timestamp: '2024-11-16 09:59:00.295 AM'
}
{
  method: 'GET',
  url: '/api/v1/user/profile',
  status: 200,
  content_length: '1277',
  response_time: 103.46,
  level: 'http',
  message: 'incoming-request',
  timestamp: '2024-11-16 09:59:00.405 AM'
}
{
  method: 'PATCH',
  url: '/api/v1/upload',
  status: 400,
  content_length: '38',
  response_time: 0.449,
  level: 'http',
  message: 'incoming-request',
  timestamp: '2024-11-16 09:59:05.368 AM'
}
{
  method: 'PATCH',
  url: '/api/v1/upload',
  status: 400,
  content_length: '38',
  response_time: 0.573,
  level: 'http',
  message: 'incoming-request',
  timestamp: '2024-11-16 10:03:38.700 AM'
}
{
  method: 'GET',
  url: '/api/v1/user/profile',
  status: 304,
  response_time: 106.527,
  level: 'http',
  message: 'incoming-request',
  timestamp: '2024-11-16 10:03:59.561 AM'
}
{
  method: 'GET',
  url: '/api/v1/property/666720f01ed8af0105a0d444',
  status: 200,
  content_length: '572',
  response_time: 51.245,
  level: 'http',
  message: 'incoming-request',
  timestamp: '2024-11-16 10:04:00.081 AM'
}
{
  method: 'GET',
  url: '/api/v1/property/?page=1',
  status: 200,
  content_length: '3367',
  response_time: 100.107,
  level: 'http',
  message: 'incoming-request',
  timestamp: '2024-11-16 10:04:00.133 AM'
}
{
  method: 'GET',
  url: '/api/v1/property/666720f01ed8af0105a0d444',
  status: 200,
  content_length: '572',
  response_time: 50.886,
  level: 'http',
  message: 'incoming-request',
  timestamp: '2024-11-16 10:06:14.371 AM'
}
{
  method: 'GET',
  url: '/api/v1/property/?page=1',
  status: 200,
  content_length: '3367',
  response_time: 100.277,
  level: 'http',
  message: 'incoming-request',
  timestamp: '2024-11-16 10:06:14.420 AM'
}
{
  method: 'GET',
  url: '/api/v1/user/profile',
  status: 304,
  response_time: 104.892,
  level: 'http',
  message: 'incoming-request',
  timestamp: '2024-11-16 10:06:15.852 AM'
}
{
  method: 'GET',
  url: '/api/v1/user/profile',
  status: 304,
  response_time: 101.952,
  level: 'http',
  message: 'incoming-request',
  timestamp: '2024-11-16 10:06:17.411 AM'
}
{
  method: 'PATCH',
  url: '/api/v1/upload',
  status: 400,
  content_length: '38',
  response_time: 0.512,
  level: 'http',
  message: 'incoming-request',
  timestamp: '2024-11-16 10:06:25.254 AM'
}
{
  method: 'GET',
  url: '/api/v1/user/profile',
  status: 304,
  response_time: 102.037,
  level: 'http',
  message: 'incoming-request',
  timestamp: '2024-11-16 10:10:45.190 AM'
}
{
  method: 'GET',
  url: '/api/v1/property/666720f01ed8af0105a0d444',
  status: 200,
  content_length: '572',
  response_time: 50.909,
  level: 'http',
  message: 'incoming-request',
  timestamp: '2024-11-16 10:10:45.591 AM'
}
{
  method: 'GET',
  url: '/api/v1/property/?page=1',
  status: 200,
  content_length: '3367',
  response_time: 100.256,
  level: 'http',
  message: 'incoming-request',
  timestamp: '2024-11-16 10:10:45.639 AM'
}
{
  method: 'PATCH',
  url: '/api/v1/upload',
  status: 400,
  content_length: '38',
  response_time: 0.644,
  level: 'http',
  message: 'incoming-request',
  timestamp: '2024-11-16 10:11:13.755 AM'
}
{
  method: 'GET',
  url: '/api/v1/user/profile',
  status: 0,
  response_time: '0',
  level: 'http',
  message: 'incoming-request',
  timestamp: '2024-11-16 10:28:19.934 AM'
}
{
  method: 'GET',
  url: '/api/v1/property/666720f01ed8af0105a0d444',
  status: 0,
  response_time: '0',
  level: 'http',
  message: 'incoming-request',
  timestamp: '2024-11-16 10:28:19.938 AM'
}
{
  method: 'GET',
  url: '/api/v1/property/?page=1',
  status: 0,
  response_time: '0',
  level: 'http',
  message: 'incoming-request',
  timestamp: '2024-11-16 10:28:19.941 AM'
}
{
  method: 'GET',
  url: '/api/v1/user/profile',
  status: 403,
  content_length: '9',
  response_time: 10005.283,
  level: 'http',
  message: 'incoming-request',
  timestamp: '2024-11-16 10:28:31.974 AM'
}
{
  method: 'GET',
  url: '/api/v1/property/666720f01ed8af0105a0d444',
  status: 200,
  content_length: '457',
  response_time: 10002.388,
  level: 'http',
  message: 'incoming-request',
  timestamp: '2024-11-16 10:28:32.205 AM'
}
{
  method: 'GET',
  url: '/api/v1/property/?page=1',
  status: 200,
  content_length: '471',
  response_time: 10002.259,
  level: 'http',
  message: 'incoming-request',
  timestamp: '2024-11-16 10:28:32.207 AM'
}
{
  message: 'Server on 1997 running. NodeENV: development  ',
  level: 'info',
  timestamp: '2024-11-16 10:28:35.304 AM'
}
{
  method: 'PATCH',
  url: '/api/v1/upload',
  status: 200,
  content_length: '118',
  response_time: 2349.759,
  level: 'http',
  message: 'incoming-request',
  timestamp: '2024-11-16 10:28:39.155 AM'
}
{
  method: 'PATCH',
  url: '/api/v1/user/profile',
  status: 0,
  response_time: '0',
  level: 'http',
  message: 'incoming-request',
  timestamp: '2024-11-16 10:41:25.043 AM'
}
{
  method: 'PATCH',
  url: '/api/v1/user/profile',
  status: 0,
  response_time: '0',
  level: 'http',
  message: 'incoming-request',
  timestamp: '2024-11-16 10:41:25.047 AM'
}
{
  method: 'GET',
  url: '/api/v1/user/profile',
  status: 403,
  content_length: '9',
  response_time: 10014.391,
  level: 'http',
  message: 'incoming-request',
  timestamp: '2024-11-16 10:41:35.685 AM'
}
{
  method: 'PATCH',
  url: '/api/v1/upload',
  status: 200,
  content_length: '118',
  response_time: 2690.487,
  level: 'http',
  message: 'incoming-request',
  timestamp: '2024-11-16 10:41:37.105 AM'
}
{
  method: 'GET',
  url: '/api/v1/user/profile',
  status: 0,
  response_time: '0',
  level: 'http',
  message: 'incoming-request',
  timestamp: '2024-11-16 10:41:55.163 AM'
}
{
  method: 'GET',
  url: '/api/v1/property/666720f01ed8af0105a0d444',
  status: 304,
  response_time: 10005.021,
  level: 'http',
  message: 'incoming-request',
  timestamp: '2024-11-16 10:42:04.154 AM'
}
{
  method: 'GET',
  url: '/api/v1/property/?page=1',
  status: 304,
  response_time: 10012.384,
  level: 'http',
  message: 'incoming-request',
  timestamp: '2024-11-16 10:42:04.169 AM'
}
{
  method: 'GET',
  url: '/api/v1/user/profile',
  status: 403,
  content_length: '9',
  response_time: 10001.442,
  level: 'http',
  message: 'incoming-request',
  timestamp: '2024-11-16 10:42:06.335 AM'
}
{
  method: 'PATCH',
  url: '/api/v1/upload',
  status: 200,
  content_length: '118',
  response_time: 2368.949,
  level: 'http',
  message: 'incoming-request',
  timestamp: '2024-11-16 10:47:41.463 AM'
}
{
  method: 'GET',
  url: '/api/v1/property/?page=1',
  status: 0,
  response_time: '0',
  level: 'http',
  message: 'incoming-request',
  timestamp: '2024-11-16 10:48:05.028 AM'
}
{
  method: 'GET',
  url: '/api/v1/property/666720f01ed8af0105a0d444',
  status: 0,
  response_time: '0',
  level: 'http',
  message: 'incoming-request',
  timestamp: '2024-11-16 10:48:05.029 AM'
}
{
  method: 'GET',
  url: '/api/v1/user/profile',
  status: 0,
  response_time: '0',
  level: 'http',
  message: 'incoming-request',
  timestamp: '2024-11-16 10:48:05.076 AM'
}
{
  method: 'GET',
  url: '/api/v1/property/666720f01ed8af0105a0d444',
  status: 304,
  response_time: 10003.695,
  level: 'http',
  message: 'incoming-request',
  timestamp: '2024-11-16 10:48:15.931 AM'
}
{
  method: 'GET',
  url: '/api/v1/property/?page=1',
  status: 304,
  response_time: 10014.247,
  level: 'http',
  message: 'incoming-request',
  timestamp: '2024-11-16 10:48:15.946 AM'
}
{
  method: 'GET',
  url: '/api/v1/user/profile',
  status: 403,
  content_length: '9',
  response_time: 10003.596,
  level: 'http',
  message: 'incoming-request',
  timestamp: '2024-11-16 10:48:16.008 AM'
}
{
  method: 'PATCH',
  url: '/api/v1/upload',
  status: 200,
  content_length: '118',
  response_time: 1930.572,
  level: 'http',
  message: 'incoming-request',
  timestamp: '2024-11-16 10:48:16.511 AM'
}
{
  method: 'GET',
  url: '/api/v1/user/profile',
  status: 0,
  response_time: '0',
  level: 'http',
  message: 'incoming-request',
  timestamp: '2024-11-16 10:55:53.583 AM'
}
{
  method: 'GET',
  url: '/api/v1/property/?page=1',
  status: 0,
  response_time: '0',
  level: 'http',
  message: 'incoming-request',
  timestamp: '2024-11-16 10:55:53.819 AM'
}
{
  method: 'GET',
  url: '/api/v1/property/666720f01ed8af0105a0d444',
  status: 0,
  response_time: '0',
  level: 'http',
  message: 'incoming-request',
  timestamp: '2024-11-16 10:55:53.823 AM'
}
{
  method: 'GET',
  url: '/api/v1/user/profile',
  status: 0,
  response_time: '0',
  level: 'http',
  message: 'incoming-request',
  timestamp: '2024-11-16 10:55:55.724 AM'
}
{
  method: 'GET',
  url: '/api/v1/property/?page=1',
  status: 0,
  response_time: '0',
  level: 'http',
  message: 'incoming-request',
  timestamp: '2024-11-16 10:55:56.267 AM'
}
{
  method: 'GET',
  url: '/api/v1/property/666720f01ed8af0105a0d444',
  status: 0,
  response_time: '0',
  level: 'http',
  message: 'incoming-request',
  timestamp: '2024-11-16 10:55:56.268 AM'
}
{
  method: 'GET',
  url: '/api/v1/property/666720f01ed8af0105a0d444',
  status: 0,
  response_time: '0',
  level: 'http',
  message: 'incoming-request',
  timestamp: '2024-11-16 10:56:02.934 AM'
}
{
  method: 'GET',
  url: '/api/v1/property/?page=1',
  status: 0,
  response_time: '0',
  level: 'http',
  message: 'incoming-request',
  timestamp: '2024-11-16 10:56:02.935 AM'
}
{
  method: 'GET',
  url: '/api/v1/user/profile',
  status: 0,
  response_time: '0',
  level: 'http',
  message: 'incoming-request',
  timestamp: '2024-11-16 10:56:03.120 AM'
}
{
  method: 'GET',
  url: '/api/v1/user/profile',
  status: 0,
  response_time: '0',
  level: 'http',
  message: 'incoming-request',
  timestamp: '2024-11-16 10:56:06.525 AM'
}
{
  method: 'GET',
  url: '/api/v1/property/666720f01ed8af0105a0d444',
  status: 304,
  response_time: 10004.675,
  level: 'http',
  message: 'incoming-request',
  timestamp: '2024-11-16 10:56:13.837 AM'
}
{
  method: 'GET',
  url: '/api/v1/property/?page=1',
  status: 304,
  response_time: 10004.313,
  level: 'http',
  message: 'incoming-request',
  timestamp: '2024-11-16 10:56:13.838 AM'
}
{
  method: 'GET',
  url: '/api/v1/user/profile',
  status: 403,
  content_length: '9',
  response_time: 10009.977,
  level: 'http',
  message: 'incoming-request',
  timestamp: '2024-11-16 10:56:17.130 AM'
}
{
  method: 'PATCH',
  url: '/api/v1/upload',
  status: 200,
  content_length: '118',
  response_time: 2850.444,
  level: 'http',
  message: 'incoming-request',
  timestamp: '2024-11-16 10:56:58.027 AM'
}
{
  method: 'PATCH',
  url: '/api/v1/user/profile',
  status: 403,
  content_length: '9',
  response_time: 10007.518,
  level: 'http',
  message: 'incoming-request',
  timestamp: '2024-11-16 10:57:18.711 AM'
}
{
  method: 'PATCH',
  url: '/api/v1/user/profile',
  status: 0,
  response_time: '0',
  level: 'http',
  message: 'incoming-request',
  timestamp: '2024-11-16 10:57:25.861 AM'
}
{
  method: 'GET',
  url: '/api/v1/auth/logout',
  status: 204,
  response_time: 0.484,
  level: 'http',
  message: 'incoming-request',
  timestamp: '2024-11-16 10:57:29.623 AM'
}
{
  method: 'GET',
  url: '/api/v1/user/profile',
  status: 403,
  content_length: '9',
  response_time: 10009.201,
  level: 'http',
  message: 'incoming-request',
  timestamp: '2024-11-16 10:57:36.394 AM'
}
{
  method: 'GET',
  url: '/api/v1/property/666720f01ed8af0105a0d444',
  status: 200,
  content_length: '457',
  response_time: 10008.92,
  level: 'http',
  message: 'incoming-request',
  timestamp: '2024-11-16 10:57:39.639 AM'
}
{
  method: 'GET',
  url: '/api/v1/property/?page=1',
  status: 200,
  content_length: '471',
  response_time: 10009.655,
  level: 'http',
  message: 'incoming-request',
  timestamp: '2024-11-16 10:57:39.641 AM'
}
{
  method: 'POST',
  url: '/api/v1/auth/login',
  status: 200,
  content_length: '447',
  response_time: 10005.025,
  level: 'http',
  message: 'incoming-request',
  timestamp: '2024-11-16 10:57:43.684 AM'
}
{
  method: 'GET',
  url: '/api/v1/auth/logout',
  status: 204,
  response_time: 0.218,
  level: 'http',
  message: 'incoming-request',
  timestamp: '2024-11-16 10:57:46.481 AM'
}
{
  method: 'GET',
  url: '/api/v1/property/666720f01ed8af0105a0d444',
  status: 0,
  response_time: '0',
  level: 'http',
  message: 'incoming-request',
  timestamp: '2024-11-16 10:57:51.115 AM'
}
{
  method: 'GET',
  url: '/api/v1/property/?page=1',
  status: 0,
  response_time: '0',
  level: 'http',
  message: 'incoming-request',
  timestamp: '2024-11-16 10:57:51.116 AM'
}
{
  method: 'POST',
  url: '/api/v1/auth/login',
  status: 0,
  response_time: '0',
  level: 'http',
  message: 'incoming-request',
  timestamp: '2024-11-16 10:57:51.116 AM'
}
{
  message: 'Server on 1997 running. NodeENV: development  ',
  level: 'info',
  timestamp: '2024-11-16 10:58:09.807 AM'
}
{
  method: 'GET',
  url: '/api/v1/property/666720f01ed8af0105a0d444',
  status: 200,
  content_length: '572',
  response_time: 62.815,
  level: 'http',
  message: 'incoming-request',
  timestamp: '2024-11-16 10:58:11.299 AM'
}
{
  method: 'GET',
  url: '/api/v1/property/?page=1',
  status: 200,
  content_length: '3367',
  response_time: 114.318,
  level: 'http',
  message: 'incoming-request',
  timestamp: '2024-11-16 10:58:11.356 AM'
}
{
  method: 'GET',
  url: '/api/v1/property/666720f01ed8af0105a0d444',
  status: 200,
  content_length: '572',
  response_time: 52.329,
  level: 'http',
  message: 'incoming-request',
  timestamp: '2024-11-16 10:58:11.430 AM'
}
{
  method: 'GET',
  url: '/api/v1/property/?page=1',
  status: 200,
  content_length: '3367',
  response_time: 104.011,
  level: 'http',
  message: 'incoming-request',
  timestamp: '2024-11-16 10:58:11.484 AM'
}
{
  method: 'POST',
  url: '/api/v1/auth/login',
  status: 200,
  content_length: '360',
  response_time: 192.984,
  level: 'http',
  message: 'incoming-request',
  timestamp: '2024-11-16 10:59:26.388 AM'
}
{
  method: 'GET',
  url: '/api/v1/user/profile',
  status: 200,
  content_length: '1451',
  response_time: 103.697,
  level: 'http',
  message: 'incoming-request',
  timestamp: '2024-11-16 10:59:26.565 AM'
}
{
  method: 'PATCH',
  url: '/api/v1/upload',
  status: 200,
  content_length: '118',
  response_time: 1425.927,
  level: 'http',
  message: 'incoming-request',
  timestamp: '2024-11-16 10:59:36.087 AM'
}
{
  method: 'PATCH',
  url: '/api/v1/user/profile',
  status: 200,
  content_length: '1655',
  response_time: 167.541,
  level: 'http',
  message: 'incoming-request',
  timestamp: '2024-11-16 10:59:39.653 AM'
}
{
  method: 'GET',
  url: '/api/v1/user/profile',
  status: 200,
  content_length: '1451',
  response_time: 102.266,
  level: 'http',
  message: 'incoming-request',
  timestamp: '2024-11-16 10:59:39.762 AM'
}
{
  method: 'PATCH',
  url: '/api/v1/user/profile',
  status: 200,
  content_length: '458',
  response_time: 218.531,
  level: 'http',
  message: 'incoming-request',
  timestamp: '2024-11-16 10:59:43.523 AM'
}
{
  method: 'GET',
  url: '/api/v1/user/profile',
  status: 200,
  content_length: '1451',
  response_time: 103.11,
  level: 'http',
  message: 'incoming-request',
  timestamp: '2024-11-16 10:59:43.632 AM'
}
{
  message: 'Server on 1997 running. NodeENV: development  ',
  level: 'info',
  timestamp: '2024-11-16 11:00:44.756 AM'
}
{
  method: 'GET',
  url: '/api/v1/user/profile',
  status: 304,
  response_time: 112.519,
  level: 'http',
  message: 'incoming-request',
  timestamp: '2024-11-16 11:00:54.659 AM'
}
{
  method: 'PATCH',
  url: '/api/v1/upload',
  status: 200,
  content_length: '105',
  response_time: 1573.033,
  level: 'http',
  message: 'incoming-request',
  timestamp: '2024-11-16 11:01:00.649 AM'
}
{
  method: 'GET',
  url: '/api/v1/property/666720f01ed8af0105a0d444',
  status: 200,
  content_length: '572',
  response_time: 54.023,
  level: 'http',
  message: 'incoming-request',
  timestamp: '2024-11-16 11:01:13.828 AM'
}
{
  method: 'GET',
  url: '/api/v1/property/?page=1',
  status: 200,
  content_length: '3367',
  response_time: 111.312,
  level: 'http',
  message: 'incoming-request',
  timestamp: '2024-11-16 11:01:13.889 AM'
}
{
  method: 'GET',
  url: '/api/v1/user/profile',
  status: 304,
  response_time: 108.163,
  level: 'http',
  message: 'incoming-request',
  timestamp: '2024-11-16 11:01:14.015 AM'
}
{
  method: 'GET',
  url: '/api/v1/user/profile',
  status: 304,
  response_time: 108.689,
  level: 'http',
  message: 'incoming-request',
  timestamp: '2024-11-16 11:01:27.604 AM'
}
{
  method: 'PATCH',
  url: '/api/v1/upload',
  status: 200,
  content_length: '105',
  response_time: 1481.86,
  level: 'http',
  message: 'incoming-request',
  timestamp: '2024-11-16 11:01:35.056 AM'
}
{
  method: 'PATCH',
  url: '/api/v1/user/profile',
  status: 200,
  content_length: '458',
  response_time: 239.353,
  level: 'http',
  message: 'incoming-request',
  timestamp: '2024-11-16 11:01:42.401 AM'
}
{
  method: 'GET',
  url: '/api/v1/user/profile',
  status: 200,
  content_length: '1451',
  response_time: 110.202,
  level: 'http',
  message: 'incoming-request',
  timestamp: '2024-11-16 11:01:42.518 AM'
}
{
  method: 'PATCH',
  url: '/api/v1/user/profile',
  status: 200,
  content_length: '458',
  response_time: 227.167,
  level: 'http',
  message: 'incoming-request',
  timestamp: '2024-11-16 11:01:43.780 AM'
}
{
  method: 'GET',
  url: '/api/v1/user/profile',
  status: 200,
  content_length: '1451',
  response_time: 106.721,
  level: 'http',
  message: 'incoming-request',
  timestamp: '2024-11-16 11:01:43.898 AM'
}
{
  method: 'GET',
  url: '/api/v1/user/profile',
  status: 304,
  response_time: 112.322,
  level: 'http',
  message: 'incoming-request',
  timestamp: '2024-11-16 11:14:33.709 AM'
}
{
  method: 'GET',
  url: '/api/v1/property/666720f01ed8af0105a0d444',
  status: 200,
  content_length: '572',
  response_time: 54.955,
  level: 'http',
  message: 'incoming-request',
  timestamp: '2024-11-16 11:14:33.867 AM'
}
{
  method: 'GET',
  url: '/api/v1/property/?page=1',
  status: 200,
  content_length: '3367',
  response_time: 102.393,
  level: 'http',
  message: 'incoming-request',
  timestamp: '2024-11-16 11:14:33.917 AM'
}
{
  method: 'GET',
  url: '/api/v1/user/profile',
  status: 304,
  response_time: 117.156,
  level: 'http',
  message: 'incoming-request',
  timestamp: '2024-11-16 11:20:29.355 AM'
}
{
  method: 'PATCH',
  url: '/api/v1/upload',
  status: 200,
  content_length: '105',
  response_time: 1389.62,
  level: 'http',
  message: 'incoming-request',
  timestamp: '2024-11-16 11:20:38.444 AM'
}
{
  message: 'Server on 1997 running. NodeENV: development  ',
  level: 'info',
  timestamp: '2024-11-16 11:23:55.203 AM'
}
{
  method: 'GET',
  url: '/api/v1/user/profile',
  status: 304,
  response_time: 120.582,
  level: 'http',
  message: 'incoming-request',
  timestamp: '2024-11-16 11:25:56.834 AM'
}
{
  method: 'PATCH',
  url: '/api/v1/upload',
  status: 200,
  content_length: '117',
  response_time: 1448.015,
  level: 'http',
  message: 'incoming-request',
  timestamp: '2024-11-16 11:26:03.598 AM'
}
{
  method: 'PATCH',
  url: '/api/v1/user/profile',
  status: 200,
  content_length: '1653',
  response_time: 180.567,
  level: 'http',
  message: 'incoming-request',
  timestamp: '2024-11-16 11:26:16.973 AM'
}
{
  method: 'GET',
  url: '/api/v1/user/profile',
  status: 200,
  content_length: '1451',
  response_time: 106.997,
  level: 'http',
  message: 'incoming-request',
  timestamp: '2024-11-16 11:26:17.086 AM'
}
{
  method: 'GET',
  url: '/api/v1/property/666720f01ed8af0105a0d444',
  status: 200,
  content_length: '572',
  response_time: 52.207,
  level: 'http',
  message: 'incoming-request',
  timestamp: '2024-11-16 11:26:58.538 AM'
}
{
  method: 'GET',
  url: '/api/v1/user/profile',
  status: 304,
  response_time: 110.012,
  level: 'http',
  message: 'incoming-request',
  timestamp: '2024-11-16 11:26:58.550 AM'
}
{
  method: 'GET',
  url: '/api/v1/property/?page=1',
  status: 200,
  content_length: '3367',
  response_time: 108.207,
  level: 'http',
  message: 'incoming-request',
  timestamp: '2024-11-16 11:26:58.598 AM'
}
{
  method: 'GET',
  url: '/api/v1/user/profile',
  status: 304,
  response_time: 107.418,
  level: 'http',
  message: 'incoming-request',
  timestamp: '2024-11-16 11:27:04.658 AM'
}
{
  method: 'GET',
  url: '/api/v1/property/666720f01ed8af0105a0d444',
  status: 200,
  content_length: '572',
  response_time: 53.748,
  level: 'http',
  message: 'incoming-request',
  timestamp: '2024-11-16 11:27:04.701 AM'
}
{
  method: 'GET',
  url: '/api/v1/property/?page=1',
  status: 200,
  content_length: '3367',
  response_time: 99.565,
  level: 'http',
  message: 'incoming-request',
  timestamp: '2024-11-16 11:27:04.750 AM'
}
{
  method: 'GET',
  url: '/api/v1/user/profile',
  status: 304,
  response_time: 99.095,
  level: 'http',
  message: 'incoming-request',
  timestamp: '2024-11-16 11:32:19.272 AM'
}
{
  method: 'PATCH',
  url: '/api/v1/upload',
  status: 200,
  content_length: '117',
  response_time: 1526.401,
  level: 'http',
  message: 'incoming-request',
  timestamp: '2024-11-16 11:32:25.961 AM'
}
{
  method: 'PATCH',
  url: '/api/v1/user/profile',
  status: 200,
  content_length: '562',
  response_time: 221.572,
  level: 'http',
  message: 'incoming-request',
  timestamp: '2024-11-16 11:32:41.504 AM'
}
{
  method: 'GET',
  url: '/api/v1/user/profile',
  status: 200,
  content_length: '1555',
  response_time: 99.032,
  level: 'http',
  message: 'incoming-request',
  timestamp: '2024-11-16 11:32:41.610 AM'
}
{
  method: 'PATCH',
  url: '/api/v1/user/profile',
  status: 200,
  content_length: '562',
  response_time: 213.668,
  level: 'http',
  message: 'incoming-request',
  timestamp: '2024-11-16 11:32:43.145 AM'
}
{
  method: 'GET',
  url: '/api/v1/user/profile',
  status: 200,
  content_length: '1555',
  response_time: 98.193,
  level: 'http',
  message: 'incoming-request',
  timestamp: '2024-11-16 11:32:43.249 AM'
}
{
  method: 'GET',
  url: '/api/v1/user/profile',
  status: 304,
  response_time: 99.763,
  level: 'http',
  message: 'incoming-request',
  timestamp: '2024-11-16 11:32:44.327 AM'
}
{
  method: 'GET',
  url: '/api/v1/user/profile',
  status: 304,
  response_time: 104.068,
  level: 'http',
  message: 'incoming-request',
  timestamp: '2024-11-16 11:39:11.946 AM'
}
{
  method: 'GET',
  url: '/api/v1/property/666720f01ed8af0105a0d444',
  status: 200,
  content_length: '572',
  response_time: 49.415,
  level: 'http',
  message: 'incoming-request',
  timestamp: '2024-11-16 11:39:12.215 AM'
}
{
  method: 'GET',
  url: '/api/v1/property/?page=1',
  status: 200,
  content_length: '3367',
  response_time: 106.384,
  level: 'http',
  message: 'incoming-request',
  timestamp: '2024-11-16 11:39:12.274 AM'
}
{
  method: 'GET',
  url: '/api/v1/property/666720f01ed8af0105a0d444',
  status: 200,
  content_length: '572',
  response_time: 53.321,
  level: 'http',
  message: 'incoming-request',
  timestamp: '2024-11-16 11:39:14.637 AM'
}
{
  method: 'GET',
  url: '/api/v1/property/?page=1',
  status: 200,
  content_length: '3367',
  response_time: 98.726,
  level: 'http',
  message: 'incoming-request',
  timestamp: '2024-11-16 11:39:14.684 AM'
}
{
  method: 'GET',
  url: '/api/v1/user/profile',
  status: 304,
  response_time: 105.589,
  level: 'http',
  message: 'incoming-request',
  timestamp: '2024-11-16 11:39:14.705 AM'
}
{
  method: 'GET',
  url: '/api/v1/user/profile',
  status: 304,
  response_time: 103.968,
  level: 'http',
  message: 'incoming-request',
  timestamp: '2024-11-16 11:48:46.661 AM'
}
{
  method: 'GET',
  url: '/api/v1/property/666720f01ed8af0105a0d444',
  status: 200,
  content_length: '572',
  response_time: 51.332,
  level: 'http',
  message: 'incoming-request',
  timestamp: '2024-11-16 11:48:49.150 AM'
}
{
  method: 'GET',
  url: '/api/v1/property/?page=1',
  status: 200,
  content_length: '3367',
  response_time: 98.468,
  level: 'http',
  message: 'incoming-request',
  timestamp: '2024-11-16 11:48:49.198 AM'
}
{
  method: 'GET',
  url: '/api/v1/property/666720f01ed8af0105a0d444',
  status: 200,
  content_length: '572',
  response_time: 49.066,
  level: 'http',
  message: 'incoming-request',
  timestamp: '2024-11-16 11:49:10.127 AM'
}
{
  method: 'GET',
  url: '/api/v1/property/?page=1',
  status: 200,
  content_length: '3367',
  response_time: 103.084,
  level: 'http',
  message: 'incoming-request',
  timestamp: '2024-11-16 11:49:10.183 AM'
}
{
  method: 'GET',
  url: '/api/v1/user/profile',
  status: 304,
  response_time: 105.346,
  level: 'http',
  message: 'incoming-request',
  timestamp: '2024-11-16 11:49:10.513 AM'
}
{
  method: 'GET',
  url: '/api/v1/property/666720f01ed8af0105a0d444',
  status: 200,
  content_length: '572',
  response_time: 53.436,
  level: 'http',
  message: 'incoming-request',
  timestamp: '2024-11-16 11:49:13.321 AM'
}
{
  method: 'GET',
  url: '/api/v1/property/?page=1',
  status: 200,
  content_length: '3367',
  response_time: 103.113,
  level: 'http',
  message: 'incoming-request',
  timestamp: '2024-11-16 11:49:13.372 AM'
}
{
  method: 'GET',
  url: '/api/v1/user/profile',
  status: 304,
  response_time: 99.775,
  level: 'http',
  message: 'incoming-request',
  timestamp: '2024-11-16 11:49:13.736 AM'
}
{
  method: 'GET',
  url: '/api/v1/property/666720f01ed8af0105a0d444',
  status: 200,
  content_length: '572',
  response_time: 50.476,
  level: 'http',
  message: 'incoming-request',
  timestamp: '2024-11-16 11:49:25.014 AM'
}
{
  method: 'GET',
  url: '/api/v1/property/?page=1',
  status: 200,
  content_length: '3367',
  response_time: 105.137,
  level: 'http',
  message: 'incoming-request',
  timestamp: '2024-11-16 11:49:25.070 AM'
}
{
  method: 'GET',
  url: '/api/v1/user/profile',
  status: 304,
  response_time: 104.133,
  level: 'http',
  message: 'incoming-request',
  timestamp: '2024-11-16 11:49:25.333 AM'
}
{
  method: 'GET',
  url: '/api/v1/user/profile',
  status: 304,
  response_time: 121.798,
  level: 'http',
  message: 'incoming-request',
  timestamp: '2024-11-16 03:39:00.230 PM'
}
{
  message: 'Server on 1997 running. NodeENV: development  ',
  level: 'info',
  timestamp: '2024-11-16 04:27:20.874 PM'
}
{
  message: 'Server on 1997 running. NodeENV: development  ',
  level: 'info',
  timestamp: '2024-11-16 04:27:32.515 PM'
}
{
  method: 'PATCH',
  url: '/api/v1/upload',
  status: 200,
  content_length: '997',
  response_time: 20.336,
  level: 'http',
  message: 'incoming-request',
  timestamp: '2024-11-16 04:28:18.635 PM'
}
{
  method: 'GET',
  url: '/api/v1/user/profile',
  status: 304,
  response_time: 121.25,
  level: 'http',
  message: 'incoming-request',
  timestamp: '2024-11-16 04:28:31.269 PM'
}
{
  message: 'Server on 1997 running. NodeENV: development  ',
  level: 'info',
  timestamp: '2024-11-16 04:29:11.730 PM'
}
{
  method: 'GET',
  url: '/api/v1/user/profile',
  status: 304,
  response_time: 117.858,
  level: 'http',
  message: 'incoming-request',
  timestamp: '2024-11-16 04:29:14.182 PM'
}
{
  message: 'Server on 1997 running. NodeENV: development  ',
  level: 'info',
  timestamp: '2024-11-16 04:34:11.259 PM'
}
{
  method: 'GET',
  url: '/api/v1/user/profile',
  status: 304,
  response_time: 116.956,
  level: 'http',
  message: 'incoming-request',
  timestamp: '2024-11-16 04:34:12.028 PM'
}
{
  method: 'GET',
  url: '/api/v1/user/profile',
  status: 304,
  response_time: 107.274,
  level: 'http',
  message: 'incoming-request',
  timestamp: '2024-11-16 04:35:41.355 PM'
}
{
  message: 'Server on 1997 running. NodeENV: development  ',
  level: 'info',
  timestamp: '2024-11-16 04:36:10.518 PM'
}
{
  method: 'GET',
  url: '/api/v1/user/profile',
  status: 304,
  response_time: 118.484,
  level: 'http',
  message: 'incoming-request',
  timestamp: '2024-11-16 04:36:15.072 PM'
}
{
  method: 'PATCH',
  url: '/api/v1/upload',
  status: 200,
  content_length: '116',
  response_time: 2180.994,
  level: 'http',
  message: 'incoming-request',
  timestamp: '2024-11-16 04:36:23.237 PM'
}
{
  method: 'PATCH',
  url: '/api/v1/user/profile',
  status: 200,
  content_length: '561',
  response_time: 243.828,
  level: 'http',
  message: 'incoming-request',
  timestamp: '2024-11-16 04:36:27.541 PM'
}
{
  method: 'GET',
  url: '/api/v1/user/profile',
  status: 200,
  content_length: '1554',
  response_time: 107.091,
  level: 'http',
  message: 'incoming-request',
  timestamp: '2024-11-16 04:36:27.664 PM'
}
{
  message: 'Server on 1997 running. NodeENV: development  ',
  level: 'info',
  timestamp: '2024-11-16 04:37:13.980 PM'
}
{
  method: 'PATCH',
  url: '/api/v1/upload',
  status: 200,
  content_length: '116',
  response_time: 1436.604,
  level: 'http',
  message: 'incoming-request',
  timestamp: '2024-11-16 04:37:19.394 PM'
}
{
  method: 'PATCH',
  url: '/api/v1/user/profile',
  status: 200,
  content_length: '561',
  response_time: 257.279,
  level: 'http',
  message: 'incoming-request',
  timestamp: '2024-11-16 04:37:42.100 PM'
}
{
  method: 'GET',
  url: '/api/v1/user/profile',
  status: 200,
  content_length: '1554',
  response_time: 102.112,
  level: 'http',
  message: 'incoming-request',
  timestamp: '2024-11-16 04:37:42.208 PM'
}
{
  method: 'PATCH',
  url: '/api/v1/upload',
  status: 200,
  content_length: '130',
  response_time: 1563.128,
  level: 'http',
  message: 'incoming-request',
  timestamp: '2024-11-16 04:37:49.153 PM'
}
{
  method: 'PATCH',
  url: '/api/v1/user/profile',
  status: 200,
  content_length: '575',
  response_time: 218.335,
  level: 'http',
  message: 'incoming-request',
  timestamp: '2024-11-16 04:37:54.438 PM'
}
{
  method: 'GET',
  url: '/api/v1/user/profile',
  status: 200,
  content_length: '1568',
  response_time: 100.891,
  level: 'http',
  message: 'incoming-request',
  timestamp: '2024-11-16 04:37:54.545 PM'
}
{
  message: 'Server on 1997 running. NodeENV: development  ',
  level: 'info',
  timestamp: '2024-11-16 04:41:38.102 PM'
}
{
  message: 'Server on 1997 running. NodeENV: development  ',
  level: 'info',
  timestamp: '2024-11-16 04:45:09.787 PM'
}
{
  message: 'Server on 1997 running. NodeENV: development  ',
  level: 'info',
  timestamp: '2024-11-16 04:45:53.244 PM'
}
{
  method: 'GET',
  url: '/api/v1/user/profile',
  status: 304,
  response_time: 121.07,
  level: 'http',
  message: 'incoming-request',
  timestamp: '2024-11-16 04:46:21.927 PM'
}
{
  method: 'GET',
  url: '/api/v1/user/profile',
  status: 304,
  response_time: 108.644,
  level: 'http',
  message: 'incoming-request',
  timestamp: '2024-11-16 04:46:31.163 PM'
}
{
  method: 'PATCH',
  url: '/api/v1/upload',
  status: 413,
  content_length: '52',
  response_time: 19.422,
  level: 'http',
  message: 'incoming-request',
  timestamp: '2024-11-16 04:46:42.046 PM'
}
{
  message: 'Server on 1997 running. NodeENV: development  ',
  level: 'info',
  timestamp: '2024-11-16 04:46:59.284 PM'
}
{
  method: 'PATCH',
  url: '/api/v1/upload',
  status: 200,
  content_length: '116',
  response_time: 2354.459,
  level: 'http',
  message: 'incoming-request',
  timestamp: '2024-11-16 04:47:03.349 PM'
}
{
  method: 'PATCH',
  url: '/api/v1/user/profile',
  status: 200,
  content_length: '1018',
  response_time: 184.403,
  level: 'http',
  message: 'incoming-request',
  timestamp: '2024-11-16 04:47:13.102 PM'
}
{
  method: 'GET',
  url: '/api/v1/user/profile',
  status: 200,
  content_length: '1568',
  response_time: 105.883,
  level: 'http',
  message: 'incoming-request',
  timestamp: '2024-11-16 04:47:13.217 PM'
}
{
  method: 'PATCH',
  url: '/api/v1/user/profile',
  status: 200,
  content_length: '575',
  response_time: 227.608,
  level: 'http',
  message: 'incoming-request',
  timestamp: '2024-11-16 04:47:16.716 PM'
}
{
  method: 'GET',
  url: '/api/v1/user/profile',
  status: 200,
  content_length: '1568',
  response_time: 105.108,
  level: 'http',
  message: 'incoming-request',
  timestamp: '2024-11-16 04:47:16.827 PM'
}
{
  method: 'PATCH',
  url: '/api/v1/user/profile',
  status: 200,
  content_length: '575',
  response_time: 231.637,
  level: 'http',
  message: 'incoming-request',
  timestamp: '2024-11-16 04:47:17.821 PM'
}
{
  method: 'GET',
  url: '/api/v1/user/profile',
  status: 200,
  content_length: '1568',
  response_time: 106.084,
  level: 'http',
  message: 'incoming-request',
  timestamp: '2024-11-16 04:47:17.932 PM'
}
{
  method: 'GET',
  url: '/api/v1/user/profile',
  status: 304,
  response_time: 104.929,
  level: 'http',
  message: 'incoming-request',
  timestamp: '2024-11-16 04:47:18.952 PM'
}
{
  method: 'PATCH',
  url: '/api/v1/upload',
  status: 413,
  content_length: '52',
  response_time: 14.62,
  level: 'http',
  message: 'incoming-request',
  timestamp: '2024-11-16 04:47:27.966 PM'
}
{
  method: 'PATCH',
  url: '/api/v1/upload',
  status: 200,
  content_length: '116',
  response_time: 1977.831,
  level: 'http',
  message: 'incoming-request',
  timestamp: '2024-11-16 04:47:37.126 PM'
}
{
  method: 'PATCH',
  url: '/api/v1/user/profile',
  status: 200,
  content_length: '561',
  response_time: 222.123,
  level: 'http',
  message: 'incoming-request',
  timestamp: '2024-11-16 04:47:46.660 PM'
}
{
  method: 'GET',
  url: '/api/v1/user/profile',
  status: 200,
  content_length: '1554',
  response_time: 104.741,
  level: 'http',
  message: 'incoming-request',
  timestamp: '2024-11-16 04:47:46.770 PM'
}
{
  method: 'PATCH',
  url: '/api/v1/user/profile',
  status: 200,
  content_length: '561',
  response_time: 221.946,
  level: 'http',
  message: 'incoming-request',
  timestamp: '2024-11-16 04:47:47.912 PM'
}
{
  method: 'GET',
  url: '/api/v1/user/profile',
  status: 200,
  content_length: '1554',
  response_time: 104.203,
  level: 'http',
  message: 'incoming-request',
  timestamp: '2024-11-16 04:47:48.021 PM'
}
{
  method: 'GET',
  url: '/api/v1/user/profile',
  status: 304,
  response_time: 106.3,
  level: 'http',
  message: 'incoming-request',
  timestamp: '2024-11-16 04:47:50.206 PM'
}
{
  method: 'GET',
  url: '/api/v1/property/666720f01ed8af0105a0d444',
  status: 200,
  content_length: '572',
  response_time: 58.837,
  level: 'http',
  message: 'incoming-request',
  timestamp: '2024-11-16 04:48:15.901 PM'
}
{
  method: 'GET',
  url: '/api/v1/property/?page=1',
  status: 200,
  content_length: '3367',
  response_time: 112.261,
  level: 'http',
  message: 'incoming-request',
  timestamp: '2024-11-16 04:48:15.957 PM'
}
{
  method: 'POST',
  url: '/api/v1/auth/register',
  status: 400,
  content_length: '393',
  response_time: 56.281,
  level: 'http',
  message: 'incoming-request',
  timestamp: '2024-11-16 04:48:43.493 PM'
}
{
  method: 'POST',
  url: '/api/v1/auth/register',
  status: 201,
  content_length: '150',
  response_time: 390.35,
  level: 'http',
  message: 'incoming-request',
  timestamp: '2024-11-16 04:48:51.835 PM'
}
{
  method: 'GET',
  url: '/api/v1/auth/verify/a3f8b21aaf1df0ae760a6b3d756caa2b13a9416151f5f75d22fd9a58219a48c5/6738b0d3bc69a50643663670',
  status: 302,
  content_length: '41',
  response_time: 283.65,
  level: 'http',
  message: 'incoming-request',
  timestamp: '2024-11-16 04:48:55.962 PM'
}
{
  method: 'GET',
  url: '/auth/verify',
  status: 500,
  content_length: 1367,
  response_time: 1.07,
  level: 'http',
  message: 'incoming-request',
  timestamp: '2024-11-16 04:48:55.978 PM'
}
{
  method: 'POST',
  url: '/api/v1/auth/login',
  status: 200,
  content_length: '421',
  response_time: 177.32,
  level: 'http',
  message: 'incoming-request',
  timestamp: '2024-11-16 04:49:06.088 PM'
}
{
  method: 'GET',
  url: '/api/v1/user/profile',
  status: 200,
  content_length: '648',
  response_time: 104.325,
  level: 'http',
  message: 'incoming-request',
  timestamp: '2024-11-16 04:49:06.273 PM'
}
{
  message: 'Server on 1997 running. NodeENV: development  ',
  level: 'info',
  timestamp: '2024-11-16 04:49:27.237 PM'
}
{
  message: 'Server on 1997 running. NodeENV: development  ',
  level: 'info',
  timestamp: '2024-11-16 04:49:36.484 PM'
}
{
  method: 'GET',
  url: '/api/v1/user/profile',
  status: 304,
  response_time: 121.708,
  level: 'http',
  message: 'incoming-request',
  timestamp: '2024-11-16 04:56:08.870 PM'
}
{
  method: 'GET',
  url: '/api/v1/user/profile',
  status: 304,
  response_time: 108.556,
  level: 'http',
  message: 'incoming-request',
  timestamp: '2024-11-16 04:56:09.196 PM'
}
{
  method: 'PATCH',
  url: '/api/v1/upload',
  status: 200,
  content_length: '116',
  response_time: 1739.008,
  level: 'http',
  message: 'incoming-request',
  timestamp: '2024-11-16 04:56:19.990 PM'
}
{
  method: 'PATCH',
  url: '/api/v1/user/profile',
  status: 200,
  content_length: '561',
  response_time: 247.287,
  level: 'http',
  message: 'incoming-request',
  timestamp: '2024-11-16 04:56:26.118 PM'
}
{
  method: 'GET',
  url: '/api/v1/user/profile',
  status: 200,
  content_length: '1554',
  response_time: 108.114,
  level: 'http',
  message: 'incoming-request',
  timestamp: '2024-11-16 04:56:26.234 PM'
}
{
  method: 'GET',
  url: '/api/v1/user/profile',
  status: 304,
  response_time: 107.938,
  level: 'http',
  message: 'incoming-request',
  timestamp: '2024-11-16 05:00:55.161 PM'
}
{
  method: 'GET',
  url: '/api/v1/user/profile',
  status: 304,
  response_time: 109.372,
  level: 'http',
  message: 'incoming-request',
  timestamp: '2024-11-16 05:00:55.508 PM'
}
{
  method: 'GET',
  url: '/api/v1/user/profile',
  status: 304,
  response_time: 106.78,
  level: 'http',
  message: 'incoming-request',
  timestamp: '2024-11-16 05:01:45.563 PM'
}
{
  method: 'GET',
  url: '/api/v1/user/profile',
  status: 304,
  response_time: 106.498,
  level: 'http',
  message: 'incoming-request',
  timestamp: '2024-11-16 05:01:46.240 PM'
}
{
  method: 'GET',
  url: '/api/v1/user/profile',
  status: 304,
  response_time: 106.174,
  level: 'http',
  message: 'incoming-request',
  timestamp: '2024-11-16 05:01:59.222 PM'
}
{
  method: 'GET',
  url: '/api/v1/user/profile',
  status: 304,
  response_time: 105.56,
  level: 'http',
  message: 'incoming-request',
  timestamp: '2024-11-16 05:01:59.797 PM'
}
{
  method: 'GET',
  url: '/api/v1/user/profile',
  status: 304,
  response_time: 116.505,
  level: 'http',
  message: 'incoming-request',
  timestamp: '2024-11-16 05:02:15.286 PM'
}
{
  method: 'GET',
  url: '/api/v1/user/profile',
  status: 304,
  response_time: 105.665,
  level: 'http',
  message: 'incoming-request',
  timestamp: '2024-11-16 05:02:15.570 PM'
}
{
  method: 'GET',
  url: '/api/v1/user/profile',
  status: 304,
  response_time: 105.723,
  level: 'http',
  message: 'incoming-request',
  timestamp: '2024-11-16 05:02:19.832 PM'
}
{
  method: 'GET',
  url: '/api/v1/user/profile',
  status: 304,
  response_time: 106.471,
  level: 'http',
  message: 'incoming-request',
  timestamp: '2024-11-16 05:02:20.526 PM'
}
{
  method: 'GET',
  url: '/api/v1/user/profile',
  status: 304,
  response_time: 105.649,
  level: 'http',
  message: 'incoming-request',
  timestamp: '2024-11-16 05:05:52.094 PM'
}
{
  method: 'GET',
  url: '/api/v1/user/profile',
  status: 304,
  response_time: 105.539,
  level: 'http',
  message: 'incoming-request',
  timestamp: '2024-11-16 05:05:52.348 PM'
}
{
  method: 'GET',
  url: '/api/v1/user/profile',
  status: 304,
  response_time: 105.116,
  level: 'http',
  message: 'incoming-request',
  timestamp: '2024-11-16 05:06:00.890 PM'
}
{
  method: 'GET',
  url: '/api/v1/user/profile',
  status: 304,
  response_time: 106.239,
  level: 'http',
  message: 'incoming-request',
  timestamp: '2024-11-16 05:06:01.199 PM'
}
{
  method: 'GET',
  url: '/api/v1/user/profile',
  status: 304,
  response_time: 105.249,
  level: 'http',
  message: 'incoming-request',
  timestamp: '2024-11-16 05:06:12.699 PM'
}
{
  method: 'GET',
  url: '/api/v1/user/profile',
  status: 304,
  response_time: 105.978,
  level: 'http',
  message: 'incoming-request',
  timestamp: '2024-11-16 05:06:13.136 PM'
}
{
  method: 'GET',
  url: '/api/v1/user/profile',
  status: 0,
  response_time: '0',
  level: 'http',
  message: 'incoming-request',
  timestamp: '2024-11-16 05:06:15.690 PM'
}
{
  method: 'GET',
  url: '/api/v1/user/profile',
  status: 0,
  response_time: '0',
  level: 'http',
  message: 'incoming-request',
  timestamp: '2024-11-16 05:06:16.394 PM'
}
{
  method: 'GET',
  url: '/api/v1/user/profile',
  status: 304,
  response_time: 105.789,
  level: 'http',
  message: 'incoming-request',
  timestamp: '2024-11-16 05:06:16.734 PM'
}
{
  method: 'GET',
  url: '/api/v1/user/profile',
  status: 200,
  content_length: '1554',
  response_time: 106.706,
  level: 'http',
  message: 'incoming-request',
  timestamp: '2024-11-16 05:06:17.561 PM'
}
{
  method: 'GET',
  url: '/api/v1/user/profile',
  status: 304,
  response_time: 105.145,
  level: 'http',
  message: 'incoming-request',
  timestamp: '2024-11-16 05:06:28.274 PM'
}
{
  method: 'GET',
  url: '/api/v1/user/profile',
  status: 304,
  response_time: 105.114,
  level: 'http',
  message: 'incoming-request',
  timestamp: '2024-11-16 05:06:28.650 PM'
}
{
  method: 'GET',
  url: '/api/v1/user/profile',
  status: 304,
  response_time: 105.277,
  level: 'http',
  message: 'incoming-request',
  timestamp: '2024-11-16 05:06:40.498 PM'
}
{
  method: 'GET',
  url: '/api/v1/user/profile',
  status: 304,
  response_time: 104.998,
  level: 'http',
  message: 'incoming-request',
  timestamp: '2024-11-16 05:06:40.913 PM'
}
{
  method: 'GET',
  url: '/api/v1/user/profile',
  status: 304,
  response_time: 104.713,
  level: 'http',
  message: 'incoming-request',
  timestamp: '2024-11-16 05:06:42.750 PM'
}
{
  method: 'GET',
  url: '/api/v1/user/profile',
  status: 304,
  response_time: 105.432,
  level: 'http',
  message: 'incoming-request',
  timestamp: '2024-11-16 05:06:43.450 PM'
}
{
  method: 'GET',
  url: '/api/v1/user/profile',
  status: 304,
  response_time: 106.941,
  level: 'http',
  message: 'incoming-request',
  timestamp: '2024-11-16 05:06:48.657 PM'
}
{
  method: 'GET',
  url: '/api/v1/user/profile',
  status: 304,
  response_time: 104.84,
  level: 'http',
  message: 'incoming-request',
  timestamp: '2024-11-16 05:06:49.112 PM'
}
{
  method: 'GET',
  url: '/api/v1/user/profile',
  status: 304,
  response_time: 105.494,
  level: 'http',
  message: 'incoming-request',
  timestamp: '2024-11-16 05:06:51.010 PM'
}
{
  method: 'GET',
  url: '/api/v1/user/profile',
  status: 304,
  response_time: 105.291,
  level: 'http',
  message: 'incoming-request',
  timestamp: '2024-11-16 05:06:51.464 PM'
}
{
  method: 'GET',
  url: '/api/v1/user/profile',
  status: 304,
  response_time: 105.043,
  level: 'http',
  message: 'incoming-request',
  timestamp: '2024-11-16 05:06:58.282 PM'
}
{
  method: 'GET',
  url: '/api/v1/user/profile',
  status: 304,
  response_time: 105.911,
  level: 'http',
  message: 'incoming-request',
  timestamp: '2024-11-16 05:06:58.769 PM'
}
{
  method: 'GET',
  url: '/api/v1/user/profile',
  status: 304,
  response_time: 106.904,
  level: 'http',
  message: 'incoming-request',
  timestamp: '2024-11-16 05:07:02.354 PM'
}
{
  method: 'GET',
  url: '/api/v1/user/profile',
  status: 304,
  response_time: 105.378,
  level: 'http',
  message: 'incoming-request',
  timestamp: '2024-11-16 05:07:02.876 PM'
}
{
  method: 'GET',
  url: '/api/v1/user/profile',
  status: 304,
  response_time: 105.105,
  level: 'http',
  message: 'incoming-request',
  timestamp: '2024-11-16 05:07:05.412 PM'
}
{
  method: 'GET',
  url: '/api/v1/user/profile',
  status: 304,
  response_time: 105.574,
  level: 'http',
  message: 'incoming-request',
  timestamp: '2024-11-16 05:07:05.829 PM'
}
{
  method: 'GET',
  url: '/api/v1/user/profile',
  status: 304,
  response_time: 104.488,
  level: 'http',
  message: 'incoming-request',
  timestamp: '2024-11-16 05:07:17.489 PM'
}
{
  method: 'GET',
  url: '/api/v1/user/profile',
  status: 304,
  response_time: 105.355,
  level: 'http',
  message: 'incoming-request',
  timestamp: '2024-11-16 05:07:17.765 PM'
}
{
  method: 'GET',
  url: '/api/v1/user/profile',
  status: 304,
  response_time: 106.032,
  level: 'http',
  message: 'incoming-request',
  timestamp: '2024-11-16 05:07:20.027 PM'
}
{
  method: 'GET',
  url: '/api/v1/user/profile',
  status: 304,
  response_time: 105.486,
  level: 'http',
  message: 'incoming-request',
  timestamp: '2024-11-16 05:07:20.516 PM'
}
{
  method: 'GET',
  url: '/api/v1/user/profile',
  status: 304,
  response_time: 105.175,
  level: 'http',
  message: 'incoming-request',
  timestamp: '2024-11-16 05:07:24.071 PM'
}
{
  method: 'GET',
  url: '/api/v1/user/profile',
  status: 304,
  response_time: 105.307,
  level: 'http',
  message: 'incoming-request',
  timestamp: '2024-11-16 05:07:24.440 PM'
}
{
  method: 'GET',
  url: '/api/v1/user/profile',
  status: 304,
  response_time: 105.495,
  level: 'http',
  message: 'incoming-request',
  timestamp: '2024-11-16 05:07:41.144 PM'
}
{
  method: 'GET',
  url: '/api/v1/user/profile',
  status: 0,
  response_time: '0',
  level: 'http',
  message: 'incoming-request',
  timestamp: '2024-11-16 05:07:41.877 PM'
}
{
  method: 'GET',
  url: '/api/v1/user/profile',
  status: 304,
  response_time: 104.677,
  level: 'http',
  message: 'incoming-request',
  timestamp: '2024-11-16 05:07:42.427 PM'
}
{
  method: 'GET',
  url: '/api/v1/user/profile',
  status: 200,
  content_length: '1554',
  response_time: 104.862,
  level: 'http',
  message: 'incoming-request',
  timestamp: '2024-11-16 05:07:43.032 PM'
}
{
  method: 'GET',
  url: '/api/v1/user/profile',
  status: 304,
  response_time: 105.131,
  level: 'http',
  message: 'incoming-request',
  timestamp: '2024-11-16 05:07:53.748 PM'
}
{
  method: 'GET',
  url: '/api/v1/user/profile',
  status: 304,
  response_time: 105.228,
  level: 'http',
  message: 'incoming-request',
  timestamp: '2024-11-16 05:07:54.166 PM'
}
{
  method: 'GET',
  url: '/api/v1/user/profile',
  status: 304,
  response_time: 104.786,
  level: 'http',
  message: 'incoming-request',
  timestamp: '2024-11-16 05:08:18.990 PM'
}
{
  method: 'GET',
  url: '/api/v1/user/profile',
  status: 304,
  response_time: 106.253,
  level: 'http',
  message: 'incoming-request',
  timestamp: '2024-11-16 05:08:19.396 PM'
}
{
  method: 'GET',
  url: '/api/v1/user/profile',
  status: 304,
  response_time: 105.402,
  level: 'http',
  message: 'incoming-request',
  timestamp: '2024-11-16 05:08:21.751 PM'
}
{
  method: 'GET',
  url: '/api/v1/user/profile',
  status: 304,
  response_time: 105.144,
  level: 'http',
  message: 'incoming-request',
  timestamp: '2024-11-16 05:08:22.154 PM'
}
{
  method: 'GET',
  url: '/api/v1/user/profile',
  status: 304,
  response_time: 105.811,
  level: 'http',
  message: 'incoming-request',
  timestamp: '2024-11-16 05:08:24.738 PM'
}
{
  method: 'GET',
  url: '/api/v1/user/profile',
  status: 304,
  response_time: 105.747,
  level: 'http',
  message: 'incoming-request',
  timestamp: '2024-11-16 05:08:25.135 PM'
}
{
  method: 'GET',
  url: '/api/v1/user/profile',
  status: 304,
  response_time: 105.477,
  level: 'http',
  message: 'incoming-request',
  timestamp: '2024-11-16 05:08:29.285 PM'
}
{
  method: 'GET',
  url: '/api/v1/user/profile',
  status: 304,
  response_time: 106.965,
  level: 'http',
  message: 'incoming-request',
  timestamp: '2024-11-16 05:08:29.710 PM'
}
{
  method: 'GET',
  url: '/api/v1/user/profile',
  status: 304,
  response_time: 105.138,
  level: 'http',
  message: 'incoming-request',
  timestamp: '2024-11-16 05:08:34.516 PM'
}
{
  method: 'GET',
  url: '/api/v1/user/profile',
  status: 304,
  response_time: 106.21,
  level: 'http',
  message: 'incoming-request',
  timestamp: '2024-11-16 05:08:34.879 PM'
}
{
  method: 'GET',
  url: '/api/v1/user/profile',
  status: 304,
  response_time: 105.623,
  level: 'http',
  message: 'incoming-request',
  timestamp: '2024-11-16 05:09:55.033 PM'
}
{
  method: 'GET',
  url: '/api/v1/user/profile',
  status: 304,
  response_time: 107.425,
  level: 'http',
  message: 'incoming-request',
  timestamp: '2024-11-16 05:09:55.299 PM'
}
{
  method: 'GET',
  url: '/api/v1/user/profile',
  status: 304,
  response_time: 104.796,
  level: 'http',
  message: 'incoming-request',
  timestamp: '2024-11-16 05:10:12.309 PM'
}
{
  method: 'GET',
  url: '/api/v1/user/profile',
  status: 304,
  response_time: 104.866,
  level: 'http',
  message: 'incoming-request',
  timestamp: '2024-11-16 05:10:12.714 PM'
}
{
  method: 'GET',
  url: '/api/v1/user/profile',
  status: 304,
  response_time: 105.98,
  level: 'http',
  message: 'incoming-request',
  timestamp: '2024-11-16 05:10:24.148 PM'
}
{
  method: 'GET',
  url: '/api/v1/user/profile',
  status: 304,
  response_time: 105.956,
  level: 'http',
  message: 'incoming-request',
  timestamp: '2024-11-16 05:10:24.955 PM'
}
{
  method: 'GET',
  url: '/api/v1/user/profile',
  status: 304,
  response_time: 105.393,
  level: 'http',
  message: 'incoming-request',
  timestamp: '2024-11-16 05:11:29.481 PM'
}
{
  method: 'GET',
  url: '/api/v1/user/profile',
  status: 304,
  response_time: 105.695,
  level: 'http',
  message: 'incoming-request',
  timestamp: '2024-11-16 05:11:29.860 PM'
}
{
  method: 'GET',
  url: '/api/v1/user/profile',
  status: 304,
  response_time: 106.404,
  level: 'http',
  message: 'incoming-request',
  timestamp: '2024-11-16 05:11:43.799 PM'
}
{
  method: 'GET',
  url: '/api/v1/user/profile',
  status: 304,
  response_time: 104.853,
  level: 'http',
  message: 'incoming-request',
  timestamp: '2024-11-16 05:11:44.194 PM'
}
{
  method: 'GET',
  url: '/api/v1/user/profile',
  status: 304,
  response_time: 105.517,
  level: 'http',
  message: 'incoming-request',
  timestamp: '2024-11-16 05:12:12.571 PM'
}
{
  method: 'GET',
  url: '/api/v1/user/profile',
  status: 304,
  response_time: 104.7,
  level: 'http',
  message: 'incoming-request',
  timestamp: '2024-11-16 05:12:13.055 PM'
}
{
  method: 'GET',
  url: '/api/v1/user/profile',
  status: 304,
  response_time: 105.972,
  level: 'http',
  message: 'incoming-request',
  timestamp: '2024-11-16 05:12:15.843 PM'
}
{
  method: 'GET',
  url: '/api/v1/user/profile',
  status: 304,
  response_time: 105.092,
  level: 'http',
  message: 'incoming-request',
  timestamp: '2024-11-16 05:12:16.807 PM'
}
{
  method: 'GET',
  url: '/api/v1/user/profile',
  status: 304,
  response_time: 104.78,
  level: 'http',
  message: 'incoming-request',
  timestamp: '2024-11-16 05:12:21.199 PM'
}
{
  method: 'PATCH',
  url: '/api/v1/upload',
  status: 200,
  content_length: '147',
  response_time: 3156.822,
  level: 'http',
  message: 'incoming-request',
  timestamp: '2024-11-16 05:12:38.839 PM'
}
{
  message: 'Server on 1997 running. NodeENV: development  ',
  level: 'info',
  timestamp: '2024-11-16 05:43:58.362 PM'
}
{
  method: 'GET',
  url: '/api/v1/user/profile',
  status: 304,
  response_time: 115.679,
  level: 'http',
  message: 'incoming-request',
  timestamp: '2024-11-16 05:44:08.533 PM'
}
{
  method: 'GET',
  url: '/api/v1/user/profile',
  status: 304,
  response_time: 102.793,
  level: 'http',
  message: 'incoming-request',
  timestamp: '2024-11-16 05:44:09.308 PM'
}
{
  method: 'GET',
  url: '/api/v1/user/profile',
  status: 304,
  response_time: 103.667,
  level: 'http',
  message: 'incoming-request',
  timestamp: '2024-11-16 05:44:46.601 PM'
}
{
  method: 'GET',
  url: '/api/v1/user/profile',
  status: 304,
  response_time: 108.781,
  level: 'http',
  message: 'incoming-request',
  timestamp: '2024-11-16 05:44:46.876 PM'
}
{
  method: 'GET',
  url: '/api/v1/user/profile',
  status: 304,
  response_time: 103.976,
  level: 'http',
  message: 'incoming-request',
  timestamp: '2024-11-16 05:44:47.973 PM'
}
{
  method: 'GET',
  url: '/api/v1/user/profile',
  status: 304,
  response_time: 101.414,
  level: 'http',
  message: 'incoming-request',
  timestamp: '2024-11-16 05:45:08.866 PM'
}
{
  method: 'GET',
  url: '/api/v1/user/profile',
  status: 304,
  response_time: 101.595,
  level: 'http',
  message: 'incoming-request',
  timestamp: '2024-11-16 05:45:09.256 PM'
}
{
  method: 'GET',
  url: '/api/v1/user/profile',
  status: 304,
  response_time: 101.919,
  level: 'http',
  message: 'incoming-request',
  timestamp: '2024-11-16 05:45:11.706 PM'
}
{
  method: 'GET',
  url: '/api/v1/user/profile',
  status: 304,
  response_time: 102.897,
  level: 'http',
  message: 'incoming-request',
  timestamp: '2024-11-16 05:45:12.149 PM'
}
{
  method: 'GET',
  url: '/api/v1/user/profile',
  status: 304,
  response_time: 102.378,
  level: 'http',
  message: 'incoming-request',
  timestamp: '2024-11-16 05:45:14.480 PM'
}
{
  method: 'GET',
  url: '/api/v1/user/profile',
  status: 304,
  response_time: 101.662,
  level: 'http',
  message: 'incoming-request',
  timestamp: '2024-11-16 05:45:15.117 PM'
}
{
  method: 'PATCH',
  url: '/api/v1/user/profile',
  status: 200,
  content_length: '562',
  response_time: 235.534,
  level: 'http',
  message: 'incoming-request',
  timestamp: '2024-11-16 05:45:57.213 PM'
}
{
  method: 'GET',
  url: '/api/v1/user/profile',
  status: 200,
  content_length: '1555',
  response_time: 101.557,
  level: 'http',
  message: 'incoming-request',
  timestamp: '2024-11-16 05:45:57.325 PM'
}
{
  method: 'GET',
  url: '/api/v1/user/profile',
  status: 304,
  response_time: 101.366,
  level: 'http',
  message: 'incoming-request',
  timestamp: '2024-11-16 05:46:16.744 PM'
}
{
  method: 'GET',
  url: '/api/v1/user/profile',
  status: 304,
  response_time: 101.974,
  level: 'http',
  message: 'incoming-request',
  timestamp: '2024-11-16 05:46:16.988 PM'
}
{
  method: 'GET',
  url: '/api/v1/user/profile',
  status: 304,
  response_time: 101.39,
  level: 'http',
  message: 'incoming-request',
  timestamp: '2024-11-16 05:46:21.025 PM'
}
{
  method: 'GET',
  url: '/api/v1/user/profile',
  status: 304,
  response_time: 101.931,
  level: 'http',
  message: 'incoming-request',
  timestamp: '2024-11-16 05:46:21.624 PM'
}
{
  method: 'GET',
  url: '/api/v1/user/profile',
  status: 304,
  response_time: 100.623,
  level: 'http',
  message: 'incoming-request',
  timestamp: '2024-11-16 05:46:25.596 PM'
}
{
  method: 'GET',
  url: '/api/v1/user/profile',
  status: 304,
  response_time: 102.156,
  level: 'http',
  message: 'incoming-request',
  timestamp: '2024-11-16 05:46:48.993 PM'
}
{
  method: 'GET',
  url: '/api/v1/user/profile',
  status: 304,
  response_time: 103.676,
  level: 'http',
  message: 'incoming-request',
  timestamp: '2024-11-16 05:46:49.163 PM'
}
{
  method: 'GET',
  url: '/api/v1/user/profile',
  status: 304,
  response_time: 101.183,
  level: 'http',
  message: 'incoming-request',
  timestamp: '2024-11-16 05:46:53.281 PM'
}
{
  method: 'GET',
  url: '/api/v1/user/profile',
  status: 304,
  response_time: 101.765,
  level: 'http',
  message: 'incoming-request',
  timestamp: '2024-11-16 05:46:53.551 PM'
}
{
  method: 'GET',
  url: '/api/v1/user/profile',
  status: 304,
  response_time: 101.234,
  level: 'http',
  message: 'incoming-request',
  timestamp: '2024-11-16 05:48:27.707 PM'
}
{
  method: 'GET',
  url: '/api/v1/user/profile',
  status: 304,
  response_time: 104.229,
  level: 'http',
  message: 'incoming-request',
  timestamp: '2024-11-16 05:48:33.128 PM'
}
{
  method: 'GET',
  url: '/api/v1/user/profile',
  status: 304,
  response_time: 102.227,
  level: 'http',
  message: 'incoming-request',
  timestamp: '2024-11-16 05:48:34.430 PM'
}
{
  method: 'GET',
  url: '/api/v1/user/profile',
  status: 304,
  response_time: 101.065,
  level: 'http',
  message: 'incoming-request',
  timestamp: '2024-11-16 05:48:36.536 PM'
}
{
  method: 'GET',
  url: '/api/v1/user/profile',
  status: 304,
  response_time: 101.192,
  level: 'http',
  message: 'incoming-request',
  timestamp: '2024-11-16 05:49:22.437 PM'
}
{
  method: 'GET',
  url: '/api/v1/user/profile',
  status: 304,
  response_time: 101.021,
  level: 'http',
  message: 'incoming-request',
  timestamp: '2024-11-16 05:49:24.571 PM'
}
{
  method: 'PATCH',
  url: '/api/v1/user/profile',
  status: 200,
  content_length: '519',
  response_time: 231.916,
  level: 'http',
  message: 'incoming-request',
  timestamp: '2024-11-16 05:49:37.536 PM'
}
{
  method: 'GET',
  url: '/api/v1/user/profile',
  status: 200,
  content_length: '649',
  response_time: 101.1,
  level: 'http',
  message: 'incoming-request',
  timestamp: '2024-11-16 05:49:37.649 PM'
}
{
  method: 'GET',
  url: '/api/v1/user/profile',
  status: 304,
  response_time: 101.255,
  level: 'http',
  message: 'incoming-request',
  timestamp: '2024-11-16 05:49:42.827 PM'
}
{
  method: 'GET',
  url: '/api/v1/user/profile',
  status: 304,
  response_time: 101.13,
  level: 'http',
  message: 'incoming-request',
  timestamp: '2024-11-16 05:51:01.702 PM'
}
{
  method: 'GET',
  url: '/api/v1/user/profile',
  status: 304,
  response_time: 100.409,
  level: 'http',
  message: 'incoming-request',
  timestamp: '2024-11-16 05:51:05.468 PM'
}
{
  method: 'GET',
  url: '/api/v1/user/profile',
  status: 304,
  response_time: 101.469,
  level: 'http',
  message: 'incoming-request',
  timestamp: '2024-11-16 05:51:08.873 PM'
}
{
  method: 'GET',
  url: '/api/v1/user/profile',
  status: 304,
  response_time: 102.236,
  level: 'http',
  message: 'incoming-request',
  timestamp: '2024-11-16 05:51:09.238 PM'
}
{
  method: 'GET',
  url: '/api/v1/user/profile',
  status: 304,
  response_time: 100.961,
  level: 'http',
  message: 'incoming-request',
  timestamp: '2024-11-16 05:51:11.316 PM'
}
{
  method: 'GET',
  url: '/api/v1/user/profile',
  status: 304,
  response_time: 100.988,
  level: 'http',
  message: 'incoming-request',
  timestamp: '2024-11-16 05:51:11.478 PM'
}
{
  method: 'GET',
  url: '/api/v1/user/profile',
  status: 304,
  response_time: 101.052,
  level: 'http',
  message: 'incoming-request',
  timestamp: '2024-11-16 05:51:14.180 PM'
}
{
  method: 'GET',
  url: '/api/v1/user/profile',
  status: 304,
  response_time: 107.195,
  level: 'http',
  message: 'incoming-request',
  timestamp: '2024-11-16 05:51:14.715 PM'
}
{
  method: 'GET',
  url: '/api/v1/user/profile',
  status: 304,
  response_time: 102.589,
  level: 'http',
  message: 'incoming-request',
  timestamp: '2024-11-16 05:51:16.288 PM'
}
{
  method: 'GET',
  url: '/api/v1/user/profile',
  status: 0,
  response_time: '0',
  level: 'http',
  message: 'incoming-request',
  timestamp: '2024-11-16 05:51:17.109 PM'
}
{
  method: 'GET',
  url: '/api/v1/user/profile',
  status: 304,
  response_time: 103.789,
  level: 'http',
  message: 'incoming-request',
  timestamp: '2024-11-16 05:51:17.921 PM'
}
{
  method: 'GET',
  url: '/api/v1/user/profile',
  status: 200,
  content_length: '1555',
  response_time: 101.438,
  level: 'http',
  message: 'incoming-request',
  timestamp: '2024-11-16 05:51:18.477 PM'
}
{
  method: 'GET',
  url: '/api/v1/user/profile',
  status: 304,
  response_time: 100.843,
  level: 'http',
  message: 'incoming-request',
  timestamp: '2024-11-16 05:51:20.328 PM'
}
{
  method: 'GET',
  url: '/api/v1/user/profile',
  status: 304,
  response_time: 100.329,
  level: 'http',
  message: 'incoming-request',
  timestamp: '2024-11-16 05:51:21.942 PM'
}
