{
  message: 'Server on 1997 running. NodeENV: production  ',
  level: 'info',
  timestamp: '2024-11-07 01:27:46.939 PM'
}
{
  method: 'GET',
  url: '/api/v1/property/666720f01ed8af0105a0d444',
  status: 200,
  content_length: '457',
  response_time: 63.532,
  level: 'http',
  message: 'incoming-request',
  timestamp: '2024-11-07 01:27:49.298 PM'
}
{
  method: 'GET',
  url: '/api/v1/property/?page=1',
  status: 200,
  content_length: '2719',
  response_time: 117.741,
  level: 'http',
  message: 'incoming-request',
  timestamp: '2024-11-07 01:27:49.358 PM'
}
{
  method: 'GET',
  url: '/api/v1/property/667d32bae9317340ae958b34',
  status: 200,
  content_length: '484',
  response_time: 52.075,
  level: 'http',
  message: 'incoming-request',
  timestamp: '2024-11-07 01:28:01.835 PM'
}
{
  method: 'GET',
  url: '/api/v1/property/?page=1',
  status: 304,
  response_time: 106.368,
  level: 'http',
  message: 'incoming-request',
  timestamp: '2024-11-07 01:28:01.892 PM'
}
{
  method: 'GET',
  url: '/api/v1/property/?page=2',
  status: 200,
  content_length: '949',
  response_time: 104.933,
  level: 'http',
  message: 'incoming-request',
  timestamp: '2024-11-07 01:28:10.365 PM'
}
{
  method: 'GET',
  url: '/api/v1/property/666720f01ed8af0105a0d444',
  status: 304,
  response_time: 52.638,
  level: 'http',
  message: 'incoming-request',
  timestamp: '2024-11-07 01:33:05.508 PM'
}
{
  message: 'Server on 1997 running. NodeENV: production  ',
  level: 'info',
  timestamp: '2024-11-07 02:28:59.635 PM'
}
{
  message: 'Server on 1997 running. NodeENV: production  ',
  level: 'info',
  timestamp: '2024-11-07 02:47:51.646 PM'
}
{
  message: 'Server on 1997 running. NodeENV: production  ',
  level: 'info',
  timestamp: '2024-11-07 02:51:04.885 PM'
}
{
  message: 'Server on 1997 running. NodeENV: production  ',
  level: 'info',
  timestamp: '2024-11-07 02:51:43.504 PM'
}
{
  message: 'Server on 1997 running. NodeENV: production  ',
  level: 'info',
  timestamp: '2024-11-07 02:51:59.551 PM'
}
{
  message: 'Server on 1997 running. NodeENV: production  ',
  level: 'info',
  timestamp: '2024-11-07 02:52:09.207 PM'
}
{
  message: 'Server on 1997 running. NodeENV: production  ',
  level: 'info',
  timestamp: '2024-11-07 02:52:30.134 PM'
}
{
  message: 'Server on 1997 running. NodeENV: production  ',
  level: 'info',
  timestamp: '2024-11-07 02:53:36.824 PM'
}
{
  message: 'Server on 1997 running. NodeENV: production  ',
  level: 'info',
  timestamp: '2024-11-07 02:55:04.842 PM'
}
{
  message: 'Server on 1997 running. NodeENV: production  ',
  level: 'info',
  timestamp: '2024-11-07 02:55:22.215 PM'
}
{
  message: 'Server on 1997 running. NodeENV: production  ',
  level: 'info',
  timestamp: '2024-11-07 02:55:36.232 PM'
}
{
  message: 'Server on 1997 running. NodeENV: production  ',
  level: 'info',
  timestamp: '2024-11-07 02:55:54.748 PM'
}
{
  message: 'Server on 1997 running. NodeENV: production  ',
  level: 'info',
  timestamp: '2024-11-07 02:56:31.786 PM'
}
{
  message: 'Server on 1997 running. NodeENV: production  ',
  level: 'info',
  timestamp: '2024-11-07 02:57:03.765 PM'
}
{
  message: 'Server on 1997 running. NodeENV: production  ',
  level: 'info',
  timestamp: '2024-11-07 02:57:15.827 PM'
}
{
  message: 'Server on 1997 running. NodeENV: production  ',
  level: 'info',
  timestamp: '2024-11-07 02:58:36.949 PM'
}
{
  message: 'Server on 1997 running. NodeENV: production  ',
  level: 'info',
  timestamp: '2024-11-07 02:58:49.330 PM'
}
{
  message: 'Server on 1997 running. NodeENV: development  ',
  level: 'info',
  timestamp: '2024-11-07 02:59:36.378 PM'
}
{
  message: 'Server on 1997 running. NodeENV: development  ',
  level: 'info',
  timestamp: '2024-11-07 03:00:10.591 PM'
}
{
  message: 'Server on 1997 running. NodeENV: development  ',
  level: 'info',
  timestamp: '2024-11-07 03:03:36.967 PM'
}
{
  message: 'Server on 1997 running. NodeENV: development  ',
  level: 'info',
  timestamp: '2024-11-07 03:05:57.843 PM'
}
{
  message: 'Server on 1997 running. NodeENV: development  ',
  level: 'info',
  timestamp: '2024-11-07 03:06:16.775 PM'
}
{
  message: 'Server on 1997 running. NodeENV: development  ',
  level: 'info',
  timestamp: '2024-11-07 03:11:33.200 PM'
}
{
  message: 'Server on 1997 running. NodeENV: development  ',
  level: 'info',
  timestamp: '2024-11-07 03:12:18.593 PM'
}
{
  message: 'Server on 1997 running. NodeENV: development  ',
  level: 'info',
  timestamp: '2024-11-07 03:15:49.166 PM'
}
{
  message: 'Server on 1997 running. NodeENV: development  ',
  level: 'info',
  timestamp: '2024-11-07 03:17:52.290 PM'
}
{
  message: 'Server on 1997 running. NodeENV: development  ',
  level: 'info',
  timestamp: '2024-11-07 03:21:48.815 PM'
}
{
  message: 'Server on 1997 running. NodeENV: development  ',
  level: 'info',
  timestamp: '2024-11-07 03:53:50.583 PM'
}
{
  message: 'Server on 1997 running. NodeENV: development  ',
  level: 'info',
  timestamp: '2024-11-07 03:54:58.838 PM'
}
{
  message: 'Server on 1997 running. NodeENV: development  ',
  level: 'info',
  timestamp: '2024-11-07 03:55:40.983 PM'
}
{
  message: 'Server on 1997 running. NodeENV: development  ',
  level: 'info',
  timestamp: '2024-11-07 03:55:49.914 PM'
}
{
  message: 'Server on 1997 running. NodeENV: development  ',
  level: 'info',
  timestamp: '2024-11-07 03:55:56.816 PM'
}
{
  message: 'Server on 1997 running. NodeENV: development  ',
  level: 'info',
  timestamp: '2024-11-07 03:56:02.290 PM'
}
{
  message: 'Server on 1997 running. NodeENV: development  ',
  level: 'info',
  timestamp: '2024-11-07 03:56:07.635 PM'
}
{
  message: 'Server on 1997 running. NodeENV: development  ',
  level: 'info',
  timestamp: '2024-11-07 03:56:51.709 PM'
}
{
  message: 'Server on 1997 running. NodeENV: development  ',
  level: 'info',
  timestamp: '2024-11-07 03:57:04.202 PM'
}
{
  message: 'Server on 1997 running. NodeENV: development  ',
  level: 'info',
  timestamp: '2024-11-07 03:57:37.739 PM'
}
{
  message: 'Server on 1997 running. NodeENV: development  ',
  level: 'info',
  timestamp: '2024-11-07 03:57:46.322 PM'
}
{
  message: 'Server on 1997 running. NodeENV: development  ',
  level: 'info',
  timestamp: '2024-11-07 03:58:11.743 PM'
}
{
  message: 'Server on 1997 running. NodeENV: development  ',
  level: 'info',
  timestamp: '2024-11-07 03:58:42.633 PM'
}
{
  message: 'Server on 1997 running. NodeENV: development  ',
  level: 'info',
  timestamp: '2024-11-07 03:58:55.611 PM'
}
{
  message: 'Server on 1997 running. NodeENV: development  ',
  level: 'info',
  timestamp: '2024-11-07 04:24:05.326 PM'
}
{
  message: 'Server on 1997 running. NodeENV: development  ',
  level: 'info',
  timestamp: '2024-11-07 04:27:09.000 PM'
}
{
  message: 'Server on 1997 running. NodeENV: development  ',
  level: 'info',
  timestamp: '2024-11-07 04:29:47.101 PM'
}
{
  message: 'Server on 1997 running. NodeENV: development  ',
  level: 'info',
  timestamp: '2024-11-07 04:33:39.845 PM'
}
{
  message: 'Server on 1997 running. NodeENV: development  ',
  level: 'info',
  timestamp: '2024-11-07 04:42:01.058 PM'
}
{
  message: 'Server on 1997 running. NodeENV: development  ',
  level: 'info',
  timestamp: '2024-11-07 04:59:47.481 PM'
}
{
  message: 'Server on 1997 running. NodeENV: development  ',
  level: 'info',
  timestamp: '2024-11-07 05:16:20.158 PM'
}
{
  message: 'Server on 1997 running. NodeENV: development  ',
  level: 'info',
  timestamp: '2024-11-07 05:38:16.271 PM'
}
{
  message: 'Server on 1997 running. NodeENV: development  ',
  level: 'info',
  timestamp: '2024-11-07 05:42:18.596 PM'
}
