{
  method: 'GET',
  url: '/api/v1/property/all?page=0',
  status: 200,
  content_length: '917',
  response_time: 120.048,
  level: 'http',
  message: 'incoming-request',
  timestamp: '2024-06-13 08:24:23.716 AM'
}
{
  method: 'GET',
  url: '/api/v1/property/all?page=0',
  status: 200,
  content_length: '917',
  response_time: 138.371,
  level: 'http',
  message: 'incoming-request',
  timestamp: '2024-06-13 10:30:38.845 AM'
}
{
  method: 'GET',
  url: '/api/v1/property/all?page=0',
  status: 304,
  response_time: 110.994,
  level: 'http',
  message: 'incoming-request',
  timestamp: '2024-06-13 11:41:44.243 AM'
}
{
  method: 'GET',
  url: '/api/v1/property/all?page=0',
  status: 304,
  response_time: 107.578,
  level: 'http',
  message: 'incoming-request',
  timestamp: '2024-06-13 11:46:26.501 AM'
}
{
  method: 'GET',
  url: '/api/v1/property/all?page=0',
  status: 304,
  response_time: 113.291,
  level: 'http',
  message: 'incoming-request',
  timestamp: '2024-06-13 11:46:29.927 AM'
}
{
  method: 'GET',
  url: '/api/v1/property/all?page=0',
  status: 304,
  response_time: 106.584,
  level: 'http',
  message: 'incoming-request',
  timestamp: '2024-06-13 11:46:34.347 AM'
}
{
  method: 'GET',
  url: '/api/v1/property/all?page=0',
  status: 304,
  response_time: 107.494,
  level: 'http',
  message: 'incoming-request',
  timestamp: '2024-06-13 11:46:38.694 AM'
}
{
  method: 'GET',
  url: '/api/v1/property/all?page=0',
  status: 304,
  response_time: 107.381,
  level: 'http',
  message: 'incoming-request',
  timestamp: '2024-06-13 11:46:41.082 AM'
}
{
  method: 'GET',
  url: '/api/v1/property/all?page=0',
  status: 304,
  response_time: 119.809,
  level: 'http',
  message: 'incoming-request',
  timestamp: '2024-06-13 11:47:04.619 AM'
}
{
  method: 'GET',
  url: '/api/v1/property/all?page=0',
  status: 304,
  response_time: 117.007,
  level: 'http',
  message: 'incoming-request',
  timestamp: '2024-06-13 11:47:11.077 AM'
}
{
  method: 'GET',
  url: '/api/v1/property/all?page=0',
  status: 304,
  response_time: 106.532,
  level: 'http',
  message: 'incoming-request',
  timestamp: '2024-06-13 11:47:14.124 AM'
}
{
  method: 'GET',
  url: '/api/v1/property/all?page=0',
  status: 304,
  response_time: 106.281,
  level: 'http',
  message: 'incoming-request',
  timestamp: '2024-06-13 11:51:27.463 AM'
}
{
  method: 'GET',
  url: '/api/v1/property/all?page=0',
  status: 304,
  response_time: 116.023,
  level: 'http',
  message: 'incoming-request',
  timestamp: '2024-06-13 12:16:20.651 PM'
}
{
  method: 'GET',
  url: '/api/v1/property/all?page=0',
  status: 304,
  response_time: 107.63,
  level: 'http',
  message: 'incoming-request',
  timestamp: '2024-06-13 12:16:24.116 PM'
}
{
  method: 'GET',
  url: '/api/v1/property/all?page=0',
  status: 200,
  content_length: '917',
  response_time: 107.773,
  level: 'http',
  message: 'incoming-request',
  timestamp: '2024-06-13 12:22:46.023 PM'
}
{
  method: 'GET',
  url: '/api/v1/property/all?page=0',
  status: 304,
  response_time: 108.652,
  level: 'http',
  message: 'incoming-request',
  timestamp: '2024-06-13 12:23:40.842 PM'
}
{
  method: 'GET',
  url: '/api/v1/property/all?page=0',
  status: 200,
  content_length: '917',
  response_time: 109.497,
  level: 'http',
  message: 'incoming-request',
  timestamp: '2024-06-13 12:29:24.276 PM'
}
{
  method: 'GET',
  url: '/api/v1/property/all?page=0',
  status: 304,
  response_time: 105.836,
  level: 'http',
  message: 'incoming-request',
  timestamp: '2024-06-13 12:29:24.343 PM'
}
{
  method: 'GET',
  url: '/api/v1/property/all?page=0',
  status: 304,
  response_time: 105.405,
  level: 'http',
  message: 'incoming-request',
  timestamp: '2024-06-13 12:29:38.250 PM'
}
{
  method: 'GET',
  url: '/api/v1/property/all?page=0',
  status: 304,
  response_time: 120.373,
  level: 'http',
  message: 'incoming-request',
  timestamp: '2024-06-13 12:29:38.444 PM'
}
{
  method: 'GET',
  url: '/api/v1/property/all?page=0',
  status: 304,
  response_time: 107.814,
  level: 'http',
  message: 'incoming-request',
  timestamp: '2024-06-13 12:29:54.026 PM'
}
{
  method: 'GET',
  url: '/api/v1/property/all?page=0',
  status: 200,
  content_length: '917',
  response_time: 105.674,
  level: 'http',
  message: 'incoming-request',
  timestamp: '2024-06-13 12:29:54.954 PM'
}
{
  method: 'GET',
  url: '/api/v1/property/all?page=0',
  status: 304,
  response_time: 107.502,
  level: 'http',
  message: 'incoming-request',
  timestamp: '2024-06-13 12:30:02.910 PM'
}
{
  method: 'GET',
  url: '/api/v1/property/all?page=0',
  status: 304,
  response_time: 105.37,
  level: 'http',
  message: 'incoming-request',
  timestamp: '2024-06-13 12:30:03.020 PM'
}
{
  method: 'GET',
  url: '/api/v1/property/all?page=0',
  status: 200,
  content_length: '917',
  response_time: 104.689,
  level: 'http',
  message: 'incoming-request',
  timestamp: '2024-06-13 12:30:30.951 PM'
}
{
  method: 'GET',
  url: '/api/v1/property/all?page=0',
  status: 304,
  response_time: 105.792,
  level: 'http',
  message: 'incoming-request',
  timestamp: '2024-06-13 12:32:39.409 PM'
}
{
  method: 'GET',
  url: '/api/v1/property/all?page=0',
  status: 304,
  response_time: 105.871,
  level: 'http',
  message: 'incoming-request',
  timestamp: '2024-06-13 12:34:00.945 PM'
}
{
  method: 'GET',
  url: '/api/v1/property/all?page=0',
  status: 304,
  response_time: 104.854,
  level: 'http',
  message: 'incoming-request',
  timestamp: '2024-06-13 12:34:01.206 PM'
}
{
  method: 'GET',
  url: '/api/v1/property/all?page=0',
  status: 304,
  response_time: 105.805,
  level: 'http',
  message: 'incoming-request',
  timestamp: '2024-06-13 12:34:03.643 PM'
}
{
  method: 'GET',
  url: '/api/v1/property/undefined',
  status: 200,
  content_length: '1383',
  response_time: 2.371,
  level: 'http',
  message: 'incoming-request',
  timestamp: '2024-06-13 12:42:21.270 PM'
}
{
  method: 'GET',
  url: '/api/v1/property/all?page=0',
  status: 304,
  response_time: 105.508,
  level: 'http',
  message: 'incoming-request',
  timestamp: '2024-06-13 12:42:21.372 PM'
}
{
  method: 'GET',
  url: '/api/v1/property/undefined',
  status: 200,
  content_length: '1383',
  response_time: 0.546,
  level: 'http',
  message: 'incoming-request',
  timestamp: '2024-06-13 12:42:21.564 PM'
}
{
  method: 'GET',
  url: '/api/v1/property/all?page=0',
  status: 304,
  response_time: 105.272,
  level: 'http',
  message: 'incoming-request',
  timestamp: '2024-06-13 12:42:21.671 PM'
}
{
  method: 'GET',
  url: '/api/v1/property/undefined',
  status: 304,
  response_time: 1.358,
  level: 'http',
  message: 'incoming-request',
  timestamp: '2024-06-13 12:42:34.226 PM'
}
{
  method: 'GET',
  url: '/api/v1/property/all?page=0',
  status: 304,
  response_time: 110.385,
  level: 'http',
  message: 'incoming-request',
  timestamp: '2024-06-13 12:42:34.333 PM'
}
{
  method: 'GET',
  url: '/api/v1/property/undefined',
  status: 304,
  response_time: 0.871,
  level: 'http',
  message: 'incoming-request',
  timestamp: '2024-06-13 12:42:34.457 PM'
}
{
  method: 'GET',
  url: '/api/v1/property/all?page=0',
  status: 304,
  response_time: 112.21,
  level: 'http',
  message: 'incoming-request',
  timestamp: '2024-06-13 12:42:34.567 PM'
}
{
  method: 'GET',
  url: '/api/v1/property/all',
  status: 200,
  content_length: '917',
  response_time: 104.722,
  level: 'http',
  message: 'incoming-request',
  timestamp: '2024-06-13 12:42:54.220 PM'
}
{
  method: 'GET',
  url: '/api/v1/property/666720f01ed8af0105a0d444',
  status: 200,
  content_length: '457',
  response_time: 54.04,
  level: 'http',
  message: 'incoming-request',
  timestamp: '2024-06-13 12:43:02.459 PM'
}
{
  method: 'GET',
  url: '/api/v1/property/all?page=0',
  status: 304,
  response_time: 104.375,
  level: 'http',
  message: 'incoming-request',
  timestamp: '2024-06-13 12:43:02.509 PM'
}
{
  method: 'GET',
  url: '/api/v1/property/666720f01ed8af0105a0d444',
  status: 200,
  content_length: '457',
  response_time: 53.809,
  level: 'http',
  message: 'incoming-request',
  timestamp: '2024-06-13 12:43:02.648 PM'
}
{
  method: 'GET',
  url: '/api/v1/property/all?page=0',
  status: 304,
  response_time: 108.355,
  level: 'http',
  message: 'incoming-request',
  timestamp: '2024-06-13 12:43:02.703 PM'
}
{
  method: 'GET',
  url: '/api/v1/property/666720f01ed8af0105a0d444',
  status: 304,
  response_time: 52.323,
  level: 'http',
  message: 'incoming-request',
  timestamp: '2024-06-13 12:43:10.019 PM'
}
{
  method: 'GET',
  url: '/api/v1/property/all?page=0',
  status: 304,
  response_time: 107.343,
  level: 'http',
  message: 'incoming-request',
  timestamp: '2024-06-13 12:43:10.073 PM'
}
{
  method: 'GET',
  url: '/api/v1/property/666720f01ed8af0105a0d444',
  status: 304,
  response_time: 55.964,
  level: 'http',
  message: 'incoming-request',
  timestamp: '2024-06-13 12:43:10.296 PM'
}
{
  method: 'GET',
  url: '/api/v1/property/all?page=0',
  status: 304,
  response_time: 109.524,
  level: 'http',
  message: 'incoming-request',
  timestamp: '2024-06-13 12:43:10.348 PM'
}
{
  method: 'GET',
  url: '/api/v1/property/666720f01ed8af0105a0d444',
  status: 304,
  response_time: 53.797,
  level: 'http',
  message: 'incoming-request',
  timestamp: '2024-06-13 02:45:03.184 PM'
}
{
  method: 'GET',
  url: '/api/v1/property/all?page=0',
  status: 304,
  response_time: 115.738,
  level: 'http',
  message: 'incoming-request',
  timestamp: '2024-06-13 02:45:03.244 PM'
}
