{
  method: 'GET',
  url: '/api/v1/property/666720f01ed8af0105a0d444',
  status: 304,
  response_time: 86.805,
  level: 'http',
  message: 'incoming-request',
  timestamp: '2024-08-03 11:33:16.158 AM'
}
{
  method: 'GET',
  url: '/api/v1/property/?page=1',
  status: 304,
  response_time: 154.469,
  level: 'http',
  message: 'incoming-request',
  timestamp: '2024-08-03 11:33:16.231 AM'
}
{
  method: 'POST',
  url: '/api/v1/auth/feedback',
  status: 201,
  content_length: '47',
  response_time: 133.119,
  level: 'http',
  message: 'incoming-request',
  timestamp: '2024-08-03 11:33:30.015 AM'
}
{
  method: 'GET',
  url: '/api/v1/property/666720f01ed8af0105a0d444',
  status: null,
  response_time: null,
  level: 'http',
  message: 'incoming-request',
  timestamp: '2024-08-03 11:33:53.299 AM'
}
{
  method: 'GET',
  url: '/api/v1/property/?page=1',
  status: null,
  response_time: null,
  level: 'http',
  message: 'incoming-request',
  timestamp: '2024-08-03 11:33:53.303 AM'
}
{
  method: 'GET',
  url: '/api/v1/property/666720f01ed8af0105a0d444',
  status: 200,
  content_length: '457',
  response_time: 110.856,
  level: 'http',
  message: 'incoming-request',
  timestamp: '2024-08-03 11:33:53.855 AM'
}
{
  method: 'GET',
  url: '/api/v1/property/?page=1',
  status: 200,
  content_length: '2719',
  response_time: 198.172,
  level: 'http',
  message: 'incoming-request',
  timestamp: '2024-08-03 11:33:53.943 AM'
}
{
  method: 'GET',
  url: '/api/v1/property/666720f01ed8af0105a0d444',
  status: 304,
  response_time: 101.504,
  level: 'http',
  message: 'incoming-request',
  timestamp: '2024-08-03 11:34:23.375 AM'
}
{
  method: 'GET',
  url: '/api/v1/property/?page=1',
  status: 304,
  response_time: 160.249,
  level: 'http',
  message: 'incoming-request',
  timestamp: '2024-08-03 11:34:23.436 AM'
}
{
  method: 'GET',
  url: '/api/v1/property/666720f01ed8af0105a0d444',
  status: 304,
  response_time: 201.791,
  level: 'http',
  message: 'incoming-request',
  timestamp: '2024-08-03 11:34:26.052 AM'
}
{
  method: 'GET',
  url: '/api/v1/property/?page=1',
  status: null,
  response_time: null,
  level: 'http',
  message: 'incoming-request',
  timestamp: '2024-08-03 11:34:26.102 AM'
}
{
  method: 'GET',
  url: '/api/v1/property/666720f01ed8af0105a0d444',
  status: 304,
  response_time: 106.112,
  level: 'http',
  message: 'incoming-request',
  timestamp: '2024-08-03 11:34:27.099 AM'
}
{
  method: 'GET',
  url: '/api/v1/property/?page=1',
  status: 200,
  content_length: '2719',
  response_time: 171.74,
  level: 'http',
  message: 'incoming-request',
  timestamp: '2024-08-03 11:34:27.166 AM'
}
{
  method: 'GET',
  url: '/api/v1/property/666720f01ed8af0105a0d444',
  status: 304,
  response_time: 406.192,
  level: 'http',
  message: 'incoming-request',
  timestamp: '2024-08-03 11:34:30.917 AM'
}
{
  method: 'GET',
  url: '/api/v1/property/?page=1',
  status: 304,
  response_time: 516.366,
  level: 'http',
  message: 'incoming-request',
  timestamp: '2024-08-03 11:34:31.029 AM'
}
{
  method: 'GET',
  url: '/api/v1/property/666720f01ed8af0105a0d444',
  status: 304,
  response_time: 94.781,
  level: 'http',
  message: 'incoming-request',
  timestamp: '2024-08-03 11:34:32.129 AM'
}
{
  method: 'GET',
  url: '/api/v1/property/?page=1',
  status: 304,
  response_time: 227.358,
  level: 'http',
  message: 'incoming-request',
  timestamp: '2024-08-03 11:34:32.263 AM'
}
{
  method: 'GET',
  url: '/api/v1/property/666720f01ed8af0105a0d444',
  status: 304,
  response_time: 98.434,
  level: 'http',
  message: 'incoming-request',
  timestamp: '2024-08-03 11:34:34.205 AM'
}
{
  method: 'GET',
  url: '/api/v1/property/?page=1',
  status: 304,
  response_time: 183.79,
  level: 'http',
  message: 'incoming-request',
  timestamp: '2024-08-03 11:34:34.291 AM'
}
{
  method: 'GET',
  url: '/api/v1/property/666720f01ed8af0105a0d444',
  status: 304,
  response_time: 86.613,
  level: 'http',
  message: 'incoming-request',
  timestamp: '2024-08-03 11:34:39.513 AM'
}
{
  method: 'GET',
  url: '/api/v1/property/?page=1',
  status: 304,
  response_time: 175.549,
  level: 'http',
  message: 'incoming-request',
  timestamp: '2024-08-03 11:34:39.603 AM'
}
{
  method: 'GET',
  url: '/api/v1/property/666720f01ed8af0105a0d444',
  status: 304,
  response_time: 119.238,
  level: 'http',
  message: 'incoming-request',
  timestamp: '2024-08-03 11:34:46.566 AM'
}
{
  method: 'GET',
  url: '/api/v1/property/?page=1',
  status: 304,
  response_time: 162.725,
  level: 'http',
  message: 'incoming-request',
  timestamp: '2024-08-03 11:34:46.610 AM'
}
{
  method: 'GET',
  url: '/api/v1/property/666720f01ed8af0105a0d444',
  status: 304,
  response_time: 65.54,
  level: 'http',
  message: 'incoming-request',
  timestamp: '2024-08-03 11:34:48.069 AM'
}
{
  method: 'GET',
  url: '/api/v1/property/?page=1',
  status: 304,
  response_time: 129.231,
  level: 'http',
  message: 'incoming-request',
  timestamp: '2024-08-03 11:34:48.133 AM'
}
{
  method: 'GET',
  url: '/api/v1/property/666720f01ed8af0105a0d444',
  status: 304,
  response_time: 58.611,
  level: 'http',
  message: 'incoming-request',
  timestamp: '2024-08-03 11:34:53.381 AM'
}
{
  method: 'GET',
  url: '/api/v1/property/?page=1',
  status: 304,
  response_time: 138.67,
  level: 'http',
  message: 'incoming-request',
  timestamp: '2024-08-03 11:34:53.462 AM'
}
{
  method: 'GET',
  url: '/api/v1/property/666720f01ed8af0105a0d444',
  status: 304,
  response_time: 44.577,
  level: 'http',
  message: 'incoming-request',
  timestamp: '2024-08-03 11:35:05.403 AM'
}
{
  method: 'GET',
  url: '/api/v1/property/?page=1',
  status: 304,
  response_time: 232.488,
  level: 'http',
  message: 'incoming-request',
  timestamp: '2024-08-03 11:35:05.592 AM'
}
{
  method: 'POST',
  url: '/api/v1/auth/feedback',
  status: 201,
  content_length: '47',
  response_time: 121.64,
  level: 'http',
  message: 'incoming-request',
  timestamp: '2024-08-03 11:35:10.698 AM'
}
{
  method: 'POST',
  url: '/api/v1/auth/feedback',
  status: 201,
  content_length: '47',
  response_time: 107.798,
  level: 'http',
  message: 'incoming-request',
  timestamp: '2024-08-03 11:35:15.616 AM'
}
{
  message: 'Too many requests: Too many requests from this IP address\tPOST\t/feedback\thttp://localhost:3000',
  level: 'error',
  timestamp: '2024-08-03 11:35:19.824 AM'
}
{
  method: 'POST',
  url: '/api/v1/auth/feedback',
  status: 429,
  content_length: '52',
  response_time: 0.909,
  level: 'http',
  message: 'incoming-request',
  timestamp: '2024-08-03 11:35:19.825 AM'
}
{
  method: 'GET',
  url: '/api/v1/property/666720f01ed8af0105a0d444',
  status: 304,
  response_time: 61.003,
  level: 'http',
  message: 'incoming-request',
  timestamp: '2024-08-03 11:37:09.133 AM'
}
{
  method: 'GET',
  url: '/api/v1/property/?page=1',
  status: 304,
  response_time: 178.125,
  level: 'http',
  message: 'incoming-request',
  timestamp: '2024-08-03 11:37:09.252 AM'
}
{
  method: 'GET',
  url: '/api/v1/property/666720f01ed8af0105a0d444',
  status: 304,
  response_time: 105.292,
  level: 'http',
  message: 'incoming-request',
  timestamp: '2024-08-03 11:51:32.234 AM'
}
{
  method: 'GET',
  url: '/api/v1/property/?page=1',
  status: 304,
  response_time: 169.808,
  level: 'http',
  message: 'incoming-request',
  timestamp: '2024-08-03 11:51:32.300 AM'
}
{
  method: 'GET',
  url: '/api/v1/property/666720f01ed8af0105a0d444',
  status: 304,
  response_time: 107.706,
  level: 'http',
  message: 'incoming-request',
  timestamp: '2024-08-03 11:51:48.104 AM'
}
{
  method: 'GET',
  url: '/api/v1/property/?page=1',
  status: 304,
  response_time: 202.067,
  level: 'http',
  message: 'incoming-request',
  timestamp: '2024-08-03 11:51:48.200 AM'
}
{
  method: 'GET',
  url: '/api/v1/property/?page=2',
  status: 200,
  content_length: '949',
  response_time: 148.83,
  level: 'http',
  message: 'incoming-request',
  timestamp: '2024-08-03 11:57:56.964 AM'
}
{
  method: 'GET',
  url: '/api/v1/property/666720f01ed8af0105a0d444',
  status: 304,
  response_time: 134.434,
  level: 'http',
  message: 'incoming-request',
  timestamp: '2024-08-03 12:16:18.617 PM'
}
{
  method: 'GET',
  url: '/api/v1/property/?page=1',
  status: 304,
  response_time: 204.884,
  level: 'http',
  message: 'incoming-request',
  timestamp: '2024-08-03 12:16:18.688 PM'
}
{
  method: 'GET',
  url: '/api/v1/property/666720f01ed8af0105a0d444',
  status: 304,
  response_time: 91.91,
  level: 'http',
  message: 'incoming-request',
  timestamp: '2024-08-03 12:16:21.710 PM'
}
{
  method: 'GET',
  url: '/api/v1/property/?page=1',
  status: 304,
  response_time: 260.115,
  level: 'http',
  message: 'incoming-request',
  timestamp: '2024-08-03 12:16:21.879 PM'
}
{
  method: 'GET',
  url: '/api/v1/property/666720f01ed8af0105a0d444',
  status: 304,
  response_time: 55.586,
  level: 'http',
  message: 'incoming-request',
  timestamp: '2024-08-03 12:17:05.825 PM'
}
{
  method: 'GET',
  url: '/api/v1/property/?page=1',
  status: 304,
  response_time: 147.012,
  level: 'http',
  message: 'incoming-request',
  timestamp: '2024-08-03 12:17:05.917 PM'
}
{
  method: 'GET',
  url: '/api/v1/property/666720f01ed8af0105a0d444',
  status: 200,
  content_length: '457',
  response_time: 59.658,
  level: 'http',
  message: 'incoming-request',
  timestamp: '2024-08-03 12:25:14.882 PM'
}
{
  method: 'GET',
  url: '/api/v1/property/?page=1',
  status: 200,
  content_length: '2719',
  response_time: 257.132,
  level: 'http',
  message: 'incoming-request',
  timestamp: '2024-08-03 12:25:15.081 PM'
}
{
  method: 'GET',
  url: '/api/v1/property/666720f01ed8af0105a0d444',
  status: 304,
  response_time: 78.705,
  level: 'http',
  message: 'incoming-request',
  timestamp: '2024-08-03 12:25:15.717 PM'
}
{
  method: 'GET',
  url: '/api/v1/property/?page=1',
  status: 304,
  response_time: 151.11,
  level: 'http',
  message: 'incoming-request',
  timestamp: '2024-08-03 12:25:15.791 PM'
}
{
  method: 'GET',
  url: '/api/v1/property/666720f01ed8af0105a0d444',
  status: 200,
  content_length: '457',
  response_time: 67.799,
  level: 'http',
  message: 'incoming-request',
  timestamp: '2024-08-03 12:25:23.619 PM'
}
{
  method: 'GET',
  url: '/api/v1/property/?page=1',
  status: 200,
  content_length: '2719',
  response_time: 142.156,
  level: 'http',
  message: 'incoming-request',
  timestamp: '2024-08-03 12:25:23.695 PM'
}
{
  method: 'GET',
  url: '/api/v1/property/666720f01ed8af0105a0d444',
  status: 304,
  response_time: 85.807,
  level: 'http',
  message: 'incoming-request',
  timestamp: '2024-08-03 12:25:24.890 PM'
}
{
  method: 'GET',
  url: '/api/v1/property/?page=1',
  status: 304,
  response_time: 203.224,
  level: 'http',
  message: 'incoming-request',
  timestamp: '2024-08-03 12:25:25.009 PM'
}
{
  method: 'GET',
  url: '/api/v1/property/666720f01ed8af0105a0d444',
  status: 200,
  content_length: '457',
  response_time: 69.149,
  level: 'http',
  message: 'incoming-request',
  timestamp: '2024-08-03 12:25:25.817 PM'
}
{
  method: 'GET',
  url: '/api/v1/property/?page=1',
  status: 200,
  content_length: '2719',
  response_time: 169.299,
  level: 'http',
  message: 'incoming-request',
  timestamp: '2024-08-03 12:25:25.918 PM'
}
{
  method: 'GET',
  url: '/api/v1/property/666720f01ed8af0105a0d444',
  status: 304,
  response_time: 113,
  level: 'http',
  message: 'incoming-request',
  timestamp: '2024-08-03 12:25:27.360 PM'
}
{
  method: 'GET',
  url: '/api/v1/property/?page=1',
  status: 304,
  response_time: 160.981,
  level: 'http',
  message: 'incoming-request',
  timestamp: '2024-08-03 12:25:27.409 PM'
}
{
  method: 'GET',
  url: '/api/v1/property/666720f01ed8af0105a0d444',
  status: 200,
  content_length: '457',
  response_time: 54.443,
  level: 'http',
  message: 'incoming-request',
  timestamp: '2024-08-03 12:25:34.029 PM'
}
{
  method: 'GET',
  url: '/api/v1/property/?page=1',
  status: 200,
  content_length: '2719',
  response_time: 132.011,
  level: 'http',
  message: 'incoming-request',
  timestamp: '2024-08-03 12:25:34.108 PM'
}
{
  method: 'GET',
  url: '/api/v1/property/666720f01ed8af0105a0d444',
  status: 304,
  response_time: 42.257,
  level: 'http',
  message: 'incoming-request',
  timestamp: '2024-08-03 12:25:34.607 PM'
}
{
  method: 'GET',
  url: '/api/v1/property/?page=1',
  status: 304,
  response_time: 136.949,
  level: 'http',
  message: 'incoming-request',
  timestamp: '2024-08-03 12:25:34.703 PM'
}
{
  method: 'GET',
  url: '/api/v1/property/666720f01ed8af0105a0d444',
  status: 200,
  content_length: '457',
  response_time: 65.61,
  level: 'http',
  message: 'incoming-request',
  timestamp: '2024-08-03 12:25:39.537 PM'
}
{
  method: 'GET',
  url: '/api/v1/property/?page=1',
  status: 200,
  content_length: '2719',
  response_time: 166.517,
  level: 'http',
  message: 'incoming-request',
  timestamp: '2024-08-03 12:25:39.640 PM'
}
{
  method: 'GET',
  url: '/api/v1/property/666720f01ed8af0105a0d444',
  status: 304,
  response_time: 46.917,
  level: 'http',
  message: 'incoming-request',
  timestamp: '2024-08-03 12:25:40.615 PM'
}
{
  method: 'GET',
  url: '/api/v1/property/?page=1',
  status: 304,
  response_time: 139.911,
  level: 'http',
  message: 'incoming-request',
  timestamp: '2024-08-03 12:25:40.710 PM'
}
{
  method: 'GET',
  url: '/api/v1/property/666720f01ed8af0105a0d444',
  status: 200,
  content_length: '457',
  response_time: 107.993,
  level: 'http',
  message: 'incoming-request',
  timestamp: '2024-08-03 12:25:49.195 PM'
}
{
  method: 'GET',
  url: '/api/v1/property/?page=1',
  status: 200,
  content_length: '2719',
  response_time: 188.459,
  level: 'http',
  message: 'incoming-request',
  timestamp: '2024-08-03 12:25:49.278 PM'
}
{
  method: 'GET',
  url: '/api/v1/property/666720f01ed8af0105a0d444',
  status: 304,
  response_time: 88.743,
  level: 'http',
  message: 'incoming-request',
  timestamp: '2024-08-03 12:25:50.043 PM'
}
{
  method: 'GET',
  url: '/api/v1/property/?page=1',
  status: 304,
  response_time: 139.403,
  level: 'http',
  message: 'incoming-request',
  timestamp: '2024-08-03 12:25:50.095 PM'
}
{
  method: 'GET',
  url: '/api/v1/property/666720f01ed8af0105a0d444',
  status: 200,
  content_length: '457',
  response_time: 94.672,
  level: 'http',
  message: 'incoming-request',
  timestamp: '2024-08-03 12:25:52.263 PM'
}
{
  method: 'GET',
  url: '/api/v1/property/?page=1',
  status: 200,
  content_length: '2719',
  response_time: 424.554,
  level: 'http',
  message: 'incoming-request',
  timestamp: '2024-08-03 12:25:52.595 PM'
}
{
  method: 'GET',
  url: '/api/v1/property/666720f01ed8af0105a0d444',
  status: 304,
  response_time: 62.427,
  level: 'http',
  message: 'incoming-request',
  timestamp: '2024-08-03 12:25:53.442 PM'
}
{
  method: 'GET',
  url: '/api/v1/property/?page=1',
  status: 304,
  response_time: 157.699,
  level: 'http',
  message: 'incoming-request',
  timestamp: '2024-08-03 12:25:53.539 PM'
}
{
  method: 'GET',
  url: '/api/v1/property/666720f01ed8af0105a0d444',
  status: 200,
  content_length: '457',
  response_time: 111.755,
  level: 'http',
  message: 'incoming-request',
  timestamp: '2024-08-03 12:26:07.595 PM'
}
{
  method: 'GET',
  url: '/api/v1/property/?page=1',
  status: 200,
  content_length: '2719',
  response_time: 218.009,
  level: 'http',
  message: 'incoming-request',
  timestamp: '2024-08-03 12:26:07.703 PM'
}
{
  method: 'GET',
  url: '/api/v1/property/666720f01ed8af0105a0d444',
  status: 304,
  response_time: 55.188,
  level: 'http',
  message: 'incoming-request',
  timestamp: '2024-08-03 12:26:07.844 PM'
}
{
  method: 'GET',
  url: '/api/v1/property/?page=1',
  status: 304,
  response_time: 135.546,
  level: 'http',
  message: 'incoming-request',
  timestamp: '2024-08-03 12:26:07.926 PM'
}
{
  method: 'GET',
  url: '/api/v1/property/666720f01ed8af0105a0d444',
  status: 200,
  content_length: '457',
  response_time: 91.917,
  level: 'http',
  message: 'incoming-request',
  timestamp: '2024-08-03 12:26:09.599 PM'
}
{
  method: 'GET',
  url: '/api/v1/property/?page=1',
  status: 200,
  content_length: '2719',
  response_time: 187.746,
  level: 'http',
  message: 'incoming-request',
  timestamp: '2024-08-03 12:26:09.696 PM'
}
{
  method: 'GET',
  url: '/api/v1/property/666720f01ed8af0105a0d444',
  status: 304,
  response_time: 42.832,
  level: 'http',
  message: 'incoming-request',
  timestamp: '2024-08-03 12:26:09.996 PM'
}
{
  method: 'GET',
  url: '/api/v1/property/?page=1',
  status: 304,
  response_time: 123.989,
  level: 'http',
  message: 'incoming-request',
  timestamp: '2024-08-03 12:26:10.079 PM'
}
{
  method: 'GET',
  url: '/api/v1/property/666720f01ed8af0105a0d444',
  status: 200,
  content_length: '457',
  response_time: 54.48,
  level: 'http',
  message: 'incoming-request',
  timestamp: '2024-08-03 12:26:15.727 PM'
}
{
  method: 'GET',
  url: '/api/v1/property/?page=1',
  status: 200,
  content_length: '2719',
  response_time: 150.042,
  level: 'http',
  message: 'incoming-request',
  timestamp: '2024-08-03 12:26:15.824 PM'
}
{
  method: 'GET',
  url: '/api/v1/property/666720f01ed8af0105a0d444',
  status: 304,
  response_time: 88.787,
  level: 'http',
  message: 'incoming-request',
  timestamp: '2024-08-03 12:26:16.542 PM'
}
{
  method: 'GET',
  url: '/api/v1/property/?page=1',
  status: 304,
  response_time: 142.051,
  level: 'http',
  message: 'incoming-request',
  timestamp: '2024-08-03 12:26:16.597 PM'
}
{
  method: 'GET',
  url: '/api/v1/property/666720f01ed8af0105a0d444',
  status: 304,
  response_time: 55.266,
  level: 'http',
  message: 'incoming-request',
  timestamp: '2024-08-03 12:28:49.853 PM'
}
{
  method: 'GET',
  url: '/api/v1/property/?page=1',
  status: 304,
  response_time: 113.935,
  level: 'http',
  message: 'incoming-request',
  timestamp: '2024-08-03 12:28:49.913 PM'
}
{
  method: 'GET',
  url: '/api/v1/property/666720f01ed8af0105a0d444',
  status: 200,
  content_length: '457',
  response_time: 61.128,
  level: 'http',
  message: 'incoming-request',
  timestamp: '2024-08-03 12:28:49.928 PM'
}
{
  method: 'GET',
  url: '/api/v1/property/?page=1',
  status: 200,
  content_length: '2719',
  response_time: 177.894,
  level: 'http',
  message: 'incoming-request',
  timestamp: '2024-08-03 12:28:50.046 PM'
}
{
  method: 'GET',
  url: '/api/v1/property/666720f01ed8af0105a0d444',
  status: 304,
  response_time: 69.542,
  level: 'http',
  message: 'incoming-request',
  timestamp: '2024-08-03 12:28:55.716 PM'
}
{
  method: 'GET',
  url: '/api/v1/property/?page=1',
  status: 304,
  response_time: 128.142,
  level: 'http',
  message: 'incoming-request',
  timestamp: '2024-08-03 12:28:55.775 PM'
}
{
  method: 'GET',
  url: '/api/v1/property/666720f01ed8af0105a0d444',
  status: 200,
  content_length: '457',
  response_time: 56.692,
  level: 'http',
  message: 'incoming-request',
  timestamp: '2024-08-03 12:28:55.912 PM'
}
{
  method: 'GET',
  url: '/api/v1/property/?page=1',
  status: 200,
  content_length: '2719',
  response_time: 138.231,
  level: 'http',
  message: 'incoming-request',
  timestamp: '2024-08-03 12:28:55.995 PM'
}
{
  method: 'GET',
  url: '/api/v1/property/666720f01ed8af0105a0d444',
  status: 200,
  content_length: '457',
  response_time: 41.411,
  level: 'http',
  message: 'incoming-request',
  timestamp: '2024-08-03 12:29:05.723 PM'
}
{
  method: 'GET',
  url: '/api/v1/property/?page=1',
  status: 200,
  content_length: '2719',
  response_time: 176.255,
  level: 'http',
  message: 'incoming-request',
  timestamp: '2024-08-03 12:29:05.860 PM'
}
{
  method: 'GET',
  url: '/api/v1/property/666720f01ed8af0105a0d444',
  status: 304,
  response_time: 62.966,
  level: 'http',
  message: 'incoming-request',
  timestamp: '2024-08-03 12:29:06.203 PM'
}
{
  method: 'GET',
  url: '/api/v1/property/?page=1',
  status: 304,
  response_time: 159.409,
  level: 'http',
  message: 'incoming-request',
  timestamp: '2024-08-03 12:29:06.300 PM'
}
{
  method: 'GET',
  url: '/api/v1/property/666720f01ed8af0105a0d444',
  status: 200,
  content_length: '457',
  response_time: 66.753,
  level: 'http',
  message: 'incoming-request',
  timestamp: '2024-08-03 12:30:53.724 PM'
}
{
  method: 'GET',
  url: '/api/v1/property/?page=1',
  status: 200,
  content_length: '2719',
  response_time: 111.897,
  level: 'http',
  message: 'incoming-request',
  timestamp: '2024-08-03 12:30:53.774 PM'
}
{
  method: 'GET',
  url: '/api/v1/property/666720f01ed8af0105a0d444',
  status: 304,
  response_time: 70.457,
  level: 'http',
  message: 'incoming-request',
  timestamp: '2024-08-03 12:30:54.036 PM'
}
{
  method: 'GET',
  url: '/api/v1/property/?page=1',
  status: 304,
  response_time: 126.045,
  level: 'http',
  message: 'incoming-request',
  timestamp: '2024-08-03 12:30:54.093 PM'
}
{
  method: 'GET',
  url: '/api/v1/property/666720f01ed8af0105a0d444',
  status: 200,
  content_length: '457',
  response_time: 55.444,
  level: 'http',
  message: 'incoming-request',
  timestamp: '2024-08-03 12:30:56.510 PM'
}
{
  method: 'GET',
  url: '/api/v1/property/?page=1',
  status: 200,
  content_length: '2719',
  response_time: 120.609,
  level: 'http',
  message: 'incoming-request',
  timestamp: '2024-08-03 12:30:56.576 PM'
}
{
  method: 'GET',
  url: '/api/v1/property/666720f01ed8af0105a0d444',
  status: 304,
  response_time: 244.189,
  level: 'http',
  message: 'incoming-request',
  timestamp: '2024-08-03 12:30:56.979 PM'
}
{
  method: 'GET',
  url: '/api/v1/property/?page=1',
  status: 304,
  response_time: 317.808,
  level: 'http',
  message: 'incoming-request',
  timestamp: '2024-08-03 12:30:57.054 PM'
}
{
  method: 'GET',
  url: '/api/v1/property/666720f01ed8af0105a0d444',
  status: 200,
  content_length: '457',
  response_time: 55.903,
  level: 'http',
  message: 'incoming-request',
  timestamp: '2024-08-03 12:32:22.812 PM'
}
{
  method: 'GET',
  url: '/api/v1/property/?page=1',
  status: 200,
  content_length: '2719',
  response_time: 163.705,
  level: 'http',
  message: 'incoming-request',
  timestamp: '2024-08-03 12:32:22.921 PM'
}
{
  method: 'GET',
  url: '/api/v1/property/666720f01ed8af0105a0d444',
  status: 304,
  response_time: 60.165,
  level: 'http',
  message: 'incoming-request',
  timestamp: '2024-08-03 12:32:23.079 PM'
}
{
  method: 'GET',
  url: '/api/v1/property/?page=1',
  status: 304,
  response_time: 105.577,
  level: 'http',
  message: 'incoming-request',
  timestamp: '2024-08-03 12:32:23.127 PM'
}
{
  method: 'GET',
  url: '/api/v1/property/666720f01ed8af0105a0d444',
  status: 200,
  content_length: '457',
  response_time: 82.868,
  level: 'http',
  message: 'incoming-request',
  timestamp: '2024-08-03 12:32:30.326 PM'
}
{
  method: 'GET',
  url: '/api/v1/property/?page=1',
  status: 200,
  content_length: '2719',
  response_time: 171.621,
  level: 'http',
  message: 'incoming-request',
  timestamp: '2024-08-03 12:32:30.419 PM'
}
{
  method: 'GET',
  url: '/api/v1/property/666720f01ed8af0105a0d444',
  status: 304,
  response_time: 63.852,
  level: 'http',
  message: 'incoming-request',
  timestamp: '2024-08-03 12:32:30.552 PM'
}
{
  method: 'GET',
  url: '/api/v1/property/?page=1',
  status: 304,
  response_time: 165.55,
  level: 'http',
  message: 'incoming-request',
  timestamp: '2024-08-03 12:32:30.658 PM'
}
{
  method: 'GET',
  url: '/api/v1/property/666720f01ed8af0105a0d444',
  status: 200,
  content_length: '457',
  response_time: 113.705,
  level: 'http',
  message: 'incoming-request',
  timestamp: '2024-08-03 12:32:32.652 PM'
}
{
  method: 'GET',
  url: '/api/v1/property/?page=1',
  status: 200,
  content_length: '2719',
  response_time: 146.691,
  level: 'http',
  message: 'incoming-request',
  timestamp: '2024-08-03 12:32:32.686 PM'
}
{
  method: 'GET',
  url: '/api/v1/property/666720f01ed8af0105a0d444',
  status: 304,
  response_time: 129.823,
  level: 'http',
  message: 'incoming-request',
  timestamp: '2024-08-03 12:32:32.761 PM'
}
{
  method: 'GET',
  url: '/api/v1/property/?page=1',
  status: 304,
  response_time: 812.218,
  level: 'http',
  message: 'incoming-request',
  timestamp: '2024-08-03 12:32:33.445 PM'
}
{
  method: 'GET',
  url: '/api/v1/property/666720f01ed8af0105a0d444',
  status: 200,
  content_length: '457',
  response_time: 123.699,
  level: 'http',
  message: 'incoming-request',
  timestamp: '2024-08-03 12:32:43.863 PM'
}
{
  method: 'GET',
  url: '/api/v1/property/?page=1',
  status: 200,
  content_length: '2719',
  response_time: 193.412,
  level: 'http',
  message: 'incoming-request',
  timestamp: '2024-08-03 12:32:43.935 PM'
}
{
  method: 'GET',
  url: '/api/v1/property/666720f01ed8af0105a0d444',
  status: 304,
  response_time: 139.34,
  level: 'http',
  message: 'incoming-request',
  timestamp: '2024-08-03 12:32:44.156 PM'
}
{
  method: 'GET',
  url: '/api/v1/property/?page=1',
  status: 304,
  response_time: 248.75,
  level: 'http',
  message: 'incoming-request',
  timestamp: '2024-08-03 12:32:44.266 PM'
}
{
  method: 'GET',
  url: '/api/v1/property/666720f01ed8af0105a0d444',
  status: 200,
  content_length: '457',
  response_time: 41.009,
  level: 'http',
  message: 'incoming-request',
  timestamp: '2024-08-03 12:32:47.082 PM'
}
{
  method: 'GET',
  url: '/api/v1/property/?page=1',
  status: 200,
  content_length: '2719',
  response_time: 214.425,
  level: 'http',
  message: 'incoming-request',
  timestamp: '2024-08-03 12:32:47.257 PM'
}
{
  method: 'GET',
  url: '/api/v1/property/666720f01ed8af0105a0d444',
  status: 304,
  response_time: 58.677,
  level: 'http',
  message: 'incoming-request',
  timestamp: '2024-08-03 12:32:47.343 PM'
}
{
  method: 'GET',
  url: '/api/v1/property/?page=1',
  status: 304,
  response_time: 143.336,
  level: 'http',
  message: 'incoming-request',
  timestamp: '2024-08-03 12:32:47.429 PM'
}
{
  method: 'GET',
  url: '/api/v1/property/666720f01ed8af0105a0d444',
  status: 200,
  content_length: '457',
  response_time: 81.737,
  level: 'http',
  message: 'incoming-request',
  timestamp: '2024-08-03 12:33:03.511 PM'
}
{
  method: 'GET',
  url: '/api/v1/property/?page=1',
  status: 200,
  content_length: '2719',
  response_time: 163.717,
  level: 'http',
  message: 'incoming-request',
  timestamp: '2024-08-03 12:33:03.595 PM'
}
{
  method: 'GET',
  url: '/api/v1/property/666720f01ed8af0105a0d444',
  status: 304,
  response_time: 54.148,
  level: 'http',
  message: 'incoming-request',
  timestamp: '2024-08-03 12:33:03.945 PM'
}
{
  method: 'GET',
  url: '/api/v1/property/?page=1',
  status: 304,
  response_time: 167.066,
  level: 'http',
  message: 'incoming-request',
  timestamp: '2024-08-03 12:33:04.059 PM'
}
{
  method: 'GET',
  url: '/api/v1/property/666720f01ed8af0105a0d444',
  status: 200,
  content_length: '457',
  response_time: 95.103,
  level: 'http',
  message: 'incoming-request',
  timestamp: '2024-08-03 12:33:54.707 PM'
}
{
  method: 'GET',
  url: '/api/v1/property/?page=1',
  status: 200,
  content_length: '2719',
  response_time: 144.538,
  level: 'http',
  message: 'incoming-request',
  timestamp: '2024-08-03 12:33:54.758 PM'
}
{
  method: 'GET',
  url: '/api/v1/property/666720f01ed8af0105a0d444',
  status: 304,
  response_time: 60.636,
  level: 'http',
  message: 'incoming-request',
  timestamp: '2024-08-03 12:33:54.834 PM'
}
{
  method: 'GET',
  url: '/api/v1/property/?page=1',
  status: 304,
  response_time: 136.463,
  level: 'http',
  message: 'incoming-request',
  timestamp: '2024-08-03 12:33:54.912 PM'
}
{
  method: 'GET',
  url: '/api/v1/property/666720f01ed8af0105a0d444',
  status: 200,
  content_length: '457',
  response_time: 50.214,
  level: 'http',
  message: 'incoming-request',
  timestamp: '2024-08-03 12:34:10.241 PM'
}
{
  method: 'GET',
  url: '/api/v1/property/?page=1',
  status: 200,
  content_length: '2719',
  response_time: 215.261,
  level: 'http',
  message: 'incoming-request',
  timestamp: '2024-08-03 12:34:10.407 PM'
}
{
  method: 'GET',
  url: '/api/v1/property/666720f01ed8af0105a0d444',
  status: 304,
  response_time: 64.086,
  level: 'http',
  message: 'incoming-request',
  timestamp: '2024-08-03 12:34:10.408 PM'
}
{
  method: 'GET',
  url: '/api/v1/property/?page=1',
  status: 304,
  response_time: 152.089,
  level: 'http',
  message: 'incoming-request',
  timestamp: '2024-08-03 12:34:10.497 PM'
}
{
  method: 'GET',
  url: '/api/v1/property/666720f01ed8af0105a0d444',
  status: 200,
  content_length: '457',
  response_time: 79.583,
  level: 'http',
  message: 'incoming-request',
  timestamp: '2024-08-03 12:34:18.089 PM'
}
{
  method: 'GET',
  url: '/api/v1/property/?page=1',
  status: 200,
  content_length: '2719',
  response_time: 136.814,
  level: 'http',
  message: 'incoming-request',
  timestamp: '2024-08-03 12:34:18.147 PM'
}
{
  method: 'GET',
  url: '/api/v1/property/666720f01ed8af0105a0d444',
  status: 304,
  response_time: 87.96,
  level: 'http',
  message: 'incoming-request',
  timestamp: '2024-08-03 12:34:18.299 PM'
}
{
  method: 'GET',
  url: '/api/v1/property/?page=1',
  status: 304,
  response_time: 167.308,
  level: 'http',
  message: 'incoming-request',
  timestamp: '2024-08-03 12:34:18.381 PM'
}
{
  method: 'GET',
  url: '/api/v1/property/666720f01ed8af0105a0d444',
  status: 200,
  content_length: '457',
  response_time: 85.475,
  level: 'http',
  message: 'incoming-request',
  timestamp: '2024-08-03 12:34:31.189 PM'
}
{
  method: 'GET',
  url: '/api/v1/property/?page=1',
  status: 200,
  content_length: '2719',
  response_time: 180.896,
  level: 'http',
  message: 'incoming-request',
  timestamp: '2024-08-03 12:34:31.287 PM'
}
{
  method: 'GET',
  url: '/api/v1/property/666720f01ed8af0105a0d444',
  status: 304,
  response_time: 79.516,
  level: 'http',
  message: 'incoming-request',
  timestamp: '2024-08-03 12:34:31.369 PM'
}
{
  method: 'GET',
  url: '/api/v1/property/?page=1',
  status: 304,
  response_time: 124.932,
  level: 'http',
  message: 'incoming-request',
  timestamp: '2024-08-03 12:34:31.416 PM'
}
{
  method: 'GET',
  url: '/api/v1/property/666720f01ed8af0105a0d444',
  status: 200,
  content_length: '457',
  response_time: 80.854,
  level: 'http',
  message: 'incoming-request',
  timestamp: '2024-08-03 12:34:44.224 PM'
}
{
  method: 'GET',
  url: '/api/v1/property/?page=1',
  status: 200,
  content_length: '2719',
  response_time: 175.867,
  level: 'http',
  message: 'incoming-request',
  timestamp: '2024-08-03 12:34:44.320 PM'
}
{
  method: 'GET',
  url: '/api/v1/property/666720f01ed8af0105a0d444',
  status: 304,
  response_time: 85.071,
  level: 'http',
  message: 'incoming-request',
  timestamp: '2024-08-03 12:34:44.394 PM'
}
{
  method: 'GET',
  url: '/api/v1/property/?page=1',
  status: 304,
  response_time: 137.887,
  level: 'http',
  message: 'incoming-request',
  timestamp: '2024-08-03 12:34:44.448 PM'
}
{
  method: 'GET',
  url: '/api/v1/property/666720f01ed8af0105a0d444',
  status: 200,
  content_length: '457',
  response_time: 47.839,
  level: 'http',
  message: 'incoming-request',
  timestamp: '2024-08-03 12:34:51.870 PM'
}
{
  method: 'GET',
  url: '/api/v1/property/?page=1',
  status: 200,
  content_length: '2719',
  response_time: 98.969,
  level: 'http',
  message: 'incoming-request',
  timestamp: '2024-08-03 12:34:51.923 PM'
}
{
  method: 'GET',
  url: '/api/v1/property/666720f01ed8af0105a0d444',
  status: 304,
  response_time: 88.069,
  level: 'http',
  message: 'incoming-request',
  timestamp: '2024-08-03 12:34:52.055 PM'
}
{
  method: 'GET',
  url: '/api/v1/property/?page=1',
  status: 304,
  response_time: 138.684,
  level: 'http',
  message: 'incoming-request',
  timestamp: '2024-08-03 12:34:52.109 PM'
}
{
  method: 'GET',
  url: '/api/v1/property/666720f01ed8af0105a0d444',
  status: 304,
  response_time: 52.727,
  level: 'http',
  message: 'incoming-request',
  timestamp: '2024-08-03 12:38:43.163 PM'
}
{
  method: 'GET',
  url: '/api/v1/property/666720f01ed8af0105a0d444',
  status: 200,
  content_length: '457',
  response_time: 57.342,
  level: 'http',
  message: 'incoming-request',
  timestamp: '2024-08-03 12:38:43.165 PM'
}
{
  method: 'GET',
  url: '/api/v1/property/?page=1',
  status: 200,
  content_length: '2719',
  response_time: 106.708,
  level: 'http',
  message: 'incoming-request',
  timestamp: '2024-08-03 12:38:43.215 PM'
}
{
  method: 'GET',
  url: '/api/v1/property/?page=1',
  status: 304,
  response_time: 113.453,
  level: 'http',
  message: 'incoming-request',
  timestamp: '2024-08-03 12:38:43.229 PM'
}
{
  method: 'GET',
  url: '/api/v1/property/666720f01ed8af0105a0d444',
  status: 200,
  content_length: '457',
  response_time: 140.956,
  level: 'http',
  message: 'incoming-request',
  timestamp: '2024-08-03 12:39:07.148 PM'
}
{
  method: 'GET',
  url: '/api/v1/property/?page=1',
  status: 200,
  content_length: '2719',
  response_time: 194.195,
  level: 'http',
  message: 'incoming-request',
  timestamp: '2024-08-03 12:39:07.203 PM'
}
{
  method: 'GET',
  url: '/api/v1/property/666720f01ed8af0105a0d444',
  status: 304,
  response_time: 57.993,
  level: 'http',
  message: 'incoming-request',
  timestamp: '2024-08-03 12:39:07.255 PM'
}
{
  method: 'GET',
  url: '/api/v1/property/?page=1',
  status: 304,
  response_time: 124.89,
  level: 'http',
  message: 'incoming-request',
  timestamp: '2024-08-03 12:39:07.323 PM'
}
{
  method: 'GET',
  url: '/api/v1/property/666720f01ed8af0105a0d444',
  status: 304,
  response_time: 41.052,
  level: 'http',
  message: 'incoming-request',
  timestamp: '2024-08-03 12:40:32.464 PM'
}
{
  method: 'GET',
  url: '/api/v1/property/?page=1',
  status: 304,
  response_time: 108.793,
  level: 'http',
  message: 'incoming-request',
  timestamp: '2024-08-03 12:40:32.532 PM'
}
{
  method: 'GET',
  url: '/api/v1/property/666720f01ed8af0105a0d444',
  status: 304,
  response_time: 60.683,
  level: 'http',
  message: 'incoming-request',
  timestamp: '2024-08-03 12:41:33.883 PM'
}
{
  method: 'GET',
  url: '/api/v1/property/?page=1',
  status: 304,
  response_time: 178.437,
  level: 'http',
  message: 'incoming-request',
  timestamp: '2024-08-03 12:41:34.002 PM'
}
{
  method: 'GET',
  url: '/api/v1/property/666720f01ed8af0105a0d444',
  status: 304,
  response_time: 61.221,
  level: 'http',
  message: 'incoming-request',
  timestamp: '2024-08-03 12:44:12.740 PM'
}
{
  method: 'GET',
  url: '/api/v1/property/?page=1',
  status: 304,
  response_time: 141.729,
  level: 'http',
  message: 'incoming-request',
  timestamp: '2024-08-03 12:44:12.821 PM'
}
{
  method: 'GET',
  url: '/api/v1/property/666720f01ed8af0105a0d444',
  status: 200,
  content_length: '457',
  response_time: 72.293,
  level: 'http',
  message: 'incoming-request',
  timestamp: '2024-08-03 12:44:12.951 PM'
}
{
  method: 'GET',
  url: '/api/v1/property/?page=1',
  status: 200,
  content_length: '2719',
  response_time: 148.978,
  level: 'http',
  message: 'incoming-request',
  timestamp: '2024-08-03 12:44:13.030 PM'
}
{
  method: 'GET',
  url: '/api/v1/property/666720f01ed8af0105a0d444',
  status: 304,
  response_time: 58.693,
  level: 'http',
  message: 'incoming-request',
  timestamp: '2024-08-03 12:44:14.265 PM'
}
{
  method: 'GET',
  url: '/api/v1/property/?page=1',
  status: 200,
  content_length: '2719',
  response_time: 112.42,
  level: 'http',
  message: 'incoming-request',
  timestamp: '2024-08-03 12:44:14.321 PM'
}
{
  method: 'GET',
  url: '/api/v1/property/666720f01ed8af0105a0d444',
  status: 200,
  content_length: '457',
  response_time: 123.906,
  level: 'http',
  message: 'incoming-request',
  timestamp: '2024-08-03 12:44:14.499 PM'
}
{
  method: 'GET',
  url: '/api/v1/property/?page=1',
  status: 200,
  content_length: '2719',
  response_time: 214.938,
  level: 'http',
  message: 'incoming-request',
  timestamp: '2024-08-03 12:44:14.592 PM'
}
{
  method: 'GET',
  url: '/api/v1/property/666720f01ed8af0105a0d444',
  status: 200,
  content_length: '457',
  response_time: 67.091,
  level: 'http',
  message: 'incoming-request',
  timestamp: '2024-08-03 12:44:20.947 PM'
}
{
  method: 'GET',
  url: '/api/v1/property/?page=1',
  status: 200,
  content_length: '2719',
  response_time: 162.381,
  level: 'http',
  message: 'incoming-request',
  timestamp: '2024-08-03 12:44:21.044 PM'
}
{
  method: 'GET',
  url: '/api/v1/property/666720f01ed8af0105a0d444',
  status: 304,
  response_time: 66.176,
  level: 'http',
  message: 'incoming-request',
  timestamp: '2024-08-03 12:44:21.097 PM'
}
{
  method: 'GET',
  url: '/api/v1/property/?page=1',
  status: 304,
  response_time: 185.437,
  level: 'http',
  message: 'incoming-request',
  timestamp: '2024-08-03 12:44:21.218 PM'
}
{
  method: 'GET',
  url: '/api/v1/property/666720f01ed8af0105a0d444',
  status: 200,
  content_length: '457',
  response_time: 49.04,
  level: 'http',
  message: 'incoming-request',
  timestamp: '2024-08-03 12:44:32.737 PM'
}
{
  method: 'GET',
  url: '/api/v1/property/?page=1',
  status: 200,
  content_length: '2719',
  response_time: 132.198,
  level: 'http',
  message: 'incoming-request',
  timestamp: '2024-08-03 12:44:32.822 PM'
}
{
  method: 'GET',
  url: '/api/v1/property/666720f01ed8af0105a0d444',
  status: 304,
  response_time: 71.127,
  level: 'http',
  message: 'incoming-request',
  timestamp: '2024-08-03 12:44:33.055 PM'
}
{
  method: 'GET',
  url: '/api/v1/property/?page=1',
  status: 304,
  response_time: 128.16,
  level: 'http',
  message: 'incoming-request',
  timestamp: '2024-08-03 12:44:33.113 PM'
}
{
  method: 'GET',
  url: '/api/v1/property/666720f01ed8af0105a0d444',
  status: 200,
  content_length: '457',
  response_time: 65.27,
  level: 'http',
  message: 'incoming-request',
  timestamp: '2024-08-03 12:44:39.134 PM'
}
{
  method: 'GET',
  url: '/api/v1/property/?page=1',
  status: 200,
  content_length: '2719',
  response_time: 168.571,
  level: 'http',
  message: 'incoming-request',
  timestamp: '2024-08-03 12:44:39.238 PM'
}
{
  method: 'GET',
  url: '/api/v1/property/666720f01ed8af0105a0d444',
  status: 304,
  response_time: 63.848,
  level: 'http',
  message: 'incoming-request',
  timestamp: '2024-08-03 12:44:39.444 PM'
}
{
  method: 'GET',
  url: '/api/v1/property/?page=1',
  status: 304,
  response_time: 149.546,
  level: 'http',
  message: 'incoming-request',
  timestamp: '2024-08-03 12:44:39.531 PM'
}
{
  method: 'GET',
  url: '/api/v1/property/666720f01ed8af0105a0d444',
  status: 304,
  response_time: 108.53,
  level: 'http',
  message: 'incoming-request',
  timestamp: '2024-08-03 12:44:45.192 PM'
}
{
  method: 'GET',
  url: '/api/v1/property/?page=1',
  status: 304,
  response_time: 178.988,
  level: 'http',
  message: 'incoming-request',
  timestamp: '2024-08-03 12:44:45.264 PM'
}
{
  method: 'GET',
  url: '/api/v1/property/666720f01ed8af0105a0d444',
  status: 200,
  content_length: '457',
  response_time: 64.307,
  level: 'http',
  message: 'incoming-request',
  timestamp: '2024-08-03 12:44:45.657 PM'
}
{
  method: 'GET',
  url: '/api/v1/property/?page=1',
  status: 200,
  content_length: '2719',
  response_time: 187.438,
  level: 'http',
  message: 'incoming-request',
  timestamp: '2024-08-03 12:44:45.782 PM'
}
{
  method: 'GET',
  url: '/api/v1/property/666720f01ed8af0105a0d444',
  status: 200,
  content_length: '457',
  response_time: 77.395,
  level: 'http',
  message: 'incoming-request',
  timestamp: '2024-08-03 12:46:31.849 PM'
}
{
  method: 'GET',
  url: '/api/v1/property/?page=1',
  status: 200,
  content_length: '2719',
  response_time: 152.548,
  level: 'http',
  message: 'incoming-request',
  timestamp: '2024-08-03 12:46:31.926 PM'
}
{
  method: 'GET',
  url: '/api/v1/property/666720f01ed8af0105a0d444',
  status: 304,
  response_time: 97.731,
  level: 'http',
  message: 'incoming-request',
  timestamp: '2024-08-03 12:46:35.624 PM'
}
{
  method: 'GET',
  url: '/api/v1/property/?page=1',
  status: 304,
  response_time: 166.797,
  level: 'http',
  message: 'incoming-request',
  timestamp: '2024-08-03 12:46:35.694 PM'
}
{
  method: 'GET',
  url: '/api/v1/property/666720f01ed8af0105a0d444',
  status: 200,
  content_length: '457',
  response_time: 71.043,
  level: 'http',
  message: 'incoming-request',
  timestamp: '2024-08-03 12:47:11.153 PM'
}
{
  method: 'GET',
  url: '/api/v1/property/?page=1',
  status: 200,
  content_length: '2719',
  response_time: 156.349,
  level: 'http',
  message: 'incoming-request',
  timestamp: '2024-08-03 12:47:11.237 PM'
}
{
  method: 'GET',
  url: '/api/v1/property/666720f01ed8af0105a0d444',
  status: 304,
  response_time: 54.427,
  level: 'http',
  message: 'incoming-request',
  timestamp: '2024-08-03 12:47:14.704 PM'
}
{
  method: 'GET',
  url: '/api/v1/property/?page=1',
  status: 304,
  response_time: 213.861,
  level: 'http',
  message: 'incoming-request',
  timestamp: '2024-08-03 12:47:14.864 PM'
}
{
  method: 'GET',
  url: '/api/v1/property/666720f01ed8af0105a0d444',
  status: 304,
  response_time: 71.39,
  level: 'http',
  message: 'incoming-request',
  timestamp: '2024-08-03 12:47:50.271 PM'
}
{
  method: 'GET',
  url: '/api/v1/property/?page=1',
  status: 304,
  response_time: 211.767,
  level: 'http',
  message: 'incoming-request',
  timestamp: '2024-08-03 12:47:50.412 PM'
}
{
  method: 'GET',
  url: '/api/v1/property/666720f01ed8af0105a0d444',
  status: 304,
  response_time: 75.578,
  level: 'http',
  message: 'incoming-request',
  timestamp: '2024-08-03 12:48:01.383 PM'
}
{
  method: 'GET',
  url: '/api/v1/property/?page=1',
  status: 304,
  response_time: 202.066,
  level: 'http',
  message: 'incoming-request',
  timestamp: '2024-08-03 12:48:01.511 PM'
}
{
  method: 'GET',
  url: '/api/v1/property/666720f01ed8af0105a0d444',
  status: 304,
  response_time: 57.445,
  level: 'http',
  message: 'incoming-request',
  timestamp: '2024-08-03 12:48:02.301 PM'
}
{
  method: 'GET',
  url: '/api/v1/property/?page=1',
  status: 304,
  response_time: 179.565,
  level: 'http',
  message: 'incoming-request',
  timestamp: '2024-08-03 12:48:02.425 PM'
}
{
  method: 'GET',
  url: '/api/v1/property/666720f01ed8af0105a0d444',
  status: 304,
  response_time: 46.437,
  level: 'http',
  message: 'incoming-request',
  timestamp: '2024-08-03 12:48:07.141 PM'
}
{
  method: 'GET',
  url: '/api/v1/property/?page=1',
  status: 304,
  response_time: 229.057,
  level: 'http',
  message: 'incoming-request',
  timestamp: '2024-08-03 12:48:07.325 PM'
}
{
  method: 'GET',
  url: '/api/v1/property/666720f01ed8af0105a0d444',
  status: 304,
  response_time: 69.413,
  level: 'http',
  message: 'incoming-request',
  timestamp: '2024-08-03 12:48:22.908 PM'
}
{
  method: 'GET',
  url: '/api/v1/property/?page=1',
  status: 304,
  response_time: 133.991,
  level: 'http',
  message: 'incoming-request',
  timestamp: '2024-08-03 12:48:22.974 PM'
}
{
  method: 'GET',
  url: '/api/v1/property/666720f01ed8af0105a0d444',
  status: 304,
  response_time: 87.269,
  level: 'http',
  message: 'incoming-request',
  timestamp: '2024-08-03 12:48:23.693 PM'
}
{
  method: 'GET',
  url: '/api/v1/property/?page=1',
  status: 304,
  response_time: 534.388,
  level: 'http',
  message: 'incoming-request',
  timestamp: '2024-08-03 12:48:24.142 PM'
}
{
  method: 'GET',
  url: '/api/v1/property/666720f01ed8af0105a0d444',
  status: 200,
  content_length: '457',
  response_time: 50.029,
  level: 'http',
  message: 'incoming-request',
  timestamp: '2024-08-03 12:48:43.885 PM'
}
{
  method: 'GET',
  url: '/api/v1/property/?page=1',
  status: 200,
  content_length: '2719',
  response_time: 119.48,
  level: 'http',
  message: 'incoming-request',
  timestamp: '2024-08-03 12:48:43.956 PM'
}
{
  method: 'GET',
  url: '/api/v1/property/666720f01ed8af0105a0d444',
  status: 304,
  response_time: 70.459,
  level: 'http',
  message: 'incoming-request',
  timestamp: '2024-08-03 12:48:44.397 PM'
}
{
  method: 'GET',
  url: '/api/v1/property/?page=1',
  status: 304,
  response_time: 225.975,
  level: 'http',
  message: 'incoming-request',
  timestamp: '2024-08-03 12:48:44.553 PM'
}
{
  method: 'GET',
  url: '/api/v1/property/666720f01ed8af0105a0d444',
  status: 200,
  content_length: '457',
  response_time: 81.621,
  level: 'http',
  message: 'incoming-request',
  timestamp: '2024-08-03 12:50:39.608 PM'
}
{
  method: 'GET',
  url: '/api/v1/property/?page=1',
  status: 200,
  content_length: '2719',
  response_time: 155.874,
  level: 'http',
  message: 'incoming-request',
  timestamp: '2024-08-03 12:50:39.683 PM'
}
{
  method: 'GET',
  url: '/api/v1/property/666720f01ed8af0105a0d444',
  status: 200,
  content_length: '457',
  response_time: 55.004,
  level: 'http',
  message: 'incoming-request',
  timestamp: '2024-08-03 12:55:25.134 PM'
}
{
  method: 'GET',
  url: '/api/v1/property/?page=1',
  status: 200,
  content_length: '2719',
  response_time: 189.131,
  level: 'http',
  message: 'incoming-request',
  timestamp: '2024-08-03 12:55:25.270 PM'
}
{
  method: 'GET',
  url: '/api/v1/property/666720f01ed8af0105a0d444',
  status: 304,
  response_time: 59.349,
  level: 'http',
  message: 'incoming-request',
  timestamp: '2024-08-03 12:55:25.873 PM'
}
{
  method: 'GET',
  url: '/api/v1/property/?page=1',
  status: 304,
  response_time: 149.524,
  level: 'http',
  message: 'incoming-request',
  timestamp: '2024-08-03 12:55:25.965 PM'
}
{
  method: 'GET',
  url: '/api/v1/property/666720f01ed8af0105a0d444',
  status: 200,
  content_length: '457',
  response_time: 48.54,
  level: 'http',
  message: 'incoming-request',
  timestamp: '2024-08-03 12:57:06.609 PM'
}
{
  method: 'GET',
  url: '/api/v1/property/?page=1',
  status: 200,
  content_length: '2719',
  response_time: 129.418,
  level: 'http',
  message: 'incoming-request',
  timestamp: '2024-08-03 12:57:06.692 PM'
}
{
  method: 'GET',
  url: '/api/v1/property/666720f01ed8af0105a0d444',
  status: 304,
  response_time: 67.391,
  level: 'http',
  message: 'incoming-request',
  timestamp: '2024-08-03 12:57:07.783 PM'
}
{
  method: 'GET',
  url: '/api/v1/property/?page=1',
  status: 304,
  response_time: 136.823,
  level: 'http',
  message: 'incoming-request',
  timestamp: '2024-08-03 12:57:07.854 PM'
}
{
  method: 'GET',
  url: '/api/v1/property/666720f01ed8af0105a0d444',
  status: 200,
  content_length: '457',
  response_time: 96.452,
  level: 'http',
  message: 'incoming-request',
  timestamp: '2024-08-03 12:57:18.543 PM'
}
{
  method: 'GET',
  url: '/api/v1/property/?page=1',
  status: 200,
  content_length: '2719',
  response_time: 207.996,
  level: 'http',
  message: 'incoming-request',
  timestamp: '2024-08-03 12:57:18.656 PM'
}
{
  method: 'GET',
  url: '/api/v1/property/666720f01ed8af0105a0d444',
  status: 304,
  response_time: 68.735,
  level: 'http',
  message: 'incoming-request',
  timestamp: '2024-08-03 12:57:19.242 PM'
}
{
  method: 'GET',
  url: '/api/v1/property/?page=1',
  status: 304,
  response_time: 120.48,
  level: 'http',
  message: 'incoming-request',
  timestamp: '2024-08-03 12:57:19.295 PM'
}
{
  method: 'GET',
  url: '/api/v1/property/666720f01ed8af0105a0d444',
  status: 200,
  content_length: '457',
  response_time: 63.042,
  level: 'http',
  message: 'incoming-request',
  timestamp: '2024-08-03 12:57:21.880 PM'
}
{
  method: 'GET',
  url: '/api/v1/property/666720f01ed8af0105a0d444',
  status: 304,
  response_time: 60.954,
  level: 'http',
  message: 'incoming-request',
  timestamp: '2024-08-03 12:57:21.934 PM'
}
{
  method: 'GET',
  url: '/api/v1/property/?page=1',
  status: 200,
  content_length: '2719',
  response_time: 116.352,
  level: 'http',
  message: 'incoming-request',
  timestamp: '2024-08-03 12:57:21.935 PM'
}
{
  method: 'GET',
  url: '/api/v1/property/?page=1',
  status: 304,
  response_time: 115.674,
  level: 'http',
  message: 'incoming-request',
  timestamp: '2024-08-03 12:57:21.990 PM'
}
{
  method: 'GET',
  url: '/api/v1/property/666720f01ed8af0105a0d444',
  status: 200,
  content_length: '457',
  response_time: 67.665,
  level: 'http',
  message: 'incoming-request',
  timestamp: '2024-08-03 12:57:39.682 PM'
}
{
  method: 'GET',
  url: '/api/v1/property/?page=1',
  status: 200,
  content_length: '2719',
  response_time: 158.276,
  level: 'http',
  message: 'incoming-request',
  timestamp: '2024-08-03 12:57:39.774 PM'
}
{
  method: 'GET',
  url: '/api/v1/property/666720f01ed8af0105a0d444',
  status: 304,
  response_time: 62.72,
  level: 'http',
  message: 'incoming-request',
  timestamp: '2024-08-03 12:57:39.895 PM'
}
{
  method: 'GET',
  url: '/api/v1/property/?page=1',
  status: 304,
  response_time: 142.644,
  level: 'http',
  message: 'incoming-request',
  timestamp: '2024-08-03 12:57:39.976 PM'
}
{
  method: 'GET',
  url: '/api/v1/property/666720f01ed8af0105a0d444',
  status: 200,
  content_length: '457',
  response_time: 64.507,
  level: 'http',
  message: 'incoming-request',
  timestamp: '2024-08-03 12:58:04.101 PM'
}
{
  method: 'GET',
  url: '/api/v1/property/?page=1',
  status: 200,
  content_length: '2719',
  response_time: 130.103,
  level: 'http',
  message: 'incoming-request',
  timestamp: '2024-08-03 12:58:04.167 PM'
}
{
  method: 'GET',
  url: '/api/v1/property/666720f01ed8af0105a0d444',
  status: 304,
  response_time: 98.955,
  level: 'http',
  message: 'incoming-request',
  timestamp: '2024-08-03 12:58:05.812 PM'
}
{
  method: 'GET',
  url: '/api/v1/property/?page=1',
  status: 304,
  response_time: 167.421,
  level: 'http',
  message: 'incoming-request',
  timestamp: '2024-08-03 12:58:05.882 PM'
}
{
  method: 'GET',
  url: '/api/v1/property/666720f01ed8af0105a0d444',
  status: 304,
  response_time: 53.281,
  level: 'http',
  message: 'incoming-request',
  timestamp: '2024-08-03 12:58:39.237 PM'
}
{
  method: 'GET',
  url: '/api/v1/property/?page=1',
  status: 304,
  response_time: 148.692,
  level: 'http',
  message: 'incoming-request',
  timestamp: '2024-08-03 12:58:39.334 PM'
}
{
  method: 'GET',
  url: '/api/v1/property/666720f01ed8af0105a0d444',
  status: 200,
  content_length: '457',
  response_time: 74.323,
  level: 'http',
  message: 'incoming-request',
  timestamp: '2024-08-03 12:59:07.488 PM'
}
{
  method: 'GET',
  url: '/api/v1/property/?page=1',
  status: 200,
  content_length: '2719',
  response_time: 154.843,
  level: 'http',
  message: 'incoming-request',
  timestamp: '2024-08-03 12:59:07.570 PM'
}
{
  method: 'GET',
  url: '/api/v1/property/666720f01ed8af0105a0d444',
  status: 304,
  response_time: 69.378,
  level: 'http',
  message: 'incoming-request',
  timestamp: '2024-08-03 12:59:07.572 PM'
}
{
  method: 'GET',
  url: '/api/v1/property/?page=1',
  status: 304,
  response_time: 168.301,
  level: 'http',
  message: 'incoming-request',
  timestamp: '2024-08-03 12:59:07.672 PM'
}
{
  method: 'GET',
  url: '/api/v1/property/666720f01ed8af0105a0d444',
  status: 200,
  content_length: '457',
  response_time: 45.614,
  level: 'http',
  message: 'incoming-request',
  timestamp: '2024-08-03 12:59:23.455 PM'
}
{
  method: 'GET',
  url: '/api/v1/property/?page=1',
  status: 200,
  content_length: '2719',
  response_time: 289.755,
  level: 'http',
  message: 'incoming-request',
  timestamp: '2024-08-03 12:59:23.700 PM'
}
{
  method: 'GET',
  url: '/api/v1/property/666720f01ed8af0105a0d444',
  status: 304,
  response_time: 98.206,
  level: 'http',
  message: 'incoming-request',
  timestamp: '2024-08-03 12:59:23.906 PM'
}
{
  method: 'GET',
  url: '/api/v1/property/?page=1',
  status: 304,
  response_time: 178.198,
  level: 'http',
  message: 'incoming-request',
  timestamp: '2024-08-03 12:59:23.987 PM'
}
{
  method: 'GET',
  url: '/api/v1/property/666720f01ed8af0105a0d444',
  status: 304,
  response_time: 70.624,
  level: 'http',
  message: 'incoming-request',
  timestamp: '2024-08-03 01:00:20.458 PM'
}
{
  method: 'GET',
  url: '/api/v1/property/?page=1',
  status: 304,
  response_time: 144.904,
  level: 'http',
  message: 'incoming-request',
  timestamp: '2024-08-03 01:00:20.534 PM'
}
{
  method: 'GET',
  url: '/api/v1/property/666720f01ed8af0105a0d444',
  status: 304,
  response_time: 106.246,
  level: 'http',
  message: 'incoming-request',
  timestamp: '2024-08-03 01:00:25.682 PM'
}
{
  method: 'GET',
  url: '/api/v1/property/?page=1',
  status: 304,
  response_time: 184.805,
  level: 'http',
  message: 'incoming-request',
  timestamp: '2024-08-03 01:00:25.761 PM'
}
{
  method: 'GET',
  url: '/api/v1/property/666720f01ed8af0105a0d444',
  status: 304,
  response_time: 53.191,
  level: 'http',
  message: 'incoming-request',
  timestamp: '2024-08-03 01:00:53.685 PM'
}
{
  method: 'GET',
  url: '/api/v1/property/?page=1',
  status: 304,
  response_time: 149.655,
  level: 'http',
  message: 'incoming-request',
  timestamp: '2024-08-03 01:00:53.783 PM'
}
{
  method: 'GET',
  url: '/api/v1/property/666720f01ed8af0105a0d444',
  status: 200,
  content_length: '457',
  response_time: 52.934,
  level: 'http',
  message: 'incoming-request',
  timestamp: '2024-08-03 01:01:13.472 PM'
}
{
  method: 'GET',
  url: '/api/v1/property/?page=1',
  status: 200,
  content_length: '2719',
  response_time: 156.909,
  level: 'http',
  message: 'incoming-request',
  timestamp: '2024-08-03 01:01:13.577 PM'
}
{
  method: 'GET',
  url: '/api/v1/property/666720f01ed8af0105a0d444',
  status: 304,
  response_time: 96.117,
  level: 'http',
  message: 'incoming-request',
  timestamp: '2024-08-03 01:01:13.867 PM'
}
{
  method: 'GET',
  url: '/api/v1/property/?page=1',
  status: 304,
  response_time: 187.888,
  level: 'http',
  message: 'incoming-request',
  timestamp: '2024-08-03 01:01:13.960 PM'
}
{
  method: 'GET',
  url: '/api/v1/property/666720f01ed8af0105a0d444',
  status: 304,
  response_time: 111.126,
  level: 'http',
  message: 'incoming-request',
  timestamp: '2024-08-03 01:01:50.305 PM'
}
{
  method: 'GET',
  url: '/api/v1/property/?page=1',
  status: 304,
  response_time: 158.479,
  level: 'http',
  message: 'incoming-request',
  timestamp: '2024-08-03 01:01:50.354 PM'
}
{
  method: 'GET',
  url: '/api/v1/property/666720f01ed8af0105a0d444',
  status: 200,
  content_length: '457',
  response_time: 104.457,
  level: 'http',
  message: 'incoming-request',
  timestamp: '2024-08-03 01:01:50.590 PM'
}
{
  method: 'GET',
  url: '/api/v1/property/?page=1',
  status: 200,
  content_length: '2719',
  response_time: 181.483,
  level: 'http',
  message: 'incoming-request',
  timestamp: '2024-08-03 01:01:50.666 PM'
}
{
  method: 'GET',
  url: '/api/v1/property/666720f01ed8af0105a0d444',
  status: 200,
  content_length: '457',
  response_time: 51.625,
  level: 'http',
  message: 'incoming-request',
  timestamp: '2024-08-03 01:02:00.793 PM'
}
{
  method: 'GET',
  url: '/api/v1/property/?page=1',
  status: 200,
  content_length: '2719',
  response_time: 105.387,
  level: 'http',
  message: 'incoming-request',
  timestamp: '2024-08-03 01:02:00.848 PM'
}
{
  method: 'GET',
  url: '/api/v1/property/666720f01ed8af0105a0d444',
  status: 304,
  response_time: 126.027,
  level: 'http',
  message: 'incoming-request',
  timestamp: '2024-08-03 01:02:01.596 PM'
}
{
  method: 'GET',
  url: '/api/v1/property/?page=1',
  status: 304,
  response_time: 151.511,
  level: 'http',
  message: 'incoming-request',
  timestamp: '2024-08-03 01:02:01.623 PM'
}
{
  method: 'GET',
  url: '/api/v1/property/666720f01ed8af0105a0d444',
  status: 200,
  content_length: '457',
  response_time: 64.044,
  level: 'http',
  message: 'incoming-request',
  timestamp: '2024-08-03 01:03:41.516 PM'
}
{
  method: 'GET',
  url: '/api/v1/property/666720f01ed8af0105a0d444',
  status: 304,
  response_time: 64.808,
  level: 'http',
  message: 'incoming-request',
  timestamp: '2024-08-03 01:03:41.543 PM'
}
{
  method: 'GET',
  url: '/api/v1/property/?page=1',
  status: 200,
  content_length: '2719',
  response_time: 126.122,
  level: 'http',
  message: 'incoming-request',
  timestamp: '2024-08-03 01:03:41.579 PM'
}
{
  method: 'GET',
  url: '/api/v1/property/?page=1',
  status: 304,
  response_time: 126.619,
  level: 'http',
  message: 'incoming-request',
  timestamp: '2024-08-03 01:03:41.606 PM'
}
{
  method: 'GET',
  url: '/api/v1/property/666720f01ed8af0105a0d444',
  status: 304,
  response_time: 46.403,
  level: 'http',
  message: 'incoming-request',
  timestamp: '2024-08-03 01:06:24.022 PM'
}
{
  method: 'GET',
  url: '/api/v1/property/?page=1',
  status: 304,
  response_time: 110.943,
  level: 'http',
  message: 'incoming-request',
  timestamp: '2024-08-03 01:06:24.090 PM'
}
{
  method: 'GET',
  url: '/api/v1/property/666720f01ed8af0105a0d444',
  status: 200,
  content_length: '457',
  response_time: 239.85,
  level: 'http',
  message: 'incoming-request',
  timestamp: '2024-08-03 01:06:25.358 PM'
}
{
  method: 'GET',
  url: '/api/v1/property/?page=1',
  status: 200,
  content_length: '2719',
  response_time: 329.545,
  level: 'http',
  message: 'incoming-request',
  timestamp: '2024-08-03 01:06:25.447 PM'
}
{
  method: 'GET',
  url: '/api/v1/property/666720f01ed8af0105a0d444',
  status: 200,
  content_length: '457',
  response_time: 129.121,
  level: 'http',
  message: 'incoming-request',
  timestamp: '2024-08-03 01:06:46.598 PM'
}
{
  method: 'GET',
  url: '/api/v1/property/?page=1',
  status: 200,
  content_length: '2719',
  response_time: 194.423,
  level: 'http',
  message: 'incoming-request',
  timestamp: '2024-08-03 01:06:46.665 PM'
}
{
  method: 'GET',
  url: '/api/v1/property/666720f01ed8af0105a0d444',
  status: 304,
  response_time: 71.566,
  level: 'http',
  message: 'incoming-request',
  timestamp: '2024-08-03 01:06:47.099 PM'
}
{
  method: 'GET',
  url: '/api/v1/property/?page=1',
  status: 304,
  response_time: 153.551,
  level: 'http',
  message: 'incoming-request',
  timestamp: '2024-08-03 01:06:47.183 PM'
}
{
  method: 'GET',
  url: '/api/v1/property/666720f01ed8af0105a0d444',
  status: 304,
  response_time: 129.815,
  level: 'http',
  message: 'incoming-request',
  timestamp: '2024-08-03 01:07:10.397 PM'
}
{
  method: 'GET',
  url: '/api/v1/property/?page=1',
  status: 304,
  response_time: 200.795,
  level: 'http',
  message: 'incoming-request',
  timestamp: '2024-08-03 01:07:10.469 PM'
}
{
  method: 'GET',
  url: '/api/v1/property/666720f01ed8af0105a0d444',
  status: 200,
  content_length: '457',
  response_time: 54.756,
  level: 'http',
  message: 'incoming-request',
  timestamp: '2024-08-03 01:07:10.579 PM'
}
{
  method: 'GET',
  url: '/api/v1/property/?page=1',
  status: 200,
  content_length: '2719',
  response_time: 132.55,
  level: 'http',
  message: 'incoming-request',
  timestamp: '2024-08-03 01:07:10.658 PM'
}
{
  method: 'GET',
  url: '/api/v1/property/666720f01ed8af0105a0d444',
  status: 200,
  content_length: '457',
  response_time: 43.296,
  level: 'http',
  message: 'incoming-request',
  timestamp: '2024-08-03 01:07:17.425 PM'
}
{
  method: 'GET',
  url: '/api/v1/property/?page=1',
  status: 200,
  content_length: '2719',
  response_time: 150.386,
  level: 'http',
  message: 'incoming-request',
  timestamp: '2024-08-03 01:07:17.534 PM'
}
{
  method: 'GET',
  url: '/api/v1/property/666720f01ed8af0105a0d444',
  status: 200,
  content_length: '457',
  response_time: 79.894,
  level: 'http',
  message: 'incoming-request',
  timestamp: '2024-08-03 01:14:52.130 PM'
}
{
  method: 'GET',
  url: '/api/v1/property/?page=1',
  status: 200,
  content_length: '2719',
  response_time: 171.491,
  level: 'http',
  message: 'incoming-request',
  timestamp: '2024-08-03 01:14:52.221 PM'
}
{
  method: 'GET',
  url: '/api/v1/property/666720f01ed8af0105a0d444',
  status: 304,
  response_time: 62.935,
  level: 'http',
  message: 'incoming-request',
  timestamp: '2024-08-03 01:14:52.671 PM'
}
{
  method: 'GET',
  url: '/api/v1/property/?page=1',
  status: 304,
  response_time: 138.282,
  level: 'http',
  message: 'incoming-request',
  timestamp: '2024-08-03 01:14:52.749 PM'
}
{
  method: 'GET',
  url: '/api/v1/property/666720f01ed8af0105a0d444',
  status: null,
  response_time: null,
  level: 'http',
  message: 'incoming-request',
  timestamp: '2024-08-03 01:14:57.189 PM'
}
{
  method: 'GET',
  url: '/api/v1/property/?page=1',
  status: null,
  response_time: null,
  level: 'http',
  message: 'incoming-request',
  timestamp: '2024-08-03 01:14:57.189 PM'
}
{
  method: 'GET',
  url: '/api/v1/property/666720f01ed8af0105a0d444',
  status: 200,
  content_length: '457',
  response_time: 46.928,
  level: 'http',
  message: 'incoming-request',
  timestamp: '2024-08-03 01:14:59.574 PM'
}
{
  method: 'GET',
  url: '/api/v1/property/?page=1',
  status: 200,
  content_length: '2719',
  response_time: 136.25,
  level: 'http',
  message: 'incoming-request',
  timestamp: '2024-08-03 01:14:59.665 PM'
}
{
  method: 'GET',
  url: '/api/v1/property/?page=1',
  status: 304,
  response_time: 161.58,
  level: 'http',
  message: 'incoming-request',
  timestamp: '2024-08-03 01:15:07.898 PM'
}
{
  method: 'GET',
  url: '/api/v1/property/666720f01ed8af0105a0d444',
  status: 200,
  content_length: '457',
  response_time: 83.1,
  level: 'http',
  message: 'incoming-request',
  timestamp: '2024-08-03 01:15:27.035 PM'
}
{
  method: 'GET',
  url: '/api/v1/property/?page=1',
  status: 200,
  content_length: '2719',
  response_time: 211.69,
  level: 'http',
  message: 'incoming-request',
  timestamp: '2024-08-03 01:15:27.165 PM'
}
{
  method: 'GET',
  url: '/api/v1/property/?page=1',
  status: 304,
  response_time: 202.67,
  level: 'http',
  message: 'incoming-request',
  timestamp: '2024-08-03 01:15:27.249 PM'
}
{
  method: 'GET',
  url: '/api/v1/property/?page=1',
  status: 304,
  response_time: 158.654,
  level: 'http',
  message: 'incoming-request',
  timestamp: '2024-08-03 01:15:31.904 PM'
}
{
  method: 'GET',
  url: '/api/v1/property/?page=1',
  status: 304,
  response_time: 151.057,
  level: 'http',
  message: 'incoming-request',
  timestamp: '2024-08-03 01:15:34.050 PM'
}
{
  method: 'GET',
  url: '/api/v1/property/666720f01ed8af0105a0d444',
  status: 304,
  response_time: 78.736,
  level: 'http',
  message: 'incoming-request',
  timestamp: '2024-08-03 01:15:34.358 PM'
}
{
  method: 'GET',
  url: '/api/v1/property/666720f01ed8af0105a0d444',
  status: 304,
  response_time: 70.599,
  level: 'http',
  message: 'incoming-request',
  timestamp: '2024-08-03 01:15:40.351 PM'
}
{
  method: 'GET',
  url: '/api/v1/property/?page=1',
  status: 304,
  response_time: 154.923,
  level: 'http',
  message: 'incoming-request',
  timestamp: '2024-08-03 01:15:40.437 PM'
}
{
  method: 'GET',
  url: '/api/v1/property/666720f01ed8af0105a0d444',
  status: 304,
  response_time: 40.426,
  level: 'http',
  message: 'incoming-request',
  timestamp: '2024-08-03 01:16:00.790 PM'
}
{
  method: 'GET',
  url: '/api/v1/property/?page=1',
  status: 304,
  response_time: 135.06,
  level: 'http',
  message: 'incoming-request',
  timestamp: '2024-08-03 01:16:00.886 PM'
}
{
  method: 'GET',
  url: '/api/v1/property/666720f01ed8af0105a0d444',
  status: 304,
  response_time: 57.026,
  level: 'http',
  message: 'incoming-request',
  timestamp: '2024-08-03 01:17:52.792 PM'
}
{
  method: 'GET',
  url: '/api/v1/property/666720f01ed8af0105a0d444',
  status: 304,
  response_time: 100.67,
  level: 'http',
  message: 'incoming-request',
  timestamp: '2024-08-03 01:18:04.120 PM'
}
{
  method: 'GET',
  url: '/api/v1/property/?page=1',
  status: 304,
  response_time: 177.353,
  level: 'http',
  message: 'incoming-request',
  timestamp: '2024-08-03 01:18:04.197 PM'
}
{
  method: 'GET',
  url: '/api/v1/property/666720f01ed8af0105a0d444',
  status: 200,
  content_length: '457',
  response_time: 57.337,
  level: 'http',
  message: 'incoming-request',
  timestamp: '2024-08-03 01:19:11.319 PM'
}
{
  method: 'GET',
  url: '/api/v1/property/?page=1',
  status: 200,
  content_length: '2719',
  response_time: 134.773,
  level: 'http',
  message: 'incoming-request',
  timestamp: '2024-08-03 01:19:11.398 PM'
}
{
  method: 'GET',
  url: '/api/v1/property/666720f01ed8af0105a0d444',
  status: 304,
  response_time: 66.097,
  level: 'http',
  message: 'incoming-request',
  timestamp: '2024-08-03 01:19:11.728 PM'
}
{
  method: 'GET',
  url: '/api/v1/property/?page=1',
  status: 304,
  response_time: 132.168,
  level: 'http',
  message: 'incoming-request',
  timestamp: '2024-08-03 01:19:11.796 PM'
}
{
  method: 'GET',
  url: '/api/v1/property/666720f01ed8af0105a0d444',
  status: 200,
  content_length: '457',
  response_time: 112.493,
  level: 'http',
  message: 'incoming-request',
  timestamp: '2024-08-03 01:21:04.024 PM'
}
{
  method: 'GET',
  url: '/api/v1/property/?page=1',
  status: 200,
  content_length: '2719',
  response_time: 273.801,
  level: 'http',
  message: 'incoming-request',
  timestamp: '2024-08-03 01:21:04.187 PM'
}
{
  method: 'GET',
  url: '/api/v1/property/666720f01ed8af0105a0d444',
  status: 304,
  response_time: 70.257,
  level: 'http',
  message: 'incoming-request',
  timestamp: '2024-08-03 01:21:04.979 PM'
}
{
  method: 'GET',
  url: '/api/v1/property/?page=1',
  status: 304,
  response_time: 148.795,
  level: 'http',
  message: 'incoming-request',
  timestamp: '2024-08-03 01:21:05.059 PM'
}
{
  method: 'GET',
  url: '/api/v1/property/666720f01ed8af0105a0d444',
  status: 304,
  response_time: 70.543,
  level: 'http',
  message: 'incoming-request',
  timestamp: '2024-08-03 01:21:13.745 PM'
}
{
  method: 'GET',
  url: '/api/v1/property/666720f01ed8af0105a0d444',
  status: 200,
  content_length: '457',
  response_time: 56.534,
  level: 'http',
  message: 'incoming-request',
  timestamp: '2024-08-03 01:21:13.872 PM'
}
{
  method: 'GET',
  url: '/api/v1/property/?page=1',
  status: 304,
  response_time: 225.382,
  level: 'http',
  message: 'incoming-request',
  timestamp: '2024-08-03 01:21:13.901 PM'
}
{
  method: 'GET',
  url: '/api/v1/property/?page=1',
  status: 200,
  content_length: '2719',
  response_time: 124.357,
  level: 'http',
  message: 'incoming-request',
  timestamp: '2024-08-03 01:21:13.940 PM'
}
{
  method: 'GET',
  url: '/api/v1/property/666720f01ed8af0105a0d444',
  status: 200,
  content_length: '457',
  response_time: 49.796,
  level: 'http',
  message: 'incoming-request',
  timestamp: '2024-08-03 01:21:59.335 PM'
}
{
  method: 'GET',
  url: '/api/v1/property/?page=1',
  status: 200,
  content_length: '2719',
  response_time: 109.968,
  level: 'http',
  message: 'incoming-request',
  timestamp: '2024-08-03 01:21:59.397 PM'
}
{
  method: 'GET',
  url: '/api/v1/property/666720f01ed8af0105a0d444',
  status: 304,
  response_time: 85.268,
  level: 'http',
  message: 'incoming-request',
  timestamp: '2024-08-03 01:23:24.136 PM'
}
{
  method: 'GET',
  url: '/api/v1/property/?page=1',
  status: 304,
  response_time: 109.81,
  level: 'http',
  message: 'incoming-request',
  timestamp: '2024-08-03 01:23:24.162 PM'
}
{
  method: 'GET',
  url: '/api/v1/property/666720f01ed8af0105a0d444',
  status: 200,
  content_length: '457',
  response_time: 99.977,
  level: 'http',
  message: 'incoming-request',
  timestamp: '2024-08-03 01:23:24.802 PM'
}
{
  method: 'GET',
  url: '/api/v1/property/?page=1',
  status: 200,
  content_length: '2719',
  response_time: 229.317,
  level: 'http',
  message: 'incoming-request',
  timestamp: '2024-08-03 01:23:24.932 PM'
}
{
  method: 'GET',
  url: '/api/v1/property/666720f01ed8af0105a0d444',
  status: 200,
  content_length: '457',
  response_time: 126.357,
  level: 'http',
  message: 'incoming-request',
  timestamp: '2024-08-03 01:23:32.345 PM'
}
{
  method: 'GET',
  url: '/api/v1/property/?page=1',
  status: 200,
  content_length: '2719',
  response_time: 200.736,
  level: 'http',
  message: 'incoming-request',
  timestamp: '2024-08-03 01:23:32.418 PM'
}
{
  method: 'GET',
  url: '/api/v1/property/666720f01ed8af0105a0d444',
  status: 304,
  response_time: 942.108,
  level: 'http',
  message: 'incoming-request',
  timestamp: '2024-08-03 01:23:53.241 PM'
}
{
  method: 'GET',
  url: '/api/v1/property/666720f01ed8af0105a0d444',
  status: 200,
  content_length: '457',
  response_time: 638.159,
  level: 'http',
  message: 'incoming-request',
  timestamp: '2024-08-03 01:23:53.412 PM'
}
{
  method: 'GET',
  url: '/api/v1/property/?page=1',
  status: 304,
  response_time: 1113.232,
  level: 'http',
  message: 'incoming-request',
  timestamp: '2024-08-03 01:23:53.415 PM'
}
{
  method: 'GET',
  url: '/api/v1/property/?page=1',
  status: 200,
  content_length: '2719',
  response_time: 689.6,
  level: 'http',
  message: 'incoming-request',
  timestamp: '2024-08-03 01:23:53.465 PM'
}
{
  method: 'GET',
  url: '/api/v1/property/666720f01ed8af0105a0d444',
  status: 200,
  content_length: '457',
  response_time: 64.231,
  level: 'http',
  message: 'incoming-request',
  timestamp: '2024-08-03 01:24:07.854 PM'
}
{
  method: 'GET',
  url: '/api/v1/property/?page=1',
  status: 200,
  content_length: '2719',
  response_time: 175.144,
  level: 'http',
  message: 'incoming-request',
  timestamp: '2024-08-03 01:24:07.966 PM'
}
{
  method: 'GET',
  url: '/api/v1/property/666720f01ed8af0105a0d444',
  status: 304,
  response_time: 49.594,
  level: 'http',
  message: 'incoming-request',
  timestamp: '2024-08-03 01:24:08.336 PM'
}
{
  method: 'GET',
  url: '/api/v1/property/?page=1',
  status: 304,
  response_time: 221.591,
  level: 'http',
  message: 'incoming-request',
  timestamp: '2024-08-03 01:24:08.509 PM'
}
{
  method: 'GET',
  url: '/api/v1/property/666720f01ed8af0105a0d444',
  status: 304,
  response_time: 69.202,
  level: 'http',
  message: 'incoming-request',
  timestamp: '2024-08-03 01:26:10.979 PM'
}
{
  method: 'GET',
  url: '/api/v1/property/?page=1',
  status: 304,
  response_time: 168.558,
  level: 'http',
  message: 'incoming-request',
  timestamp: '2024-08-03 01:26:11.080 PM'
}
{
  method: 'GET',
  url: '/api/v1/property/666720f01ed8af0105a0d444',
  status: 304,
  response_time: 96.601,
  level: 'http',
  message: 'incoming-request',
  timestamp: '2024-08-03 01:26:18.433 PM'
}
{
  method: 'GET',
  url: '/api/v1/property/?page=1',
  status: 304,
  response_time: 170.691,
  level: 'http',
  message: 'incoming-request',
  timestamp: '2024-08-03 01:26:18.509 PM'
}
{
  method: 'GET',
  url: '/api/v1/property/666720f01ed8af0105a0d444',
  status: 304,
  response_time: 95.022,
  level: 'http',
  message: 'incoming-request',
  timestamp: '2024-08-03 01:26:24.293 PM'
}
{
  method: 'GET',
  url: '/api/v1/property/?page=1',
  status: 304,
  response_time: 184.985,
  level: 'http',
  message: 'incoming-request',
  timestamp: '2024-08-03 01:26:24.384 PM'
}
{
  method: 'GET',
  url: '/api/v1/property/666720f01ed8af0105a0d444',
  status: 304,
  response_time: 117.942,
  level: 'http',
  message: 'incoming-request',
  timestamp: '2024-08-03 01:26:39.031 PM'
}
{
  method: 'GET',
  url: '/api/v1/property/?page=1',
  status: 304,
  response_time: 213.223,
  level: 'http',
  message: 'incoming-request',
  timestamp: '2024-08-03 01:26:39.128 PM'
}
{
  method: 'GET',
  url: '/api/v1/property/666720f01ed8af0105a0d444',
  status: 304,
  response_time: 94.242,
  level: 'http',
  message: 'incoming-request',
  timestamp: '2024-08-03 01:33:44.234 PM'
}
{
  method: 'GET',
  url: '/api/v1/property/?page=1',
  status: 304,
  response_time: 162.408,
  level: 'http',
  message: 'incoming-request',
  timestamp: '2024-08-03 01:33:44.304 PM'
}
{
  method: 'GET',
  url: '/api/v1/property/666720f01ed8af0105a0d444',
  status: 200,
  content_length: '457',
  response_time: 54.609,
  level: 'http',
  message: 'incoming-request',
  timestamp: '2024-08-03 01:33:44.410 PM'
}
{
  method: 'GET',
  url: '/api/v1/property/?page=1',
  status: 200,
  content_length: '2719',
  response_time: 114.576,
  level: 'http',
  message: 'incoming-request',
  timestamp: '2024-08-03 01:33:44.472 PM'
}
{
  method: 'GET',
  url: '/api/v1/property/666720f01ed8af0105a0d444',
  status: 304,
  response_time: 68.884,
  level: 'http',
  message: 'incoming-request',
  timestamp: '2024-08-03 01:35:34.770 PM'
}
{
  method: 'GET',
  url: '/api/v1/property/?page=1',
  status: 304,
  response_time: 181.568,
  level: 'http',
  message: 'incoming-request',
  timestamp: '2024-08-03 01:35:34.884 PM'
}
{
  method: 'GET',
  url: '/api/v1/property/666720f01ed8af0105a0d444',
  status: 200,
  content_length: '457',
  response_time: 69.96,
  level: 'http',
  message: 'incoming-request',
  timestamp: '2024-08-03 01:35:46.966 PM'
}
{
  method: 'GET',
  url: '/api/v1/property/?page=1',
  status: 200,
  content_length: '2719',
  response_time: 146.408,
  level: 'http',
  message: 'incoming-request',
  timestamp: '2024-08-03 01:35:47.043 PM'
}
{
  method: 'GET',
  url: '/api/v1/property/666720f01ed8af0105a0d444',
  status: 304,
  response_time: 60.988,
  level: 'http',
  message: 'incoming-request',
  timestamp: '2024-08-03 01:35:47.253 PM'
}
{
  method: 'GET',
  url: '/api/v1/property/?page=1',
  status: 304,
  response_time: 109.782,
  level: 'http',
  message: 'incoming-request',
  timestamp: '2024-08-03 01:35:47.303 PM'
}
{
  method: 'GET',
  url: '/api/v1/property/666720f01ed8af0105a0d444',
  status: 304,
  response_time: 48.8,
  level: 'http',
  message: 'incoming-request',
  timestamp: '2024-08-03 01:35:52.129 PM'
}
{
  method: 'GET',
  url: '/api/v1/property/?page=1',
  status: 304,
  response_time: 157.981,
  level: 'http',
  message: 'incoming-request',
  timestamp: '2024-08-03 01:35:52.239 PM'
}
{
  method: 'GET',
  url: '/api/v1/property/666720f01ed8af0105a0d444',
  status: 200,
  content_length: '457',
  response_time: 88.367,
  level: 'http',
  message: 'incoming-request',
  timestamp: '2024-08-03 01:35:52.452 PM'
}
{
  method: 'GET',
  url: '/api/v1/property/?page=1',
  status: 200,
  content_length: '2719',
  response_time: 159.868,
  level: 'http',
  message: 'incoming-request',
  timestamp: '2024-08-03 01:35:52.524 PM'
}
{
  method: 'GET',
  url: '/api/v1/property/666720f01ed8af0105a0d444',
  status: 200,
  content_length: '457',
  response_time: 70.106,
  level: 'http',
  message: 'incoming-request',
  timestamp: '2024-08-03 01:36:21.135 PM'
}
{
  method: 'GET',
  url: '/api/v1/property/?page=1',
  status: 200,
  content_length: '2719',
  response_time: 144.349,
  level: 'http',
  message: 'incoming-request',
  timestamp: '2024-08-03 01:36:21.210 PM'
}
{
  method: 'GET',
  url: '/api/v1/property/?page=1',
  status: null,
  response_time: null,
  level: 'http',
  message: 'incoming-request',
  timestamp: '2024-08-03 01:36:21.741 PM'
}
{
  method: 'GET',
  url: '/api/v1/property/666720f01ed8af0105a0d444',
  status: null,
  response_time: null,
  level: 'http',
  message: 'incoming-request',
  timestamp: '2024-08-03 01:36:21.742 PM'
}
{
  method: 'GET',
  url: '/api/v1/property/666720f01ed8af0105a0d444',
  status: 200,
  content_length: '457',
  response_time: 72.392,
  level: 'http',
  message: 'incoming-request',
  timestamp: '2024-08-03 01:36:22.824 PM'
}
{
  method: 'GET',
  url: '/api/v1/property/?page=1',
  status: 200,
  content_length: '2719',
  response_time: 167.376,
  level: 'http',
  message: 'incoming-request',
  timestamp: '2024-08-03 01:36:22.920 PM'
}
{
  method: 'GET',
  url: '/api/v1/property/666720f01ed8af0105a0d444',
  status: 200,
  content_length: '457',
  response_time: 68.941,
  level: 'http',
  message: 'incoming-request',
  timestamp: '2024-08-03 01:36:24.476 PM'
}
{
  method: 'GET',
  url: '/api/v1/property/?page=1',
  status: 200,
  content_length: '2719',
  response_time: 163.512,
  level: 'http',
  message: 'incoming-request',
  timestamp: '2024-08-03 01:36:24.571 PM'
}
{
  method: 'GET',
  url: '/api/v1/property/666720f01ed8af0105a0d444',
  status: 200,
  content_length: '457',
  response_time: 69.302,
  level: 'http',
  message: 'incoming-request',
  timestamp: '2024-08-03 01:36:26.721 PM'
}
{
  method: 'GET',
  url: '/api/v1/property/?page=1',
  status: 200,
  content_length: '2719',
  response_time: 146.745,
  level: 'http',
  message: 'incoming-request',
  timestamp: '2024-08-03 01:36:26.800 PM'
}
{
  method: 'GET',
  url: '/api/v1/property/666720f01ed8af0105a0d444',
  status: 200,
  content_length: '457',
  response_time: 84.643,
  level: 'http',
  message: 'incoming-request',
  timestamp: '2024-08-03 01:36:55.239 PM'
}
{
  method: 'GET',
  url: '/api/v1/property/?page=1',
  status: 200,
  content_length: '2719',
  response_time: 121.143,
  level: 'http',
  message: 'incoming-request',
  timestamp: '2024-08-03 01:36:55.276 PM'
}
{
  method: 'GET',
  url: '/api/v1/property/666720f01ed8af0105a0d444',
  status: 200,
  content_length: '457',
  response_time: 60.107,
  level: 'http',
  message: 'incoming-request',
  timestamp: '2024-08-03 01:42:52.228 PM'
}
{
  method: 'GET',
  url: '/api/v1/property/?page=1',
  status: 200,
  content_length: '2719',
  response_time: 116.025,
  level: 'http',
  message: 'incoming-request',
  timestamp: '2024-08-03 01:42:52.282 PM'
}
{
  method: 'GET',
  url: '/api/v1/property/666720f01ed8af0105a0d444',
  status: 200,
  content_length: '457',
  response_time: 68.195,
  level: 'http',
  message: 'incoming-request',
  timestamp: '2024-08-03 01:43:00.828 PM'
}
{
  method: 'GET',
  url: '/api/v1/property/?page=1',
  status: 200,
  content_length: '2719',
  response_time: 145.601,
  level: 'http',
  message: 'incoming-request',
  timestamp: '2024-08-03 01:43:00.907 PM'
}
{
  method: 'GET',
  url: '/api/v1/property/666720f01ed8af0105a0d444',
  status: 200,
  content_length: '457',
  response_time: 101.773,
  level: 'http',
  message: 'incoming-request',
  timestamp: '2024-08-03 01:43:16.892 PM'
}
{
  method: 'GET',
  url: '/api/v1/property/?page=1',
  status: 200,
  content_length: '2719',
  response_time: 163.88,
  level: 'http',
  message: 'incoming-request',
  timestamp: '2024-08-03 01:43:16.956 PM'
}
{
  method: 'GET',
  url: '/api/v1/property/666720f01ed8af0105a0d444',
  status: 200,
  content_length: '457',
  response_time: 94.701,
  level: 'http',
  message: 'incoming-request',
  timestamp: '2024-08-03 01:43:30.297 PM'
}
{
  method: 'GET',
  url: '/api/v1/property/?page=1',
  status: 200,
  content_length: '2719',
  response_time: 156.221,
  level: 'http',
  message: 'incoming-request',
  timestamp: '2024-08-03 01:43:30.360 PM'
}
{
  method: 'GET',
  url: '/api/v1/property/666720f01ed8af0105a0d444',
  status: 200,
  content_length: '457',
  response_time: 40.852,
  level: 'http',
  message: 'incoming-request',
  timestamp: '2024-08-03 01:43:32.963 PM'
}
{
  method: 'GET',
  url: '/api/v1/property/?page=1',
  status: 200,
  content_length: '2719',
  response_time: 121.641,
  level: 'http',
  message: 'incoming-request',
  timestamp: '2024-08-03 01:43:33.045 PM'
}
{
  method: 'GET',
  url: '/api/v1/property/666720f01ed8af0105a0d444',
  status: 200,
  content_length: '457',
  response_time: 68.067,
  level: 'http',
  message: 'incoming-request',
  timestamp: '2024-08-03 01:43:36.109 PM'
}
{
  method: 'GET',
  url: '/api/v1/property/?page=1',
  status: 200,
  content_length: '2719',
  response_time: 122.904,
  level: 'http',
  message: 'incoming-request',
  timestamp: '2024-08-03 01:43:36.165 PM'
}
{
  method: 'GET',
  url: '/api/v1/property/666720f01ed8af0105a0d444',
  status: 200,
  content_length: '457',
  response_time: 83.092,
  level: 'http',
  message: 'incoming-request',
  timestamp: '2024-08-03 01:43:48.233 PM'
}
{
  method: 'GET',
  url: '/api/v1/property/?page=1',
  status: 200,
  content_length: '2719',
  response_time: 210.002,
  level: 'http',
  message: 'incoming-request',
  timestamp: '2024-08-03 01:43:48.360 PM'
}
