{
  method: 'GET',
  url: '/api/v1/property/666720f01ed8af0105a0d444',
  status: 200,
  content_length: '457',
  response_time: 56.158,
  level: 'http',
  message: 'incoming-request',
  timestamp: '2024-06-23 12:14:16.383 PM'
}
{
  method: 'GET',
  url: '/api/v1/property/all?page=0',
  status: 200,
  content_length: '917',
  response_time: 104.696,
  level: 'http',
  message: 'incoming-request',
  timestamp: '2024-06-23 12:14:16.424 PM'
}
{
  method: 'GET',
  url: '/api/v1/property/666720f01ed8af0105a0d444',
  status: 304,
  response_time: 51.324,
  level: 'http',
  message: 'incoming-request',
  timestamp: '2024-06-23 12:14:19.577 PM'
}
{
  method: 'GET',
  url: '/api/v1/property/all?page=0',
  status: 304,
  response_time: 103.235,
  level: 'http',
  message: 'incoming-request',
  timestamp: '2024-06-23 12:14:19.627 PM'
}
{
  message: 'Incorrect email or password',
  level: 'error',
  timestamp: '2024-06-23 12:14:29.866 PM'
}
{
  method: 'POST',
  url: '/api/v1/auth/login',
  status: 400,
  content_length: '306',
  response_time: 51.866,
  level: 'http',
  message: 'incoming-request',
  timestamp: '2024-06-23 12:14:29.867 PM'
}
{
  message: 'Incorrect email or password',
  level: 'error',
  timestamp: '2024-06-23 12:28:45.513 PM'
}
{
  method: 'POST',
  url: '/api/v1/auth/login',
  status: 400,
  content_length: '306',
  response_time: 50.582,
  level: 'http',
  message: 'incoming-request',
  timestamp: '2024-06-23 12:28:45.514 PM'
}
{
  message: 'Incorrect email or password',
  level: 'error',
  timestamp: '2024-06-23 12:29:02.956 PM'
}
{
  method: 'POST',
  url: '/api/v1/auth/login',
  status: 400,
  content_length: '306',
  response_time: 49.639,
  level: 'http',
  message: 'incoming-request',
  timestamp: '2024-06-23 12:29:02.957 PM'
}
{
  method: 'GET',
  url: '/api/v1/property/666720f01ed8af0105a0d444',
  status: 200,
  content_length: '457',
  response_time: 58.148,
  level: 'http',
  message: 'incoming-request',
  timestamp: '2024-06-23 03:57:15.235 PM'
}
{
  method: 'GET',
  url: '/api/v1/property/all?page=0',
  status: 200,
  content_length: '917',
  response_time: 103.747,
  level: 'http',
  message: 'incoming-request',
  timestamp: '2024-06-23 03:57:15.274 PM'
}
{
  message: 'Incorrect email or password',
  level: 'error',
  timestamp: '2024-06-23 03:59:18.070 PM'
}
{
  method: 'POST',
  url: '/api/v1/auth/login',
  status: 400,
  content_length: '306',
  response_time: 51.331,
  level: 'http',
  message: 'incoming-request',
  timestamp: '2024-06-23 03:59:18.071 PM'
}
{
  method: 'POST',
  url: '/api/v1/auth/login',
  status: 200,
  content_length: '305',
  response_time: 207.485,
  level: 'http',
  message: 'incoming-request',
  timestamp: '2024-06-23 04:49:33.876 PM'
}
