{
  method: 'GET',
  url: '/docs',
  status: 301,
  content_length: 154,
  response_time: 6.808,
  level: 'http',
  message: 'incoming-request',
  timestamp: '2024-12-25 05:35:26.220 PM'
}
{
  method: 'GET',
  url: '/docs/',
  status: 200,
  content_length: '3106',
  response_time: 4.82,
  level: 'http',
  message: 'incoming-request',
  timestamp: '2024-12-25 05:35:26.248 PM'
}
{
  method: 'GET',
  url: '/docs/swagger-ui-init.js',
  status: 200,
  content_length: '1605',
  response_time: 0.623,
  level: 'http',
  message: 'incoming-request',
  timestamp: '2024-12-25 05:35:26.315 PM'
}
{
  method: 'GET',
  url: '/docs/swagger-ui.css',
  status: 200,
  content_length: 152072,
  response_time: 18.005,
  level: 'http',
  message: 'incoming-request',
  timestamp: '2024-12-25 05:35:26.326 PM'
}
{
  method: 'GET',
  url: '/docs/swagger-ui-standalone-preset.js',
  status: 200,
  content_length: 230007,
  response_time: 11.218,
  level: 'http',
  message: 'incoming-request',
  timestamp: '2024-12-25 05:35:26.336 PM'
}
{
  method: 'GET',
  url: '/docs/swagger-ui-bundle.js',
  status: 200,
  content_length: 1426050,
  response_time: 13.609,
  level: 'http',
  message: 'incoming-request',
  timestamp: '2024-12-25 05:35:26.386 PM'
}
{
  method: 'GET',
  url: '/docs/favicon-32x32.png',
  status: 200,
  content_length: 628,
  response_time: 1.5,
  level: 'http',
  message: 'incoming-request',
  timestamp: '2024-12-25 05:35:26.941 PM'
}
{
  message: 'Server on 1997 running. NodeENV: development  ',
  level: 'info',
  timestamp: '2024-12-25 05:35:28.459 PM'
}
{
  message: 'Server on 1997 running. NodeENV: development  ',
  level: 'info',
  timestamp: '2024-12-25 05:36:49.881 PM'
}
{
  method: 'GET',
  url: '/docs/',
  status: 200,
  content_length: '3106',
  response_time: 7.787,
  level: 'http',
  message: 'incoming-request',
  timestamp: '2024-12-25 05:37:52.876 PM'
}
{
  method: 'GET',
  url: '/docs/swagger-ui.css',
  status: 304,
  response_time: 4.825,
  level: 'http',
  message: 'incoming-request',
  timestamp: '2024-12-25 05:37:52.971 PM'
}
{
  method: 'GET',
  url: '/docs/swagger-ui-bundle.js',
  status: 304,
  response_time: 5.2,
  level: 'http',
  message: 'incoming-request',
  timestamp: '2024-12-25 05:37:52.982 PM'
}
{
  method: 'GET',
  url: '/docs/swagger-ui-standalone-preset.js',
  status: 304,
  response_time: 3.305,
  level: 'http',
  message: 'incoming-request',
  timestamp: '2024-12-25 05:37:52.986 PM'
}
{
  method: 'GET',
  url: '/docs/swagger-ui-init.js',
  status: 200,
  content_length: '1754',
  response_time: 0.72,
  level: 'http',
  message: 'incoming-request',
  timestamp: '2024-12-25 05:37:52.989 PM'
}
{
  method: 'GET',
  url: '/docs/favicon-32x32.png',
  status: 304,
  response_time: 1.049,
  level: 'http',
  message: 'incoming-request',
  timestamp: '2024-12-25 05:37:54.569 PM'
}
{
  message: 'Server on 1997 running. NodeENV: development  ',
  level: 'info',
  timestamp: '2024-12-25 05:37:56.103 PM'
}
{
  method: 'GET',
  url: '/docs/',
  status: 304,
  response_time: 4.602,
  level: 'http',
  message: 'incoming-request',
  timestamp: '2024-12-25 05:39:11.407 PM'
}
{
  method: 'GET',
  url: '/docs/swagger-ui-init.js',
  status: 304,
  response_time: 0.496,
  level: 'http',
  message: 'incoming-request',
  timestamp: '2024-12-25 05:39:11.479 PM'
}
{
  method: 'GET',
  url: '/docs/swagger-ui.css',
  status: 304,
  response_time: 8.023,
  level: 'http',
  message: 'incoming-request',
  timestamp: '2024-12-25 05:39:11.481 PM'
}
{
  method: 'GET',
  url: '/docs/swagger-ui-bundle.js',
  status: 304,
  response_time: 3.124,
  level: 'http',
  message: 'incoming-request',
  timestamp: '2024-12-25 05:39:11.482 PM'
}
{
  method: 'GET',
  url: '/docs/swagger-ui-standalone-preset.js',
  status: 304,
  response_time: 8.306,
  level: 'http',
  message: 'incoming-request',
  timestamp: '2024-12-25 05:39:11.485 PM'
}
{
  method: 'GET',
  url: '/docs/favicon-32x32.png',
  status: 304,
  response_time: 3.667,
  level: 'http',
  message: 'incoming-request',
  timestamp: '2024-12-25 05:39:11.860 PM'
}
{
  method: 'GET',
  url: '/docs/',
  status: 304,
  response_time: 0.932,
  level: 'http',
  message: 'incoming-request',
  timestamp: '2024-12-25 05:39:13.065 PM'
}
{
  method: 'GET',
  url: '/docs/swagger-ui.css',
  status: 304,
  response_time: 0.671,
  level: 'http',
  message: 'incoming-request',
  timestamp: '2024-12-25 05:39:13.122 PM'
}
{
  method: 'GET',
  url: '/docs/swagger-ui-init.js',
  status: 304,
  response_time: 0.399,
  level: 'http',
  message: 'incoming-request',
  timestamp: '2024-12-25 05:39:13.129 PM'
}
{
  method: 'GET',
  url: '/docs/swagger-ui-bundle.js',
  status: 304,
  response_time: 3.972,
  level: 'http',
  message: 'incoming-request',
  timestamp: '2024-12-25 05:39:13.130 PM'
}
{
  method: 'GET',
  url: '/docs/swagger-ui-standalone-preset.js',
  status: 304,
  response_time: 2.097,
  level: 'http',
  message: 'incoming-request',
  timestamp: '2024-12-25 05:39:13.131 PM'
}
{
  method: 'GET',
  url: '/docs/favicon-32x32.png',
  status: 304,
  response_time: 0.995,
  level: 'http',
  message: 'incoming-request',
  timestamp: '2024-12-25 05:39:13.502 PM'
}
{
  message: 'Server on 1997 running. NodeENV: development  ',
  level: 'info',
  timestamp: '2024-12-25 05:51:26.906 PM'
}
{
  message: 'Server on 1997 running. NodeENV: development  ',
  level: 'info',
  timestamp: '2024-12-25 05:54:32.014 PM'
}
{
  method: 'GET',
  url: '/docs/',
  status: 304,
  response_time: 7.285,
  level: 'http',
  message: 'incoming-request',
  timestamp: '2024-12-25 05:55:59.083 PM'
}
{
  method: 'GET',
  url: '/docs/swagger-ui-init.js',
  status: 200,
  content_length: '1904',
  response_time: 1.405,
  level: 'http',
  message: 'incoming-request',
  timestamp: '2024-12-25 05:55:59.150 PM'
}
{
  method: 'GET',
  url: '/docs/swagger-ui.css',
  status: 304,
  response_time: 13.683,
  level: 'http',
  message: 'incoming-request',
  timestamp: '2024-12-25 05:55:59.151 PM'
}
{
  method: 'GET',
  url: '/docs/swagger-ui-bundle.js',
  status: 304,
  response_time: 8.062,
  level: 'http',
  message: 'incoming-request',
  timestamp: '2024-12-25 05:55:59.153 PM'
}
{
  method: 'GET',
  url: '/docs/swagger-ui-standalone-preset.js',
  status: 304,
  response_time: 7.135,
  level: 'http',
  message: 'incoming-request',
  timestamp: '2024-12-25 05:55:59.154 PM'
}
{
  method: 'GET',
  url: '/docs/favicon-32x32.png',
  status: 304,
  response_time: 1.211,
  level: 'http',
  message: 'incoming-request',
  timestamp: '2024-12-25 05:56:00.057 PM'
}
{
  message: 'Server on 1997 running. NodeENV: development  ',
  level: 'info',
  timestamp: '2024-12-25 05:56:05.110 PM'
}
{
  message: 'Server on 1997 running. NodeENV: development  ',
  level: 'info',
  timestamp: '2024-12-25 05:57:21.683 PM'
}
{
  method: 'GET',
  url: '/docs/',
  status: 304,
  response_time: 7.588,
  level: 'http',
  message: 'incoming-request',
  timestamp: '2024-12-25 05:57:29.043 PM'
}
{
  method: 'GET',
  url: '/docs/swagger-ui.css',
  status: 304,
  response_time: 6.357,
  level: 'http',
  message: 'incoming-request',
  timestamp: '2024-12-25 05:57:29.163 PM'
}
{
  method: 'GET',
  url: '/docs/swagger-ui-bundle.js',
  status: 304,
  response_time: 5.231,
  level: 'http',
  message: 'incoming-request',
  timestamp: '2024-12-25 05:57:29.168 PM'
}
{
  method: 'GET',
  url: '/docs/swagger-ui-init.js',
  status: 304,
  response_time: 0.507,
  level: 'http',
  message: 'incoming-request',
  timestamp: '2024-12-25 05:57:29.173 PM'
}
{
  method: 'GET',
  url: '/docs/swagger-ui-standalone-preset.js',
  status: 304,
  response_time: 2.38,
  level: 'http',
  message: 'incoming-request',
  timestamp: '2024-12-25 05:57:29.175 PM'
}
{
  method: 'GET',
  url: '/docs/',
  status: 304,
  response_time: 0.973,
  level: 'http',
  message: 'incoming-request',
  timestamp: '2024-12-25 05:57:29.513 PM'
}
{
  method: 'GET',
  url: '/docs/',
  status: 304,
  response_time: 1.089,
  level: 'http',
  message: 'incoming-request',
  timestamp: '2024-12-25 05:57:29.589 PM'
}
{
  method: 'GET',
  url: '/docs/swagger-ui.css',
  status: 304,
  response_time: 2.013,
  level: 'http',
  message: 'incoming-request',
  timestamp: '2024-12-25 05:57:29.641 PM'
}
{
  method: 'GET',
  url: '/docs/swagger-ui-bundle.js',
  status: 304,
  response_time: 3.701,
  level: 'http',
  message: 'incoming-request',
  timestamp: '2024-12-25 05:57:29.653 PM'
}
{
  method: 'GET',
  url: '/docs/swagger-ui-standalone-preset.js',
  status: 304,
  response_time: 3.887,
  level: 'http',
  message: 'incoming-request',
  timestamp: '2024-12-25 05:57:29.655 PM'
}
{
  method: 'GET',
  url: '/docs/swagger-ui-init.js',
  status: 304,
  response_time: 0.534,
  level: 'http',
  message: 'incoming-request',
  timestamp: '2024-12-25 05:57:29.662 PM'
}
{
  method: 'GET',
  url: '/docs/swagger-ui.css',
  status: 304,
  response_time: 2.692,
  level: 'http',
  message: 'incoming-request',
  timestamp: '2024-12-25 05:57:29.787 PM'
}
{
  method: 'GET',
  url: '/docs/swagger-ui-bundle.js',
  status: 304,
  response_time: 5.255,
  level: 'http',
  message: 'incoming-request',
  timestamp: '2024-12-25 05:57:29.789 PM'
}
{
  method: 'GET',
  url: '/docs/swagger-ui-init.js',
  status: 304,
  response_time: 0.587,
  level: 'http',
  message: 'incoming-request',
  timestamp: '2024-12-25 05:57:29.795 PM'
}
{
  method: 'GET',
  url: '/docs/swagger-ui-standalone-preset.js',
  status: 304,
  response_time: 2.82,
  level: 'http',
  message: 'incoming-request',
  timestamp: '2024-12-25 05:57:29.797 PM'
}
{
  method: 'GET',
  url: '/docs/favicon-32x32.png',
  status: 304,
  response_time: 0.693,
  level: 'http',
  message: 'incoming-request',
  timestamp: '2024-12-25 05:57:30.361 PM'
}
{
  message: 'Server on 1997 running. NodeENV: development  ',
  level: 'info',
  timestamp: '2024-12-25 05:58:22.602 PM'
}
{
  method: 'GET',
  url: '/docs/',
  status: 304,
  response_time: 4.427,
  level: 'http',
  message: 'incoming-request',
  timestamp: '2024-12-25 05:58:24.133 PM'
}
{
  method: 'GET',
  url: '/docs/swagger-ui.css',
  status: 304,
  response_time: 2.807,
  level: 'http',
  message: 'incoming-request',
  timestamp: '2024-12-25 05:58:24.220 PM'
}
{
  method: 'GET',
  url: '/docs/swagger-ui-bundle.js',
  status: 304,
  response_time: 2.082,
  level: 'http',
  message: 'incoming-request',
  timestamp: '2024-12-25 05:58:24.228 PM'
}
{
  method: 'GET',
  url: '/docs/swagger-ui-init.js',
  status: 304,
  response_time: 0.892,
  level: 'http',
  message: 'incoming-request',
  timestamp: '2024-12-25 05:58:24.231 PM'
}
{
  method: 'GET',
  url: '/docs/swagger-ui-standalone-preset.js',
  status: 304,
  response_time: 5.526,
  level: 'http',
  message: 'incoming-request',
  timestamp: '2024-12-25 05:58:24.233 PM'
}
{
  method: 'GET',
  url: '/docs/favicon-32x32.png',
  status: 304,
  response_time: 0.71,
  level: 'http',
  message: 'incoming-request',
  timestamp: '2024-12-25 05:58:24.581 PM'
}
{
  method: 'GET',
  url: '/docs/',
  status: 304,
  response_time: 1.442,
  level: 'http',
  message: 'incoming-request',
  timestamp: '2024-12-25 05:58:25.127 PM'
}
{
  method: 'GET',
  url: '/docs/swagger-ui-init.js',
  status: 304,
  response_time: 0.524,
  level: 'http',
  message: 'incoming-request',
  timestamp: '2024-12-25 05:58:25.188 PM'
}
{
  method: 'GET',
  url: '/docs/swagger-ui.css',
  status: 304,
  response_time: 7.76,
  level: 'http',
  message: 'incoming-request',
  timestamp: '2024-12-25 05:58:25.190 PM'
}
{
  method: 'GET',
  url: '/docs/swagger-ui-bundle.js',
  status: 304,
  response_time: 3.057,
  level: 'http',
  message: 'incoming-request',
  timestamp: '2024-12-25 05:58:25.192 PM'
}
{
  method: 'GET',
  url: '/docs/swagger-ui-standalone-preset.js',
  status: 304,
  response_time: 2.8,
  level: 'http',
  message: 'incoming-request',
  timestamp: '2024-12-25 05:58:25.194 PM'
}
{
  method: 'GET',
  url: '/docs/favicon-32x32.png',
  status: 304,
  response_time: 0.783,
  level: 'http',
  message: 'incoming-request',
  timestamp: '2024-12-25 05:58:25.512 PM'
}
{
  method: 'GET',
  url: '/docs/',
  status: 304,
  response_time: 8.731,
  level: 'http',
  message: 'incoming-request',
  timestamp: '2024-12-25 05:58:25.878 PM'
}
{
  method: 'GET',
  url: '/docs/swagger-ui-init.js',
  status: 304,
  response_time: 0.347,
  level: 'http',
  message: 'incoming-request',
  timestamp: '2024-12-25 05:58:25.971 PM'
}
{
  method: 'GET',
  url: '/docs/swagger-ui.css',
  status: 304,
  response_time: 5.802,
  level: 'http',
  message: 'incoming-request',
  timestamp: '2024-12-25 05:58:25.973 PM'
}
{
  method: 'GET',
  url: '/docs/swagger-ui-bundle.js',
  status: 304,
  response_time: 2.54,
  level: 'http',
  message: 'incoming-request',
  timestamp: '2024-12-25 05:58:25.974 PM'
}
{
  method: 'GET',
  url: '/docs/swagger-ui-standalone-preset.js',
  status: 304,
  response_time: 2.181,
  level: 'http',
  message: 'incoming-request',
  timestamp: '2024-12-25 05:58:25.975 PM'
}
{
  method: 'GET',
  url: '/docs/favicon-32x32.png',
  status: 304,
  response_time: 0.693,
  level: 'http',
  message: 'incoming-request',
  timestamp: '2024-12-25 05:58:26.272 PM'
}
{
  method: 'GET',
  url: '/docs/',
  status: 200,
  content_length: '3106',
  response_time: 1.082,
  level: 'http',
  message: 'incoming-request',
  timestamp: '2024-12-25 05:58:28.047 PM'
}
{
  method: 'GET',
  url: '/docs/swagger-ui-init.js',
  status: 200,
  content_length: '1904',
  response_time: 0.513,
  level: 'http',
  message: 'incoming-request',
  timestamp: '2024-12-25 05:58:28.141 PM'
}
{
  method: 'GET',
  url: '/docs/swagger-ui.css',
  status: 200,
  content_length: 152072,
  response_time: 9.73,
  level: 'http',
  message: 'incoming-request',
  timestamp: '2024-12-25 05:58:28.143 PM'
}
{
  method: 'GET',
  url: '/docs/swagger-ui-standalone-preset.js',
  status: 200,
  content_length: 230007,
  response_time: 7.706,
  level: 'http',
  message: 'incoming-request',
  timestamp: '2024-12-25 05:58:28.148 PM'
}
{
  method: 'GET',
  url: '/docs/swagger-ui-bundle.js',
  status: 200,
  content_length: 1426050,
  response_time: 9.885,
  level: 'http',
  message: 'incoming-request',
  timestamp: '2024-12-25 05:58:28.344 PM'
}
{
  method: 'GET',
  url: '/docs/favicon-32x32.png',
  status: 200,
  content_length: 628,
  response_time: 1.18,
  level: 'http',
  message: 'incoming-request',
  timestamp: '2024-12-25 05:58:28.593 PM'
}
{
  message: 'Server on 1997 running. NodeENV: development  ',
  level: 'info',
  timestamp: '2024-12-25 06:00:04.267 PM'
}
{
  method: 'GET',
  url: '/docs/',
  status: 304,
  response_time: 6.682,
  level: 'http',
  message: 'incoming-request',
  timestamp: '2024-12-25 06:01:15.231 PM'
}
{
  message: 'Server on 1997 running. NodeENV: development  ',
  level: 'info',
  timestamp: '2024-12-25 06:01:53.944 PM'
}
{
  method: 'GET',
  url: '/docs/',
  status: 200,
  content_length: '3106',
  response_time: 6.529,
  level: 'http',
  message: 'incoming-request',
  timestamp: '2024-12-25 06:01:59.145 PM'
}
{
  method: 'GET',
  url: '/docs/favicon-32x32.png',
  status: 304,
  response_time: 2.968,
  level: 'http',
  message: 'incoming-request',
  timestamp: '2024-12-25 06:02:00.350 PM'
}
{
  method: 'GET',
  url: '/docs/',
  status: 304,
  response_time: 1.361,
  level: 'http',
  message: 'incoming-request',
  timestamp: '2024-12-25 06:02:01.341 PM'
}
{
  method: 'GET',
  url: '/docs/swagger-ui.css',
  status: 304,
  response_time: 3.377,
  level: 'http',
  message: 'incoming-request',
  timestamp: '2024-12-25 06:02:01.425 PM'
}
{
  method: 'GET',
  url: '/docs/swagger-ui-init.js',
  status: 304,
  response_time: 0.618,
  level: 'http',
  message: 'incoming-request',
  timestamp: '2024-12-25 06:02:01.430 PM'
}
{
  method: 'GET',
  url: '/docs/swagger-ui-bundle.js',
  status: 304,
  response_time: 8.348,
  level: 'http',
  message: 'incoming-request',
  timestamp: '2024-12-25 06:02:01.432 PM'
}
{
  method: 'GET',
  url: '/docs/swagger-ui-standalone-preset.js',
  status: 304,
  response_time: 2.734,
  level: 'http',
  message: 'incoming-request',
  timestamp: '2024-12-25 06:02:01.434 PM'
}
{
  method: 'GET',
  url: '/docs/favicon-32x32.png',
  status: 304,
  response_time: 0.776,
  level: 'http',
  message: 'incoming-request',
  timestamp: '2024-12-25 06:02:01.767 PM'
}
{
  method: 'GET',
  url: '/docs/',
  status: 304,
  response_time: 1.243,
  level: 'http',
  message: 'incoming-request',
  timestamp: '2024-12-25 06:02:02.284 PM'
}
{
  method: 'GET',
  url: '/docs/swagger-ui-init.js',
  status: 304,
  response_time: 0.642,
  level: 'http',
  message: 'incoming-request',
  timestamp: '2024-12-25 06:02:02.381 PM'
}
{
  method: 'GET',
  url: '/docs/swagger-ui.css',
  status: 304,
  response_time: 7.083,
  level: 'http',
  message: 'incoming-request',
  timestamp: '2024-12-25 06:02:02.383 PM'
}
{
  method: 'GET',
  url: '/docs/swagger-ui-bundle.js',
  status: 304,
  response_time: 3.539,
  level: 'http',
  message: 'incoming-request',
  timestamp: '2024-12-25 06:02:02.384 PM'
}
{
  method: 'GET',
  url: '/docs/swagger-ui-standalone-preset.js',
  status: 304,
  response_time: 2.865,
  level: 'http',
  message: 'incoming-request',
  timestamp: '2024-12-25 06:02:02.386 PM'
}
{
  method: 'GET',
  url: '/docs/favicon-32x32.png',
  status: 304,
  response_time: 1.595,
  level: 'http',
  message: 'incoming-request',
  timestamp: '2024-12-25 06:02:02.808 PM'
}
{
  message: 'Server on 1997 running. NodeENV: development  ',
  level: 'info',
  timestamp: '2024-12-25 06:03:40.394 PM'
}
{
  message: 'Server on 1997 running. NodeENV: development  ',
  level: 'info',
  timestamp: '2024-12-25 06:06:44.201 PM'
}
{
  method: 'GET',
  url: '/docs/',
  status: 304,
  response_time: 4.242,
  level: 'http',
  message: 'incoming-request',
  timestamp: '2024-12-25 06:06:48.644 PM'
}
{
  method: 'GET',
  url: '/docs/swagger-ui-init.js',
  status: 200,
  content_length: '2304',
  response_time: 1.026,
  level: 'http',
  message: 'incoming-request',
  timestamp: '2024-12-25 06:06:48.740 PM'
}
{
  method: 'GET',
  url: '/docs/swagger-ui.css',
  status: 304,
  response_time: 12.794,
  level: 'http',
  message: 'incoming-request',
  timestamp: '2024-12-25 06:06:48.741 PM'
}
{
  method: 'GET',
  url: '/docs/swagger-ui-bundle.js',
  status: 304,
  response_time: 7.237,
  level: 'http',
  message: 'incoming-request',
  timestamp: '2024-12-25 06:06:48.742 PM'
}
{
  method: 'GET',
  url: '/docs/swagger-ui-standalone-preset.js',
  status: 304,
  response_time: 10.207,
  level: 'http',
  message: 'incoming-request',
  timestamp: '2024-12-25 06:06:48.746 PM'
}
{
  method: 'GET',
  url: '/docs/favicon-32x32.png',
  status: 304,
  response_time: 0.771,
  level: 'http',
  message: 'incoming-request',
  timestamp: '2024-12-25 06:06:49.206 PM'
}
{
  method: 'GET',
  url: '/docs/',
  status: 304,
  response_time: 1.054,
  level: 'http',
  message: 'incoming-request',
  timestamp: '2024-12-25 06:06:49.868 PM'
}
{
  method: 'GET',
  url: '/docs/swagger-ui.css',
  status: 304,
  response_time: 0.862,
  level: 'http',
  message: 'incoming-request',
  timestamp: '2024-12-25 06:06:49.964 PM'
}
{
  method: 'GET',
  url: '/docs/swagger-ui-init.js',
  status: 304,
  response_time: 0.422,
  level: 'http',
  message: 'incoming-request',
  timestamp: '2024-12-25 06:06:49.975 PM'
}
{
  method: 'GET',
  url: '/docs/swagger-ui-bundle.js',
  status: 304,
  response_time: 4.562,
  level: 'http',
  message: 'incoming-request',
  timestamp: '2024-12-25 06:06:49.978 PM'
}
{
  method: 'GET',
  url: '/docs/swagger-ui-standalone-preset.js',
  status: 304,
  response_time: 4.307,
  level: 'http',
  message: 'incoming-request',
  timestamp: '2024-12-25 06:06:49.980 PM'
}
{
  method: 'GET',
  url: '/docs/',
  status: 304,
  response_time: 5.386,
  level: 'http',
  message: 'incoming-request',
  timestamp: '2024-12-25 06:06:50.183 PM'
}
{
  method: 'GET',
  url: '/docs/swagger-ui-init.js',
  status: 304,
  response_time: 0.359,
  level: 'http',
  message: 'incoming-request',
  timestamp: '2024-12-25 06:06:50.298 PM'
}
{
  method: 'GET',
  url: '/docs/swagger-ui.css',
  status: 304,
  response_time: 4.817,
  level: 'http',
  message: 'incoming-request',
  timestamp: '2024-12-25 06:06:50.299 PM'
}
{
  method: 'GET',
  url: '/docs/swagger-ui-bundle.js',
  status: 304,
  response_time: 2.288,
  level: 'http',
  message: 'incoming-request',
  timestamp: '2024-12-25 06:06:50.302 PM'
}
{
  method: 'GET',
  url: '/docs/swagger-ui-standalone-preset.js',
  status: 304,
  response_time: 2.324,
  level: 'http',
  message: 'incoming-request',
  timestamp: '2024-12-25 06:06:50.303 PM'
}
{
  method: 'GET',
  url: '/docs/',
  status: 304,
  response_time: 1.414,
  level: 'http',
  message: 'incoming-request',
  timestamp: '2024-12-25 06:06:50.460 PM'
}
{
  method: 'GET',
  url: '/docs/swagger-ui-init.js',
  status: 304,
  response_time: 0.406,
  level: 'http',
  message: 'incoming-request',
  timestamp: '2024-12-25 06:06:50.541 PM'
}
{
  method: 'GET',
  url: '/docs/swagger-ui.css',
  status: 304,
  response_time: 5.564,
  level: 'http',
  message: 'incoming-request',
  timestamp: '2024-12-25 06:06:50.543 PM'
}
{
  method: 'GET',
  url: '/docs/swagger-ui-bundle.js',
  status: 304,
  response_time: 2.696,
  level: 'http',
  message: 'incoming-request',
  timestamp: '2024-12-25 06:06:50.544 PM'
}
{
  method: 'GET',
  url: '/docs/swagger-ui-standalone-preset.js',
  status: 304,
  response_time: 2.571,
  level: 'http',
  message: 'incoming-request',
  timestamp: '2024-12-25 06:06:50.546 PM'
}
{
  method: 'GET',
  url: '/docs/favicon-32x32.png',
  status: 304,
  response_time: 0.599,
  level: 'http',
  message: 'incoming-request',
  timestamp: '2024-12-25 06:06:50.936 PM'
}
{
  method: 'GET',
  url: '/profile',
  status: 500,
  content_length: '71',
  response_time: 0.538,
  level: 'http',
  message: 'incoming-request',
  timestamp: '2024-12-25 06:07:16.635 PM'
}
{
  message: 'Server on 1997 running. NodeENV: development  ',
  level: 'info',
  timestamp: '2024-12-25 06:09:19.868 PM'
}
{
  method: 'GET',
  url: '/profile',
  status: 500,
  content_length: '71',
  response_time: 3.128,
  level: 'http',
  message: 'incoming-request',
  timestamp: '2024-12-25 06:09:24.458 PM'
}
{
  method: 'GET',
  url: '/profile',
  status: 500,
  content_length: '71',
  response_time: 1.072,
  level: 'http',
  message: 'incoming-request',
  timestamp: '2024-12-25 06:09:28.152 PM'
}
{
  method: 'GET',
  url: '/profile',
  status: 500,
  content_length: '71',
  response_time: 0.588,
  level: 'http',
  message: 'incoming-request',
  timestamp: '2024-12-25 06:09:29.696 PM'
}
{
  method: 'GET',
  url: '/docs/',
  status: 304,
  response_time: 4.955,
  level: 'http',
  message: 'incoming-request',
  timestamp: '2024-12-25 06:09:38.091 PM'
}
{
  method: 'GET',
  url: '/docs/swagger-ui-init.js',
  status: 200,
  content_length: '2311',
  response_time: 0.456,
  level: 'http',
  message: 'incoming-request',
  timestamp: '2024-12-25 06:09:38.301 PM'
}
{
  method: 'GET',
  url: '/docs/swagger-ui.css',
  status: 304,
  response_time: 5.017,
  level: 'http',
  message: 'incoming-request',
  timestamp: '2024-12-25 06:09:38.303 PM'
}
{
  method: 'GET',
  url: '/docs/swagger-ui-bundle.js',
  status: 304,
  response_time: 4.605,
  level: 'http',
  message: 'incoming-request',
  timestamp: '2024-12-25 06:09:38.304 PM'
}
{
  method: 'GET',
  url: '/docs/swagger-ui-standalone-preset.js',
  status: 304,
  response_time: 4.345,
  level: 'http',
  message: 'incoming-request',
  timestamp: '2024-12-25 06:09:38.306 PM'
}
{
  method: 'GET',
  url: '/docs/favicon-32x32.png',
  status: 304,
  response_time: 1.172,
  level: 'http',
  message: 'incoming-request',
  timestamp: '2024-12-25 06:09:38.792 PM'
}
{
  method: 'GET',
  url: '/api/v1/profile',
  status: 500,
  content_length: '78',
  response_time: 0.74,
  level: 'http',
  message: 'incoming-request',
  timestamp: '2024-12-25 06:09:42.670 PM'
}
{
  message: 'Server on 1997 running. NodeENV: development  ',
  level: 'info',
  timestamp: '2024-12-25 06:10:14.666 PM'
}
{
  message: 'Server on 1997 running. NodeENV: development  ',
  level: 'info',
  timestamp: '2024-12-25 06:11:51.849 PM'
}
{
  method: 'GET',
  url: '/docs/',
  status: 304,
  response_time: 6.901,
  level: 'http',
  message: 'incoming-request',
  timestamp: '2024-12-25 06:12:19.838 PM'
}
{
  method: 'GET',
  url: '/docs/swagger-ui.css',
  status: 304,
  response_time: 5.547,
  level: 'http',
  message: 'incoming-request',
  timestamp: '2024-12-25 06:12:19.909 PM'
}
{
  method: 'GET',
  url: '/docs/swagger-ui-standalone-preset.js',
  status: 304,
  response_time: 4.009,
  level: 'http',
  message: 'incoming-request',
  timestamp: '2024-12-25 06:12:19.911 PM'
}
{
  method: 'GET',
  url: '/docs/swagger-ui-init.js',
  status: 200,
  content_length: '2394',
  response_time: 0.881,
  level: 'http',
  message: 'incoming-request',
  timestamp: '2024-12-25 06:12:19.913 PM'
}
{
  method: 'GET',
  url: '/docs/swagger-ui-bundle.js',
  status: 304,
  response_time: 3.936,
  level: 'http',
  message: 'incoming-request',
  timestamp: '2024-12-25 06:12:19.917 PM'
}
{
  method: 'GET',
  url: '/docs/favicon-32x32.png',
  status: 304,
  response_time: 1.016,
  level: 'http',
  message: 'incoming-request',
  timestamp: '2024-12-25 06:12:20.305 PM'
}
{
  method: 'GET',
  url: '/api/v1/users/profile',
  status: 500,
  content_length: '84',
  response_time: 0.571,
  level: 'http',
  message: 'incoming-request',
  timestamp: '2024-12-25 06:12:26.099 PM'
}
{
  message: 'Server on 1997 running. NodeENV: development  ',
  level: 'info',
  timestamp: '2024-12-25 06:13:05.125 PM'
}
{
  message: 'Server on 1997 running. NodeENV: development  ',
  level: 'info',
  timestamp: '2024-12-25 06:13:20.350 PM'
}
{
  method: 'GET',
  url: '/docs/',
  status: 304,
  response_time: 5.861,
  level: 'http',
  message: 'incoming-request',
  timestamp: '2024-12-25 06:13:38.270 PM'
}
{
  method: 'GET',
  url: '/docs/swagger-ui-init.js',
  status: 200,
  content_length: '2393',
  response_time: 0.707,
  level: 'http',
  message: 'incoming-request',
  timestamp: '2024-12-25 06:13:38.348 PM'
}
{
  method: 'GET',
  url: '/docs/swagger-ui.css',
  status: 304,
  response_time: 10.692,
  level: 'http',
  message: 'incoming-request',
  timestamp: '2024-12-25 06:13:38.350 PM'
}
{
  method: 'GET',
  url: '/docs/swagger-ui-bundle.js',
  status: 304,
  response_time: 5.716,
  level: 'http',
  message: 'incoming-request',
  timestamp: '2024-12-25 06:13:38.351 PM'
}
{
  method: 'GET',
  url: '/docs/swagger-ui-standalone-preset.js',
  status: 304,
  response_time: 5.372,
  level: 'http',
  message: 'incoming-request',
  timestamp: '2024-12-25 06:13:38.353 PM'
}
{
  method: 'GET',
  url: '/docs/favicon-32x32.png',
  status: 304,
  response_time: 0.873,
  level: 'http',
  message: 'incoming-request',
  timestamp: '2024-12-25 06:13:38.794 PM'
}
{
  method: 'GET',
  url: '/api/v1/user/profile',
  status: 401,
  content_length: '26',
  response_time: 4.881,
  level: 'http',
  message: 'incoming-request',
  timestamp: '2024-12-25 06:13:45.807 PM'
}
{
  message: 'Server on 1997 running. NodeENV: development  ',
  level: 'info',
  timestamp: '2024-12-25 06:14:31.073 PM'
}
{
  message: 'Server on 1997 running. NodeENV: development  ',
  level: 'info',
  timestamp: '2024-12-25 06:16:06.603 PM'
}
{
  message: 'Server on 1997 running. NodeENV: development  ',
  level: 'info',
  timestamp: '2024-12-25 06:21:40.325 PM'
}
{
  message: 'Server on 1997 running. NodeENV: development  ',
  level: 'info',
  timestamp: '2024-12-25 06:22:15.276 PM'
}
{
  message: 'Server on 1997 running. NodeENV: development  ',
  level: 'info',
  timestamp: '2024-12-25 06:22:42.600 PM'
}
{
  message: 'Server on 1997 running. NodeENV: development  ',
  level: 'info',
  timestamp: '2024-12-25 06:23:08.095 PM'
}
{
  method: 'GET',
  url: '/docs/',
  status: 304,
  response_time: 4.119,
  level: 'http',
  message: 'incoming-request',
  timestamp: '2024-12-25 06:23:11.431 PM'
}
{
  method: 'GET',
  url: '/docs/swagger-ui-init.js',
  status: 200,
  content_length: '2607',
  response_time: 0.841,
  level: 'http',
  message: 'incoming-request',
  timestamp: '2024-12-25 06:23:11.543 PM'
}
{
  method: 'GET',
  url: '/docs/swagger-ui.css',
  status: 304,
  response_time: 10.747,
  level: 'http',
  message: 'incoming-request',
  timestamp: '2024-12-25 06:23:11.544 PM'
}
{
  method: 'GET',
  url: '/docs/swagger-ui-bundle.js',
  status: 304,
  response_time: 5.821,
  level: 'http',
  message: 'incoming-request',
  timestamp: '2024-12-25 06:23:11.546 PM'
}
{
  method: 'GET',
  url: '/docs/swagger-ui-standalone-preset.js',
  status: 304,
  response_time: 5.431,
  level: 'http',
  message: 'incoming-request',
  timestamp: '2024-12-25 06:23:11.548 PM'
}
{
  method: 'GET',
  url: '/docs/favicon-32x32.png',
  status: 304,
  response_time: 2.63,
  level: 'http',
  message: 'incoming-request',
  timestamp: '2024-12-25 06:23:11.982 PM'
}
{
  message: 'Server on 1997 running. NodeENV: development  ',
  level: 'info',
  timestamp: '2024-12-25 08:15:57.868 PM'
}
{
  method: 'GET',
  url: '/docs/',
  status: 200,
  content_length: '3106',
  response_time: 3.547,
  level: 'http',
  message: 'incoming-request',
  timestamp: '2024-12-25 08:16:06.572 PM'
}
{
  method: 'GET',
  url: '/docs/swagger-ui.css',
  status: 200,
  content_length: 152072,
  response_time: 3.475,
  level: 'http',
  message: 'incoming-request',
  timestamp: '2024-12-25 08:16:06.614 PM'
}
{
  method: 'GET',
  url: '/docs/swagger-ui-init.js',
  status: 200,
  content_length: '2607',
  response_time: 0.217,
  level: 'http',
  message: 'incoming-request',
  timestamp: '2024-12-25 08:16:06.617 PM'
}
{
  method: 'GET',
  url: '/docs/swagger-ui-standalone-preset.js',
  status: 200,
  content_length: 230007,
  response_time: 6.834,
  level: 'http',
  message: 'incoming-request',
  timestamp: '2024-12-25 08:16:06.623 PM'
}
{
  method: 'GET',
  url: '/docs/swagger-ui-bundle.js',
  status: 200,
  content_length: 1426050,
  response_time: 6.788,
  level: 'http',
  message: 'incoming-request',
  timestamp: '2024-12-25 08:16:06.649 PM'
}
{
  method: 'GET',
  url: '/docs/favicon-32x32.png',
  status: 200,
  content_length: 628,
  response_time: 0.653,
  level: 'http',
  message: 'incoming-request',
  timestamp: '2024-12-25 08:16:06.918 PM'
}
{
  message: 'Server on 1997 running. NodeENV: development  ',
  level: 'info',
  timestamp: '2024-12-25 08:29:26.300 PM'
}
{
  message: 'Server on 1997 running. NodeENV: development  ',
  level: 'info',
  timestamp: '2024-12-25 08:32:09.124 PM'
}
{
  message: 'Server on 1997 running. NodeENV: development  ',
  level: 'info',
  timestamp: '2024-12-25 08:33:57.261 PM'
}
{
  message: 'Server on 1997 running. NodeENV: development  ',
  level: 'info',
  timestamp: '2024-12-25 08:36:04.096 PM'
}
{
  method: 'GET',
  url: '/docs/',
  status: 304,
  response_time: 2.92,
  level: 'http',
  message: 'incoming-request',
  timestamp: '2024-12-25 08:36:05.809 PM'
}
{
  method: 'GET',
  url: '/docs/swagger-ui.css',
  status: 304,
  response_time: 1.034,
  level: 'http',
  message: 'incoming-request',
  timestamp: '2024-12-25 08:36:06.049 PM'
}
{
  method: 'GET',
  url: '/docs/swagger-ui-init.js',
  status: 200,
  content_length: '2614',
  response_time: 0.371,
  level: 'http',
  message: 'incoming-request',
  timestamp: '2024-12-25 08:36:06.063 PM'
}
{
  method: 'GET',
  url: '/docs/swagger-ui-bundle.js',
  status: 304,
  response_time: 0.667,
  level: 'http',
  message: 'incoming-request',
  timestamp: '2024-12-25 08:36:06.064 PM'
}
{
  method: 'GET',
  url: '/docs/swagger-ui-standalone-preset.js',
  status: 304,
  response_time: 1.468,
  level: 'http',
  message: 'incoming-request',
  timestamp: '2024-12-25 08:36:06.065 PM'
}
{
  method: 'GET',
  url: '/docs/favicon-32x32.png',
  status: 304,
  response_time: 0.423,
  level: 'http',
  message: 'incoming-request',
  timestamp: '2024-12-25 08:36:06.297 PM'
}
{
  method: 'GET',
  url: '/api/v1/api/v1/user/profile',
  status: 500,
  content_length: '90',
  response_time: 0.399,
  level: 'http',
  message: 'incoming-request',
  timestamp: '2024-12-25 08:36:16.827 PM'
}
{
  message: 'Server on 1997 running. NodeENV: development  ',
  level: 'info',
  timestamp: '2024-12-25 08:36:42.595 PM'
}
{
  message: 'Server on 1997 running. NodeENV: development  ',
  level: 'info',
  timestamp: '2024-12-25 08:39:58.532 PM'
}
{
  method: 'GET',
  url: '/docs/',
  status: 304,
  response_time: 4.095,
  level: 'http',
  message: 'incoming-request',
  timestamp: '2024-12-25 08:40:24.453 PM'
}
{
  method: 'GET',
  url: '/docs/swagger-ui.css',
  status: 304,
  response_time: 1.272,
  level: 'http',
  message: 'incoming-request',
  timestamp: '2024-12-25 08:40:24.536 PM'
}
{
  method: 'GET',
  url: '/docs/swagger-ui-bundle.js',
  status: 304,
  response_time: 1.025,
  level: 'http',
  message: 'incoming-request',
  timestamp: '2024-12-25 08:40:24.557 PM'
}
{
  method: 'GET',
  url: '/docs/swagger-ui-standalone-preset.js',
  status: 304,
  response_time: 1.379,
  level: 'http',
  message: 'incoming-request',
  timestamp: '2024-12-25 08:40:24.559 PM'
}
{
  method: 'GET',
  url: '/docs/swagger-ui-init.js',
  status: 200,
  content_length: '2607',
  response_time: 0.27,
  level: 'http',
  message: 'incoming-request',
  timestamp: '2024-12-25 08:40:24.563 PM'
}
{
  method: 'GET',
  url: '/docs/favicon-32x32.png',
  status: 304,
  response_time: 0.585,
  level: 'http',
  message: 'incoming-request',
  timestamp: '2024-12-25 08:40:24.707 PM'
}
{
  method: 'GET',
  url: '/api/v1/user/profile',
  status: 401,
  content_length: '26',
  response_time: 0.668,
  level: 'http',
  message: 'incoming-request',
  timestamp: '2024-12-25 08:40:29.039 PM'
}
{
  message: 'Server on 1997 running. NodeENV: development  ',
  level: 'info',
  timestamp: '2024-12-25 08:43:14.399 PM'
}
{
  method: 'GET',
  url: '/docs/',
  status: 304,
  response_time: 2.66,
  level: 'http',
  message: 'incoming-request',
  timestamp: '2024-12-25 08:44:00.668 PM'
}
{
  method: 'GET',
  url: '/docs/swagger-ui.css',
  status: 304,
  response_time: 1.093,
  level: 'http',
  message: 'incoming-request',
  timestamp: '2024-12-25 08:44:00.741 PM'
}
{
  method: 'GET',
  url: '/docs/swagger-ui-init.js',
  status: 200,
  content_length: '2607',
  response_time: 0.24,
  level: 'http',
  message: 'incoming-request',
  timestamp: '2024-12-25 08:44:00.765 PM'
}
{
  method: 'GET',
  url: '/docs/swagger-ui-bundle.js',
  status: 304,
  response_time: 4.814,
  level: 'http',
  message: 'incoming-request',
  timestamp: '2024-12-25 08:44:00.766 PM'
}
{
  method: 'GET',
  url: '/docs/swagger-ui-standalone-preset.js',
  status: 304,
  response_time: 1.711,
  level: 'http',
  message: 'incoming-request',
  timestamp: '2024-12-25 08:44:00.767 PM'
}
{
  method: 'GET',
  url: '/docs/favicon-32x32.png',
  status: 304,
  response_time: 0.536,
  level: 'http',
  message: 'incoming-request',
  timestamp: '2024-12-25 08:44:00.901 PM'
}
{
  message: 'Server on 1997 running. NodeENV: development  ',
  level: 'info',
  timestamp: '2024-12-25 08:50:32.796 PM'
}
{
  message: 'Server on 1997 running. NodeENV: development  ',
  level: 'info',
  timestamp: '2024-12-25 08:55:55.435 PM'
}
{
  message: 'Server on 1997 running. NodeENV: development  ',
  level: 'info',
  timestamp: '2024-12-25 08:56:34.287 PM'
}
{
  message: 'Server on 1997 running. NodeENV: development  ',
  level: 'info',
  timestamp: '2024-12-25 08:56:50.317 PM'
}
{
  message: 'Server on 1997 running. NodeENV: development  ',
  level: 'info',
  timestamp: '2024-12-25 08:57:06.429 PM'
}
{
  message: 'Server on 1997 running. NodeENV: development  ',
  level: 'info',
  timestamp: '2024-12-25 08:58:31.453 PM'
}
{
  message: 'Server on 1997 running. NodeENV: development  ',
  level: 'info',
  timestamp: '2024-12-25 09:22:06.848 PM'
}
{
  message: 'Server on 1997 running. NodeENV: development  ',
  level: 'info',
  timestamp: '2024-12-25 09:22:20.907 PM'
}
{
  message: 'Server on 1997 running. NodeENV: development  ',
  level: 'info',
  timestamp: '2024-12-25 09:23:15.243 PM'
}
{
  method: 'GET',
  url: '/docs/',
  status: 304,
  response_time: 2.945,
  level: 'http',
  message: 'incoming-request',
  timestamp: '2024-12-25 09:23:46.220 PM'
}
{
  method: 'GET',
  url: '/docs/swagger-ui.css',
  status: 304,
  response_time: 1.465,
  level: 'http',
  message: 'incoming-request',
  timestamp: '2024-12-25 09:23:46.360 PM'
}
{
  method: 'GET',
  url: '/docs/swagger-ui-init.js',
  status: 200,
  content_length: '2923',
  response_time: 0.393,
  level: 'http',
  message: 'incoming-request',
  timestamp: '2024-12-25 09:23:46.366 PM'
}
{
  method: 'GET',
  url: '/docs/swagger-ui-bundle.js',
  status: 304,
  response_time: 0.705,
  level: 'http',
  message: 'incoming-request',
  timestamp: '2024-12-25 09:23:46.367 PM'
}
{
  method: 'GET',
  url: '/docs/swagger-ui-standalone-preset.js',
  status: 304,
  response_time: 1.43,
  level: 'http',
  message: 'incoming-request',
  timestamp: '2024-12-25 09:23:46.370 PM'
}
{
  method: 'GET',
  url: '/docs/favicon-32x32.png',
  status: 304,
  response_time: 0.897,
  level: 'http',
  message: 'incoming-request',
  timestamp: '2024-12-25 09:23:46.489 PM'
}
{
  message: 'Server on 1997 running. NodeENV: development  ',
  level: 'info',
  timestamp: '2024-12-25 09:28:01.799 PM'
}
{
  message: 'Server on 1997 running. NodeENV: development  ',
  level: 'info',
  timestamp: '2024-12-25 09:28:10.310 PM'
}
{
  message: 'Server on 1997 running. NodeENV: development  ',
  level: 'info',
  timestamp: '2024-12-25 09:28:17.238 PM'
}
{
  message: 'Server on 1997 running. NodeENV: development  ',
  level: 'info',
  timestamp: '2024-12-25 09:28:25.976 PM'
}
{
  message: 'Server on 1997 running. NodeENV: development  ',
  level: 'info',
  timestamp: '2024-12-25 09:28:38.720 PM'
}
{
  message: 'Server on 1997 running. NodeENV: development  ',
  level: 'info',
  timestamp: '2024-12-25 09:29:01.009 PM'
}
{
  message: 'Server on 1997 running. NodeENV: development  ',
  level: 'info',
  timestamp: '2024-12-25 09:29:12.085 PM'
}
{
  message: 'Server on 1997 running. NodeENV: development  ',
  level: 'info',
  timestamp: '2024-12-25 09:29:29.004 PM'
}
{
  message: 'Server on 1997 running. NodeENV: development  ',
  level: 'info',
  timestamp: '2024-12-25 09:30:11.431 PM'
}
{
  message: 'Server on 1997 running. NodeENV: development  ',
  level: 'info',
  timestamp: '2024-12-25 09:32:53.666 PM'
}
{
  message: 'Server on 1997 running. NodeENV: development  ',
  level: 'info',
  timestamp: '2024-12-25 09:33:02.130 PM'
}
{
  message: 'Server on 1997 running. NodeENV: development  ',
  level: 'info',
  timestamp: '2024-12-25 09:33:15.990 PM'
}
{
  message: 'Server on 1997 running. NodeENV: development  ',
  level: 'info',
  timestamp: '2024-12-25 09:34:39.599 PM'
}
{
  message: 'Server on 1997 running. NodeENV: development  ',
  level: 'info',
  timestamp: '2024-12-25 09:34:48.039 PM'
}
{
  message: 'Server on 1997 running. NodeENV: development  ',
  level: 'info',
  timestamp: '2024-12-25 09:37:28.036 PM'
}
{
  message: 'Server on 1997 running. NodeENV: development  ',
  level: 'info',
  timestamp: '2024-12-25 09:37:54.174 PM'
}
{
  message: 'Server on 1997 running. NodeENV: development  ',
  level: 'info',
  timestamp: '2024-12-25 09:38:00.592 PM'
}
{
  message: 'Server on 1997 running. NodeENV: development  ',
  level: 'info',
  timestamp: '2024-12-25 09:38:10.385 PM'
}
{
  message: 'Server on 1997 running. NodeENV: development  ',
  level: 'info',
  timestamp: '2024-12-25 09:38:29.447 PM'
}
{
  message: 'Server on 1997 running. NodeENV: development  ',
  level: 'info',
  timestamp: '2024-12-25 09:38:42.245 PM'
}
{
  message: 'Server on 1997 running. NodeENV: development  ',
  level: 'info',
  timestamp: '2024-12-25 09:38:52.953 PM'
}
{
  message: 'Server on 1997 running. NodeENV: development  ',
  level: 'info',
  timestamp: '2024-12-25 09:39:01.303 PM'
}
{
  message: 'Server on 1997 running. NodeENV: development  ',
  level: 'info',
  timestamp: '2024-12-25 09:39:33.662 PM'
}
{
  message: 'Server on 1997 running. NodeENV: development  ',
  level: 'info',
  timestamp: '2024-12-25 09:39:50.365 PM'
}
{
  message: 'Server on 1997 running. NodeENV: development  ',
  level: 'info',
  timestamp: '2024-12-25 09:40:07.575 PM'
}
{
  method: 'GET',
  url: '/docs/',
  status: 304,
  response_time: 3.11,
  level: 'http',
  message: 'incoming-request',
  timestamp: '2024-12-25 09:40:08.104 PM'
}
{
  method: 'GET',
  url: '/docs/swagger-ui.css',
  status: 304,
  response_time: 1.244,
  level: 'http',
  message: 'incoming-request',
  timestamp: '2024-12-25 09:40:08.195 PM'
}
{
  method: 'GET',
  url: '/docs/swagger-ui-bundle.js',
  status: 304,
  response_time: 0.652,
  level: 'http',
  message: 'incoming-request',
  timestamp: '2024-12-25 09:40:08.218 PM'
}
{
  method: 'GET',
  url: '/docs/swagger-ui-standalone-preset.js',
  status: 304,
  response_time: 1.576,
  level: 'http',
  message: 'incoming-request',
  timestamp: '2024-12-25 09:40:08.220 PM'
}
{
  method: 'GET',
  url: '/docs/swagger-ui-init.js',
  status: 200,
  content_length: '3628',
  response_time: 0.305,
  level: 'http',
  message: 'incoming-request',
  timestamp: '2024-12-25 09:40:08.223 PM'
}
{
  method: 'GET',
  url: '/docs/favicon-32x32.png',
  status: 304,
  response_time: 0.362,
  level: 'http',
  message: 'incoming-request',
  timestamp: '2024-12-25 09:40:08.422 PM'
}
{
  method: 'GET',
  url: '/docs/',
  status: 304,
  response_time: 0.469,
  level: 'http',
  message: 'incoming-request',
  timestamp: '2024-12-25 09:40:09.262 PM'
}
{
  method: 'GET',
  url: '/docs/swagger-ui.css',
  status: 304,
  response_time: 0.435,
  level: 'http',
  message: 'incoming-request',
  timestamp: '2024-12-25 09:40:09.331 PM'
}
{
  method: 'GET',
  url: '/docs/swagger-ui-init.js',
  status: 304,
  response_time: 0.263,
  level: 'http',
  message: 'incoming-request',
  timestamp: '2024-12-25 09:40:09.354 PM'
}
{
  method: 'GET',
  url: '/docs/swagger-ui-bundle.js',
  status: 304,
  response_time: 2.677,
  level: 'http',
  message: 'incoming-request',
  timestamp: '2024-12-25 09:40:09.355 PM'
}
{
  method: 'GET',
  url: '/docs/swagger-ui-standalone-preset.js',
  status: 304,
  response_time: 1.33,
  level: 'http',
  message: 'incoming-request',
  timestamp: '2024-12-25 09:40:09.356 PM'
}
{
  method: 'GET',
  url: '/docs/favicon-32x32.png',
  status: 304,
  response_time: 0.483,
  level: 'http',
  message: 'incoming-request',
  timestamp: '2024-12-25 09:40:09.442 PM'
}
{
  method: 'GET',
  url: '/docs/',
  status: 304,
  response_time: 0.477,
  level: 'http',
  message: 'incoming-request',
  timestamp: '2024-12-25 09:40:14.511 PM'
}
{
  method: 'GET',
  url: '/docs/swagger-ui.css',
  status: 304,
  response_time: 0.393,
  level: 'http',
  message: 'incoming-request',
  timestamp: '2024-12-25 09:40:14.580 PM'
}
{
  method: 'GET',
  url: '/docs/swagger-ui-bundle.js',
  status: 304,
  response_time: 1.412,
  level: 'http',
  message: 'incoming-request',
  timestamp: '2024-12-25 09:40:14.611 PM'
}
{
  method: 'GET',
  url: '/docs/swagger-ui-standalone-preset.js',
  status: 304,
  response_time: 2.02,
  level: 'http',
  message: 'incoming-request',
  timestamp: '2024-12-25 09:40:14.613 PM'
}
{
  method: 'GET',
  url: '/docs/swagger-ui-init.js',
  status: 304,
  response_time: 0.261,
  level: 'http',
  message: 'incoming-request',
  timestamp: '2024-12-25 09:40:14.614 PM'
}
{
  method: 'GET',
  url: '/docs/favicon-32x32.png',
  status: 304,
  response_time: 0.399,
  level: 'http',
  message: 'incoming-request',
  timestamp: '2024-12-25 09:40:14.696 PM'
}
{
  method: 'POST',
  url: '/api/v1/auth/login',
  status: 500,
  content_length: '801',
  response_time: 4.757,
  level: 'http',
  message: 'incoming-request',
  timestamp: '2024-12-25 09:41:00.342 PM'
}
{
  method: 'POST',
  url: '/api/v1/auth/login',
  status: 500,
  content_length: '801',
  response_time: 1.116,
  level: 'http',
  message: 'incoming-request',
  timestamp: '2024-12-25 09:41:01.428 PM'
}
{
  method: 'POST',
  url: '/api/v1/auth/login',
  status: 500,
  content_length: '801',
  response_time: 0.601,
  level: 'http',
  message: 'incoming-request',
  timestamp: '2024-12-25 09:41:01.906 PM'
}
{
  method: 'POST',
  url: '/api/v1/auth/login',
  status: 500,
  content_length: '801',
  response_time: 0.674,
  level: 'http',
  message: 'incoming-request',
  timestamp: '2024-12-25 09:41:02.482 PM'
}
{
  method: 'POST',
  url: '/api/v1/auth/login',
  status: 500,
  content_length: '801',
  response_time: 0.583,
  level: 'http',
  message: 'incoming-request',
  timestamp: '2024-12-25 09:41:03.417 PM'
}
{
  message: 'Server on 1997 running. NodeENV: development  ',
  level: 'info',
  timestamp: '2024-12-25 09:41:51.083 PM'
}
{
  message: 'Server on 1997 running. NodeENV: development  ',
  level: 'info',
  timestamp: '2024-12-25 09:42:12.885 PM'
}
{
  message: 'Server on 1997 running. NodeENV: development  ',
  level: 'info',
  timestamp: '2024-12-25 09:42:20.134 PM'
}
{
  method: 'GET',
  url: '/api/v1/user/profile',
  status: 401,
  content_length: '26',
  response_time: 1.475,
  level: 'http',
  message: 'incoming-request',
  timestamp: '2024-12-25 09:42:30.554 PM'
}
{
  method: 'GET',
  url: '/api/v1/user/profile',
  status: 401,
  content_length: '26',
  response_time: 0.467,
  level: 'http',
  message: 'incoming-request',
  timestamp: '2024-12-25 09:42:36.374 PM'
}
{
  method: 'GET',
  url: '/api/v1/user/profile',
  status: 401,
  content_length: '26',
  response_time: 0.372,
  level: 'http',
  message: 'incoming-request',
  timestamp: '2024-12-25 09:42:36.907 PM'
}
{
  message: 'Server on 1997 running. NodeENV: development  ',
  level: 'info',
  timestamp: '2024-12-25 09:43:05.081 PM'
}
{
  message: 'Server on 1997 running. NodeENV: development  ',
  level: 'info',
  timestamp: '2024-12-25 09:43:17.511 PM'
}
{
  message: 'Server on 1997 running. NodeENV: development  ',
  level: 'info',
  timestamp: '2024-12-25 09:44:19.607 PM'
}
{
  message: 'Server on 1997 running. NodeENV: development  ',
  level: 'info',
  timestamp: '2024-12-25 09:45:47.218 PM'
}
{
  message: 'Server on 1997 running. NodeENV: development  ',
  level: 'info',
  timestamp: '2024-12-25 09:45:57.216 PM'
}
{
  message: 'Server on 1997 running. NodeENV: development  ',
  level: 'info',
  timestamp: '2024-12-25 09:46:05.930 PM'
}
{
  message: 'Server on 1997 running. NodeENV: development  ',
  level: 'info',
  timestamp: '2024-12-25 09:46:19.623 PM'
}
{
  method: 'GET',
  url: '/docs/',
  status: 304,
  response_time: 2.982,
  level: 'http',
  message: 'incoming-request',
  timestamp: '2024-12-25 09:48:09.341 PM'
}
{
  method: 'GET',
  url: '/docs/swagger-ui-init.js',
  status: 200,
  content_length: '3031',
  response_time: 0.435,
  level: 'http',
  message: 'incoming-request',
  timestamp: '2024-12-25 09:48:09.385 PM'
}
{
  method: 'GET',
  url: '/docs/swagger-ui.css',
  status: 304,
  response_time: 5.62,
  level: 'http',
  message: 'incoming-request',
  timestamp: '2024-12-25 09:48:09.386 PM'
}
{
  method: 'GET',
  url: '/docs/swagger-ui-bundle.js',
  status: 304,
  response_time: 3.309,
  level: 'http',
  message: 'incoming-request',
  timestamp: '2024-12-25 09:48:09.387 PM'
}
{
  method: 'GET',
  url: '/docs/swagger-ui-standalone-preset.js',
  status: 304,
  response_time: 3.139,
  level: 'http',
  message: 'incoming-request',
  timestamp: '2024-12-25 09:48:09.388 PM'
}
{
  method: 'GET',
  url: '/docs/favicon-32x32.png',
  status: 304,
  response_time: 0.604,
  level: 'http',
  message: 'incoming-request',
  timestamp: '2024-12-25 09:48:09.637 PM'
}
{
  method: 'GET',
  url: '/docs/',
  status: 304,
  response_time: 1.194,
  level: 'http',
  message: 'incoming-request',
  timestamp: '2024-12-25 09:48:11.077 PM'
}
{
  method: 'GET',
  url: '/docs/swagger-ui.css',
  status: 304,
  response_time: 0.434,
  level: 'http',
  message: 'incoming-request',
  timestamp: '2024-12-25 09:48:11.159 PM'
}
{
  method: 'GET',
  url: '/docs/swagger-ui-bundle.js',
  status: 304,
  response_time: 2.191,
  level: 'http',
  message: 'incoming-request',
  timestamp: '2024-12-25 09:48:11.194 PM'
}
{
  method: 'GET',
  url: '/docs/swagger-ui-init.js',
  status: 304,
  response_time: 0.293,
  level: 'http',
  message: 'incoming-request',
  timestamp: '2024-12-25 09:48:11.196 PM'
}
{
  method: 'GET',
  url: '/docs/swagger-ui-standalone-preset.js',
  status: 304,
  response_time: 4.453,
  level: 'http',
  message: 'incoming-request',
  timestamp: '2024-12-25 09:48:11.197 PM'
}
{
  method: 'GET',
  url: '/docs/favicon-32x32.png',
  status: 304,
  response_time: 1.275,
  level: 'http',
  message: 'incoming-request',
  timestamp: '2024-12-25 09:48:11.284 PM'
}
{
  message: 'Server on 1997 running. NodeENV: development  ',
  level: 'info',
  timestamp: '2024-12-25 09:48:21.888 PM'
}
{
  message: 'Server on 1997 running. NodeENV: development  ',
  level: 'info',
  timestamp: '2024-12-25 09:48:34.479 PM'
}
{
  method: 'GET',
  url: '/docs/',
  status: 304,
  response_time: 8.749,
  level: 'http',
  message: 'incoming-request',
  timestamp: '2024-12-25 09:48:48.054 PM'
}
{
  method: 'GET',
  url: '/docs/swagger-ui.css',
  status: 304,
  response_time: 1.309,
  level: 'http',
  message: 'incoming-request',
  timestamp: '2024-12-25 09:48:48.123 PM'
}
{
  method: 'GET',
  url: '/docs/swagger-ui-init.js',
  status: 304,
  response_time: 0.311,
  level: 'http',
  message: 'incoming-request',
  timestamp: '2024-12-25 09:48:48.146 PM'
}
{
  method: 'GET',
  url: '/docs/swagger-ui-bundle.js',
  status: 304,
  response_time: 2.724,
  level: 'http',
  message: 'incoming-request',
  timestamp: '2024-12-25 09:48:48.147 PM'
}
{
  method: 'GET',
  url: '/docs/swagger-ui-standalone-preset.js',
  status: 304,
  response_time: 1.222,
  level: 'http',
  message: 'incoming-request',
  timestamp: '2024-12-25 09:48:48.148 PM'
}
{
  message: 'Server on 1997 running. NodeENV: development  ',
  level: 'info',
  timestamp: '2024-12-25 09:48:48.151 PM'
}
{
  method: 'GET',
  url: '/docs/favicon-32x32.png',
  status: 304,
  response_time: 1.362,
  level: 'http',
  message: 'incoming-request',
  timestamp: '2024-12-25 09:48:48.216 PM'
}
{
  method: 'GET',
  url: '/docs/',
  status: 304,
  response_time: 0.506,
  level: 'http',
  message: 'incoming-request',
  timestamp: '2024-12-25 09:48:51.572 PM'
}
{
  method: 'GET',
  url: '/docs/swagger-ui.css',
  status: 304,
  response_time: 0.529,
  level: 'http',
  message: 'incoming-request',
  timestamp: '2024-12-25 09:48:51.619 PM'
}
{
  method: 'GET',
  url: '/docs/swagger-ui-bundle.js',
  status: 304,
  response_time: 1.262,
  level: 'http',
  message: 'incoming-request',
  timestamp: '2024-12-25 09:48:51.652 PM'
}
{
  method: 'GET',
  url: '/docs/swagger-ui-standalone-preset.js',
  status: 304,
  response_time: 1.511,
  level: 'http',
  message: 'incoming-request',
  timestamp: '2024-12-25 09:48:51.653 PM'
}
{
  method: 'GET',
  url: '/docs/swagger-ui-init.js',
  status: 304,
  response_time: 0.229,
  level: 'http',
  message: 'incoming-request',
  timestamp: '2024-12-25 09:48:51.674 PM'
}
{
  method: 'GET',
  url: '/docs/favicon-32x32.png',
  status: 304,
  response_time: 0.764,
  level: 'http',
  message: 'incoming-request',
  timestamp: '2024-12-25 09:48:51.745 PM'
}
{
  message: 'Server on 1997 running. NodeENV: development  ',
  level: 'info',
  timestamp: '2024-12-25 09:49:02.593 PM'
}
{
  method: 'GET',
  url: '/docs/',
  status: 304,
  response_time: 2.871,
  level: 'http',
  message: 'incoming-request',
  timestamp: '2024-12-25 09:53:30.909 PM'
}
{
  method: 'GET',
  url: '/docs/swagger-ui.css',
  status: 304,
  response_time: 1.557,
  level: 'http',
  message: 'incoming-request',
  timestamp: '2024-12-25 09:53:31.120 PM'
}
{
  method: 'GET',
  url: '/docs/swagger-ui-bundle.js',
  status: 304,
  response_time: 1.312,
  level: 'http',
  message: 'incoming-request',
  timestamp: '2024-12-25 09:53:31.123 PM'
}
{
  method: 'GET',
  url: '/docs/swagger-ui-standalone-preset.js',
  status: 304,
  response_time: 1.224,
  level: 'http',
  message: 'incoming-request',
  timestamp: '2024-12-25 09:53:31.124 PM'
}
{
  method: 'GET',
  url: '/docs/swagger-ui-init.js',
  status: 304,
  response_time: 0.317,
  level: 'http',
  message: 'incoming-request',
  timestamp: '2024-12-25 09:53:31.135 PM'
}
{
  method: 'GET',
  url: '/docs/favicon-32x32.png',
  status: 304,
  response_time: 0.601,
  level: 'http',
  message: 'incoming-request',
  timestamp: '2024-12-25 09:53:31.212 PM'
}
{
  method: 'GET',
  url: '/docs/',
  status: 304,
  response_time: 2.889,
  level: 'http',
  message: 'incoming-request',
  timestamp: '2024-12-25 09:54:10.726 PM'
}
{
  method: 'GET',
  url: '/docs/swagger-ui.css',
  status: 304,
  response_time: 1.208,
  level: 'http',
  message: 'incoming-request',
  timestamp: '2024-12-25 09:54:10.802 PM'
}
{
  method: 'GET',
  url: '/docs/swagger-ui-bundle.js',
  status: 304,
  response_time: 1.706,
  level: 'http',
  message: 'incoming-request',
  timestamp: '2024-12-25 09:54:10.826 PM'
}
{
  method: 'GET',
  url: '/docs/swagger-ui-standalone-preset.js',
  status: 304,
  response_time: 1.21,
  level: 'http',
  message: 'incoming-request',
  timestamp: '2024-12-25 09:54:10.827 PM'
}
{
  method: 'GET',
  url: '/docs/swagger-ui-init.js',
  status: 200,
  content_length: '4922',
  response_time: 0.188,
  level: 'http',
  message: 'incoming-request',
  timestamp: '2024-12-25 09:54:10.830 PM'
}
{
  method: 'GET',
  url: '/docs/favicon-32x32.png',
  status: 304,
  response_time: 0.342,
  level: 'http',
  message: 'incoming-request',
  timestamp: '2024-12-25 09:54:11.037 PM'
}
{
  message: 'Server on 1997 running. NodeENV: development  ',
  level: 'info',
  timestamp: '2024-12-25 09:54:11.364 PM'
}
{
  method: 'POST',
  url: '/api/v1/auth/login',
  status: 200,
  content_length: '504',
  response_time: 197.966,
  level: 'http',
  message: 'incoming-request',
  timestamp: '2024-12-25 09:54:46.714 PM'
}
{
  message: 'Server on 1997 running. NodeENV: development  ',
  level: 'info',
  timestamp: '2024-12-25 09:56:17.221 PM'
}
{
  message: 'Server on 1997 running. NodeENV: development  ',
  level: 'info',
  timestamp: '2024-12-25 09:56:25.896 PM'
}
{
  message: 'Server on 1997 running. NodeENV: development  ',
  level: 'info',
  timestamp: '2024-12-25 09:56:34.404 PM'
}
{
  message: 'Server on 1997 running. NodeENV: development  ',
  level: 'info',
  timestamp: '2024-12-25 09:57:02.277 PM'
}
{
  message: 'Server on 1997 running. NodeENV: development  ',
  level: 'info',
  timestamp: '2024-12-25 09:57:13.832 PM'
}
{
  message: 'Server on 1997 running. NodeENV: development  ',
  level: 'info',
  timestamp: '2024-12-25 09:58:45.571 PM'
}
{
  method: 'GET',
  url: '/docs/',
  status: 304,
  response_time: 2.657,
  level: 'http',
  message: 'incoming-request',
  timestamp: '2024-12-25 09:58:50.136 PM'
}
{
  method: 'GET',
  url: '/docs/swagger-ui.css',
  status: 304,
  response_time: 1.18,
  level: 'http',
  message: 'incoming-request',
  timestamp: '2024-12-25 09:58:50.331 PM'
}
{
  method: 'GET',
  url: '/docs/swagger-ui-bundle.js',
  status: 304,
  response_time: 0.985,
  level: 'http',
  message: 'incoming-request',
  timestamp: '2024-12-25 09:58:50.349 PM'
}
{
  method: 'GET',
  url: '/docs/swagger-ui-standalone-preset.js',
  status: 304,
  response_time: 1.273,
  level: 'http',
  message: 'incoming-request',
  timestamp: '2024-12-25 09:58:50.350 PM'
}
{
  method: 'GET',
  url: '/docs/swagger-ui-init.js',
  status: 200,
  content_length: '5267',
  response_time: 0.324,
  level: 'http',
  message: 'incoming-request',
  timestamp: '2024-12-25 09:58:50.381 PM'
}
{
  method: 'GET',
  url: '/docs/favicon-32x32.png',
  status: 304,
  response_time: 0.397,
  level: 'http',
  message: 'incoming-request',
  timestamp: '2024-12-25 09:58:50.624 PM'
}
{
  message: 'Server on 1997 running. NodeENV: development  ',
  level: 'info',
  timestamp: '2024-12-25 09:59:51.477 PM'
}
{
  message: 'Server on 1997 running. NodeENV: development  ',
  level: 'info',
  timestamp: '2024-12-25 10:00:26.049 PM'
}
{
  message: 'Server on 1997 running. NodeENV: development  ',
  level: 'info',
  timestamp: '2024-12-25 10:00:44.705 PM'
}
{
  message: 'Server on 1997 running. NodeENV: development  ',
  level: 'info',
  timestamp: '2024-12-25 10:01:24.590 PM'
}
{
  message: 'Server on 1997 running. NodeENV: development  ',
  level: 'info',
  timestamp: '2024-12-25 10:01:33.525 PM'
}
{
  message: 'Server on 1997 running. NodeENV: development  ',
  level: 'info',
  timestamp: '2024-12-25 10:01:45.041 PM'
}
{
  method: 'GET',
  url: '/docs/',
  status: 304,
  response_time: 2.671,
  level: 'http',
  message: 'incoming-request',
  timestamp: '2024-12-25 10:01:46.323 PM'
}
{
  method: 'GET',
  url: '/docs/swagger-ui.css',
  status: 304,
  response_time: 1.394,
  level: 'http',
  message: 'incoming-request',
  timestamp: '2024-12-25 10:01:46.397 PM'
}
{
  method: 'GET',
  url: '/docs/swagger-ui-bundle.js',
  status: 304,
  response_time: 0.994,
  level: 'http',
  message: 'incoming-request',
  timestamp: '2024-12-25 10:01:46.434 PM'
}
{
  method: 'GET',
  url: '/docs/swagger-ui-standalone-preset.js',
  status: 304,
  response_time: 1.196,
  level: 'http',
  message: 'incoming-request',
  timestamp: '2024-12-25 10:01:46.435 PM'
}
{
  method: 'GET',
  url: '/docs/swagger-ui-init.js',
  status: 200,
  content_length: '5722',
  response_time: 0.342,
  level: 'http',
  message: 'incoming-request',
  timestamp: '2024-12-25 10:01:46.504 PM'
}
{
  method: 'GET',
  url: '/docs/favicon-32x32.png',
  status: 304,
  response_time: 0.459,
  level: 'http',
  message: 'incoming-request',
  timestamp: '2024-12-25 10:01:46.768 PM'
}
{
  method: 'GET',
  url: '/docs/',
  status: 304,
  response_time: 2.84,
  level: 'http',
  message: 'incoming-request',
  timestamp: '2024-12-25 10:03:29.520 PM'
}
{
  method: 'GET',
  url: '/docs/swagger-ui.css',
  status: 304,
  response_time: 1.122,
  level: 'http',
  message: 'incoming-request',
  timestamp: '2024-12-25 10:03:29.588 PM'
}
{
  method: 'GET',
  url: '/docs/swagger-ui-bundle.js',
  status: 304,
  response_time: 1.484,
  level: 'http',
  message: 'incoming-request',
  timestamp: '2024-12-25 10:03:29.622 PM'
}
{
  method: 'GET',
  url: '/docs/swagger-ui-init.js',
  status: 200,
  content_length: '5690',
  response_time: 0.401,
  level: 'http',
  message: 'incoming-request',
  timestamp: '2024-12-25 10:03:29.624 PM'
}
{
  method: 'GET',
  url: '/docs/swagger-ui-standalone-preset.js',
  status: 304,
  response_time: 10.729,
  level: 'http',
  message: 'incoming-request',
  timestamp: '2024-12-25 10:03:29.625 PM'
}
{
  method: 'GET',
  url: '/docs/favicon-32x32.png',
  status: 304,
  response_time: 0.373,
  level: 'http',
  message: 'incoming-request',
  timestamp: '2024-12-25 10:03:29.855 PM'
}
{
  message: 'Server on 1997 running. NodeENV: development  ',
  level: 'info',
  timestamp: '2024-12-25 10:03:30.023 PM'
}
{
  method: 'GET',
  url: '/api/v1/user/profile',
  status: 401,
  content_length: '26',
  response_time: 0.528,
  level: 'http',
  message: 'incoming-request',
  timestamp: '2024-12-25 10:03:33.464 PM'
}
{
  method: 'GET',
  url: '/api/v1/user/profile',
  status: 401,
  content_length: '26',
  response_time: 0.236,
  level: 'http',
  message: 'incoming-request',
  timestamp: '2024-12-25 10:03:36.331 PM'
}
{
  method: 'POST',
  url: '/api/v1/auth/login',
  status: 200,
  content_length: '504',
  response_time: 250.337,
  level: 'http',
  message: 'incoming-request',
  timestamp: '2024-12-25 10:04:00.672 PM'
}
{
  method: 'GET',
  url: '/api/v1/user/profile',
  status: 200,
  content_length: '3326',
  response_time: 105.849,
  level: 'http',
  message: 'incoming-request',
  timestamp: '2024-12-25 10:04:15.371 PM'
}
{
  method: 'GET',
  url: '/docs/',
  status: 304,
  response_time: 0.598,
  level: 'http',
  message: 'incoming-request',
  timestamp: '2024-12-25 10:04:29.193 PM'
}
{
  method: 'GET',
  url: '/docs/swagger-ui.css',
  status: 304,
  response_time: 0.498,
  level: 'http',
  message: 'incoming-request',
  timestamp: '2024-12-25 10:04:29.278 PM'
}
{
  method: 'GET',
  url: '/docs/swagger-ui-init.js',
  status: 304,
  response_time: 0.241,
  level: 'http',
  message: 'incoming-request',
  timestamp: '2024-12-25 10:04:29.301 PM'
}
{
  method: 'GET',
  url: '/docs/swagger-ui-bundle.js',
  status: 304,
  response_time: 1.909,
  level: 'http',
  message: 'incoming-request',
  timestamp: '2024-12-25 10:04:29.302 PM'
}
{
  method: 'GET',
  url: '/docs/swagger-ui-standalone-preset.js',
  status: 304,
  response_time: 1.028,
  level: 'http',
  message: 'incoming-request',
  timestamp: '2024-12-25 10:04:29.303 PM'
}
{
  method: 'GET',
  url: '/docs/favicon-32x32.png',
  status: 304,
  response_time: 0.628,
  level: 'http',
  message: 'incoming-request',
  timestamp: '2024-12-25 10:04:29.509 PM'
}
{
  method: 'GET',
  url: '/docs/',
  status: 304,
  response_time: 2.72,
  level: 'http',
  message: 'incoming-request',
  timestamp: '2024-12-25 10:05:40.710 PM'
}
{
  method: 'GET',
  url: '/docs/swagger-ui.css',
  status: 304,
  response_time: 1.425,
  level: 'http',
  message: 'incoming-request',
  timestamp: '2024-12-25 10:05:40.788 PM'
}
{
  method: 'GET',
  url: '/docs/swagger-ui-bundle.js',
  status: 304,
  response_time: 1.499,
  level: 'http',
  message: 'incoming-request',
  timestamp: '2024-12-25 10:05:40.810 PM'
}
{
  method: 'GET',
  url: '/docs/swagger-ui-standalone-preset.js',
  status: 304,
  response_time: 2.017,
  level: 'http',
  message: 'incoming-request',
  timestamp: '2024-12-25 10:05:40.812 PM'
}
{
  method: 'GET',
  url: '/docs/swagger-ui-init.js',
  status: 200,
  content_length: '5726',
  response_time: 0.32,
  level: 'http',
  message: 'incoming-request',
  timestamp: '2024-12-25 10:05:40.814 PM'
}
{
  method: 'GET',
  url: '/docs/favicon-32x32.png',
  status: 304,
  response_time: 0.521,
  level: 'http',
  message: 'incoming-request',
  timestamp: '2024-12-25 10:05:40.898 PM'
}
{
  message: 'Server on 1997 running. NodeENV: development  ',
  level: 'info',
  timestamp: '2024-12-25 10:05:41.297 PM'
}
{
  method: 'POST',
  url: '/api/v1/auth/login',
  status: 200,
  content_length: '504',
  response_time: 250.561,
  level: 'http',
  message: 'incoming-request',
  timestamp: '2024-12-25 10:05:54.880 PM'
}
{
  method: 'GET',
  url: '/docs/',
  status: 304,
  response_time: 0.633,
  level: 'http',
  message: 'incoming-request',
  timestamp: '2024-12-25 10:06:06.010 PM'
}
{
  method: 'GET',
  url: '/docs/swagger-ui.css',
  status: 304,
  response_time: 0.514,
  level: 'http',
  message: 'incoming-request',
  timestamp: '2024-12-25 10:06:06.053 PM'
}
{
  method: 'GET',
  url: '/docs/swagger-ui-bundle.js',
  status: 304,
  response_time: 0.927,
  level: 'http',
  message: 'incoming-request',
  timestamp: '2024-12-25 10:06:06.083 PM'
}
{
  method: 'GET',
  url: '/docs/swagger-ui-standalone-preset.js',
  status: 304,
  response_time: 1.374,
  level: 'http',
  message: 'incoming-request',
  timestamp: '2024-12-25 10:06:06.084 PM'
}
{
  method: 'GET',
  url: '/docs/swagger-ui-init.js',
  status: 304,
  response_time: 0.226,
  level: 'http',
  message: 'incoming-request',
  timestamp: '2024-12-25 10:06:06.103 PM'
}
{
  method: 'GET',
  url: '/docs/favicon-32x32.png',
  status: 304,
  response_time: 0.688,
  level: 'http',
  message: 'incoming-request',
  timestamp: '2024-12-25 10:06:06.212 PM'
}
{
  method: 'GET',
  url: '/api/v1/user/profile',
  status: 200,
  content_length: '3326',
  response_time: 107.386,
  level: 'http',
  message: 'incoming-request',
  timestamp: '2024-12-25 10:06:17.483 PM'
}
