{
  message: 'Server on 1997 running. NodeENV: development  ',
  level: 'info',
  timestamp: '2024-12-10 04:37:17.845 PM'
}
{
  method: 'GET',
  url: '/api/v1/property/666720f01ed8af0105a0d444',
  status: 304,
  response_time: 123.27,
  level: 'http',
  message: 'incoming-request',
  timestamp: '2024-12-10 04:37:27.908 PM'
}
{
  method: 'GET',
  url: '/api/v1/user/profile',
  status: 200,
  content_length: '1760',
  response_time: 219.904,
  level: 'http',
  message: 'incoming-request',
  timestamp: '2024-12-10 04:37:27.959 PM'
}
{
  method: 'GET',
  url: '/api/v1/messages/users',
  status: 200,
  content_length: '1233',
  response_time: 183.234,
  level: 'http',
  message: 'incoming-request',
  timestamp: '2024-12-10 04:37:27.971 PM'
}
{
  method: 'GET',
  url: '/api/v1/property/?page=1',
  status: 200,
  content_length: '3505',
  response_time: 651.499,
  level: 'http',
  message: 'incoming-request',
  timestamp: '2024-12-10 04:37:28.468 PM'
}
{
  message: 'Server on 1997 running. NodeENV: development  ',
  level: 'info',
  timestamp: '2024-12-10 04:39:19.751 PM'
}
{
  message: 'Server on 1997 running. NodeENV: development  ',
  level: 'info',
  timestamp: '2024-12-10 04:41:34.525 PM'
}
{
  message: 'Server on 1997 running. NodeENV: development  ',
  level: 'info',
  timestamp: '2024-12-10 04:42:18.290 PM'
}
{
  message: 'Server on 1997 running. NodeENV: development  ',
  level: 'info',
  timestamp: '2024-12-10 04:44:27.226 PM'
}
{
  method: 'GET',
  url: '/api/v1/user/profile',
  status: 304,
  response_time: 223.945,
  level: 'http',
  message: 'incoming-request',
  timestamp: '2024-12-10 04:44:43.180 PM'
}
{
  method: 'GET',
  url: '/api/v1/messages/users',
  status: 304,
  response_time: 227.272,
  level: 'http',
  message: 'incoming-request',
  timestamp: '2024-12-10 04:44:43.201 PM'
}
{
  message: 'Server on 1997 running. NodeENV: development  ',
  level: 'info',
  timestamp: '2024-12-10 04:51:05.771 PM'
}
{
  message: 'Server on 1997 running. NodeENV: development  ',
  level: 'info',
  timestamp: '2024-12-10 04:52:32.044 PM'
}
{
  method: 'GET',
  url: '/api/v1/property/666720f01ed8af0105a0d444',
  status: 304,
  response_time: 114.526,
  level: 'http',
  message: 'incoming-request',
  timestamp: '2024-12-10 04:52:39.740 PM'
}
{
  method: 'GET',
  url: '/api/v1/property/?page=1',
  status: 200,
  content_length: '3505',
  response_time: 302.285,
  level: 'http',
  message: 'incoming-request',
  timestamp: '2024-12-10 04:52:39.949 PM'
}
{
  method: 'GET',
  url: '/api/v1/property/666720f01ed8af0105a0d444',
  status: 304,
  response_time: 361.249,
  level: 'http',
  message: 'incoming-request',
  timestamp: '2024-12-10 04:52:49.531 PM'
}
{
  method: 'GET',
  url: '/api/v1/user/profile',
  status: 304,
  response_time: 327.072,
  level: 'http',
  message: 'incoming-request',
  timestamp: '2024-12-10 04:52:49.613 PM'
}
{
  method: 'GET',
  url: '/api/v1/property/?page=1',
  status: 200,
  content_length: '3505',
  response_time: 326.6,
  level: 'http',
  message: 'incoming-request',
  timestamp: '2024-12-10 04:52:49.686 PM'
}
{
  method: 'GET',
  url: '/api/v1/messages/users',
  status: 304,
  response_time: 855.446,
  level: 'http',
  message: 'incoming-request',
  timestamp: '2024-12-10 04:52:50.220 PM'
}
{
  message: 'Server on 1997 running. NodeENV: development  ',
  level: 'info',
  timestamp: '2024-12-10 04:55:51.039 PM'
}
{
  message: 'Server on 1997 running. NodeENV: development  ',
  level: 'info',
  timestamp: '2024-12-10 04:56:16.727 PM'
}
{
  method: 'GET',
  url: '/api/v1/property/666720f01ed8af0105a0d444',
  status: 304,
  response_time: 149.345,
  level: 'http',
  message: 'incoming-request',
  timestamp: '2024-12-10 04:56:29.403 PM'
}
{
  method: 'GET',
  url: '/api/v1/property/?page=1',
  status: 200,
  content_length: '3505',
  response_time: 232.488,
  level: 'http',
  message: 'incoming-request',
  timestamp: '2024-12-10 04:56:29.461 PM'
}
{
  method: 'GET',
  url: '/api/v1/property/666720f01ed8af0105a0d444',
  status: 304,
  response_time: 114.275,
  level: 'http',
  message: 'incoming-request',
  timestamp: '2024-12-10 04:56:41.178 PM'
}
{
  method: 'GET',
  url: '/api/v1/messages/users',
  status: 304,
  response_time: 384.853,
  level: 'http',
  message: 'incoming-request',
  timestamp: '2024-12-10 04:56:41.457 PM'
}
{
  method: 'GET',
  url: '/api/v1/property/?page=1',
  status: 200,
  content_length: '3505',
  response_time: 476.796,
  level: 'http',
  message: 'incoming-request',
  timestamp: '2024-12-10 04:56:41.545 PM'
}
{
  method: 'GET',
  url: '/api/v1/user/profile',
  status: 304,
  response_time: 1880.845,
  level: 'http',
  message: 'incoming-request',
  timestamp: '2024-12-10 04:56:42.967 PM'
}
{
  message: 'Server on 1997 running. NodeENV: development  ',
  level: 'info',
  timestamp: '2024-12-10 04:57:46.677 PM'
}
{
  method: 'GET',
  url: '/api/v1/property/666720f01ed8af0105a0d444',
  status: 304,
  response_time: 1156.895,
  level: 'http',
  message: 'incoming-request',
  timestamp: '2024-12-10 04:57:47.711 PM'
}
{
  method: 'GET',
  url: '/api/v1/property/?page=1',
  status: 200,
  content_length: '3505',
  response_time: 1243.116,
  level: 'http',
  message: 'incoming-request',
  timestamp: '2024-12-10 04:57:47.814 PM'
}
{
  method: 'GET',
  url: '/api/v1/messages/users',
  status: 304,
  response_time: 1327.114,
  level: 'http',
  message: 'incoming-request',
  timestamp: '2024-12-10 04:57:47.954 PM'
}
{
  method: 'GET',
  url: '/api/v1/user/profile',
  status: 304,
  response_time: 3108.184,
  level: 'http',
  message: 'incoming-request',
  timestamp: '2024-12-10 04:57:49.727 PM'
}
{
  method: 'GET',
  url: '/api/v1/property/666720f01ed8af0105a0d444',
  status: 304,
  response_time: 85.598,
  level: 'http',
  message: 'incoming-request',
  timestamp: '2024-12-10 04:57:50.367 PM'
}
{
  method: 'GET',
  url: '/api/v1/property/?page=1',
  status: 200,
  content_length: '3505',
  response_time: 198.032,
  level: 'http',
  message: 'incoming-request',
  timestamp: '2024-12-10 04:57:50.482 PM'
}
{
  method: 'GET',
  url: '/api/v1/user/profile',
  status: 304,
  response_time: 198.597,
  level: 'http',
  message: 'incoming-request',
  timestamp: '2024-12-10 04:57:50.485 PM'
}
{
  method: 'GET',
  url: '/api/v1/messages/users',
  status: 304,
  response_time: 196.936,
  level: 'http',
  message: 'incoming-request',
  timestamp: '2024-12-10 04:57:50.489 PM'
}
{
  message: 'Server on 1997 running. NodeENV: development  ',
  level: 'info',
  timestamp: '2024-12-10 04:58:45.869 PM'
}
{
  message: 'Server on 1997 running. NodeENV: development  ',
  level: 'info',
  timestamp: '2024-12-10 04:59:05.225 PM'
}
{
  method: 'GET',
  url: '/api/v1/property/?page=1',
  status: 200,
  content_length: '3505',
  response_time: 429.363,
  level: 'http',
  message: 'incoming-request',
  timestamp: '2024-12-10 04:59:27.350 PM'
}
{
  method: 'GET',
  url: '/api/v1/user/profile',
  status: 304,
  response_time: 424.426,
  level: 'http',
  message: 'incoming-request',
  timestamp: '2024-12-10 04:59:27.358 PM'
}
{
  method: 'GET',
  url: '/api/v1/messages/users',
  status: 304,
  response_time: 464.848,
  level: 'http',
  message: 'incoming-request',
  timestamp: '2024-12-10 04:59:27.410 PM'
}
{
  message: 'Server on 1997 running. NodeENV: development  ',
  level: 'info',
  timestamp: '2024-12-10 05:00:04.186 PM'
}
{
  method: 'GET',
  url: '/api/v1/user/profile',
  status: 304,
  response_time: 1050.351,
  level: 'http',
  message: 'incoming-request',
  timestamp: '2024-12-10 05:00:05.560 PM'
}
{
  method: 'GET',
  url: '/api/v1/messages/users',
  status: 304,
  response_time: 1070.642,
  level: 'http',
  message: 'incoming-request',
  timestamp: '2024-12-10 05:00:05.593 PM'
}
{
  method: 'GET',
  url: '/api/v1/property/?page=1',
  status: 200,
  content_length: '3505',
  response_time: 1456.754,
  level: 'http',
  message: 'incoming-request',
  timestamp: '2024-12-10 05:00:05.950 PM'
}
{
  message: 'Server on 1997 running. NodeENV: development  ',
  level: 'info',
  timestamp: '2024-12-10 05:05:30.232 PM'
}
{
  method: 'GET',
  url: '/api/v1/user/profile',
  status: 304,
  response_time: 2574.84,
  level: 'http',
  message: 'incoming-request',
  timestamp: '2024-12-10 05:05:30.785 PM'
}
{
  method: 'GET',
  url: '/api/v1/property/?page=1',
  status: 200,
  content_length: '3505',
  response_time: 2767.917,
  level: 'http',
  message: 'incoming-request',
  timestamp: '2024-12-10 05:05:30.941 PM'
}
{
  method: 'GET',
  url: '/api/v1/messages/users',
  status: 304,
  response_time: 2867.637,
  level: 'http',
  message: 'incoming-request',
  timestamp: '2024-12-10 05:05:31.061 PM'
}
{
  message: 'Server on 1997 running. NodeENV: development  ',
  level: 'info',
  timestamp: '2024-12-10 05:10:07.351 PM'
}
{
  method: 'GET',
  url: '/api/v1/property/?page=1',
  status: 200,
  content_length: '3505',
  response_time: 2017.839,
  level: 'http',
  message: 'incoming-request',
  timestamp: '2024-12-10 05:10:09.437 PM'
}
{
  method: 'GET',
  url: '/api/v1/user/profile',
  status: 304,
  response_time: 2658.734,
  level: 'http',
  message: 'incoming-request',
  timestamp: '2024-12-10 05:10:10.084 PM'
}
{
  method: 'GET',
  url: '/api/v1/messages/users',
  status: 304,
  response_time: 2834.847,
  level: 'http',
  message: 'incoming-request',
  timestamp: '2024-12-10 05:10:10.230 PM'
}
{
  message: 'Server on 1997 running. NodeENV: development  ',
  level: 'info',
  timestamp: '2024-12-10 05:12:33.703 PM'
}
{
  method: 'GET',
  url: '/api/v1/property/666720f01ed8af0105a0d444',
  status: 0,
  response_time: '0',
  level: 'http',
  message: 'incoming-request',
  timestamp: '2024-12-10 05:19:39.526 PM'
}
{
  method: 'GET',
  url: '/api/v1/property/?page=1',
  status: 0,
  response_time: '0',
  level: 'http',
  message: 'incoming-request',
  timestamp: '2024-12-10 05:19:39.544 PM'
}
{
  method: 'GET',
  url: '/api/v1/property/666720f01ed8af0105a0d444',
  status: 500,
  content_length: '464',
  response_time: 10009.549,
  level: 'http',
  message: 'incoming-request',
  timestamp: '2024-12-10 05:19:50.112 PM'
}
{
  method: 'GET',
  url: '/api/v1/property/?page=1',
  status: 500,
  content_length: '478',
  response_time: 10033.291,
  level: 'http',
  message: 'incoming-request',
  timestamp: '2024-12-10 05:19:50.140 PM'
}
{
  method: 'GET',
  url: '/api/v1/user/profile',
  status: 403,
  content_length: '9',
  response_time: 10035.907,
  level: 'http',
  message: 'incoming-request',
  timestamp: '2024-12-10 05:19:50.147 PM'
}
{
  method: 'GET',
  url: '/api/v1/messages/users',
  status: 403,
  content_length: '9',
  response_time: 10036.39,
  level: 'http',
  message: 'incoming-request',
  timestamp: '2024-12-10 05:19:50.168 PM'
}
{
  method: 'GET',
  url: '/api/v1/property/666720f01ed8af0105a0d444',
  status: 500,
  content_length: '464',
  response_time: 10017.74,
  level: 'http',
  message: 'incoming-request',
  timestamp: '2024-12-10 05:20:01.999 PM'
}
{
  method: 'GET',
  url: '/api/v1/property/?page=1',
  status: 500,
  content_length: '478',
  response_time: 10031.999,
  level: 'http',
  message: 'incoming-request',
  timestamp: '2024-12-10 05:20:02.010 PM'
}
{
  method: 'GET',
  url: '/api/v1/user/profile',
  status: 403,
  content_length: '9',
  response_time: 10035.948,
  level: 'http',
  message: 'incoming-request',
  timestamp: '2024-12-10 05:20:02.017 PM'
}
{
  method: 'GET',
  url: '/api/v1/messages/users',
  status: 403,
  content_length: '9',
  response_time: 10040.832,
  level: 'http',
  message: 'incoming-request',
  timestamp: '2024-12-10 05:20:02.031 PM'
}
{
  message: 'Server on 1997 running. NodeENV: development  ',
  level: 'info',
  timestamp: '2024-12-10 05:20:05.760 PM'
}
{
  method: 'GET',
  url: '/api/v1/property/666720f01ed8af0105a0d444',
  status: 200,
  content_length: '647',
  response_time: 4163.252,
  level: 'http',
  message: 'incoming-request',
  timestamp: '2024-12-10 05:20:09.269 PM'
}
{
  method: 'GET',
  url: '/api/v1/user/profile',
  status: 200,
  content_length: '1760',
  response_time: 4201.38,
  level: 'http',
  message: 'incoming-request',
  timestamp: '2024-12-10 05:20:09.338 PM'
}
{
  method: 'GET',
  url: '/api/v1/property/?page=1',
  status: 200,
  content_length: '3505',
  response_time: 5176.604,
  level: 'http',
  message: 'incoming-request',
  timestamp: '2024-12-10 05:20:10.289 PM'
}
{
  method: 'GET',
  url: '/api/v1/messages/users',
  status: 200,
  content_length: '1233',
  response_time: 5382.851,
  level: 'http',
  message: 'incoming-request',
  timestamp: '2024-12-10 05:20:10.556 PM'
}
{
  message: 'Server on 1997 running. NodeENV: development  ',
  level: 'info',
  timestamp: '2024-12-10 05:24:16.417 PM'
}
{
  message: 'Server on 1997 running. NodeENV: development  ',
  level: 'info',
  timestamp: '2024-12-10 05:25:05.001 PM'
}
{
  method: 'GET',
  url: '/api/v1/property/666720f01ed8af0105a0d444',
  status: 304,
  response_time: 2707.008,
  level: 'http',
  message: 'incoming-request',
  timestamp: '2024-12-10 05:25:09.408 PM'
}
{
  method: 'GET',
  url: '/api/v1/messages/users',
  status: 304,
  response_time: 7442.698,
  level: 'http',
  message: 'incoming-request',
  timestamp: '2024-12-10 05:25:14.182 PM'
}
{
  method: 'GET',
  url: '/api/v1/property/?page=1',
  status: 0,
  response_time: '0',
  level: 'http',
  message: 'incoming-request',
  timestamp: '2024-12-10 05:25:21.517 PM'
}
{
  method: 'GET',
  url: '/api/v1/user/profile',
  status: 0,
  response_time: '0',
  level: 'http',
  message: 'incoming-request',
  timestamp: '2024-12-10 05:25:21.519 PM'
}
{
  method: 'GET',
  url: '/api/v1/property/666720f01ed8af0105a0d444',
  status: 304,
  response_time: 2674.035,
  level: 'http',
  message: 'incoming-request',
  timestamp: '2024-12-10 05:25:26.225 PM'
}
{
  method: 'GET',
  url: '/api/v1/user/profile',
  status: 200,
  content_length: '1760',
  response_time: 4005.78,
  level: 'http',
  message: 'incoming-request',
  timestamp: '2024-12-10 05:25:27.569 PM'
}
{
  method: 'GET',
  url: '/api/v1/messages/users',
  status: 304,
  response_time: 4589.767,
  level: 'http',
  message: 'incoming-request',
  timestamp: '2024-12-10 05:25:28.210 PM'
}
{
  method: 'GET',
  url: '/api/v1/property/?page=1',
  status: 200,
  content_length: '3505',
  response_time: 4663.527,
  level: 'http',
  message: 'incoming-request',
  timestamp: '2024-12-10 05:25:28.220 PM'
}
{
  method: 'GET',
  url: '/api/v1/property/666720f01ed8af0105a0d444',
  status: 500,
  content_length: '464',
  response_time: 10038.684,
  level: 'http',
  message: 'incoming-request',
  timestamp: '2024-12-10 05:27:40.151 PM'
}
{
  method: 'GET',
  url: '/api/v1/property/?page=1',
  status: 500,
  content_length: '478',
  response_time: 10147.838,
  level: 'http',
  message: 'incoming-request',
  timestamp: '2024-12-10 05:27:40.180 PM'
}
{
  method: 'GET',
  url: '/api/v1/user/profile',
  status: 403,
  content_length: '9',
  response_time: 10150.008,
  level: 'http',
  message: 'incoming-request',
  timestamp: '2024-12-10 05:27:40.227 PM'
}
{
  method: 'GET',
  url: '/api/v1/messages/users',
  status: 403,
  content_length: '9',
  response_time: 10184.458,
  level: 'http',
  message: 'incoming-request',
  timestamp: '2024-12-10 05:27:40.233 PM'
}
{
  method: 'GET',
  url: '/api/v1/property/666720f01ed8af0105a0d444',
  status: 500,
  content_length: '464',
  response_time: 10016.933,
  level: 'http',
  message: 'incoming-request',
  timestamp: '2024-12-10 05:27:53.235 PM'
}
{
  method: 'GET',
  url: '/api/v1/property/?page=1',
  status: 500,
  content_length: '478',
  response_time: 10034.857,
  level: 'http',
  message: 'incoming-request',
  timestamp: '2024-12-10 05:27:53.254 PM'
}
{
  method: 'GET',
  url: '/api/v1/user/profile',
  status: 403,
  content_length: '9',
  response_time: 10040.429,
  level: 'http',
  message: 'incoming-request',
  timestamp: '2024-12-10 05:27:53.262 PM'
}
{
  method: 'GET',
  url: '/api/v1/messages/users',
  status: 403,
  content_length: '9',
  response_time: 10051.209,
  level: 'http',
  message: 'incoming-request',
  timestamp: '2024-12-10 05:27:53.280 PM'
}
{
  message: 'Server on 1997 running. NodeENV: development  ',
  level: 'info',
  timestamp: '2024-12-10 05:28:08.428 PM'
}
{
  method: 'GET',
  url: '/api/v1/property/?page=1',
  status: 200,
  content_length: '3505',
  response_time: 1232.862,
  level: 'http',
  message: 'incoming-request',
  timestamp: '2024-12-10 05:28:10.505 PM'
}
{
  method: 'GET',
  url: '/api/v1/property/666720f01ed8af0105a0d444',
  status: 200,
  content_length: '647',
  response_time: 2027.499,
  level: 'http',
  message: 'incoming-request',
  timestamp: '2024-12-10 05:28:11.289 PM'
}
{
  method: 'GET',
  url: '/api/v1/property/666720f01ed8af0105a0d444',
  status: 500,
  content_length: '464',
  response_time: 10026.143,
  level: 'http',
  message: 'incoming-request',
  timestamp: '2024-12-10 05:28:48.380 PM'
}
{
  method: 'GET',
  url: '/api/v1/property/?page=1',
  status: 500,
  content_length: '478',
  response_time: 10051.463,
  level: 'http',
  message: 'incoming-request',
  timestamp: '2024-12-10 05:28:48.399 PM'
}
{
  method: 'GET',
  url: '/api/v1/messages/users',
  status: 403,
  content_length: '9',
  response_time: 10056.594,
  level: 'http',
  message: 'incoming-request',
  timestamp: '2024-12-10 05:28:48.407 PM'
}
{
  method: 'GET',
  url: '/api/v1/user/profile',
  status: 403,
  content_length: '9',
  response_time: 10053.824,
  level: 'http',
  message: 'incoming-request',
  timestamp: '2024-12-10 05:28:48.415 PM'
}
{
  message: 'Server on 1997 running. NodeENV: development  ',
  level: 'info',
  timestamp: '2024-12-10 05:28:59.328 PM'
}
{
  message: 'Server on 1997 running. NodeENV: development  ',
  level: 'info',
  timestamp: '2024-12-10 05:30:46.159 PM'
}
{
  method: 'GET',
  url: '/api/v1/property/666720f01ed8af0105a0d444',
  status: 200,
  content_length: '647',
  response_time: 177.17,
  level: 'http',
  message: 'incoming-request',
  timestamp: '2024-12-10 05:31:11.882 PM'
}
{
  method: 'GET',
  url: '/api/v1/user/profile',
  status: 200,
  content_length: '1760',
  response_time: 373.054,
  level: 'http',
  message: 'incoming-request',
  timestamp: '2024-12-10 05:31:12.103 PM'
}
{
  method: 'GET',
  url: '/api/v1/property/?page=1',
  status: 200,
  content_length: '3505',
  response_time: 370.865,
  level: 'http',
  message: 'incoming-request',
  timestamp: '2024-12-10 05:31:12.118 PM'
}
{
  method: 'GET',
  url: '/api/v1/messages/users',
  status: 200,
  content_length: '1233',
  response_time: 1255.684,
  level: 'http',
  message: 'incoming-request',
  timestamp: '2024-12-10 05:31:13.012 PM'
}
{
  message: 'Server on 1997 running. NodeENV: development  ',
  level: 'info',
  timestamp: '2024-12-10 05:32:25.758 PM'
}
{
  method: 'GET',
  url: '/api/v1/property/666720f01ed8af0105a0d444',
  status: 304,
  response_time: 114.311,
  level: 'http',
  message: 'incoming-request',
  timestamp: '2024-12-10 05:32:32.228 PM'
}
{
  method: 'GET',
  url: '/api/v1/property/?page=1',
  status: 200,
  content_length: '3505',
  response_time: 229.143,
  level: 'http',
  message: 'incoming-request',
  timestamp: '2024-12-10 05:32:32.359 PM'
}
{
  method: 'GET',
  url: '/api/v1/user/profile',
  status: 304,
  response_time: 240.331,
  level: 'http',
  message: 'incoming-request',
  timestamp: '2024-12-10 05:32:32.379 PM'
}
{
  method: 'GET',
  url: '/api/v1/messages/users',
  status: 304,
  response_time: 783.038,
  level: 'http',
  message: 'incoming-request',
  timestamp: '2024-12-10 05:32:32.933 PM'
}
{
  message: 'Server on 1997 running. NodeENV: development  ',
  level: 'info',
  timestamp: '2024-12-10 05:33:19.060 PM'
}
{
  method: 'GET',
  url: '/api/v1/property/666720f01ed8af0105a0d444',
  status: 304,
  response_time: 263.197,
  level: 'http',
  message: 'incoming-request',
  timestamp: '2024-12-10 05:34:01.389 PM'
}
{
  method: 'GET',
  url: '/api/v1/user/profile',
  status: 304,
  response_time: 671.149,
  level: 'http',
  message: 'incoming-request',
  timestamp: '2024-12-10 05:34:01.814 PM'
}
{
  method: 'GET',
  url: '/api/v1/property/?page=1',
  status: 200,
  content_length: '3505',
  response_time: 890.503,
  level: 'http',
  message: 'incoming-request',
  timestamp: '2024-12-10 05:34:02.045 PM'
}
{
  method: 'GET',
  url: '/api/v1/messages/users',
  status: 304,
  response_time: 2016.08,
  level: 'http',
  message: 'incoming-request',
  timestamp: '2024-12-10 05:34:03.181 PM'
}
{
  message: 'Server on 1997 running. NodeENV: development  ',
  level: 'info',
  timestamp: '2024-12-10 05:34:42.666 PM'
}
{
  method: 'GET',
  url: '/api/v1/property/666720f01ed8af0105a0d444',
  status: 304,
  response_time: 118.254,
  level: 'http',
  message: 'incoming-request',
  timestamp: '2024-12-10 05:34:45.765 PM'
}
{
  method: 'GET',
  url: '/api/v1/user/profile',
  status: 304,
  response_time: 350.016,
  level: 'http',
  message: 'incoming-request',
  timestamp: '2024-12-10 05:34:46.083 PM'
}
{
  method: 'GET',
  url: '/api/v1/messages/users',
  status: 304,
  response_time: 368.086,
  level: 'http',
  message: 'incoming-request',
  timestamp: '2024-12-10 05:34:46.090 PM'
}
{
  method: 'GET',
  url: '/api/v1/property/?page=1',
  status: 200,
  content_length: '3505',
  response_time: 1550.452,
  level: 'http',
  message: 'incoming-request',
  timestamp: '2024-12-10 05:34:47.291 PM'
}
{
  message: 'Server on 1997 running. NodeENV: development  ',
  level: 'info',
  timestamp: '2024-12-10 05:36:35.097 PM'
}
{
  method: 'GET',
  url: '/api/v1/property/666720f01ed8af0105a0d444',
  status: 304,
  response_time: 264.56,
  level: 'http',
  message: 'incoming-request',
  timestamp: '2024-12-10 05:36:42.046 PM'
}
{
  method: 'GET',
  url: '/api/v1/property/?page=1',
  status: 200,
  content_length: '3505',
  response_time: 493.583,
  level: 'http',
  message: 'incoming-request',
  timestamp: '2024-12-10 05:36:42.302 PM'
}
{
  method: 'GET',
  url: '/api/v1/user/profile',
  status: 304,
  response_time: 520.574,
  level: 'http',
  message: 'incoming-request',
  timestamp: '2024-12-10 05:36:42.336 PM'
}
{
  method: 'GET',
  url: '/api/v1/messages/users',
  status: 304,
  response_time: 1033.509,
  level: 'http',
  message: 'incoming-request',
  timestamp: '2024-12-10 05:36:42.895 PM'
}
{
  message: 'Server on 1997 running. NodeENV: development  ',
  level: 'info',
  timestamp: '2024-12-10 05:37:23.247 PM'
}
{
  message: 'Server on 1997 running. NodeENV: development  ',
  level: 'info',
  timestamp: '2024-12-10 05:38:29.499 PM'
}
{
  method: 'GET',
  url: '/api/v1/property/666720f01ed8af0105a0d444',
  status: 304,
  response_time: 420.983,
  level: 'http',
  message: 'incoming-request',
  timestamp: '2024-12-10 05:38:34.639 PM'
}
{
  method: 'GET',
  url: '/api/v1/user/profile',
  status: 304,
  response_time: 646.447,
  level: 'http',
  message: 'incoming-request',
  timestamp: '2024-12-10 05:38:34.786 PM'
}
{
  method: 'GET',
  url: '/api/v1/property/?page=1',
  status: 200,
  content_length: '3505',
  response_time: 557.421,
  level: 'http',
  message: 'incoming-request',
  timestamp: '2024-12-10 05:38:34.812 PM'
}
{
  method: 'GET',
  url: '/api/v1/messages/users',
  status: 304,
  response_time: 1322.374,
  level: 'http',
  message: 'incoming-request',
  timestamp: '2024-12-10 05:38:35.598 PM'
}
{
  message: 'Server on 1997 running. NodeENV: development  ',
  level: 'info',
  timestamp: '2024-12-10 05:39:50.899 PM'
}
{
  method: 'GET',
  url: '/api/v1/property/666720f01ed8af0105a0d444',
  status: 304,
  response_time: 1066.08,
  level: 'http',
  message: 'incoming-request',
  timestamp: '2024-12-10 05:39:53.354 PM'
}
{
  method: 'GET',
  url: '/api/v1/messages/users',
  status: 304,
  response_time: 1853.503,
  level: 'http',
  message: 'incoming-request',
  timestamp: '2024-12-10 05:39:54.233 PM'
}
{
  method: 'GET',
  url: '/api/v1/property/?page=1',
  status: 200,
  content_length: '3505',
  response_time: 3929.713,
  level: 'http',
  message: 'incoming-request',
  timestamp: '2024-12-10 05:39:56.232 PM'
}
{
  method: 'GET',
  url: '/api/v1/user/profile',
  status: 0,
  response_time: '0',
  level: 'http',
  message: 'incoming-request',
  timestamp: '2024-12-10 05:39:56.467 PM'
}
{
  method: 'GET',
  url: '/api/v1/user/profile',
  status: 200,
  content_length: '1760',
  response_time: 314.276,
  level: 'http',
  message: 'incoming-request',
  timestamp: '2024-12-10 05:39:58.559 PM'
}
{
  method: 'GET',
  url: '/api/v1/property/666720f01ed8af0105a0d444',
  status: 304,
  response_time: 200.105,
  level: 'http',
  message: 'incoming-request',
  timestamp: '2024-12-10 05:39:58.564 PM'
}
{
  method: 'GET',
  url: '/api/v1/property/?page=1',
  status: 200,
  content_length: '3505',
  response_time: 286.181,
  level: 'http',
  message: 'incoming-request',
  timestamp: '2024-12-10 05:39:58.654 PM'
}
{
  method: 'GET',
  url: '/api/v1/messages/users',
  status: 304,
  response_time: 287.313,
  level: 'http',
  message: 'incoming-request',
  timestamp: '2024-12-10 05:39:58.658 PM'
}
{
  message: 'Server on 1997 running. NodeENV: development  ',
  level: 'info',
  timestamp: '2024-12-10 05:40:49.843 PM'
}
{
  method: 'GET',
  url: '/api/v1/property/666720f01ed8af0105a0d444',
  status: 304,
  response_time: 3148.044,
  level: 'http',
  message: 'incoming-request',
  timestamp: '2024-12-10 05:40:50.826 PM'
}
{
  method: 'GET',
  url: '/api/v1/property/?page=1',
  status: 200,
  content_length: '3505',
  response_time: 3183.394,
  level: 'http',
  message: 'incoming-request',
  timestamp: '2024-12-10 05:40:50.889 PM'
}
{
  method: 'GET',
  url: '/api/v1/messages/users',
  status: 304,
  response_time: 3204.102,
  level: 'http',
  message: 'incoming-request',
  timestamp: '2024-12-10 05:40:50.971 PM'
}
{
  method: 'GET',
  url: '/api/v1/user/profile',
  status: 304,
  response_time: 3553.178,
  level: 'http',
  message: 'incoming-request',
  timestamp: '2024-12-10 05:40:51.310 PM'
}
{
  message: 'Server on 1997 running. NodeENV: development  ',
  level: 'info',
  timestamp: '2024-12-10 05:41:24.579 PM'
}
{
  method: 'GET',
  url: '/api/v1/property/666720f01ed8af0105a0d444',
  status: 304,
  response_time: 966.725,
  level: 'http',
  message: 'incoming-request',
  timestamp: '2024-12-10 05:41:36.502 PM'
}
{
  method: 'GET',
  url: '/api/v1/property/?page=1',
  status: 200,
  content_length: '3505',
  response_time: 1251.545,
  level: 'http',
  message: 'incoming-request',
  timestamp: '2024-12-10 05:41:36.814 PM'
}
{
  method: 'GET',
  url: '/api/v1/user/profile',
  status: 304,
  response_time: 1250.043,
  level: 'http',
  message: 'incoming-request',
  timestamp: '2024-12-10 05:41:36.819 PM'
}
{
  method: 'GET',
  url: '/api/v1/messages/users',
  status: 304,
  response_time: 1664.745,
  level: 'http',
  message: 'incoming-request',
  timestamp: '2024-12-10 05:41:37.248 PM'
}
{
  method: 'GET',
  url: '/api/v1/user/profile',
  status: 401,
  content_length: '26',
  response_time: 0.677,
  level: 'http',
  message: 'incoming-request',
  timestamp: '2024-12-10 05:42:24.594 PM'
}
{
  method: 'GET',
  url: '/api/v1/messages/users',
  status: 401,
  content_length: '26',
  response_time: 0.467,
  level: 'http',
  message: 'incoming-request',
  timestamp: '2024-12-10 05:42:24.599 PM'
}
{
  method: 'GET',
  url: '/api/v1/property/666720f01ed8af0105a0d444',
  status: 200,
  content_length: '647',
  response_time: 95.8,
  level: 'http',
  message: 'incoming-request',
  timestamp: '2024-12-10 05:42:24.605 PM'
}
{
  method: 'GET',
  url: '/api/v1/property/?page=1',
  status: 200,
  content_length: '3505',
  response_time: 188.962,
  level: 'http',
  message: 'incoming-request',
  timestamp: '2024-12-10 05:42:24.709 PM'
}
{
  method: 'POST',
  url: '/api/v1/auth/login',
  status: 200,
  content_length: '433',
  response_time: 787.16,
  level: 'http',
  message: 'incoming-request',
  timestamp: '2024-12-10 05:42:49.022 PM'
}
{
  method: 'GET',
  url: '/api/v1/user/profile',
  status: 200,
  content_length: '1023',
  response_time: 181.066,
  level: 'http',
  message: 'incoming-request',
  timestamp: '2024-12-10 05:42:49.756 PM'
}
{
  method: 'GET',
  url: '/api/v1/property/666720f01ed8af0105a0d444',
  status: 304,
  response_time: 83.47,
  level: 'http',
  message: 'incoming-request',
  timestamp: '2024-12-10 06:03:07.293 PM'
}
{
  method: 'GET',
  url: '/api/v1/user/profile',
  status: 304,
  response_time: 173.317,
  level: 'http',
  message: 'incoming-request',
  timestamp: '2024-12-10 06:03:07.402 PM'
}
{
  method: 'GET',
  url: '/api/v1/property/?page=1',
  status: 200,
  content_length: '3505',
  response_time: 186.764,
  level: 'http',
  message: 'incoming-request',
  timestamp: '2024-12-10 06:03:07.410 PM'
}
{
  method: 'GET',
  url: '/api/v1/messages/users',
  status: 200,
  content_length: '1233',
  response_time: 175.456,
  level: 'http',
  message: 'incoming-request',
  timestamp: '2024-12-10 06:03:07.415 PM'
}
{
  method: 'GET',
  url: '/api/v1/property/666720f01ed8af0105a0d444',
  status: 304,
  response_time: 82.857,
  level: 'http',
  message: 'incoming-request',
  timestamp: '2024-12-10 06:03:11.040 PM'
}
{
  method: 'GET',
  url: '/api/v1/property/?page=1',
  status: 200,
  content_length: '3505',
  response_time: 174.801,
  level: 'http',
  message: 'incoming-request',
  timestamp: '2024-12-10 06:03:11.137 PM'
}
{
  method: 'GET',
  url: '/api/v1/messages/users',
  status: 200,
  content_length: '1274',
  response_time: 170.593,
  level: 'http',
  message: 'incoming-request',
  timestamp: '2024-12-10 06:03:11.142 PM'
}
{
  method: 'GET',
  url: '/api/v1/user/profile',
  status: 304,
  response_time: 180.381,
  level: 'http',
  message: 'incoming-request',
  timestamp: '2024-12-10 06:03:11.145 PM'
}
{
  method: 'GET',
  url: '/api/v1/property/666720f01ed8af0105a0d444',
  status: 304,
  response_time: 125.178,
  level: 'http',
  message: 'incoming-request',
  timestamp: '2024-12-10 06:05:34.687 PM'
}
{
  method: 'GET',
  url: '/api/v1/property/?page=1',
  status: 200,
  content_length: '3505',
  response_time: 342.13,
  level: 'http',
  message: 'incoming-request',
  timestamp: '2024-12-10 06:05:34.908 PM'
}
{
  method: 'GET',
  url: '/api/v1/user/profile',
  status: 304,
  response_time: 345.988,
  level: 'http',
  message: 'incoming-request',
  timestamp: '2024-12-10 06:05:34.914 PM'
}
{
  method: 'GET',
  url: '/api/v1/messages/users',
  status: 304,
  response_time: 527.689,
  level: 'http',
  message: 'incoming-request',
  timestamp: '2024-12-10 06:05:35.100 PM'
}
{
  method: 'GET',
  url: '/api/v1/messages/67332bd4d9712b8ece95774a',
  status: 200,
  content_length: '566',
  response_time: 312.051,
  level: 'http',
  message: 'incoming-request',
  timestamp: '2024-12-10 06:05:38.656 PM'
}
{
  method: 'GET',
  url: '/api/v1/messages/6738b0d3bc69a50643663670',
  status: 200,
  content_length: '339',
  response_time: 225.539,
  level: 'http',
  message: 'incoming-request',
  timestamp: '2024-12-10 06:05:41.205 PM'
}
{
  method: 'GET',
  url: '/api/v1/property/666720f01ed8af0105a0d444',
  status: 304,
  response_time: 73.527,
  level: 'http',
  message: 'incoming-request',
  timestamp: '2024-12-10 06:06:03.301 PM'
}
{
  method: 'GET',
  url: '/api/v1/property/?page=1',
  status: 200,
  content_length: '3505',
  response_time: 171.115,
  level: 'http',
  message: 'incoming-request',
  timestamp: '2024-12-10 06:06:03.413 PM'
}
{
  method: 'GET',
  url: '/api/v1/user/profile',
  status: 304,
  response_time: 184.271,
  level: 'http',
  message: 'incoming-request',
  timestamp: '2024-12-10 06:06:03.431 PM'
}
{
  method: 'GET',
  url: '/api/v1/messages/users',
  status: 304,
  response_time: 206.328,
  level: 'http',
  message: 'incoming-request',
  timestamp: '2024-12-10 06:06:03.465 PM'
}
{
  message: 'Server on 1997 running. NodeENV: development  ',
  level: 'info',
  timestamp: '2024-12-10 06:07:42.799 PM'
}
{
  message: 'Server on 1997 running. NodeENV: development  ',
  level: 'info',
  timestamp: '2024-12-10 06:09:45.454 PM'
}
{
  message: 'Server on 1997 running. NodeENV: development  ',
  level: 'info',
  timestamp: '2024-12-10 06:10:45.315 PM'
}
{
  method: 'GET',
  url: '/api/v1/property/666720f01ed8af0105a0d444',
  status: 304,
  response_time: 247.88,
  level: 'http',
  message: 'incoming-request',
  timestamp: '2024-12-10 06:11:30.203 PM'
}
{
  method: 'GET',
  url: '/api/v1/property/?page=1',
  status: 200,
  content_length: '3505',
  response_time: 347.171,
  level: 'http',
  message: 'incoming-request',
  timestamp: '2024-12-10 06:11:30.314 PM'
}
{
  method: 'GET',
  url: '/api/v1/user/profile',
  status: 304,
  response_time: 357.891,
  level: 'http',
  message: 'incoming-request',
  timestamp: '2024-12-10 06:11:30.325 PM'
}
{
  method: 'GET',
  url: '/api/v1/messages/users',
  status: 304,
  response_time: 1057.774,
  level: 'http',
  message: 'incoming-request',
  timestamp: '2024-12-10 06:11:31.036 PM'
}
{
  method: 'GET',
  url: '/api/v1/messages/6738b0d3bc69a50643663670',
  status: 304,
  response_time: 258.79,
  level: 'http',
  message: 'incoming-request',
  timestamp: '2024-12-10 06:11:36.473 PM'
}
{
  method: 'GET',
  url: '/api/v1/messages/67332bd4d9712b8ece95774a',
  status: 304,
  response_time: 251.307,
  level: 'http',
  message: 'incoming-request',
  timestamp: '2024-12-10 06:11:39.449 PM'
}
{
  message: 'Server on 1997 running. NodeENV: development  ',
  level: 'info',
  timestamp: '2024-12-10 06:12:52.483 PM'
}
{
  method: 'GET',
  url: '/api/v1/property/666720f01ed8af0105a0d444',
  status: 304,
  response_time: 132.33,
  level: 'http',
  message: 'incoming-request',
  timestamp: '2024-12-10 06:14:19.856 PM'
}
{
  method: 'GET',
  url: '/api/v1/property/?page=1',
  status: 200,
  content_length: '3505',
  response_time: 263.669,
  level: 'http',
  message: 'incoming-request',
  timestamp: '2024-12-10 06:14:19.989 PM'
}
{
  method: 'GET',
  url: '/api/v1/user/profile',
  status: 304,
  response_time: 285.382,
  level: 'http',
  message: 'incoming-request',
  timestamp: '2024-12-10 06:14:20.014 PM'
}
{
  method: 'GET',
  url: '/api/v1/messages/users',
  status: 304,
  response_time: 844.367,
  level: 'http',
  message: 'incoming-request',
  timestamp: '2024-12-10 06:14:20.591 PM'
}
{
  error: TypeError: Cannot destructure property '_id' of 'data' as it is null.
      at Socket.<anonymous> (C:\Users\Admin\Desktop\Projects\mern-ts\backend\socket\socket.ts:73:17)
      at Socket.emit (node:events:519:28)
      at Socket.emit (node:domain:488:12)
      at Socket.emitUntyped (C:\Users\Admin\Desktop\Projects\mern-ts\node_modules\socket.io\dist\typed-events.js:69:22)
      at C:\Users\Admin\Desktop\Projects\mern-ts\node_modules\socket.io\dist\socket.js:697:39
      at processTicksAndRejections (node:internal/process/task_queues:77:11),
  level: 'error',
  message: "unhandledRejection: Cannot destructure property '_id' of 'data' as it is null.\n" +
    "TypeError: Cannot destructure property '_id' of 'data' as it is null.\n" +
    '    at Socket.<anonymous> (C:\\Users\\Admin\\Desktop\\Projects\\mern-ts\\backend\\socket\\socket.ts:73:17)\n' +
    '    at Socket.emit (node:events:519:28)\n' +
    '    at Socket.emit (node:domain:488:12)\n' +
    '    at Socket.emitUntyped (C:\\Users\\Admin\\Desktop\\Projects\\mern-ts\\node_modules\\socket.io\\dist\\typed-events.js:69:22)\n' +
    '    at C:\\Users\\Admin\\Desktop\\Projects\\mern-ts\\node_modules\\socket.io\\dist\\socket.js:697:39\n' +
    '    at processTicksAndRejections (node:internal/process/task_queues:77:11)',
  stack: "TypeError: Cannot destructure property '_id' of 'data' as it is null.\n" +
    '    at Socket.<anonymous> (C:\\Users\\Admin\\Desktop\\Projects\\mern-ts\\backend\\socket\\socket.ts:73:17)\n' +
    '    at Socket.emit (node:events:519:28)\n' +
    '    at Socket.emit (node:domain:488:12)\n' +
    '    at Socket.emitUntyped (C:\\Users\\Admin\\Desktop\\Projects\\mern-ts\\node_modules\\socket.io\\dist\\typed-events.js:69:22)\n' +
    '    at C:\\Users\\Admin\\Desktop\\Projects\\mern-ts\\node_modules\\socket.io\\dist\\socket.js:697:39\n' +
    '    at processTicksAndRejections (node:internal/process/task_queues:77:11)',
  rejection: true,
  date: 'Tue Dec 10 2024 18:14:26 GMT+0200 (Eastern European Standard Time)',
  process: {
    pid: 1664,
    uid: null,
    gid: null,
    cwd: 'C:\\Users\\Admin\\Desktop\\Projects\\mern-ts',
    execPath: 'C:\\Program Files\\nodejs\\node.exe',
    version: 'v20.14.0',
    argv: [
      'C:\\Users\\Admin\\Desktop\\Projects\\mern-ts\\node_modules\\ts-node\\dist\\bin.js',
      'C:\\Users\\Admin\\Desktop\\Projects\\mern-ts\\backend\\server.ts'
    ],
    memoryUsage: {
      rss: 390348800,
      heapTotal: 337670144,
      heapUsed: 326987520,
      external: 25003713,
      arrayBuffers: 21968632
    }
  },
  os: { loadavg: [ 0, 0, 0 ], uptime: 5161.39 },
  trace: [
    {
      column: 17,
      file: 'C:\\Users\\Admin\\Desktop\\Projects\\mern-ts\\backend\\socket\\socket.ts',
      function: null,
      line: 73,
      method: null,
      native: false
    },
    {
      column: 28,
      file: 'node:events',
      function: 'Socket.emit',
      line: 519,
      method: 'emit',
      native: false
    },
    {
      column: 12,
      file: 'node:domain',
      function: 'Socket.emit',
      line: 488,
      method: 'emit',
      native: false
    },
    {
      column: 22,
      file: 'C:\\Users\\Admin\\Desktop\\Projects\\mern-ts\\node_modules\\socket.io\\dist\\typed-events.js',
      function: 'Socket.emitUntyped',
      line: 69,
      method: 'emitUntyped',
      native: false
    },
    {
      column: 39,
      file: 'C:\\Users\\Admin\\Desktop\\Projects\\mern-ts\\node_modules\\socket.io\\dist\\socket.js',
      function: null,
      line: 697,
      method: null,
      native: false
    },
    {
      column: 11,
      file: 'node:internal/process/task_queues',
      function: 'processTicksAndRejections',
      line: 77,
      method: null,
      native: false
    }
  ],
  timestamp: '2024-12-10 06:14:26.668 PM'
}
{
  error: TypeError: Cannot destructure property '_id' of 'data' as it is null.
      at Socket.<anonymous> (C:\Users\Admin\Desktop\Projects\mern-ts\backend\socket\socket.ts:73:17)
      at Socket.emit (node:events:519:28)
      at Socket.emit (node:domain:488:12)
      at Socket.emitUntyped (C:\Users\Admin\Desktop\Projects\mern-ts\node_modules\socket.io\dist\typed-events.js:69:22)
      at C:\Users\Admin\Desktop\Projects\mern-ts\node_modules\socket.io\dist\socket.js:697:39
      at processTicksAndRejections (node:internal/process/task_queues:77:11),
  level: 'error',
  message: "unhandledRejection: Cannot destructure property '_id' of 'data' as it is null.\n" +
    "TypeError: Cannot destructure property '_id' of 'data' as it is null.\n" +
    '    at Socket.<anonymous> (C:\\Users\\Admin\\Desktop\\Projects\\mern-ts\\backend\\socket\\socket.ts:73:17)\n' +
    '    at Socket.emit (node:events:519:28)\n' +
    '    at Socket.emit (node:domain:488:12)\n' +
    '    at Socket.emitUntyped (C:\\Users\\Admin\\Desktop\\Projects\\mern-ts\\node_modules\\socket.io\\dist\\typed-events.js:69:22)\n' +
    '    at C:\\Users\\Admin\\Desktop\\Projects\\mern-ts\\node_modules\\socket.io\\dist\\socket.js:697:39\n' +
    '    at processTicksAndRejections (node:internal/process/task_queues:77:11)',
  stack: "TypeError: Cannot destructure property '_id' of 'data' as it is null.\n" +
    '    at Socket.<anonymous> (C:\\Users\\Admin\\Desktop\\Projects\\mern-ts\\backend\\socket\\socket.ts:73:17)\n' +
    '    at Socket.emit (node:events:519:28)\n' +
    '    at Socket.emit (node:domain:488:12)\n' +
    '    at Socket.emitUntyped (C:\\Users\\Admin\\Desktop\\Projects\\mern-ts\\node_modules\\socket.io\\dist\\typed-events.js:69:22)\n' +
    '    at C:\\Users\\Admin\\Desktop\\Projects\\mern-ts\\node_modules\\socket.io\\dist\\socket.js:697:39\n' +
    '    at processTicksAndRejections (node:internal/process/task_queues:77:11)',
  rejection: true,
  date: 'Tue Dec 10 2024 18:15:14 GMT+0200 (Eastern European Standard Time)',
  process: {
    pid: 1528,
    uid: null,
    gid: null,
    cwd: 'C:\\Users\\Admin\\Desktop\\Projects\\mern-ts',
    execPath: 'C:\\Program Files\\nodejs\\node.exe',
    version: 'v20.14.0',
    argv: [
      'C:\\Users\\Admin\\Desktop\\Projects\\mern-ts\\node_modules\\ts-node\\dist\\bin.js',
      'C:\\Users\\Admin\\Desktop\\Projects\\mern-ts\\backend\\server.ts'
    ],
    memoryUsage: {
      rss: 439005184,
      heapTotal: 382177280,
      heapUsed: 349961752,
      external: 24915137,
      arrayBuffers: 21877460
    }
  },
  os: { loadavg: [ 0, 0, 0 ], uptime: 5209.343 },
  trace: [
    {
      column: 17,
      file: 'C:\\Users\\Admin\\Desktop\\Projects\\mern-ts\\backend\\socket\\socket.ts',
      function: null,
      line: 73,
      method: null,
      native: false
    },
    {
      column: 28,
      file: 'node:events',
      function: 'Socket.emit',
      line: 519,
      method: 'emit',
      native: false
    },
    {
      column: 12,
      file: 'node:domain',
      function: 'Socket.emit',
      line: 488,
      method: 'emit',
      native: false
    },
    {
      column: 22,
      file: 'C:\\Users\\Admin\\Desktop\\Projects\\mern-ts\\node_modules\\socket.io\\dist\\typed-events.js',
      function: 'Socket.emitUntyped',
      line: 69,
      method: 'emitUntyped',
      native: false
    },
    {
      column: 39,
      file: 'C:\\Users\\Admin\\Desktop\\Projects\\mern-ts\\node_modules\\socket.io\\dist\\socket.js',
      function: null,
      line: 697,
      method: null,
      native: false
    },
    {
      column: 11,
      file: 'node:internal/process/task_queues',
      function: 'processTicksAndRejections',
      line: 77,
      method: null,
      native: false
    }
  ],
  timestamp: '2024-12-10 06:15:14.614 PM'
}
{
  message: 'Server on 1997 running. NodeENV: development  ',
  level: 'info',
  timestamp: '2024-12-10 06:15:47.241 PM'
}
{
  error: TypeError: Cannot destructure property '_id' of 'data' as it is null.
      at Socket.<anonymous> (C:\Users\Admin\Desktop\Projects\mern-ts\backend\socket\socket.ts:73:17)
      at Socket.emit (node:events:519:28)
      at Socket.emit (node:domain:488:12)
      at Socket.emitUntyped (C:\Users\Admin\Desktop\Projects\mern-ts\node_modules\socket.io\dist\typed-events.js:69:22)
      at C:\Users\Admin\Desktop\Projects\mern-ts\node_modules\socket.io\dist\socket.js:697:39
      at processTicksAndRejections (node:internal/process/task_queues:77:11),
  level: 'error',
  message: "unhandledRejection: Cannot destructure property '_id' of 'data' as it is null.\n" +
    "TypeError: Cannot destructure property '_id' of 'data' as it is null.\n" +
    '    at Socket.<anonymous> (C:\\Users\\Admin\\Desktop\\Projects\\mern-ts\\backend\\socket\\socket.ts:73:17)\n' +
    '    at Socket.emit (node:events:519:28)\n' +
    '    at Socket.emit (node:domain:488:12)\n' +
    '    at Socket.emitUntyped (C:\\Users\\Admin\\Desktop\\Projects\\mern-ts\\node_modules\\socket.io\\dist\\typed-events.js:69:22)\n' +
    '    at C:\\Users\\Admin\\Desktop\\Projects\\mern-ts\\node_modules\\socket.io\\dist\\socket.js:697:39\n' +
    '    at processTicksAndRejections (node:internal/process/task_queues:77:11)',
  stack: "TypeError: Cannot destructure property '_id' of 'data' as it is null.\n" +
    '    at Socket.<anonymous> (C:\\Users\\Admin\\Desktop\\Projects\\mern-ts\\backend\\socket\\socket.ts:73:17)\n' +
    '    at Socket.emit (node:events:519:28)\n' +
    '    at Socket.emit (node:domain:488:12)\n' +
    '    at Socket.emitUntyped (C:\\Users\\Admin\\Desktop\\Projects\\mern-ts\\node_modules\\socket.io\\dist\\typed-events.js:69:22)\n' +
    '    at C:\\Users\\Admin\\Desktop\\Projects\\mern-ts\\node_modules\\socket.io\\dist\\socket.js:697:39\n' +
    '    at processTicksAndRejections (node:internal/process/task_queues:77:11)',
  rejection: true,
  date: 'Tue Dec 10 2024 18:15:53 GMT+0200 (Eastern European Standard Time)',
  process: {
    pid: 14544,
    uid: null,
    gid: null,
    cwd: 'C:\\Users\\Admin\\Desktop\\Projects\\mern-ts',
    execPath: 'C:\\Program Files\\nodejs\\node.exe',
    version: 'v20.14.0',
    argv: [
      'C:\\Users\\Admin\\Desktop\\Projects\\mern-ts\\node_modules\\ts-node\\dist\\bin.js',
      'C:\\Users\\Admin\\Desktop\\Projects\\mern-ts\\backend\\server.ts'
    ],
    memoryUsage: {
      rss: 443928576,
      heapTotal: 392531968,
      heapUsed: 363827864,
      external: 24984005,
      arrayBuffers: 21946308
    }
  },
  os: { loadavg: [ 0, 0, 0 ], uptime: 5247.75 },
  trace: [
    {
      column: 17,
      file: 'C:\\Users\\Admin\\Desktop\\Projects\\mern-ts\\backend\\socket\\socket.ts',
      function: null,
      line: 73,
      method: null,
      native: false
    },
    {
      column: 28,
      file: 'node:events',
      function: 'Socket.emit',
      line: 519,
      method: 'emit',
      native: false
    },
    {
      column: 12,
      file: 'node:domain',
      function: 'Socket.emit',
      line: 488,
      method: 'emit',
      native: false
    },
    {
      column: 22,
      file: 'C:\\Users\\Admin\\Desktop\\Projects\\mern-ts\\node_modules\\socket.io\\dist\\typed-events.js',
      function: 'Socket.emitUntyped',
      line: 69,
      method: 'emitUntyped',
      native: false
    },
    {
      column: 39,
      file: 'C:\\Users\\Admin\\Desktop\\Projects\\mern-ts\\node_modules\\socket.io\\dist\\socket.js',
      function: null,
      line: 697,
      method: null,
      native: false
    },
    {
      column: 11,
      file: 'node:internal/process/task_queues',
      function: 'processTicksAndRejections',
      line: 77,
      method: null,
      native: false
    }
  ],
  timestamp: '2024-12-10 06:15:53.020 PM'
}
{
  message: 'Server on 1997 running. NodeENV: development  ',
  level: 'info',
  timestamp: '2024-12-10 06:16:37.932 PM'
}
{
  method: 'GET',
  url: '/api/v1/property/666720f01ed8af0105a0d444',
  status: 304,
  response_time: 168.541,
  level: 'http',
  message: 'incoming-request',
  timestamp: '2024-12-10 06:16:44.272 PM'
}
{
  method: 'GET',
  url: '/api/v1/user/profile',
  status: 304,
  response_time: 496.596,
  level: 'http',
  message: 'incoming-request',
  timestamp: '2024-12-10 06:16:44.663 PM'
}
{
  method: 'GET',
  url: '/api/v1/property/?page=1',
  status: 200,
  content_length: '3505',
  response_time: 536.817,
  level: 'http',
  message: 'incoming-request',
  timestamp: '2024-12-10 06:16:44.679 PM'
}
{
  method: 'GET',
  url: '/api/v1/messages/users',
  status: 304,
  response_time: 908.394,
  level: 'http',
  message: 'incoming-request',
  timestamp: '2024-12-10 06:16:45.110 PM'
}
{
  error: TypeError: Cannot destructure property '_id' of 'data' as it is null.
      at Socket.<anonymous> (C:\Users\Admin\Desktop\Projects\mern-ts\backend\socket\socket.ts:73:17)
      at Socket.emit (node:events:519:28)
      at Socket.emit (node:domain:488:12)
      at Socket.emitUntyped (C:\Users\Admin\Desktop\Projects\mern-ts\node_modules\socket.io\dist\typed-events.js:69:22)
      at C:\Users\Admin\Desktop\Projects\mern-ts\node_modules\socket.io\dist\socket.js:697:39
      at processTicksAndRejections (node:internal/process/task_queues:77:11),
  level: 'error',
  message: "unhandledRejection: Cannot destructure property '_id' of 'data' as it is null.\n" +
    "TypeError: Cannot destructure property '_id' of 'data' as it is null.\n" +
    '    at Socket.<anonymous> (C:\\Users\\Admin\\Desktop\\Projects\\mern-ts\\backend\\socket\\socket.ts:73:17)\n' +
    '    at Socket.emit (node:events:519:28)\n' +
    '    at Socket.emit (node:domain:488:12)\n' +
    '    at Socket.emitUntyped (C:\\Users\\Admin\\Desktop\\Projects\\mern-ts\\node_modules\\socket.io\\dist\\typed-events.js:69:22)\n' +
    '    at C:\\Users\\Admin\\Desktop\\Projects\\mern-ts\\node_modules\\socket.io\\dist\\socket.js:697:39\n' +
    '    at processTicksAndRejections (node:internal/process/task_queues:77:11)',
  stack: "TypeError: Cannot destructure property '_id' of 'data' as it is null.\n" +
    '    at Socket.<anonymous> (C:\\Users\\Admin\\Desktop\\Projects\\mern-ts\\backend\\socket\\socket.ts:73:17)\n' +
    '    at Socket.emit (node:events:519:28)\n' +
    '    at Socket.emit (node:domain:488:12)\n' +
    '    at Socket.emitUntyped (C:\\Users\\Admin\\Desktop\\Projects\\mern-ts\\node_modules\\socket.io\\dist\\typed-events.js:69:22)\n' +
    '    at C:\\Users\\Admin\\Desktop\\Projects\\mern-ts\\node_modules\\socket.io\\dist\\socket.js:697:39\n' +
    '    at processTicksAndRejections (node:internal/process/task_queues:77:11)',
  rejection: true,
  date: 'Tue Dec 10 2024 18:16:47 GMT+0200 (Eastern European Standard Time)',
  process: {
    pid: 9288,
    uid: null,
    gid: null,
    cwd: 'C:\\Users\\Admin\\Desktop\\Projects\\mern-ts',
    execPath: 'C:\\Program Files\\nodejs\\node.exe',
    version: 'v20.14.0',
    argv: [
      'C:\\Users\\Admin\\Desktop\\Projects\\mern-ts\\node_modules\\ts-node\\dist\\bin.js',
      'C:\\Users\\Admin\\Desktop\\Projects\\mern-ts\\backend\\server.ts'
    ],
    memoryUsage: {
      rss: 446078976,
      heapTotal: 394366976,
      heapUsed: 367635296,
      external: 25037627,
      arrayBuffers: 21999930
    }
  },
  os: { loadavg: [ 0, 0, 0 ], uptime: 5302.531 },
  trace: [
    {
      column: 17,
      file: 'C:\\Users\\Admin\\Desktop\\Projects\\mern-ts\\backend\\socket\\socket.ts',
      function: null,
      line: 73,
      method: null,
      native: false
    },
    {
      column: 28,
      file: 'node:events',
      function: 'Socket.emit',
      line: 519,
      method: 'emit',
      native: false
    },
    {
      column: 12,
      file: 'node:domain',
      function: 'Socket.emit',
      line: 488,
      method: 'emit',
      native: false
    },
    {
      column: 22,
      file: 'C:\\Users\\Admin\\Desktop\\Projects\\mern-ts\\node_modules\\socket.io\\dist\\typed-events.js',
      function: 'Socket.emitUntyped',
      line: 69,
      method: 'emitUntyped',
      native: false
    },
    {
      column: 39,
      file: 'C:\\Users\\Admin\\Desktop\\Projects\\mern-ts\\node_modules\\socket.io\\dist\\socket.js',
      function: null,
      line: 697,
      method: null,
      native: false
    },
    {
      column: 11,
      file: 'node:internal/process/task_queues',
      function: 'processTicksAndRejections',
      line: 77,
      method: null,
      native: false
    }
  ],
  timestamp: '2024-12-10 06:16:47.801 PM'
}
{
  error: TypeError: Cannot destructure property 'chatId' of 'data' as it is null.
      at Socket.<anonymous> (C:\Users\Admin\Desktop\Projects\mern-ts\backend\socket\socket.ts:73:25)
      at Socket.emit (node:events:519:28)
      at Socket.emit (node:domain:488:12)
      at Socket.emitUntyped (C:\Users\Admin\Desktop\Projects\mern-ts\node_modules\socket.io\dist\typed-events.js:69:22)
      at C:\Users\Admin\Desktop\Projects\mern-ts\node_modules\socket.io\dist\socket.js:697:39
      at processTicksAndRejections (node:internal/process/task_queues:77:11),
  level: 'error',
  message: "unhandledRejection: Cannot destructure property 'chatId' of 'data' as it is null.\n" +
    "TypeError: Cannot destructure property 'chatId' of 'data' as it is null.\n" +
    '    at Socket.<anonymous> (C:\\Users\\Admin\\Desktop\\Projects\\mern-ts\\backend\\socket\\socket.ts:73:25)\n' +
    '    at Socket.emit (node:events:519:28)\n' +
    '    at Socket.emit (node:domain:488:12)\n' +
    '    at Socket.emitUntyped (C:\\Users\\Admin\\Desktop\\Projects\\mern-ts\\node_modules\\socket.io\\dist\\typed-events.js:69:22)\n' +
    '    at C:\\Users\\Admin\\Desktop\\Projects\\mern-ts\\node_modules\\socket.io\\dist\\socket.js:697:39\n' +
    '    at processTicksAndRejections (node:internal/process/task_queues:77:11)',
  stack: "TypeError: Cannot destructure property 'chatId' of 'data' as it is null.\n" +
    '    at Socket.<anonymous> (C:\\Users\\Admin\\Desktop\\Projects\\mern-ts\\backend\\socket\\socket.ts:73:25)\n' +
    '    at Socket.emit (node:events:519:28)\n' +
    '    at Socket.emit (node:domain:488:12)\n' +
    '    at Socket.emitUntyped (C:\\Users\\Admin\\Desktop\\Projects\\mern-ts\\node_modules\\socket.io\\dist\\typed-events.js:69:22)\n' +
    '    at C:\\Users\\Admin\\Desktop\\Projects\\mern-ts\\node_modules\\socket.io\\dist\\socket.js:697:39\n' +
    '    at processTicksAndRejections (node:internal/process/task_queues:77:11)',
  rejection: true,
  date: 'Tue Dec 10 2024 18:17:26 GMT+0200 (Eastern European Standard Time)',
  process: {
    pid: 4700,
    uid: null,
    gid: null,
    cwd: 'C:\\Users\\Admin\\Desktop\\Projects\\mern-ts',
    execPath: 'C:\\Program Files\\nodejs\\node.exe',
    version: 'v20.14.0',
    argv: [
      'C:\\Users\\Admin\\Desktop\\Projects\\mern-ts\\node_modules\\ts-node\\dist\\bin.js',
      'C:\\Users\\Admin\\Desktop\\Projects\\mern-ts\\backend\\server.ts'
    ],
    memoryUsage: {
      rss: 445063168,
      heapTotal: 390803456,
      heapUsed: 360843776,
      external: 24915164,
      arrayBuffers: 21877487
    }
  },
  os: { loadavg: [ 0, 0, 0 ], uptime: 5341.015 },
  trace: [
    {
      column: 25,
      file: 'C:\\Users\\Admin\\Desktop\\Projects\\mern-ts\\backend\\socket\\socket.ts',
      function: null,
      line: 73,
      method: null,
      native: false
    },
    {
      column: 28,
      file: 'node:events',
      function: 'Socket.emit',
      line: 519,
      method: 'emit',
      native: false
    },
    {
      column: 12,
      file: 'node:domain',
      function: 'Socket.emit',
      line: 488,
      method: 'emit',
      native: false
    },
    {
      column: 22,
      file: 'C:\\Users\\Admin\\Desktop\\Projects\\mern-ts\\node_modules\\socket.io\\dist\\typed-events.js',
      function: 'Socket.emitUntyped',
      line: 69,
      method: 'emitUntyped',
      native: false
    },
    {
      column: 39,
      file: 'C:\\Users\\Admin\\Desktop\\Projects\\mern-ts\\node_modules\\socket.io\\dist\\socket.js',
      function: null,
      line: 697,
      method: null,
      native: false
    },
    {
      column: 11,
      file: 'node:internal/process/task_queues',
      function: 'processTicksAndRejections',
      line: 77,
      method: null,
      native: false
    }
  ],
  timestamp: '2024-12-10 06:17:26.287 PM'
}
{
  message: 'Server on 1997 running. NodeENV: development  ',
  level: 'info',
  timestamp: '2024-12-10 06:17:53.220 PM'
}
{
  error: TypeError: Cannot destructure property 'chatId' of 'data' as it is null.
      at Socket.<anonymous> (C:\Users\Admin\Desktop\Projects\mern-ts\backend\socket\socket.ts:73:25)
      at Socket.emit (node:events:519:28)
      at Socket.emit (node:domain:488:12)
      at Socket.emitUntyped (C:\Users\Admin\Desktop\Projects\mern-ts\node_modules\socket.io\dist\typed-events.js:69:22)
      at C:\Users\Admin\Desktop\Projects\mern-ts\node_modules\socket.io\dist\socket.js:697:39
      at processTicksAndRejections (node:internal/process/task_queues:77:11),
  level: 'error',
  message: "unhandledRejection: Cannot destructure property 'chatId' of 'data' as it is null.\n" +
    "TypeError: Cannot destructure property 'chatId' of 'data' as it is null.\n" +
    '    at Socket.<anonymous> (C:\\Users\\Admin\\Desktop\\Projects\\mern-ts\\backend\\socket\\socket.ts:73:25)\n' +
    '    at Socket.emit (node:events:519:28)\n' +
    '    at Socket.emit (node:domain:488:12)\n' +
    '    at Socket.emitUntyped (C:\\Users\\Admin\\Desktop\\Projects\\mern-ts\\node_modules\\socket.io\\dist\\typed-events.js:69:22)\n' +
    '    at C:\\Users\\Admin\\Desktop\\Projects\\mern-ts\\node_modules\\socket.io\\dist\\socket.js:697:39\n' +
    '    at processTicksAndRejections (node:internal/process/task_queues:77:11)',
  stack: "TypeError: Cannot destructure property 'chatId' of 'data' as it is null.\n" +
    '    at Socket.<anonymous> (C:\\Users\\Admin\\Desktop\\Projects\\mern-ts\\backend\\socket\\socket.ts:73:25)\n' +
    '    at Socket.emit (node:events:519:28)\n' +
    '    at Socket.emit (node:domain:488:12)\n' +
    '    at Socket.emitUntyped (C:\\Users\\Admin\\Desktop\\Projects\\mern-ts\\node_modules\\socket.io\\dist\\typed-events.js:69:22)\n' +
    '    at C:\\Users\\Admin\\Desktop\\Projects\\mern-ts\\node_modules\\socket.io\\dist\\socket.js:697:39\n' +
    '    at processTicksAndRejections (node:internal/process/task_queues:77:11)',
  rejection: true,
  date: 'Tue Dec 10 2024 18:20:19 GMT+0200 (Eastern European Standard Time)',
  process: {
    pid: 12988,
    uid: null,
    gid: null,
    cwd: 'C:\\Users\\Admin\\Desktop\\Projects\\mern-ts',
    execPath: 'C:\\Program Files\\nodejs\\node.exe',
    version: 'v20.14.0',
    argv: [
      'C:\\Users\\Admin\\Desktop\\Projects\\mern-ts\\node_modules\\ts-node\\dist\\bin.js',
      'C:\\Users\\Admin\\Desktop\\Projects\\mern-ts\\backend\\server.ts'
    ],
    memoryUsage: {
      rss: 388694016,
      heapTotal: 336359424,
      heapUsed: 325388752,
      external: 24969766,
      arrayBuffers: 21934685
    }
  },
  os: { loadavg: [ 0, 0, 0 ], uptime: 5513.953 },
  trace: [
    {
      column: 25,
      file: 'C:\\Users\\Admin\\Desktop\\Projects\\mern-ts\\backend\\socket\\socket.ts',
      function: null,
      line: 73,
      method: null,
      native: false
    },
    {
      column: 28,
      file: 'node:events',
      function: 'Socket.emit',
      line: 519,
      method: 'emit',
      native: false
    },
    {
      column: 12,
      file: 'node:domain',
      function: 'Socket.emit',
      line: 488,
      method: 'emit',
      native: false
    },
    {
      column: 22,
      file: 'C:\\Users\\Admin\\Desktop\\Projects\\mern-ts\\node_modules\\socket.io\\dist\\typed-events.js',
      function: 'Socket.emitUntyped',
      line: 69,
      method: 'emitUntyped',
      native: false
    },
    {
      column: 39,
      file: 'C:\\Users\\Admin\\Desktop\\Projects\\mern-ts\\node_modules\\socket.io\\dist\\socket.js',
      function: null,
      line: 697,
      method: null,
      native: false
    },
    {
      column: 11,
      file: 'node:internal/process/task_queues',
      function: 'processTicksAndRejections',
      line: 77,
      method: null,
      native: false
    }
  ],
  timestamp: '2024-12-10 06:20:19.234 PM'
}
{
  message: 'Server on 1997 running. NodeENV: development  ',
  level: 'info',
  timestamp: '2024-12-10 06:20:55.939 PM'
}
{
  method: 'GET',
  url: '/api/v1/property/666720f01ed8af0105a0d444',
  status: 304,
  response_time: 296.988,
  level: 'http',
  message: 'incoming-request',
  timestamp: '2024-12-10 06:20:58.982 PM'
}
{
  method: 'GET',
  url: '/api/v1/property/?page=1',
  status: 200,
  content_length: '3505',
  response_time: 694.886,
  level: 'http',
  message: 'incoming-request',
  timestamp: '2024-12-10 06:20:59.404 PM'
}
{
  method: 'GET',
  url: '/api/v1/user/profile',
  status: 304,
  response_time: 727.374,
  level: 'http',
  message: 'incoming-request',
  timestamp: '2024-12-10 06:20:59.443 PM'
}
{
  method: 'GET',
  url: '/api/v1/messages/users',
  status: 304,
  response_time: 1188.854,
  level: 'http',
  message: 'incoming-request',
  timestamp: '2024-12-10 06:20:59.914 PM'
}
{
  error: TypeError: Cannot destructure property 'chatId' of 'data' as it is null.
      at Socket.<anonymous> (C:\Users\Admin\Desktop\Projects\mern-ts\backend\socket\socket.ts:73:25)
      at Socket.emit (node:events:519:28)
      at Socket.emit (node:domain:488:12)
      at Socket.emitUntyped (C:\Users\Admin\Desktop\Projects\mern-ts\node_modules\socket.io\dist\typed-events.js:69:22)
      at C:\Users\Admin\Desktop\Projects\mern-ts\node_modules\socket.io\dist\socket.js:697:39
      at processTicksAndRejections (node:internal/process/task_queues:77:11),
  level: 'error',
  message: "unhandledRejection: Cannot destructure property 'chatId' of 'data' as it is null.\n" +
    "TypeError: Cannot destructure property 'chatId' of 'data' as it is null.\n" +
    '    at Socket.<anonymous> (C:\\Users\\Admin\\Desktop\\Projects\\mern-ts\\backend\\socket\\socket.ts:73:25)\n' +
    '    at Socket.emit (node:events:519:28)\n' +
    '    at Socket.emit (node:domain:488:12)\n' +
    '    at Socket.emitUntyped (C:\\Users\\Admin\\Desktop\\Projects\\mern-ts\\node_modules\\socket.io\\dist\\typed-events.js:69:22)\n' +
    '    at C:\\Users\\Admin\\Desktop\\Projects\\mern-ts\\node_modules\\socket.io\\dist\\socket.js:697:39\n' +
    '    at processTicksAndRejections (node:internal/process/task_queues:77:11)',
  stack: "TypeError: Cannot destructure property 'chatId' of 'data' as it is null.\n" +
    '    at Socket.<anonymous> (C:\\Users\\Admin\\Desktop\\Projects\\mern-ts\\backend\\socket\\socket.ts:73:25)\n' +
    '    at Socket.emit (node:events:519:28)\n' +
    '    at Socket.emit (node:domain:488:12)\n' +
    '    at Socket.emitUntyped (C:\\Users\\Admin\\Desktop\\Projects\\mern-ts\\node_modules\\socket.io\\dist\\typed-events.js:69:22)\n' +
    '    at C:\\Users\\Admin\\Desktop\\Projects\\mern-ts\\node_modules\\socket.io\\dist\\socket.js:697:39\n' +
    '    at processTicksAndRejections (node:internal/process/task_queues:77:11)',
  rejection: true,
  date: 'Tue Dec 10 2024 18:21:02 GMT+0200 (Eastern European Standard Time)',
  process: {
    pid: 4424,
    uid: null,
    gid: null,
    cwd: 'C:\\Users\\Admin\\Desktop\\Projects\\mern-ts',
    execPath: 'C:\\Program Files\\nodejs\\node.exe',
    version: 'v20.14.0',
    argv: [
      'C:\\Users\\Admin\\Desktop\\Projects\\mern-ts\\node_modules\\ts-node\\dist\\bin.js',
      'C:\\Users\\Admin\\Desktop\\Projects\\mern-ts\\backend\\server.ts'
    ],
    memoryUsage: {
      rss: 445816832,
      heapTotal: 394891264,
      heapUsed: 358068936,
      external: 24987039,
      arrayBuffers: 21949342
    }
  },
  os: { loadavg: [ 0, 0, 0 ], uptime: 5556.828 },
  trace: [
    {
      column: 25,
      file: 'C:\\Users\\Admin\\Desktop\\Projects\\mern-ts\\backend\\socket\\socket.ts',
      function: null,
      line: 73,
      method: null,
      native: false
    },
    {
      column: 28,
      file: 'node:events',
      function: 'Socket.emit',
      line: 519,
      method: 'emit',
      native: false
    },
    {
      column: 12,
      file: 'node:domain',
      function: 'Socket.emit',
      line: 488,
      method: 'emit',
      native: false
    },
    {
      column: 22,
      file: 'C:\\Users\\Admin\\Desktop\\Projects\\mern-ts\\node_modules\\socket.io\\dist\\typed-events.js',
      function: 'Socket.emitUntyped',
      line: 69,
      method: 'emitUntyped',
      native: false
    },
    {
      column: 39,
      file: 'C:\\Users\\Admin\\Desktop\\Projects\\mern-ts\\node_modules\\socket.io\\dist\\socket.js',
      function: null,
      line: 697,
      method: null,
      native: false
    },
    {
      column: 11,
      file: 'node:internal/process/task_queues',
      function: 'processTicksAndRejections',
      line: 77,
      method: null,
      native: false
    }
  ],
  timestamp: '2024-12-10 06:21:02.106 PM'
}
{
  message: 'Server on 1997 running. NodeENV: development  ',
  level: 'info',
  timestamp: '2024-12-10 06:21:43.569 PM'
}
{
  error: TypeError: Cannot read properties of null (reading '_id')
      at Socket.<anonymous> (C:\Users\Admin\Desktop\Projects\mern-ts\backend\socket\socket.ts:74:39)
      at Socket.emit (node:events:519:28)
      at Socket.emit (node:domain:488:12)
      at Socket.emitUntyped (C:\Users\Admin\Desktop\Projects\mern-ts\node_modules\socket.io\dist\typed-events.js:69:22)
      at C:\Users\Admin\Desktop\Projects\mern-ts\node_modules\socket.io\dist\socket.js:697:39
      at processTicksAndRejections (node:internal/process/task_queues:77:11),
  level: 'error',
  message: "unhandledRejection: Cannot read properties of null (reading '_id')\n" +
    "TypeError: Cannot read properties of null (reading '_id')\n" +
    '    at Socket.<anonymous> (C:\\Users\\Admin\\Desktop\\Projects\\mern-ts\\backend\\socket\\socket.ts:74:39)\n' +
    '    at Socket.emit (node:events:519:28)\n' +
    '    at Socket.emit (node:domain:488:12)\n' +
    '    at Socket.emitUntyped (C:\\Users\\Admin\\Desktop\\Projects\\mern-ts\\node_modules\\socket.io\\dist\\typed-events.js:69:22)\n' +
    '    at C:\\Users\\Admin\\Desktop\\Projects\\mern-ts\\node_modules\\socket.io\\dist\\socket.js:697:39\n' +
    '    at processTicksAndRejections (node:internal/process/task_queues:77:11)',
  stack: "TypeError: Cannot read properties of null (reading '_id')\n" +
    '    at Socket.<anonymous> (C:\\Users\\Admin\\Desktop\\Projects\\mern-ts\\backend\\socket\\socket.ts:74:39)\n' +
    '    at Socket.emit (node:events:519:28)\n' +
    '    at Socket.emit (node:domain:488:12)\n' +
    '    at Socket.emitUntyped (C:\\Users\\Admin\\Desktop\\Projects\\mern-ts\\node_modules\\socket.io\\dist\\typed-events.js:69:22)\n' +
    '    at C:\\Users\\Admin\\Desktop\\Projects\\mern-ts\\node_modules\\socket.io\\dist\\socket.js:697:39\n' +
    '    at processTicksAndRejections (node:internal/process/task_queues:77:11)',
  rejection: true,
  date: 'Tue Dec 10 2024 18:21:44 GMT+0200 (Eastern European Standard Time)',
  process: {
    pid: 2320,
    uid: null,
    gid: null,
    cwd: 'C:\\Users\\Admin\\Desktop\\Projects\\mern-ts',
    execPath: 'C:\\Program Files\\nodejs\\node.exe',
    version: 'v20.14.0',
    argv: [
      'C:\\Users\\Admin\\Desktop\\Projects\\mern-ts\\node_modules\\ts-node\\dist\\bin.js',
      'C:\\Users\\Admin\\Desktop\\Projects\\mern-ts\\backend\\server.ts'
    ],
    memoryUsage: {
      rss: 441286656,
      heapTotal: 391221248,
      heapUsed: 363591616,
      external: 24988308,
      arrayBuffers: 21950611
    }
  },
  os: { loadavg: [ 0, 0, 0 ], uptime: 5599.453 },
  trace: [
    {
      column: 39,
      file: 'C:\\Users\\Admin\\Desktop\\Projects\\mern-ts\\backend\\socket\\socket.ts',
      function: null,
      line: 74,
      method: null,
      native: false
    },
    {
      column: 28,
      file: 'node:events',
      function: 'Socket.emit',
      line: 519,
      method: 'emit',
      native: false
    },
    {
      column: 12,
      file: 'node:domain',
      function: 'Socket.emit',
      line: 488,
      method: 'emit',
      native: false
    },
    {
      column: 22,
      file: 'C:\\Users\\Admin\\Desktop\\Projects\\mern-ts\\node_modules\\socket.io\\dist\\typed-events.js',
      function: 'Socket.emitUntyped',
      line: 69,
      method: 'emitUntyped',
      native: false
    },
    {
      column: 39,
      file: 'C:\\Users\\Admin\\Desktop\\Projects\\mern-ts\\node_modules\\socket.io\\dist\\socket.js',
      function: null,
      line: 697,
      method: null,
      native: false
    },
    {
      column: 11,
      file: 'node:internal/process/task_queues',
      function: 'processTicksAndRejections',
      line: 77,
      method: null,
      native: false
    }
  ],
  timestamp: '2024-12-10 06:21:44.726 PM'
}
{
  message: 'Server on 1997 running. NodeENV: development  ',
  level: 'info',
  timestamp: '2024-12-10 06:22:50.102 PM'
}
{
  method: 'GET',
  url: '/api/v1/property/666720f01ed8af0105a0d444',
  status: 304,
  response_time: 140.968,
  level: 'http',
  message: 'incoming-request',
  timestamp: '2024-12-10 06:23:16.905 PM'
}
{
  method: 'GET',
  url: '/api/v1/property/?page=1',
  status: 200,
  content_length: '3505',
  response_time: 202.562,
  level: 'http',
  message: 'incoming-request',
  timestamp: '2024-12-10 06:23:17.003 PM'
}
{
  method: 'GET',
  url: '/api/v1/user/profile',
  status: 304,
  response_time: 195.415,
  level: 'http',
  message: 'incoming-request',
  timestamp: '2024-12-10 06:23:17.008 PM'
}
{
  method: 'GET',
  url: '/api/v1/messages/users',
  status: 304,
  response_time: 637.035,
  level: 'http',
  message: 'incoming-request',
  timestamp: '2024-12-10 06:23:17.464 PM'
}
{
  method: 'GET',
  url: '/api/v1/messages/6738b0d3bc69a50643663670',
  status: 304,
  response_time: 166.297,
  level: 'http',
  message: 'incoming-request',
  timestamp: '2024-12-10 06:23:18.772 PM'
}
{
  method: 'GET',
  url: '/api/v1/messages/67332bd4d9712b8ece95774a',
  status: 304,
  response_time: 190.129,
  level: 'http',
  message: 'incoming-request',
  timestamp: '2024-12-10 06:23:27.796 PM'
}
{
  method: 'GET',
  url: '/api/v1/messages/672e0b0d6b8a1d1375c020b2',
  status: 200,
  content_length: '2',
  response_time: 149.221,
  level: 'http',
  message: 'incoming-request',
  timestamp: '2024-12-10 06:23:28.081 PM'
}
{
  message: 'Server on 1997 running. NodeENV: development  ',
  level: 'info',
  timestamp: '2024-12-10 06:24:10.037 PM'
}
{
  message: 'Server on 1997 running. NodeENV: development  ',
  level: 'info',
  timestamp: '2024-12-10 06:25:33.695 PM'
}
{
  method: 'GET',
  url: '/api/v1/property/666720f01ed8af0105a0d444',
  status: 304,
  response_time: 121.774,
  level: 'http',
  message: 'incoming-request',
  timestamp: '2024-12-10 06:26:08.046 PM'
}
{
  method: 'GET',
  url: '/api/v1/property/?page=1',
  status: 200,
  content_length: '3505',
  response_time: 211.309,
  level: 'http',
  message: 'incoming-request',
  timestamp: '2024-12-10 06:26:08.166 PM'
}
{
  method: 'GET',
  url: '/api/v1/user/profile',
  status: 304,
  response_time: 210.395,
  level: 'http',
  message: 'incoming-request',
  timestamp: '2024-12-10 06:26:08.177 PM'
}
{
  method: 'GET',
  url: '/api/v1/messages/users',
  status: 304,
  response_time: 757.426,
  level: 'http',
  message: 'incoming-request',
  timestamp: '2024-12-10 06:26:08.742 PM'
}
{
  error: TypeError: Cannot destructure property 'chatId' of 'data' as it is null.
      at Socket.<anonymous> (C:\Users\Admin\Desktop\Projects\mern-ts\backend\socket\socket.ts:73:25)
      at Socket.emit (node:events:519:28)
      at Socket.emit (node:domain:488:12)
      at Socket.emitUntyped (C:\Users\Admin\Desktop\Projects\mern-ts\node_modules\socket.io\dist\typed-events.js:69:22)
      at C:\Users\Admin\Desktop\Projects\mern-ts\node_modules\socket.io\dist\socket.js:697:39
      at processTicksAndRejections (node:internal/process/task_queues:77:11),
  level: 'error',
  message: "unhandledRejection: Cannot destructure property 'chatId' of 'data' as it is null.\n" +
    "TypeError: Cannot destructure property 'chatId' of 'data' as it is null.\n" +
    '    at Socket.<anonymous> (C:\\Users\\Admin\\Desktop\\Projects\\mern-ts\\backend\\socket\\socket.ts:73:25)\n' +
    '    at Socket.emit (node:events:519:28)\n' +
    '    at Socket.emit (node:domain:488:12)\n' +
    '    at Socket.emitUntyped (C:\\Users\\Admin\\Desktop\\Projects\\mern-ts\\node_modules\\socket.io\\dist\\typed-events.js:69:22)\n' +
    '    at C:\\Users\\Admin\\Desktop\\Projects\\mern-ts\\node_modules\\socket.io\\dist\\socket.js:697:39\n' +
    '    at processTicksAndRejections (node:internal/process/task_queues:77:11)',
  stack: "TypeError: Cannot destructure property 'chatId' of 'data' as it is null.\n" +
    '    at Socket.<anonymous> (C:\\Users\\Admin\\Desktop\\Projects\\mern-ts\\backend\\socket\\socket.ts:73:25)\n' +
    '    at Socket.emit (node:events:519:28)\n' +
    '    at Socket.emit (node:domain:488:12)\n' +
    '    at Socket.emitUntyped (C:\\Users\\Admin\\Desktop\\Projects\\mern-ts\\node_modules\\socket.io\\dist\\typed-events.js:69:22)\n' +
    '    at C:\\Users\\Admin\\Desktop\\Projects\\mern-ts\\node_modules\\socket.io\\dist\\socket.js:697:39\n' +
    '    at processTicksAndRejections (node:internal/process/task_queues:77:11)',
  rejection: true,
  date: 'Tue Dec 10 2024 18:26:11 GMT+0200 (Eastern European Standard Time)',
  process: {
    pid: 2340,
    uid: null,
    gid: null,
    cwd: 'C:\\Users\\Admin\\Desktop\\Projects\\mern-ts',
    execPath: 'C:\\Program Files\\nodejs\\node.exe',
    version: 'v20.14.0',
    argv: [
      'C:\\Users\\Admin\\Desktop\\Projects\\mern-ts\\node_modules\\ts-node\\dist\\bin.js',
      'C:\\Users\\Admin\\Desktop\\Projects\\mern-ts\\backend\\server.ts'
    ],
    memoryUsage: {
      rss: 389263360,
      heapTotal: 336097280,
      heapUsed: 327286736,
      external: 24974886,
      arrayBuffers: 21939805
    }
  },
  os: { loadavg: [ 0, 0, 0 ], uptime: 5866.328 },
  trace: [
    {
      column: 25,
      file: 'C:\\Users\\Admin\\Desktop\\Projects\\mern-ts\\backend\\socket\\socket.ts',
      function: null,
      line: 73,
      method: null,
      native: false
    },
    {
      column: 28,
      file: 'node:events',
      function: 'Socket.emit',
      line: 519,
      method: 'emit',
      native: false
    },
    {
      column: 12,
      file: 'node:domain',
      function: 'Socket.emit',
      line: 488,
      method: 'emit',
      native: false
    },
    {
      column: 22,
      file: 'C:\\Users\\Admin\\Desktop\\Projects\\mern-ts\\node_modules\\socket.io\\dist\\typed-events.js',
      function: 'Socket.emitUntyped',
      line: 69,
      method: 'emitUntyped',
      native: false
    },
    {
      column: 39,
      file: 'C:\\Users\\Admin\\Desktop\\Projects\\mern-ts\\node_modules\\socket.io\\dist\\socket.js',
      function: null,
      line: 697,
      method: null,
      native: false
    },
    {
      column: 11,
      file: 'node:internal/process/task_queues',
      function: 'processTicksAndRejections',
      line: 77,
      method: null,
      native: false
    }
  ],
  timestamp: '2024-12-10 06:26:11.606 PM'
}
{
  message: 'Server on 1997 running. NodeENV: development  ',
  level: 'info',
  timestamp: '2024-12-10 06:28:38.161 PM'
}
{
  method: 'GET',
  url: '/api/v1/property/666720f01ed8af0105a0d444',
  status: 304,
  response_time: 135.301,
  level: 'http',
  message: 'incoming-request',
  timestamp: '2024-12-10 06:28:45.758 PM'
}
{
  method: 'GET',
  url: '/api/v1/user/profile',
  status: 304,
  response_time: 231.857,
  level: 'http',
  message: 'incoming-request',
  timestamp: '2024-12-10 06:28:45.877 PM'
}
{
  method: 'GET',
  url: '/api/v1/property/?page=1',
  status: 200,
  content_length: '3505',
  response_time: 255.377,
  level: 'http',
  message: 'incoming-request',
  timestamp: '2024-12-10 06:28:45.894 PM'
}
{
  method: 'GET',
  url: '/api/v1/messages/users',
  status: 304,
  response_time: 658.11,
  level: 'http',
  message: 'incoming-request',
  timestamp: '2024-12-10 06:28:46.322 PM'
}
{
  method: 'GET',
  url: '/api/v1/messages/6738b0d3bc69a50643663670',
  status: 304,
  response_time: 270.931,
  level: 'http',
  message: 'incoming-request',
  timestamp: '2024-12-10 06:28:48.690 PM'
}
{
  method: 'GET',
  url: '/api/v1/messages/67332bd4d9712b8ece95774a',
  status: 304,
  response_time: 186.866,
  level: 'http',
  message: 'incoming-request',
  timestamp: '2024-12-10 06:28:49.234 PM'
}
{
  method: 'GET',
  url: '/api/v1/messages/672e0b0d6b8a1d1375c020b2',
  status: 304,
  response_time: 145.054,
  level: 'http',
  message: 'incoming-request',
  timestamp: '2024-12-10 06:28:49.503 PM'
}
{
  method: 'GET',
  url: '/api/v1/property/666720f01ed8af0105a0d444',
  status: 304,
  response_time: 96.944,
  level: 'http',
  message: 'incoming-request',
  timestamp: '2024-12-10 06:31:05.757 PM'
}
{
  method: 'GET',
  url: '/api/v1/property/?page=1',
  status: 200,
  content_length: '3505',
  response_time: 182.791,
  level: 'http',
  message: 'incoming-request',
  timestamp: '2024-12-10 06:31:05.850 PM'
}
{
  method: 'GET',
  url: '/api/v1/user/profile',
  status: 304,
  response_time: 181.598,
  level: 'http',
  message: 'incoming-request',
  timestamp: '2024-12-10 06:31:05.857 PM'
}
{
  method: 'GET',
  url: '/api/v1/messages/users',
  status: 304,
  response_time: 204.31,
  level: 'http',
  message: 'incoming-request',
  timestamp: '2024-12-10 06:31:05.885 PM'
}
{
  message: 'Server on 1997 running. NodeENV: development  ',
  level: 'info',
  timestamp: '2024-12-10 06:33:00.715 PM'
}
{
  method: 'GET',
  url: '/api/v1/property/666720f01ed8af0105a0d444',
  status: 304,
  response_time: 100.719,
  level: 'http',
  message: 'incoming-request',
  timestamp: '2024-12-10 06:33:03.119 PM'
}
{
  method: 'GET',
  url: '/api/v1/property/?page=1',
  status: 200,
  content_length: '3505',
  response_time: 175.76,
  level: 'http',
  message: 'incoming-request',
  timestamp: '2024-12-10 06:33:03.176 PM'
}
{
  method: 'GET',
  url: '/api/v1/user/profile',
  status: 304,
  response_time: 213.108,
  level: 'http',
  message: 'incoming-request',
  timestamp: '2024-12-10 06:33:03.248 PM'
}
{
  method: 'GET',
  url: '/api/v1/messages/users',
  status: 304,
  response_time: 803.652,
  level: 'http',
  message: 'incoming-request',
  timestamp: '2024-12-10 06:33:03.852 PM'
}
{
  method: 'GET',
  url: '/api/v1/messages/67332bd4d9712b8ece95774a',
  status: 304,
  response_time: 415.828,
  level: 'http',
  message: 'incoming-request',
  timestamp: '2024-12-10 06:42:51.494 PM'
}
{
  method: 'GET',
  url: '/api/v1/messages/672e0b0d6b8a1d1375c020b2',
  status: 304,
  response_time: 253.323,
  level: 'http',
  message: 'incoming-request',
  timestamp: '2024-12-10 06:42:51.799 PM'
}
{
  message: 'Server on 1997 running. NodeENV: development  ',
  level: 'info',
  timestamp: '2024-12-10 06:43:30.966 PM'
}
{
  method: 'GET',
  url: '/api/v1/messages/users',
  status: 304,
  response_time: 236.665,
  level: 'http',
  message: 'incoming-request',
  timestamp: '2024-12-10 06:45:06.270 PM'
}
{
  method: 'GET',
  url: '/api/v1/property/?page=1',
  status: 200,
  content_length: '3505',
  response_time: 236.104,
  level: 'http',
  message: 'incoming-request',
  timestamp: '2024-12-10 06:45:06.300 PM'
}
{
  method: 'GET',
  url: '/api/v1/user/profile',
  status: 304,
  response_time: 254.507,
  level: 'http',
  message: 'incoming-request',
  timestamp: '2024-12-10 06:45:06.310 PM'
}
{
  method: 'GET',
  url: '/api/v1/property/666720f01ed8af0105a0d444',
  status: 304,
  response_time: 696.701,
  level: 'http',
  message: 'incoming-request',
  timestamp: '2024-12-10 06:45:06.774 PM'
}
{
  method: 'GET',
  url: '/api/v1/messages/6738b0d3bc69a50643663670',
  status: 304,
  response_time: 167.876,
  level: 'http',
  message: 'incoming-request',
  timestamp: '2024-12-10 06:45:09.084 PM'
}
{
  method: 'GET',
  url: '/api/v1/messages/67332bd4d9712b8ece95774a',
  status: 304,
  response_time: 182.072,
  level: 'http',
  message: 'incoming-request',
  timestamp: '2024-12-10 06:45:09.409 PM'
}
{
  method: 'GET',
  url: '/api/v1/messages/672e0b0d6b8a1d1375c020b2',
  status: 304,
  response_time: 201.675,
  level: 'http',
  message: 'incoming-request',
  timestamp: '2024-12-10 06:45:09.987 PM'
}
{
  message: 'Server on 1997 running. NodeENV: development  ',
  level: 'info',
  timestamp: '2024-12-10 06:46:34.909 PM'
}
{
  message: 'Server on 1997 running. NodeENV: development  ',
  level: 'info',
  timestamp: '2024-12-10 06:48:23.651 PM'
}
{
  method: 'GET',
  url: '/api/v1/messages/67332bd4d9712b8ece95774a',
  status: 304,
  response_time: 260.151,
  level: 'http',
  message: 'incoming-request',
  timestamp: '2024-12-10 06:48:35.444 PM'
}
{
  method: 'GET',
  url: '/api/v1/messages/672e0b0d6b8a1d1375c020b2',
  status: 304,
  response_time: 410.611,
  level: 'http',
  message: 'incoming-request',
  timestamp: '2024-12-10 06:48:36.013 PM'
}
{
  message: 'Server on 1997 running. NodeENV: development  ',
  level: 'info',
  timestamp: '2024-12-10 06:49:52.408 PM'
}
{
  message: 'Server on 1997 running. NodeENV: development  ',
  level: 'info',
  timestamp: '2024-12-10 06:50:19.769 PM'
}
{
  message: 'Server on 1997 running. NodeENV: development  ',
  level: 'info',
  timestamp: '2024-12-10 06:52:16.877 PM'
}
{
  message: 'Server on 1997 running. NodeENV: development  ',
  level: 'info',
  timestamp: '2024-12-10 06:53:04.087 PM'
}
{
  method: 'GET',
  url: '/api/v1/property/666720f01ed8af0105a0d444',
  status: 304,
  response_time: 150.114,
  level: 'http',
  message: 'incoming-request',
  timestamp: '2024-12-10 06:55:14.044 PM'
}
{
  method: 'GET',
  url: '/api/v1/messages/users',
  status: 304,
  response_time: 221.516,
  level: 'http',
  message: 'incoming-request',
  timestamp: '2024-12-10 06:55:14.145 PM'
}
{
  method: 'GET',
  url: '/api/v1/property/?page=1',
  status: 200,
  content_length: '3505',
  response_time: 264.789,
  level: 'http',
  message: 'incoming-request',
  timestamp: '2024-12-10 06:55:14.181 PM'
}
{
  method: 'GET',
  url: '/api/v1/user/profile',
  status: 304,
  response_time: 735.606,
  level: 'http',
  message: 'incoming-request',
  timestamp: '2024-12-10 06:55:14.675 PM'
}
{
  method: 'GET',
  url: '/api/v1/messages/6738b0d3bc69a50643663670',
  status: 304,
  response_time: 174.588,
  level: 'http',
  message: 'incoming-request',
  timestamp: '2024-12-10 06:55:31.732 PM'
}
{
  method: 'GET',
  url: '/api/v1/property/666720f01ed8af0105a0d444',
  status: 304,
  response_time: 4990.048,
  level: 'http',
  message: 'incoming-request',
  timestamp: '2024-12-10 06:58:03.841 PM'
}
{
  method: 'GET',
  url: '/api/v1/user/profile',
  status: 304,
  response_time: 7309.227,
  level: 'http',
  message: 'incoming-request',
  timestamp: '2024-12-10 06:58:06.172 PM'
}
{
  method: 'GET',
  url: '/api/v1/messages/users',
  status: 304,
  response_time: 7313.173,
  level: 'http',
  message: 'incoming-request',
  timestamp: '2024-12-10 06:58:06.187 PM'
}
{
  method: 'GET',
  url: '/api/v1/property/?page=1',
  status: 200,
  content_length: '3505',
  response_time: 7346.5,
  level: 'http',
  message: 'incoming-request',
  timestamp: '2024-12-10 06:58:06.205 PM'
}
{
  method: 'GET',
  url: '/api/v1/messages/6738b0d3bc69a50643663670',
  status: 403,
  content_length: '9',
  response_time: 21806.224,
  level: 'http',
  message: 'incoming-request',
  timestamp: '2024-12-10 06:58:32.554 PM'
}
{
  method: 'GET',
  url: '/api/v1/messages/672e0b0d6b8a1d1375c020b2',
  status: 304,
  response_time: 14718.403,
  level: 'http',
  message: 'incoming-request',
  timestamp: '2024-12-10 06:58:33.606 PM'
}
{
  method: 'GET',
  url: '/api/v1/messages/67332bd4d9712b8ece95774a',
  status: 403,
  content_length: '9',
  response_time: 21352.182,
  level: 'http',
  message: 'incoming-request',
  timestamp: '2024-12-10 06:58:39.194 PM'
}
{
  method: 'GET',
  url: '/api/v1/property/666720f01ed8af0105a0d444',
  status: 500,
  content_length: '1568',
  response_time: 30106.198,
  level: 'http',
  message: 'incoming-request',
  timestamp: '2024-12-10 06:59:16.430 PM'
}
{
  method: 'GET',
  url: '/api/v1/property/?page=1',
  status: 500,
  content_length: '1383',
  response_time: 30081.727,
  level: 'http',
  message: 'incoming-request',
  timestamp: '2024-12-10 06:59:16.437 PM'
}
{
  method: 'GET',
  url: '/api/v1/user/profile',
  status: 403,
  content_length: '9',
  response_time: 30081.025,
  level: 'http',
  message: 'incoming-request',
  timestamp: '2024-12-10 06:59:16.439 PM'
}
{
  method: 'GET',
  url: '/api/v1/messages/users',
  status: 403,
  content_length: '9',
  response_time: 30076.469,
  level: 'http',
  message: 'incoming-request',
  timestamp: '2024-12-10 06:59:16.442 PM'
}
{
  method: 'GET',
  url: '/api/v1/property/666720f01ed8af0105a0d444',
  status: 200,
  content_length: '647',
  response_time: 8919.115,
  level: 'http',
  message: 'incoming-request',
  timestamp: '2024-12-10 07:00:33.516 PM'
}
{
  method: 'GET',
  url: '/api/v1/property/?page=1',
  status: 200,
  content_length: '3505',
  response_time: 9189.914,
  level: 'http',
  message: 'incoming-request',
  timestamp: '2024-12-10 07:00:33.792 PM'
}
{
  method: 'GET',
  url: '/api/v1/messages/users',
  status: 200,
  content_length: '1233',
  response_time: 12641.817,
  level: 'http',
  message: 'incoming-request',
  timestamp: '2024-12-10 07:00:37.252 PM'
}
{
  method: 'GET',
  url: '/api/v1/user/profile',
  status: 200,
  content_length: '1760',
  response_time: 12722.105,
  level: 'http',
  message: 'incoming-request',
  timestamp: '2024-12-10 07:00:37.328 PM'
}
{
  method: 'GET',
  url: '/api/v1/messages/6738b0d3bc69a50643663670',
  status: 200,
  content_length: '339',
  response_time: 492.069,
  level: 'http',
  message: 'incoming-request',
  timestamp: '2024-12-10 07:00:39.440 PM'
}
{
  method: 'POST',
  url: '/api/v1/messages/send/6738b0d3bc69a50643663670',
  status: 201,
  content_length: '227',
  response_time: 568.616,
  level: 'http',
  message: 'incoming-request',
  timestamp: '2024-12-10 07:01:04.190 PM'
}
{
  method: 'POST',
  url: '/api/v1/messages/send/6738b0d3bc69a50643663670',
  status: 201,
  content_length: '227',
  response_time: 948.035,
  level: 'http',
  message: 'incoming-request',
  timestamp: '2024-12-10 07:01:05.141 PM'
}
{
  method: 'GET',
  url: '/api/v1/messages/67332bd4d9712b8ece95774a',
  status: 200,
  content_length: '566',
  response_time: 4123.929,
  level: 'http',
  message: 'incoming-request',
  timestamp: '2024-12-10 07:01:09.259 PM'
}
{
  method: 'GET',
  url: '/api/v1/messages/67332bd4d9712b8ece95774a',
  status: 304,
  response_time: 220.775,
  level: 'http',
  message: 'incoming-request',
  timestamp: '2024-12-10 07:01:09.510 PM'
}
{
  method: 'GET',
  url: '/api/v1/messages/users',
  status: 304,
  response_time: 220.686,
  level: 'http',
  message: 'incoming-request',
  timestamp: '2024-12-10 07:01:09.517 PM'
}
{
  method: 'POST',
  url: '/api/v1/messages/send/67332bd4d9712b8ece95774a',
  status: 201,
  content_length: '224',
  response_time: 410.531,
  level: 'http',
  message: 'incoming-request',
  timestamp: '2024-12-10 07:01:10.890 PM'
}
{
  method: 'GET',
  url: '/api/v1/messages/67332bd4d9712b8ece95774a',
  status: 200,
  content_length: '791',
  response_time: 173.577,
  level: 'http',
  message: 'incoming-request',
  timestamp: '2024-12-10 07:01:11.085 PM'
}
{
  method: 'GET',
  url: '/api/v1/messages/users',
  status: 304,
  response_time: 182.782,
  level: 'http',
  message: 'incoming-request',
  timestamp: '2024-12-10 07:01:11.089 PM'
}
{
  method: 'GET',
  url: '/api/v1/messages/672e0b0d6b8a1d1375c020b2',
  status: 304,
  response_time: 696.605,
  level: 'http',
  message: 'incoming-request',
  timestamp: '2024-12-10 07:01:12.043 PM'
}
{
  method: 'POST',
  url: '/api/v1/messages/send/672e0b0d6b8a1d1375c020b2',
  status: 201,
  content_length: '226',
  response_time: 200.978,
  level: 'http',
  message: 'incoming-request',
  timestamp: '2024-12-10 07:01:13.864 PM'
}
{
  method: 'GET',
  url: '/api/v1/messages/users',
  status: 304,
  response_time: 162.358,
  level: 'http',
  message: 'incoming-request',
  timestamp: '2024-12-10 07:01:14.040 PM'
}
{
  method: 'GET',
  url: '/api/v1/messages/672e0b0d6b8a1d1375c020b2',
  status: 200,
  content_length: '228',
  response_time: 167.194,
  level: 'http',
  message: 'incoming-request',
  timestamp: '2024-12-10 07:01:14.051 PM'
}
{
  method: 'GET',
  url: '/api/v1/messages/6738b0d3bc69a50643663670',
  status: 200,
  content_length: '795',
  response_time: 475.129,
  level: 'http',
  message: 'incoming-request',
  timestamp: '2024-12-10 07:01:17.378 PM'
}
{
  method: 'GET',
  url: '/api/v1/property/666720f01ed8af0105a0d444',
  status: 304,
  response_time: 68.263,
  level: 'http',
  message: 'incoming-request',
  timestamp: '2024-12-10 07:01:49.918 PM'
}
{
  method: 'GET',
  url: '/api/v1/property/?page=1',
  status: 200,
  content_length: '3505',
  response_time: 226.044,
  level: 'http',
  message: 'incoming-request',
  timestamp: '2024-12-10 07:01:50.080 PM'
}
{
  method: 'GET',
  url: '/api/v1/messages/users',
  status: 304,
  response_time: 291.952,
  level: 'http',
  message: 'incoming-request',
  timestamp: '2024-12-10 07:01:50.186 PM'
}
{
  method: 'GET',
  url: '/api/v1/user/profile',
  status: 304,
  response_time: 301.214,
  level: 'http',
  message: 'incoming-request',
  timestamp: '2024-12-10 07:01:50.191 PM'
}
{
  method: 'GET',
  url: '/api/v1/messages/67332bd4d9712b8ece95774a',
  status: 304,
  response_time: 413.72,
  level: 'http',
  message: 'incoming-request',
  timestamp: '2024-12-10 07:01:58.428 PM'
}
{
  method: 'GET',
  url: '/api/v1/messages/6738b0d3bc69a50643663670',
  status: 304,
  response_time: 413.697,
  level: 'http',
  message: 'incoming-request',
  timestamp: '2024-12-10 07:01:59.018 PM'
}
{
  method: 'GET',
  url: '/api/v1/messages/672e0b0d6b8a1d1375c020b2',
  status: 304,
  response_time: 1779.754,
  level: 'http',
  message: 'incoming-request',
  timestamp: '2024-12-10 07:02:02.764 PM'
}
{
  method: 'GET',
  url: '/api/v1/user/profile',
  status: 0,
  response_time: '0',
  level: 'http',
  message: 'incoming-request',
  timestamp: '2024-12-10 07:05:12.111 PM'
}
{
  method: 'GET',
  url: '/api/v1/messages/users',
  status: 0,
  response_time: '0',
  level: 'http',
  message: 'incoming-request',
  timestamp: '2024-12-10 07:05:12.116 PM'
}
{
  method: 'GET',
  url: '/api/v1/property/?page=1',
  status: 0,
  response_time: '0',
  level: 'http',
  message: 'incoming-request',
  timestamp: '2024-12-10 07:05:12.117 PM'
}
{
  method: 'GET',
  url: '/api/v1/property/666720f01ed8af0105a0d444',
  status: 0,
  response_time: '0',
  level: 'http',
  message: 'incoming-request',
  timestamp: '2024-12-10 07:05:12.118 PM'
}
{
  method: 'GET',
  url: '/api/v1/user/profile',
  status: 0,
  response_time: '0',
  level: 'http',
  message: 'incoming-request',
  timestamp: '2024-12-10 07:05:18.363 PM'
}
{
  method: 'GET',
  url: '/api/v1/property/?page=1',
  status: 0,
  response_time: '0',
  level: 'http',
  message: 'incoming-request',
  timestamp: '2024-12-10 07:05:18.374 PM'
}
{
  method: 'GET',
  url: '/api/v1/messages/users',
  status: 0,
  response_time: '0',
  level: 'http',
  message: 'incoming-request',
  timestamp: '2024-12-10 07:05:18.375 PM'
}
{
  method: 'GET',
  url: '/api/v1/property/666720f01ed8af0105a0d444',
  status: 0,
  response_time: '0',
  level: 'http',
  message: 'incoming-request',
  timestamp: '2024-12-10 07:05:18.377 PM'
}
{
  method: 'GET',
  url: '/api/v1/user/profile',
  status: 0,
  response_time: '0',
  level: 'http',
  message: 'incoming-request',
  timestamp: '2024-12-10 07:05:23.163 PM'
}
{
  method: 'GET',
  url: '/api/v1/property/666720f01ed8af0105a0d444',
  status: 0,
  response_time: '0',
  level: 'http',
  message: 'incoming-request',
  timestamp: '2024-12-10 07:05:23.165 PM'
}
{
  method: 'GET',
  url: '/api/v1/messages/users',
  status: 0,
  response_time: '0',
  level: 'http',
  message: 'incoming-request',
  timestamp: '2024-12-10 07:05:23.165 PM'
}
{
  method: 'GET',
  url: '/api/v1/property/?page=1',
  status: 0,
  response_time: '0',
  level: 'http',
  message: 'incoming-request',
  timestamp: '2024-12-10 07:05:23.166 PM'
}
{
  method: 'GET',
  url: '/api/v1/user/profile',
  status: 0,
  response_time: '0',
  level: 'http',
  message: 'incoming-request',
  timestamp: '2024-12-10 07:05:36.653 PM'
}
{
  method: 'GET',
  url: '/api/v1/property/666720f01ed8af0105a0d444',
  status: 0,
  response_time: '0',
  level: 'http',
  message: 'incoming-request',
  timestamp: '2024-12-10 07:05:36.654 PM'
}
{
  method: 'GET',
  url: '/api/v1/property/?page=1',
  status: 0,
  response_time: '0',
  level: 'http',
  message: 'incoming-request',
  timestamp: '2024-12-10 07:05:36.655 PM'
}
{
  method: 'GET',
  url: '/api/v1/messages/users',
  status: 0,
  response_time: '0',
  level: 'http',
  message: 'incoming-request',
  timestamp: '2024-12-10 07:05:36.656 PM'
}
{
  method: 'GET',
  url: '/api/v1/user/profile',
  status: 0,
  response_time: '0',
  level: 'http',
  message: 'incoming-request',
  timestamp: '2024-12-10 07:05:41.064 PM'
}
{
  method: 'GET',
  url: '/api/v1/property/?page=1',
  status: 0,
  response_time: '0',
  level: 'http',
  message: 'incoming-request',
  timestamp: '2024-12-10 07:05:41.066 PM'
}
{
  method: 'GET',
  url: '/api/v1/property/666720f01ed8af0105a0d444',
  status: 200,
  content_length: '647',
  response_time: 548.86,
  level: 'http',
  message: 'incoming-request',
  timestamp: '2024-12-10 07:05:41.066 PM'
}
{
  method: 'GET',
  url: '/api/v1/messages/users',
  status: 0,
  response_time: '0',
  level: 'http',
  message: 'incoming-request',
  timestamp: '2024-12-10 07:05:41.074 PM'
}
{
  method: 'GET',
  url: '/api/v1/property/666720f01ed8af0105a0d444',
  status: 0,
  response_time: '0',
  level: 'http',
  message: 'incoming-request',
  timestamp: '2024-12-10 07:05:45.583 PM'
}
{
  method: 'GET',
  url: '/api/v1/user/profile',
  status: 0,
  response_time: '0',
  level: 'http',
  message: 'incoming-request',
  timestamp: '2024-12-10 07:05:45.585 PM'
}
{
  method: 'GET',
  url: '/api/v1/property/?page=1',
  status: 0,
  response_time: '0',
  level: 'http',
  message: 'incoming-request',
  timestamp: '2024-12-10 07:05:45.586 PM'
}
{
  method: 'GET',
  url: '/api/v1/messages/users',
  status: 0,
  response_time: '0',
  level: 'http',
  message: 'incoming-request',
  timestamp: '2024-12-10 07:05:45.588 PM'
}
{
  method: 'GET',
  url: '/api/v1/messages/users',
  status: 0,
  response_time: '0',
  level: 'http',
  message: 'incoming-request',
  timestamp: '2024-12-10 07:05:50.534 PM'
}
{
  method: 'GET',
  url: '/api/v1/user/profile',
  status: 0,
  response_time: '0',
  level: 'http',
  message: 'incoming-request',
  timestamp: '2024-12-10 07:05:50.537 PM'
}
{
  method: 'GET',
  url: '/api/v1/property/?page=1',
  status: 0,
  response_time: '0',
  level: 'http',
  message: 'incoming-request',
  timestamp: '2024-12-10 07:05:50.537 PM'
}
{
  method: 'GET',
  url: '/api/v1/property/666720f01ed8af0105a0d444',
  status: 0,
  response_time: '0',
  level: 'http',
  message: 'incoming-request',
  timestamp: '2024-12-10 07:05:50.538 PM'
}
{
  method: 'GET',
  url: '/api/v1/property/666720f01ed8af0105a0d444',
  status: 200,
  content_length: '647',
  response_time: 1687.758,
  level: 'http',
  message: 'incoming-request',
  timestamp: '2024-12-10 07:05:56.524 PM'
}
{
  method: 'GET',
  url: '/api/v1/user/profile',
  status: 200,
  content_length: '1760',
  response_time: 4523.73,
  level: 'http',
  message: 'incoming-request',
  timestamp: '2024-12-10 07:05:59.368 PM'
}
{
  method: 'GET',
  url: '/api/v1/property/?page=1',
  status: 200,
  content_length: '3505',
  response_time: 4534.03,
  level: 'http',
  message: 'incoming-request',
  timestamp: '2024-12-10 07:05:59.375 PM'
}
{
  method: 'GET',
  url: '/api/v1/messages/users',
  status: 0,
  response_time: '0',
  level: 'http',
  message: 'incoming-request',
  timestamp: '2024-12-10 07:06:11.128 PM'
}
{
  method: 'GET',
  url: '/api/v1/property/666720f01ed8af0105a0d444',
  status: 304,
  response_time: 13731.484,
  level: 'http',
  message: 'incoming-request',
  timestamp: '2024-12-10 07:06:27.640 PM'
}
{
  method: 'GET',
  url: '/api/v1/user/profile',
  status: 304,
  response_time: 31898.982,
  level: 'http',
  message: 'incoming-request',
  timestamp: '2024-12-10 07:06:45.815 PM'
}
{
  method: 'GET',
  url: '/api/v1/messages/users',
  status: 200,
  content_length: '1233',
  response_time: 32129.7,
  level: 'http',
  message: 'incoming-request',
  timestamp: '2024-12-10 07:06:46.053 PM'
}
{
  method: 'GET',
  url: '/api/v1/property/?page=1',
  status: 0,
  response_time: '0',
  level: 'http',
  message: 'incoming-request',
  timestamp: '2024-12-10 07:07:01.428 PM'
}
