{
  method: 'GET',
  url: '/api/v1/property/666720f01ed8af0105a0d444',
  status: 200,
  content_length: '457',
  response_time: 57.752,
  level: 'http',
  message: 'incoming-request',
  timestamp: '2024-06-22 12:14:04.319 PM'
}
{
  method: 'GET',
  url: '/api/v1/property/all?page=0',
  status: 200,
  content_length: '917',
  response_time: 110.777,
  level: 'http',
  message: 'incoming-request',
  timestamp: '2024-06-22 12:14:04.363 PM'
}
{
  method: 'GET',
  url: '/api/v1/auth/google',
  status: 302,
  content_length: '0',
  response_time: 1.507,
  level: 'http',
  message: 'incoming-request',
  timestamp: '2024-06-22 12:20:02.581 PM'
}
{
  method: 'GET',
  url: '/api/v1/auth/google',
  status: 302,
  content_length: '0',
  response_time: 0.455,
  level: 'http',
  message: 'incoming-request',
  timestamp: '2024-06-22 12:25:29.974 PM'
}
{
  method: 'GET',
  url: '/api/v1/auth/google',
  status: 302,
  content_length: '0',
  response_time: 0.2,
  level: 'http',
  message: 'incoming-request',
  timestamp: '2024-06-22 12:26:17.007 PM'
}
{
  method: 'GET',
  url: '/api/v1/property/666720f01ed8af0105a0d444',
  status: 200,
  content_length: '457',
  response_time: 54.199,
  level: 'http',
  message: 'incoming-request',
  timestamp: '2024-06-22 01:44:23.434 PM'
}
{
  method: 'GET',
  url: '/api/v1/property/all?page=0',
  status: 200,
  content_length: '917',
  response_time: 112.492,
  level: 'http',
  message: 'incoming-request',
  timestamp: '2024-06-22 01:44:23.490 PM'
}
{
  message: 'Incorrect email or password',
  level: 'error',
  timestamp: '2024-06-22 02:44:52.478 PM'
}
{
  method: 'POST',
  url: '/api/v1/auth/login',
  status: 400,
  content_length: '306',
  response_time: 60.947,
  level: 'http',
  message: 'incoming-request',
  timestamp: '2024-06-22 02:44:52.483 PM'
}
{
  message: 'Incorrect email or password',
  level: 'error',
  timestamp: '2024-06-22 02:44:53.525 PM'
}
{
  method: 'POST',
  url: '/api/v1/auth/login',
  status: 400,
  content_length: '306',
  response_time: 81.175,
  level: 'http',
  message: 'incoming-request',
  timestamp: '2024-06-22 02:44:53.526 PM'
}
{
  message: 'Incorrect email or password',
  level: 'error',
  timestamp: '2024-06-22 02:44:54.099 PM'
}
{
  method: 'POST',
  url: '/api/v1/auth/login',
  status: 400,
  content_length: '306',
  response_time: 51.97,
  level: 'http',
  message: 'incoming-request',
  timestamp: '2024-06-22 02:44:54.100 PM'
}
{
  message: 'Incorrect email or password',
  level: 'error',
  timestamp: '2024-06-22 02:44:54.361 PM'
}
{
  method: 'POST',
  url: '/api/v1/auth/login',
  status: 400,
  content_length: '306',
  response_time: 54.834,
  level: 'http',
  message: 'incoming-request',
  timestamp: '2024-06-22 02:44:54.362 PM'
}
{
  message: 'Incorrect email or password',
  level: 'error',
  timestamp: '2024-06-22 02:44:54.531 PM'
}
{
  method: 'POST',
  url: '/api/v1/auth/login',
  status: 400,
  content_length: '306',
  response_time: 53.154,
  level: 'http',
  message: 'incoming-request',
  timestamp: '2024-06-22 02:44:54.533 PM'
}
{
  message: 'Incorrect email or password',
  level: 'error',
  timestamp: '2024-06-22 02:44:55.178 PM'
}
{
  method: 'POST',
  url: '/api/v1/auth/login',
  status: 400,
  content_length: '306',
  response_time: 52.095,
  level: 'http',
  message: 'incoming-request',
  timestamp: '2024-06-22 02:44:55.178 PM'
}
{
  method: 'POST',
  url: '/api/v1/auth/login',
  status: 200,
  content_length: '305',
  response_time: 205.052,
  level: 'http',
  message: 'incoming-request',
  timestamp: '2024-06-22 02:50:33.348 PM'
}
{
  method: 'POST',
  url: '/api/v1/auth/login',
  status: 200,
  content_length: '305',
  response_time: 250.429,
  level: 'http',
  message: 'incoming-request',
  timestamp: '2024-06-22 02:50:50.126 PM'
}
{
  message: 'Incorrect email or password',
  level: 'error',
  timestamp: '2024-06-22 02:51:00.078 PM'
}
{
  method: 'POST',
  url: '/api/v1/auth/login',
  status: 400,
  content_length: '306',
  response_time: 51.501,
  level: 'http',
  message: 'incoming-request',
  timestamp: '2024-06-22 02:51:00.080 PM'
}
{
  message: 'Incorrect email or password',
  level: 'error',
  timestamp: '2024-06-22 02:51:00.851 PM'
}
{
  method: 'POST',
  url: '/api/v1/auth/login',
  status: 400,
  content_length: '306',
  response_time: 50.989,
  level: 'http',
  message: 'incoming-request',
  timestamp: '2024-06-22 02:51:00.852 PM'
}
