{
  message: 'Server on 1997 running. NodeENV: development  ',
  level: 'info',
  timestamp: '2024-12-13 04:29:03.294 PM'
}
{
  method: 'GET',
  url: '/api/v1/property/666720f01ed8af0105a0d444',
  status: 304,
  response_time: 129.409,
  level: 'http',
  message: 'incoming-request',
  timestamp: '2024-12-13 04:30:27.144 PM'
}
{
  method: 'GET',
  url: '/api/v1/property/?page=1',
  status: 200,
  content_length: '3505',
  response_time: 240.08,
  level: 'http',
  message: 'incoming-request',
  timestamp: '2024-12-13 04:30:27.246 PM'
}
{
  method: 'GET',
  url: '/api/v1/user/profile',
  status: 304,
  response_time: 274.615,
  level: 'http',
  message: 'incoming-request',
  timestamp: '2024-12-13 04:30:27.254 PM'
}
{
  method: 'GET',
  url: '/api/v1/property/666720f01ed8af0105a0d444',
  status: 304,
  response_time: 81.794,
  level: 'http',
  message: 'incoming-request',
  timestamp: '2024-12-13 04:30:55.981 PM'
}
{
  method: 'GET',
  url: '/api/v1/user/profile',
  status: 304,
  response_time: 212.508,
  level: 'http',
  message: 'incoming-request',
  timestamp: '2024-12-13 04:30:56.118 PM'
}
{
  method: 'GET',
  url: '/api/v1/property/?page=1',
  status: 200,
  content_length: '3505',
  response_time: 226.996,
  level: 'http',
  message: 'incoming-request',
  timestamp: '2024-12-13 04:30:56.130 PM'
}
{
  method: 'GET',
  url: '/api/v1/property/666720f01ed8af0105a0d444',
  status: 304,
  response_time: 82.81,
  level: 'http',
  message: 'incoming-request',
  timestamp: '2024-12-13 04:31:43.788 PM'
}
{
  method: 'GET',
  url: '/api/v1/property/?page=1',
  status: 200,
  content_length: '3505',
  response_time: 152.908,
  level: 'http',
  message: 'incoming-request',
  timestamp: '2024-12-13 04:31:43.869 PM'
}
{
  method: 'GET',
  url: '/api/v1/user/profile',
  status: 304,
  response_time: 167.116,
  level: 'http',
  message: 'incoming-request',
  timestamp: '2024-12-13 04:31:43.890 PM'
}
{
  method: 'GET',
  url: '/api/v1/property/?page=1',
  status: 200,
  content_length: '3505',
  response_time: 219.092,
  level: 'http',
  message: 'incoming-request',
  timestamp: '2024-12-13 04:32:16.931 PM'
}
{
  method: 'GET',
  url: '/api/v1/user/profile',
  status: 304,
  response_time: 234.448,
  level: 'http',
  message: 'incoming-request',
  timestamp: '2024-12-13 04:32:16.950 PM'
}
{
  method: 'GET',
  url: '/api/v1/user/profile',
  status: 304,
  response_time: 173.582,
  level: 'http',
  message: 'incoming-request',
  timestamp: '2024-12-13 04:32:18.429 PM'
}
{
  method: 'GET',
  url: '/api/v1/user/profile',
  status: 304,
  response_time: 164.572,
  level: 'http',
  message: 'incoming-request',
  timestamp: '2024-12-13 04:32:19.432 PM'
}
{
  method: 'GET',
  url: '/api/v1/user/profile',
  status: 304,
  response_time: 228.483,
  level: 'http',
  message: 'incoming-request',
  timestamp: '2024-12-13 04:32:22.628 PM'
}
{
  method: 'GET',
  url: '/api/v1/property/?page=1',
  status: 200,
  content_length: '3505',
  response_time: 174.446,
  level: 'http',
  message: 'incoming-request',
  timestamp: '2024-12-13 04:32:31.959 PM'
}
{
  method: 'GET',
  url: '/api/v1/property/66698737b4ca40d2e7bfb178',
  status: 200,
  content_length: '578',
  response_time: 100.407,
  level: 'http',
  message: 'incoming-request',
  timestamp: '2024-12-13 04:32:33.368 PM'
}
{
  method: 'GET',
  url: '/api/v1/property/?page=1',
  status: 200,
  content_length: '3505',
  response_time: 195.657,
  level: 'http',
  message: 'incoming-request',
  timestamp: '2024-12-13 04:32:33.465 PM'
}
{
  method: 'GET',
  url: '/api/v1/property/666720f01ed8af0105a0d444',
  status: 304,
  response_time: 118.322,
  level: 'http',
  message: 'incoming-request',
  timestamp: '2024-12-13 04:32:39.644 PM'
}
{
  method: 'GET',
  url: '/api/v1/messages/67332bd4d9712b8ece95774a',
  status: 200,
  content_length: '2',
  response_time: 173.252,
  level: 'http',
  message: 'incoming-request',
  timestamp: '2024-12-13 04:32:43.045 PM'
}
{
  method: 'GET',
  url: '/api/v1/property/666720f01ed8af0105a0d444',
  status: 304,
  response_time: 89.644,
  level: 'http',
  message: 'incoming-request',
  timestamp: '2024-12-13 04:34:37.788 PM'
}
{
  method: 'GET',
  url: '/api/v1/property/?page=1',
  status: 200,
  content_length: '3505',
  response_time: 184.133,
  level: 'http',
  message: 'incoming-request',
  timestamp: '2024-12-13 04:34:37.895 PM'
}
{
  method: 'GET',
  url: '/api/v1/user/profile',
  status: 304,
  response_time: 227.824,
  level: 'http',
  message: 'incoming-request',
  timestamp: '2024-12-13 04:34:37.942 PM'
}
{
  message: 'Server on 1997 running. NodeENV: development  ',
  level: 'info',
  timestamp: '2024-12-13 04:35:49.191 PM'
}
{
  method: 'GET',
  url: '/api/v1/property/666720f01ed8af0105a0d444',
  status: 304,
  response_time: 208.056,
  level: 'http',
  message: 'incoming-request',
  timestamp: '2024-12-13 04:36:14.788 PM'
}
{
  method: 'GET',
  url: '/api/v1/property/?page=1',
  status: 200,
  content_length: '3505',
  response_time: 631.61,
  level: 'http',
  message: 'incoming-request',
  timestamp: '2024-12-13 04:36:15.226 PM'
}
{
  method: 'GET',
  url: '/api/v1/user/profile',
  status: 304,
  response_time: 626.06,
  level: 'http',
  message: 'incoming-request',
  timestamp: '2024-12-13 04:36:15.229 PM'
}
{
  method: 'GET',
  url: '/api/v1/messages/67332bd4d9712b8ece95774a',
  status: 304,
  response_time: 184.375,
  level: 'http',
  message: 'incoming-request',
  timestamp: '2024-12-13 04:36:31.317 PM'
}
{
  method: 'GET',
  url: '/api/v1/messages/672e0b0d6b8a1d1375c020b2',
  status: 200,
  content_length: '2',
  response_time: 158.314,
  level: 'http',
  message: 'incoming-request',
  timestamp: '2024-12-13 04:36:31.813 PM'
}
{
  method: 'GET',
  url: '/api/v1/messages/6738b0d3bc69a50643663670',
  status: 304,
  response_time: 277.072,
  level: 'http',
  message: 'incoming-request',
  timestamp: '2024-12-13 04:36:34.358 PM'
}
{
  method: 'GET',
  url: '/api/v1/property/666720f01ed8af0105a0d444',
  status: 304,
  response_time: 99.114,
  level: 'http',
  message: 'incoming-request',
  timestamp: '2024-12-13 04:42:40.710 PM'
}
{
  method: 'GET',
  url: '/api/v1/property/?page=1',
  status: 200,
  content_length: '3505',
  response_time: 200.15,
  level: 'http',
  message: 'incoming-request',
  timestamp: '2024-12-13 04:42:40.833 PM'
}
{
  method: 'GET',
  url: '/api/v1/user/profile',
  status: 304,
  response_time: 213.934,
  level: 'http',
  message: 'incoming-request',
  timestamp: '2024-12-13 04:42:40.838 PM'
}
{
  method: 'GET',
  url: '/api/v1/property/666720f01ed8af0105a0d444',
  status: 304,
  response_time: 71.825,
  level: 'http',
  message: 'incoming-request',
  timestamp: '2024-12-13 04:43:06.309 PM'
}
{
  method: 'GET',
  url: '/api/v1/property/?page=1',
  status: 200,
  content_length: '3505',
  response_time: 175.424,
  level: 'http',
  message: 'incoming-request',
  timestamp: '2024-12-13 04:43:06.417 PM'
}
{
  method: 'GET',
  url: '/api/v1/user/profile',
  status: 304,
  response_time: 176.377,
  level: 'http',
  message: 'incoming-request',
  timestamp: '2024-12-13 04:43:06.421 PM'
}
{
  method: 'GET',
  url: '/api/v1/property/666720f01ed8af0105a0d444',
  status: 304,
  response_time: 88.767,
  level: 'http',
  message: 'incoming-request',
  timestamp: '2024-12-13 04:43:18.898 PM'
}
{
  method: 'GET',
  url: '/api/v1/user/profile',
  status: 304,
  response_time: 188.172,
  level: 'http',
  message: 'incoming-request',
  timestamp: '2024-12-13 04:43:19.006 PM'
}
{
  method: 'GET',
  url: '/api/v1/property/?page=1',
  status: 200,
  content_length: '3505',
  response_time: 199.725,
  level: 'http',
  message: 'incoming-request',
  timestamp: '2024-12-13 04:43:19.013 PM'
}
{
  method: 'GET',
  url: '/api/v1/property/666720f01ed8af0105a0d444',
  status: 304,
  response_time: 159.205,
  level: 'http',
  message: 'incoming-request',
  timestamp: '2024-12-13 04:43:44.473 PM'
}
{
  method: 'GET',
  url: '/api/v1/property/?page=1',
  status: 200,
  content_length: '3505',
  response_time: 251.379,
  level: 'http',
  message: 'incoming-request',
  timestamp: '2024-12-13 04:43:44.568 PM'
}
{
  method: 'GET',
  url: '/api/v1/user/profile',
  status: 304,
  response_time: 254.465,
  level: 'http',
  message: 'incoming-request',
  timestamp: '2024-12-13 04:43:44.577 PM'
}
{
  method: 'GET',
  url: '/api/v1/property/666720f01ed8af0105a0d444',
  status: 304,
  response_time: 91.115,
  level: 'http',
  message: 'incoming-request',
  timestamp: '2024-12-13 04:43:51.058 PM'
}
{
  method: 'GET',
  url: '/api/v1/user/profile',
  status: 304,
  response_time: 254.797,
  level: 'http',
  message: 'incoming-request',
  timestamp: '2024-12-13 04:43:51.231 PM'
}
{
  method: 'GET',
  url: '/api/v1/property/?page=1',
  status: 200,
  content_length: '3505',
  response_time: 293.463,
  level: 'http',
  message: 'incoming-request',
  timestamp: '2024-12-13 04:43:51.266 PM'
}
{
  method: 'GET',
  url: '/api/v1/property/666720f01ed8af0105a0d444',
  status: 304,
  response_time: 109.634,
  level: 'http',
  message: 'incoming-request',
  timestamp: '2024-12-13 04:47:36.118 PM'
}
{
  method: 'GET',
  url: '/api/v1/property/?page=1',
  status: 200,
  content_length: '3505',
  response_time: 178.005,
  level: 'http',
  message: 'incoming-request',
  timestamp: '2024-12-13 04:47:36.201 PM'
}
{
  method: 'GET',
  url: '/api/v1/user/profile',
  status: 304,
  response_time: 182.521,
  level: 'http',
  message: 'incoming-request',
  timestamp: '2024-12-13 04:47:36.207 PM'
}
{
  method: 'GET',
  url: '/api/v1/property/666720f01ed8af0105a0d444',
  status: 304,
  response_time: 121.173,
  level: 'http',
  message: 'incoming-request',
  timestamp: '2024-12-13 04:48:02.950 PM'
}
{
  method: 'GET',
  url: '/api/v1/property/?page=1',
  status: 200,
  content_length: '3505',
  response_time: 218.523,
  level: 'http',
  message: 'incoming-request',
  timestamp: '2024-12-13 04:48:03.050 PM'
}
{
  method: 'GET',
  url: '/api/v1/user/profile',
  status: 304,
  response_time: 193.957,
  level: 'http',
  message: 'incoming-request',
  timestamp: '2024-12-13 04:48:03.126 PM'
}
{
  method: 'GET',
  url: '/api/v1/property/666720f01ed8af0105a0d444',
  status: 304,
  response_time: 91.585,
  level: 'http',
  message: 'incoming-request',
  timestamp: '2024-12-13 04:49:16.384 PM'
}
{
  method: 'GET',
  url: '/api/v1/property/?page=1',
  status: 200,
  content_length: '3505',
  response_time: 173.01,
  level: 'http',
  message: 'incoming-request',
  timestamp: '2024-12-13 04:49:16.470 PM'
}
{
  method: 'GET',
  url: '/api/v1/user/profile',
  status: 304,
  response_time: 171.065,
  level: 'http',
  message: 'incoming-request',
  timestamp: '2024-12-13 04:49:16.472 PM'
}
{
  method: 'GET',
  url: '/api/v1/messages/67332bd4d9712b8ece95774a',
  status: 304,
  response_time: 168.809,
  level: 'http',
  message: 'incoming-request',
  timestamp: '2024-12-13 04:50:05.208 PM'
}
{
  method: 'GET',
  url: '/api/v1/messages/672e0b0d6b8a1d1375c020b2',
  status: 304,
  response_time: 197.663,
  level: 'http',
  message: 'incoming-request',
  timestamp: '2024-12-13 04:50:06.043 PM'
}
{
  method: 'GET',
  url: '/api/v1/messages/67332bd4d9712b8ece95774a',
  status: 304,
  response_time: 216.573,
  level: 'http',
  message: 'incoming-request',
  timestamp: '2024-12-13 05:09:58.861 PM'
}
{
  method: 'GET',
  url: '/api/v1/messages/6738b0d3bc69a50643663670',
  status: 304,
  response_time: 279.319,
  level: 'http',
  message: 'incoming-request',
  timestamp: '2024-12-13 05:10:00.840 PM'
}
{
  method: 'GET',
  url: '/api/v1/property/666720f01ed8af0105a0d444',
  status: 304,
  response_time: 78.038,
  level: 'http',
  message: 'incoming-request',
  timestamp: '2024-12-13 05:10:09.927 PM'
}
{
  method: 'GET',
  url: '/api/v1/user/profile',
  status: 304,
  response_time: 193.497,
  level: 'http',
  message: 'incoming-request',
  timestamp: '2024-12-13 05:10:10.052 PM'
}
{
  method: 'GET',
  url: '/api/v1/property/?page=1',
  status: 200,
  content_length: '3505',
  response_time: 216.32,
  level: 'http',
  message: 'incoming-request',
  timestamp: '2024-12-13 05:10:10.071 PM'
}
{
  method: 'GET',
  url: '/api/v1/messages/674733b9f859f18504a045b2',
  status: 304,
  response_time: 212.576,
  level: 'http',
  message: 'incoming-request',
  timestamp: '2024-12-13 05:10:18.618 PM'
}
{
  method: 'GET',
  url: '/api/v1/messages/67332bd4d9712b8ece95774a',
  status: 304,
  response_time: 146.784,
  level: 'http',
  message: 'incoming-request',
  timestamp: '2024-12-13 05:10:21.973 PM'
}
{
  method: 'GET',
  url: '/api/v1/messages/672e0b0d6b8a1d1375c020b2',
  status: 304,
  response_time: 422.177,
  level: 'http',
  message: 'incoming-request',
  timestamp: '2024-12-13 05:10:30.245 PM'
}
{
  method: 'GET',
  url: '/api/v1/messages/674733b9f859f18504a045b2',
  status: 304,
  response_time: 173.841,
  level: 'http',
  message: 'incoming-request',
  timestamp: '2024-12-13 05:10:59.050 PM'
}
{
  method: 'GET',
  url: '/api/v1/messages/67332bd4d9712b8ece95774a',
  status: 304,
  response_time: 295.205,
  level: 'http',
  message: 'incoming-request',
  timestamp: '2024-12-13 05:11:04.630 PM'
}
{
  method: 'GET',
  url: '/api/v1/user/profile',
  status: 304,
  response_time: 221.686,
  level: 'http',
  message: 'incoming-request',
  timestamp: '2024-12-13 05:11:06.924 PM'
}
{
  method: 'GET',
  url: '/api/v1/messages/6738b0d3bc69a50643663670',
  status: 304,
  response_time: 632.981,
  level: 'http',
  message: 'incoming-request',
  timestamp: '2024-12-13 05:11:09.375 PM'
}
{
  method: 'GET',
  url: '/api/v1/property/666720f01ed8af0105a0d444',
  status: 304,
  response_time: 104.987,
  level: 'http',
  message: 'incoming-request',
  timestamp: '2024-12-13 05:11:15.417 PM'
}
{
  method: 'GET',
  url: '/api/v1/property/?page=1',
  status: 200,
  content_length: '3505',
  response_time: 182.886,
  level: 'http',
  message: 'incoming-request',
  timestamp: '2024-12-13 05:11:15.498 PM'
}
{
  method: 'GET',
  url: '/api/v1/user/profile',
  status: 304,
  response_time: 209.12,
  level: 'http',
  message: 'incoming-request',
  timestamp: '2024-12-13 05:11:15.526 PM'
}
{
  method: 'GET',
  url: '/api/v1/messages/674733b9f859f18504a045b2',
  status: 304,
  response_time: 278.769,
  level: 'http',
  message: 'incoming-request',
  timestamp: '2024-12-13 05:11:18.564 PM'
}
{
  method: 'GET',
  url: '/api/v1/property/666720f01ed8af0105a0d444',
  status: 304,
  response_time: 115.042,
  level: 'http',
  message: 'incoming-request',
  timestamp: '2024-12-13 05:12:52.972 PM'
}
{
  method: 'GET',
  url: '/api/v1/property/?page=1',
  status: 200,
  content_length: '3505',
  response_time: 426.94,
  level: 'http',
  message: 'incoming-request',
  timestamp: '2024-12-13 05:12:53.287 PM'
}
{
  method: 'GET',
  url: '/api/v1/user/profile',
  status: 304,
  response_time: 179.608,
  level: 'http',
  message: 'incoming-request',
  timestamp: '2024-12-13 05:12:57.123 PM'
}
{
  method: 'GET',
  url: '/api/v1/property/666720f01ed8af0105a0d444',
  status: 304,
  response_time: 148.218,
  level: 'http',
  message: 'incoming-request',
  timestamp: '2024-12-13 05:12:59.442 PM'
}
{
  method: 'GET',
  url: '/api/v1/property/?page=1',
  status: 200,
  content_length: '3505',
  response_time: 305.907,
  level: 'http',
  message: 'incoming-request',
  timestamp: '2024-12-13 05:12:59.602 PM'
}
{
  method: 'GET',
  url: '/api/v1/user/profile',
  status: 304,
  response_time: 305.812,
  level: 'http',
  message: 'incoming-request',
  timestamp: '2024-12-13 05:12:59.606 PM'
}
{
  method: 'GET',
  url: '/api/v1/messages/674733b9f859f18504a045b2',
  status: 304,
  response_time: 207.903,
  level: 'http',
  message: 'incoming-request',
  timestamp: '2024-12-13 05:14:26.998 PM'
}
{
  method: 'GET',
  url: '/api/v1/user/profile',
  status: 304,
  response_time: 199.592,
  level: 'http',
  message: 'incoming-request',
  timestamp: '2024-12-13 05:14:31.769 PM'
}
{
  method: 'GET',
  url: '/api/v1/user/profile',
  status: 304,
  response_time: 209.156,
  level: 'http',
  message: 'incoming-request',
  timestamp: '2024-12-13 05:15:56.257 PM'
}
{
  method: 'GET',
  url: '/api/v1/user/profile',
  status: 304,
  response_time: 155.41,
  level: 'http',
  message: 'incoming-request',
  timestamp: '2024-12-13 05:15:56.833 PM'
}
{
  method: 'GET',
  url: '/api/v1/user/profile',
  status: 304,
  response_time: 189.104,
  level: 'http',
  message: 'incoming-request',
  timestamp: '2024-12-13 05:15:58.158 PM'
}
{
  method: 'GET',
  url: '/api/v1/property/?page=1',
  status: 200,
  content_length: '3505',
  response_time: 206.776,
  level: 'http',
  message: 'incoming-request',
  timestamp: '2024-12-13 05:15:58.303 PM'
}
{
  method: 'GET',
  url: '/api/v1/user/profile',
  status: 304,
  response_time: 199.851,
  level: 'http',
  message: 'incoming-request',
  timestamp: '2024-12-13 05:18:58.200 PM'
}
{
  method: 'GET',
  url: '/api/v1/user/profile',
  status: 304,
  response_time: 158.208,
  level: 'http',
  message: 'incoming-request',
  timestamp: '2024-12-13 05:18:59.752 PM'
}
{
  method: 'GET',
  url: '/api/v1/property/?page=1',
  status: 200,
  content_length: '3505',
  response_time: 163.697,
  level: 'http',
  message: 'incoming-request',
  timestamp: '2024-12-13 05:18:59.809 PM'
}
{
  method: 'GET',
  url: '/api/v1/user/profile',
  status: 304,
  response_time: 226.274,
  level: 'http',
  message: 'incoming-request',
  timestamp: '2024-12-13 05:19:00.671 PM'
}
{
  method: 'GET',
  url: '/api/v1/messages/6738b0d3bc69a50643663670',
  status: 304,
  response_time: 432.348,
  level: 'http',
  message: 'incoming-request',
  timestamp: '2024-12-13 05:19:27.998 PM'
}
{
  method: 'GET',
  url: '/api/v1/user/profile',
  status: 304,
  response_time: 738.202,
  level: 'http',
  message: 'incoming-request',
  timestamp: '2024-12-13 05:19:36.285 PM'
}
{
  method: 'GET',
  url: '/api/v1/user/profile',
  status: 304,
  response_time: 145.618,
  level: 'http',
  message: 'incoming-request',
  timestamp: '2024-12-13 05:20:58.769 PM'
}
{
  method: 'GET',
  url: '/api/v1/user/profile',
  status: 304,
  response_time: 195.319,
  level: 'http',
  message: 'incoming-request',
  timestamp: '2024-12-13 05:21:02.406 PM'
}
{
  method: 'GET',
  url: '/api/v1/user/profile',
  status: 304,
  response_time: 193.579,
  level: 'http',
  message: 'incoming-request',
  timestamp: '2024-12-13 05:21:12.864 PM'
}
{
  method: 'GET',
  url: '/api/v1/user/profile',
  status: 304,
  response_time: 226.137,
  level: 'http',
  message: 'incoming-request',
  timestamp: '2024-12-13 05:21:15.261 PM'
}
{
  method: 'GET',
  url: '/api/v1/property/?page=1',
  status: 200,
  content_length: '3505',
  response_time: 205.472,
  level: 'http',
  message: 'incoming-request',
  timestamp: '2024-12-13 05:21:15.280 PM'
}
{
  method: 'GET',
  url: '/api/v1/user/profile',
  status: 304,
  response_time: 268.751,
  level: 'http',
  message: 'incoming-request',
  timestamp: '2024-12-13 05:21:15.428 PM'
}
{
  method: 'GET',
  url: '/api/v1/messages/6738b0d3bc69a50643663670',
  status: 304,
  response_time: 632.767,
  level: 'http',
  message: 'incoming-request',
  timestamp: '2024-12-13 05:21:53.487 PM'
}
{
  method: 'GET',
  url: '/api/v1/messages/67332bd4d9712b8ece95774a',
  status: 304,
  response_time: 607.032,
  level: 'http',
  message: 'incoming-request',
  timestamp: '2024-12-13 05:21:54.096 PM'
}
{
  method: 'GET',
  url: '/api/v1/messages/672e0b0d6b8a1d1375c020b2',
  status: 304,
  response_time: 273.84,
  level: 'http',
  message: 'incoming-request',
  timestamp: '2024-12-13 05:21:54.318 PM'
}
{
  method: 'GET',
  url: '/api/v1/user/profile',
  status: 304,
  response_time: 235.16,
  level: 'http',
  message: 'incoming-request',
  timestamp: '2024-12-13 05:22:01.609 PM'
}
{
  method: 'GET',
  url: '/api/v1/user/profile',
  status: 304,
  response_time: 310.459,
  level: 'http',
  message: 'incoming-request',
  timestamp: '2024-12-13 05:24:29.790 PM'
}
{
  method: 'GET',
  url: '/api/v1/user/profile',
  status: 304,
  response_time: 1791.48,
  level: 'http',
  message: 'incoming-request',
  timestamp: '2024-12-13 05:24:36.109 PM'
}
{
  method: 'GET',
  url: '/api/v1/user/profile',
  status: 304,
  response_time: 175.963,
  level: 'http',
  message: 'incoming-request',
  timestamp: '2024-12-13 05:24:42.219 PM'
}
{
  method: 'GET',
  url: '/api/v1/property/?page=1',
  status: 200,
  content_length: '3505',
  response_time: 187.266,
  level: 'http',
  message: 'incoming-request',
  timestamp: '2024-12-13 05:24:42.236 PM'
}
{
  method: 'GET',
  url: '/api/v1/user/profile',
  status: 200,
  content_length: '1023',
  response_time: 800.858,
  level: 'http',
  message: 'incoming-request',
  timestamp: '2024-12-13 05:24:59.824 PM'
}
{
  method: 'GET',
  url: '/api/v1/user/profile',
  status: 304,
  response_time: 239.179,
  level: 'http',
  message: 'incoming-request',
  timestamp: '2024-12-13 05:25:04.871 PM'
}
{
  method: 'GET',
  url: '/api/v1/user/profile',
  status: 304,
  response_time: 472.699,
  level: 'http',
  message: 'incoming-request',
  timestamp: '2024-12-13 05:27:05.042 PM'
}
{
  method: 'GET',
  url: '/api/v1/user/profile',
  status: 304,
  response_time: 386.922,
  level: 'http',
  message: 'incoming-request',
  timestamp: '2024-12-13 05:27:07.383 PM'
}
{
  method: 'GET',
  url: '/api/v1/user/profile',
  status: 304,
  response_time: 1371.424,
  level: 'http',
  message: 'incoming-request',
  timestamp: '2024-12-13 05:27:53.311 PM'
}
{
  method: 'GET',
  url: '/api/v1/user/profile',
  status: 304,
  response_time: 492.884,
  level: 'http',
  message: 'incoming-request',
  timestamp: '2024-12-13 05:27:54.523 PM'
}
{
  method: 'GET',
  url: '/api/v1/property/?page=1',
  status: 200,
  content_length: '3505',
  response_time: 271.361,
  level: 'http',
  message: 'incoming-request',
  timestamp: '2024-12-13 05:28:08.825 PM'
}
{
  method: 'GET',
  url: '/api/v1/messages/6738b0d3bc69a50643663670',
  status: 304,
  response_time: 194.001,
  level: 'http',
  message: 'incoming-request',
  timestamp: '2024-12-13 05:28:42.515 PM'
}
{
  method: 'GET',
  url: '/api/v1/property/?page=1',
  status: 200,
  content_length: '3505',
  response_time: 446.169,
  level: 'http',
  message: 'incoming-request',
  timestamp: '2024-12-13 05:29:16.118 PM'
}
{
  method: 'GET',
  url: '/api/v1/user/profile',
  status: 304,
  response_time: 782.306,
  level: 'http',
  message: 'incoming-request',
  timestamp: '2024-12-13 05:29:16.787 PM'
}
{
  method: 'GET',
  url: '/api/v1/user/profile',
  status: 304,
  response_time: 178.89,
  level: 'http',
  message: 'incoming-request',
  timestamp: '2024-12-13 05:29:18.452 PM'
}
{
  method: 'GET',
  url: '/api/v1/messages/67332bd4d9712b8ece95774a',
  status: 304,
  response_time: 369.939,
  level: 'http',
  message: 'incoming-request',
  timestamp: '2024-12-13 05:29:47.250 PM'
}
{
  method: 'GET',
  url: '/api/v1/property/?page=1',
  status: 200,
  content_length: '3505',
  response_time: 270.682,
  level: 'http',
  message: 'incoming-request',
  timestamp: '2024-12-13 05:29:53.393 PM'
}
{
  method: 'GET',
  url: '/api/v1/user/profile',
  status: 304,
  response_time: 292.728,
  level: 'http',
  message: 'incoming-request',
  timestamp: '2024-12-13 05:29:53.417 PM'
}
{
  method: 'GET',
  url: '/api/v1/user/profile',
  status: 304,
  response_time: 244.629,
  level: 'http',
  message: 'incoming-request',
  timestamp: '2024-12-13 05:29:54.499 PM'
}
{
  method: 'GET',
  url: '/api/v1/messages/6738b0d3bc69a50643663670',
  status: 304,
  response_time: 429.427,
  level: 'http',
  message: 'incoming-request',
  timestamp: '2024-12-13 05:30:21.703 PM'
}
{
  method: 'GET',
  url: '/api/v1/messages/67332bd4d9712b8ece95774a',
  status: 304,
  response_time: 178.841,
  level: 'http',
  message: 'incoming-request',
  timestamp: '2024-12-13 05:30:22.332 PM'
}
{
  method: 'GET',
  url: '/api/v1/messages/672e0b0d6b8a1d1375c020b2',
  status: 304,
  response_time: 206.376,
  level: 'http',
  message: 'incoming-request',
  timestamp: '2024-12-13 05:30:23.452 PM'
}
{
  method: 'GET',
  url: '/api/v1/property/?page=1',
  status: 200,
  content_length: '3505',
  response_time: 3864.079,
  level: 'http',
  message: 'incoming-request',
  timestamp: '2024-12-13 05:31:16.198 PM'
}
{
  method: 'GET',
  url: '/api/v1/user/profile',
  status: 304,
  response_time: 1387.385,
  level: 'http',
  message: 'incoming-request',
  timestamp: '2024-12-13 05:31:16.374 PM'
}
{
  method: 'GET',
  url: '/api/v1/user/profile',
  status: 304,
  response_time: 5186.009,
  level: 'http',
  message: 'incoming-request',
  timestamp: '2024-12-13 05:31:17.540 PM'
}
{
  method: 'GET',
  url: '/api/v1/messages/674733b9f859f18504a045b2',
  status: 304,
  response_time: 706.906,
  level: 'http',
  message: 'incoming-request',
  timestamp: '2024-12-13 05:31:20.361 PM'
}
{
  method: 'GET',
  url: '/api/v1/messages/67332bd4d9712b8ece95774a',
  status: 304,
  response_time: 1571.544,
  level: 'http',
  message: 'incoming-request',
  timestamp: '2024-12-13 05:31:21.971 PM'
}
{
  method: 'GET',
  url: '/api/v1/messages/672e0b0d6b8a1d1375c020b2',
  status: 304,
  response_time: 2169.637,
  level: 'http',
  message: 'incoming-request',
  timestamp: '2024-12-13 05:31:23.718 PM'
}
{
  message: 'Server on 1997 running. NodeENV: development  ',
  level: 'info',
  timestamp: '2024-12-13 05:32:18.482 PM'
}
{
  method: 'GET',
  url: '/api/v1/property/666720f01ed8af0105a0d444',
  status: 304,
  response_time: 666.676,
  level: 'http',
  message: 'incoming-request',
  timestamp: '2024-12-13 05:32:26.175 PM'
}
{
  method: 'GET',
  url: '/api/v1/property/666720f01ed8af0105a0d444',
  status: 304,
  response_time: 90.577,
  level: 'http',
  message: 'incoming-request',
  timestamp: '2024-12-13 05:32:54.372 PM'
}
{
  method: 'GET',
  url: '/api/v1/user/profile',
  status: 304,
  response_time: 205.804,
  level: 'http',
  message: 'incoming-request',
  timestamp: '2024-12-13 05:32:54.491 PM'
}
{
  method: 'GET',
  url: '/api/v1/property/?page=1',
  status: 200,
  content_length: '3505',
  response_time: 219.439,
  level: 'http',
  message: 'incoming-request',
  timestamp: '2024-12-13 05:32:54.563 PM'
}
{
  method: 'GET',
  url: '/api/v1/messages/6738b0d3bc69a50643663670',
  status: 304,
  response_time: 5809.024,
  level: 'http',
  message: 'incoming-request',
  timestamp: '2024-12-13 05:33:13.028 PM'
}
{
  method: 'GET',
  url: '/api/v1/messages/67332bd4d9712b8ece95774a',
  status: 304,
  response_time: 5078.209,
  level: 'http',
  message: 'incoming-request',
  timestamp: '2024-12-13 05:33:15.068 PM'
}
{
  method: 'GET',
  url: '/api/v1/messages/672e0b0d6b8a1d1375c020b2',
  status: 304,
  response_time: 10750.126,
  level: 'http',
  message: 'incoming-request',
  timestamp: '2024-12-13 05:33:21.956 PM'
}
{
  method: 'POST',
  url: '/api/v1/messages/send/6738b0d3bc69a50643663670',
  status: 201,
  content_length: '228',
  response_time: 490.12,
  level: 'http',
  message: 'incoming-request',
  timestamp: '2024-12-13 05:33:24.913 PM'
}
{
  method: 'GET',
  url: '/api/v1/messages/6738b0d3bc69a50643663670',
  status: 200,
  content_length: '14734',
  response_time: 4467.011,
  level: 'http',
  message: 'incoming-request',
  timestamp: '2024-12-13 05:33:29.420 PM'
}
{
  method: 'GET',
  url: '/api/v1/messages/672e0b0d6b8a1d1375c020b2',
  status: 304,
  response_time: 413.925,
  level: 'http',
  message: 'incoming-request',
  timestamp: '2024-12-13 05:33:29.952 PM'
}
{
  method: 'GET',
  url: '/api/v1/messages/67332bd4d9712b8ece95774a',
  status: 304,
  response_time: 3565.833,
  level: 'http',
  message: 'incoming-request',
  timestamp: '2024-12-13 05:33:30.036 PM'
}
{
  method: 'GET',
  url: '/api/v1/property/?page=1',
  status: 200,
  content_length: '3505',
  response_time: 1055.414,
  level: 'http',
  message: 'incoming-request',
  timestamp: '2024-12-13 05:33:44.488 PM'
}
{
  method: 'GET',
  url: '/api/v1/messages/6738b0d3bc69a50643663670',
  status: 304,
  response_time: 1128.172,
  level: 'http',
  message: 'incoming-request',
  timestamp: '2024-12-13 05:33:48.095 PM'
}
{
  method: 'GET',
  url: '/api/v1/messages/67332bd4d9712b8ece95774a',
  status: 304,
  response_time: 679.898,
  level: 'http',
  message: 'incoming-request',
  timestamp: '2024-12-13 05:33:48.733 PM'
}
{
  method: 'GET',
  url: '/api/v1/messages/672e0b0d6b8a1d1375c020b2',
  status: 304,
  response_time: 652.745,
  level: 'http',
  message: 'incoming-request',
  timestamp: '2024-12-13 05:33:49.187 PM'
}
{
  method: 'GET',
  url: '/api/v1/user/profile',
  status: 304,
  response_time: 424.831,
  level: 'http',
  message: 'incoming-request',
  timestamp: '2024-12-13 05:33:53.477 PM'
}
{
  method: 'GET',
  url: '/api/v1/messages/674733b9f859f18504a045b2',
  status: 200,
  content_length: '14734',
  response_time: 5505.034,
  level: 'http',
  message: 'incoming-request',
  timestamp: '2024-12-13 05:34:01.117 PM'
}
{
  method: 'GET',
  url: '/api/v1/messages/67332bd4d9712b8ece95774a',
  status: 304,
  response_time: 1329.794,
  level: 'http',
  message: 'incoming-request',
  timestamp: '2024-12-13 05:34:01.248 PM'
}
{
  method: 'GET',
  url: '/api/v1/user/profile',
  status: 304,
  response_time: 714.236,
  level: 'http',
  message: 'incoming-request',
  timestamp: '2024-12-13 05:37:08.873 PM'
}
{
  method: 'GET',
  url: '/api/v1/user/profile',
  status: 304,
  response_time: 270.131,
  level: 'http',
  message: 'incoming-request',
  timestamp: '2024-12-13 05:37:09.755 PM'
}
{
  method: 'GET',
  url: '/api/v1/property/?page=1',
  status: 200,
  content_length: '3505',
  response_time: 2023.925,
  level: 'http',
  message: 'incoming-request',
  timestamp: '2024-12-13 05:37:13.761 PM'
}
{
  method: 'GET',
  url: '/api/v1/user/profile',
  status: 304,
  response_time: 466.978,
  level: 'http',
  message: 'incoming-request',
  timestamp: '2024-12-13 05:38:18.125 PM'
}
{
  method: 'GET',
  url: '/api/v1/property/?page=1',
  status: 200,
  content_length: '3505',
  response_time: 167.884,
  level: 'http',
  message: 'incoming-request',
  timestamp: '2024-12-13 05:38:49.285 PM'
}
{
  method: 'GET',
  url: '/api/v1/user/profile',
  status: 304,
  response_time: 171.239,
  level: 'http',
  message: 'incoming-request',
  timestamp: '2024-12-13 05:38:49.291 PM'
}
{
  method: 'GET',
  url: '/api/v1/user/profile',
  status: 304,
  response_time: 172.431,
  level: 'http',
  message: 'incoming-request',
  timestamp: '2024-12-13 05:38:50.998 PM'
}
{
  method: 'GET',
  url: '/api/v1/user/profile',
  status: 304,
  response_time: 838.639,
  level: 'http',
  message: 'incoming-request',
  timestamp: '2024-12-13 05:39:09.974 PM'
}
{
  method: 'GET',
  url: '/api/v1/user/profile',
  status: 304,
  response_time: 1004.708,
  level: 'http',
  message: 'incoming-request',
  timestamp: '2024-12-13 05:39:10.435 PM'
}
{
  method: 'GET',
  url: '/api/v1/property/?page=1',
  status: 200,
  content_length: '3505',
  response_time: 1449.195,
  level: 'http',
  message: 'incoming-request',
  timestamp: '2024-12-13 05:39:10.500 PM'
}
{
  method: 'GET',
  url: '/api/v1/property/667d3343e9317340ae958b3c',
  status: 200,
  content_length: '566',
  response_time: 2804.667,
  level: 'http',
  message: 'incoming-request',
  timestamp: '2024-12-13 05:39:22.670 PM'
}
{
  method: 'GET',
  url: '/api/v1/property/?page=1',
  status: 200,
  content_length: '3505',
  response_time: 19868.362,
  level: 'http',
  message: 'incoming-request',
  timestamp: '2024-12-13 05:39:39.739 PM'
}
{
  method: 'GET',
  url: '/api/v1/property/66698737b4ca40d2e7bfb178',
  status: 200,
  content_length: '578',
  response_time: 9331.541,
  level: 'http',
  message: 'incoming-request',
  timestamp: '2024-12-13 05:39:44.220 PM'
}
{
  method: 'GET',
  url: '/api/v1/property/66698737b4ca40d2e7bfb178',
  status: 200,
  content_length: '578',
  response_time: 185.269,
  level: 'http',
  message: 'incoming-request',
  timestamp: '2024-12-13 05:40:50.169 PM'
}
{
  method: 'GET',
  url: '/api/v1/property/?page=1',
  status: 200,
  content_length: '3505',
  response_time: 357.561,
  level: 'http',
  message: 'incoming-request',
  timestamp: '2024-12-13 05:40:50.348 PM'
}
{
  method: 'GET',
  url: '/api/v1/user/profile',
  status: 304,
  response_time: 1145.458,
  level: 'http',
  message: 'incoming-request',
  timestamp: '2024-12-13 05:40:52.207 PM'
}
{
  method: 'GET',
  url: '/api/v1/user/profile',
  status: 304,
  response_time: 2610.559,
  level: 'http',
  message: 'incoming-request',
  timestamp: '2024-12-13 05:40:52.605 PM'
}
{
  method: 'GET',
  url: '/api/v1/property/66698737b4ca40d2e7bfb178',
  status: 200,
  content_length: '578',
  response_time: 109.352,
  level: 'http',
  message: 'incoming-request',
  timestamp: '2024-12-13 05:42:51.935 PM'
}
{
  method: 'GET',
  url: '/api/v1/user/profile',
  status: 304,
  response_time: 205.741,
  level: 'http',
  message: 'incoming-request',
  timestamp: '2024-12-13 05:42:52.041 PM'
}
{
  method: 'GET',
  url: '/api/v1/property/?page=1',
  status: 200,
  content_length: '3505',
  response_time: 291.986,
  level: 'http',
  message: 'incoming-request',
  timestamp: '2024-12-13 05:42:52.125 PM'
}
{
  method: 'GET',
  url: '/api/v1/user/profile',
  status: 304,
  response_time: 167.464,
  level: 'http',
  message: 'incoming-request',
  timestamp: '2024-12-13 05:42:52.722 PM'
}
{
  method: 'GET',
  url: '/api/v1/property/66698737b4ca40d2e7bfb178',
  status: 200,
  content_length: '578',
  response_time: 118.663,
  level: 'http',
  message: 'incoming-request',
  timestamp: '2024-12-13 05:43:15.964 PM'
}
{
  method: 'GET',
  url: '/api/v1/property/?page=1',
  status: 200,
  content_length: '3505',
  response_time: 201.486,
  level: 'http',
  message: 'incoming-request',
  timestamp: '2024-12-13 05:43:16.109 PM'
}
{
  method: 'GET',
  url: '/api/v1/user/profile',
  status: 304,
  response_time: 279.417,
  level: 'http',
  message: 'incoming-request',
  timestamp: '2024-12-13 05:43:16.186 PM'
}
{
  method: 'GET',
  url: '/api/v1/user/profile',
  status: 304,
  response_time: 180.941,
  level: 'http',
  message: 'incoming-request',
  timestamp: '2024-12-13 05:43:16.735 PM'
}
{
  method: 'GET',
  url: '/api/v1/property/?page=1',
  status: 200,
  content_length: '3505',
  response_time: 174.413,
  level: 'http',
  message: 'incoming-request',
  timestamp: '2024-12-13 05:43:44.380 PM'
}
{
  method: 'GET',
  url: '/api/v1/user/profile',
  status: 304,
  response_time: 197.924,
  level: 'http',
  message: 'incoming-request',
  timestamp: '2024-12-13 05:43:55.292 PM'
}
{
  method: 'GET',
  url: '/api/v1/property/66698737b4ca40d2e7bfb178',
  status: 200,
  content_length: '578',
  response_time: 112.464,
  level: 'http',
  message: 'incoming-request',
  timestamp: '2024-12-13 05:43:55.572 PM'
}
{
  method: 'GET',
  url: '/api/v1/property/?page=1',
  status: 200,
  content_length: '3505',
  response_time: 368.569,
  level: 'http',
  message: 'incoming-request',
  timestamp: '2024-12-13 05:43:55.831 PM'
}
{
  method: 'GET',
  url: '/api/v1/user/profile',
  status: 304,
  response_time: 520.168,
  level: 'http',
  message: 'incoming-request',
  timestamp: '2024-12-13 05:43:55.993 PM'
}
