{
  method: 'POST',
  url: '/api/v1/auth/login',
  status: 200,
  content_length: '464',
  response_time: 10014.18,
  level: 'http',
  message: 'incoming-request',
  timestamp: '2024-06-01 11:47:03.355 AM'
}
{
  method: 'POST',
  url: '/api/v1/auth/register',
  status: 400,
  content_length: '403',
  response_time: 188.267,
  level: 'http',
  message: 'incoming-request',
  timestamp: '2024-06-01 12:30:50.934 PM'
}
{
  method: 'POST',
  url: '/api/v1/auth/register',
  status: 400,
  content_length: '403',
  response_time: 131.448,
  level: 'http',
  message: 'incoming-request',
  timestamp: '2024-06-01 12:30:54.722 PM'
}
{
  method: 'POST',
  url: '/api/v1/auth/login',
  status: 200,
  content_length: '303',
  response_time: 252.109,
  level: 'http',
  message: 'incoming-request',
  timestamp: '2024-06-01 12:31:01.753 PM'
}
{
  method: 'POST',
  url: '/api/v1/auth/login',
  status: 200,
  content_length: '303',
  response_time: 675.146,
  level: 'http',
  message: 'incoming-request',
  timestamp: '2024-06-01 12:31:11.673 PM'
}
{
  method: 'POST',
  url: '/api/v1/auth/login',
  status: 200,
  content_length: '303',
  response_time: 577.199,
  level: 'http',
  message: 'incoming-request',
  timestamp: '2024-06-01 02:55:03.149 PM'
}
