{
  method: 'GET',
  url: '/api/v1/user/profile',
  status: 200,
  content_length: '291',
  response_time: 147.273,
  level: 'http',
  message: 'incoming-request',
  timestamp: '2024-07-08 12:38:54.067 PM'
}
{
  method: 'GET',
  url: '/api/v1/property/?page=1',
  status: 200,
  content_length: '2719',
  response_time: 191.426,
  level: 'http',
  message: 'incoming-request',
  timestamp: '2024-07-08 12:38:54.120 PM'
}
{
  method: 'GET',
  url: '/api/v1/property/666720f01ed8af0105a0d444',
  status: 200,
  content_length: '457',
  response_time: 49.306,
  level: 'http',
  message: 'incoming-request',
  timestamp: '2024-07-08 12:38:54.213 PM'
}
{
  method: 'GET',
  url: '/api/v1/property/66698737b4ca40d2e7bfb178',
  status: 200,
  content_length: '463',
  response_time: 49.16,
  level: 'http',
  message: 'incoming-request',
  timestamp: '2024-07-08 12:38:54.214 PM'
}
{
  method: 'GET',
  url: '/api/v1/property/667d32bae9317340ae958b34',
  status: 200,
  content_length: '484',
  response_time: 50.15,
  level: 'http',
  message: 'incoming-request',
  timestamp: '2024-07-08 12:38:54.218 PM'
}
{
  method: 'GET',
  url: '/api/v1/property/667d33ace9317340ae958b40',
  status: 200,
  content_length: '477',
  response_time: 112.588,
  level: 'http',
  message: 'incoming-request',
  timestamp: '2024-07-08 12:38:54.284 PM'
}
{
  method: 'GET',
  url: '/api/v1/property/667d3343e9317340ae958b3c',
  status: 200,
  content_length: '481',
  response_time: 472.868,
  level: 'http',
  message: 'incoming-request',
  timestamp: '2024-07-08 12:38:54.643 PM'
}
{
  method: 'GET',
  url: '/api/v1/property/667d3302e9317340ae958b38',
  status: 200,
  content_length: '484',
  response_time: 550.83,
  level: 'http',
  message: 'incoming-request',
  timestamp: '2024-07-08 12:38:54.719 PM'
}
{
  method: 'GET',
  url: '/api/v1/user/profile',
  status: 304,
  response_time: 186.51,
  level: 'http',
  message: 'incoming-request',
  timestamp: '2024-07-08 12:41:27.003 PM'
}
{
  method: 'GET',
  url: '/api/v1/property/?page=1',
  status: 304,
  response_time: 258.384,
  level: 'http',
  message: 'incoming-request',
  timestamp: '2024-07-08 12:41:27.078 PM'
}
{
  method: 'GET',
  url: '/api/v1/property/?page=1',
  status: 304,
  response_time: 138.024,
  level: 'http',
  message: 'incoming-request',
  timestamp: '2024-07-08 12:41:32.094 PM'
}
{
  method: 'GET',
  url: '/api/v1/user/profile',
  status: 304,
  response_time: 166.112,
  level: 'http',
  message: 'incoming-request',
  timestamp: '2024-07-08 12:41:32.119 PM'
}
{
  method: 'GET',
  url: '/api/v1/user/profile',
  status: 304,
  response_time: 107.051,
  level: 'http',
  message: 'incoming-request',
  timestamp: '2024-07-08 12:41:34.413 PM'
}
{
  method: 'GET',
  url: '/api/v1/property/?page=1',
  status: 304,
  response_time: 174.767,
  level: 'http',
  message: 'incoming-request',
  timestamp: '2024-07-08 12:41:34.483 PM'
}
{
  method: 'GET',
  url: '/api/v1/user/profile',
  status: 304,
  response_time: 109.4,
  level: 'http',
  message: 'incoming-request',
  timestamp: '2024-07-08 12:42:05.916 PM'
}
{
  method: 'GET',
  url: '/api/v1/property/?page=1',
  status: 304,
  response_time: 208.343,
  level: 'http',
  message: 'incoming-request',
  timestamp: '2024-07-08 12:42:06.018 PM'
}
{
  method: 'GET',
  url: '/api/v1/user/profile',
  status: 304,
  response_time: 204.916,
  level: 'http',
  message: 'incoming-request',
  timestamp: '2024-07-08 04:00:45.305 PM'
}
{
  method: 'GET',
  url: '/api/v1/property/?page=1',
  status: 304,
  response_time: 264.783,
  level: 'http',
  message: 'incoming-request',
  timestamp: '2024-07-08 04:00:45.374 PM'
}
{
  method: 'GET',
  url: '/api/v1/property/667d32bae9317340ae958b34',
  status: 200,
  content_length: '484',
  response_time: 95.025,
  level: 'http',
  message: 'incoming-request',
  timestamp: '2024-07-08 04:00:45.515 PM'
}
{
  method: 'GET',
  url: '/api/v1/property/66698737b4ca40d2e7bfb178',
  status: 200,
  content_length: '463',
  response_time: 98.74,
  level: 'http',
  message: 'incoming-request',
  timestamp: '2024-07-08 04:00:45.516 PM'
}
{
  method: 'GET',
  url: '/api/v1/property/666720f01ed8af0105a0d444',
  status: 200,
  content_length: '457',
  response_time: 103.609,
  level: 'http',
  message: 'incoming-request',
  timestamp: '2024-07-08 04:00:45.518 PM'
}
{
  method: 'GET',
  url: '/api/v1/property/667d33ace9317340ae958b40',
  status: 200,
  content_length: '477',
  response_time: 187.392,
  level: 'http',
  message: 'incoming-request',
  timestamp: '2024-07-08 04:00:45.613 PM'
}
{
  method: 'GET',
  url: '/api/v1/property/667d3343e9317340ae958b3c',
  status: 200,
  content_length: '481',
  response_time: 632.527,
  level: 'http',
  message: 'incoming-request',
  timestamp: '2024-07-08 04:00:46.057 PM'
}
{
  method: 'GET',
  url: '/api/v1/property/667d3302e9317340ae958b38',
  status: 200,
  content_length: '484',
  response_time: 682.716,
  level: 'http',
  message: 'incoming-request',
  timestamp: '2024-07-08 04:00:46.104 PM'
}
{
  method: 'GET',
  url: '/api/v1/user/profile',
  status: 304,
  response_time: 200.36,
  level: 'http',
  message: 'incoming-request',
  timestamp: '2024-07-08 04:01:06.388 PM'
}
{
  method: 'GET',
  url: '/api/v1/property/?page=1',
  status: 304,
  response_time: 248.583,
  level: 'http',
  message: 'incoming-request',
  timestamp: '2024-07-08 04:01:06.439 PM'
}
{
  method: 'GET',
  url: '/api/v1/user/profile',
  status: 304,
  response_time: 154.769,
  level: 'http',
  message: 'incoming-request',
  timestamp: '2024-07-08 04:01:08.065 PM'
}
{
  method: 'GET',
  url: '/api/v1/property/?page=1',
  status: 304,
  response_time: 232.373,
  level: 'http',
  message: 'incoming-request',
  timestamp: '2024-07-08 04:01:08.145 PM'
}
{
  method: 'GET',
  url: '/api/v1/property/66698737b4ca40d2e7bfb178',
  status: 304,
  response_time: 85.676,
  level: 'http',
  message: 'incoming-request',
  timestamp: '2024-07-08 04:01:08.283 PM'
}
{
  method: 'GET',
  url: '/api/v1/property/667d32bae9317340ae958b34',
  status: 304,
  response_time: 85.324,
  level: 'http',
  message: 'incoming-request',
  timestamp: '2024-07-08 04:01:08.284 PM'
}
{
  method: 'GET',
  url: '/api/v1/property/667d3302e9317340ae958b38',
  status: 304,
  response_time: 85.912,
  level: 'http',
  message: 'incoming-request',
  timestamp: '2024-07-08 04:01:08.286 PM'
}
{
  method: 'GET',
  url: '/api/v1/property/667d3343e9317340ae958b3c',
  status: 304,
  response_time: 87.312,
  level: 'http',
  message: 'incoming-request',
  timestamp: '2024-07-08 04:01:08.288 PM'
}
{
  method: 'GET',
  url: '/api/v1/property/666720f01ed8af0105a0d444',
  status: 304,
  response_time: 103.32,
  level: 'http',
  message: 'incoming-request',
  timestamp: '2024-07-08 04:01:08.299 PM'
}
{
  method: 'GET',
  url: '/api/v1/property/667d33ace9317340ae958b40',
  status: 304,
  response_time: 847.505,
  level: 'http',
  message: 'incoming-request',
  timestamp: '2024-07-08 04:01:09.049 PM'
}
{
  method: 'GET',
  url: '/api/v1/user/profile',
  status: 304,
  response_time: 245.7,
  level: 'http',
  message: 'incoming-request',
  timestamp: '2024-07-08 04:01:15.970 PM'
}
{
  method: 'GET',
  url: '/api/v1/property/?page=1',
  status: 304,
  response_time: 360.686,
  level: 'http',
  message: 'incoming-request',
  timestamp: '2024-07-08 04:01:16.087 PM'
}
{
  method: 'GET',
  url: '/api/v1/property/667d3343e9317340ae958b3c',
  status: 304,
  response_time: 78.157,
  level: 'http',
  message: 'incoming-request',
  timestamp: '2024-07-08 04:01:16.210 PM'
}
{
  method: 'GET',
  url: '/api/v1/property/667d3302e9317340ae958b38',
  status: 304,
  response_time: 114.475,
  level: 'http',
  message: 'incoming-request',
  timestamp: '2024-07-08 04:01:16.245 PM'
}
{
  method: 'GET',
  url: '/api/v1/property/667d32bae9317340ae958b34',
  status: 304,
  response_time: 116.556,
  level: 'http',
  message: 'incoming-request',
  timestamp: '2024-07-08 04:01:16.246 PM'
}
{
  method: 'GET',
  url: '/api/v1/property/66698737b4ca40d2e7bfb178',
  status: 304,
  response_time: 118.956,
  level: 'http',
  message: 'incoming-request',
  timestamp: '2024-07-08 04:01:16.247 PM'
}
{
  method: 'GET',
  url: '/api/v1/property/666720f01ed8af0105a0d444',
  status: 304,
  response_time: 121.675,
  level: 'http',
  message: 'incoming-request',
  timestamp: '2024-07-08 04:01:16.248 PM'
}
{
  method: 'GET',
  url: '/api/v1/property/667d33ace9317340ae958b40',
  status: 304,
  response_time: 118.386,
  level: 'http',
  message: 'incoming-request',
  timestamp: '2024-07-08 04:01:16.251 PM'
}
{
  method: 'GET',
  url: '/api/v1/property/?page=1',
  status: null,
  response_time: null,
  level: 'http',
  message: 'incoming-request',
  timestamp: '2024-07-08 04:01:52.683 PM'
}
{
  method: 'GET',
  url: '/api/v1/user/profile',
  status: null,
  response_time: null,
  level: 'http',
  message: 'incoming-request',
  timestamp: '2024-07-08 04:01:52.684 PM'
}
{
  method: 'GET',
  url: '/api/v1/user/profile',
  status: 200,
  content_length: '291',
  response_time: 235.088,
  level: 'http',
  message: 'incoming-request',
  timestamp: '2024-07-08 04:01:54.020 PM'
}
{
  method: 'GET',
  url: '/api/v1/property/?page=1',
  status: 200,
  content_length: '2719',
  response_time: 239.971,
  level: 'http',
  message: 'incoming-request',
  timestamp: '2024-07-08 04:01:54.028 PM'
}
{
  method: 'GET',
  url: '/api/v1/user/profile',
  status: 304,
  response_time: 168.289,
  level: 'http',
  message: 'incoming-request',
  timestamp: '2024-07-08 04:02:25.103 PM'
}
{
  method: 'GET',
  url: '/api/v1/property/?page=1',
  status: 304,
  response_time: 242.234,
  level: 'http',
  message: 'incoming-request',
  timestamp: '2024-07-08 04:02:25.180 PM'
}
{
  method: 'GET',
  url: '/api/v1/property/66698737b4ca40d2e7bfb178',
  status: 304,
  response_time: 78.591,
  level: 'http',
  message: 'incoming-request',
  timestamp: '2024-07-08 04:02:25.307 PM'
}
{
  method: 'GET',
  url: '/api/v1/property/667d3302e9317340ae958b38',
  status: 304,
  response_time: 86.669,
  level: 'http',
  message: 'incoming-request',
  timestamp: '2024-07-08 04:02:25.318 PM'
}
{
  method: 'GET',
  url: '/api/v1/property/667d32bae9317340ae958b34',
  status: 304,
  response_time: 88.484,
  level: 'http',
  message: 'incoming-request',
  timestamp: '2024-07-08 04:02:25.319 PM'
}
{
  method: 'GET',
  url: '/api/v1/property/666720f01ed8af0105a0d444',
  status: 304,
  response_time: 92.697,
  level: 'http',
  message: 'incoming-request',
  timestamp: '2024-07-08 04:02:25.320 PM'
}
{
  method: 'GET',
  url: '/api/v1/property/667d33ace9317340ae958b40',
  status: 304,
  response_time: 88.509,
  level: 'http',
  message: 'incoming-request',
  timestamp: '2024-07-08 04:02:25.321 PM'
}
{
  method: 'GET',
  url: '/api/v1/property/667d3343e9317340ae958b3c',
  status: 304,
  response_time: 115.847,
  level: 'http',
  message: 'incoming-request',
  timestamp: '2024-07-08 04:02:25.348 PM'
}
{
  method: 'GET',
  url: '/api/v1/user/profile',
  status: 304,
  response_time: 159.526,
  level: 'http',
  message: 'incoming-request',
  timestamp: '2024-07-08 04:02:39.057 PM'
}
{
  method: 'GET',
  url: '/api/v1/property/?page=1',
  status: 304,
  response_time: 233.864,
  level: 'http',
  message: 'incoming-request',
  timestamp: '2024-07-08 04:02:39.133 PM'
}
{
  method: 'GET',
  url: '/api/v1/property/666720f01ed8af0105a0d444',
  status: 304,
  response_time: 82.62,
  level: 'http',
  message: 'incoming-request',
  timestamp: '2024-07-08 04:02:39.253 PM'
}
{
  method: 'GET',
  url: '/api/v1/property/66698737b4ca40d2e7bfb178',
  status: 304,
  response_time: 100.469,
  level: 'http',
  message: 'incoming-request',
  timestamp: '2024-07-08 04:02:39.272 PM'
}
{
  method: 'GET',
  url: '/api/v1/property/667d3302e9317340ae958b38',
  status: 304,
  response_time: 98.699,
  level: 'http',
  message: 'incoming-request',
  timestamp: '2024-07-08 04:02:39.273 PM'
}
{
  method: 'GET',
  url: '/api/v1/property/667d32bae9317340ae958b34',
  status: 304,
  response_time: 101.037,
  level: 'http',
  message: 'incoming-request',
  timestamp: '2024-07-08 04:02:39.274 PM'
}
{
  method: 'GET',
  url: '/api/v1/property/667d33ace9317340ae958b40',
  status: 304,
  response_time: 98.769,
  level: 'http',
  message: 'incoming-request',
  timestamp: '2024-07-08 04:02:39.276 PM'
}
{
  method: 'GET',
  url: '/api/v1/property/667d3343e9317340ae958b3c',
  status: 304,
  response_time: 111.082,
  level: 'http',
  message: 'incoming-request',
  timestamp: '2024-07-08 04:02:39.286 PM'
}
{
  method: 'GET',
  url: '/api/v1/user/profile',
  status: 304,
  response_time: 225.546,
  level: 'http',
  message: 'incoming-request',
  timestamp: '2024-07-08 04:50:48.517 PM'
}
{
  method: 'GET',
  url: '/api/v1/property/?page=1',
  status: 304,
  response_time: 333.08,
  level: 'http',
  message: 'incoming-request',
  timestamp: '2024-07-08 04:50:48.628 PM'
}
{
  method: 'GET',
  url: '/api/v1/property/666720f01ed8af0105a0d444',
  status: 304,
  response_time: 81.682,
  level: 'http',
  message: 'incoming-request',
  timestamp: '2024-07-08 04:50:48.763 PM'
}
{
  method: 'GET',
  url: '/api/v1/property/667d3343e9317340ae958b3c',
  status: 304,
  response_time: 83.123,
  level: 'http',
  message: 'incoming-request',
  timestamp: '2024-07-08 04:50:48.769 PM'
}
{
  method: 'GET',
  url: '/api/v1/property/66698737b4ca40d2e7bfb178',
  status: 304,
  response_time: 87.31,
  level: 'http',
  message: 'incoming-request',
  timestamp: '2024-07-08 04:50:48.771 PM'
}
{
  method: 'GET',
  url: '/api/v1/property/667d3302e9317340ae958b38',
  status: 304,
  response_time: 86.636,
  level: 'http',
  message: 'incoming-request',
  timestamp: '2024-07-08 04:50:48.772 PM'
}
{
  method: 'GET',
  url: '/api/v1/property/667d32bae9317340ae958b34',
  status: 304,
  response_time: 116.378,
  level: 'http',
  message: 'incoming-request',
  timestamp: '2024-07-08 04:50:48.801 PM'
}
{
  method: 'GET',
  url: '/api/v1/property/667d33ace9317340ae958b40',
  status: 304,
  response_time: 114.837,
  level: 'http',
  message: 'incoming-request',
  timestamp: '2024-07-08 04:50:48.802 PM'
}
{
  method: 'GET',
  url: '/api/v1/property/?page=1',
  status: null,
  response_time: null,
  level: 'http',
  message: 'incoming-request',
  timestamp: '2024-07-08 04:57:20.196 PM'
}
{
  method: 'GET',
  url: '/api/v1/user/profile',
  status: null,
  response_time: null,
  level: 'http',
  message: 'incoming-request',
  timestamp: '2024-07-08 04:57:20.196 PM'
}
{
  method: 'GET',
  url: '/api/v1/user/profile',
  status: 200,
  content_length: '291',
  response_time: 172.488,
  level: 'http',
  message: 'incoming-request',
  timestamp: '2024-07-08 04:57:21.498 PM'
}
{
  method: 'GET',
  url: '/api/v1/property/?page=1',
  status: 200,
  content_length: '2719',
  response_time: 236.212,
  level: 'http',
  message: 'incoming-request',
  timestamp: '2024-07-08 04:57:21.563 PM'
}
{
  method: 'GET',
  url: '/api/v1/user/profile',
  status: 304,
  response_time: 202.472,
  level: 'http',
  message: 'incoming-request',
  timestamp: '2024-07-08 04:57:22.753 PM'
}
{
  method: 'GET',
  url: '/api/v1/property/?page=1',
  status: null,
  response_time: null,
  level: 'http',
  message: 'incoming-request',
  timestamp: '2024-07-08 04:57:22.819 PM'
}
{
  method: 'GET',
  url: '/api/v1/property/?page=1',
  status: 200,
  content_length: '2719',
  response_time: 185.34,
  level: 'http',
  message: 'incoming-request',
  timestamp: '2024-07-08 04:57:23.931 PM'
}
{
  method: 'GET',
  url: '/api/v1/user/profile',
  status: 304,
  response_time: 220.81,
  level: 'http',
  message: 'incoming-request',
  timestamp: '2024-07-08 04:57:23.967 PM'
}
{
  method: 'GET',
  url: '/api/v1/property/666720f01ed8af0105a0d444',
  status: 304,
  response_time: 79.595,
  level: 'http',
  message: 'incoming-request',
  timestamp: '2024-07-08 04:57:28.702 PM'
}
{
  method: 'GET',
  url: '/api/v1/property/667d33ace9317340ae958b40',
  status: 304,
  response_time: 83.004,
  level: 'http',
  message: 'incoming-request',
  timestamp: '2024-07-08 04:57:28.713 PM'
}
{
  method: 'GET',
  url: '/api/v1/property/667d3343e9317340ae958b3c',
  status: 304,
  response_time: 85.937,
  level: 'http',
  message: 'incoming-request',
  timestamp: '2024-07-08 04:57:28.715 PM'
}
{
  method: 'GET',
  url: '/api/v1/property/667d3302e9317340ae958b38',
  status: 304,
  response_time: 88.382,
  level: 'http',
  message: 'incoming-request',
  timestamp: '2024-07-08 04:57:28.716 PM'
}
{
  method: 'GET',
  url: '/api/v1/property/667d32bae9317340ae958b34',
  status: 304,
  response_time: 117.32,
  level: 'http',
  message: 'incoming-request',
  timestamp: '2024-07-08 04:57:28.743 PM'
}
{
  method: 'GET',
  url: '/api/v1/property/66698737b4ca40d2e7bfb178',
  status: 304,
  response_time: 119.707,
  level: 'http',
  message: 'incoming-request',
  timestamp: '2024-07-08 04:57:28.744 PM'
}
{
  method: 'GET',
  url: '/api/v1/user/profile',
  status: 304,
  response_time: 184.689,
  level: 'http',
  message: 'incoming-request',
  timestamp: '2024-07-08 04:57:31.051 PM'
}
{
  method: 'GET',
  url: '/api/v1/property/?page=1',
  status: 304,
  response_time: 250.068,
  level: 'http',
  message: 'incoming-request',
  timestamp: '2024-07-08 04:57:31.119 PM'
}
{
  method: 'GET',
  url: '/api/v1/property/667d3302e9317340ae958b38',
  status: 304,
  response_time: 78.785,
  level: 'http',
  message: 'incoming-request',
  timestamp: '2024-07-08 04:57:31.248 PM'
}
{
  method: 'GET',
  url: '/api/v1/property/667d32bae9317340ae958b34',
  status: 304,
  response_time: 97.644,
  level: 'http',
  message: 'incoming-request',
  timestamp: '2024-07-08 04:57:31.266 PM'
}
{
  method: 'GET',
  url: '/api/v1/property/666720f01ed8af0105a0d444',
  status: 304,
  response_time: 101.379,
  level: 'http',
  message: 'incoming-request',
  timestamp: '2024-07-08 04:57:31.267 PM'
}
{
  method: 'GET',
  url: '/api/v1/property/66698737b4ca40d2e7bfb178',
  status: 304,
  response_time: 101.068,
  level: 'http',
  message: 'incoming-request',
  timestamp: '2024-07-08 04:57:31.268 PM'
}
{
  method: 'GET',
  url: '/api/v1/property/667d3343e9317340ae958b3c',
  status: 304,
  response_time: 98.746,
  level: 'http',
  message: 'incoming-request',
  timestamp: '2024-07-08 04:57:31.269 PM'
}
{
  method: 'GET',
  url: '/api/v1/property/667d33ace9317340ae958b40',
  status: 304,
  response_time: 118.456,
  level: 'http',
  message: 'incoming-request',
  timestamp: '2024-07-08 04:57:31.289 PM'
}
{
  method: 'GET',
  url: '/api/v1/user/profile',
  status: 304,
  response_time: 185.78,
  level: 'http',
  message: 'incoming-request',
  timestamp: '2024-07-08 04:57:38.295 PM'
}
{
  method: 'GET',
  url: '/api/v1/property/?page=1',
  status: 304,
  response_time: 262.519,
  level: 'http',
  message: 'incoming-request',
  timestamp: '2024-07-08 04:57:38.374 PM'
}
{
  method: 'GET',
  url: '/api/v1/property/666720f01ed8af0105a0d444',
  status: 304,
  response_time: 89.416,
  level: 'http',
  message: 'incoming-request',
  timestamp: '2024-07-08 04:57:38.504 PM'
}
{
  method: 'GET',
  url: '/api/v1/property/66698737b4ca40d2e7bfb178',
  status: 304,
  response_time: 108.787,
  level: 'http',
  message: 'incoming-request',
  timestamp: '2024-07-08 04:57:38.525 PM'
}
{
  method: 'GET',
  url: '/api/v1/property/667d3302e9317340ae958b38',
  status: 304,
  response_time: 107.04,
  level: 'http',
  message: 'incoming-request',
  timestamp: '2024-07-08 04:57:38.526 PM'
}
{
  method: 'GET',
  url: '/api/v1/property/667d32bae9317340ae958b34',
  status: 304,
  response_time: 109.289,
  level: 'http',
  message: 'incoming-request',
  timestamp: '2024-07-08 04:57:38.527 PM'
}
{
  method: 'GET',
  url: '/api/v1/property/667d33ace9317340ae958b40',
  status: 304,
  response_time: 106.115,
  level: 'http',
  message: 'incoming-request',
  timestamp: '2024-07-08 04:57:38.528 PM'
}
{
  method: 'GET',
  url: '/api/v1/property/667d3343e9317340ae958b3c',
  status: 304,
  response_time: 126.253,
  level: 'http',
  message: 'incoming-request',
  timestamp: '2024-07-08 04:57:38.547 PM'
}
{
  method: 'GET',
  url: '/api/v1/user/profile',
  status: 304,
  response_time: 191.884,
  level: 'http',
  message: 'incoming-request',
  timestamp: '2024-07-08 04:57:59.871 PM'
}
{
  method: 'GET',
  url: '/api/v1/property/?page=1',
  status: 304,
  response_time: 227.469,
  level: 'http',
  message: 'incoming-request',
  timestamp: '2024-07-08 04:57:59.908 PM'
}
{
  method: 'GET',
  url: '/api/v1/property/666720f01ed8af0105a0d444',
  status: 304,
  response_time: 91.271,
  level: 'http',
  message: 'incoming-request',
  timestamp: '2024-07-08 04:58:00.726 PM'
}
{
  method: 'GET',
  url: '/api/v1/property/667d3343e9317340ae958b3c',
  status: 304,
  response_time: 82.624,
  level: 'http',
  message: 'incoming-request',
  timestamp: '2024-07-08 04:58:00.727 PM'
}
{
  method: 'GET',
  url: '/api/v1/property/667d33ace9317340ae958b40',
  status: 304,
  response_time: 84.608,
  level: 'http',
  message: 'incoming-request',
  timestamp: '2024-07-08 04:58:00.728 PM'
}
{
  method: 'GET',
  url: '/api/v1/property/66698737b4ca40d2e7bfb178',
  status: 304,
  response_time: 92.42,
  level: 'http',
  message: 'incoming-request',
  timestamp: '2024-07-08 04:58:00.730 PM'
}
{
  method: 'GET',
  url: '/api/v1/property/667d3302e9317340ae958b38',
  status: 304,
  response_time: 116.622,
  level: 'http',
  message: 'incoming-request',
  timestamp: '2024-07-08 04:58:00.760 PM'
}
{
  method: 'GET',
  url: '/api/v1/property/667d32bae9317340ae958b34',
  status: 304,
  response_time: 122.627,
  level: 'http',
  message: 'incoming-request',
  timestamp: '2024-07-08 04:58:00.761 PM'
}
{
  method: 'GET',
  url: '/api/v1/user/profile',
  status: 304,
  response_time: 166.993,
  level: 'http',
  message: 'incoming-request',
  timestamp: '2024-07-08 04:58:02.703 PM'
}
{
  method: 'GET',
  url: '/api/v1/property/?page=1',
  status: 304,
  response_time: 240.632,
  level: 'http',
  message: 'incoming-request',
  timestamp: '2024-07-08 04:58:02.778 PM'
}
{
  method: 'GET',
  url: '/api/v1/property/667d3343e9317340ae958b3c',
  status: 304,
  response_time: 80.491,
  level: 'http',
  message: 'incoming-request',
  timestamp: '2024-07-08 04:58:02.895 PM'
}
{
  method: 'GET',
  url: '/api/v1/property/667d32bae9317340ae958b34',
  status: 304,
  response_time: 116.736,
  level: 'http',
  message: 'incoming-request',
  timestamp: '2024-07-08 04:58:02.928 PM'
}
{
  method: 'GET',
  url: '/api/v1/property/667d3302e9317340ae958b38',
  status: 304,
  response_time: 115.939,
  level: 'http',
  message: 'incoming-request',
  timestamp: '2024-07-08 04:58:02.929 PM'
}
{
  method: 'GET',
  url: '/api/v1/property/666720f01ed8af0105a0d444',
  status: 304,
  response_time: 120.597,
  level: 'http',
  message: 'incoming-request',
  timestamp: '2024-07-08 04:58:02.930 PM'
}
{
  method: 'GET',
  url: '/api/v1/property/66698737b4ca40d2e7bfb178',
  status: 304,
  response_time: 121.174,
  level: 'http',
  message: 'incoming-request',
  timestamp: '2024-07-08 04:58:02.932 PM'
}
{
  method: 'GET',
  url: '/api/v1/property/667d33ace9317340ae958b40',
  status: 304,
  response_time: 117.886,
  level: 'http',
  message: 'incoming-request',
  timestamp: '2024-07-08 04:58:02.933 PM'
}
{
  method: 'GET',
  url: '/api/v1/user/profile',
  status: 304,
  response_time: 165.578,
  level: 'http',
  message: 'incoming-request',
  timestamp: '2024-07-08 04:58:48.308 PM'
}
{
  method: 'GET',
  url: '/api/v1/property/?page=1',
  status: 304,
  response_time: 237.928,
  level: 'http',
  message: 'incoming-request',
  timestamp: '2024-07-08 04:58:48.382 PM'
}
{
  method: 'GET',
  url: '/api/v1/property/667d3302e9317340ae958b38',
  status: 304,
  response_time: 80.534,
  level: 'http',
  message: 'incoming-request',
  timestamp: '2024-07-08 04:58:48.809 PM'
}
{
  method: 'GET',
  url: '/api/v1/property/66698737b4ca40d2e7bfb178',
  status: 304,
  response_time: 92.251,
  level: 'http',
  message: 'incoming-request',
  timestamp: '2024-07-08 04:58:48.817 PM'
}
{
  method: 'GET',
  url: '/api/v1/property/667d32bae9317340ae958b34',
  status: 304,
  response_time: 91.783,
  level: 'http',
  message: 'incoming-request',
  timestamp: '2024-07-08 04:58:48.819 PM'
}
{
  method: 'GET',
  url: '/api/v1/property/666720f01ed8af0105a0d444',
  status: 304,
  response_time: 96.082,
  level: 'http',
  message: 'incoming-request',
  timestamp: '2024-07-08 04:58:48.820 PM'
}
{
  method: 'GET',
  url: '/api/v1/property/667d33ace9317340ae958b40',
  status: 304,
  response_time: 97.134,
  level: 'http',
  message: 'incoming-request',
  timestamp: '2024-07-08 04:58:48.828 PM'
}
{
  method: 'GET',
  url: '/api/v1/property/667d3343e9317340ae958b3c',
  status: 304,
  response_time: 121.993,
  level: 'http',
  message: 'incoming-request',
  timestamp: '2024-07-08 04:58:48.852 PM'
}
{
  method: 'GET',
  url: '/api/v1/property/?page=1',
  status: 304,
  response_time: 290.965,
  level: 'http',
  message: 'incoming-request',
  timestamp: '2024-07-08 04:59:13.575 PM'
}
{
  method: 'GET',
  url: '/api/v1/user/profile',
  status: 304,
  response_time: 338.218,
  level: 'http',
  message: 'incoming-request',
  timestamp: '2024-07-08 04:59:13.620 PM'
}
{
  method: 'GET',
  url: '/api/v1/property/?page=1',
  status: 304,
  response_time: 242.553,
  level: 'http',
  message: 'incoming-request',
  timestamp: '2024-07-08 04:59:27.369 PM'
}
{
  method: 'GET',
  url: '/api/v1/user/profile',
  status: 304,
  response_time: 245.897,
  level: 'http',
  message: 'incoming-request',
  timestamp: '2024-07-08 04:59:27.370 PM'
}
{
  method: 'GET',
  url: '/api/v1/property/66698737b4ca40d2e7bfb178',
  status: 304,
  response_time: 87.572,
  level: 'http',
  message: 'incoming-request',
  timestamp: '2024-07-08 04:59:27.521 PM'
}
{
  method: 'GET',
  url: '/api/v1/property/666720f01ed8af0105a0d444',
  status: 304,
  response_time: 89.79,
  level: 'http',
  message: 'incoming-request',
  timestamp: '2024-07-08 04:59:27.522 PM'
}
{
  method: 'GET',
  url: '/api/v1/property/667d3302e9317340ae958b38',
  status: 304,
  response_time: 86.16,
  level: 'http',
  message: 'incoming-request',
  timestamp: '2024-07-08 04:59:27.523 PM'
}
{
  method: 'GET',
  url: '/api/v1/property/667d32bae9317340ae958b34',
  status: 304,
  response_time: 88.351,
  level: 'http',
  message: 'incoming-request',
  timestamp: '2024-07-08 04:59:27.525 PM'
}
{
  method: 'GET',
  url: '/api/v1/property/667d33ace9317340ae958b40',
  status: 304,
  response_time: 114.685,
  level: 'http',
  message: 'incoming-request',
  timestamp: '2024-07-08 04:59:27.554 PM'
}
{
  method: 'GET',
  url: '/api/v1/property/667d3343e9317340ae958b3c',
  status: 304,
  response_time: 116.571,
  level: 'http',
  message: 'incoming-request',
  timestamp: '2024-07-08 04:59:27.555 PM'
}
{
  method: 'GET',
  url: '/api/v1/property/?page=1',
  status: null,
  response_time: null,
  level: 'http',
  message: 'incoming-request',
  timestamp: '2024-07-08 05:01:41.891 PM'
}
{
  method: 'GET',
  url: '/api/v1/user/profile',
  status: null,
  response_time: null,
  level: 'http',
  message: 'incoming-request',
  timestamp: '2024-07-08 05:01:41.892 PM'
}
{
  method: 'GET',
  url: '/api/v1/user/profile',
  status: 200,
  content_length: '291',
  response_time: 100.611,
  level: 'http',
  message: 'incoming-request',
  timestamp: '2024-07-08 05:01:42.980 PM'
}
{
  method: 'GET',
  url: '/api/v1/property/?page=1',
  status: 200,
  content_length: '2719',
  response_time: 101.816,
  level: 'http',
  message: 'incoming-request',
  timestamp: '2024-07-08 05:01:42.983 PM'
}
{
  method: 'GET',
  url: '/api/v1/property/?page=1',
  status: 304,
  response_time: 103.275,
  level: 'http',
  message: 'incoming-request',
  timestamp: '2024-07-08 05:01:47.403 PM'
}
{
  method: 'GET',
  url: '/api/v1/user/profile',
  status: 304,
  response_time: 108.641,
  level: 'http',
  message: 'incoming-request',
  timestamp: '2024-07-08 05:01:47.406 PM'
}
{
  method: 'GET',
  url: '/api/v1/user/profile',
  status: 304,
  response_time: 100.094,
  level: 'http',
  message: 'incoming-request',
  timestamp: '2024-07-08 05:01:50.271 PM'
}
{
  method: 'GET',
  url: '/api/v1/property/?page=1',
  status: 304,
  response_time: 101.041,
  level: 'http',
  message: 'incoming-request',
  timestamp: '2024-07-08 05:01:50.274 PM'
}
{
  method: 'GET',
  url: '/api/v1/user/profile',
  status: 304,
  response_time: 101.517,
  level: 'http',
  message: 'incoming-request',
  timestamp: '2024-07-08 05:01:56.089 PM'
}
{
  method: 'GET',
  url: '/api/v1/property/?page=1',
  status: 304,
  response_time: 101.242,
  level: 'http',
  message: 'incoming-request',
  timestamp: '2024-07-08 05:01:56.091 PM'
}
{
  method: 'GET',
  url: '/api/v1/user/profile',
  status: 304,
  response_time: 101.52,
  level: 'http',
  message: 'incoming-request',
  timestamp: '2024-07-08 05:01:59.264 PM'
}
{
  method: 'GET',
  url: '/api/v1/property/?page=1',
  status: 304,
  response_time: 101.485,
  level: 'http',
  message: 'incoming-request',
  timestamp: '2024-07-08 05:01:59.266 PM'
}
{
  method: 'GET',
  url: '/api/v1/property/666720f01ed8af0105a0d444',
  status: 304,
  response_time: 50.861,
  level: 'http',
  message: 'incoming-request',
  timestamp: '2024-07-08 05:02:41.719 PM'
}
{
  method: 'GET',
  url: '/api/v1/property/66698737b4ca40d2e7bfb178',
  status: 304,
  response_time: 50.188,
  level: 'http',
  message: 'incoming-request',
  timestamp: '2024-07-08 05:02:41.720 PM'
}
{
  method: 'GET',
  url: '/api/v1/property/667d3343e9317340ae958b3c',
  status: 304,
  response_time: 93.739,
  level: 'http',
  message: 'incoming-request',
  timestamp: '2024-07-08 05:02:41.769 PM'
}
{
  method: 'GET',
  url: '/api/v1/property/667d33ace9317340ae958b40',
  status: 304,
  response_time: 94.196,
  level: 'http',
  message: 'incoming-request',
  timestamp: '2024-07-08 05:02:41.770 PM'
}
{
  method: 'GET',
  url: '/api/v1/property/667d3302e9317340ae958b38',
  status: 304,
  response_time: 433.057,
  level: 'http',
  message: 'incoming-request',
  timestamp: '2024-07-08 05:02:42.106 PM'
}
{
  method: 'GET',
  url: '/api/v1/property/667d32bae9317340ae958b34',
  status: 304,
  response_time: 459.493,
  level: 'http',
  message: 'incoming-request',
  timestamp: '2024-07-08 05:02:42.131 PM'
}
{
  method: 'GET',
  url: '/api/v1/property/?page=1',
  status: 304,
  response_time: 102.555,
  level: 'http',
  message: 'incoming-request',
  timestamp: '2024-07-08 05:02:47.693 PM'
}
{
  method: 'GET',
  url: '/api/v1/user/profile',
  status: 304,
  response_time: 107.041,
  level: 'http',
  message: 'incoming-request',
  timestamp: '2024-07-08 05:02:47.696 PM'
}
{
  method: 'GET',
  url: '/api/v1/property/666720f01ed8af0105a0d444',
  status: 304,
  response_time: 53.834,
  level: 'http',
  message: 'incoming-request',
  timestamp: '2024-07-08 05:02:47.819 PM'
}
{
  method: 'GET',
  url: '/api/v1/property/667d32bae9317340ae958b34',
  status: 304,
  response_time: 52.471,
  level: 'http',
  message: 'incoming-request',
  timestamp: '2024-07-08 05:02:47.820 PM'
}
{
  method: 'GET',
  url: '/api/v1/property/66698737b4ca40d2e7bfb178',
  status: 304,
  response_time: 54.77,
  level: 'http',
  message: 'incoming-request',
  timestamp: '2024-07-08 05:02:47.821 PM'
}
{
  method: 'GET',
  url: '/api/v1/property/667d3302e9317340ae958b38',
  status: 304,
  response_time: 53.809,
  level: 'http',
  message: 'incoming-request',
  timestamp: '2024-07-08 05:02:47.823 PM'
}
{
  method: 'GET',
  url: '/api/v1/property/667d33ace9317340ae958b40',
  status: 304,
  response_time: 330.405,
  level: 'http',
  message: 'incoming-request',
  timestamp: '2024-07-08 05:02:48.103 PM'
}
{
  method: 'GET',
  url: '/api/v1/property/667d3343e9317340ae958b3c',
  status: 304,
  response_time: 352.025,
  level: 'http',
  message: 'incoming-request',
  timestamp: '2024-07-08 05:02:48.123 PM'
}
{
  method: 'GET',
  url: '/api/v1/user/profile',
  status: null,
  response_time: null,
  level: 'http',
  message: 'incoming-request',
  timestamp: '2024-07-08 05:03:31.282 PM'
}
{
  method: 'GET',
  url: '/api/v1/property/?page=1',
  status: null,
  response_time: null,
  level: 'http',
  message: 'incoming-request',
  timestamp: '2024-07-08 05:03:31.283 PM'
}
{
  method: 'GET',
  url: '/api/v1/user/profile',
  status: 200,
  content_length: '291',
  response_time: 97.349,
  level: 'http',
  message: 'incoming-request',
  timestamp: '2024-07-08 05:03:32.390 PM'
}
{
  method: 'GET',
  url: '/api/v1/property/?page=1',
  status: 200,
  content_length: '2719',
  response_time: 102.052,
  level: 'http',
  message: 'incoming-request',
  timestamp: '2024-07-08 05:03:32.396 PM'
}
{
  method: 'GET',
  url: '/api/v1/property/?page=1',
  status: null,
  response_time: null,
  level: 'http',
  message: 'incoming-request',
  timestamp: '2024-07-08 05:03:37.488 PM'
}
{
  method: 'GET',
  url: '/api/v1/user/profile',
  status: null,
  response_time: null,
  level: 'http',
  message: 'incoming-request',
  timestamp: '2024-07-08 05:03:37.488 PM'
}
{
  method: 'GET',
  url: '/api/v1/property/?page=1',
  status: 200,
  content_length: '2719',
  response_time: 97.573,
  level: 'http',
  message: 'incoming-request',
  timestamp: '2024-07-08 05:03:38.550 PM'
}
{
  method: 'GET',
  url: '/api/v1/user/profile',
  status: 200,
  content_length: '291',
  response_time: 101.866,
  level: 'http',
  message: 'incoming-request',
  timestamp: '2024-07-08 05:03:38.552 PM'
}
{
  method: 'GET',
  url: '/api/v1/property/?page=1',
  status: 304,
  response_time: 100.105,
  level: 'http',
  message: 'incoming-request',
  timestamp: '2024-07-08 05:03:39.993 PM'
}
{
  method: 'GET',
  url: '/api/v1/user/profile',
  status: 304,
  response_time: 104.233,
  level: 'http',
  message: 'incoming-request',
  timestamp: '2024-07-08 05:03:39.995 PM'
}
{
  method: 'GET',
  url: '/api/v1/property/?page=1',
  status: 304,
  response_time: 97.024,
  level: 'http',
  message: 'incoming-request',
  timestamp: '2024-07-08 05:03:43.353 PM'
}
{
  method: 'GET',
  url: '/api/v1/user/profile',
  status: 304,
  response_time: 100.611,
  level: 'http',
  message: 'incoming-request',
  timestamp: '2024-07-08 05:03:43.355 PM'
}
{
  method: 'GET',
  url: '/api/v1/property/66698737b4ca40d2e7bfb178',
  status: 304,
  response_time: 48.467,
  level: 'http',
  message: 'incoming-request',
  timestamp: '2024-07-08 05:03:43.529 PM'
}
{
  method: 'GET',
  url: '/api/v1/property/666720f01ed8af0105a0d444',
  status: 304,
  response_time: 51.373,
  level: 'http',
  message: 'incoming-request',
  timestamp: '2024-07-08 05:03:43.530 PM'
}
{
  method: 'GET',
  url: '/api/v1/property/667d32bae9317340ae958b34',
  status: 304,
  response_time: 51.16,
  level: 'http',
  message: 'incoming-request',
  timestamp: '2024-07-08 05:03:43.533 PM'
}
{
  method: 'GET',
  url: '/api/v1/property/667d3343e9317340ae958b3c',
  status: 304,
  response_time: 50.612,
  level: 'http',
  message: 'incoming-request',
  timestamp: '2024-07-08 05:03:43.534 PM'
}
{
  method: 'GET',
  url: '/api/v1/property/667d3302e9317340ae958b38',
  status: 304,
  response_time: 53.623,
  level: 'http',
  message: 'incoming-request',
  timestamp: '2024-07-08 05:03:43.537 PM'
}
{
  method: 'GET',
  url: '/api/v1/property/667d33ace9317340ae958b40',
  status: 304,
  response_time: 53.449,
  level: 'http',
  message: 'incoming-request',
  timestamp: '2024-07-08 05:03:43.538 PM'
}
{
  method: 'GET',
  url: '/api/v1/property/?page=1',
  status: 304,
  response_time: 105.109,
  level: 'http',
  message: 'incoming-request',
  timestamp: '2024-07-08 05:03:45.119 PM'
}
{
  method: 'GET',
  url: '/api/v1/user/profile',
  status: 304,
  response_time: 108.852,
  level: 'http',
  message: 'incoming-request',
  timestamp: '2024-07-08 05:03:45.121 PM'
}
{
  method: 'GET',
  url: '/api/v1/property/667d32bae9317340ae958b34',
  status: 304,
  response_time: 49.624,
  level: 'http',
  message: 'incoming-request',
  timestamp: '2024-07-08 05:03:45.226 PM'
}
{
  method: 'GET',
  url: '/api/v1/property/66698737b4ca40d2e7bfb178',
  status: 304,
  response_time: 51.67,
  level: 'http',
  message: 'incoming-request',
  timestamp: '2024-07-08 05:03:45.227 PM'
}
{
  method: 'GET',
  url: '/api/v1/property/666720f01ed8af0105a0d444',
  status: 304,
  response_time: 54.218,
  level: 'http',
  message: 'incoming-request',
  timestamp: '2024-07-08 05:03:45.229 PM'
}
{
  method: 'GET',
  url: '/api/v1/property/667d3302e9317340ae958b38',
  status: 304,
  response_time: 52.046,
  level: 'http',
  message: 'incoming-request',
  timestamp: '2024-07-08 05:03:45.230 PM'
}
{
  method: 'GET',
  url: '/api/v1/property/667d33ace9317340ae958b40',
  status: 304,
  response_time: 51.242,
  level: 'http',
  message: 'incoming-request',
  timestamp: '2024-07-08 05:03:45.231 PM'
}
{
  method: 'GET',
  url: '/api/v1/property/667d3343e9317340ae958b3c',
  status: 304,
  response_time: 53.238,
  level: 'http',
  message: 'incoming-request',
  timestamp: '2024-07-08 05:03:45.232 PM'
}
{
  method: 'GET',
  url: '/api/v1/user/profile',
  status: 304,
  response_time: 101.09,
  level: 'http',
  message: 'incoming-request',
  timestamp: '2024-07-08 05:04:04.461 PM'
}
{
  method: 'GET',
  url: '/api/v1/property/?page=1',
  status: 304,
  response_time: 101.246,
  level: 'http',
  message: 'incoming-request',
  timestamp: '2024-07-08 05:04:04.464 PM'
}
{
  method: 'GET',
  url: '/api/v1/property/666720f01ed8af0105a0d444',
  status: 304,
  response_time: 48.627,
  level: 'http',
  message: 'incoming-request',
  timestamp: '2024-07-08 05:04:04.615 PM'
}
{
  method: 'GET',
  url: '/api/v1/property/66698737b4ca40d2e7bfb178',
  status: 304,
  response_time: 49.936,
  level: 'http',
  message: 'incoming-request',
  timestamp: '2024-07-08 05:04:04.618 PM'
}
{
  method: 'GET',
  url: '/api/v1/property/667d32bae9317340ae958b34',
  status: 304,
  response_time: 50.042,
  level: 'http',
  message: 'incoming-request',
  timestamp: '2024-07-08 05:04:04.620 PM'
}
{
  method: 'GET',
  url: '/api/v1/property/667d33ace9317340ae958b40',
  status: 304,
  response_time: 49.305,
  level: 'http',
  message: 'incoming-request',
  timestamp: '2024-07-08 05:04:04.622 PM'
}
{
  method: 'GET',
  url: '/api/v1/property/667d3343e9317340ae958b3c',
  status: 304,
  response_time: 51.085,
  level: 'http',
  message: 'incoming-request',
  timestamp: '2024-07-08 05:04:04.623 PM'
}
{
  method: 'GET',
  url: '/api/v1/property/667d3302e9317340ae958b38',
  status: 304,
  response_time: 53.614,
  level: 'http',
  message: 'incoming-request',
  timestamp: '2024-07-08 05:04:04.624 PM'
}
