{
  message: 'Server on 1997 running. NodeENV: production  ',
  level: 'info',
  timestamp: '2024-11-12 10:37:41.371 AM'
}
{
  method: 'GET',
  url: '/api/v1/property/666720f01ed8af0105a0d444',
  status: 200,
  content_length: '572',
  response_time: 76.921,
  level: 'http',
  message: 'incoming-request',
  timestamp: '2024-11-12 10:44:30.621 AM'
}
{
  method: 'GET',
  url: '/api/v1/property/?page=1',
  status: 200,
  content_length: '3367',
  response_time: 125.712,
  level: 'http',
  message: 'incoming-request',
  timestamp: '2024-11-12 10:44:30.676 AM'
}
{
  method: 'GET',
  url: '/api/v1/user/profile',
  status: 200,
  content_length: '26054',
  response_time: 86.851,
  level: 'http',
  message: 'incoming-request',
  timestamp: '2024-11-12 11:04:03.175 AM'
}
{
  method: 'GET',
  url: '/api/v1/user/profile',
  status: 200,
  content_length: '26187',
  response_time: 59.812,
  level: 'http',
  message: 'incoming-request',
  timestamp: '2024-11-12 11:07:25.038 AM'
}
{
  method: 'GET',
  url: '/api/v1/user/profile',
  status: 200,
  content_length: '26186',
  response_time: 60.552,
  level: 'http',
  message: 'incoming-request',
  timestamp: '2024-11-12 11:07:35.208 AM'
}
{
  method: 'GET',
  url: '/api/v1/user/profile',
  status: 200,
  content_length: '26187',
  response_time: 87.141,
  level: 'http',
  message: 'incoming-request',
  timestamp: '2024-11-12 11:07:50.215 AM'
}
{
  method: 'GET',
  url: '/api/v1/user/profile',
  status: 200,
  content_length: '26187',
  response_time: 76.019,
  level: 'http',
  message: 'incoming-request',
  timestamp: '2024-11-12 11:07:51.592 AM'
}
{
  method: 'GET',
  url: '/api/v1/user/profile',
  status: 200,
  content_length: '26186',
  response_time: 61.166,
  level: 'http',
  message: 'incoming-request',
  timestamp: '2024-11-12 11:08:19.210 AM'
}
{
  method: 'GET',
  url: '/api/v1/user/profile',
  status: 200,
  content_length: '26187',
  response_time: 59.492,
  level: 'http',
  message: 'incoming-request',
  timestamp: '2024-11-12 11:08:23.915 AM'
}
{
  method: 'GET',
  url: '/api/v1/user/profile',
  status: 200,
  content_length: '26187',
  response_time: 73.935,
  level: 'http',
  message: 'incoming-request',
  timestamp: '2024-11-12 11:08:26.619 AM'
}
{
  message: 'Server on 1997 running. NodeENV: production  ',
  level: 'info',
  timestamp: '2024-11-12 11:09:11.287 AM'
}
{
  method: 'GET',
  url: '/api/v1/user/profile/:',
  status: 200,
  content_length: '26072',
  response_time: 83.092,
  level: 'http',
  message: 'incoming-request',
  timestamp: '2024-11-12 11:09:27.009 AM'
}
{
  message: 'Server on 1997 running. NodeENV: production  ',
  level: 'info',
  timestamp: '2024-11-12 11:31:36.875 AM'
}
{
  method: 'GET',
  url: '/api/v1/user/profile/:undefined',
  status: 200,
  content_length: '26182',
  response_time: 72.443,
  level: 'http',
  message: 'incoming-request',
  timestamp: '2024-11-12 11:37:52.739 AM'
}
{
  method: 'GET',
  url: '/api/v1/user/profile/:undefined',
  status: 200,
  content_length: '26315',
  response_time: 58.849,
  level: 'http',
  message: 'incoming-request',
  timestamp: '2024-11-12 11:37:58.353 AM'
}
{
  method: 'GET',
  url: '/api/v1/user/profile/:undefined',
  status: 200,
  content_length: '26315',
  response_time: 58.879,
  level: 'http',
  message: 'incoming-request',
  timestamp: '2024-11-12 11:38:25.154 AM'
}
{
  method: 'GET',
  url: '/api/v1/user/profile/:undefined',
  status: 200,
  content_length: '26315',
  response_time: 57.362,
  level: 'http',
  message: 'incoming-request',
  timestamp: '2024-11-12 11:38:28.628 AM'
}
{
  method: 'GET',
  url: '/api/v1/user/profile/:undefined',
  status: 200,
  content_length: '26315',
  response_time: 57.784,
  level: 'http',
  message: 'incoming-request',
  timestamp: '2024-11-12 11:38:36.157 AM'
}
{
  method: 'GET',
  url: '/api/v1/user/profile/undefined',
  status: 200,
  content_length: '26169',
  response_time: 64.064,
  level: 'http',
  message: 'incoming-request',
  timestamp: '2024-11-12 11:39:09.204 AM'
}
{
  method: 'GET',
  url: '/api/v1/user/profile/undefined',
  status: 200,
  content_length: '26304',
  response_time: 56.118,
  level: 'http',
  message: 'incoming-request',
  timestamp: '2024-11-12 11:39:11.621 AM'
}
{
  method: 'GET',
  url: '/api/v1/user/profile/:undefined',
  status: 200,
  content_length: '26315',
  response_time: 57.839,
  level: 'http',
  message: 'incoming-request',
  timestamp: '2024-11-12 11:39:18.191 AM'
}
{
  method: 'GET',
  url: '/api/v1/user/profile/:undefined',
  status: 200,
  content_length: '26315',
  response_time: 56.837,
  level: 'http',
  message: 'incoming-request',
  timestamp: '2024-11-12 11:39:21.954 AM'
}
{
  method: 'GET',
  url: '/api/v1/user/profile/:undefined',
  status: 200,
  content_length: '26314',
  response_time: 57.246,
  level: 'http',
  message: 'incoming-request',
  timestamp: '2024-11-12 11:43:42.214 AM'
}
{
  message: 'Server on 1997 running. NodeENV: production  ',
  level: 'info',
  timestamp: '2024-11-12 11:44:29.930 AM'
}
{
  method: 'GET',
  url: '/api/v1/user/profile/:undefined',
  status: 200,
  content_length: '10980',
  response_time: 615.69,
  level: 'http',
  message: 'incoming-request',
  timestamp: '2024-11-12 11:44:30.000 AM'
}
{
  message: 'Server on 1997 running. NodeENV: production  ',
  level: 'info',
  timestamp: '2024-11-12 11:44:41.246 AM'
}
{
  method: 'GET',
  url: '/api/v1/user/profile/:undefined',
  status: 200,
  content_length: '10980',
  response_time: 531.889,
  level: 'http',
  message: 'incoming-request',
  timestamp: '2024-11-12 11:44:41.316 AM'
}
{
  message: 'Server on 1997 running. NodeENV: production  ',
  level: 'info',
  timestamp: '2024-11-12 11:50:07.465 AM'
}
{
  method: 'GET',
  url: '/api/v1/user/profile/:undefined',
  status: 200,
  content_length: '10982',
  response_time: 67.851,
  level: 'http',
  message: 'incoming-request',
  timestamp: '2024-11-12 11:50:09.942 AM'
}
{
  method: 'GET',
  url: '/api/v1/user/profile/:undefined',
  status: 200,
  content_length: '10982',
  response_time: 55.693,
  level: 'http',
  message: 'incoming-request',
  timestamp: '2024-11-12 11:51:01.793 AM'
}
{
  message: 'Server on 1997 running. NodeENV: production  ',
  level: 'info',
  timestamp: '2024-11-12 11:51:19.036 AM'
}
{
  method: 'GET',
  url: '/api/v1/user/profile/',
  status: 200,
  content_length: '10721',
  response_time: 69.15,
  level: 'http',
  message: 'incoming-request',
  timestamp: '2024-11-12 11:51:24.636 AM'
}
{
  method: 'GET',
  url: '/api/v1/user/profile',
  status: 200,
  content_length: '10850',
  response_time: 60.401,
  level: 'http',
  message: 'incoming-request',
  timestamp: '2024-11-12 11:51:26.440 AM'
}
{
  method: 'GET',
  url: '/api/v1/user/profile',
  status: 200,
  content_length: '10850',
  response_time: 63.095,
  level: 'http',
  message: 'incoming-request',
  timestamp: '2024-11-12 11:51:27.674 AM'
}
{
  message: 'Server on 1997 running. NodeENV: production  ',
  level: 'info',
  timestamp: '2024-11-12 11:56:57.014 AM'
}
{
  message: 'Server on 1997 running. NodeENV: production  ',
  level: 'info',
  timestamp: '2024-11-12 11:57:37.861 AM'
}
{
  method: 'GET',
  url: '/api/v1/user/profile',
  status: 200,
  content_length: '26157',
  response_time: 511.15,
  level: 'http',
  message: 'incoming-request',
  timestamp: '2024-11-12 11:57:37.934 AM'
}
{
  message: 'Server on 1997 running. NodeENV: production  ',
  level: 'info',
  timestamp: '2024-11-12 11:58:19.042 AM'
}
{
  method: 'GET',
  url: '/api/v1/user/profile',
  status: 500,
  content_length: '29',
  response_time: 764.919,
  level: 'http',
  message: 'incoming-request',
  timestamp: '2024-11-12 11:58:19.114 AM'
}
{
  message: 'Server on 1997 running. NodeENV: production  ',
  level: 'info',
  timestamp: '2024-11-12 11:59:56.325 AM'
}
{
  method: 'GET',
  url: '/api/v1/user/profile',
  status: 500,
  content_length: '29',
  response_time: 78.769,
  level: 'http',
  message: 'incoming-request',
  timestamp: '2024-11-12 12:00:23.893 PM'
}
{
  method: 'GET',
  url: '/api/v1/user/profile',
  status: 500,
  content_length: '29',
  response_time: 62.04,
  level: 'http',
  message: 'incoming-request',
  timestamp: '2024-11-12 12:00:25.476 PM'
}
{
  message: 'Server on 1997 running. NodeENV: production  ',
  level: 'info',
  timestamp: '2024-11-12 12:01:04.258 PM'
}
{
  method: 'GET',
  url: '/api/v1/user/profile',
  status: 500,
  content_length: '29',
  response_time: 587.206,
  level: 'http',
  message: 'incoming-request',
  timestamp: '2024-11-12 12:01:04.325 PM'
}
{
  message: 'Server on 1997 running. NodeENV: production  ',
  level: 'info',
  timestamp: '2024-11-12 12:10:23.273 PM'
}
{
  method: 'GET',
  url: '/api/v1/user/profile',
  status: 200,
  content_length: '885',
  response_time: 116.764,
  level: 'http',
  message: 'incoming-request',
  timestamp: '2024-11-12 12:10:33.944 PM'
}
{
  method: 'GET',
  url: '/api/v1/property/666720f01ed8af0105a0d444',
  status: 200,
  content_length: '572',
  response_time: 61.354,
  level: 'http',
  message: 'incoming-request',
  timestamp: '2024-11-12 12:10:43.452 PM'
}
{
  method: 'GET',
  url: '/api/v1/property/?page=1',
  status: 200,
  content_length: '3367',
  response_time: 119.543,
  level: 'http',
  message: 'incoming-request',
  timestamp: '2024-11-12 12:10:43.513 PM'
}
{
  method: 'GET',
  url: '/api/v1/auth/logout',
  status: 200,
  content_length: '79',
  response_time: 128.663,
  level: 'http',
  message: 'incoming-request',
  timestamp: '2024-11-12 12:10:43.515 PM'
}
{
  method: 'POST',
  url: '/api/v1/auth/login',
  status: 200,
  content_length: '347',
  response_time: 188.038,
  level: 'http',
  message: 'incoming-request',
  timestamp: '2024-11-12 12:10:52.281 PM'
}
{
  method: 'GET',
  url: '/api/v1/user/profile',
  status: 200,
  content_length: '885',
  response_time: 101.53,
  level: 'http',
  message: 'incoming-request',
  timestamp: '2024-11-12 12:10:52.445 PM'
}
{
  method: 'GET',
  url: '/api/v1/user/profile',
  status: 304,
  response_time: 102.969,
  level: 'http',
  message: 'incoming-request',
  timestamp: '2024-11-12 12:15:13.613 PM'
}
{
  method: 'GET',
  url: '/api/v1/user/profile',
  status: 304,
  response_time: 107.81,
  level: 'http',
  message: 'incoming-request',
  timestamp: '2024-11-12 12:15:22.436 PM'
}
{
  method: 'GET',
  url: '/api/v1/user/profile',
  status: 304,
  response_time: 101.828,
  level: 'http',
  message: 'incoming-request',
  timestamp: '2024-11-12 12:16:05.622 PM'
}
{
  method: 'GET',
  url: '/api/v1/user/profile',
  status: 304,
  response_time: 101.878,
  level: 'http',
  message: 'incoming-request',
  timestamp: '2024-11-12 12:16:14.305 PM'
}
{
  method: 'GET',
  url: '/api/v1/user/profile',
  status: 304,
  response_time: 106.012,
  level: 'http',
  message: 'incoming-request',
  timestamp: '2024-11-12 12:18:48.640 PM'
}
{
  method: 'GET',
  url: '/api/v1/user/profile',
  status: 304,
  response_time: 103.094,
  level: 'http',
  message: 'incoming-request',
  timestamp: '2024-11-12 12:19:02.819 PM'
}
{
  method: 'GET',
  url: '/api/v1/user/profile',
  status: 304,
  response_time: 101.233,
  level: 'http',
  message: 'incoming-request',
  timestamp: '2024-11-12 12:19:09.041 PM'
}
{
  method: 'GET',
  url: '/api/v1/user/profile',
  status: 304,
  response_time: 100.921,
  level: 'http',
  message: 'incoming-request',
  timestamp: '2024-11-12 12:19:10.757 PM'
}
{
  method: 'GET',
  url: '/api/v1/property/666720f01ed8af0105a0d444',
  status: 200,
  content_length: '572',
  response_time: 50.938,
  level: 'http',
  message: 'incoming-request',
  timestamp: '2024-11-12 12:19:36.063 PM'
}
{
  method: 'GET',
  url: '/api/v1/property/?page=1',
  status: 200,
  content_length: '3367',
  response_time: 107.54,
  level: 'http',
  message: 'incoming-request',
  timestamp: '2024-11-12 12:19:36.122 PM'
}
{
  method: 'GET',
  url: '/api/v1/auth/logout',
  status: 204,
  response_time: 0.462,
  level: 'http',
  message: 'incoming-request',
  timestamp: '2024-11-12 12:19:39.160 PM'
}
{
  method: 'GET',
  url: '/api/v1/property/?page=1',
  status: 0,
  response_time: '0',
  level: 'http',
  message: 'incoming-request',
  timestamp: '2024-11-12 12:19:39.170 PM'
}
{
  method: 'GET',
  url: '/api/v1/property/666720f01ed8af0105a0d444',
  status: 200,
  content_length: '572',
  response_time: 50.79,
  level: 'http',
  message: 'incoming-request',
  timestamp: '2024-11-12 12:19:39.215 PM'
}
{
  method: 'GET',
  url: '/api/v1/property/?page=1',
  status: 200,
  content_length: '3367',
  response_time: 102.052,
  level: 'http',
  message: 'incoming-request',
  timestamp: '2024-11-12 12:19:39.268 PM'
}
{
  message: 'email not sent: Error: self-signed certificate in certificate chain',
  level: 'error',
  timestamp: '2024-11-12 12:20:04.919 PM'
}
{
  method: 'POST',
  url: '/api/v1/auth/register',
  status: 200,
  content_length: '150',
  response_time: 590.559,
  level: 'http',
  message: 'incoming-request',
  timestamp: '2024-11-12 12:20:04.920 PM'
}
{
  message: 'email not sent: Error: self-signed certificate in certificate chain',
  level: 'error',
  timestamp: '2024-11-12 12:20:37.565 PM'
}
{
  method: 'POST',
  url: '/api/v1/auth/resend_email_token',
  status: 200,
  content_length: '107',
  response_time: 422.873,
  level: 'http',
  message: 'incoming-request',
  timestamp: '2024-11-12 12:20:37.566 PM'
}
{
  message: 'Server on 1997 running. NodeENV: production  ',
  level: 'info',
  timestamp: '2024-11-12 12:20:58.388 PM'
}
{
  method: 'GET',
  url: '/api/v1/user/profile',
  status: 304,
  response_time: 110.126,
  level: 'http',
  message: 'incoming-request',
  timestamp: '2024-11-12 12:21:01.075 PM'
}
{
  method: 'GET',
  url: '/api/v1/user/profile',
  status: 304,
  response_time: 136.942,
  level: 'http',
  message: 'incoming-request',
  timestamp: '2024-11-12 12:21:01.213 PM'
}
{
  message: 'email not sent: Error: self-signed certificate in certificate chain',
  level: 'error',
  timestamp: '2024-11-12 12:21:23.640 PM'
}
{
  method: 'POST',
  url: '/api/v1/auth/resend_email_token',
  status: 200,
  content_length: '107',
  response_time: 430.819,
  level: 'http',
  message: 'incoming-request',
  timestamp: '2024-11-12 12:21:23.641 PM'
}
{
  message: 'email not sent: Error: self-signed certificate in certificate chain',
  level: 'error',
  timestamp: '2024-11-12 12:21:36.356 PM'
}
{
  method: 'POST',
  url: '/api/v1/auth/resend_email_token',
  status: 200,
  content_length: '107',
  response_time: 388.964,
  level: 'http',
  message: 'incoming-request',
  timestamp: '2024-11-12 12:21:36.357 PM'
}
{
  message: 'email not sent: Error: self-signed certificate in certificate chain',
  level: 'error',
  timestamp: '2024-11-12 12:21:50.775 PM'
}
{
  method: 'POST',
  url: '/api/v1/auth/resend_email_token',
  status: 200,
  content_length: '107',
  response_time: 390.526,
  level: 'http',
  message: 'incoming-request',
  timestamp: '2024-11-12 12:21:50.776 PM'
}
{
  message: 'email not sent: Error: self-signed certificate in certificate chain',
  level: 'error',
  timestamp: '2024-11-12 12:39:30.145 PM'
}
{
  method: 'POST',
  url: '/api/v1/auth/resend_email_token',
  status: 200,
  content_length: '107',
  response_time: 357.481,
  level: 'http',
  message: 'incoming-request',
  timestamp: '2024-11-12 12:39:30.146 PM'
}
{
  message: 'Server on 1997 running. NodeENV: development  ',
  level: 'info',
  timestamp: '2024-11-12 12:41:31.992 PM'
}
{
  method: 'POST',
  url: '/api/v1/auth/resend_email_token',
  status: 200,
  content_length: '107',
  response_time: 366.676,
  level: 'http',
  message: 'incoming-request',
  timestamp: '2024-11-12 12:41:58.867 PM'
}
{
  method: 'GET',
  url: '/api/v1/auth/verify/494f56db2e128e53485994ab6ff371405782a4a564b39c67fae1a8674062264d/67332bd4d9712b8ece95774a',
  status: 302,
  content_length: '41',
  response_time: 285.046,
  level: 'http',
  message: 'incoming-request',
  timestamp: '2024-11-12 12:42:07.751 PM'
}
{
  method: 'GET',
  url: '/auth/verify',
  status: 500,
  content_length: 1367,
  response_time: 2.686,
  level: 'http',
  message: 'incoming-request',
  timestamp: '2024-11-12 12:42:07.762 PM'
}
{
  method: 'POST',
  url: '/api/v1/auth/login',
  status: 200,
  content_length: '302',
  response_time: 185.802,
  level: 'http',
  message: 'incoming-request',
  timestamp: '2024-11-12 12:42:23.870 PM'
}
{
  method: 'GET',
  url: '/api/v1/user/profile',
  status: 200,
  content_length: '497',
  response_time: 105.594,
  level: 'http',
  message: 'incoming-request',
  timestamp: '2024-11-12 12:42:24.040 PM'
}
{
  method: 'GET',
  url: '/api/v1/user/profile',
  status: 304,
  response_time: 105.041,
  level: 'http',
  message: 'incoming-request',
  timestamp: '2024-11-12 12:44:05.941 PM'
}
{
  method: 'GET',
  url: '/api/v1/user/profile',
  status: 304,
  response_time: 106.848,
  level: 'http',
  message: 'incoming-request',
  timestamp: '2024-11-12 12:44:06.536 PM'
}
{
  method: 'GET',
  url: '/api/v1/user/profile',
  status: 304,
  response_time: 105.703,
  level: 'http',
  message: 'incoming-request',
  timestamp: '2024-11-12 12:44:06.643 PM'
}
{
  method: 'GET',
  url: '/api/v1/user/profile',
  status: 304,
  response_time: 104.918,
  level: 'http',
  message: 'incoming-request',
  timestamp: '2024-11-12 12:45:58.669 PM'
}
{
  method: 'GET',
  url: '/api/v1/user/profile',
  status: 304,
  response_time: 104.08,
  level: 'http',
  message: 'incoming-request',
  timestamp: '2024-11-12 12:45:59.154 PM'
}
{
  method: 'GET',
  url: '/api/v1/user/profile',
  status: 304,
  response_time: 105.849,
  level: 'http',
  message: 'incoming-request',
  timestamp: '2024-11-12 12:45:59.261 PM'
}
{
  method: 'GET',
  url: '/api/v1/user/profile',
  status: 304,
  response_time: 104.194,
  level: 'http',
  message: 'incoming-request',
  timestamp: '2024-11-12 12:46:02.493 PM'
}
{
  method: 'GET',
  url: '/api/v1/user/profile',
  status: 304,
  response_time: 107.263,
  level: 'http',
  message: 'incoming-request',
  timestamp: '2024-11-12 12:46:02.808 PM'
}
{
  method: 'GET',
  url: '/api/v1/user/profile',
  status: 304,
  response_time: 106.925,
  level: 'http',
  message: 'incoming-request',
  timestamp: '2024-11-12 12:46:03.178 PM'
}
{
  method: 'GET',
  url: '/api/v1/user/profile',
  status: 304,
  response_time: 103.373,
  level: 'http',
  message: 'incoming-request',
  timestamp: '2024-11-12 12:46:07.504 PM'
}
{
  method: 'GET',
  url: '/api/v1/user/profile',
  status: 304,
  response_time: 103.613,
  level: 'http',
  message: 'incoming-request',
  timestamp: '2024-11-12 12:46:07.770 PM'
}
{
  method: 'GET',
  url: '/api/v1/user/profile',
  status: 304,
  response_time: 103.509,
  level: 'http',
  message: 'incoming-request',
  timestamp: '2024-11-12 12:46:08.154 PM'
}
{
  method: 'GET',
  url: '/api/v1/user/profile',
  status: 304,
  response_time: 104.672,
  level: 'http',
  message: 'incoming-request',
  timestamp: '2024-11-12 12:48:37.207 PM'
}
{
  method: 'GET',
  url: '/api/v1/user/profile',
  status: 304,
  response_time: 103.878,
  level: 'http',
  message: 'incoming-request',
  timestamp: '2024-11-12 12:48:37.573 PM'
}
{
  method: 'GET',
  url: '/api/v1/user/profile',
  status: 304,
  response_time: 107.614,
  level: 'http',
  message: 'incoming-request',
  timestamp: '2024-11-12 12:49:06.162 PM'
}
{
  method: 'GET',
  url: '/api/v1/user/profile',
  status: 304,
  response_time: 106.42,
  level: 'http',
  message: 'incoming-request',
  timestamp: '2024-11-12 12:49:06.411 PM'
}
{
  method: 'GET',
  url: '/api/v1/user/profile',
  status: 304,
  response_time: 104.642,
  level: 'http',
  message: 'incoming-request',
  timestamp: '2024-11-12 12:49:11.565 PM'
}
{
  method: 'GET',
  url: '/api/v1/user/profile',
  status: 304,
  response_time: 103.482,
  level: 'http',
  message: 'incoming-request',
  timestamp: '2024-11-12 12:49:11.776 PM'
}
{
  method: 'GET',
  url: '/api/v1/user/profile',
  status: 304,
  response_time: 104.197,
  level: 'http',
  message: 'incoming-request',
  timestamp: '2024-11-12 12:55:56.870 PM'
}
{
  method: 'GET',
  url: '/api/v1/user/profile',
  status: 304,
  response_time: 106.471,
  level: 'http',
  message: 'incoming-request',
  timestamp: '2024-11-12 12:55:58.152 PM'
}
{
  method: 'GET',
  url: '/api/v1/user/profile',
  status: 304,
  response_time: 104.577,
  level: 'http',
  message: 'incoming-request',
  timestamp: '2024-11-12 12:58:53.515 PM'
}
{
  method: 'GET',
  url: '/api/v1/user/profile',
  status: 304,
  response_time: 104.414,
  level: 'http',
  message: 'incoming-request',
  timestamp: '2024-11-12 12:59:26.871 PM'
}
{
  method: 'GET',
  url: '/api/v1/user/profile',
  status: 304,
  response_time: 104.912,
  level: 'http',
  message: 'incoming-request',
  timestamp: '2024-11-12 12:59:31.530 PM'
}
{
  method: 'GET',
  url: '/api/v1/user/profile',
  status: 304,
  response_time: 104.178,
  level: 'http',
  message: 'incoming-request',
  timestamp: '2024-11-12 01:02:45.761 PM'
}
{
  method: 'GET',
  url: '/api/v1/user/profile',
  status: 304,
  response_time: 109.457,
  level: 'http',
  message: 'incoming-request',
  timestamp: '2024-11-12 01:02:47.875 PM'
}
{
  method: 'GET',
  url: '/api/v1/user/profile',
  status: 304,
  response_time: 103.811,
  level: 'http',
  message: 'incoming-request',
  timestamp: '2024-11-12 01:02:49.800 PM'
}
{
  method: 'GET',
  url: '/api/v1/user/profile',
  status: 304,
  response_time: 119.308,
  level: 'http',
  message: 'incoming-request',
  timestamp: '2024-11-12 01:04:11.247 PM'
}
{
  method: 'GET',
  url: '/api/v1/user/profile',
  status: 304,
  response_time: 107.217,
  level: 'http',
  message: 'incoming-request',
  timestamp: '2024-11-12 01:04:18.836 PM'
}
{
  method: 'GET',
  url: '/api/v1/user/profile',
  status: 304,
  response_time: 104.975,
  level: 'http',
  message: 'incoming-request',
  timestamp: '2024-11-12 01:14:15.464 PM'
}
{
  method: 'GET',
  url: '/api/v1/user/profile',
  status: 304,
  response_time: 103.589,
  level: 'http',
  message: 'incoming-request',
  timestamp: '2024-11-12 01:14:32.871 PM'
}
{
  method: 'GET',
  url: '/api/v1/user/profile',
  status: 304,
  response_time: 105.061,
  level: 'http',
  message: 'incoming-request',
  timestamp: '2024-11-12 01:14:42.213 PM'
}
{
  method: 'GET',
  url: '/api/v1/user/profile',
  status: 304,
  response_time: 104.286,
  level: 'http',
  message: 'incoming-request',
  timestamp: '2024-11-12 01:14:47.975 PM'
}
{
  method: 'GET',
  url: '/api/v1/user/profile',
  status: 304,
  response_time: 127.303,
  level: 'http',
  message: 'incoming-request',
  timestamp: '2024-11-12 01:14:50.514 PM'
}
{
  method: 'GET',
  url: '/api/v1/user/profile',
  status: 304,
  response_time: 112.128,
  level: 'http',
  message: 'incoming-request',
  timestamp: '2024-11-12 01:14:51.812 PM'
}
{
  method: 'GET',
  url: '/api/v1/user/profile',
  status: 304,
  response_time: 103.465,
  level: 'http',
  message: 'incoming-request',
  timestamp: '2024-11-12 01:15:26.967 PM'
}
{
  method: 'GET',
  url: '/api/v1/user/profile',
  status: 304,
  response_time: 105.726,
  level: 'http',
  message: 'incoming-request',
  timestamp: '2024-11-12 01:15:40.887 PM'
}
{
  method: 'GET',
  url: '/api/v1/user/profile',
  status: 304,
  response_time: 104.275,
  level: 'http',
  message: 'incoming-request',
  timestamp: '2024-11-12 01:15:42.541 PM'
}
{
  method: 'GET',
  url: '/api/v1/user/profile',
  status: 304,
  response_time: 109.093,
  level: 'http',
  message: 'incoming-request',
  timestamp: '2024-11-12 01:15:48.167 PM'
}
{
  method: 'GET',
  url: '/api/v1/user/profile',
  status: 304,
  response_time: 104.753,
  level: 'http',
  message: 'incoming-request',
  timestamp: '2024-11-12 01:20:20.379 PM'
}
{
  method: 'GET',
  url: '/api/v1/user/profile',
  status: 304,
  response_time: 104.557,
  level: 'http',
  message: 'incoming-request',
  timestamp: '2024-11-12 01:20:23.686 PM'
}
{
  method: 'GET',
  url: '/api/v1/user/profile',
  status: 304,
  response_time: 105.058,
  level: 'http',
  message: 'incoming-request',
  timestamp: '2024-11-12 01:20:33.988 PM'
}
{
  method: 'GET',
  url: '/api/v1/user/profile',
  status: 304,
  response_time: 134.304,
  level: 'http',
  message: 'incoming-request',
  timestamp: '2024-11-12 01:20:36.741 PM'
}
{
  method: 'GET',
  url: '/api/v1/user/profile',
  status: 304,
  response_time: 103.845,
  level: 'http',
  message: 'incoming-request',
  timestamp: '2024-11-12 01:21:17.667 PM'
}
{
  method: 'GET',
  url: '/api/v1/user/profile',
  status: 304,
  response_time: 103.654,
  level: 'http',
  message: 'incoming-request',
  timestamp: '2024-11-12 01:21:32.771 PM'
}
{
  method: 'GET',
  url: '/api/v1/user/profile',
  status: 304,
  response_time: 103.386,
  level: 'http',
  message: 'incoming-request',
  timestamp: '2024-11-12 01:21:51.414 PM'
}
{
  method: 'GET',
  url: '/api/v1/user/profile',
  status: 304,
  response_time: 127.086,
  level: 'http',
  message: 'incoming-request',
  timestamp: '2024-11-12 01:24:40.805 PM'
}
{
  method: 'GET',
  url: '/api/v1/user/profile',
  status: 304,
  response_time: 104.679,
  level: 'http',
  message: 'incoming-request',
  timestamp: '2024-11-12 01:24:45.673 PM'
}
{
  method: 'GET',
  url: '/api/v1/user/profile',
  status: 304,
  response_time: 103.979,
  level: 'http',
  message: 'incoming-request',
  timestamp: '2024-11-12 01:25:07.420 PM'
}
{
  method: 'GET',
  url: '/api/v1/user/profile',
  status: 304,
  response_time: 102.905,
  level: 'http',
  message: 'incoming-request',
  timestamp: '2024-11-12 01:25:13.235 PM'
}
{
  method: 'GET',
  url: '/api/v1/user/profile',
  status: 304,
  response_time: 103.125,
  level: 'http',
  message: 'incoming-request',
  timestamp: '2024-11-12 01:25:26.057 PM'
}
{
  method: 'GET',
  url: '/api/v1/user/profile',
  status: 304,
  response_time: 107.01,
  level: 'http',
  message: 'incoming-request',
  timestamp: '2024-11-12 01:25:26.497 PM'
}
{
  method: 'GET',
  url: '/api/v1/user/profile',
  status: 304,
  response_time: 104.019,
  level: 'http',
  message: 'incoming-request',
  timestamp: '2024-11-12 01:27:30.849 PM'
}
{
  method: 'GET',
  url: '/api/v1/user/profile',
  status: 304,
  response_time: 101.071,
  level: 'http',
  message: 'incoming-request',
  timestamp: '2024-11-12 01:27:30.879 PM'
}
{
  method: 'GET',
  url: '/api/v1/user/profile',
  status: 304,
  response_time: 101.593,
  level: 'http',
  message: 'incoming-request',
  timestamp: '2024-11-12 01:27:56.706 PM'
}
{
  method: 'GET',
  url: '/api/v1/user/profile',
  status: 304,
  response_time: 103.113,
  level: 'http',
  message: 'incoming-request',
  timestamp: '2024-11-12 01:27:56.966 PM'
}
{
  method: 'GET',
  url: '/api/v1/user/profile',
  status: 304,
  response_time: 102.039,
  level: 'http',
  message: 'incoming-request',
  timestamp: '2024-11-12 01:28:02.623 PM'
}
{
  message: 'Server on 1997 running. NodeENV: development  ',
  level: 'info',
  timestamp: '2024-11-12 03:04:17.843 PM'
}
{
  method: 'GET',
  url: '/api/v1/user/profile',
  status: 304,
  response_time: 119.557,
  level: 'http',
  message: 'incoming-request',
  timestamp: '2024-11-12 03:36:29.026 PM'
}
{
  method: 'GET',
  url: '/api/v1/user/profile',
  status: 304,
  response_time: 106.06,
  level: 'http',
  message: 'incoming-request',
  timestamp: '2024-11-12 03:36:49.111 PM'
}
{
  method: 'GET',
  url: '/api/v1/user/profile',
  status: 304,
  response_time: 104.133,
  level: 'http',
  message: 'incoming-request',
  timestamp: '2024-11-12 03:36:50.776 PM'
}
{
  method: 'GET',
  url: '/api/v1/user/profile',
  status: 304,
  response_time: 106.149,
  level: 'http',
  message: 'incoming-request',
  timestamp: '2024-11-12 03:36:55.589 PM'
}
{
  method: 'GET',
  url: '/api/v1/user/profile',
  status: 304,
  response_time: 104.56,
  level: 'http',
  message: 'incoming-request',
  timestamp: '2024-11-12 03:36:57.866 PM'
}
{
  method: 'GET',
  url: '/api/v1/user/profile',
  status: 304,
  response_time: 107.062,
  level: 'http',
  message: 'incoming-request',
  timestamp: '2024-11-12 03:37:18.863 PM'
}
{
  method: 'GET',
  url: '/api/v1/user/profile',
  status: 304,
  response_time: 104.843,
  level: 'http',
  message: 'incoming-request',
  timestamp: '2024-11-12 03:37:21.772 PM'
}
{
  method: 'GET',
  url: '/api/v1/user/profile',
  status: 304,
  response_time: 104.692,
  level: 'http',
  message: 'incoming-request',
  timestamp: '2024-11-12 03:44:38.972 PM'
}
{
  method: 'GET',
  url: '/api/v1/user/profile',
  status: 304,
  response_time: 106.442,
  level: 'http',
  message: 'incoming-request',
  timestamp: '2024-11-12 03:44:56.612 PM'
}
{
  method: 'GET',
  url: '/api/v1/user/profile',
  status: 304,
  response_time: 103.934,
  level: 'http',
  message: 'incoming-request',
  timestamp: '2024-11-12 03:44:58.170 PM'
}
{
  method: 'GET',
  url: '/api/v1/user/profile',
  status: 304,
  response_time: 103.947,
  level: 'http',
  message: 'incoming-request',
  timestamp: '2024-11-12 03:45:15.215 PM'
}
{
  method: 'GET',
  url: '/api/v1/user/profile',
  status: 304,
  response_time: 104.534,
  level: 'http',
  message: 'incoming-request',
  timestamp: '2024-11-12 03:45:22.253 PM'
}
{
  method: 'GET',
  url: '/api/v1/user/profile',
  status: 304,
  response_time: 103.96,
  level: 'http',
  message: 'incoming-request',
  timestamp: '2024-11-12 03:45:25.387 PM'
}
{
  method: 'GET',
  url: '/api/v1/user/profile',
  status: 304,
  response_time: 133.097,
  level: 'http',
  message: 'incoming-request',
  timestamp: '2024-11-12 03:45:28.722 PM'
}
{
  method: 'GET',
  url: '/api/v1/user/profile',
  status: 304,
  response_time: 103.874,
  level: 'http',
  message: 'incoming-request',
  timestamp: '2024-11-12 03:45:30.279 PM'
}
{
  method: 'GET',
  url: '/api/v1/user/profile',
  status: 304,
  response_time: 106.237,
  level: 'http',
  message: 'incoming-request',
  timestamp: '2024-11-12 03:48:07.210 PM'
}
{
  method: 'GET',
  url: '/api/v1/user/profile',
  status: 304,
  response_time: 132.62,
  level: 'http',
  message: 'incoming-request',
  timestamp: '2024-11-12 03:48:38.952 PM'
}
{
  method: 'GET',
  url: '/api/v1/user/profile',
  status: 304,
  response_time: 104.237,
  level: 'http',
  message: 'incoming-request',
  timestamp: '2024-11-12 03:48:41.232 PM'
}
{
  method: 'GET',
  url: '/api/v1/user/profile',
  status: 304,
  response_time: 103.529,
  level: 'http',
  message: 'incoming-request',
  timestamp: '2024-11-12 03:48:44.119 PM'
}
{
  method: 'GET',
  url: '/api/v1/user/profile',
  status: 304,
  response_time: 107.338,
  level: 'http',
  message: 'incoming-request',
  timestamp: '2024-11-12 03:48:58.968 PM'
}
{
  method: 'GET',
  url: '/api/v1/user/profile',
  status: 304,
  response_time: 108.565,
  level: 'http',
  message: 'incoming-request',
  timestamp: '2024-11-12 03:49:00.059 PM'
}
{
  method: 'GET',
  url: '/api/v1/user/profile',
  status: 0,
  response_time: '0',
  level: 'http',
  message: 'incoming-request',
  timestamp: '2024-11-12 03:49:01.482 PM'
}
{
  method: 'GET',
  url: '/api/v1/user/profile',
  status: 200,
  content_length: '885',
  response_time: 104.224,
  level: 'http',
  message: 'incoming-request',
  timestamp: '2024-11-12 03:49:02.583 PM'
}
{
  method: 'GET',
  url: '/api/v1/user/profile',
  status: 304,
  response_time: 104.657,
  level: 'http',
  message: 'incoming-request',
  timestamp: '2024-11-12 03:49:04.948 PM'
}
{
  method: 'GET',
  url: '/api/v1/user/profile',
  status: 304,
  response_time: 103.78,
  level: 'http',
  message: 'incoming-request',
  timestamp: '2024-11-12 03:49:06.836 PM'
}
{
  method: 'GET',
  url: '/api/v1/user/profile',
  status: 304,
  response_time: 109.302,
  level: 'http',
  message: 'incoming-request',
  timestamp: '2024-11-12 03:54:12.190 PM'
}
{
  method: 'GET',
  url: '/api/v1/user/profile',
  status: 304,
  response_time: 108.647,
  level: 'http',
  message: 'incoming-request',
  timestamp: '2024-11-12 03:54:14.131 PM'
}
{
  method: 'GET',
  url: '/api/v1/user/profile',
  status: 304,
  response_time: 104.995,
  level: 'http',
  message: 'incoming-request',
  timestamp: '2024-11-12 03:54:21.281 PM'
}
{
  method: 'GET',
  url: '/api/v1/user/profile',
  status: 304,
  response_time: 110.811,
  level: 'http',
  message: 'incoming-request',
  timestamp: '2024-11-12 03:54:29.362 PM'
}
{
  method: 'GET',
  url: '/api/v1/user/profile',
  status: 304,
  response_time: 108.136,
  level: 'http',
  message: 'incoming-request',
  timestamp: '2024-11-12 03:54:36.061 PM'
}
{
  method: 'GET',
  url: '/api/v1/user/profile',
  status: 304,
  response_time: 104.016,
  level: 'http',
  message: 'incoming-request',
  timestamp: '2024-11-12 03:54:38.190 PM'
}
{
  method: 'GET',
  url: '/api/v1/user/profile',
  status: 304,
  response_time: 112.419,
  level: 'http',
  message: 'incoming-request',
  timestamp: '2024-11-12 03:55:25.488 PM'
}
{
  method: 'GET',
  url: '/api/v1/user/profile',
  status: 304,
  response_time: 103.97,
  level: 'http',
  message: 'incoming-request',
  timestamp: '2024-11-12 03:55:27.572 PM'
}
{
  method: 'GET',
  url: '/api/v1/user/profile',
  status: 304,
  response_time: 103.82,
  level: 'http',
  message: 'incoming-request',
  timestamp: '2024-11-12 03:55:35.372 PM'
}
{
  method: 'GET',
  url: '/api/v1/user/profile',
  status: 304,
  response_time: 113.816,
  level: 'http',
  message: 'incoming-request',
  timestamp: '2024-11-12 03:55:39.920 PM'
}
{
  method: 'GET',
  url: '/api/v1/user/profile',
  status: 304,
  response_time: 107.369,
  level: 'http',
  message: 'incoming-request',
  timestamp: '2024-11-12 03:55:45.667 PM'
}
{
  method: 'GET',
  url: '/api/v1/user/profile',
  status: 304,
  response_time: 104.921,
  level: 'http',
  message: 'incoming-request',
  timestamp: '2024-11-12 03:55:48.402 PM'
}
{
  method: 'GET',
  url: '/api/v1/user/profile',
  status: 304,
  response_time: 109.289,
  level: 'http',
  message: 'incoming-request',
  timestamp: '2024-11-12 03:56:09.164 PM'
}
{
  method: 'GET',
  url: '/api/v1/user/profile',
  status: 304,
  response_time: 103.976,
  level: 'http',
  message: 'incoming-request',
  timestamp: '2024-11-12 03:56:31.651 PM'
}
{
  method: 'GET',
  url: '/api/v1/user/profile',
  status: 304,
  response_time: 106.186,
  level: 'http',
  message: 'incoming-request',
  timestamp: '2024-11-12 03:56:40.482 PM'
}
{
  method: 'GET',
  url: '/api/v1/user/profile',
  status: 304,
  response_time: 107.214,
  level: 'http',
  message: 'incoming-request',
  timestamp: '2024-11-12 03:56:45.172 PM'
}
{
  method: 'GET',
  url: '/api/v1/user/profile',
  status: 304,
  response_time: 110.708,
  level: 'http',
  message: 'incoming-request',
  timestamp: '2024-11-12 03:56:48.687 PM'
}
{
  method: 'GET',
  url: '/api/v1/user/profile',
  status: 304,
  response_time: 104.195,
  level: 'http',
  message: 'incoming-request',
  timestamp: '2024-11-12 03:56:54.130 PM'
}
{
  method: 'GET',
  url: '/api/v1/user/profile',
  status: 304,
  response_time: 104.471,
  level: 'http',
  message: 'incoming-request',
  timestamp: '2024-11-12 04:00:54.831 PM'
}
{
  method: 'GET',
  url: '/api/v1/user/profile',
  status: 304,
  response_time: 104.838,
  level: 'http',
  message: 'incoming-request',
  timestamp: '2024-11-12 04:01:38.698 PM'
}
{
  method: 'GET',
  url: '/api/v1/user/profile',
  status: 304,
  response_time: 103.259,
  level: 'http',
  message: 'incoming-request',
  timestamp: '2024-11-12 04:01:41.615 PM'
}
{
  method: 'GET',
  url: '/api/v1/user/profile',
  status: 304,
  response_time: 103.082,
  level: 'http',
  message: 'incoming-request',
  timestamp: '2024-11-12 04:01:43.301 PM'
}
{
  method: 'GET',
  url: '/api/v1/user/profile',
  status: 304,
  response_time: 103.49,
  level: 'http',
  message: 'incoming-request',
  timestamp: '2024-11-12 04:01:50.849 PM'
}
{
  method: 'GET',
  url: '/api/v1/user/profile',
  status: 304,
  response_time: 109.401,
  level: 'http',
  message: 'incoming-request',
  timestamp: '2024-11-12 04:02:04.042 PM'
}
{
  method: 'GET',
  url: '/api/v1/user/profile',
  status: 304,
  response_time: 104.891,
  level: 'http',
  message: 'incoming-request',
  timestamp: '2024-11-12 04:04:31.927 PM'
}
{
  method: 'GET',
  url: '/api/v1/user/profile',
  status: 304,
  response_time: 103.885,
  level: 'http',
  message: 'incoming-request',
  timestamp: '2024-11-12 04:04:35.076 PM'
}
{
  method: 'GET',
  url: '/api/v1/user/profile',
  status: 304,
  response_time: 105.795,
  level: 'http',
  message: 'incoming-request',
  timestamp: '2024-11-12 04:04:42.879 PM'
}
{
  method: 'GET',
  url: '/api/v1/user/profile',
  status: 304,
  response_time: 104.005,
  level: 'http',
  message: 'incoming-request',
  timestamp: '2024-11-12 04:05:04.535 PM'
}
{
  method: 'GET',
  url: '/api/v1/user/profile',
  status: 304,
  response_time: 108.775,
  level: 'http',
  message: 'incoming-request',
  timestamp: '2024-11-12 04:48:23.458 PM'
}
{
  method: 'GET',
  url: '/api/v1/user/profile',
  status: 304,
  response_time: 103.439,
  level: 'http',
  message: 'incoming-request',
  timestamp: '2024-11-12 04:48:31.113 PM'
}
{
  method: 'GET',
  url: '/api/v1/user/profile',
  status: 304,
  response_time: 103.347,
  level: 'http',
  message: 'incoming-request',
  timestamp: '2024-11-12 04:48:36.978 PM'
}
{
  method: 'GET',
  url: '/api/v1/user/profile',
  status: 304,
  response_time: 103.67,
  level: 'http',
  message: 'incoming-request',
  timestamp: '2024-11-12 04:49:21.035 PM'
}
{
  method: 'GET',
  url: '/api/v1/user/profile',
  status: 304,
  response_time: 102.489,
  level: 'http',
  message: 'incoming-request',
  timestamp: '2024-11-12 04:56:38.336 PM'
}
{
  method: 'GET',
  url: '/api/v1/user/profile',
  status: 304,
  response_time: 101.592,
  level: 'http',
  message: 'incoming-request',
  timestamp: '2024-11-12 04:56:41.000 PM'
}
{
  method: 'GET',
  url: '/api/v1/user/profile',
  status: 304,
  response_time: 101.292,
  level: 'http',
  message: 'incoming-request',
  timestamp: '2024-11-12 04:56:45.115 PM'
}
{
  method: 'GET',
  url: '/api/v1/user/profile',
  status: 304,
  response_time: 144.911,
  level: 'http',
  message: 'incoming-request',
  timestamp: '2024-11-12 04:56:53.213 PM'
}
{
  method: 'GET',
  url: '/api/v1/user/profile',
  status: 304,
  response_time: 101.558,
  level: 'http',
  message: 'incoming-request',
  timestamp: '2024-11-12 04:56:56.711 PM'
}
{
  method: 'GET',
  url: '/api/v1/user/profile',
  status: 304,
  response_time: 101.525,
  level: 'http',
  message: 'incoming-request',
  timestamp: '2024-11-12 04:56:58.481 PM'
}
{
  method: 'GET',
  url: '/api/v1/user/profile',
  status: 304,
  response_time: 102.724,
  level: 'http',
  message: 'incoming-request',
  timestamp: '2024-11-12 04:57:06.224 PM'
}
{
  method: 'GET',
  url: '/api/v1/user/profile',
  status: 304,
  response_time: 103.368,
  level: 'http',
  message: 'incoming-request',
  timestamp: '2024-11-12 04:57:18.271 PM'
}
{
  method: 'GET',
  url: '/api/v1/user/profile',
  status: 304,
  response_time: 103.153,
  level: 'http',
  message: 'incoming-request',
  timestamp: '2024-11-12 04:57:20.441 PM'
}
{
  method: 'GET',
  url: '/api/v1/user/profile',
  status: 304,
  response_time: 104.099,
  level: 'http',
  message: 'incoming-request',
  timestamp: '2024-11-12 04:58:20.628 PM'
}
{
  method: 'GET',
  url: '/api/v1/user/profile',
  status: 304,
  response_time: 104.554,
  level: 'http',
  message: 'incoming-request',
  timestamp: '2024-11-12 04:58:52.598 PM'
}
{
  method: 'GET',
  url: '/api/v1/user/profile',
  status: 304,
  response_time: 104.377,
  level: 'http',
  message: 'incoming-request',
  timestamp: '2024-11-12 04:59:02.547 PM'
}
{
  method: 'GET',
  url: '/api/v1/user/profile',
  status: 304,
  response_time: 103.447,
  level: 'http',
  message: 'incoming-request',
  timestamp: '2024-11-12 04:59:08.964 PM'
}
{
  method: 'GET',
  url: '/api/v1/user/profile',
  status: 304,
  response_time: 104.473,
  level: 'http',
  message: 'incoming-request',
  timestamp: '2024-11-12 04:59:20.246 PM'
}
{
  method: 'GET',
  url: '/api/v1/user/profile',
  status: 304,
  response_time: 103.973,
  level: 'http',
  message: 'incoming-request',
  timestamp: '2024-11-12 05:00:00.346 PM'
}
{
  method: 'GET',
  url: '/api/v1/user/profile',
  status: 304,
  response_time: 104.036,
  level: 'http',
  message: 'incoming-request',
  timestamp: '2024-11-12 05:00:15.328 PM'
}
{
  method: 'GET',
  url: '/api/v1/user/profile',
  status: 304,
  response_time: 103.705,
  level: 'http',
  message: 'incoming-request',
  timestamp: '2024-11-12 05:08:45.373 PM'
}
{
  method: 'GET',
  url: '/api/v1/user/profile',
  status: 304,
  response_time: 104.602,
  level: 'http',
  message: 'incoming-request',
  timestamp: '2024-11-12 05:13:14.499 PM'
}
{
  method: 'GET',
  url: '/api/v1/user/profile',
  status: 304,
  response_time: 106.326,
  level: 'http',
  message: 'incoming-request',
  timestamp: '2024-11-12 05:13:17.878 PM'
}
{
  method: 'GET',
  url: '/api/v1/user/profile',
  status: 304,
  response_time: 148.516,
  level: 'http',
  message: 'incoming-request',
  timestamp: '2024-11-12 05:13:21.900 PM'
}
{
  method: 'GET',
  url: '/api/v1/user/profile',
  status: 304,
  response_time: 104.825,
  level: 'http',
  message: 'incoming-request',
  timestamp: '2024-11-12 05:13:36.093 PM'
}
{
  method: 'GET',
  url: '/api/v1/user/profile',
  status: 304,
  response_time: 103.467,
  level: 'http',
  message: 'incoming-request',
  timestamp: '2024-11-12 05:14:50.397 PM'
}
{
  method: 'GET',
  url: '/api/v1/user/profile',
  status: 304,
  response_time: 108.887,
  level: 'http',
  message: 'incoming-request',
  timestamp: '2024-11-12 05:15:08.112 PM'
}
{
  method: 'GET',
  url: '/api/v1/user/profile',
  status: 304,
  response_time: 103.684,
  level: 'http',
  message: 'incoming-request',
  timestamp: '2024-11-12 05:15:18.808 PM'
}
{
  method: 'GET',
  url: '/api/v1/user/profile',
  status: 304,
  response_time: 104.032,
  level: 'http',
  message: 'incoming-request',
  timestamp: '2024-11-12 05:17:23.384 PM'
}
{
  message: 'Server on 1997 running. NodeENV: development  ',
  level: 'info',
  timestamp: '2024-11-12 09:16:32.253 PM'
}
{
  method: 'GET',
  url: '/api/v1/property/666720f01ed8af0105a0d444',
  status: 200,
  content_length: '572',
  response_time: 60.734,
  level: 'http',
  message: 'incoming-request',
  timestamp: '2024-11-12 09:16:33.430 PM'
}
{
  method: 'GET',
  url: '/api/v1/property/?page=1',
  status: 200,
  content_length: '3367',
  response_time: 115.403,
  level: 'http',
  message: 'incoming-request',
  timestamp: '2024-11-12 09:16:33.491 PM'
}
{
  method: 'GET',
  url: '/api/v1/user/profile',
  status: 304,
  response_time: 152.6,
  level: 'http',
  message: 'incoming-request',
  timestamp: '2024-11-12 09:16:34.815 PM'
}
{
  method: 'GET',
  url: '/api/v1/user/profile',
  status: 304,
  response_time: 102.874,
  level: 'http',
  message: 'incoming-request',
  timestamp: '2024-11-12 09:16:45.006 PM'
}
{
  method: 'GET',
  url: '/api/v1/user/profile',
  status: 304,
  response_time: 103.273,
  level: 'http',
  message: 'incoming-request',
  timestamp: '2024-11-12 09:17:25.358 PM'
}
{
  method: 'GET',
  url: '/api/v1/user/profile',
  status: 304,
  response_time: 102.634,
  level: 'http',
  message: 'incoming-request',
  timestamp: '2024-11-12 09:17:29.175 PM'
}
{
  method: 'GET',
  url: '/api/v1/user/profile',
  status: 304,
  response_time: 102.95,
  level: 'http',
  message: 'incoming-request',
  timestamp: '2024-11-12 09:17:37.453 PM'
}
