{
  message: 'Server on 1997 running. NodeENV: development  ',
  level: 'info',
  timestamp: '2025-05-12 09:12:05.005 PM'
}
{
  errorResponse: {
    index: 0,
    code: 11000,
    keyPattern: { username: 1 },
    keyValue: { username: 'james' },
    errmsg: 'E11000 duplicate key error collection: mernVilla.users index: username_1 dup key: { username: "james" }'
  },
  index: 0,
  code: 11000,
  keyPattern: { username: 1 },
  keyValue: { username: 'james' },
  level: 'error',
  timestamp: '2025-05-12 09:12:07.091 PM',
  [Symbol(errorLabels)]: Set(0) {}
}
{
  method: 'POST',
  url: '/api/v1/auth/register',
  status: 500,
  content_length: '157',
  response_time: 92.144,
  level: 'http',
  message: 'incoming-request',
  timestamp: '2025-05-12 09:12:07.094 PM'
}
{
  errorResponse: {
    index: 0,
    code: 11000,
    keyPattern: { username: 1 },
    keyValue: { username: 'james' },
    errmsg: 'E11000 duplicate key error collection: mernVilla.users index: username_1 dup key: { username: "james" }'
  },
  index: 0,
  code: 11000,
  keyPattern: { username: 1 },
  keyValue: { username: 'james' },
  level: 'error',
  timestamp: '2025-05-12 09:12:07.762 PM',
  [Symbol(errorLabels)]: Set(0) {}
}
{
  method: 'POST',
  url: '/api/v1/auth/register',
  status: 500,
  content_length: '157',
  response_time: 68.899,
  level: 'http',
  message: 'incoming-request',
  timestamp: '2025-05-12 09:12:07.764 PM'
}
{
  method: 'POST',
  url: '/api/v1/auth/register',
  status: 201,
  content_length: '266',
  response_time: 1217.773,
  level: 'http',
  message: 'incoming-request',
  timestamp: '2025-05-12 09:12:17.261 PM'
}
{
  message: 'Server on 1997 running. NodeENV: development  ',
  level: 'info',
  timestamp: '2025-05-12 09:12:27.527 PM'
}
{
  message: 'Server on 1997 running. NodeENV: development  ',
  level: 'info',
  timestamp: '2025-05-12 09:12:38.247 PM'
}
{
  method: 'POST',
  url: '/api/v1/auth/login',
  status: 500,
  content_length: '1765',
  response_time: 104.436,
  level: 'http',
  message: 'incoming-request',
  timestamp: '2025-05-12 09:12:45.811 PM'
}
{
  method: 'POST',
  url: '/api/v1/auth/login',
  status: 200,
  content_length: '455',
  response_time: 78.942,
  level: 'http',
  message: 'incoming-request',
  timestamp: '2025-05-12 09:13:02.965 PM'
}
{
  message: 'Server on 1997 running. NodeENV: development  ',
  level: 'info',
  timestamp: '2025-05-12 10:11:53.580 PM'
}
{
  method: 'POST',
  url: '/api/v1/auth/login',
  status: 500,
  content_length: '42',
  response_time: 10.07,
  level: 'http',
  message: 'incoming-request',
  timestamp: '2025-05-12 10:11:59.528 PM'
}
{
  method: 'POST',
  url: '/api/v1/auth/login',
  status: 500,
  content_length: '42',
  response_time: 2.942,
  level: 'http',
  message: 'incoming-request',
  timestamp: '2025-05-12 10:12:01.824 PM'
}
{
  method: 'POST',
  url: '/api/v1/auth/login',
  status: 500,
  content_length: '42',
  response_time: 2.77,
  level: 'http',
  message: 'incoming-request',
  timestamp: '2025-05-12 10:12:07.728 PM'
}
{
  method: 'POST',
  url: '/api/v1/auth/login',
  status: 500,
  content_length: '42',
  response_time: 2.718,
  level: 'http',
  message: 'incoming-request',
  timestamp: '2025-05-12 10:12:08.616 PM'
}
{
  method: 'POST',
  url: '/api/v1/auth/login',
  status: 500,
  content_length: '42',
  response_time: 2.477,
  level: 'http',
  message: 'incoming-request',
  timestamp: '2025-05-12 10:12:09.289 PM'
}
{
  method: 'POST',
  url: '/api/v1/auth/login',
  status: 200,
  content_length: '454',
  response_time: 97.701,
  level: 'http',
  message: 'incoming-request',
  timestamp: '2025-05-12 10:12:34.785 PM'
}
{
  message: 'Server on 1997 running. NodeENV: development  ',
  level: 'info',
  timestamp: '2025-05-12 10:12:54.630 PM'
}
{
  message: 'Server on 1997 running. NodeENV: development  ',
  level: 'info',
  timestamp: '2025-05-12 10:13:02.312 PM'
}
{
  message: 'Server on 1997 running. NodeENV: development  ',
  level: 'info',
  timestamp: '2025-05-12 10:13:57.342 PM'
}
{
  message: 'Server on 1997 running. NodeENV: development  ',
  level: 'info',
  timestamp: '2025-05-12 10:14:35.555 PM'
}
{
  message: 'Server on 1997 running. NodeENV: development  ',
  level: 'info',
  timestamp: '2025-05-12 10:14:53.995 PM'
}
{
  message: 'Server on 1997 running. NodeENV: development  ',
  level: 'info',
  timestamp: '2025-05-12 10:15:17.876 PM'
}
{
  method: 'POST',
  url: '/api/v1/auth/login',
  status: 200,
  content_length: '454',
  response_time: 99.14,
  level: 'http',
  message: 'incoming-request',
  timestamp: '2025-05-12 10:16:48.745 PM'
}
{
  message: 'Server on 1997 running. NodeENV: development  ',
  level: 'info',
  timestamp: '2025-05-12 10:17:44.504 PM'
}
{
  method: 'POST',
  url: '/api/v1/auth/login',
  status: 200,
  content_length: '454',
  response_time: 96.107,
  level: 'http',
  message: 'incoming-request',
  timestamp: '2025-05-12 10:17:44.854 PM'
}
{
  message: 'Server on 1997 running. NodeENV: development  ',
  level: 'info',
  timestamp: '2025-05-12 10:17:59.776 PM'
}
{
  message: 'Server on 1997 running. NodeENV: development  ',
  level: 'info',
  timestamp: '2025-05-12 10:18:10.118 PM'
}
{
  method: 'GET',
  url: '/api/v1/user/profile',
  status: 401,
  content_length: '26',
  response_time: 1.473,
  level: 'http',
  message: 'incoming-request',
  timestamp: '2025-05-12 10:18:11.333 PM'
}
{
  method: 'GET',
  url: '/api/v1/property/666720f01ed8af0105a0d444',
  status: 404,
  content_length: '48',
  response_time: 13.543,
  level: 'http',
  message: 'incoming-request',
  timestamp: '2025-05-12 10:18:11.334 PM'
}
{
  method: 'GET',
  url: '/api/v1/property/?page=1',
  status: 200,
  content_length: '3431',
  response_time: 21.159,
  level: 'http',
  message: 'incoming-request',
  timestamp: '2025-05-12 10:18:11.351 PM'
}
{
  method: 'POST',
  url: '/api/v1/auth/login',
  status: 200,
  content_length: '504',
  response_time: 89.157,
  level: 'http',
  message: 'incoming-request',
  timestamp: '2025-05-12 10:18:38.484 PM'
}
{
  method: 'POST',
  url: '/api/v1/order',
  status: 201,
  content_length: '1216',
  response_time: 22.42,
  level: 'http',
  message: 'incoming-request',
  timestamp: '2025-05-12 10:18:42.059 PM'
}
{
  method: 'GET',
  url: '/api/v1/order/682249922cfe0d95f1a6cc67',
  status: 200,
  content_length: '1294',
  response_time: 16.919,
  level: 'http',
  message: 'incoming-request',
  timestamp: '2025-05-12 10:18:42.110 PM'
}
{
  method: 'GET',
  url: '/api/v1/config/paypal',
  status: 200,
  content_length: '95',
  response_time: 0.332,
  level: 'http',
  message: 'incoming-request',
  timestamp: '2025-05-12 10:18:42.340 PM'
}
{
  method: 'GET',
  url: '/api/v1/property/666720f01ed8af0105a0d444',
  status: 404,
  content_length: '48',
  response_time: 4.739,
  level: 'http',
  message: 'incoming-request',
  timestamp: '2025-05-12 10:19:51.453 PM'
}
{
  method: 'GET',
  url: '/api/v1/property/?page=1',
  status: 200,
  content_length: '3431',
  response_time: 9.713,
  level: 'http',
  message: 'incoming-request',
  timestamp: '2025-05-12 10:19:51.461 PM'
}
{
  method: 'GET',
  url: '/api/v1/property/666720f01ed8af0105a0d444',
  status: 404,
  content_length: '48',
  response_time: 6.685,
  level: 'http',
  message: 'incoming-request',
  timestamp: '2025-05-12 10:24:34.919 PM'
}
{
  method: 'GET',
  url: '/api/v1/property/?page=1',
  status: 200,
  content_length: '3431',
  response_time: 13.543,
  level: 'http',
  message: 'incoming-request',
  timestamp: '2025-05-12 10:24:34.929 PM'
}
{
  method: 'GET',
  url: '/api/v1/user/profile',
  status: 200,
  content_length: '3674',
  response_time: 11.042,
  level: 'http',
  message: 'incoming-request',
  timestamp: '2025-05-12 10:24:34.931 PM'
}
{
  method: 'GET',
  url: '/api/v1/property/666720f01ed8af0105a0d444',
  status: 404,
  content_length: '48',
  response_time: 9.274,
  level: 'http',
  message: 'incoming-request',
  timestamp: '2025-05-12 10:25:12.862 PM'
}
{
  method: 'GET',
  url: '/api/v1/property/?page=1',
  status: 200,
  content_length: '3431',
  response_time: 12.795,
  level: 'http',
  message: 'incoming-request',
  timestamp: '2025-05-12 10:25:12.867 PM'
}
{
  method: 'GET',
  url: '/api/v1/user/profile',
  status: 304,
  response_time: 11.408,
  level: 'http',
  message: 'incoming-request',
  timestamp: '2025-05-12 10:25:12.871 PM'
}
{
  method: 'GET',
  url: '/api/v1/property/666720f01ed8af0105a0d444',
  status: 404,
  content_length: '48',
  response_time: 8.32,
  level: 'http',
  message: 'incoming-request',
  timestamp: '2025-05-12 10:25:33.632 PM'
}
{
  method: 'GET',
  url: '/api/v1/property/?page=1',
  status: 200,
  content_length: '3431',
  response_time: 11.267,
  level: 'http',
  message: 'incoming-request',
  timestamp: '2025-05-12 10:25:33.637 PM'
}
{
  method: 'GET',
  url: '/api/v1/user/profile',
  status: 304,
  response_time: 11.911,
  level: 'http',
  message: 'incoming-request',
  timestamp: '2025-05-12 10:25:33.640 PM'
}
{
  method: 'GET',
  url: '/api/v1/property/666720f01ed8af0105a0d444',
  status: 404,
  content_length: '48',
  response_time: 2.959,
  level: 'http',
  message: 'incoming-request',
  timestamp: '2025-05-12 10:25:34.191 PM'
}
{
  method: 'GET',
  url: '/api/v1/property/?page=1',
  status: 200,
  content_length: '3431',
  response_time: 11.466,
  level: 'http',
  message: 'incoming-request',
  timestamp: '2025-05-12 10:25:34.280 PM'
}
{
  method: 'GET',
  url: '/api/v1/user/profile',
  status: 304,
  response_time: 11.623,
  level: 'http',
  message: 'incoming-request',
  timestamp: '2025-05-12 10:25:34.282 PM'
}
{
  method: 'GET',
  url: '/api/v1/property/666720f01ed8af0105a0d444',
  status: 404,
  content_length: '48',
  response_time: 3.19,
  level: 'http',
  message: 'incoming-request',
  timestamp: '2025-05-12 10:25:35.354 PM'
}
{
  method: 'GET',
  url: '/api/v1/property/?page=1',
  status: 200,
  content_length: '3431',
  response_time: 10.266,
  level: 'http',
  message: 'incoming-request',
  timestamp: '2025-05-12 10:25:35.371 PM'
}
{
  method: 'GET',
  url: '/api/v1/user/profile',
  status: 304,
  response_time: 8.074,
  level: 'http',
  message: 'incoming-request',
  timestamp: '2025-05-12 10:25:35.372 PM'
}
{
  method: 'GET',
  url: '/api/v1/property/666720f01ed8af0105a0d444',
  status: 404,
  content_length: '48',
  response_time: 4.201,
  level: 'http',
  message: 'incoming-request',
  timestamp: '2025-05-12 10:25:36.324 PM'
}
{
  method: 'GET',
  url: '/api/v1/property/?page=1',
  status: 200,
  content_length: '3431',
  response_time: 10.514,
  level: 'http',
  message: 'incoming-request',
  timestamp: '2025-05-12 10:25:36.330 PM'
}
{
  method: 'GET',
  url: '/api/v1/user/profile',
  status: 304,
  response_time: 9.51,
  level: 'http',
  message: 'incoming-request',
  timestamp: '2025-05-12 10:25:36.332 PM'
}
{
  method: 'GET',
  url: '/api/v1/property/',
  status: 200,
  content_length: '3431',
  response_time: 5.514,
  level: 'http',
  message: 'incoming-request',
  timestamp: '2025-05-12 10:25:59.306 PM'
}
{
  method: 'GET',
  url: '/api/v1/property/667d32bae9317340ae958b34',
  status: 200,
  content_length: '643',
  response_time: 3.481,
  level: 'http',
  message: 'incoming-request',
  timestamp: '2025-05-12 10:26:13.600 PM'
}
{
  method: 'GET',
  url: '/api/v1/property/?page=1',
  status: 200,
  content_length: '3431',
  response_time: 10.042,
  level: 'http',
  message: 'incoming-request',
  timestamp: '2025-05-12 10:26:13.612 PM'
}
{
  method: 'GET',
  url: '/api/v1/user/profile',
  status: 304,
  response_time: 9.465,
  level: 'http',
  message: 'incoming-request',
  timestamp: '2025-05-12 10:26:13.613 PM'
}
{
  method: 'GET',
  url: '/api/v1/property/667d32bae9317340ae958b34',
  status: 304,
  response_time: 3.594,
  level: 'http',
  message: 'incoming-request',
  timestamp: '2025-05-12 10:26:13.898 PM'
}
{
  method: 'GET',
  url: '/api/v1/property/?page=1',
  status: 200,
  content_length: '3431',
  response_time: 7.39,
  level: 'http',
  message: 'incoming-request',
  timestamp: '2025-05-12 10:26:13.904 PM'
}
{
  method: 'GET',
  url: '/api/v1/user/profile',
  status: 304,
  response_time: 11.745,
  level: 'http',
  message: 'incoming-request',
  timestamp: '2025-05-12 10:26:13.919 PM'
}
{
  method: 'GET',
  url: '/api/v1/property/667d32bae9317340ae958b34',
  status: 304,
  response_time: 7.816,
  level: 'http',
  message: 'incoming-request',
  timestamp: '2025-05-12 10:26:17.400 PM'
}
{
  method: 'GET',
  url: '/api/v1/property/?page=1',
  status: 200,
  content_length: '3431',
  response_time: 11.743,
  level: 'http',
  message: 'incoming-request',
  timestamp: '2025-05-12 10:26:17.407 PM'
}
{
  method: 'GET',
  url: '/api/v1/user/profile',
  status: 304,
  response_time: 11.011,
  level: 'http',
  message: 'incoming-request',
  timestamp: '2025-05-12 10:26:17.407 PM'
}
{
  method: 'GET',
  url: '/api/v1/property/?page=1',
  status: 200,
  content_length: '3431',
  response_time: 6.6,
  level: 'http',
  message: 'incoming-request',
  timestamp: '2025-05-12 10:26:30.642 PM'
}
{
  method: 'GET',
  url: '/api/v1/property/667d32bae9317340ae958b34',
  status: 304,
  response_time: 4.301,
  level: 'http',
  message: 'incoming-request',
  timestamp: '2025-05-12 10:30:48.895 PM'
}
{
  method: 'GET',
  url: '/api/v1/property/?page=1',
  status: 200,
  content_length: '3431',
  response_time: 11.841,
  level: 'http',
  message: 'incoming-request',
  timestamp: '2025-05-12 10:30:48.909 PM'
}
{
  method: 'GET',
  url: '/api/v1/user/profile',
  status: 304,
  response_time: 11.697,
  level: 'http',
  message: 'incoming-request',
  timestamp: '2025-05-12 10:30:48.911 PM'
}
{
  method: 'GET',
  url: '/api/v1/property/667d32bae9317340ae958b34',
  status: 304,
  response_time: 3.772,
  level: 'http',
  message: 'incoming-request',
  timestamp: '2025-05-12 10:30:49.018 PM'
}
{
  method: 'GET',
  url: '/api/v1/property/?page=1',
  status: 200,
  content_length: '3431',
  response_time: 13.478,
  level: 'http',
  message: 'incoming-request',
  timestamp: '2025-05-12 10:30:49.035 PM'
}
{
  method: 'GET',
  url: '/api/v1/user/profile',
  status: 304,
  response_time: 14.102,
  level: 'http',
  message: 'incoming-request',
  timestamp: '2025-05-12 10:30:49.037 PM'
}
{
  method: 'GET',
  url: '/api/v1/messages/6789acb5fbeeba3b81084797',
  status: 200,
  content_length: '2',
  response_time: 9.297,
  level: 'http',
  message: 'incoming-request',
  timestamp: '2025-05-12 10:30:56.143 PM'
}
{
  method: 'GET',
  url: '/api/v1/messages/6738b0d3bc69a50643663670',
  status: 200,
  content_length: '2',
  response_time: 4.727,
  level: 'http',
  message: 'incoming-request',
  timestamp: '2025-05-12 10:31:04.549 PM'
}
{
  method: 'GET',
  url: '/api/v1/messages/67332bd4d9712b8ece95774a',
  status: 200,
  content_length: '2',
  response_time: 5.255,
  level: 'http',
  message: 'incoming-request',
  timestamp: '2025-05-12 10:31:05.776 PM'
}
{
  method: 'POST',
  url: '/api/v1/messages/send/67332bd4d9712b8ece95774a',
  status: 201,
  content_length: '223',
  response_time: 9.08,
  level: 'http',
  message: 'incoming-request',
  timestamp: '2025-05-12 10:31:07.126 PM'
}
{
  method: 'GET',
  url: '/api/v1/messages/67332bd4d9712b8ece95774a',
  status: 200,
  content_length: '225',
  response_time: 6.961,
  level: 'http',
  message: 'incoming-request',
  timestamp: '2025-05-12 10:31:07.139 PM'
}
{
  method: 'POST',
  url: '/api/v1/messages/send/67332bd4d9712b8ece95774a',
  status: 201,
  content_length: '225',
  response_time: 6.248,
  level: 'http',
  message: 'incoming-request',
  timestamp: '2025-05-12 10:31:08.692 PM'
}
{
  method: 'GET',
  url: '/api/v1/messages/67332bd4d9712b8ece95774a',
  status: 200,
  content_length: '451',
  response_time: 4.591,
  level: 'http',
  message: 'incoming-request',
  timestamp: '2025-05-12 10:31:08.701 PM'
}
{
  method: 'GET',
  url: '/api/v1/messages/6738b0d3bc69a50643663670',
  status: 304,
  response_time: 4.655,
  level: 'http',
  message: 'incoming-request',
  timestamp: '2025-05-12 10:31:12.701 PM'
}
{
  method: 'GET',
  url: '/api/v1/messages/6789acb5fbeeba3b81084797',
  status: 304,
  response_time: 4.848,
  level: 'http',
  message: 'incoming-request',
  timestamp: '2025-05-12 10:31:13.596 PM'
}
{
  method: 'GET',
  url: '/api/v1/messages/678ac9c423a84497fcb9ba94',
  status: 200,
  content_length: '2',
  response_time: 5.392,
  level: 'http',
  message: 'incoming-request',
  timestamp: '2025-05-12 10:31:14.276 PM'
}
{
  message: 'Server on 1997 running. NodeENV: development  ',
  level: 'info',
  timestamp: '2025-05-12 10:38:25.233 PM'
}
{
  method: 'POST',
  url: '/api/v1/auth/login',
  status: 200,
  content_length: '454',
  response_time: 97.432,
  level: 'http',
  message: 'incoming-request',
  timestamp: '2025-05-12 10:38:29.441 PM'
}
{
  method: 'GET',
  url: '/api/v1/user/profile',
  status: 403,
  content_length: '9',
  response_time: 2.586,
  level: 'http',
  message: 'incoming-request',
  timestamp: '2025-05-12 10:40:18.021 PM'
}
{
  method: 'GET',
  url: '/api/v1/property/667d32bae9317340ae958b34',
  status: 304,
  response_time: 14.16,
  level: 'http',
  message: 'incoming-request',
  timestamp: '2025-05-12 10:40:18.022 PM'
}
{
  method: 'GET',
  url: '/api/v1/property/?page=1',
  status: 200,
  content_length: '3431',
  response_time: 17.731,
  level: 'http',
  message: 'incoming-request',
  timestamp: '2025-05-12 10:40:18.029 PM'
}
{
  method: 'POST',
  url: '/api/v1/auth/login',
  status: 400,
  content_length: '42',
  response_time: 2.799,
  level: 'http',
  message: 'incoming-request',
  timestamp: '2025-05-12 10:42:18.711 PM'
}
{
  method: 'POST',
  url: '/api/v1/auth/login',
  status: 200,
  content_length: '454',
  response_time: 70.833,
  level: 'http',
  message: 'incoming-request',
  timestamp: '2025-05-12 10:42:23.083 PM'
}
{
  method: 'POST',
  url: '/api/v1/auth/login',
  status: 200,
  content_length: '454',
  response_time: 70.582,
  level: 'http',
  message: 'incoming-request',
  timestamp: '2025-05-12 10:42:25.431 PM'
}
{
  method: 'POST',
  url: '/api/v1/auth/login',
  status: 200,
  content_length: '454',
  response_time: 67.684,
  level: 'http',
  message: 'incoming-request',
  timestamp: '2025-05-12 10:42:40.633 PM'
}
{
  method: 'POST',
  url: '/api/v1/auth/login',
  status: 200,
  content_length: '454',
  response_time: 67.672,
  level: 'http',
  message: 'incoming-request',
  timestamp: '2025-05-12 10:42:41.390 PM'
}
{
  method: 'POST',
  url: '/api/v1/auth/login',
  status: 200,
  content_length: '454',
  response_time: 67.173,
  level: 'http',
  message: 'incoming-request',
  timestamp: '2025-05-12 10:44:27.080 PM'
}
{
  method: 'POST',
  url: '/api/v1/auth/login',
  status: 200,
  content_length: '454',
  response_time: 71.242,
  level: 'http',
  message: 'incoming-request',
  timestamp: '2025-05-12 10:44:27.926 PM'
}
{
  message: 'Server on 1997 running. NodeENV: development  ',
  level: 'info',
  timestamp: '2025-05-12 10:49:15.604 PM'
}
{
  message: 'Server on 1997 running. NodeENV: development  ',
  level: 'info',
  timestamp: '2025-05-12 10:49:25.950 PM'
}
{
  method: 'POST',
  url: '/api/v1/auth/login',
  status: 200,
  content_length: '454',
  response_time: 101.487,
  level: 'http',
  message: 'incoming-request',
  timestamp: '2025-05-12 10:49:38.126 PM'
}
{
  message: 'Server on 1997 running. NodeENV: development  ',
  level: 'info',
  timestamp: '2025-05-12 11:02:02.929 PM'
}
{
  method: 'GET',
  url: '/api/v1/order',
  status: 403,
  content_length: '9',
  response_time: 3.853,
  level: 'http',
  message: 'incoming-request',
  timestamp: '2025-05-12 11:02:03.488 PM'
}
{
  method: 'GET',
  url: '/api/v1/order',
  status: 403,
  content_length: '9',
  response_time: 1.357,
  level: 'http',
  message: 'incoming-request',
  timestamp: '2025-05-12 11:02:04.758 PM'
}
{
  method: 'GET',
  url: '/api/v1/user/profile',
  status: 403,
  content_length: '9',
  response_time: 3.817,
  level: 'http',
  message: 'incoming-request',
  timestamp: '2025-05-12 11:03:10.708 PM'
}
{
  method: 'GET',
  url: '/api/v1/property/667d32bae9317340ae958b34',
  status: 304,
  response_time: 25.929,
  level: 'http',
  message: 'incoming-request',
  timestamp: '2025-05-12 11:03:10.709 PM'
}
{
  method: 'GET',
  url: '/api/v1/property/?page=1',
  status: 200,
  content_length: '3431',
  response_time: 28.617,
  level: 'http',
  message: 'incoming-request',
  timestamp: '2025-05-12 11:03:10.718 PM'
}
{
  method: 'GET',
  url: '/',
  status: 200,
  content_length: '31',
  response_time: 0.328,
  level: 'http',
  message: 'incoming-request',
  timestamp: '2025-05-12 11:03:13.913 PM'
}
{
  method: 'GET',
  url: '/favicon.ico',
  status: 500,
  content_length: '75',
  response_time: 0.385,
  level: 'http',
  message: 'incoming-request',
  timestamp: '2025-05-12 11:03:14.096 PM'
}
{
  method: 'GET',
  url: '/api',
  status: 500,
  content_length: '67',
  response_time: 0.163,
  level: 'http',
  message: 'incoming-request',
  timestamp: '2025-05-12 11:03:16.283 PM'
}
{
  method: 'GET',
  url: '/cocs',
  status: 500,
  content_length: '68',
  response_time: 0.177,
  level: 'http',
  message: 'incoming-request',
  timestamp: '2025-05-12 11:03:39.082 PM'
}
{
  method: 'GET',
  url: '/dcocs',
  status: 500,
  content_length: '69',
  response_time: 0.271,
  level: 'http',
  message: 'incoming-request',
  timestamp: '2025-05-12 11:03:41.625 PM'
}
{
  method: 'GET',
  url: '/docs',
  status: 301,
  content_length: 154,
  response_time: 1.337,
  level: 'http',
  message: 'incoming-request',
  timestamp: '2025-05-12 11:03:44.077 PM'
}
{
  method: 'GET',
  url: '/docs/',
  status: 200,
  content_length: '3106',
  response_time: 1.206,
  level: 'http',
  message: 'incoming-request',
  timestamp: '2025-05-12 11:03:44.087 PM'
}
{
  method: 'GET',
  url: '/docs/swagger-ui-init.js',
  status: 200,
  content_length: '84204',
  response_time: 0.305,
  level: 'http',
  message: 'incoming-request',
  timestamp: '2025-05-12 11:03:44.125 PM'
}
{
  method: 'GET',
  url: '/docs/swagger-ui.css',
  status: 200,
  content_length: 152072,
  response_time: 6.014,
  level: 'http',
  message: 'incoming-request',
  timestamp: '2025-05-12 11:03:44.129 PM'
}
{
  method: 'GET',
  url: '/docs/swagger-ui-standalone-preset.js',
  status: 200,
  content_length: 230007,
  response_time: 4.109,
  level: 'http',
  message: 'incoming-request',
  timestamp: '2025-05-12 11:03:44.131 PM'
}
{
  method: 'GET',
  url: '/docs/swagger-ui-bundle.js',
  status: 200,
  content_length: 1426050,
  response_time: 3.762,
  level: 'http',
  message: 'incoming-request',
  timestamp: '2025-05-12 11:03:44.137 PM'
}
{
  method: 'GET',
  url: '/docs/favicon-32x32.png',
  status: 200,
  content_length: 628,
  response_time: 3.401,
  level: 'http',
  message: 'incoming-request',
  timestamp: '2025-05-12 11:03:44.508 PM'
}
{
  method: 'PATCH',
  url: '/api/v1/property/6782917365f332892541fa0a',
  status: 401,
  content_length: '26',
  response_time: 0.249,
  level: 'http',
  message: 'incoming-request',
  timestamp: '2025-05-12 11:03:56.979 PM'
}
{
  method: 'POST',
  url: '/api/v1/auth/feedback',
  status: 201,
  content_length: '46',
  response_time: 1216.739,
  level: 'http',
  message: 'incoming-request',
  timestamp: '2025-05-12 11:06:30.951 PM'
}
{
  method: 'GET',
  url: '/api/v1/user/profile',
  status: 403,
  content_length: '9',
  response_time: 1.515,
  level: 'http',
  message: 'incoming-request',
  timestamp: '2025-05-12 11:07:25.161 PM'
}
{
  method: 'GET',
  url: '/api/v1/property/667d32bae9317340ae958b34',
  status: 304,
  response_time: 7.764,
  level: 'http',
  message: 'incoming-request',
  timestamp: '2025-05-12 11:07:25.162 PM'
}
{
  method: 'GET',
  url: '/api/v1/property/?page=1',
  status: 200,
  content_length: '3431',
  response_time: 11.569,
  level: 'http',
  message: 'incoming-request',
  timestamp: '2025-05-12 11:07:25.167 PM'
}
{
  method: 'POST',
  url: '/api/v1/auth/register',
  status: 400,
  content_length: '89',
  response_time: 36.144,
  level: 'http',
  message: 'incoming-request',
  timestamp: '2025-05-12 11:08:14.348 PM'
}
{
  method: 'POST',
  url: '/api/v1/auth/register',
  status: 400,
  content_length: '89',
  response_time: 5.513,
  level: 'http',
  message: 'incoming-request',
  timestamp: '2025-05-12 11:08:14.398 PM'
}
{
  method: 'POST',
  url: '/api/v1/auth/register',
  status: 400,
  content_length: '89',
  response_time: 5.258,
  level: 'http',
  message: 'incoming-request',
  timestamp: '2025-05-12 11:08:14.415 PM'
}
{
  method: 'POST',
  url: '/api/v1/auth/register',
  status: 400,
  content_length: '106',
  response_time: 1.29,
  level: 'http',
  message: 'incoming-request',
  timestamp: '2025-05-12 11:08:14.431 PM'
}
{
  method: 'POST',
  url: '/api/v1/auth/register',
  status: 400,
  content_length: '106',
  response_time: 0.971,
  level: 'http',
  message: 'incoming-request',
  timestamp: '2025-05-12 11:08:14.443 PM'
}
{
  method: 'POST',
  url: '/api/v1/auth/register',
  status: 201,
  content_length: '267',
  response_time: 180.226,
  level: 'http',
  message: 'incoming-request',
  timestamp: '2025-05-12 11:10:26.214 PM'
}
{
  method: 'POST',
  url: '/api/v1/auth/register',
  status: 400,
  content_length: '89',
  response_time: 7.657,
  level: 'http',
  message: 'incoming-request',
  timestamp: '2025-05-12 11:10:26.249 PM'
}
{
  method: 'POST',
  url: '/api/v1/auth/register',
  status: 400,
  content_length: '89',
  response_time: 12.908,
  level: 'http',
  message: 'incoming-request',
  timestamp: '2025-05-12 11:10:26.278 PM'
}
{
  method: 'POST',
  url: '/api/v1/auth/register',
  status: 400,
  content_length: '106',
  response_time: 1.139,
  level: 'http',
  message: 'incoming-request',
  timestamp: '2025-05-12 11:10:26.292 PM'
}
{
  method: 'POST',
  url: '/api/v1/auth/register',
  status: 400,
  content_length: '106',
  response_time: 0.87,
  level: 'http',
  message: 'incoming-request',
  timestamp: '2025-05-12 11:10:26.305 PM'
}
{
  method: 'POST',
  url: '/api/v1/auth/register',
  status: 201,
  content_length: '267',
  response_time: 178.479,
  level: 'http',
  message: 'incoming-request',
  timestamp: '2025-05-12 11:30:29.781 PM'
}
{
  method: 'POST',
  url: '/api/v1/auth/register',
  status: 400,
  content_length: '89',
  response_time: 7.997,
  level: 'http',
  message: 'incoming-request',
  timestamp: '2025-05-12 11:30:29.814 PM'
}
{
  method: 'POST',
  url: '/api/v1/auth/register',
  status: 400,
  content_length: '89',
  response_time: 8.543,
  level: 'http',
  message: 'incoming-request',
  timestamp: '2025-05-12 11:30:29.835 PM'
}
{
  method: 'POST',
  url: '/api/v1/auth/register',
  status: 400,
  content_length: '106',
  response_time: 1.251,
  level: 'http',
  message: 'incoming-request',
  timestamp: '2025-05-12 11:30:29.852 PM'
}
{
  method: 'POST',
  url: '/api/v1/auth/register',
  status: 400,
  content_length: '106',
  response_time: 1.074,
  level: 'http',
  message: 'incoming-request',
  timestamp: '2025-05-12 11:30:29.866 PM'
}
{
  method: 'POST',
  url: '/api/v1/auth/register',
  status: 201,
  content_length: '267',
  response_time: 171.74,
  level: 'http',
  message: 'incoming-request',
  timestamp: '2025-05-12 11:31:29.960 PM'
}
{
  method: 'POST',
  url: '/api/v1/auth/register',
  status: 400,
  content_length: '89',
  response_time: 7.277,
  level: 'http',
  message: 'incoming-request',
  timestamp: '2025-05-12 11:31:29.990 PM'
}
{
  method: 'POST',
  url: '/api/v1/auth/register',
  status: 400,
  content_length: '89',
  response_time: 12.819,
  level: 'http',
  message: 'incoming-request',
  timestamp: '2025-05-12 11:31:30.018 PM'
}
{
  method: 'POST',
  url: '/api/v1/auth/register',
  status: 400,
  content_length: '106',
  response_time: 1.312,
  level: 'http',
  message: 'incoming-request',
  timestamp: '2025-05-12 11:31:30.033 PM'
}
{
  method: 'POST',
  url: '/api/v1/auth/register',
  status: 400,
  content_length: '106',
  response_time: 0.8,
  level: 'http',
  message: 'incoming-request',
  timestamp: '2025-05-12 11:31:30.046 PM'
}
{
  method: 'POST',
  url: '/api/v1/auth/register',
  status: 201,
  content_length: '267',
  response_time: 146.023,
  level: 'http',
  message: 'incoming-request',
  timestamp: '2025-05-12 11:31:33.841 PM'
}
{
  method: 'POST',
  url: '/api/v1/auth/register',
  status: 201,
  content_length: '267',
  response_time: 178.377,
  level: 'http',
  message: 'incoming-request',
  timestamp: '2025-05-12 11:32:30.574 PM'
}
{
  method: 'POST',
  url: '/api/v1/auth/register',
  status: 400,
  content_length: '89',
  response_time: 7.273,
  level: 'http',
  message: 'incoming-request',
  timestamp: '2025-05-12 11:32:30.608 PM'
}
{
  method: 'POST',
  url: '/api/v1/auth/register',
  status: 400,
  content_length: '89',
  response_time: 5.194,
  level: 'http',
  message: 'incoming-request',
  timestamp: '2025-05-12 11:32:30.627 PM'
}
{
  method: 'POST',
  url: '/api/v1/auth/register',
  status: 400,
  content_length: '106',
  response_time: 1.109,
  level: 'http',
  message: 'incoming-request',
  timestamp: '2025-05-12 11:32:30.642 PM'
}
{
  method: 'POST',
  url: '/api/v1/auth/register',
  status: 400,
  content_length: '106',
  response_time: 0.786,
  level: 'http',
  message: 'incoming-request',
  timestamp: '2025-05-12 11:32:30.654 PM'
}
{
  method: 'POST',
  url: '/api/v1/auth/register',
  status: 201,
  content_length: '267',
  response_time: 142.946,
  level: 'http',
  message: 'incoming-request',
  timestamp: '2025-05-12 11:32:33.787 PM'
}
{
  method: 'POST',
  url: '/api/v1/auth/register',
  status: 201,
  content_length: '267',
  response_time: 184.793,
  level: 'http',
  message: 'incoming-request',
  timestamp: '2025-05-12 11:33:38.046 PM'
}
{
  method: 'POST',
  url: '/api/v1/auth/register',
  status: 400,
  content_length: '89',
  response_time: 7.988,
  level: 'http',
  message: 'incoming-request',
  timestamp: '2025-05-12 11:33:38.077 PM'
}
{
  method: 'POST',
  url: '/api/v1/auth/register',
  status: 400,
  content_length: '89',
  response_time: 4.809,
  level: 'http',
  message: 'incoming-request',
  timestamp: '2025-05-12 11:33:38.093 PM'
}
{
  method: 'POST',
  url: '/api/v1/auth/register',
  status: 400,
  content_length: '106',
  response_time: 1.15,
  level: 'http',
  message: 'incoming-request',
  timestamp: '2025-05-12 11:33:38.110 PM'
}
{
  method: 'POST',
  url: '/api/v1/auth/register',
  status: 400,
  content_length: '106',
  response_time: 0.827,
  level: 'http',
  message: 'incoming-request',
  timestamp: '2025-05-12 11:33:38.121 PM'
}
{
  method: 'POST',
  url: '/api/v1/auth/register',
  status: 201,
  content_length: '267',
  response_time: 150.558,
  level: 'http',
  message: 'incoming-request',
  timestamp: '2025-05-12 11:33:44.762 PM'
}
{
  method: 'POST',
  url: '/api/v1/auth/register',
  status: 201,
  content_length: '267',
  response_time: 184.492,
  level: 'http',
  message: 'incoming-request',
  timestamp: '2025-05-12 11:34:32.768 PM'
}
{
  method: 'POST',
  url: '/api/v1/auth/register',
  status: 400,
  content_length: '89',
  response_time: 9.182,
  level: 'http',
  message: 'incoming-request',
  timestamp: '2025-05-12 11:34:32.804 PM'
}
{
  method: 'POST',
  url: '/api/v1/auth/register',
  status: 400,
  content_length: '89',
  response_time: 12.981,
  level: 'http',
  message: 'incoming-request',
  timestamp: '2025-05-12 11:34:32.837 PM'
}
{
  method: 'POST',
  url: '/api/v1/auth/register',
  status: 400,
  content_length: '106',
  response_time: 1.541,
  level: 'http',
  message: 'incoming-request',
  timestamp: '2025-05-12 11:34:32.854 PM'
}
{
  method: 'POST',
  url: '/api/v1/auth/register',
  status: 400,
  content_length: '106',
  response_time: 2.045,
  level: 'http',
  message: 'incoming-request',
  timestamp: '2025-05-12 11:34:32.870 PM'
}
{
  method: 'POST',
  url: '/api/v1/auth/register',
  status: 201,
  content_length: '267',
  response_time: 154.455,
  level: 'http',
  message: 'incoming-request',
  timestamp: '2025-05-12 11:34:39.234 PM'
}
{
  method: 'POST',
  url: '/api/v1/auth/register',
  status: 201,
  content_length: '267',
  response_time: 230.72,
  level: 'http',
  message: 'incoming-request',
  timestamp: '2025-05-12 11:37:58.653 PM'
}
{
  method: 'POST',
  url: '/api/v1/auth/register',
  status: 400,
  content_length: '89',
  response_time: 10.617,
  level: 'http',
  message: 'incoming-request',
  timestamp: '2025-05-12 11:37:58.704 PM'
}
{
  method: 'POST',
  url: '/api/v1/auth/register',
  status: 400,
  content_length: '89',
  response_time: 5.761,
  level: 'http',
  message: 'incoming-request',
  timestamp: '2025-05-12 11:37:58.725 PM'
}
{
  method: 'POST',
  url: '/api/v1/auth/register',
  status: 400,
  content_length: '106',
  response_time: 1.448,
  level: 'http',
  message: 'incoming-request',
  timestamp: '2025-05-12 11:37:58.743 PM'
}
{
  method: 'POST',
  url: '/api/v1/auth/register',
  status: 400,
  content_length: '106',
  response_time: 0.894,
  level: 'http',
  message: 'incoming-request',
  timestamp: '2025-05-12 11:37:58.760 PM'
}
{
  method: 'POST',
  url: '/api/v1/auth/register',
  status: 201,
  content_length: '267',
  response_time: 133.491,
  level: 'http',
  message: 'incoming-request',
  timestamp: '2025-05-12 11:38:06.942 PM'
}
{
  method: 'POST',
  url: '/api/v1/auth/register',
  status: 201,
  content_length: '267',
  response_time: 179.47,
  level: 'http',
  message: 'incoming-request',
  timestamp: '2025-05-12 11:39:28.269 PM'
}
{
  method: 'POST',
  url: '/api/v1/auth/register',
  status: 400,
  content_length: '89',
  response_time: 9.259,
  level: 'http',
  message: 'incoming-request',
  timestamp: '2025-05-12 11:39:28.302 PM'
}
{
  method: 'POST',
  url: '/api/v1/auth/register',
  status: 400,
  content_length: '89',
  response_time: 6.037,
  level: 'http',
  message: 'incoming-request',
  timestamp: '2025-05-12 11:39:28.320 PM'
}
{
  method: 'POST',
  url: '/api/v1/auth/register',
  status: 400,
  content_length: '106',
  response_time: 1.132,
  level: 'http',
  message: 'incoming-request',
  timestamp: '2025-05-12 11:39:28.335 PM'
}
{
  method: 'POST',
  url: '/api/v1/auth/register',
  status: 400,
  content_length: '106',
  response_time: 0.987,
  level: 'http',
  message: 'incoming-request',
  timestamp: '2025-05-12 11:39:28.348 PM'
}
{
  method: 'POST',
  url: '/api/v1/auth/register',
  status: 201,
  content_length: '267',
  response_time: 169.567,
  level: 'http',
  message: 'incoming-request',
  timestamp: '2025-05-12 11:39:35.022 PM'
}
{
  method: 'POST',
  url: '/api/v1/auth/register',
  status: 201,
  content_length: '267',
  response_time: 179.533,
  level: 'http',
  message: 'incoming-request',
  timestamp: '2025-05-12 11:40:28.273 PM'
}
{
  method: 'POST',
  url: '/api/v1/auth/register',
  status: 400,
  content_length: '89',
  response_time: 9.122,
  level: 'http',
  message: 'incoming-request',
  timestamp: '2025-05-12 11:40:28.304 PM'
}
{
  method: 'POST',
  url: '/api/v1/auth/register',
  status: 400,
  content_length: '89',
  response_time: 5.407,
  level: 'http',
  message: 'incoming-request',
  timestamp: '2025-05-12 11:40:28.322 PM'
}
{
  method: 'POST',
  url: '/api/v1/auth/register',
  status: 400,
  content_length: '106',
  response_time: 1.153,
  level: 'http',
  message: 'incoming-request',
  timestamp: '2025-05-12 11:40:28.339 PM'
}
{
  method: 'POST',
  url: '/api/v1/auth/register',
  status: 400,
  content_length: '106',
  response_time: 0.787,
  level: 'http',
  message: 'incoming-request',
  timestamp: '2025-05-12 11:40:28.351 PM'
}
{
  method: 'POST',
  url: '/api/v1/auth/register',
  status: 201,
  content_length: '267',
  response_time: 141.584,
  level: 'http',
  message: 'incoming-request',
  timestamp: '2025-05-12 11:40:35.126 PM'
}
{
  method: 'POST',
  url: '/api/v1/auth/register',
  status: 201,
  content_length: '267',
  response_time: 176.321,
  level: 'http',
  message: 'incoming-request',
  timestamp: '2025-05-12 11:46:44.735 PM'
}
{
  method: 'POST',
  url: '/api/v1/auth/register',
  status: 400,
  content_length: '89',
  response_time: 9.666,
  level: 'http',
  message: 'incoming-request',
  timestamp: '2025-05-12 11:46:44.768 PM'
}
{
  method: 'POST',
  url: '/api/v1/auth/register',
  status: 400,
  content_length: '89',
  response_time: 11.12,
  level: 'http',
  message: 'incoming-request',
  timestamp: '2025-05-12 11:46:44.793 PM'
}
{
  method: 'POST',
  url: '/api/v1/auth/register',
  status: 400,
  content_length: '106',
  response_time: 1.316,
  level: 'http',
  message: 'incoming-request',
  timestamp: '2025-05-12 11:46:44.809 PM'
}
{
  method: 'POST',
  url: '/api/v1/auth/register',
  status: 400,
  content_length: '106',
  response_time: 0.99,
  level: 'http',
  message: 'incoming-request',
  timestamp: '2025-05-12 11:46:44.823 PM'
}
{
  method: 'POST',
  url: '/api/v1/auth/register',
  status: 201,
  content_length: '267',
  response_time: 130.733,
  level: 'http',
  message: 'incoming-request',
  timestamp: '2025-05-12 11:46:51.488 PM'
}
{
  method: 'POST',
  url: '/api/v1/auth/register',
  status: 201,
  content_length: '267',
  response_time: 176.625,
  level: 'http',
  message: 'incoming-request',
  timestamp: '2025-05-12 11:48:44.480 PM'
}
{
  method: 'POST',
  url: '/api/v1/auth/register',
  status: 400,
  content_length: '89',
  response_time: 7.574,
  level: 'http',
  message: 'incoming-request',
  timestamp: '2025-05-12 11:48:44.511 PM'
}
{
  method: 'POST',
  url: '/api/v1/auth/register',
  status: 400,
  content_length: '89',
  response_time: 6.852,
  level: 'http',
  message: 'incoming-request',
  timestamp: '2025-05-12 11:48:44.532 PM'
}
{
  method: 'POST',
  url: '/api/v1/auth/register',
  status: 400,
  content_length: '106',
  response_time: 1.236,
  level: 'http',
  message: 'incoming-request',
  timestamp: '2025-05-12 11:48:44.547 PM'
}
{
  method: 'POST',
  url: '/api/v1/auth/register',
  status: 400,
  content_length: '106',
  response_time: 0.847,
  level: 'http',
  message: 'incoming-request',
  timestamp: '2025-05-12 11:48:44.561 PM'
}
{
  method: 'POST',
  url: '/api/v1/auth/register',
  status: 201,
  content_length: '267',
  response_time: 153.762,
  level: 'http',
  message: 'incoming-request',
  timestamp: '2025-05-12 11:48:51.236 PM'
}
{
  method: 'POST',
  url: '/api/v1/auth/register',
  status: 201,
  content_length: '267',
  response_time: 253.537,
  level: 'http',
  message: 'incoming-request',
  timestamp: '2025-05-12 11:51:20.358 PM'
}
{
  method: 'POST',
  url: '/api/v1/auth/register',
  status: 400,
  content_length: '89',
  response_time: 10.416,
  level: 'http',
  message: 'incoming-request',
  timestamp: '2025-05-12 11:51:20.394 PM'
}
{
  method: 'POST',
  url: '/api/v1/auth/register',
  status: 400,
  content_length: '89',
  response_time: 12.785,
  level: 'http',
  message: 'incoming-request',
  timestamp: '2025-05-12 11:51:20.423 PM'
}
{
  method: 'POST',
  url: '/api/v1/auth/register',
  status: 400,
  content_length: '106',
  response_time: 1.285,
  level: 'http',
  message: 'incoming-request',
  timestamp: '2025-05-12 11:51:20.441 PM'
}
{
  method: 'POST',
  url: '/api/v1/auth/register',
  status: 400,
  content_length: '106',
  response_time: 0.873,
  level: 'http',
  message: 'incoming-request',
  timestamp: '2025-05-12 11:51:20.458 PM'
}
{
  method: 'POST',
  url: '/api/v1/auth/register',
  status: 201,
  content_length: '267',
  response_time: 207.99,
  level: 'http',
  message: 'incoming-request',
  timestamp: '2025-05-12 11:51:37.361 PM'
}
{
  method: 'POST',
  url: '/api/v1/auth/register',
  status: 201,
  content_length: '267',
  response_time: 177.04,
  level: 'http',
  message: 'incoming-request',
  timestamp: '2025-05-12 11:52:02.333 PM'
}
{
  method: 'POST',
  url: '/api/v1/auth/register',
  status: 400,
  content_length: '89',
  response_time: 7.403,
  level: 'http',
  message: 'incoming-request',
  timestamp: '2025-05-12 11:52:02.363 PM'
}
{
  method: 'POST',
  url: '/api/v1/auth/register',
  status: 400,
  content_length: '89',
  response_time: 5.3,
  level: 'http',
  message: 'incoming-request',
  timestamp: '2025-05-12 11:52:02.380 PM'
}
{
  method: 'POST',
  url: '/api/v1/auth/register',
  status: 400,
  content_length: '106',
  response_time: 1.151,
  level: 'http',
  message: 'incoming-request',
  timestamp: '2025-05-12 11:52:02.397 PM'
}
{
  method: 'POST',
  url: '/api/v1/auth/register',
  status: 400,
  content_length: '106',
  response_time: 0.824,
  level: 'http',
  message: 'incoming-request',
  timestamp: '2025-05-12 11:52:02.409 PM'
}
{
  method: 'POST',
  url: '/api/v1/auth/register',
  status: 201,
  content_length: '267',
  response_time: 134.808,
  level: 'http',
  message: 'incoming-request',
  timestamp: '2025-05-12 11:52:18.748 PM'
}
{
  method: 'POST',
  url: '/api/v1/auth/register',
  status: 201,
  content_length: '267',
  response_time: 183.163,
  level: 'http',
  message: 'incoming-request',
  timestamp: '2025-05-12 11:52:43.919 PM'
}
{
  method: 'POST',
  url: '/api/v1/auth/register',
  status: 400,
  content_length: '89',
  response_time: 7.963,
  level: 'http',
  message: 'incoming-request',
  timestamp: '2025-05-12 11:52:43.951 PM'
}
{
  method: 'POST',
  url: '/api/v1/auth/register',
  status: 400,
  content_length: '89',
  response_time: 13.506,
  level: 'http',
  message: 'incoming-request',
  timestamp: '2025-05-12 11:52:43.978 PM'
}
{
  method: 'POST',
  url: '/api/v1/auth/register',
  status: 400,
  content_length: '106',
  response_time: 1.21,
  level: 'http',
  message: 'incoming-request',
  timestamp: '2025-05-12 11:52:43.994 PM'
}
{
  method: 'POST',
  url: '/api/v1/auth/register',
  status: 400,
  content_length: '106',
  response_time: 0.831,
  level: 'http',
  message: 'incoming-request',
  timestamp: '2025-05-12 11:52:44.007 PM'
}
{
  method: 'POST',
  url: '/api/v1/auth/register',
  status: 201,
  content_length: '267',
  response_time: 140.368,
  level: 'http',
  message: 'incoming-request',
  timestamp: '2025-05-12 11:53:00.375 PM'
}
