{
  message: 'Email transporter is not initialized. Check your configuration.',
  level: 'error',
  timestamp: '2025-05-15 12:03:12.482 AM'
}
{
  message: 'email not sent: Error: Email transporter is not initialized. Check your configuration.',
  level: 'error',
  timestamp: '2025-05-15 12:03:12.493 AM'
}
{
  method: 'POST',
  url: '/api/v1/auth/register',
  status: 201,
  content_length: '266',
  response_time: 189.537,
  level: 'http',
  message: 'incoming-request',
  timestamp: '2025-05-15 12:03:12.502 AM'
}
{
  method: 'POST',
  url: '/api/v1/auth/login',
  status: 200,
  content_length: '455',
  response_time: 97.518,
  level: 'http',
  message: 'incoming-request',
  timestamp: '2025-05-15 12:03:12.633 AM'
}
{
  method: 'POST',
  url: '/api/v1/auth/login',
  status: 400,
  content_length: '50',
  response_time: 1.251,
  level: 'http',
  message: 'incoming-request',
  timestamp: '2025-05-15 12:03:12.660 AM'
}
{
  message: 'Email transporter is not initialized. Check your configuration.',
  level: 'error',
  timestamp: '2025-05-15 12:03:16.335 AM'
}
{
  message: 'email not sent: Error: Email transporter is not initialized. Check your configuration.',
  level: 'error',
  timestamp: '2025-05-15 12:03:16.338 AM'
}
{
  method: 'POST',
  url: '/api/v1/auth/register',
  status: 201,
  content_length: '266',
  response_time: 143.233,
  level: 'http',
  message: 'incoming-request',
  timestamp: '2025-05-15 12:03:16.342 AM'
}
{
  method: 'POST',
  url: '/api/v1/auth/login',
  status: 200,
  content_length: '455',
  response_time: 80.841,
  level: 'http',
  message: 'incoming-request',
  timestamp: '2025-05-15 12:03:16.448 AM'
}
{
  method: 'POST',
  url: '/api/v1/auth/login',
  status: 400,
  content_length: '50',
  response_time: 0.84,
  level: 'http',
  message: 'incoming-request',
  timestamp: '2025-05-15 12:03:16.469 AM'
}
{
  method: 'POST',
  url: '/api/v1/auth/feedback',
  status: 201,
  content_length: '46',
  response_time: 3.408,
  level: 'http',
  message: 'incoming-request',
  timestamp: '2025-05-15 12:03:21.752 AM'
}
{
  method: 'POST',
  url: '/api/v1/auth/feedback',
  status: 400,
  content_length: '47',
  response_time: 1.839,
  level: 'http',
  message: 'incoming-request',
  timestamp: '2025-05-15 12:03:21.858 AM'
}
{
  message: 'Too many requests: Too many requests from this IP address\tPOST\t/feedback\tundefined',
  level: 'error',
  timestamp: '2025-05-15 12:03:21.956 AM'
}
{
  method: 'POST',
  url: '/api/v1/auth/feedback',
  status: 201,
  content_length: '46',
  response_time: 1.127,
  level: 'http',
  message: 'incoming-request',
  timestamp: '2025-05-15 12:03:21.963 AM'
}
{
  method: 'POST',
  url: '/api/v1/auth/feedback',
  status: 201,
  content_length: '46',
  response_time: 0.909,
  level: 'http',
  message: 'incoming-request',
  timestamp: '2025-05-15 12:03:21.966 AM'
}
{
  method: 'POST',
  url: '/api/v1/auth/feedback',
  status: 201,
  content_length: '46',
  response_time: 0.974,
  level: 'http',
  message: 'incoming-request',
  timestamp: '2025-05-15 12:03:21.970 AM'
}
{
  method: 'POST',
  url: '/api/v1/auth/feedback',
  status: 429,
  content_length: '52',
  response_time: 5.569,
  level: 'http',
  message: 'incoming-request',
  timestamp: '2025-05-15 12:03:21.974 AM'
}
{
  message: 'Too many requests: Too many requests from this IP address\tPOST\t/feedback\tundefined',
  level: 'error',
  timestamp: '2025-05-15 12:03:21.999 AM'
}
{
  method: 'POST',
  url: '/api/v1/auth/feedback',
  status: 429,
  content_length: '52',
  response_time: 5.982,
  level: 'http',
  message: 'incoming-request',
  timestamp: '2025-05-15 12:03:22.006 AM'
}
{
  message: 'Email transporter is not initialized. Check your configuration.',
  level: 'error',
  timestamp: '2025-05-15 12:05:45.898 AM'
}
{
  message: 'email not sent: Error: Email transporter is not initialized. Check your configuration.',
  level: 'error',
  timestamp: '2025-05-15 12:05:45.908 AM'
}
{
  method: 'POST',
  url: '/api/v1/auth/register',
  status: 201,
  content_length: '266',
  response_time: 375.788,
  level: 'http',
  message: 'incoming-request',
  timestamp: '2025-05-15 12:05:45.917 AM'
}
{
  method: 'POST',
  url: '/api/v1/auth/login',
  status: 200,
  content_length: '455',
  response_time: 88.328,
  level: 'http',
  message: 'incoming-request',
  timestamp: '2025-05-15 12:05:46.046 AM'
}
{
  method: 'POST',
  url: '/api/v1/auth/login',
  status: 400,
  content_length: '50',
  response_time: 1.299,
  level: 'http',
  message: 'incoming-request',
  timestamp: '2025-05-15 12:05:46.074 AM'
}
{
  message: 'Email transporter is not initialized. Check your configuration.',
  level: 'error',
  timestamp: '2025-05-15 12:06:36.399 AM'
}
{
  message: 'email not sent: Error: Email transporter is not initialized. Check your configuration.',
  level: 'error',
  timestamp: '2025-05-15 12:06:36.409 AM'
}
{
  method: 'POST',
  url: '/api/v1/auth/register',
  status: 201,
  content_length: '266',
  response_time: 195.132,
  level: 'http',
  message: 'incoming-request',
  timestamp: '2025-05-15 12:06:36.417 AM'
}
{
  method: 'POST',
  url: '/api/v1/auth/login',
  status: 200,
  content_length: '455',
  response_time: 87.724,
  level: 'http',
  message: 'incoming-request',
  timestamp: '2025-05-15 12:06:36.540 AM'
}
{
  method: 'POST',
  url: '/api/v1/auth/login',
  status: 400,
  content_length: '50',
  response_time: 1.224,
  level: 'http',
  message: 'incoming-request',
  timestamp: '2025-05-15 12:06:36.565 AM'
}
{
  message: 'Email transporter is not initialized. Check your configuration.',
  level: 'error',
  timestamp: '2025-05-15 12:06:36.597 AM'
}
{
  message: 'email not sent: Error: Email transporter is not initialized. Check your configuration.',
  level: 'error',
  timestamp: '2025-05-15 12:06:36.603 AM'
}
{
  message: 'Email transporter is not initialized. Check your configuration.',
  level: 'error',
  timestamp: '2025-05-15 12:06:36.609 AM'
}
{
  message: 'email not sent: Error: Email transporter is not initialized. Check your configuration.',
  level: 'error',
  timestamp: '2025-05-15 12:06:36.612 AM'
}
{
  message: 'Email transporter is not initialized. Check your configuration.',
  level: 'error',
  timestamp: '2025-05-15 12:06:36.617 AM'
}
{
  message: 'email not sent: Error: Email transporter is not initialized. Check your configuration.',
  level: 'error',
  timestamp: '2025-05-15 12:06:36.621 AM'
}
{
  message: 'Email transporter is not initialized. Check your configuration.',
  level: 'error',
  timestamp: '2025-05-15 12:06:36.626 AM'
}
{
  message: 'email not sent: Error: Email transporter is not initialized. Check your configuration.',
  level: 'error',
  timestamp: '2025-05-15 12:06:36.629 AM'
}
{
  method: 'POST',
  url: '/api/v1/auth/feedback',
  status: 201,
  content_length: '46',
  response_time: 10.069,
  level: 'http',
  message: 'incoming-request',
  timestamp: '2025-05-15 12:06:36.632 AM'
}
{
  method: 'POST',
  url: '/api/v1/auth/feedback',
  status: 201,
  content_length: '46',
  response_time: 6.665,
  level: 'http',
  message: 'incoming-request',
  timestamp: '2025-05-15 12:06:36.635 AM'
}
{
  method: 'POST',
  url: '/api/v1/auth/feedback',
  status: 201,
  content_length: '46',
  response_time: 7.588,
  level: 'http',
  message: 'incoming-request',
  timestamp: '2025-05-15 12:06:36.638 AM'
}
{
  method: 'POST',
  url: '/api/v1/auth/feedback',
  status: 201,
  content_length: '46',
  response_time: 6.176,
  level: 'http',
  message: 'incoming-request',
  timestamp: '2025-05-15 12:06:36.641 AM'
}
{
  message: 'Too many requests: Too many requests from this IP address\tPOST\t/feedback\tundefined',
  level: 'error',
  timestamp: '2025-05-15 12:06:36.662 AM'
}
{
  method: 'POST',
  url: '/api/v1/auth/feedback',
  status: 429,
  content_length: '52',
  response_time: 4.607,
  level: 'http',
  message: 'incoming-request',
  timestamp: '2025-05-15 12:06:36.668 AM'
}
{
  message: 'Email transporter is not initialized. Check your configuration.',
  level: 'error',
  timestamp: '2025-05-15 12:06:57.012 AM'
}
{
  message: 'email not sent: Error: Email transporter is not initialized. Check your configuration.',
  level: 'error',
  timestamp: '2025-05-15 12:06:57.021 AM'
}
{
  method: 'POST',
  url: '/api/v1/auth/register',
  status: 201,
  content_length: '266',
  response_time: 201.777,
  level: 'http',
  message: 'incoming-request',
  timestamp: '2025-05-15 12:06:57.029 AM'
}
{
  method: 'POST',
  url: '/api/v1/auth/login',
  status: 200,
  content_length: '455',
  response_time: 88.582,
  level: 'http',
  message: 'incoming-request',
  timestamp: '2025-05-15 12:06:57.154 AM'
}
{
  method: 'POST',
  url: '/api/v1/auth/login',
  status: 400,
  content_length: '50',
  response_time: 1.245,
  level: 'http',
  message: 'incoming-request',
  timestamp: '2025-05-15 12:06:57.181 AM'
}
{
  message: 'Email transporter is not initialized. Check your configuration.',
  level: 'error',
  timestamp: '2025-05-15 12:06:57.213 AM'
}
{
  message: 'email not sent: Error: Email transporter is not initialized. Check your configuration.',
  level: 'error',
  timestamp: '2025-05-15 12:06:57.219 AM'
}
{
  message: 'Email transporter is not initialized. Check your configuration.',
  level: 'error',
  timestamp: '2025-05-15 12:06:57.225 AM'
}
{
  message: 'email not sent: Error: Email transporter is not initialized. Check your configuration.',
  level: 'error',
  timestamp: '2025-05-15 12:06:57.228 AM'
}
{
  message: 'Email transporter is not initialized. Check your configuration.',
  level: 'error',
  timestamp: '2025-05-15 12:06:57.233 AM'
}
{
  message: 'email not sent: Error: Email transporter is not initialized. Check your configuration.',
  level: 'error',
  timestamp: '2025-05-15 12:06:57.238 AM'
}
{
  message: 'Email transporter is not initialized. Check your configuration.',
  level: 'error',
  timestamp: '2025-05-15 12:06:57.243 AM'
}
{
  message: 'email not sent: Error: Email transporter is not initialized. Check your configuration.',
  level: 'error',
  timestamp: '2025-05-15 12:06:57.246 AM'
}
{
  method: 'POST',
  url: '/api/v1/auth/feedback',
  status: 201,
  content_length: '46',
  response_time: 10.428,
  level: 'http',
  message: 'incoming-request',
  timestamp: '2025-05-15 12:06:57.249 AM'
}
{
  method: 'POST',
  url: '/api/v1/auth/feedback',
  status: 201,
  content_length: '46',
  response_time: 7.127,
  level: 'http',
  message: 'incoming-request',
  timestamp: '2025-05-15 12:06:57.252 AM'
}
{
  method: 'POST',
  url: '/api/v1/auth/feedback',
  status: 201,
  content_length: '46',
  response_time: 7.457,
  level: 'http',
  message: 'incoming-request',
  timestamp: '2025-05-15 12:06:57.254 AM'
}
{
  method: 'POST',
  url: '/api/v1/auth/feedback',
  status: 201,
  content_length: '46',
  response_time: 6.339,
  level: 'http',
  message: 'incoming-request',
  timestamp: '2025-05-15 12:06:57.257 AM'
}
{
  message: 'Too many requests: Too many requests from this IP address\tPOST\t/feedback\tundefined',
  level: 'error',
  timestamp: '2025-05-15 12:06:57.276 AM'
}
{
  method: 'POST',
  url: '/api/v1/auth/feedback',
  status: 429,
  content_length: '52',
  response_time: 4.371,
  level: 'http',
  message: 'incoming-request',
  timestamp: '2025-05-15 12:06:57.281 AM'
}
{
  message: 'Email transporter is not initialized. Check your configuration.',
  level: 'error',
  timestamp: '2025-05-15 12:07:56.116 AM'
}
{
  message: 'email not sent: Error: Email transporter is not initialized. Check your configuration.',
  level: 'error',
  timestamp: '2025-05-15 12:07:56.124 AM'
}
{
  method: 'POST',
  url: '/api/v1/auth/register',
  status: 201,
  content_length: '266',
  response_time: 179.768,
  level: 'http',
  message: 'incoming-request',
  timestamp: '2025-05-15 12:07:56.133 AM'
}
{
  method: 'POST',
  url: '/api/v1/auth/login',
  status: 200,
  content_length: '455',
  response_time: 85.625,
  level: 'http',
  message: 'incoming-request',
  timestamp: '2025-05-15 12:07:56.251 AM'
}
{
  method: 'POST',
  url: '/api/v1/auth/login',
  status: 400,
  content_length: '50',
  response_time: 1.25,
  level: 'http',
  message: 'incoming-request',
  timestamp: '2025-05-15 12:07:56.277 AM'
}
{
  message: 'Email transporter is not initialized. Check your configuration.',
  level: 'error',
  timestamp: '2025-05-15 12:07:56.308 AM'
}
{
  message: 'email not sent: Error: Email transporter is not initialized. Check your configuration.',
  level: 'error',
  timestamp: '2025-05-15 12:07:56.314 AM'
}
{
  message: 'Email transporter is not initialized. Check your configuration.',
  level: 'error',
  timestamp: '2025-05-15 12:07:56.320 AM'
}
{
  message: 'email not sent: Error: Email transporter is not initialized. Check your configuration.',
  level: 'error',
  timestamp: '2025-05-15 12:07:56.323 AM'
}
{
  message: 'Email transporter is not initialized. Check your configuration.',
  level: 'error',
  timestamp: '2025-05-15 12:07:56.328 AM'
}
{
  message: 'email not sent: Error: Email transporter is not initialized. Check your configuration.',
  level: 'error',
  timestamp: '2025-05-15 12:07:56.331 AM'
}
{
  message: 'Email transporter is not initialized. Check your configuration.',
  level: 'error',
  timestamp: '2025-05-15 12:07:56.338 AM'
}
{
  message: 'email not sent: Error: Email transporter is not initialized. Check your configuration.',
  level: 'error',
  timestamp: '2025-05-15 12:07:56.341 AM'
}
{
  method: 'POST',
  url: '/api/v1/auth/feedback',
  status: 201,
  content_length: '46',
  response_time: 9.538,
  level: 'http',
  message: 'incoming-request',
  timestamp: '2025-05-15 12:07:56.344 AM'
}
{
  method: 'POST',
  url: '/api/v1/auth/feedback',
  status: 201,
  content_length: '46',
  response_time: 6.831,
  level: 'http',
  message: 'incoming-request',
  timestamp: '2025-05-15 12:07:56.346 AM'
}
{
  method: 'POST',
  url: '/api/v1/auth/feedback',
  status: 201,
  content_length: '46',
  response_time: 8.029,
  level: 'http',
  message: 'incoming-request',
  timestamp: '2025-05-15 12:07:56.349 AM'
}
{
  method: 'POST',
  url: '/api/v1/auth/feedback',
  status: 201,
  content_length: '46',
  response_time: 6.071,
  level: 'http',
  message: 'incoming-request',
  timestamp: '2025-05-15 12:07:56.352 AM'
}
{
  message: 'Too many requests: Too many requests from this IP address\tPOST\t/feedback\tundefined',
  level: 'error',
  timestamp: '2025-05-15 12:07:56.371 AM'
}
{
  method: 'POST',
  url: '/api/v1/auth/feedback',
  status: 429,
  content_length: '52',
  response_time: 4.414,
  level: 'http',
  message: 'incoming-request',
  timestamp: '2025-05-15 12:07:56.376 AM'
}
{
  message: 'Email transporter is not initialized. Check your configuration.',
  level: 'error',
  timestamp: '2025-05-15 12:08:41.968 AM'
}
{
  message: 'email not sent: Error: Email transporter is not initialized. Check your configuration.',
  level: 'error',
  timestamp: '2025-05-15 12:08:41.977 AM'
}
{
  method: 'POST',
  url: '/api/v1/auth/register',
  status: 201,
  content_length: '266',
  response_time: 197.781,
  level: 'http',
  message: 'incoming-request',
  timestamp: '2025-05-15 12:08:41.987 AM'
}
{
  method: 'POST',
  url: '/api/v1/auth/login',
  status: 200,
  content_length: '455',
  response_time: 95.389,
  level: 'http',
  message: 'incoming-request',
  timestamp: '2025-05-15 12:08:42.124 AM'
}
{
  message: 'Email transporter is not initialized. Check your configuration.',
  level: 'error',
  timestamp: '2025-05-15 12:09:12.018 AM'
}
{
  message: 'email not sent: Error: Email transporter is not initialized. Check your configuration.',
  level: 'error',
  timestamp: '2025-05-15 12:09:12.030 AM'
}
{
  method: 'POST',
  url: '/api/v1/auth/register',
  status: 201,
  content_length: '266',
  response_time: 194.742,
  level: 'http',
  message: 'incoming-request',
  timestamp: '2025-05-15 12:09:12.038 AM'
}
{
  method: 'POST',
  url: '/api/v1/auth/login',
  status: 200,
  content_length: '455',
  response_time: 99.658,
  level: 'http',
  message: 'incoming-request',
  timestamp: '2025-05-15 12:09:12.177 AM'
}
{
  method: 'POST',
  url: '/api/v1/auth/login',
  status: 400,
  content_length: '50',
  response_time: 1.354,
  level: 'http',
  message: 'incoming-request',
  timestamp: '2025-05-15 12:09:12.209 AM'
}
{
  message: 'Email transporter is not initialized. Check your configuration.',
  level: 'error',
  timestamp: '2025-05-15 12:09:31.545 AM'
}
{
  message: 'email not sent: Error: Email transporter is not initialized. Check your configuration.',
  level: 'error',
  timestamp: '2025-05-15 12:09:31.554 AM'
}
{
  method: 'POST',
  url: '/api/v1/auth/register',
  status: 201,
  content_length: '266',
  response_time: 194.397,
  level: 'http',
  message: 'incoming-request',
  timestamp: '2025-05-15 12:09:31.562 AM'
}
{
  method: 'POST',
  url: '/api/v1/auth/login',
  status: 200,
  content_length: '455',
  response_time: 122.284,
  level: 'http',
  message: 'incoming-request',
  timestamp: '2025-05-15 12:09:31.723 AM'
}
{
  method: 'POST',
  url: '/api/v1/auth/login',
  status: 400,
  content_length: '50',
  response_time: 1.195,
  level: 'http',
  message: 'incoming-request',
  timestamp: '2025-05-15 12:09:31.753 AM'
}
{
  message: 'Email transporter is not initialized. Check your configuration.',
  level: 'error',
  timestamp: '2025-05-15 12:09:51.728 AM'
}
{
  message: 'email not sent: Error: Email transporter is not initialized. Check your configuration.',
  level: 'error',
  timestamp: '2025-05-15 12:09:51.737 AM'
}
{
  method: 'POST',
  url: '/api/v1/auth/register',
  status: 201,
  content_length: '266',
  response_time: 203.41,
  level: 'http',
  message: 'incoming-request',
  timestamp: '2025-05-15 12:09:51.745 AM'
}
{
  method: 'POST',
  url: '/api/v1/auth/login',
  status: 200,
  content_length: '455',
  response_time: 88.071,
  level: 'http',
  message: 'incoming-request',
  timestamp: '2025-05-15 12:09:51.872 AM'
}
{
  method: 'POST',
  url: '/api/v1/auth/login',
  status: 400,
  content_length: '50',
  response_time: 1.287,
  level: 'http',
  message: 'incoming-request',
  timestamp: '2025-05-15 12:09:51.899 AM'
}
{
  message: 'Email transporter is not initialized. Check your configuration.',
  level: 'error',
  timestamp: '2025-05-15 12:12:17.316 AM'
}
{
  message: 'email not sent: Error: Email transporter is not initialized. Check your configuration.',
  level: 'error',
  timestamp: '2025-05-15 12:12:17.325 AM'
}
{
  method: 'POST',
  url: '/api/v1/auth/register',
  status: 201,
  content_length: '266',
  response_time: 190.584,
  level: 'http',
  message: 'incoming-request',
  timestamp: '2025-05-15 12:12:17.334 AM'
}
{
  method: 'POST',
  url: '/api/v1/auth/login',
  status: 200,
  content_length: '455',
  response_time: 86.923,
  level: 'http',
  message: 'incoming-request',
  timestamp: '2025-05-15 12:12:17.457 AM'
}
{
  method: 'POST',
  url: '/api/v1/auth/login',
  status: 400,
  content_length: '50',
  response_time: 1.19,
  level: 'http',
  message: 'incoming-request',
  timestamp: '2025-05-15 12:12:17.482 AM'
}
{
  message: 'Email transporter is not initialized. Check your configuration.',
  level: 'error',
  timestamp: '2025-05-15 12:12:17.586 AM'
}
{
  message: 'email not sent: Error: Email transporter is not initialized. Check your configuration.',
  level: 'error',
  timestamp: '2025-05-15 12:12:17.590 AM'
}
{
  method: 'POST',
  url: '/api/v1/auth/register',
  status: 201,
  content_length: '266',
  response_time: 90.101,
  level: 'http',
  message: 'incoming-request',
  timestamp: '2025-05-15 12:12:17.594 AM'
}
{
  message: 'Too many requests: Too many requests from this IP address\tPOST\t/login\tundefined',
  level: 'error',
  timestamp: '2025-05-15 12:12:17.669 AM'
}
{
  method: 'POST',
  url: '/api/v1/auth/login',
  status: 429,
  content_length: '52',
  response_time: 4.517,
  level: 'http',
  message: 'incoming-request',
  timestamp: '2025-05-15 12:12:17.675 AM'
}
{
  method: 'POST',
  url: '/api/v1/auth/login',
  status: 200,
  content_length: '455',
  response_time: 484.891,
  level: 'http',
  message: 'incoming-request',
  timestamp: '2025-05-15 12:12:18.135 AM'
}
{
  method: 'POST',
  url: '/api/v1/auth/login',
  status: 500,
  content_length: '714',
  response_time: 485.776,
  level: 'http',
  message: 'incoming-request',
  timestamp: '2025-05-15 12:12:18.138 AM'
}
{
  method: 'POST',
  url: '/api/v1/auth/login',
  status: 500,
  content_length: '714',
  response_time: 484.081,
  level: 'http',
  message: 'incoming-request',
  timestamp: '2025-05-15 12:12:18.141 AM'
}
{
  method: 'POST',
  url: '/api/v1/auth/login',
  status: 500,
  content_length: '714',
  response_time: 482.274,
  level: 'http',
  message: 'incoming-request',
  timestamp: '2025-05-15 12:12:18.143 AM'
}
{
  method: 'POST',
  url: '/api/v1/auth/login',
  status: 500,
  content_length: '714',
  response_time: 480.756,
  level: 'http',
  message: 'incoming-request',
  timestamp: '2025-05-15 12:12:18.146 AM'
}
{
  method: 'POST',
  url: '/api/v1/auth/login',
  status: 500,
  content_length: '598',
  response_time: 495.018,
  level: 'http',
  message: 'incoming-request',
  timestamp: '2025-05-15 12:12:18.167 AM'
}
{
  method: 'POST',
  url: '/api/v1/auth/login',
  status: 200,
  content_length: '455',
  response_time: 665.326,
  level: 'http',
  message: 'incoming-request',
  timestamp: '2025-05-15 12:12:18.327 AM'
}
{
  method: 'POST',
  url: '/api/v1/auth/login',
  status: 500,
  content_length: '598',
  response_time: 667.428,
  level: 'http',
  message: 'incoming-request',
  timestamp: '2025-05-15 12:12:18.335 AM'
}
{
  message: 'Too many requests: Too many requests from this IP address\tPOST\t/login\tundefined',
  level: 'error',
  timestamp: '2025-05-15 12:12:18.346 AM'
}
{
  method: 'POST',
  url: '/api/v1/auth/login',
  status: 429,
  content_length: '52',
  response_time: 4.391,
  level: 'http',
  message: 'incoming-request',
  timestamp: '2025-05-15 12:12:18.351 AM'
}
{
  message: 'Email transporter is not initialized. Check your configuration.',
  level: 'error',
  timestamp: '2025-05-15 12:13:20.617 AM'
}
{
  message: 'email not sent: Error: Email transporter is not initialized. Check your configuration.',
  level: 'error',
  timestamp: '2025-05-15 12:13:20.626 AM'
}
{
  method: 'POST',
  url: '/api/v1/auth/register',
  status: 201,
  content_length: '266',
  response_time: 193.236,
  level: 'http',
  message: 'incoming-request',
  timestamp: '2025-05-15 12:13:20.636 AM'
}
{
  method: 'POST',
  url: '/api/v1/auth/login',
  status: 200,
  content_length: '455',
  response_time: 99.009,
  level: 'http',
  message: 'incoming-request',
  timestamp: '2025-05-15 12:13:20.773 AM'
}
{
  method: 'POST',
  url: '/api/v1/auth/login',
  status: 400,
  content_length: '50',
  response_time: 1.432,
  level: 'http',
  message: 'incoming-request',
  timestamp: '2025-05-15 12:13:20.799 AM'
}
{
  method: 'POST',
  url: '/api/v1/auth/login',
  status: 400,
  content_length: '42',
  response_time: 4.919,
  level: 'http',
  message: 'incoming-request',
  timestamp: '2025-05-15 12:13:20.826 AM'
}
{
  message: 'Email transporter is not initialized. Check your configuration.',
  level: 'error',
  timestamp: '2025-05-15 12:13:20.935 AM'
}
{
  message: 'email not sent: Error: Email transporter is not initialized. Check your configuration.',
  level: 'error',
  timestamp: '2025-05-15 12:13:20.940 AM'
}
{
  method: 'POST',
  url: '/api/v1/auth/register',
  status: 201,
  content_length: '266',
  response_time: 93.483,
  level: 'http',
  message: 'incoming-request',
  timestamp: '2025-05-15 12:13:20.943 AM'
}
{
  message: 'Too many requests: Too many requests from this IP address\tPOST\t/login\tundefined',
  level: 'error',
  timestamp: '2025-05-15 12:13:21.036 AM'
}
{
  message: 'Too many requests: Too many requests from this IP address\tPOST\t/login\tundefined',
  level: 'error',
  timestamp: '2025-05-15 12:13:21.047 AM'
}
{
  method: 'POST',
  url: '/api/v1/auth/login',
  status: 429,
  content_length: '52',
  response_time: 7.946,
  level: 'http',
  message: 'incoming-request',
  timestamp: '2025-05-15 12:13:21.060 AM'
}
{
  method: 'POST',
  url: '/api/v1/auth/login',
  status: 429,
  content_length: '52',
  response_time: 12.132,
  level: 'http',
  message: 'incoming-request',
  timestamp: '2025-05-15 12:13:21.063 AM'
}
{
  method: 'POST',
  url: '/api/v1/auth/login',
  status: 200,
  content_length: '455',
  response_time: 542.114,
  level: 'http',
  message: 'incoming-request',
  timestamp: '2025-05-15 12:13:21.550 AM'
}
{
  method: 'POST',
  url: '/api/v1/auth/login',
  status: 500,
  content_length: '714',
  response_time: 537.485,
  level: 'http',
  message: 'incoming-request',
  timestamp: '2025-05-15 12:13:21.553 AM'
}
{
  method: 'POST',
  url: '/api/v1/auth/login',
  status: 500,
  content_length: '714',
  response_time: 534.016,
  level: 'http',
  message: 'incoming-request',
  timestamp: '2025-05-15 12:13:21.556 AM'
}
{
  method: 'POST',
  url: '/api/v1/auth/login',
  status: 500,
  content_length: '714',
  response_time: 529.221,
  level: 'http',
  message: 'incoming-request',
  timestamp: '2025-05-15 12:13:21.558 AM'
}
{
  method: 'POST',
  url: '/api/v1/auth/login',
  status: 500,
  content_length: '714',
  response_time: 526.944,
  level: 'http',
  message: 'incoming-request',
  timestamp: '2025-05-15 12:13:21.561 AM'
}
{
  method: 'POST',
  url: '/api/v1/auth/login',
  status: 500,
  content_length: '598',
  response_time: 540.594,
  level: 'http',
  message: 'incoming-request',
  timestamp: '2025-05-15 12:13:21.579 AM'
}
{
  method: 'POST',
  url: '/api/v1/auth/login',
  status: 200,
  content_length: '455',
  response_time: 632.978,
  level: 'http',
  message: 'incoming-request',
  timestamp: '2025-05-15 12:13:21.665 AM'
}
{
  message: 'Too many requests: Too many requests from this IP address\tPOST\t/login\tundefined',
  level: 'error',
  timestamp: '2025-05-15 12:13:21.675 AM'
}
{
  method: 'POST',
  url: '/api/v1/auth/login',
  status: 429,
  content_length: '52',
  response_time: 4.647,
  level: 'http',
  message: 'incoming-request',
  timestamp: '2025-05-15 12:13:21.681 AM'
}
{ level: 'error', timestamp: '2025-05-15 05:29:58.982 PM' }
{
  method: 'POST',
  url: '/api/v1/auth/register',
  status: 500,
  content_length: '97',
  response_time: 206.727,
  level: 'http',
  message: 'incoming-request',
  timestamp: '2025-05-15 05:29:58.997 PM'
}
{
  method: 'POST',
  url: '/api/v1/auth/feedback',
  status: 201,
  content_length: '46',
  response_time: 1.757,
  level: 'http',
  message: 'incoming-request',
  timestamp: '2025-05-15 05:29:59.047 PM'
}
{
  method: 'POST',
  url: '/api/v1/auth/feedback',
  status: 400,
  content_length: '47',
  response_time: 1.265,
  level: 'http',
  message: 'incoming-request',
  timestamp: '2025-05-15 05:29:59.073 PM'
}
{
  message: 'Too many requests: Too many requests from this IP address\tPOST\t/feedback\tundefined',
  level: 'error',
  timestamp: '2025-05-15 05:29:59.107 PM'
}
{
  message: 'Too many requests: Too many requests from this IP address\tPOST\t/feedback\tundefined',
  level: 'error',
  timestamp: '2025-05-15 05:29:59.113 PM'
}
{
  method: 'POST',
  url: '/api/v1/auth/feedback',
  status: 201,
  content_length: '46',
  response_time: 0.79,
  level: 'http',
  message: 'incoming-request',
  timestamp: '2025-05-15 05:29:59.118 PM'
}
{
  method: 'POST',
  url: '/api/v1/auth/feedback',
  status: 201,
  content_length: '46',
  response_time: 0.81,
  level: 'http',
  message: 'incoming-request',
  timestamp: '2025-05-15 05:29:59.120 PM'
}
{
  method: 'POST',
  url: '/api/v1/auth/feedback',
  status: 429,
  content_length: '52',
  response_time: 4.466,
  level: 'http',
  message: 'incoming-request',
  timestamp: '2025-05-15 05:29:59.123 PM'
}
{
  method: 'POST',
  url: '/api/v1/auth/feedback',
  status: 429,
  content_length: '52',
  response_time: 3.549,
  level: 'http',
  message: 'incoming-request',
  timestamp: '2025-05-15 05:29:59.126 PM'
}
{
  message: 'Too many requests: Too many requests from this IP address\tPOST\t/feedback\tundefined',
  level: 'error',
  timestamp: '2025-05-15 05:29:59.143 PM'
}
{
  method: 'POST',
  url: '/api/v1/auth/feedback',
  status: 429,
  content_length: '52',
  response_time: 4.398,
  level: 'http',
  message: 'incoming-request',
  timestamp: '2025-05-15 05:29:59.148 PM'
}
{
  message: 'Too many requests: Too many requests from this IP address\tPOST\t/feedback\tundefined',
  level: 'error',
  timestamp: '2025-05-15 05:29:59.175 PM'
}
{
  message: 'Too many requests: Too many requests from this IP address\tPOST\t/feedback\tundefined',
  level: 'error',
  timestamp: '2025-05-15 05:29:59.181 PM'
}
{
  message: 'Too many requests: Too many requests from this IP address\tPOST\t/feedback\tundefined',
  level: 'error',
  timestamp: '2025-05-15 05:29:59.187 PM'
}
{
  message: 'Too many requests: Too many requests from this IP address\tPOST\t/feedback\tundefined',
  level: 'error',
  timestamp: '2025-05-15 05:29:59.192 PM'
}
{
  method: 'POST',
  url: '/api/v1/auth/feedback',
  status: 429,
  content_length: '52',
  response_time: 4.418,
  level: 'http',
  message: 'incoming-request',
  timestamp: '2025-05-15 05:29:59.197 PM'
}
{
  method: 'POST',
  url: '/api/v1/auth/feedback',
  status: 429,
  content_length: '52',
  response_time: 4.28,
  level: 'http',
  message: 'incoming-request',
  timestamp: '2025-05-15 05:29:59.200 PM'
}
{
  method: 'POST',
  url: '/api/v1/auth/feedback',
  status: 429,
  content_length: '52',
  response_time: 3.165,
  level: 'http',
  message: 'incoming-request',
  timestamp: '2025-05-15 05:29:59.202 PM'
}
{
  method: 'POST',
  url: '/api/v1/auth/feedback',
  status: 429,
  content_length: '52',
  response_time: 3.908,
  level: 'http',
  message: 'incoming-request',
  timestamp: '2025-05-15 05:29:59.205 PM'
}
{
  message: 'Too many requests: Too many requests from this IP address\tPOST\t/feedback\tundefined',
  level: 'error',
  timestamp: '2025-05-15 05:29:59.228 PM'
}
{
  method: 'POST',
  url: '/api/v1/auth/feedback',
  status: 429,
  content_length: '52',
  response_time: 5.253,
  level: 'http',
  message: 'incoming-request',
  timestamp: '2025-05-15 05:29:59.234 PM'
}
{
  method: 'POST',
  url: '/api/v1/auth/register',
  status: 201,
  content_length: '266',
  response_time: 171.219,
  level: 'http',
  message: 'incoming-request',
  timestamp: '2025-05-15 05:34:16.679 PM'
}
{
  method: 'POST',
  url: '/api/v1/auth/reset_password',
  status: 200,
  content_length: '116',
  response_time: 93.332,
  level: 'http',
  message: 'incoming-request',
  timestamp: '2025-05-15 05:34:16.814 PM'
}
{
  method: 'POST',
  url: '/api/v1/auth/reset_password',
  status: 500,
  content_length: '7893',
  response_time: 5.315,
  level: 'http',
  message: 'incoming-request',
  timestamp: '2025-05-15 05:34:16.845 PM'
}
{
  method: 'POST',
  url: '/api/v1/auth/reset_password',
  status: 500,
  content_length: '7893',
  response_time: 2.343,
  level: 'http',
  message: 'incoming-request',
  timestamp: '2025-05-15 05:34:16.891 PM'
}
{
  method: 'POST',
  url: '/api/v1/auth/reset_password',
  status: 500,
  content_length: '7893',
  response_time: 2.152,
  level: 'http',
  message: 'incoming-request',
  timestamp: '2025-05-15 05:34:16.894 PM'
}
{
  method: 'POST',
  url: '/api/v1/auth/reset_password',
  status: 500,
  content_length: '7893',
  response_time: 1.992,
  level: 'http',
  message: 'incoming-request',
  timestamp: '2025-05-15 05:34:16.896 PM'
}
{
  method: 'POST',
  url: '/api/v1/auth/reset_password',
  status: 500,
  content_length: '7893',
  response_time: 1.885,
  level: 'http',
  message: 'incoming-request',
  timestamp: '2025-05-15 05:34:16.901 PM'
}
{
  method: 'POST',
  url: '/api/v1/auth/feedback',
  status: 500,
  content_length: '35',
  response_time: 2.619,
  level: 'http',
  message: 'incoming-request',
  timestamp: '2025-05-15 05:34:16.923 PM'
}
{
  method: 'POST',
  url: '/api/v1/auth/reset_password',
  status: 500,
  content_length: '7893',
  response_time: 1.855,
  level: 'http',
  message: 'incoming-request',
  timestamp: '2025-05-15 05:34:16.974 PM'
}
{
  method: 'POST',
  url: '/api/v1/auth/reset_password',
  status: 500,
  content_length: '7893',
  response_time: 3.049,
  level: 'http',
  message: 'incoming-request',
  timestamp: '2025-05-15 05:34:16.977 PM'
}
{
  method: 'POST',
  url: '/api/v1/auth/reset_password',
  status: 500,
  content_length: '7893',
  response_time: 1.991,
  level: 'http',
  message: 'incoming-request',
  timestamp: '2025-05-15 05:34:16.980 PM'
}
{
  method: 'POST',
  url: '/api/v1/auth/reset_password',
  status: 500,
  content_length: '7893',
  response_time: 3.351,
  level: 'http',
  message: 'incoming-request',
  timestamp: '2025-05-15 05:34:16.982 PM'
}
{
  method: 'POST',
  url: '/api/v1/auth/feedback',
  status: 500,
  content_length: '35',
  response_time: 1.071,
  level: 'http',
  message: 'incoming-request',
  timestamp: '2025-05-15 05:34:17.005 PM'
}
{
  method: 'POST',
  url: '/api/v1/auth/register',
  status: 201,
  content_length: '266',
  response_time: 182.067,
  level: 'http',
  message: 'incoming-request',
  timestamp: '2025-05-15 05:34:40.449 PM'
}
{
  method: 'POST',
  url: '/api/v1/auth/reset_password',
  status: 200,
  content_length: '116',
  response_time: 89.982,
  level: 'http',
  message: 'incoming-request',
  timestamp: '2025-05-15 05:34:40.581 PM'
}
{
  method: 'POST',
  url: '/api/v1/auth/register',
  status: 201,
  content_length: '266',
  response_time: 182.031,
  level: 'http',
  message: 'incoming-request',
  timestamp: '2025-05-15 05:35:17.294 PM'
}
{
  method: 'POST',
  url: '/api/v1/auth/reset_password',
  status: 200,
  content_length: '116',
  response_time: 85.072,
  level: 'http',
  message: 'incoming-request',
  timestamp: '2025-05-15 05:35:17.418 PM'
}
{
  method: 'POST',
  url: '/api/v1/auth/register',
  status: 201,
  content_length: '266',
  response_time: 173.976,
  level: 'http',
  message: 'incoming-request',
  timestamp: '2025-05-15 05:39:04.798 PM'
}
{
  method: 'POST',
  url: '/api/v1/auth/reset_password',
  status: 200,
  content_length: '116',
  response_time: 87.006,
  level: 'http',
  message: 'incoming-request',
  timestamp: '2025-05-15 05:39:04.931 PM'
}
{
  method: 'POST',
  url: '/api/v1/auth/register',
  status: 201,
  content_length: '266',
  response_time: 189.207,
  level: 'http',
  message: 'incoming-request',
  timestamp: '2025-05-15 06:12:02.755 PM'
}
{
  method: 'POST',
  url: '/api/v1/auth/reset_password',
  status: 200,
  content_length: '116',
  response_time: 86.269,
  level: 'http',
  message: 'incoming-request',
  timestamp: '2025-05-15 06:12:02.890 PM'
}
{
  method: 'POST',
  url: '/api/v1/auth/register',
  status: 201,
  content_length: '266',
  response_time: 190.269,
  level: 'http',
  message: 'incoming-request',
  timestamp: '2025-05-15 06:16:50.203 PM'
}
{
  method: 'POST',
  url: '/api/v1/auth/reset_password',
  status: 200,
  content_length: '116',
  response_time: 89.074,
  level: 'http',
  message: 'incoming-request',
  timestamp: '2025-05-15 06:16:50.348 PM'
}
{
  method: 'POST',
  url: '/api/v1/auth/register',
  status: 201,
  content_length: '266',
  response_time: 176.795,
  level: 'http',
  message: 'incoming-request',
  timestamp: '2025-05-15 06:19:07.700 PM'
}
{
  method: 'POST',
  url: '/api/v1/auth/reset_password',
  status: 200,
  content_length: '116',
  response_time: 83.524,
  level: 'http',
  message: 'incoming-request',
  timestamp: '2025-05-15 06:19:07.835 PM'
}
{
  method: 'POST',
  url: '/api/v1/auth/register',
  status: 201,
  content_length: '266',
  response_time: 175.75,
  level: 'http',
  message: 'incoming-request',
  timestamp: '2025-05-15 06:22:48.685 PM'
}
{
  method: 'POST',
  url: '/api/v1/auth/reset_password',
  status: 200,
  content_length: '116',
  response_time: 84.486,
  level: 'http',
  message: 'incoming-request',
  timestamp: '2025-05-15 06:22:48.822 PM'
}
{
  method: 'POST',
  url: '/api/v1/auth/reset_password',
  status: 500,
  content_length: '7893',
  response_time: 5.658,
  level: 'http',
  message: 'incoming-request',
  timestamp: '2025-05-15 06:22:48.927 PM'
}
{
  method: 'POST',
  url: '/api/v1/auth/register',
  status: 201,
  content_length: '266',
  response_time: 284.299,
  level: 'http',
  message: 'incoming-request',
  timestamp: '2025-05-15 06:23:24.434 PM'
}
{
  method: 'POST',
  url: '/api/v1/auth/reset_password',
  status: 200,
  content_length: '116',
  response_time: 89.923,
  level: 'http',
  message: 'incoming-request',
  timestamp: '2025-05-15 06:23:24.576 PM'
}
{
  method: 'POST',
  url: '/api/v1/auth/reset_password',
  status: 500,
  content_length: '7893',
  response_time: 6.03,
  level: 'http',
  message: 'incoming-request',
  timestamp: '2025-05-15 06:23:24.682 PM'
}
{
  method: 'POST',
  url: '/api/v1/auth/register',
  status: 201,
  content_length: '266',
  response_time: 169.015,
  level: 'http',
  message: 'incoming-request',
  timestamp: '2025-05-15 06:23:37.978 PM'
}
{
  method: 'POST',
  url: '/api/v1/auth/reset_password',
  status: 200,
  content_length: '116',
  response_time: 83.77,
  level: 'http',
  message: 'incoming-request',
  timestamp: '2025-05-15 06:23:38.118 PM'
}
{
  method: 'POST',
  url: '/api/v1/auth/reset_password',
  status: 500,
  content_length: '7893',
  response_time: 5.507,
  level: 'http',
  message: 'incoming-request',
  timestamp: '2025-05-15 06:23:38.223 PM'
}
{
  method: 'POST',
  url: '/api/v1/auth/register',
  status: 201,
  content_length: '266',
  response_time: 186.19,
  level: 'http',
  message: 'incoming-request',
  timestamp: '2025-05-15 06:24:31.114 PM'
}
{
  method: 'POST',
  url: '/api/v1/auth/reset_password',
  status: 200,
  content_length: '116',
  response_time: 87.78,
  level: 'http',
  message: 'incoming-request',
  timestamp: '2025-05-15 06:24:31.259 PM'
}
{
  method: 'POST',
  url: '/api/v1/auth/reset_password',
  status: 500,
  content_length: '7893',
  response_time: 6.002,
  level: 'http',
  message: 'incoming-request',
  timestamp: '2025-05-15 06:24:31.367 PM'
}
{
  method: 'POST',
  url: '/api/v1/auth/register',
  status: 201,
  content_length: '266',
  response_time: 175.543,
  level: 'http',
  message: 'incoming-request',
  timestamp: '2025-05-15 06:26:07.108 PM'
}
{
  method: 'POST',
  url: '/api/v1/auth/reset_password',
  status: 200,
  content_length: '116',
  response_time: 83.863,
  level: 'http',
  message: 'incoming-request',
  timestamp: '2025-05-15 06:26:07.243 PM'
}
{
  method: 'POST',
  url: '/api/v1/auth/reset_password',
  status: 500,
  content_length: '7893',
  response_time: 5.516,
  level: 'http',
  message: 'incoming-request',
  timestamp: '2025-05-15 06:26:07.346 PM'
}
{
  method: 'POST',
  url: '/api/v1/auth/register',
  status: 201,
  content_length: '266',
  response_time: 169.745,
  level: 'http',
  message: 'incoming-request',
  timestamp: '2025-05-15 06:27:05.485 PM'
}
{
  method: 'POST',
  url: '/api/v1/auth/reset_password',
  status: 200,
  content_length: '116',
  response_time: 86.131,
  level: 'http',
  message: 'incoming-request',
  timestamp: '2025-05-15 06:27:05.620 PM'
}
{
  method: 'POST',
  url: '/api/v1/auth/reset_password',
  status: 500,
  content_length: '7893',
  response_time: 5.498,
  level: 'http',
  message: 'incoming-request',
  timestamp: '2025-05-15 06:27:05.724 PM'
}
{
  method: 'POST',
  url: '/api/v1/auth/register',
  status: 201,
  content_length: '266',
  response_time: 169.686,
  level: 'http',
  message: 'incoming-request',
  timestamp: '2025-05-15 06:27:36.528 PM'
}
{
  method: 'POST',
  url: '/api/v1/auth/reset_password',
  status: 200,
  content_length: '116',
  response_time: 83.648,
  level: 'http',
  message: 'incoming-request',
  timestamp: '2025-05-15 06:27:36.659 PM'
}
{
  method: 'POST',
  url: '/api/v1/auth/reset_password',
  status: 500,
  content_length: '7893',
  response_time: 5.524,
  level: 'http',
  message: 'incoming-request',
  timestamp: '2025-05-15 06:27:36.764 PM'
}
{
  method: 'POST',
  url: '/api/v1/auth/register',
  status: 201,
  content_length: '266',
  response_time: 183.079,
  level: 'http',
  message: 'incoming-request',
  timestamp: '2025-05-15 06:30:34.010 PM'
}
{
  method: 'POST',
  url: '/api/v1/auth/reset_password',
  status: 200,
  content_length: '116',
  response_time: 83.357,
  level: 'http',
  message: 'incoming-request',
  timestamp: '2025-05-15 06:30:34.140 PM'
}
{
  method: 'POST',
  url: '/api/v1/auth/reset_password',
  status: 500,
  content_length: '7893',
  response_time: 5.421,
  level: 'http',
  message: 'incoming-request',
  timestamp: '2025-05-15 06:30:34.242 PM'
}
{
  method: 'POST',
  url: '/api/v1/auth/reset_password',
  status: 500,
  content_length: '396',
  response_time: 5.224,
  level: 'http',
  message: 'incoming-request',
  timestamp: '2025-05-15 06:30:34.267 PM'
}
{
  method: 'POST',
  url: '/api/v1/auth/register',
  status: 201,
  content_length: '266',
  response_time: 187.04,
  level: 'http',
  message: 'incoming-request',
  timestamp: '2025-05-15 06:31:06.800 PM'
}
{
  method: 'POST',
  url: '/api/v1/auth/reset_password',
  status: 200,
  content_length: '116',
  response_time: 86.651,
  level: 'http',
  message: 'incoming-request',
  timestamp: '2025-05-15 06:31:06.938 PM'
}
{
  method: 'POST',
  url: '/api/v1/auth/reset_password',
  status: 500,
  content_length: '7893',
  response_time: 5.762,
  level: 'http',
  message: 'incoming-request',
  timestamp: '2025-05-15 06:31:07.047 PM'
}
{
  method: 'POST',
  url: '/api/v1/auth/reset_password',
  status: 500,
  content_length: '396',
  response_time: 5.53,
  level: 'http',
  message: 'incoming-request',
  timestamp: '2025-05-15 06:31:07.075 PM'
}
{
  method: 'POST',
  url: '/api/v1/auth/register',
  status: 201,
  content_length: '266',
  response_time: 213.144,
  level: 'http',
  message: 'incoming-request',
  timestamp: '2025-05-15 06:31:26.258 PM'
}
{
  method: 'POST',
  url: '/api/v1/auth/reset_password',
  status: 200,
  content_length: '116',
  response_time: 85.778,
  level: 'http',
  message: 'incoming-request',
  timestamp: '2025-05-15 06:31:26.389 PM'
}
{
  method: 'POST',
  url: '/api/v1/auth/reset_password',
  status: 500,
  content_length: '7893',
  response_time: 6.336,
  level: 'http',
  message: 'incoming-request',
  timestamp: '2025-05-15 06:31:26.493 PM'
}
{
  method: 'POST',
  url: '/api/v1/auth/reset_password',
  status: 500,
  content_length: '396',
  response_time: 6.191,
  level: 'http',
  message: 'incoming-request',
  timestamp: '2025-05-15 06:31:26.523 PM'
}
{
  method: 'POST',
  url: '/api/v1/auth/register',
  status: 201,
  content_length: '266',
  response_time: 177.107,
  level: 'http',
  message: 'incoming-request',
  timestamp: '2025-05-15 06:31:59.513 PM'
}
{
  method: 'POST',
  url: '/api/v1/auth/reset_password',
  status: 200,
  content_length: '116',
  response_time: 84.837,
  level: 'http',
  message: 'incoming-request',
  timestamp: '2025-05-15 06:31:59.646 PM'
}
{
  method: 'POST',
  url: '/api/v1/auth/reset_password',
  status: 500,
  content_length: '7893',
  response_time: 7.002,
  level: 'http',
  message: 'incoming-request',
  timestamp: '2025-05-15 06:31:59.757 PM'
}
{
  method: 'POST',
  url: '/api/v1/auth/reset_password',
  status: 500,
  content_length: '396',
  response_time: 5.493,
  level: 'http',
  message: 'incoming-request',
  timestamp: '2025-05-15 06:31:59.788 PM'
}
{
  method: 'POST',
  url: '/api/v1/auth/register',
  status: 201,
  content_length: '266',
  response_time: 178.245,
  level: 'http',
  message: 'incoming-request',
  timestamp: '2025-05-15 06:33:27.562 PM'
}
{
  method: 'POST',
  url: '/api/v1/auth/reset_password',
  status: 200,
  content_length: '116',
  response_time: 84.373,
  level: 'http',
  message: 'incoming-request',
  timestamp: '2025-05-15 06:33:27.694 PM'
}
{
  method: 'POST',
  url: '/api/v1/auth/reset_password',
  status: 500,
  content_length: '7893',
  response_time: 5.637,
  level: 'http',
  message: 'incoming-request',
  timestamp: '2025-05-15 06:33:27.802 PM'
}
{
  method: 'POST',
  url: '/api/v1/auth/reset_password',
  status: 500,
  content_length: '396',
  response_time: 5.147,
  level: 'http',
  message: 'incoming-request',
  timestamp: '2025-05-15 06:33:27.830 PM'
}
{
  method: 'POST',
  url: '/api/v1/auth/register',
  status: 201,
  content_length: '266',
  response_time: 177.949,
  level: 'http',
  message: 'incoming-request',
  timestamp: '2025-05-15 06:33:51.120 PM'
}
{
  method: 'POST',
  url: '/api/v1/auth/reset_password',
  status: 200,
  content_length: '116',
  response_time: 84.055,
  level: 'http',
  message: 'incoming-request',
  timestamp: '2025-05-15 06:33:51.251 PM'
}
{
  method: 'POST',
  url: '/api/v1/auth/reset_password',
  status: 500,
  content_length: '7893',
  response_time: 5.631,
  level: 'http',
  message: 'incoming-request',
  timestamp: '2025-05-15 06:33:51.358 PM'
}
{
  method: 'POST',
  url: '/api/v1/auth/reset_password',
  status: 500,
  content_length: '396',
  response_time: 4.877,
  level: 'http',
  message: 'incoming-request',
  timestamp: '2025-05-15 06:33:51.386 PM'
}
{
  method: 'POST',
  url: '/api/v1/auth/register',
  status: 201,
  content_length: '266',
  response_time: 203.498,
  level: 'http',
  message: 'incoming-request',
  timestamp: '2025-05-15 06:34:22.221 PM'
}
{
  method: 'POST',
  url: '/api/v1/auth/reset_password',
  status: 200,
  content_length: '116',
  response_time: 85.953,
  level: 'http',
  message: 'incoming-request',
  timestamp: '2025-05-15 06:34:22.358 PM'
}
{
  method: 'POST',
  url: '/api/v1/auth/reset_password',
  status: 500,
  content_length: '7893',
  response_time: 5.839,
  level: 'http',
  message: 'incoming-request',
  timestamp: '2025-05-15 06:34:22.466 PM'
}
{
  method: 'POST',
  url: '/api/v1/auth/reset_password',
  status: 500,
  content_length: '396',
  response_time: 5.986,
  level: 'http',
  message: 'incoming-request',
  timestamp: '2025-05-15 06:34:22.496 PM'
}
{
  method: 'POST',
  url: '/api/v1/auth/register',
  status: 201,
  content_length: '266',
  response_time: 185.713,
  level: 'http',
  message: 'incoming-request',
  timestamp: '2025-05-15 07:05:13.525 PM'
}
{
  method: 'POST',
  url: '/api/v1/auth/reset_password_request',
  status: 200,
  content_length: '106',
  response_time: 30.773,
  level: 'http',
  message: 'incoming-request',
  timestamp: '2025-05-15 07:05:13.613 PM'
}
{
  method: 'POST',
  url: '/api/v1/auth/register',
  status: 201,
  content_length: '266',
  response_time: 181.44,
  level: 'http',
  message: 'incoming-request',
  timestamp: '2025-05-15 07:06:13.213 PM'
}
{
  method: 'POST',
  url: '/api/v1/auth/reset_password_request',
  status: 200,
  content_length: '106',
  response_time: 23.676,
  level: 'http',
  message: 'incoming-request',
  timestamp: '2025-05-15 07:06:13.288 PM'
}
{
  method: 'POST',
  url: '/api/v1/auth/register',
  status: 201,
  content_length: '266',
  response_time: 181.007,
  level: 'http',
  message: 'incoming-request',
  timestamp: '2025-05-15 07:07:29.078 PM'
}
{
  method: 'POST',
  url: '/api/v1/auth/reset_password_request',
  status: 200,
  content_length: '106',
  response_time: 31.639,
  level: 'http',
  message: 'incoming-request',
  timestamp: '2025-05-15 07:07:29.159 PM'
}
{
  method: 'POST',
  url: '/api/v1/auth/register',
  status: 201,
  content_length: '266',
  response_time: 180.273,
  level: 'http',
  message: 'incoming-request',
  timestamp: '2025-05-15 07:08:11.656 PM'
}
{
  method: 'POST',
  url: '/api/v1/auth/reset_password_request',
  status: 200,
  content_length: '106',
  response_time: 26.467,
  level: 'http',
  message: 'incoming-request',
  timestamp: '2025-05-15 07:08:11.736 PM'
}
{
  method: 'POST',
  url: '/api/v1/auth/register',
  status: 201,
  content_length: '266',
  response_time: 181.508,
  level: 'http',
  message: 'incoming-request',
  timestamp: '2025-05-15 07:10:01.666 PM'
}
{
  method: 'POST',
  url: '/api/v1/auth/reset_password_request',
  status: 200,
  content_length: '106',
  response_time: 31.774,
  level: 'http',
  message: 'incoming-request',
  timestamp: '2025-05-15 07:10:01.773 PM'
}
{
  method: 'POST',
  url: '/api/v1/auth/register',
  status: 201,
  content_length: '266',
  response_time: 172.969,
  level: 'http',
  message: 'incoming-request',
  timestamp: '2025-05-15 07:12:46.009 PM'
}
{
  method: 'POST',
  url: '/api/v1/auth/reset_password_request',
  status: 200,
  content_length: '106',
  response_time: 28.28,
  level: 'http',
  message: 'incoming-request',
  timestamp: '2025-05-15 07:12:46.084 PM'
}
{
  method: 'POST',
  url: '/api/v1/auth/register',
  status: 201,
  content_length: '266',
  response_time: 170.465,
  level: 'http',
  message: 'incoming-request',
  timestamp: '2025-05-15 07:13:28.043 PM'
}
{
  method: 'POST',
  url: '/api/v1/auth/reset_password_request',
  status: 200,
  content_length: '106',
  response_time: 27.743,
  level: 'http',
  message: 'incoming-request',
  timestamp: '2025-05-15 07:13:28.118 PM'
}
{
  method: 'POST',
  url: '/api/v1/auth/register',
  status: 201,
  content_length: '266',
  response_time: 173.349,
  level: 'http',
  message: 'incoming-request',
  timestamp: '2025-05-15 07:16:05.364 PM'
}
{
  method: 'POST',
  url: '/api/v1/auth/reset_password_request',
  status: 200,
  content_length: '106',
  response_time: 30.495,
  level: 'http',
  message: 'incoming-request',
  timestamp: '2025-05-15 07:16:05.450 PM'
}
{
  method: 'POST',
  url: '/api/v1/auth/reset_password_request',
  status: 500,
  content_length: '314',
  response_time: 2.488,
  level: 'http',
  message: 'incoming-request',
  timestamp: '2025-05-15 07:16:05.477 PM'
}
{
  method: 'POST',
  url: '/api/v1/auth/register',
  status: 201,
  content_length: '266',
  response_time: 177.495,
  level: 'http',
  message: 'incoming-request',
  timestamp: '2025-05-15 07:16:45.098 PM'
}
{
  method: 'POST',
  url: '/api/v1/auth/reset_password_request',
  status: 200,
  content_length: '106',
  response_time: 29.381,
  level: 'http',
  message: 'incoming-request',
  timestamp: '2025-05-15 07:16:45.178 PM'
}
{
  method: 'POST',
  url: '/api/v1/auth/reset_password_request',
  status: 500,
  content_length: '314',
  response_time: 2.528,
  level: 'http',
  message: 'incoming-request',
  timestamp: '2025-05-15 07:16:45.211 PM'
}
{
  method: 'POST',
  url: '/api/v1/auth/register',
  status: 201,
  content_length: '266',
  response_time: 171.356,
  level: 'http',
  message: 'incoming-request',
  timestamp: '2025-05-15 07:18:16.582 PM'
}
{
  method: 'POST',
  url: '/api/v1/auth/reset_password_request',
  status: 200,
  content_length: '106',
  response_time: 34.012,
  level: 'http',
  message: 'incoming-request',
  timestamp: '2025-05-15 07:18:16.670 PM'
}
{
  method: 'POST',
  url: '/api/v1/auth/reset_password_request',
  status: 500,
  content_length: '314',
  response_time: 2.527,
  level: 'http',
  message: 'incoming-request',
  timestamp: '2025-05-15 07:18:16.695 PM'
}
{
  method: 'POST',
  url: '/api/v1/auth/reset_password_request',
  status: 500,
  content_length: '338',
  response_time: 5.447,
  level: 'http',
  message: 'incoming-request',
  timestamp: '2025-05-15 07:18:16.721 PM'
}
{
  method: 'POST',
  url: '/api/v1/auth/register',
  status: 201,
  content_length: '266',
  response_time: 168.891,
  level: 'http',
  message: 'incoming-request',
  timestamp: '2025-05-15 07:21:39.462 PM'
}
{
  method: 'POST',
  url: '/api/v1/auth/reset_password_request',
  status: 200,
  content_length: '106',
  response_time: 24.974,
  level: 'http',
  message: 'incoming-request',
  timestamp: '2025-05-15 07:21:39.534 PM'
}
{
  method: 'POST',
  url: '/api/v1/auth/reset_password_request',
  status: 500,
  content_length: '314',
  response_time: 2.383,
  level: 'http',
  message: 'incoming-request',
  timestamp: '2025-05-15 07:21:39.566 PM'
}
{
  method: 'POST',
  url: '/api/v1/auth/reset_password_request',
  status: 500,
  content_length: '338',
  response_time: 5.276,
  level: 'http',
  message: 'incoming-request',
  timestamp: '2025-05-15 07:21:39.591 PM'
}
{
  message: 'Too many requests: Too many requests from this IP address\tPOST\t/reset_password_request\tundefined',
  level: 'error',
  timestamp: '2025-05-15 07:21:39.622 PM'
}
{
  message: 'Too many requests: Too many requests from this IP address\tPOST\t/reset_password_request\tundefined',
  level: 'error',
  timestamp: '2025-05-15 07:21:39.630 PM'
}
{
  message: 'Too many requests: Too many requests from this IP address\tPOST\t/reset_password_request\tundefined',
  level: 'error',
  timestamp: '2025-05-15 07:21:39.635 PM'
}
{
  method: 'POST',
  url: '/api/v1/auth/reset_password_request',
  status: 429,
  content_length: '52',
  response_time: 5.127,
  level: 'http',
  message: 'incoming-request',
  timestamp: '2025-05-15 07:21:39.639 PM'
}
{
  method: 'POST',
  url: '/api/v1/auth/reset_password_request',
  status: 429,
  content_length: '52',
  response_time: 3.417,
  level: 'http',
  message: 'incoming-request',
  timestamp: '2025-05-15 07:21:39.642 PM'
}
{
  method: 'POST',
  url: '/api/v1/auth/reset_password_request',
  status: 429,
  content_length: '52',
  response_time: 3.364,
  level: 'http',
  message: 'incoming-request',
  timestamp: '2025-05-15 07:21:39.644 PM'
}
{
  method: 'POST',
  url: '/api/v1/auth/reset_password_request',
  status: 500,
  content_length: '338',
  response_time: 30.846,
  level: 'http',
  message: 'incoming-request',
  timestamp: '2025-05-15 07:21:39.658 PM'
}
{
  message: 'Too many requests: Too many requests from this IP address\tPOST\t/reset_password_request\tundefined',
  level: 'error',
  timestamp: '2025-05-15 07:21:39.667 PM'
}
{
  method: 'POST',
  url: '/api/v1/auth/reset_password_request',
  status: 429,
  content_length: '52',
  response_time: 4.261,
  level: 'http',
  message: 'incoming-request',
  timestamp: '2025-05-15 07:21:39.672 PM'
}
{
  method: 'POST',
  url: '/api/v1/auth/register',
  status: 201,
  content_length: '266',
  response_time: 177.301,
  level: 'http',
  message: 'incoming-request',
  timestamp: '2025-05-15 07:21:56.619 PM'
}
{
  method: 'POST',
  url: '/api/v1/auth/reset_password_request',
  status: 200,
  content_length: '106',
  response_time: 29.675,
  level: 'http',
  message: 'incoming-request',
  timestamp: '2025-05-15 07:21:56.696 PM'
}
{
  method: 'POST',
  url: '/api/v1/auth/reset_password_request',
  status: 500,
  content_length: '314',
  response_time: 2.302,
  level: 'http',
  message: 'incoming-request',
  timestamp: '2025-05-15 07:21:56.726 PM'
}
{
  method: 'POST',
  url: '/api/v1/auth/reset_password_request',
  status: 500,
  content_length: '338',
  response_time: 5.228,
  level: 'http',
  message: 'incoming-request',
  timestamp: '2025-05-15 07:21:56.751 PM'
}
{
  message: 'Too many requests: Too many requests from this IP address\tPOST\t/reset_password_request\tundefined',
  level: 'error',
  timestamp: '2025-05-15 07:21:56.783 PM'
}
{
  message: 'Too many requests: Too many requests from this IP address\tPOST\t/reset_password_request\tundefined',
  level: 'error',
  timestamp: '2025-05-15 07:21:56.790 PM'
}
{
  message: 'Too many requests: Too many requests from this IP address\tPOST\t/reset_password_request\tundefined',
  level: 'error',
  timestamp: '2025-05-15 07:21:56.795 PM'
}
{
  method: 'POST',
  url: '/api/v1/auth/reset_password_request',
  status: 429,
  content_length: '52',
  response_time: 5.026,
  level: 'http',
  message: 'incoming-request',
  timestamp: '2025-05-15 07:21:56.801 PM'
}
{
  method: 'POST',
  url: '/api/v1/auth/reset_password_request',
  status: 429,
  content_length: '52',
  response_time: 3.273,
  level: 'http',
  message: 'incoming-request',
  timestamp: '2025-05-15 07:21:56.803 PM'
}
{
  method: 'POST',
  url: '/api/v1/auth/reset_password_request',
  status: 429,
  content_length: '52',
  response_time: 3.355,
  level: 'http',
  message: 'incoming-request',
  timestamp: '2025-05-15 07:21:56.806 PM'
}
{
  method: 'POST',
  url: '/api/v1/auth/reset_password_request',
  status: 500,
  content_length: '338',
  response_time: 31.221,
  level: 'http',
  message: 'incoming-request',
  timestamp: '2025-05-15 07:21:56.818 PM'
}
{
  message: 'Too many requests: Too many requests from this IP address\tPOST\t/reset_password_request\tundefined',
  level: 'error',
  timestamp: '2025-05-15 07:21:56.829 PM'
}
{
  method: 'POST',
  url: '/api/v1/auth/reset_password_request',
  status: 429,
  content_length: '52',
  response_time: 4.347,
  level: 'http',
  message: 'incoming-request',
  timestamp: '2025-05-15 07:21:56.834 PM'
}
{
  method: 'POST',
  url: '/api/v1/auth/register',
  status: 201,
  content_length: '266',
  response_time: 182.113,
  level: 'http',
  message: 'incoming-request',
  timestamp: '2025-05-15 07:36:15.401 PM'
}
{
  method: 'POST',
  url: '/api/v1/auth/logout',
  status: 500,
  content_length: '82',
  response_time: 3.356,
  level: 'http',
  message: 'incoming-request',
  timestamp: '2025-05-15 07:36:15.472 PM'
}
{
  method: 'POST',
  url: '/api/v1/auth/reset_password_request',
  status: 500,
  content_length: '314',
  response_time: 3.347,
  level: 'http',
  message: 'incoming-request',
  timestamp: '2025-05-15 07:36:15.511 PM'
}
{
  method: 'POST',
  url: '/api/v1/auth/reset_password_request',
  status: 500,
  content_length: '338',
  response_time: 7.778,
  level: 'http',
  message: 'incoming-request',
  timestamp: '2025-05-15 07:36:15.550 PM'
}
{
  message: 'Too many requests: Too many requests from this IP address\tPOST\t/reset_password_request\tundefined',
  level: 'error',
  timestamp: '2025-05-15 07:36:15.594 PM'
}
{
  message: 'Too many requests: Too many requests from this IP address\tPOST\t/reset_password_request\tundefined',
  level: 'error',
  timestamp: '2025-05-15 07:36:15.605 PM'
}
{
  method: 'POST',
  url: '/api/v1/auth/reset_password_request',
  status: 429,
  content_length: '52',
  response_time: 8.03,
  level: 'http',
  message: 'incoming-request',
  timestamp: '2025-05-15 07:36:15.610 PM'
}
{
  method: 'POST',
  url: '/api/v1/auth/reset_password_request',
  status: 429,
  content_length: '52',
  response_time: 4.068,
  level: 'http',
  message: 'incoming-request',
  timestamp: '2025-05-15 07:36:15.616 PM'
}
{
  method: 'POST',
  url: '/api/v1/auth/reset_password_request',
  status: 500,
  content_length: '338',
  response_time: 39.569,
  level: 'http',
  message: 'incoming-request',
  timestamp: '2025-05-15 07:36:15.650 PM'
}
{
  method: 'POST',
  url: '/api/v1/auth/reset_password_request',
  status: 500,
  content_length: '338',
  response_time: 40.389,
  level: 'http',
  message: 'incoming-request',
  timestamp: '2025-05-15 07:36:15.653 PM'
}
{
  message: 'Too many requests: Too many requests from this IP address\tPOST\t/reset_password_request\tundefined',
  level: 'error',
  timestamp: '2025-05-15 07:36:15.675 PM'
}
{
  method: 'POST',
  url: '/api/v1/auth/reset_password_request',
  status: 429,
  content_length: '52',
  response_time: 9.614,
  level: 'http',
  message: 'incoming-request',
  timestamp: '2025-05-15 07:36:15.684 PM'
}
{
  method: 'POST',
  url: '/api/v1/auth/register',
  status: 201,
  content_length: '266',
  response_time: 173.286,
  level: 'http',
  message: 'incoming-request',
  timestamp: '2025-05-15 07:36:28.639 PM'
}
{
  method: 'POST',
  url: '/api/v1/auth/logout',
  status: 500,
  content_length: '82',
  response_time: 3.183,
  level: 'http',
  message: 'incoming-request',
  timestamp: '2025-05-15 07:36:28.698 PM'
}
{
  method: 'POST',
  url: '/api/v1/auth/register',
  status: 201,
  content_length: '266',
  response_time: 169.61,
  level: 'http',
  message: 'incoming-request',
  timestamp: '2025-05-15 07:37:00.074 PM'
}
{
  method: 'GET',
  url: '/api/v1/auth/logout',
  status: 500,
  response_time: 3.165,
  level: 'http',
  message: 'incoming-request',
  timestamp: '2025-05-15 07:37:00.131 PM'
}
{
  method: 'POST',
  url: '/api/v1/auth/register',
  status: 201,
  content_length: '266',
  response_time: 183.202,
  level: 'http',
  message: 'incoming-request',
  timestamp: '2025-05-15 07:42:55.723 PM'
}
{
  method: 'GET',
  url: '/api/v1/auth/logout',
  status: 500,
  response_time: 3.059,
  level: 'http',
  message: 'incoming-request',
  timestamp: '2025-05-15 07:42:55.780 PM'
}
{
  method: 'POST',
  url: '/api/v1/auth/logout',
  status: 500,
  content_length: '82',
  response_time: 2.002,
  level: 'http',
  message: 'incoming-request',
  timestamp: '2025-05-15 07:42:55.827 PM'
}
{
  method: 'POST',
  url: '/api/v1/auth/register',
  status: 201,
  content_length: '266',
  response_time: 169.859,
  level: 'http',
  message: 'incoming-request',
  timestamp: '2025-05-15 07:44:36.302 PM'
}
{
  method: 'GET',
  url: '/api/v1/auth/logout',
  status: 500,
  response_time: 3.151,
  level: 'http',
  message: 'incoming-request',
  timestamp: '2025-05-15 07:44:36.369 PM'
}
{
  method: 'POST',
  url: '/api/v1/auth/logout',
  status: 500,
  content_length: '82',
  response_time: 2.092,
  level: 'http',
  message: 'incoming-request',
  timestamp: '2025-05-15 07:44:36.426 PM'
}
{
  method: 'POST',
  url: '/api/v1/auth/register',
  status: 201,
  content_length: '266',
  response_time: 187.844,
  level: 'http',
  message: 'incoming-request',
  timestamp: '2025-05-15 07:45:00.364 PM'
}
{
  method: 'GET',
  url: '/api/v1/auth/logout',
  status: 500,
  response_time: 3.205,
  level: 'http',
  message: 'incoming-request',
  timestamp: '2025-05-15 07:45:00.423 PM'
}
{
  method: 'GET',
  url: '/api/v1/auth/logout',
  status: 204,
  response_time: 5.886,
  level: 'http',
  message: 'incoming-request',
  timestamp: '2025-05-15 07:45:00.476 PM'
}
{
  method: 'POST',
  url: '/api/v1/auth/register',
  status: 201,
  content_length: '266',
  response_time: 168.585,
  level: 'http',
  message: 'incoming-request',
  timestamp: '2025-05-15 07:45:29.287 PM'
}
{
  method: 'GET',
  url: '/api/v1/auth/logout',
  status: 500,
  response_time: 3.03,
  level: 'http',
  message: 'incoming-request',
  timestamp: '2025-05-15 07:45:29.345 PM'
}
{
  method: 'GET',
  url: '/api/v1/auth/logout',
  status: 204,
  response_time: 5.907,
  level: 'http',
  message: 'incoming-request',
  timestamp: '2025-05-15 07:45:29.417 PM'
}
{
  method: 'POST',
  url: '/api/v1/auth/register',
  status: 201,
  content_length: '266',
  response_time: 179.899,
  level: 'http',
  message: 'incoming-request',
  timestamp: '2025-05-15 07:48:07.167 PM'
}
{
  method: 'GET',
  url: '/api/v1/auth/logout',
  status: 500,
  response_time: 3.341,
  level: 'http',
  message: 'incoming-request',
  timestamp: '2025-05-15 07:48:07.228 PM'
}
{
  method: 'GET',
  url: '/api/v1/auth/logout',
  status: 204,
  response_time: 5.547,
  level: 'http',
  message: 'incoming-request',
  timestamp: '2025-05-15 07:48:07.299 PM'
}
{
  method: 'POST',
  url: '/api/v1/auth/register',
  status: 201,
  content_length: '266',
  response_time: 175.448,
  level: 'http',
  message: 'incoming-request',
  timestamp: '2025-05-15 07:48:42.649 PM'
}
{
  method: 'GET',
  url: '/api/v1/auth/logout',
  status: 500,
  response_time: 3.116,
  level: 'http',
  message: 'incoming-request',
  timestamp: '2025-05-15 07:48:42.704 PM'
}
{
  method: 'GET',
  url: '/api/v1/auth/logout',
  status: 204,
  response_time: 5.795,
  level: 'http',
  message: 'incoming-request',
  timestamp: '2025-05-15 07:48:42.769 PM'
}
{
  method: 'POST',
  url: '/api/v1/auth/register',
  status: 201,
  content_length: '266',
  response_time: 173.34,
  level: 'http',
  message: 'incoming-request',
  timestamp: '2025-05-15 07:49:43.959 PM'
}
{
  method: 'GET',
  url: '/api/v1/auth/logout',
  status: 500,
  response_time: 3.212,
  level: 'http',
  message: 'incoming-request',
  timestamp: '2025-05-15 07:49:44.026 PM'
}
{
  method: 'GET',
  url: '/api/v1/auth/logout',
  status: 204,
  response_time: 5.691,
  level: 'http',
  message: 'incoming-request',
  timestamp: '2025-05-15 07:49:44.072 PM'
}
{
  method: 'POST',
  url: '/api/v1/auth/register',
  status: 201,
  content_length: '266',
  response_time: 166.911,
  level: 'http',
  message: 'incoming-request',
  timestamp: '2025-05-15 07:51:37.588 PM'
}
{
  method: 'GET',
  url: '/api/v1/auth/logout',
  status: 500,
  response_time: 3.006,
  level: 'http',
  message: 'incoming-request',
  timestamp: '2025-05-15 07:51:37.645 PM'
}
{
  method: 'GET',
  url: '/api/v1/auth/logout',
  status: 204,
  response_time: 6.548,
  level: 'http',
  message: 'incoming-request',
  timestamp: '2025-05-15 07:51:37.691 PM'
}
{
  method: 'POST',
  url: '/api/v1/auth/register',
  status: 201,
  content_length: '266',
  response_time: 203.716,
  level: 'http',
  message: 'incoming-request',
  timestamp: '2025-05-15 07:55:45.969 PM'
}
{
  method: 'GET',
  url: '/api/v1/auth/logout',
  status: 500,
  response_time: 5.355,
  level: 'http',
  message: 'incoming-request',
  timestamp: '2025-05-15 07:55:46.078 PM'
}
{
  method: 'GET',
  url: '/api/v1/auth/logout',
  status: 204,
  response_time: 5.976,
  level: 'http',
  message: 'incoming-request',
  timestamp: '2025-05-15 07:55:46.129 PM'
}
{
  method: 'POST',
  url: '/api/v1/auth/register',
  status: 201,
  content_length: '266',
  response_time: 169.913,
  level: 'http',
  message: 'incoming-request',
  timestamp: '2025-05-15 07:56:35.644 PM'
}
{
  method: 'GET',
  url: '/api/v1/auth/logout',
  status: 500,
  response_time: 3.368,
  level: 'http',
  message: 'incoming-request',
  timestamp: '2025-05-15 07:56:35.700 PM'
}
{
  method: 'GET',
  url: '/api/v1/auth/logout',
  status: 204,
  response_time: 5.976,
  level: 'http',
  message: 'incoming-request',
  timestamp: '2025-05-15 07:56:35.772 PM'
}
{
  method: 'POST',
  url: '/api/v1/auth/register',
  status: 201,
  content_length: '266',
  response_time: 177.865,
  level: 'http',
  message: 'incoming-request',
  timestamp: '2025-05-15 07:57:11.077 PM'
}
{
  method: 'GET',
  url: '/api/v1/auth/logout',
  status: 500,
  response_time: 3.101,
  level: 'http',
  message: 'incoming-request',
  timestamp: '2025-05-15 07:57:11.130 PM'
}
{
  method: 'GET',
  url: '/api/v1/auth/logout',
  status: 204,
  response_time: 6.57,
  level: 'http',
  message: 'incoming-request',
  timestamp: '2025-05-15 07:57:11.200 PM'
}
{
  method: 'POST',
  url: '/api/v1/auth/register',
  status: 201,
  content_length: '266',
  response_time: 177.967,
  level: 'http',
  message: 'incoming-request',
  timestamp: '2025-05-15 08:13:59.847 PM'
}
{
  method: 'POST',
  url: '/api/v1/auth/new_access_token',
  status: 500,
  content_length: '92',
  response_time: 2.676,
  level: 'http',
  message: 'incoming-request',
  timestamp: '2025-05-15 08:13:59.906 PM'
}
{
  method: 'POST',
  url: '/api/v1/auth/register',
  status: 201,
  content_length: '266',
  response_time: 172.806,
  level: 'http',
  message: 'incoming-request',
  timestamp: '2025-05-15 08:17:04.780 PM'
}
{
  method: 'GET',
  url: '/api/v1/auth/new_access_token',
  status: 401,
  content_length: '12',
  response_time: 2.744,
  level: 'http',
  message: 'incoming-request',
  timestamp: '2025-05-15 08:17:04.836 PM'
}
{
  method: 'POST',
  url: '/api/v1/auth/register',
  status: 201,
  content_length: '266',
  response_time: 174.23,
  level: 'http',
  message: 'incoming-request',
  timestamp: '2025-05-15 08:22:25.552 PM'
}
{
  method: 'POST',
  url: '/api/v1/auth/register',
  status: 201,
  content_length: '266',
  response_time: 279.488,
  level: 'http',
  message: 'incoming-request',
  timestamp: '2025-05-15 08:25:52.880 PM'
}
{
  method: 'GET',
  url: '/api/v1/auth/new_access_token',
  status: 200,
  content_length: '422',
  response_time: 19.872,
  level: 'http',
  message: 'incoming-request',
  timestamp: '2025-05-15 08:25:52.956 PM'
}
{
  method: 'POST',
  url: '/api/v1/auth/register',
  status: 201,
  content_length: '266',
  response_time: 164.131,
  level: 'http',
  message: 'incoming-request',
  timestamp: '2025-05-15 08:27:24.604 PM'
}
{
  method: 'GET',
  url: '/api/v1/auth/new_access_token',
  status: 200,
  content_length: '422',
  response_time: 23.1,
  level: 'http',
  message: 'incoming-request',
  timestamp: '2025-05-15 08:27:24.685 PM'
}
{
  method: 'POST',
  url: '/api/v1/auth/register',
  status: 201,
  content_length: '266',
  response_time: 176.822,
  level: 'http',
  message: 'incoming-request',
  timestamp: '2025-05-15 08:28:46.244 PM'
}
{
  method: 'GET',
  url: '/api/v1/auth/new_access_token',
  status: 200,
  content_length: '422',
  response_time: 22.517,
  level: 'http',
  message: 'incoming-request',
  timestamp: '2025-05-15 08:28:46.334 PM'
}
{
  method: 'POST',
  url: '/api/v1/auth/new_access_token',
  status: 500,
  content_length: '92',
  response_time: 2.214,
  level: 'http',
  message: 'incoming-request',
  timestamp: '2025-05-15 08:28:46.380 PM'
}
{
  method: 'POST',
  url: '/api/v1/auth/register',
  status: 201,
  content_length: '266',
  response_time: 168.956,
  level: 'http',
  message: 'incoming-request',
  timestamp: '2025-05-15 08:29:37.241 PM'
}
{
  method: 'GET',
  url: '/api/v1/auth/new_access_token',
  status: 200,
  content_length: '422',
  response_time: 19.311,
  level: 'http',
  message: 'incoming-request',
  timestamp: '2025-05-15 08:29:37.346 PM'
}
{
  method: 'GET',
  url: '/api/v1/auth/new_access_token',
  status: 403,
  content_length: '9',
  response_time: 10.468,
  level: 'http',
  message: 'incoming-request',
  timestamp: '2025-05-15 08:29:37.382 PM'
}
{
  method: 'POST',
  url: '/api/v1/auth/register',
  status: 201,
  content_length: '266',
  response_time: 182.941,
  level: 'http',
  message: 'incoming-request',
  timestamp: '2025-05-15 08:31:30.433 PM'
}
{
  method: 'GET',
  url: '/api/v1/auth/new_access_token',
  status: 200,
  content_length: '422',
  response_time: 20.302,
  level: 'http',
  message: 'incoming-request',
  timestamp: '2025-05-15 08:31:30.516 PM'
}
{
  method: 'GET',
  url: '/api/v1/auth/new_access_token',
  status: 403,
  content_length: '9',
  response_time: 10.401,
  level: 'http',
  message: 'incoming-request',
  timestamp: '2025-05-15 08:31:30.557 PM'
}
{
  method: 'GET',
  url: '/api/v1/auth/new_access_token',
  status: 403,
  content_length: '9',
  response_time: 11.21,
  level: 'http',
  message: 'incoming-request',
  timestamp: '2025-05-15 08:31:30.589 PM'
}
{
  method: 'POST',
  url: '/api/v1/auth/register',
  status: 201,
  content_length: '266',
  response_time: 172.04,
  level: 'http',
  message: 'incoming-request',
  timestamp: '2025-05-15 08:31:53.614 PM'
}
{
  method: 'GET',
  url: '/api/v1/auth/new_access_token',
  status: 200,
  content_length: '422',
  response_time: 19.428,
  level: 'http',
  message: 'incoming-request',
  timestamp: '2025-05-15 08:31:53.695 PM'
}
{
  method: 'GET',
  url: '/api/v1/auth/new_access_token',
  status: 403,
  content_length: '9',
  response_time: 10.379,
  level: 'http',
  message: 'incoming-request',
  timestamp: '2025-05-15 08:31:53.733 PM'
}
{
  method: 'GET',
  url: '/api/v1/auth/new_access_token',
  status: 403,
  content_length: '9',
  response_time: 9.64,
  level: 'http',
  message: 'incoming-request',
  timestamp: '2025-05-15 08:31:53.763 PM'
}
{
  method: 'POST',
  url: '/api/v1/auth/register',
  status: 201,
  content_length: '266',
  response_time: 168.31,
  level: 'http',
  message: 'incoming-request',
  timestamp: '2025-05-15 08:32:37.922 PM'
}
{
  method: 'GET',
  url: '/api/v1/auth/new_access_token',
  status: 200,
  content_length: '422',
  response_time: 19.343,
  level: 'http',
  message: 'incoming-request',
  timestamp: '2025-05-15 08:32:38.000 PM'
}
{
  method: 'GET',
  url: '/api/v1/auth/new_access_token',
  status: 403,
  content_length: '9',
  response_time: 9.973,
  level: 'http',
  message: 'incoming-request',
  timestamp: '2025-05-15 08:32:38.041 PM'
}
{
  method: 'GET',
  url: '/api/v1/auth/new_access_token',
  status: 403,
  content_length: '9',
  response_time: 9.496,
  level: 'http',
  message: 'incoming-request',
  timestamp: '2025-05-15 08:32:38.070 PM'
}
{
  method: 'POST',
  url: '/api/v1/auth/register',
  status: 201,
  content_length: '266',
  response_time: 168.575,
  level: 'http',
  message: 'incoming-request',
  timestamp: '2025-05-15 08:33:21.987 PM'
}
{
  method: 'GET',
  url: '/api/v1/auth/new_access_token',
  status: 200,
  content_length: '422',
  response_time: 18.438,
  level: 'http',
  message: 'incoming-request',
  timestamp: '2025-05-15 08:33:22.060 PM'
}
{
  method: 'GET',
  url: '/api/v1/auth/new_access_token',
  status: 403,
  content_length: '9',
  response_time: 10.401,
  level: 'http',
  message: 'incoming-request',
  timestamp: '2025-05-15 08:33:22.097 PM'
}
{
  method: 'GET',
  url: '/api/v1/auth/new_access_token',
  status: 403,
  content_length: '9',
  response_time: 9.827,
  level: 'http',
  message: 'incoming-request',
  timestamp: '2025-05-15 08:33:22.127 PM'
}
{
  method: 'POST',
  url: '/api/v1/auth/register',
  status: 201,
  content_length: '266',
  response_time: 175.374,
  level: 'http',
  message: 'incoming-request',
  timestamp: '2025-05-15 08:34:00.411 PM'
}
{
  method: 'GET',
  url: '/api/v1/auth/new_access_token',
  status: 200,
  content_length: '422',
  response_time: 18.488,
  level: 'http',
  message: 'incoming-request',
  timestamp: '2025-05-15 08:34:00.486 PM'
}
{
  method: 'GET',
  url: '/api/v1/auth/new_access_token',
  status: 403,
  content_length: '9',
  response_time: 10.113,
  level: 'http',
  message: 'incoming-request',
  timestamp: '2025-05-15 08:34:00.526 PM'
}
{
  method: 'GET',
  url: '/api/v1/auth/new_access_token',
  status: 403,
  content_length: '9',
  response_time: 9.453,
  level: 'http',
  message: 'incoming-request',
  timestamp: '2025-05-15 08:34:00.556 PM'
}
{
  method: 'POST',
  url: '/api/v1/auth/register',
  status: 201,
  content_length: '266',
  response_time: 175.797,
  level: 'http',
  message: 'incoming-request',
  timestamp: '2025-05-15 08:35:02.234 PM'
}
{
  method: 'GET',
  url: '/api/v1/auth/new_access_token',
  status: 200,
  content_length: '422',
  response_time: 19.437,
  level: 'http',
  message: 'incoming-request',
  timestamp: '2025-05-15 08:35:02.315 PM'
}
{
  method: 'GET',
  url: '/api/v1/auth/new_access_token',
  status: 403,
  content_length: '9',
  response_time: 10.586,
  level: 'http',
  message: 'incoming-request',
  timestamp: '2025-05-15 08:35:02.357 PM'
}
{
  method: 'GET',
  url: '/api/v1/auth/new_access_token',
  status: 403,
  content_length: '9',
  response_time: 10.463,
  level: 'http',
  message: 'incoming-request',
  timestamp: '2025-05-15 08:35:02.389 PM'
}
{
  method: 'POST',
  url: '/api/v1/auth/register',
  status: 201,
  content_length: '266',
  response_time: 169.339,
  level: 'http',
  message: 'incoming-request',
  timestamp: '2025-05-15 08:35:38.137 PM'
}
{
  method: 'GET',
  url: '/api/v1/auth/new_access_token',
  status: 200,
  content_length: '422',
  response_time: 18.897,
  level: 'http',
  message: 'incoming-request',
  timestamp: '2025-05-15 08:35:38.214 PM'
}
{
  method: 'GET',
  url: '/api/v1/auth/new_access_token',
  status: 403,
  content_length: '9',
  response_time: 12.173,
  level: 'http',
  message: 'incoming-request',
  timestamp: '2025-05-15 08:35:38.256 PM'
}
{
  method: 'GET',
  url: '/api/v1/auth/new_access_token',
  status: 403,
  content_length: '9',
  response_time: 9.506,
  level: 'http',
  message: 'incoming-request',
  timestamp: '2025-05-15 08:35:38.286 PM'
}
{
  method: 'POST',
  url: '/api/v1/auth/register',
  status: 201,
  content_length: '266',
  response_time: 171.975,
  level: 'http',
  message: 'incoming-request',
  timestamp: '2025-05-15 08:36:08.610 PM'
}
{
  method: 'GET',
  url: '/api/v1/auth/new_access_token',
  status: 200,
  content_length: '422',
  response_time: 18.496,
  level: 'http',
  message: 'incoming-request',
  timestamp: '2025-05-15 08:36:08.694 PM'
}
{
  method: 'GET',
  url: '/api/v1/auth/new_access_token',
  status: 403,
  content_length: '9',
  response_time: 9.944,
  level: 'http',
  message: 'incoming-request',
  timestamp: '2025-05-15 08:36:08.733 PM'
}
{
  method: 'GET',
  url: '/api/v1/auth/new_access_token',
  status: 403,
  content_length: '9',
  response_time: 9.921,
  level: 'http',
  message: 'incoming-request',
  timestamp: '2025-05-15 08:36:08.763 PM'
}
