{
  message: 'Server on 1997 running. NodeENV: development  ',
  level: 'info',
  timestamp: '2024-11-18 11:26:06.978 AM'
}
{
  message: 'Server on 1997 running. NodeENV: development  ',
  level: 'info',
  timestamp: '2024-11-18 01:03:00.095 PM'
}
{
  method: 'GET',
  url: '/api/v1/property/666720f01ed8af0105a0d444',
  status: 200,
  content_length: '572',
  response_time: 1161.202,
  level: 'http',
  message: 'incoming-request',
  timestamp: '2024-11-18 01:08:33.586 PM'
}
{
  method: 'GET',
  url: '/api/v1/property/?page=1',
  status: 200,
  content_length: '3408',
  response_time: 1319.708,
  level: 'http',
  message: 'incoming-request',
  timestamp: '2024-11-18 01:08:33.757 PM'
}
{
  method: 'GET',
  url: '/api/v1/property/666720f01ed8af0105a0d444',
  status: 200,
  content_length: '572',
  response_time: 191.267,
  level: 'http',
  message: 'incoming-request',
  timestamp: '2024-11-18 01:08:50.242 PM'
}
{
  method: 'GET',
  url: '/api/v1/property/?page=1',
  status: 200,
  content_length: '3408',
  response_time: 392.471,
  level: 'http',
  message: 'incoming-request',
  timestamp: '2024-11-18 01:08:50.448 PM'
}
{
  method: 'POST',
  url: '/api/v1/auth/login',
  status: 200,
  content_length: '465',
  response_time: 549.069,
  level: 'http',
  message: 'incoming-request',
  timestamp: '2024-11-18 01:09:06.075 PM'
}
{
  method: 'GET',
  url: '/api/v1/user/profile',
  status: 200,
  content_length: '1730',
  response_time: 339.485,
  level: 'http',
  message: 'incoming-request',
  timestamp: '2024-11-18 01:09:06.574 PM'
}
{
  method: 'GET',
  url: '/api/v1/property/?page=1',
  status: 200,
  content_length: '3408',
  response_time: 297.856,
  level: 'http',
  message: 'incoming-request',
  timestamp: '2024-11-18 01:09:11.874 PM'
}
{
  method: 'GET',
  url: '/api/v1/property/666720f01ed8af0105a0d444',
  status: 200,
  content_length: '572',
  response_time: 1919.616,
  level: 'http',
  message: 'incoming-request',
  timestamp: '2024-11-18 01:13:57.658 PM'
}
{
  method: 'GET',
  url: '/api/v1/property/?page=1',
  status: 200,
  content_length: '3408',
  response_time: 4428.574,
  level: 'http',
  message: 'incoming-request',
  timestamp: '2024-11-18 01:14:00.003 PM'
}
{
  method: 'GET',
  url: '/api/v1/property/?page=1',
  status: 200,
  content_length: '3408',
  response_time: 532.423,
  level: 'http',
  message: 'incoming-request',
  timestamp: '2024-11-18 01:14:00.679 PM'
}
{
  method: 'GET',
  url: '/api/v1/property/?page=1',
  status: 0,
  response_time: '0',
  level: 'http',
  message: 'incoming-request',
  timestamp: '2024-11-18 01:14:47.555 PM'
}
{
  method: 'GET',
  url: '/api/v1/property/666720f01ed8af0105a0d444',
  status: 0,
  response_time: '0',
  level: 'http',
  message: 'incoming-request',
  timestamp: '2024-11-18 01:14:47.558 PM'
}
{
  method: 'GET',
  url: '/api/v1/property/?page=1',
  status: 200,
  content_length: '3408',
  response_time: 166.156,
  level: 'http',
  message: 'incoming-request',
  timestamp: '2024-11-18 01:14:49.108 PM'
}
{
  method: 'GET',
  url: '/api/v1/property/666720f01ed8af0105a0d444',
  status: 200,
  content_length: '572',
  response_time: 120.674,
  level: 'http',
  message: 'incoming-request',
  timestamp: '2024-11-18 01:14:52.374 PM'
}
{
  method: 'GET',
  url: '/api/v1/property/?page=1',
  status: 200,
  content_length: '3408',
  response_time: 215.81,
  level: 'http',
  message: 'incoming-request',
  timestamp: '2024-11-18 01:14:52.479 PM'
}
{
  method: 'GET',
  url: '/api/v1/property/?page=1',
  status: 200,
  content_length: '3408',
  response_time: 254.215,
  level: 'http',
  message: 'incoming-request',
  timestamp: '2024-11-18 01:14:53.352 PM'
}
{
  method: 'GET',
  url: '/api/v1/property/666720f01ed8af0105a0d444',
  status: 200,
  content_length: '572',
  response_time: 135.664,
  level: 'http',
  message: 'incoming-request',
  timestamp: '2024-11-18 01:15:46.901 PM'
}
{
  method: 'GET',
  url: '/api/v1/property/?page=1',
  status: 200,
  content_length: '3408',
  response_time: 242.333,
  level: 'http',
  message: 'incoming-request',
  timestamp: '2024-11-18 01:15:46.954 PM'
}
{
  method: 'GET',
  url: '/api/v1/property/?page=1',
  status: 200,
  content_length: '3408',
  response_time: 243.267,
  level: 'http',
  message: 'incoming-request',
  timestamp: '2024-11-18 01:15:47.214 PM'
}
{
  method: 'GET',
  url: '/api/v1/property/666720f01ed8af0105a0d444',
  status: 200,
  content_length: '572',
  response_time: 94.523,
  level: 'http',
  message: 'incoming-request',
  timestamp: '2024-11-18 01:15:51.412 PM'
}
{
  method: 'GET',
  url: '/api/v1/property/?page=1',
  status: 200,
  content_length: '3408',
  response_time: 192.326,
  level: 'http',
  message: 'incoming-request',
  timestamp: '2024-11-18 01:15:51.512 PM'
}
{
  method: 'GET',
  url: '/api/v1/property/?page=1',
  status: 200,
  content_length: '3408',
  response_time: 223.18,
  level: 'http',
  message: 'incoming-request',
  timestamp: '2024-11-18 01:15:52.795 PM'
}
