{
  error: TypeError: Cannot read properties of undefined (reading 'path')
      at file:///app/backend/routes/uploadRoutes.js:8:37
      at Layer.handle [as handle_request] (/app/node_modules/express/lib/router/layer.js:95:5)
      at next (/app/node_modules/express/lib/router/route.js:149:13)
      at multerMiddleware (/app/node_modules/multer/lib/make-middleware.js:13:41)
      at Layer.handle [as handle_request] (/app/node_modules/express/lib/router/layer.js:95:5)
      at next (/app/node_modules/express/lib/router/route.js:149:13)
      at Route.dispatch (/app/node_modules/express/lib/router/route.js:119:3)
      at Layer.handle [as handle_request] (/app/node_modules/express/lib/router/layer.js:95:5)
      at /app/node_modules/express/lib/router/index.js:284:15
      at Function.process_params (/app/node_modules/express/lib/router/index.js:346:12)
      at next (/app/node_modules/express/lib/router/index.js:280:10)
      at Function.handle (/app/node_modules/express/lib/router/index.js:175:3)
      at router (/app/node_modules/express/lib/router/index.js:47:12)
      at Layer.handle [as handle_request] (/app/node_modules/express/lib/router/layer.js:95:5)
      at trim_prefix (/app/node_modules/express/lib/router/index.js:328:13)
      at /app/node_modules/express/lib/router/index.js:286:9,
  level: 'error',
  message: "unhandledRejection: Cannot read properties of undefined (reading 'path')\n" +
    "TypeError: Cannot read properties of undefined (reading 'path')\n" +
    '    at file:///app/backend/routes/uploadRoutes.js:8:37\n' +
    '    at Layer.handle [as handle_request] (/app/node_modules/express/lib/router/layer.js:95:5)\n' +
    '    at next (/app/node_modules/express/lib/router/route.js:149:13)\n' +
    '    at multerMiddleware (/app/node_modules/multer/lib/make-middleware.js:13:41)\n' +
    '    at Layer.handle [as handle_request] (/app/node_modules/express/lib/router/layer.js:95:5)\n' +
    '    at next (/app/node_modules/express/lib/router/route.js:149:13)\n' +
    '    at Route.dispatch (/app/node_modules/express/lib/router/route.js:119:3)\n' +
    '    at Layer.handle [as handle_request] (/app/node_modules/express/lib/router/layer.js:95:5)\n' +
    '    at /app/node_modules/express/lib/router/index.js:284:15\n' +
    '    at Function.process_params (/app/node_modules/express/lib/router/index.js:346:12)\n' +
    '    at next (/app/node_modules/express/lib/router/index.js:280:10)\n' +
    '    at Function.handle (/app/node_modules/express/lib/router/index.js:175:3)\n' +
    '    at router (/app/node_modules/express/lib/router/index.js:47:12)\n' +
    '    at Layer.handle [as handle_request] (/app/node_modules/express/lib/router/layer.js:95:5)\n' +
    '    at trim_prefix (/app/node_modules/express/lib/router/index.js:328:13)\n' +
    '    at /app/node_modules/express/lib/router/index.js:286:9',
  stack: "TypeError: Cannot read properties of undefined (reading 'path')\n" +
    '    at file:///app/backend/routes/uploadRoutes.js:8:37\n' +
    '    at Layer.handle [as handle_request] (/app/node_modules/express/lib/router/layer.js:95:5)\n' +
    '    at next (/app/node_modules/express/lib/router/route.js:149:13)\n' +
    '    at multerMiddleware (/app/node_modules/multer/lib/make-middleware.js:13:41)\n' +
    '    at Layer.handle [as handle_request] (/app/node_modules/express/lib/router/layer.js:95:5)\n' +
    '    at next (/app/node_modules/express/lib/router/route.js:149:13)\n' +
    '    at Route.dispatch (/app/node_modules/express/lib/router/route.js:119:3)\n' +
    '    at Layer.handle [as handle_request] (/app/node_modules/express/lib/router/layer.js:95:5)\n' +
    '    at /app/node_modules/express/lib/router/index.js:284:15\n' +
    '    at Function.process_params (/app/node_modules/express/lib/router/index.js:346:12)\n' +
    '    at next (/app/node_modules/express/lib/router/index.js:280:10)\n' +
    '    at Function.handle (/app/node_modules/express/lib/router/index.js:175:3)\n' +
    '    at router (/app/node_modules/express/lib/router/index.js:47:12)\n' +
    '    at Layer.handle [as handle_request] (/app/node_modules/express/lib/router/layer.js:95:5)\n' +
    '    at trim_prefix (/app/node_modules/express/lib/router/index.js:328:13)\n' +
    '    at /app/node_modules/express/lib/router/index.js:286:9',
  rejection: true,
  date: 'Wed May 29 2024 06:12:31 GMT+0000 (Coordinated Universal Time)',
  process: {
    pid: 44,
    uid: 0,
    gid: 0,
    cwd: '/app',
    execPath: '/usr/local/bin/node',
    version: 'v20.10.0',
    argv: [ '/usr/local/bin/node', '/app/backend/server.js' ],
    memoryUsage: {
      rss: 90148864,
      heapTotal: 34107392,
      heapUsed: 31284328,
      external: 20966308,
      arrayBuffers: 18290256
    }
  },
  os: { loadavg: [ 2.15, 3.41, 2.19 ], uptime: 891.41 },
  trace: [
    {
      column: 37,
      file: 'file:///app/backend/routes/uploadRoutes.js',
      function: null,
      line: 8,
      method: null,
      native: false
    },
    {
      column: 5,
      file: '/app/node_modules/express/lib/router/layer.js',
      function: 'Layer.handle [as handle_request]',
      line: 95,
      method: 'handle [as handle_request]',
      native: false
    },
    {
      column: 13,
      file: '/app/node_modules/express/lib/router/route.js',
      function: 'next',
      line: 149,
      method: null,
      native: false
    },
    {
      column: 41,
      file: '/app/node_modules/multer/lib/make-middleware.js',
      function: 'multerMiddleware',
      line: 13,
      method: null,
      native: false
    },
    {
      column: 5,
      file: '/app/node_modules/express/lib/router/layer.js',
      function: 'Layer.handle [as handle_request]',
      line: 95,
      method: 'handle [as handle_request]',
      native: false
    },
    {
      column: 13,
      file: '/app/node_modules/express/lib/router/route.js',
      function: 'next',
      line: 149,
      method: null,
      native: false
    },
    {
      column: 3,
      file: '/app/node_modules/express/lib/router/route.js',
      function: 'Route.dispatch',
      line: 119,
      method: 'dispatch',
      native: false
    },
    {
      column: 5,
      file: '/app/node_modules/express/lib/router/layer.js',
      function: 'Layer.handle [as handle_request]',
      line: 95,
      method: 'handle [as handle_request]',
      native: false
    },
    {
      column: 15,
      file: '/app/node_modules/express/lib/router/index.js',
      function: null,
      line: 284,
      method: null,
      native: false
    },
    {
      column: 12,
      file: '/app/node_modules/express/lib/router/index.js',
      function: 'Function.process_params',
      line: 346,
      method: 'process_params',
      native: false
    },
    {
      column: 10,
      file: '/app/node_modules/express/lib/router/index.js',
      function: 'next',
      line: 280,
      method: null,
      native: false
    },
    {
      column: 3,
      file: '/app/node_modules/express/lib/router/index.js',
      function: 'Function.handle',
      line: 175,
      method: 'handle',
      native: false
    },
    {
      column: 12,
      file: '/app/node_modules/express/lib/router/index.js',
      function: 'router',
      line: 47,
      method: null,
      native: false
    },
    {
      column: 5,
      file: '/app/node_modules/express/lib/router/layer.js',
      function: 'Layer.handle [as handle_request]',
      line: 95,
      method: 'handle [as handle_request]',
      native: false
    },
    {
      column: 13,
      file: '/app/node_modules/express/lib/router/index.js',
      function: 'trim_prefix',
      line: 328,
      method: null,
      native: false
    },
    {
      column: 9,
      file: '/app/node_modules/express/lib/router/index.js',
      function: null,
      line: 286,
      method: null,
      native: false
    }
  ],
  timestamp: '2024-05-29 06:12:31.737 AM'
}
{
  message: 'Incorrect email or password',
  level: 'error',
  timestamp: '2024-05-29 10:24:48.713 AM'
}
{
  error: TypeError: Cannot read properties of undefined (reading 'path')
      at file:///app/backend/routes/uploadRoutes.js:8:37
      at Layer.handle [as handle_request] (/app/node_modules/express/lib/router/layer.js:95:5)
      at next (/app/node_modules/express/lib/router/route.js:149:13)
      at multerMiddleware (/app/node_modules/multer/lib/make-middleware.js:13:41)
      at Layer.handle [as handle_request] (/app/node_modules/express/lib/router/layer.js:95:5)
      at next (/app/node_modules/express/lib/router/route.js:149:13)
      at Route.dispatch (/app/node_modules/express/lib/router/route.js:119:3)
      at Layer.handle [as handle_request] (/app/node_modules/express/lib/router/layer.js:95:5)
      at /app/node_modules/express/lib/router/index.js:284:15
      at Function.process_params (/app/node_modules/express/lib/router/index.js:346:12)
      at next (/app/node_modules/express/lib/router/index.js:280:10)
      at Function.handle (/app/node_modules/express/lib/router/index.js:175:3)
      at router (/app/node_modules/express/lib/router/index.js:47:12)
      at Layer.handle [as handle_request] (/app/node_modules/express/lib/router/layer.js:95:5)
      at trim_prefix (/app/node_modules/express/lib/router/index.js:328:13)
      at /app/node_modules/express/lib/router/index.js:286:9,
  level: 'error',
  message: "unhandledRejection: Cannot read properties of undefined (reading 'path')\n" +
    "TypeError: Cannot read properties of undefined (reading 'path')\n" +
    '    at file:///app/backend/routes/uploadRoutes.js:8:37\n' +
    '    at Layer.handle [as handle_request] (/app/node_modules/express/lib/router/layer.js:95:5)\n' +
    '    at next (/app/node_modules/express/lib/router/route.js:149:13)\n' +
    '    at multerMiddleware (/app/node_modules/multer/lib/make-middleware.js:13:41)\n' +
    '    at Layer.handle [as handle_request] (/app/node_modules/express/lib/router/layer.js:95:5)\n' +
    '    at next (/app/node_modules/express/lib/router/route.js:149:13)\n' +
    '    at Route.dispatch (/app/node_modules/express/lib/router/route.js:119:3)\n' +
    '    at Layer.handle [as handle_request] (/app/node_modules/express/lib/router/layer.js:95:5)\n' +
    '    at /app/node_modules/express/lib/router/index.js:284:15\n' +
    '    at Function.process_params (/app/node_modules/express/lib/router/index.js:346:12)\n' +
    '    at next (/app/node_modules/express/lib/router/index.js:280:10)\n' +
    '    at Function.handle (/app/node_modules/express/lib/router/index.js:175:3)\n' +
    '    at router (/app/node_modules/express/lib/router/index.js:47:12)\n' +
    '    at Layer.handle [as handle_request] (/app/node_modules/express/lib/router/layer.js:95:5)\n' +
    '    at trim_prefix (/app/node_modules/express/lib/router/index.js:328:13)\n' +
    '    at /app/node_modules/express/lib/router/index.js:286:9',
  stack: "TypeError: Cannot read properties of undefined (reading 'path')\n" +
    '    at file:///app/backend/routes/uploadRoutes.js:8:37\n' +
    '    at Layer.handle [as handle_request] (/app/node_modules/express/lib/router/layer.js:95:5)\n' +
    '    at next (/app/node_modules/express/lib/router/route.js:149:13)\n' +
    '    at multerMiddleware (/app/node_modules/multer/lib/make-middleware.js:13:41)\n' +
    '    at Layer.handle [as handle_request] (/app/node_modules/express/lib/router/layer.js:95:5)\n' +
    '    at next (/app/node_modules/express/lib/router/route.js:149:13)\n' +
    '    at Route.dispatch (/app/node_modules/express/lib/router/route.js:119:3)\n' +
    '    at Layer.handle [as handle_request] (/app/node_modules/express/lib/router/layer.js:95:5)\n' +
    '    at /app/node_modules/express/lib/router/index.js:284:15\n' +
    '    at Function.process_params (/app/node_modules/express/lib/router/index.js:346:12)\n' +
    '    at next (/app/node_modules/express/lib/router/index.js:280:10)\n' +
    '    at Function.handle (/app/node_modules/express/lib/router/index.js:175:3)\n' +
    '    at router (/app/node_modules/express/lib/router/index.js:47:12)\n' +
    '    at Layer.handle [as handle_request] (/app/node_modules/express/lib/router/layer.js:95:5)\n' +
    '    at trim_prefix (/app/node_modules/express/lib/router/index.js:328:13)\n' +
    '    at /app/node_modules/express/lib/router/index.js:286:9',
  rejection: true,
  date: 'Wed May 29 2024 10:26:05 GMT+0000 (Coordinated Universal Time)',
  process: {
    pid: 42,
    uid: 0,
    gid: 0,
    cwd: '/app',
    execPath: '/usr/local/bin/node',
    version: 'v20.10.0',
    argv: [ '/usr/local/bin/node', '/app/backend/server.js' ],
    memoryUsage: {
      rss: 94220288,
      heapTotal: 36204544,
      heapUsed: 34272768,
      external: 20989567,
      arrayBuffers: 18313515
    }
  },
  os: { loadavg: [ 6.07, 5.44, 3.11 ], uptime: 1874.64 },
  trace: [
    {
      column: 37,
      file: 'file:///app/backend/routes/uploadRoutes.js',
      function: null,
      line: 8,
      method: null,
      native: false
    },
    {
      column: 5,
      file: '/app/node_modules/express/lib/router/layer.js',
      function: 'Layer.handle [as handle_request]',
      line: 95,
      method: 'handle [as handle_request]',
      native: false
    },
    {
      column: 13,
      file: '/app/node_modules/express/lib/router/route.js',
      function: 'next',
      line: 149,
      method: null,
      native: false
    },
    {
      column: 41,
      file: '/app/node_modules/multer/lib/make-middleware.js',
      function: 'multerMiddleware',
      line: 13,
      method: null,
      native: false
    },
    {
      column: 5,
      file: '/app/node_modules/express/lib/router/layer.js',
      function: 'Layer.handle [as handle_request]',
      line: 95,
      method: 'handle [as handle_request]',
      native: false
    },
    {
      column: 13,
      file: '/app/node_modules/express/lib/router/route.js',
      function: 'next',
      line: 149,
      method: null,
      native: false
    },
    {
      column: 3,
      file: '/app/node_modules/express/lib/router/route.js',
      function: 'Route.dispatch',
      line: 119,
      method: 'dispatch',
      native: false
    },
    {
      column: 5,
      file: '/app/node_modules/express/lib/router/layer.js',
      function: 'Layer.handle [as handle_request]',
      line: 95,
      method: 'handle [as handle_request]',
      native: false
    },
    {
      column: 15,
      file: '/app/node_modules/express/lib/router/index.js',
      function: null,
      line: 284,
      method: null,
      native: false
    },
    {
      column: 12,
      file: '/app/node_modules/express/lib/router/index.js',
      function: 'Function.process_params',
      line: 346,
      method: 'process_params',
      native: false
    },
    {
      column: 10,
      file: '/app/node_modules/express/lib/router/index.js',
      function: 'next',
      line: 280,
      method: null,
      native: false
    },
    {
      column: 3,
      file: '/app/node_modules/express/lib/router/index.js',
      function: 'Function.handle',
      line: 175,
      method: 'handle',
      native: false
    },
    {
      column: 12,
      file: '/app/node_modules/express/lib/router/index.js',
      function: 'router',
      line: 47,
      method: null,
      native: false
    },
    {
      column: 5,
      file: '/app/node_modules/express/lib/router/layer.js',
      function: 'Layer.handle [as handle_request]',
      line: 95,
      method: 'handle [as handle_request]',
      native: false
    },
    {
      column: 13,
      file: '/app/node_modules/express/lib/router/index.js',
      function: 'trim_prefix',
      line: 328,
      method: null,
      native: false
    },
    {
      column: 9,
      file: '/app/node_modules/express/lib/router/index.js',
      function: null,
      line: 286,
      method: null,
      native: false
    }
  ],
  timestamp: '2024-05-29 10:26:05.888 AM'
}
{
  message: 'Incorrect email or password',
  level: 'error',
  timestamp: '2024-05-29 10:46:54.812 AM'
}
{
  message: 'Incorrect email or password',
  level: 'error',
  timestamp: '2024-05-29 10:46:55.718 AM'
}
{
  error: TypeError: Cannot read properties of undefined (reading 'path')
      at file:///app/backend/routes/uploadRoutes.js:8:37
      at Layer.handle [as handle_request] (/app/node_modules/express/lib/router/layer.js:95:5)
      at next (/app/node_modules/express/lib/router/route.js:149:13)
      at multerMiddleware (/app/node_modules/multer/lib/make-middleware.js:13:41)
      at Layer.handle [as handle_request] (/app/node_modules/express/lib/router/layer.js:95:5)
      at next (/app/node_modules/express/lib/router/route.js:149:13)
      at Route.dispatch (/app/node_modules/express/lib/router/route.js:119:3)
      at Layer.handle [as handle_request] (/app/node_modules/express/lib/router/layer.js:95:5)
      at /app/node_modules/express/lib/router/index.js:284:15
      at Function.process_params (/app/node_modules/express/lib/router/index.js:346:12)
      at next (/app/node_modules/express/lib/router/index.js:280:10)
      at Function.handle (/app/node_modules/express/lib/router/index.js:175:3)
      at router (/app/node_modules/express/lib/router/index.js:47:12)
      at Layer.handle [as handle_request] (/app/node_modules/express/lib/router/layer.js:95:5)
      at trim_prefix (/app/node_modules/express/lib/router/index.js:328:13)
      at /app/node_modules/express/lib/router/index.js:286:9,
  level: 'error',
  message: "unhandledRejection: Cannot read properties of undefined (reading 'path')\n" +
    "TypeError: Cannot read properties of undefined (reading 'path')\n" +
    '    at file:///app/backend/routes/uploadRoutes.js:8:37\n' +
    '    at Layer.handle [as handle_request] (/app/node_modules/express/lib/router/layer.js:95:5)\n' +
    '    at next (/app/node_modules/express/lib/router/route.js:149:13)\n' +
    '    at multerMiddleware (/app/node_modules/multer/lib/make-middleware.js:13:41)\n' +
    '    at Layer.handle [as handle_request] (/app/node_modules/express/lib/router/layer.js:95:5)\n' +
    '    at next (/app/node_modules/express/lib/router/route.js:149:13)\n' +
    '    at Route.dispatch (/app/node_modules/express/lib/router/route.js:119:3)\n' +
    '    at Layer.handle [as handle_request] (/app/node_modules/express/lib/router/layer.js:95:5)\n' +
    '    at /app/node_modules/express/lib/router/index.js:284:15\n' +
    '    at Function.process_params (/app/node_modules/express/lib/router/index.js:346:12)\n' +
    '    at next (/app/node_modules/express/lib/router/index.js:280:10)\n' +
    '    at Function.handle (/app/node_modules/express/lib/router/index.js:175:3)\n' +
    '    at router (/app/node_modules/express/lib/router/index.js:47:12)\n' +
    '    at Layer.handle [as handle_request] (/app/node_modules/express/lib/router/layer.js:95:5)\n' +
    '    at trim_prefix (/app/node_modules/express/lib/router/index.js:328:13)\n' +
    '    at /app/node_modules/express/lib/router/index.js:286:9',
  stack: "TypeError: Cannot read properties of undefined (reading 'path')\n" +
    '    at file:///app/backend/routes/uploadRoutes.js:8:37\n' +
    '    at Layer.handle [as handle_request] (/app/node_modules/express/lib/router/layer.js:95:5)\n' +
    '    at next (/app/node_modules/express/lib/router/route.js:149:13)\n' +
    '    at multerMiddleware (/app/node_modules/multer/lib/make-middleware.js:13:41)\n' +
    '    at Layer.handle [as handle_request] (/app/node_modules/express/lib/router/layer.js:95:5)\n' +
    '    at next (/app/node_modules/express/lib/router/route.js:149:13)\n' +
    '    at Route.dispatch (/app/node_modules/express/lib/router/route.js:119:3)\n' +
    '    at Layer.handle [as handle_request] (/app/node_modules/express/lib/router/layer.js:95:5)\n' +
    '    at /app/node_modules/express/lib/router/index.js:284:15\n' +
    '    at Function.process_params (/app/node_modules/express/lib/router/index.js:346:12)\n' +
    '    at next (/app/node_modules/express/lib/router/index.js:280:10)\n' +
    '    at Function.handle (/app/node_modules/express/lib/router/index.js:175:3)\n' +
    '    at router (/app/node_modules/express/lib/router/index.js:47:12)\n' +
    '    at Layer.handle [as handle_request] (/app/node_modules/express/lib/router/layer.js:95:5)\n' +
    '    at trim_prefix (/app/node_modules/express/lib/router/index.js:328:13)\n' +
    '    at /app/node_modules/express/lib/router/index.js:286:9',
  rejection: true,
  date: 'Wed May 29 2024 10:49:33 GMT+0000 (Coordinated Universal Time)',
  process: {
    pid: 44,
    uid: 0,
    gid: 0,
    cwd: '/app',
    execPath: '/usr/local/bin/node',
    version: 'v20.10.0',
    argv: [ '/usr/local/bin/node', '/app/backend/server.js' ],
    memoryUsage: {
      rss: 90492928,
      heapTotal: 36728832,
      heapUsed: 33470976,
      external: 20980271,
      arrayBuffers: 18304219
    }
  },
  os: { loadavg: [ 6.03, 4.84, 3.39 ], uptime: 3282.53 },
  trace: [
    {
      column: 37,
      file: 'file:///app/backend/routes/uploadRoutes.js',
      function: null,
      line: 8,
      method: null,
      native: false
    },
    {
      column: 5,
      file: '/app/node_modules/express/lib/router/layer.js',
      function: 'Layer.handle [as handle_request]',
      line: 95,
      method: 'handle [as handle_request]',
      native: false
    },
    {
      column: 13,
      file: '/app/node_modules/express/lib/router/route.js',
      function: 'next',
      line: 149,
      method: null,
      native: false
    },
    {
      column: 41,
      file: '/app/node_modules/multer/lib/make-middleware.js',
      function: 'multerMiddleware',
      line: 13,
      method: null,
      native: false
    },
    {
      column: 5,
      file: '/app/node_modules/express/lib/router/layer.js',
      function: 'Layer.handle [as handle_request]',
      line: 95,
      method: 'handle [as handle_request]',
      native: false
    },
    {
      column: 13,
      file: '/app/node_modules/express/lib/router/route.js',
      function: 'next',
      line: 149,
      method: null,
      native: false
    },
    {
      column: 3,
      file: '/app/node_modules/express/lib/router/route.js',
      function: 'Route.dispatch',
      line: 119,
      method: 'dispatch',
      native: false
    },
    {
      column: 5,
      file: '/app/node_modules/express/lib/router/layer.js',
      function: 'Layer.handle [as handle_request]',
      line: 95,
      method: 'handle [as handle_request]',
      native: false
    },
    {
      column: 15,
      file: '/app/node_modules/express/lib/router/index.js',
      function: null,
      line: 284,
      method: null,
      native: false
    },
    {
      column: 12,
      file: '/app/node_modules/express/lib/router/index.js',
      function: 'Function.process_params',
      line: 346,
      method: 'process_params',
      native: false
    },
    {
      column: 10,
      file: '/app/node_modules/express/lib/router/index.js',
      function: 'next',
      line: 280,
      method: null,
      native: false
    },
    {
      column: 3,
      file: '/app/node_modules/express/lib/router/index.js',
      function: 'Function.handle',
      line: 175,
      method: 'handle',
      native: false
    },
    {
      column: 12,
      file: '/app/node_modules/express/lib/router/index.js',
      function: 'router',
      line: 47,
      method: null,
      native: false
    },
    {
      column: 5,
      file: '/app/node_modules/express/lib/router/layer.js',
      function: 'Layer.handle [as handle_request]',
      line: 95,
      method: 'handle [as handle_request]',
      native: false
    },
    {
      column: 13,
      file: '/app/node_modules/express/lib/router/index.js',
      function: 'trim_prefix',
      line: 328,
      method: null,
      native: false
    },
    {
      column: 9,
      file: '/app/node_modules/express/lib/router/index.js',
      function: null,
      line: 286,
      method: null,
      native: false
    }
  ],
  timestamp: '2024-05-29 10:49:33.727 AM'
}
{
  error: TypeError: Cannot read properties of undefined (reading 'path')
      at file:///app/backend/routes/uploadRoutes.js:8:37
      at Layer.handle [as handle_request] (/app/node_modules/express/lib/router/layer.js:95:5)
      at next (/app/node_modules/express/lib/router/route.js:149:13)
      at multerMiddleware (/app/node_modules/multer/lib/make-middleware.js:13:41)
      at Layer.handle [as handle_request] (/app/node_modules/express/lib/router/layer.js:95:5)
      at next (/app/node_modules/express/lib/router/route.js:149:13)
      at Route.dispatch (/app/node_modules/express/lib/router/route.js:119:3)
      at Layer.handle [as handle_request] (/app/node_modules/express/lib/router/layer.js:95:5)
      at /app/node_modules/express/lib/router/index.js:284:15
      at Function.process_params (/app/node_modules/express/lib/router/index.js:346:12)
      at next (/app/node_modules/express/lib/router/index.js:280:10)
      at Function.handle (/app/node_modules/express/lib/router/index.js:175:3)
      at router (/app/node_modules/express/lib/router/index.js:47:12)
      at Layer.handle [as handle_request] (/app/node_modules/express/lib/router/layer.js:95:5)
      at trim_prefix (/app/node_modules/express/lib/router/index.js:328:13)
      at /app/node_modules/express/lib/router/index.js:286:9,
  level: 'error',
  message: "unhandledRejection: Cannot read properties of undefined (reading 'path')\n" +
    "TypeError: Cannot read properties of undefined (reading 'path')\n" +
    '    at file:///app/backend/routes/uploadRoutes.js:8:37\n' +
    '    at Layer.handle [as handle_request] (/app/node_modules/express/lib/router/layer.js:95:5)\n' +
    '    at next (/app/node_modules/express/lib/router/route.js:149:13)\n' +
    '    at multerMiddleware (/app/node_modules/multer/lib/make-middleware.js:13:41)\n' +
    '    at Layer.handle [as handle_request] (/app/node_modules/express/lib/router/layer.js:95:5)\n' +
    '    at next (/app/node_modules/express/lib/router/route.js:149:13)\n' +
    '    at Route.dispatch (/app/node_modules/express/lib/router/route.js:119:3)\n' +
    '    at Layer.handle [as handle_request] (/app/node_modules/express/lib/router/layer.js:95:5)\n' +
    '    at /app/node_modules/express/lib/router/index.js:284:15\n' +
    '    at Function.process_params (/app/node_modules/express/lib/router/index.js:346:12)\n' +
    '    at next (/app/node_modules/express/lib/router/index.js:280:10)\n' +
    '    at Function.handle (/app/node_modules/express/lib/router/index.js:175:3)\n' +
    '    at router (/app/node_modules/express/lib/router/index.js:47:12)\n' +
    '    at Layer.handle [as handle_request] (/app/node_modules/express/lib/router/layer.js:95:5)\n' +
    '    at trim_prefix (/app/node_modules/express/lib/router/index.js:328:13)\n' +
    '    at /app/node_modules/express/lib/router/index.js:286:9',
  stack: "TypeError: Cannot read properties of undefined (reading 'path')\n" +
    '    at file:///app/backend/routes/uploadRoutes.js:8:37\n' +
    '    at Layer.handle [as handle_request] (/app/node_modules/express/lib/router/layer.js:95:5)\n' +
    '    at next (/app/node_modules/express/lib/router/route.js:149:13)\n' +
    '    at multerMiddleware (/app/node_modules/multer/lib/make-middleware.js:13:41)\n' +
    '    at Layer.handle [as handle_request] (/app/node_modules/express/lib/router/layer.js:95:5)\n' +
    '    at next (/app/node_modules/express/lib/router/route.js:149:13)\n' +
    '    at Route.dispatch (/app/node_modules/express/lib/router/route.js:119:3)\n' +
    '    at Layer.handle [as handle_request] (/app/node_modules/express/lib/router/layer.js:95:5)\n' +
    '    at /app/node_modules/express/lib/router/index.js:284:15\n' +
    '    at Function.process_params (/app/node_modules/express/lib/router/index.js:346:12)\n' +
    '    at next (/app/node_modules/express/lib/router/index.js:280:10)\n' +
    '    at Function.handle (/app/node_modules/express/lib/router/index.js:175:3)\n' +
    '    at router (/app/node_modules/express/lib/router/index.js:47:12)\n' +
    '    at Layer.handle [as handle_request] (/app/node_modules/express/lib/router/layer.js:95:5)\n' +
    '    at trim_prefix (/app/node_modules/express/lib/router/index.js:328:13)\n' +
    '    at /app/node_modules/express/lib/router/index.js:286:9',
  rejection: true,
  date: 'Wed May 29 2024 11:54:14 GMT+0000 (Coordinated Universal Time)',
  process: {
    pid: 109,
    uid: 0,
    gid: 0,
    cwd: '/app',
    execPath: '/usr/local/bin/node',
    version: 'v20.10.0',
    argv: [ '/usr/local/bin/node', '/app/backend/server.js' ],
    memoryUsage: {
      rss: 92270592,
      heapTotal: 35155968,
      heapUsed: 31563008,
      external: 20954970,
      arrayBuffers: 18278918
    }
  },
  os: { loadavg: [ 4.46, 2.77, 1.66 ], uptime: 1000.54 },
  trace: [
    {
      column: 37,
      file: 'file:///app/backend/routes/uploadRoutes.js',
      function: null,
      line: 8,
      method: null,
      native: false
    },
    {
      column: 5,
      file: '/app/node_modules/express/lib/router/layer.js',
      function: 'Layer.handle [as handle_request]',
      line: 95,
      method: 'handle [as handle_request]',
      native: false
    },
    {
      column: 13,
      file: '/app/node_modules/express/lib/router/route.js',
      function: 'next',
      line: 149,
      method: null,
      native: false
    },
    {
      column: 41,
      file: '/app/node_modules/multer/lib/make-middleware.js',
      function: 'multerMiddleware',
      line: 13,
      method: null,
      native: false
    },
    {
      column: 5,
      file: '/app/node_modules/express/lib/router/layer.js',
      function: 'Layer.handle [as handle_request]',
      line: 95,
      method: 'handle [as handle_request]',
      native: false
    },
    {
      column: 13,
      file: '/app/node_modules/express/lib/router/route.js',
      function: 'next',
      line: 149,
      method: null,
      native: false
    },
    {
      column: 3,
      file: '/app/node_modules/express/lib/router/route.js',
      function: 'Route.dispatch',
      line: 119,
      method: 'dispatch',
      native: false
    },
    {
      column: 5,
      file: '/app/node_modules/express/lib/router/layer.js',
      function: 'Layer.handle [as handle_request]',
      line: 95,
      method: 'handle [as handle_request]',
      native: false
    },
    {
      column: 15,
      file: '/app/node_modules/express/lib/router/index.js',
      function: null,
      line: 284,
      method: null,
      native: false
    },
    {
      column: 12,
      file: '/app/node_modules/express/lib/router/index.js',
      function: 'Function.process_params',
      line: 346,
      method: 'process_params',
      native: false
    },
    {
      column: 10,
      file: '/app/node_modules/express/lib/router/index.js',
      function: 'next',
      line: 280,
      method: null,
      native: false
    },
    {
      column: 3,
      file: '/app/node_modules/express/lib/router/index.js',
      function: 'Function.handle',
      line: 175,
      method: 'handle',
      native: false
    },
    {
      column: 12,
      file: '/app/node_modules/express/lib/router/index.js',
      function: 'router',
      line: 47,
      method: null,
      native: false
    },
    {
      column: 5,
      file: '/app/node_modules/express/lib/router/layer.js',
      function: 'Layer.handle [as handle_request]',
      line: 95,
      method: 'handle [as handle_request]',
      native: false
    },
    {
      column: 13,
      file: '/app/node_modules/express/lib/router/index.js',
      function: 'trim_prefix',
      line: 328,
      method: null,
      native: false
    },
    {
      column: 9,
      file: '/app/node_modules/express/lib/router/index.js',
      function: null,
      line: 286,
      method: null,
      native: false
    }
  ],
  timestamp: '2024-05-29 11:54:14.342 AM'
}
{
  method: 'GET',
  url: '/api/v1/test',
  status: 200,
  content_length: '25',
  response_time: 1.852,
  level: 'http',
  message: 'incoming-request',
  timestamp: '2024-05-29 12:07:37.479 PM'
}
{
  method: 'GET',
  url: '/api/v1/test',
  status: 200,
  content_length: '25',
  response_time: 0.309,
  level: 'http',
  message: 'incoming-request',
  timestamp: '2024-05-29 12:07:46.476 PM'
}
{
  method: 'PATCH',
  url: '/api/v1/upload',
  status: 200,
  content_length: '34',
  response_time: 4.871,
  level: 'http',
  message: 'incoming-request',
  timestamp: '2024-05-29 12:09:42.167 PM'
}
{
  method: 'PATCH',
  url: '/api/v1/upload',
  status: 200,
  content_length: '34',
  response_time: 1.048,
  level: 'http',
  message: 'incoming-request',
  timestamp: '2024-05-29 12:09:42.945 PM'
}
{
  method: 'PATCH',
  url: '/api/v1/upload',
  status: 200,
  content_length: '34',
  response_time: 4.994,
  level: 'http',
  message: 'incoming-request',
  timestamp: '2024-05-29 12:11:40.358 PM'
}
{
  method: 'PATCH',
  url: '/api/v1/upload',
  status: 200,
  content_length: '34',
  response_time: 1.095,
  level: 'http',
  message: 'incoming-request',
  timestamp: '2024-05-29 12:11:42.081 PM'
}
{
  method: 'PATCH',
  url: '/api/v1/upload',
  status: 200,
  content_length: '105',
  response_time: 2071.603,
  level: 'http',
  message: 'incoming-request',
  timestamp: '2024-05-29 12:11:49.510 PM'
}
{
  method: 'PATCH',
  url: '/api/v1/upload',
  status: 200,
  content_length: '105',
  response_time: 1392.1,
  level: 'http',
  message: 'incoming-request',
  timestamp: '2024-05-29 12:12:04.900 PM'
}
{
  method: 'PATCH',
  url: '/api/v1/upload',
  status: 500,
  content_length: '27',
  response_time: 3.931,
  level: 'http',
  message: 'incoming-request',
  timestamp: '2024-05-29 12:20:23.656 PM'
}
{
  method: 'PATCH',
  url: '/api/v1/upload',
  status: 500,
  content_length: '27',
  response_time: 0.572,
  level: 'http',
  message: 'incoming-request',
  timestamp: '2024-05-29 12:20:25.745 PM'
}
{
  method: 'PATCH',
  url: '/api/v1/upload',
  status: 200,
  content_length: '115',
  response_time: 1281.49,
  level: 'http',
  message: 'incoming-request',
  timestamp: '2024-05-29 12:21:03.156 PM'
}
{
  method: 'PATCH',
  url: '/api/v1/upload',
  status: 200,
  content_length: '115',
  response_time: 1458.867,
  level: 'http',
  message: 'incoming-request',
  timestamp: '2024-05-29 12:25:07.910 PM'
}
