{
  method: 'GET',
  url: '/api/v1/property/666720f01ed8af0105a0d444',
  status: 304,
  response_time: 56.562,
  level: 'http',
  message: 'incoming-request',
  timestamp: '2024-06-19 02:49:26.878 PM'
}
{
  method: 'GET',
  url: '/api/v1/property/all?page=0',
  status: 304,
  response_time: 109.38,
  level: 'http',
  message: 'incoming-request',
  timestamp: '2024-06-19 02:49:26.923 PM'
}
{
  method: 'POST',
  url: '/api/v1/auth/register',
  status: 200,
  content_length: '149',
  response_time: 391.489,
  level: 'http',
  message: 'incoming-request',
  timestamp: '2024-06-19 03:07:55.254 PM'
}
{
  method: 'POST',
  url: '/api/v1/auth/register',
  status: 200,
  content_length: '153',
  response_time: 370.917,
  level: 'http',
  message: 'incoming-request',
  timestamp: '2024-06-19 03:34:43.410 PM'
}
{
  method: 'POST',
  url: '/api/v1/auth/register',
  status: 200,
  content_length: '148',
  response_time: 391.114,
  level: 'http',
  message: 'incoming-request',
  timestamp: '2024-06-19 03:44:58.930 PM'
}
{
  method: 'POST',
  url: '/api/v1/auth/register',
  status: 200,
  content_length: '151',
  response_time: 349.627,
  level: 'http',
  message: 'incoming-request',
  timestamp: '2024-06-19 03:45:28.620 PM'
}
{
  method: 'POST',
  url: '/api/v1/auth/register',
  status: 200,
  content_length: '154',
  response_time: 338.796,
  level: 'http',
  message: 'incoming-request',
  timestamp: '2024-06-19 03:46:18.780 PM'
}
{
  method: 'POST',
  url: '/api/v1/auth/register',
  status: 200,
  content_length: '588',
  response_time: 63.35,
  level: 'http',
  message: 'incoming-request',
  timestamp: '2024-06-19 03:53:31.317 PM'
}
{
  method: 'POST',
  url: '/api/v1/auth/register',
  status: 200,
  content_length: '152',
  response_time: 374.044,
  level: 'http',
  message: 'incoming-request',
  timestamp: '2024-06-19 03:57:47.538 PM'
}
{
  method: 'GET',
  url: '/api/v1/property/666720f01ed8af0105a0d444',
  status: 304,
  response_time: 51.716,
  level: 'http',
  message: 'incoming-request',
  timestamp: '2024-06-19 04:00:12.787 PM'
}
{
  method: 'GET',
  url: '/api/v1/property/all?page=0',
  status: 304,
  response_time: 101.224,
  level: 'http',
  message: 'incoming-request',
  timestamp: '2024-06-19 04:00:12.835 PM'
}
{
  method: 'GET',
  url: '/api/v1/property/666720f01ed8af0105a0d444',
  status: 304,
  response_time: 52.225,
  level: 'http',
  message: 'incoming-request',
  timestamp: '2024-06-19 04:00:21.575 PM'
}
{
  method: 'GET',
  url: '/api/v1/property/all?page=0',
  status: 304,
  response_time: 104.428,
  level: 'http',
  message: 'incoming-request',
  timestamp: '2024-06-19 04:00:21.625 PM'
}
{
  method: 'GET',
  url: '/api/v1/property/666720f01ed8af0105a0d444',
  status: 304,
  response_time: 49.373,
  level: 'http',
  message: 'incoming-request',
  timestamp: '2024-06-19 04:00:24.924 PM'
}
{
  method: 'GET',
  url: '/api/v1/property/all?page=0',
  status: 304,
  response_time: 98.664,
  level: 'http',
  message: 'incoming-request',
  timestamp: '2024-06-19 04:00:24.972 PM'
}
{
  method: 'GET',
  url: '/api/v1/property/666720f01ed8af0105a0d444',
  status: 304,
  response_time: 58.215,
  level: 'http',
  message: 'incoming-request',
  timestamp: '2024-06-19 04:00:28.419 PM'
}
{
  method: 'GET',
  url: '/api/v1/property/all?page=0',
  status: 304,
  response_time: 99.074,
  level: 'http',
  message: 'incoming-request',
  timestamp: '2024-06-19 04:00:28.458 PM'
}
{
  method: 'GET',
  url: '/api/v1/property/666720f01ed8af0105a0d444',
  status: 304,
  response_time: 50.244,
  level: 'http',
  message: 'incoming-request',
  timestamp: '2024-06-19 04:03:08.315 PM'
}
{
  method: 'GET',
  url: '/api/v1/property/all?page=0',
  status: 304,
  response_time: 100.001,
  level: 'http',
  message: 'incoming-request',
  timestamp: '2024-06-19 04:03:08.366 PM'
}
{
  method: 'GET',
  url: '/api/v1/property/666720f01ed8af0105a0d444',
  status: 304,
  response_time: 50.223,
  level: 'http',
  message: 'incoming-request',
  timestamp: '2024-06-19 04:03:18.684 PM'
}
{
  method: 'GET',
  url: '/api/v1/property/all?page=0',
  status: 304,
  response_time: 109.371,
  level: 'http',
  message: 'incoming-request',
  timestamp: '2024-06-19 04:03:18.741 PM'
}
{
  method: 'GET',
  url: '/api/v1/property/666720f01ed8af0105a0d444',
  status: 304,
  response_time: 49.938,
  level: 'http',
  message: 'incoming-request',
  timestamp: '2024-06-19 04:03:27.498 PM'
}
{
  method: 'GET',
  url: '/api/v1/property/all?page=0',
  status: 304,
  response_time: 102.689,
  level: 'http',
  message: 'incoming-request',
  timestamp: '2024-06-19 04:03:27.549 PM'
}
{
  method: 'GET',
  url: '/api/v1/property/666720f01ed8af0105a0d444',
  status: 304,
  response_time: 50.508,
  level: 'http',
  message: 'incoming-request',
  timestamp: '2024-06-19 04:03:51.722 PM'
}
{
  method: 'GET',
  url: '/api/v1/property/all?page=0',
  status: 304,
  response_time: 100.409,
  level: 'http',
  message: 'incoming-request',
  timestamp: '2024-06-19 04:03:51.769 PM'
}
{
  method: 'GET',
  url: '/api/v1/property/666720f01ed8af0105a0d444',
  status: 304,
  response_time: 49.955,
  level: 'http',
  message: 'incoming-request',
  timestamp: '2024-06-19 04:36:51.490 PM'
}
{
  method: 'GET',
  url: '/api/v1/property/all?page=0',
  status: 304,
  response_time: 99.186,
  level: 'http',
  message: 'incoming-request',
  timestamp: '2024-06-19 04:36:51.538 PM'
}
{
  method: 'GET',
  url: '/api/v1/property/666720f01ed8af0105a0d444',
  status: 304,
  response_time: 52.302,
  level: 'http',
  message: 'incoming-request',
  timestamp: '2024-06-19 04:37:06.803 PM'
}
{
  method: 'GET',
  url: '/api/v1/property/all?page=0',
  status: 304,
  response_time: 101.227,
  level: 'http',
  message: 'incoming-request',
  timestamp: '2024-06-19 04:37:06.850 PM'
}
{
  method: 'GET',
  url: '/api/v1/property/666720f01ed8af0105a0d444',
  status: 304,
  response_time: 49.433,
  level: 'http',
  message: 'incoming-request',
  timestamp: '2024-06-19 04:37:15.613 PM'
}
{
  method: 'GET',
  url: '/api/v1/property/all?page=0',
  status: 304,
  response_time: 98.384,
  level: 'http',
  message: 'incoming-request',
  timestamp: '2024-06-19 04:37:15.661 PM'
}
{
  method: 'GET',
  url: '/api/v1/property/666720f01ed8af0105a0d444',
  status: 304,
  response_time: 49.502,
  level: 'http',
  message: 'incoming-request',
  timestamp: '2024-06-19 04:37:21.430 PM'
}
{
  method: 'GET',
  url: '/api/v1/property/all?page=0',
  status: 304,
  response_time: 101.363,
  level: 'http',
  message: 'incoming-request',
  timestamp: '2024-06-19 04:37:21.480 PM'
}
{
  method: 'GET',
  url: '/api/v1/auth/google',
  status: 404,
  content_length: '1935',
  response_time: 0.496,
  level: 'http',
  message: 'incoming-request',
  timestamp: '2024-06-19 04:40:01.253 PM'
}
{
  method: 'GET',
  url: '/favicon.ico',
  status: 404,
  content_length: '1936',
  response_time: 0.349,
  level: 'http',
  message: 'incoming-request',
  timestamp: '2024-06-19 04:40:01.502 PM'
}
{
  method: 'GET',
  url: '/api/v1/auth/google',
  status: 404,
  content_length: '1935',
  response_time: 0.324,
  level: 'http',
  message: 'incoming-request',
  timestamp: '2024-06-19 04:41:37.140 PM'
}
{
  method: 'GET',
  url: '/api/v1/auth/google',
  status: 404,
  content_length: '1935',
  response_time: 2.083,
  level: 'http',
  message: 'incoming-request',
  timestamp: '2024-06-19 04:43:11.556 PM'
}
{
  method: 'GET',
  url: '/api/v1/auth/google',
  status: 404,
  content_length: '1935',
  response_time: 2.083,
  level: 'http',
  message: 'incoming-request',
  timestamp: '2024-06-19 04:44:42.655 PM'
}
{
  method: 'GET',
  url: '/api/v1/auth/google',
  status: 404,
  content_length: '1935',
  response_time: 0.641,
  level: 'http',
  message: 'incoming-request',
  timestamp: '2024-06-19 04:44:43.627 PM'
}
{
  method: 'GET',
  url: '/api/v1/auth/google',
  status: 404,
  content_length: '1935',
  response_time: 0.412,
  level: 'http',
  message: 'incoming-request',
  timestamp: '2024-06-19 04:44:44.163 PM'
}
{
  method: 'GET',
  url: '/favicon.ico',
  status: 404,
  content_length: '1936',
  response_time: 0.471,
  level: 'http',
  message: 'incoming-request',
  timestamp: '2024-06-19 04:44:44.422 PM'
}
{
  method: 'GET',
  url: '/api/v1/auth/google',
  status: 404,
  content_length: '1935',
  response_time: 0.319,
  level: 'http',
  message: 'incoming-request',
  timestamp: '2024-06-19 04:45:23.581 PM'
}
{
  method: 'GET',
  url: '/api/v1/auth/google',
  status: 404,
  content_length: '1935',
  response_time: 0.322,
  level: 'http',
  message: 'incoming-request',
  timestamp: '2024-06-19 04:45:24.394 PM'
}
{
  method: 'GET',
  url: '/api/v1/auth/google',
  status: 404,
  content_length: '1935',
  response_time: 0.35,
  level: 'http',
  message: 'incoming-request',
  timestamp: '2024-06-19 04:45:24.902 PM'
}
{
  method: 'GET',
  url: '/favicon.ico',
  status: 404,
  content_length: '1936',
  response_time: 0.397,
  level: 'http',
  message: 'incoming-request',
  timestamp: '2024-06-19 04:45:25.147 PM'
}
{
  method: 'GET',
  url: '/api/v1/auth/google',
  status: 404,
  content_length: '1935',
  response_time: 0.317,
  level: 'http',
  message: 'incoming-request',
  timestamp: '2024-06-19 04:45:25.379 PM'
}
{
  method: 'GET',
  url: '/favicon.ico',
  status: 404,
  content_length: '1936',
  response_time: 0.37,
  level: 'http',
  message: 'incoming-request',
  timestamp: '2024-06-19 04:45:25.630 PM'
}
{
  method: 'GET',
  url: '/api/v1/auth/google',
  status: 404,
  content_length: '1935',
  response_time: 0.303,
  level: 'http',
  message: 'incoming-request',
  timestamp: '2024-06-19 04:45:25.670 PM'
}
{
  method: 'GET',
  url: '/api/v1/auth/google',
  status: 404,
  content_length: '1935',
  response_time: 0.401,
  level: 'http',
  message: 'incoming-request',
  timestamp: '2024-06-19 04:45:25.857 PM'
}
{
  method: 'GET',
  url: '/api/v1/auth/google',
  status: 404,
  content_length: '1935',
  response_time: 0.411,
  level: 'http',
  message: 'incoming-request',
  timestamp: '2024-06-19 04:45:26.136 PM'
}
{
  method: 'GET',
  url: '/favicon.ico',
  status: 404,
  content_length: '1936',
  response_time: 0.363,
  level: 'http',
  message: 'incoming-request',
  timestamp: '2024-06-19 04:45:26.161 PM'
}
{
  method: 'GET',
  url: '/api/v1/auth/google',
  status: 404,
  content_length: '1935',
  response_time: 0.292,
  level: 'http',
  message: 'incoming-request',
  timestamp: '2024-06-19 04:45:26.301 PM'
}
{
  method: 'GET',
  url: '/api/v1/auth/google',
  status: 404,
  content_length: '1935',
  response_time: 0.263,
  level: 'http',
  message: 'incoming-request',
  timestamp: '2024-06-19 04:45:26.507 PM'
}
{
  method: 'GET',
  url: '/favicon.ico',
  status: 404,
  content_length: '1936',
  response_time: 0.48,
  level: 'http',
  message: 'incoming-request',
  timestamp: '2024-06-19 04:45:26.827 PM'
}
{
  method: 'GET',
  url: '/api/v1/auth/google',
  status: 302,
  content_length: '0',
  response_time: 1.535,
  level: 'http',
  message: 'incoming-request',
  timestamp: '2024-06-19 04:46:09.097 PM'
}
{
  method: 'GET',
  url: '/api/v1/auth/google/redirect?code=4%2F0ATx3LY4Gv38NN7A2ZP6nHBqKoLCn8p15R-uaphYLQNRZKML0UJZ6LaWotvD9w-OexMGEMg&scope=email+profile+openid+https%3A%2F%2Fwww.googleapis.com%2Fauth%2Fuserinfo.profile+https%3A%2F%2Fwww.googleapis.com%2Fauth%2Fuserinfo.email&authuser=0&prompt=consent',
  status: 200,
  content_length: '594',
  response_time: 357.625,
  level: 'http',
  message: 'incoming-request',
  timestamp: '2024-06-19 04:46:13.738 PM'
}
{
  method: 'GET',
  url: '/api/v1/auth/google/redirect?code=4%2F0ATx3LY6G-I4Z-2uWOhfOwEnYOIzDu4a_Pscqr8FO11ObxZImcrzoz2NnJ0RG4BsShJ2N6w&scope=email+profile+openid+https%3A%2F%2Fwww.googleapis.com%2Fauth%2Fuserinfo.profile+https%3A%2F%2Fwww.googleapis.com%2Fauth%2Fuserinfo.email&authuser=0&prompt=consent',
  status: 200,
  content_length: '594',
  response_time: 351.858,
  level: 'http',
  message: 'incoming-request',
  timestamp: '2024-06-19 04:46:36.916 PM'
}
{
  method: 'GET',
  url: '/api/v1/auth/google/redirect?code=4%2F0ATx3LY6G-I4Z-2uWOhfOwEnYOIzDu4a_Pscqr8FO11ObxZImcrzoz2NnJ0RG4BsShJ2N6w&scope=email+profile+openid+https%3A%2F%2Fwww.googleapis.com%2Fauth%2Fuserinfo.profile+https%3A%2F%2Fwww.googleapis.com%2Fauth%2Fuserinfo.email&authuser=0&prompt=consent',
  status: 200,
  content_length: '982',
  response_time: 138.686,
  level: 'http',
  message: 'incoming-request',
  timestamp: '2024-06-19 04:48:00.825 PM'
}
{
  method: 'GET',
  url: '/api/v1/auth/google/redirect?code=4%2F0ATx3LY5CHNrFnlmritGlBTbAofnH9LPuOekch0CKvsVbx1t3NUe7BXzcUHeUFqtM29C2Rg&scope=email+profile+openid+https%3A%2F%2Fwww.googleapis.com%2Fauth%2Fuserinfo.profile+https%3A%2F%2Fwww.googleapis.com%2Fauth%2Fuserinfo.email&authuser=0&prompt=consent',
  status: 200,
  content_length: '594',
  response_time: 326.827,
  level: 'http',
  message: 'incoming-request',
  timestamp: '2024-06-19 04:48:05.230 PM'
}
{
  method: 'GET',
  url: '/api/v1/auth/google/redirect?code=4%2F0ATx3LY6u2eYKyCGEjBeb44A_4znbPsd4OvtinTTTqo23Mh-LosxcgaNLmGNr4_2CF3OS0w&scope=email+profile+openid+https%3A%2F%2Fwww.googleapis.com%2Fauth%2Fuserinfo.profile+https%3A%2F%2Fwww.googleapis.com%2Fauth%2Fuserinfo.email&authuser=0&prompt=consent',
  status: 200,
  content_length: '684',
  response_time: 362.137,
  level: 'http',
  message: 'incoming-request',
  timestamp: '2024-06-19 04:48:35.502 PM'
}
{
  method: 'GET',
  url: '/favicon.ico',
  status: 404,
  content_length: '1936',
  response_time: 0.498,
  level: 'http',
  message: 'incoming-request',
  timestamp: '2024-06-19 04:48:35.910 PM'
}
{
  method: 'GET',
  url: '/api/v1/auth/google/redirect?code=4%2F0ATx3LY6u2eYKyCGEjBeb44A_4znbPsd4OvtinTTTqo23Mh-LosxcgaNLmGNr4_2CF3OS0w&scope=email+profile+openid+https%3A%2F%2Fwww.googleapis.com%2Fauth%2Fuserinfo.profile+https%3A%2F%2Fwww.googleapis.com%2Fauth%2Fuserinfo.email&authuser=0&prompt=consent',
  status: 200,
  content_length: '982',
  response_time: 117.888,
  level: 'http',
  message: 'incoming-request',
  timestamp: '2024-06-19 04:49:06.777 PM'
}
{
  method: 'GET',
  url: '/api/v1/auth/google/redirect?code=4%2F0ATx3LY5RWy67VlBF0eya_Aa8o_k6iASaMkNp4wnA7DG5CCeDEp7A2zZrIcZat1y81G3VSw&scope=email+profile+openid+https%3A%2F%2Fwww.googleapis.com%2Fauth%2Fuserinfo.profile+https%3A%2F%2Fwww.googleapis.com%2Fauth%2Fuserinfo.email&authuser=0&prompt=consent',
  status: 200,
  content_length: '684',
  response_time: 280.393,
  level: 'http',
  message: 'incoming-request',
  timestamp: '2024-06-19 04:49:11.197 PM'
}
{
  method: 'GET',
  url: '/api/v1/auth/google/redirect?code=4%2F0ATx3LY5Y4vgJgIOHf3I7IW6zwg9lln0wufql9gvcCHYzHKx4_AqPfUnENmAmahml6H8H5g&scope=email+profile+openid+https%3A%2F%2Fwww.googleapis.com%2Fauth%2Fuserinfo.profile+https%3A%2F%2Fwww.googleapis.com%2Fauth%2Fuserinfo.email&authuser=0&prompt=consent',
  status: 200,
  content_length: '684',
  response_time: 351.834,
  level: 'http',
  message: 'incoming-request',
  timestamp: '2024-06-19 04:49:34.824 PM'
}
{
  method: 'GET',
  url: '/api/v1/auth/google/redirect?code=4%2F0ATx3LY7oi2Fv_aVbgJkxuFxs1FozXxFIcY7dpvIJPNpmeUlBC6io4MloOSO1H1TGeTjZ0w&scope=email+profile+openid+https%3A%2F%2Fwww.googleapis.com%2Fauth%2Fuserinfo.profile+https%3A%2F%2Fwww.googleapis.com%2Fauth%2Fuserinfo.email&authuser=0&prompt=consent',
  status: 200,
  content_length: '684',
  response_time: 343.403,
  level: 'http',
  message: 'incoming-request',
  timestamp: '2024-06-19 04:52:12.142 PM'
}
{
  method: 'GET',
  url: '/api/v1/auth/google/redirect?code=4%2F0ATx3LY7oi2Fv_aVbgJkxuFxs1FozXxFIcY7dpvIJPNpmeUlBC6io4MloOSO1H1TGeTjZ0w&scope=email+profile+openid+https%3A%2F%2Fwww.googleapis.com%2Fauth%2Fuserinfo.profile+https%3A%2F%2Fwww.googleapis.com%2Fauth%2Fuserinfo.email&authuser=0&prompt=consent',
  status: 200,
  content_length: '982',
  response_time: 116.836,
  level: 'http',
  message: 'incoming-request',
  timestamp: '2024-06-19 04:53:26.384 PM'
}
{
  method: 'GET',
  url: '/api/v1/auth/google/redirect?code=4%2F0ATx3LY5qz7iwBdK57odSrXJ6c8kTG3oFZM-x_4491ry8OEuNGp-WWGWd3p0M-vJXzmKQzQ&scope=email+profile+openid+https%3A%2F%2Fwww.googleapis.com%2Fauth%2Fuserinfo.profile+https%3A%2F%2Fwww.googleapis.com%2Fauth%2Fuserinfo.email&authuser=0&prompt=consent',
  status: 200,
  content_length: '684',
  response_time: 280.718,
  level: 'http',
  message: 'incoming-request',
  timestamp: '2024-06-19 04:53:29.214 PM'
}
{
  method: 'GET',
  url: '/api/v1/auth/google/redirect?code=4%2F0ATx3LY5qz7iwBdK57odSrXJ6c8kTG3oFZM-x_4491ry8OEuNGp-WWGWd3p0M-vJXzmKQzQ&scope=email+profile+openid+https%3A%2F%2Fwww.googleapis.com%2Fauth%2Fuserinfo.profile+https%3A%2F%2Fwww.googleapis.com%2Fauth%2Fuserinfo.email&authuser=0&prompt=consent',
  status: 200,
  content_length: '982',
  response_time: 129.122,
  level: 'http',
  message: 'incoming-request',
  timestamp: '2024-06-19 04:54:00.393 PM'
}
{
  method: 'GET',
  url: '/api/v1/auth/google/redirect?code=4%2F0ATx3LY52HjSTm7fVlPHtEPQ8bTeq4WBlnj5spdy5dH-mFSovgSjKaEU6Tuu2DBCPtQOkJA&scope=email+profile+openid+https%3A%2F%2Fwww.googleapis.com%2Fauth%2Fuserinfo.profile+https%3A%2F%2Fwww.googleapis.com%2Fauth%2Fuserinfo.email&authuser=0&prompt=consent',
  status: 200,
  content_length: '597',
  response_time: 510.784,
  level: 'http',
  message: 'incoming-request',
  timestamp: '2024-06-19 04:54:08.930 PM'
}
{
  method: 'GET',
  url: '/dashboard',
  status: 404,
  content_length: '1932',
  response_time: 0.71,
  level: 'http',
  message: 'incoming-request',
  timestamp: '2024-06-19 04:54:09.181 PM'
}
{
  method: 'GET',
  url: '/favicon.ico',
  status: 404,
  content_length: '1936',
  response_time: 0.345,
  level: 'http',
  message: 'incoming-request',
  timestamp: '2024-06-19 04:54:09.562 PM'
}
