{
  method: 'POST',
  url: '/api/v1/auth/register',
  status: 201,
  content_length: '267',
  response_time: 181.018,
  level: 'http',
  message: 'incoming-request',
  timestamp: '2025-05-13 12:29:18.952 AM'
}
{
  method: 'POST',
  url: '/api/v1/auth/register',
  status: 400,
  content_length: '89',
  response_time: 10.373,
  level: 'http',
  message: 'incoming-request',
  timestamp: '2025-05-13 12:29:18.987 AM'
}
{
  method: 'POST',
  url: '/api/v1/auth/register',
  status: 400,
  content_length: '89',
  response_time: 12.01,
  level: 'http',
  message: 'incoming-request',
  timestamp: '2025-05-13 12:29:19.014 AM'
}
{
  method: 'POST',
  url: '/api/v1/auth/register',
  status: 400,
  content_length: '106',
  response_time: 1.15,
  level: 'http',
  message: 'incoming-request',
  timestamp: '2025-05-13 12:29:19.029 AM'
}
{
  method: 'POST',
  url: '/api/v1/auth/register',
  status: 400,
  content_length: '106',
  response_time: 0.994,
  level: 'http',
  message: 'incoming-request',
  timestamp: '2025-05-13 12:29:19.044 AM'
}
{
  method: 'POST',
  url: '/api/v1/auth/register',
  status: 201,
  content_length: '267',
  response_time: 176.176,
  level: 'http',
  message: 'incoming-request',
  timestamp: '2025-05-13 12:30:01.551 AM'
}
{
  method: 'POST',
  url: '/api/v1/auth/register',
  status: 400,
  content_length: '89',
  response_time: 7.532,
  level: 'http',
  message: 'incoming-request',
  timestamp: '2025-05-13 12:30:01.583 AM'
}
{
  method: 'POST',
  url: '/api/v1/auth/register',
  status: 400,
  content_length: '89',
  response_time: 6.851,
  level: 'http',
  message: 'incoming-request',
  timestamp: '2025-05-13 12:30:01.604 AM'
}
{
  method: 'POST',
  url: '/api/v1/auth/register',
  status: 400,
  content_length: '106',
  response_time: 1.214,
  level: 'http',
  message: 'incoming-request',
  timestamp: '2025-05-13 12:30:01.619 AM'
}
{
  method: 'POST',
  url: '/api/v1/auth/register',
  status: 400,
  content_length: '106',
  response_time: 0.887,
  level: 'http',
  message: 'incoming-request',
  timestamp: '2025-05-13 12:30:01.634 AM'
}
{
  method: 'POST',
  url: '/api/v1/auth/register',
  status: 201,
  content_length: '267',
  response_time: 170.895,
  level: 'http',
  message: 'incoming-request',
  timestamp: '2025-05-13 12:32:09.276 AM'
}
{
  method: 'POST',
  url: '/api/v1/auth/register',
  status: 400,
  content_length: '89',
  response_time: 8.087,
  level: 'http',
  message: 'incoming-request',
  timestamp: '2025-05-13 12:32:09.308 AM'
}
{
  method: 'POST',
  url: '/api/v1/auth/register',
  status: 400,
  content_length: '89',
  response_time: 15.479,
  level: 'http',
  message: 'incoming-request',
  timestamp: '2025-05-13 12:32:09.339 AM'
}
{
  method: 'POST',
  url: '/api/v1/auth/register',
  status: 400,
  content_length: '106',
  response_time: 1.204,
  level: 'http',
  message: 'incoming-request',
  timestamp: '2025-05-13 12:32:09.355 AM'
}
{
  method: 'POST',
  url: '/api/v1/auth/register',
  status: 400,
  content_length: '106',
  response_time: 1.481,
  level: 'http',
  message: 'incoming-request',
  timestamp: '2025-05-13 12:32:09.376 AM'
}
{
  method: 'POST',
  url: '/api/v1/auth/register',
  status: 201,
  content_length: '267',
  response_time: 184.117,
  level: 'http',
  message: 'incoming-request',
  timestamp: '2025-05-13 12:32:39.110 AM'
}
{
  method: 'POST',
  url: '/api/v1/auth/register',
  status: 400,
  content_length: '89',
  response_time: 8.599,
  level: 'http',
  message: 'incoming-request',
  timestamp: '2025-05-13 12:32:39.141 AM'
}
{
  method: 'POST',
  url: '/api/v1/auth/register',
  status: 400,
  content_length: '89',
  response_time: 6.734,
  level: 'http',
  message: 'incoming-request',
  timestamp: '2025-05-13 12:32:39.160 AM'
}
{
  method: 'POST',
  url: '/api/v1/auth/register',
  status: 400,
  content_length: '106',
  response_time: 1.156,
  level: 'http',
  message: 'incoming-request',
  timestamp: '2025-05-13 12:32:39.176 AM'
}
{
  method: 'POST',
  url: '/api/v1/auth/register',
  status: 400,
  content_length: '106',
  response_time: 0.9,
  level: 'http',
  message: 'incoming-request',
  timestamp: '2025-05-13 12:32:39.188 AM'
}
{
  method: 'POST',
  url: '/api/v1/auth/register',
  status: 201,
  content_length: '267',
  response_time: 186.573,
  level: 'http',
  message: 'incoming-request',
  timestamp: '2025-05-13 12:33:36.150 AM'
}
{
  method: 'POST',
  url: '/api/v1/auth/register',
  status: 400,
  content_length: '89',
  response_time: 7.963,
  level: 'http',
  message: 'incoming-request',
  timestamp: '2025-05-13 12:33:36.181 AM'
}
{
  method: 'POST',
  url: '/api/v1/auth/register',
  status: 400,
  content_length: '89',
  response_time: 5.177,
  level: 'http',
  message: 'incoming-request',
  timestamp: '2025-05-13 12:33:36.197 AM'
}
{
  method: 'POST',
  url: '/api/v1/auth/register',
  status: 400,
  content_length: '106',
  response_time: 1.194,
  level: 'http',
  message: 'incoming-request',
  timestamp: '2025-05-13 12:33:36.214 AM'
}
{
  method: 'POST',
  url: '/api/v1/auth/register',
  status: 400,
  content_length: '106',
  response_time: 0.939,
  level: 'http',
  message: 'incoming-request',
  timestamp: '2025-05-13 12:33:36.228 AM'
}
{
  method: 'POST',
  url: '/api/v1/auth/register',
  status: 201,
  content_length: '266',
  response_time: 187.012,
  level: 'http',
  message: 'incoming-request',
  timestamp: '2025-05-13 12:39:04.180 AM'
}
{
  method: 'POST',
  url: '/api/v1/auth/register',
  status: 400,
  content_length: '89',
  response_time: 7.361,
  level: 'http',
  message: 'incoming-request',
  timestamp: '2025-05-13 12:39:04.214 AM'
}
{
  method: 'POST',
  url: '/api/v1/auth/register',
  status: 400,
  content_length: '106',
  response_time: 1.158,
  level: 'http',
  message: 'incoming-request',
  timestamp: '2025-05-13 12:39:04.231 AM'
}
{
  method: 'POST',
  url: '/api/v1/auth/register',
  status: 201,
  content_length: '267',
  response_time: 182.113,
  level: 'http',
  message: 'incoming-request',
  timestamp: '2025-05-13 12:39:05.878 AM'
}
{
  method: 'POST',
  url: '/api/v1/auth/register',
  status: 400,
  content_length: '89',
  response_time: 5.64,
  level: 'http',
  message: 'incoming-request',
  timestamp: '2025-05-13 12:39:05.899 AM'
}
{
  method: 'POST',
  url: '/api/v1/auth/register',
  status: 400,
  content_length: '89',
  response_time: 5.246,
  level: 'http',
  message: 'incoming-request',
  timestamp: '2025-05-13 12:39:05.915 AM'
}
{
  method: 'POST',
  url: '/api/v1/auth/register',
  status: 400,
  content_length: '106',
  response_time: 0.793,
  level: 'http',
  message: 'incoming-request',
  timestamp: '2025-05-13 12:39:05.930 AM'
}
{
  method: 'POST',
  url: '/api/v1/auth/register',
  status: 400,
  content_length: '106',
  response_time: 0.762,
  level: 'http',
  message: 'incoming-request',
  timestamp: '2025-05-13 12:39:05.942 AM'
}
{
  method: 'POST',
  url: '/api/v1/auth/register',
  status: 201,
  content_length: '267',
  response_time: 169.45,
  level: 'http',
  message: 'incoming-request',
  timestamp: '2025-05-13 12:40:05.739 AM'
}
{
  method: 'POST',
  url: '/api/v1/auth/register',
  status: 400,
  content_length: '89',
  response_time: 7.086,
  level: 'http',
  message: 'incoming-request',
  timestamp: '2025-05-13 12:40:05.772 AM'
}
{
  method: 'POST',
  url: '/api/v1/auth/register',
  status: 400,
  content_length: '89',
  response_time: 5.014,
  level: 'http',
  message: 'incoming-request',
  timestamp: '2025-05-13 12:40:05.789 AM'
}
{
  method: 'POST',
  url: '/api/v1/auth/register',
  status: 400,
  content_length: '106',
  response_time: 1.217,
  level: 'http',
  message: 'incoming-request',
  timestamp: '2025-05-13 12:40:05.807 AM'
}
{
  method: 'POST',
  url: '/api/v1/auth/register',
  status: 400,
  content_length: '106',
  response_time: 0.879,
  level: 'http',
  message: 'incoming-request',
  timestamp: '2025-05-13 12:40:05.819 AM'
}
{
  method: 'POST',
  url: '/api/v1/auth/register',
  status: 201,
  content_length: '267',
  response_time: 188.065,
  level: 'http',
  message: 'incoming-request',
  timestamp: '2025-05-13 12:41:15.106 AM'
}
{
  method: 'POST',
  url: '/api/v1/auth/register',
  status: 400,
  content_length: '89',
  response_time: 7.853,
  level: 'http',
  message: 'incoming-request',
  timestamp: '2025-05-13 12:41:15.141 AM'
}
{
  method: 'POST',
  url: '/api/v1/auth/register',
  status: 400,
  content_length: '89',
  response_time: 13.699,
  level: 'http',
  message: 'incoming-request',
  timestamp: '2025-05-13 12:41:15.168 AM'
}
{
  method: 'POST',
  url: '/api/v1/auth/register',
  status: 400,
  content_length: '106',
  response_time: 1.135,
  level: 'http',
  message: 'incoming-request',
  timestamp: '2025-05-13 12:41:15.184 AM'
}
{
  method: 'POST',
  url: '/api/v1/auth/register',
  status: 400,
  content_length: '106',
  response_time: 1.248,
  level: 'http',
  message: 'incoming-request',
  timestamp: '2025-05-13 12:41:15.196 AM'
}
{
  method: 'POST',
  url: '/api/v1/auth/register',
  status: 201,
  content_length: '267',
  response_time: 178.695,
  level: 'http',
  message: 'incoming-request',
  timestamp: '2025-05-13 12:42:15.627 AM'
}
{
  method: 'POST',
  url: '/api/v1/auth/register',
  status: 400,
  content_length: '89',
  response_time: 7.897,
  level: 'http',
  message: 'incoming-request',
  timestamp: '2025-05-13 12:42:15.662 AM'
}
{
  method: 'POST',
  url: '/api/v1/auth/register',
  status: 400,
  content_length: '89',
  response_time: 12.45,
  level: 'http',
  message: 'incoming-request',
  timestamp: '2025-05-13 12:42:15.690 AM'
}
{
  method: 'POST',
  url: '/api/v1/auth/register',
  status: 400,
  content_length: '106',
  response_time: 1.262,
  level: 'http',
  message: 'incoming-request',
  timestamp: '2025-05-13 12:42:15.706 AM'
}
{
  method: 'POST',
  url: '/api/v1/auth/register',
  status: 400,
  content_length: '106',
  response_time: 1.011,
  level: 'http',
  message: 'incoming-request',
  timestamp: '2025-05-13 12:42:15.720 AM'
}
