{
  message: 'Server on 1997 running. NodeENV: development  ',
  level: 'info',
  timestamp: '2024-12-05 01:09:34.004 PM'
}
{
  method: 'GET',
  url: '/api/v1/property/666720f01ed8af0105a0d444',
  status: 304,
  response_time: 79.848,
  level: 'http',
  message: 'incoming-request',
  timestamp: '2024-12-05 01:17:00.286 PM'
}
{
  method: 'GET',
  url: '/api/v1/property/?page=1',
  status: 200,
  content_length: '3505',
  response_time: 145.213,
  level: 'http',
  message: 'incoming-request',
  timestamp: '2024-12-05 01:17:00.365 PM'
}
{
  method: 'GET',
  url: '/api/v1/user/profile',
  status: 200,
  content_length: '1064',
  response_time: 149.192,
  level: 'http',
  message: 'incoming-request',
  timestamp: '2024-12-05 01:20:21.351 PM'
}
{
  method: 'GET',
  url: '/api/v1/user/profile',
  status: 304,
  response_time: 114.221,
  level: 'http',
  message: 'incoming-request',
  timestamp: '2024-12-05 01:20:28.582 PM'
}
{
  method: 'GET',
  url: '/api/v1/property/?page=1',
  status: 200,
  content_length: '3505',
  response_time: 183.959,
  level: 'http',
  message: 'incoming-request',
  timestamp: '2024-12-05 01:20:30.275 PM'
}
{
  method: 'GET',
  url: '/api/v1/property/?page=1',
  status: 200,
  content_length: '3505',
  response_time: 117.926,
  level: 'http',
  message: 'incoming-request',
  timestamp: '2024-12-05 01:20:36.612 PM'
}
{
  method: 'GET',
  url: '/api/v1/property/667d33dce9317340ae958b44',
  status: 200,
  content_length: '599',
  response_time: 64.41,
  level: 'http',
  message: 'incoming-request',
  timestamp: '2024-12-05 01:20:41.752 PM'
}
{
  method: 'GET',
  url: '/api/v1/property/?page=1',
  status: 200,
  content_length: '3505',
  response_time: 124.157,
  level: 'http',
  message: 'incoming-request',
  timestamp: '2024-12-05 01:20:45.697 PM'
}
{
  method: 'GET',
  url: '/api/v1/property/?page=2',
  status: 200,
  content_length: '3087',
  response_time: 163.861,
  level: 'http',
  message: 'incoming-request',
  timestamp: '2024-12-05 01:20:47.308 PM'
}
{
  method: 'GET',
  url: '/api/v1/property/?page=2',
  status: 200,
  content_length: '3087',
  response_time: 234.209,
  level: 'http',
  message: 'incoming-request',
  timestamp: '2024-12-05 01:20:54.107 PM'
}
{
  method: 'GET',
  url: '/api/v1/user/profile',
  status: 304,
  response_time: 183.187,
  level: 'http',
  message: 'incoming-request',
  timestamp: '2024-12-05 01:21:01.341 PM'
}
{
  method: 'GET',
  url: '/api/v1/property/?page=1',
  status: 200,
  content_length: '3505',
  response_time: 138.695,
  level: 'http',
  message: 'incoming-request',
  timestamp: '2024-12-05 01:21:02.032 PM'
}
{
  method: 'GET',
  url: '/api/v1/property/?page=3',
  status: 200,
  content_length: '3009',
  response_time: 150.835,
  level: 'http',
  message: 'incoming-request',
  timestamp: '2024-12-05 01:21:04.618 PM'
}
{
  method: 'GET',
  url: '/api/v1/property/?page=1',
  status: 200,
  content_length: '3505',
  response_time: 109.954,
  level: 'http',
  message: 'incoming-request',
  timestamp: '2024-12-05 01:21:10.153 PM'
}
{
  method: 'GET',
  url: '/api/v1/auth/logout',
  status: 204,
  response_time: 1.106,
  level: 'http',
  message: 'incoming-request',
  timestamp: '2024-12-05 01:21:12.687 PM'
}
{
  method: 'GET',
  url: '/api/v1/property/666720f01ed8af0105a0d444',
  status: 304,
  response_time: 55.828,
  level: 'http',
  message: 'incoming-request',
  timestamp: '2024-12-05 01:21:12.800 PM'
}
{
  method: 'GET',
  url: '/api/v1/property/?page=1',
  status: 200,
  content_length: '3505',
  response_time: 120.157,
  level: 'http',
  message: 'incoming-request',
  timestamp: '2024-12-05 01:21:12.867 PM'
}
{
  method: 'POST',
  url: '/api/v1/auth/login',
  status: 500,
  content_length: '303',
  response_time: 99.834,
  level: 'http',
  message: 'incoming-request',
  timestamp: '2024-12-05 01:21:35.323 PM'
}
{
  method: 'POST',
  url: '/api/v1/auth/login',
  status: 200,
  content_length: '471',
  response_time: 418.555,
  level: 'http',
  message: 'incoming-request',
  timestamp: '2024-12-05 01:21:44.686 PM'
}
{
  method: 'GET',
  url: '/api/v1/user/profile',
  status: 200,
  content_length: '1238',
  response_time: 595.637,
  level: 'http',
  message: 'incoming-request',
  timestamp: '2024-12-05 01:21:45.371 PM'
}
{
  method: 'GET',
  url: '/api/v1/property/?page=1',
  status: 200,
  content_length: '3505',
  response_time: 121.919,
  level: 'http',
  message: 'incoming-request',
  timestamp: '2024-12-05 01:21:47.708 PM'
}
{
  method: 'GET',
  url: '/api/v1/property/?page=2',
  status: 200,
  content_length: '3087',
  response_time: 133.152,
  level: 'http',
  message: 'incoming-request',
  timestamp: '2024-12-05 01:21:50.062 PM'
}
{
  method: 'GET',
  url: '/api/v1/property/?page=3',
  status: 304,
  response_time: 119.33,
  level: 'http',
  message: 'incoming-request',
  timestamp: '2024-12-05 01:21:52.275 PM'
}
{
  method: 'GET',
  url: '/api/v1/property/?page=4',
  status: 200,
  content_length: '3484',
  response_time: 161.602,
  level: 'http',
  message: 'incoming-request',
  timestamp: '2024-12-05 01:21:55.396 PM'
}
{
  method: 'GET',
  url: '/api/v1/property/?page=4',
  status: 304,
  response_time: 120.401,
  level: 'http',
  message: 'incoming-request',
  timestamp: '2024-12-05 01:23:55.364 PM'
}
{
  method: 'GET',
  url: '/api/v1/property/?page=4',
  status: 304,
  response_time: 112.723,
  level: 'http',
  message: 'incoming-request',
  timestamp: '2024-12-05 01:24:56.824 PM'
}
{
  method: 'GET',
  url: '/api/v1/property/?page=4',
  status: 304,
  response_time: 114.164,
  level: 'http',
  message: 'incoming-request',
  timestamp: '2024-12-05 01:25:18.240 PM'
}
{
  method: 'GET',
  url: '/api/v1/property/?page=4',
  status: 304,
  response_time: 117.186,
  level: 'http',
  message: 'incoming-request',
  timestamp: '2024-12-05 01:26:47.260 PM'
}
{
  method: 'GET',
  url: '/api/v1/property/?page=4',
  status: 304,
  response_time: 141.355,
  level: 'http',
  message: 'incoming-request',
  timestamp: '2024-12-05 01:27:40.804 PM'
}
{
  method: 'GET',
  url: '/api/v1/property/?page=4',
  status: 304,
  response_time: 155.646,
  level: 'http',
  message: 'incoming-request',
  timestamp: '2024-12-05 01:28:16.060 PM'
}
{
  method: 'GET',
  url: '/api/v1/property/?page=4',
  status: 304,
  response_time: 120.973,
  level: 'http',
  message: 'incoming-request',
  timestamp: '2024-12-05 01:28:31.674 PM'
}
{
  method: 'GET',
  url: '/api/v1/property/?page=4',
  status: 500,
  content_length: '1619',
  response_time: 30178.447,
  level: 'http',
  message: 'incoming-request',
  timestamp: '2024-12-05 01:30:57.307 PM'
}
{
  method: 'GET',
  url: '/api/v1/property/?page=4',
  status: 200,
  content_length: '3484',
  response_time: 20397.107,
  level: 'http',
  message: 'incoming-request',
  timestamp: '2024-12-05 01:32:57.978 PM'
}
{
  method: 'GET',
  url: '/api/v1/property/?page=4',
  status: 304,
  response_time: 212.103,
  level: 'http',
  message: 'incoming-request',
  timestamp: '2024-12-05 01:34:30.092 PM'
}
{
  method: 'GET',
  url: '/api/v1/property/?page=4',
  status: 304,
  response_time: 324.389,
  level: 'http',
  message: 'incoming-request',
  timestamp: '2024-12-05 01:36:14.754 PM'
}
{
  method: 'GET',
  url: '/api/v1/property/?page=4',
  status: 304,
  response_time: 280.166,
  level: 'http',
  message: 'incoming-request',
  timestamp: '2024-12-05 01:36:39.571 PM'
}
{
  method: 'GET',
  url: '/api/v1/property/?page=4',
  status: 304,
  response_time: 263.512,
  level: 'http',
  message: 'incoming-request',
  timestamp: '2024-12-05 01:36:43.928 PM'
}
{
  method: 'GET',
  url: '/api/v1/property/?page=4',
  status: 304,
  response_time: 233.856,
  level: 'http',
  message: 'incoming-request',
  timestamp: '2024-12-05 01:40:47.992 PM'
}
{
  method: 'GET',
  url: '/api/v1/property/?page=4',
  status: 304,
  response_time: 216.942,
  level: 'http',
  message: 'incoming-request',
  timestamp: '2024-12-05 01:40:55.674 PM'
}
{
  method: 'GET',
  url: '/api/v1/property/?page=4',
  status: 304,
  response_time: 179.419,
  level: 'http',
  message: 'incoming-request',
  timestamp: '2024-12-05 01:41:07.913 PM'
}
{
  method: 'GET',
  url: '/api/v1/property/?page=1',
  status: 200,
  content_length: '3505',
  response_time: 288.93,
  level: 'http',
  message: 'incoming-request',
  timestamp: '2024-12-05 01:41:26.555 PM'
}
{
  method: 'GET',
  url: '/api/v1/property/?page=2',
  status: 200,
  content_length: '3087',
  response_time: 207.631,
  level: 'http',
  message: 'incoming-request',
  timestamp: '2024-12-05 01:41:29.114 PM'
}
{
  method: 'GET',
  url: '/api/v1/property/666720f01ed8af0105a0d444',
  status: 304,
  response_time: 1093.904,
  level: 'http',
  message: 'incoming-request',
  timestamp: '2024-12-05 01:41:54.510 PM'
}
{
  method: 'GET',
  url: '/api/v1/property/666720f01ed8af0105a0d444',
  status: 304,
  response_time: 5858.394,
  level: 'http',
  message: 'incoming-request',
  timestamp: '2024-12-05 02:14:10.644 PM'
}
{
  method: 'GET',
  url: '/api/v1/property/?page=1',
  status: 200,
  content_length: '3505',
  response_time: 6041.504,
  level: 'http',
  message: 'incoming-request',
  timestamp: '2024-12-05 02:14:10.833 PM'
}
{
  method: 'GET',
  url: '/api/v1/property/666720f01ed8af0105a0d444',
  status: 304,
  response_time: 1065.871,
  level: 'http',
  message: 'incoming-request',
  timestamp: '2024-12-05 02:37:21.361 PM'
}
{
  method: 'GET',
  url: '/api/v1/property/?page=1',
  status: 200,
  content_length: '3505',
  response_time: 1125.791,
  level: 'http',
  message: 'incoming-request',
  timestamp: '2024-12-05 02:37:21.427 PM'
}
{
  method: 'GET',
  url: '/api/v1/property/?page=1',
  status: 0,
  response_time: '0',
  level: 'http',
  message: 'incoming-request',
  timestamp: '2024-12-05 02:56:11.168 PM'
}
{
  method: 'GET',
  url: '/api/v1/property/666720f01ed8af0105a0d444',
  status: 0,
  response_time: '0',
  level: 'http',
  message: 'incoming-request',
  timestamp: '2024-12-05 02:56:11.172 PM'
}
{
  method: 'GET',
  url: '/api/v1/property/666720f01ed8af0105a0d444',
  status: 200,
  content_length: '647',
  response_time: 138.02,
  level: 'http',
  message: 'incoming-request',
  timestamp: '2024-12-05 02:56:13.134 PM'
}
{
  method: 'GET',
  url: '/api/v1/property/?page=1',
  status: 200,
  content_length: '3505',
  response_time: 220.008,
  level: 'http',
  message: 'incoming-request',
  timestamp: '2024-12-05 02:56:13.218 PM'
}
