{
  message: 'Server on 1997 running. NodeENV: development  ',
  level: 'info',
  timestamp: '2024-11-13 10:26:13.190 AM'
}
{
  method: 'GET',
  url: '/api/v1/property/666720f01ed8af0105a0d444',
  status: 200,
  content_length: '572',
  response_time: 62.216,
  level: 'http',
  message: 'incoming-request',
  timestamp: '2024-11-13 10:26:37.436 AM'
}
{
  method: 'GET',
  url: '/api/v1/property/?page=1',
  status: 200,
  content_length: '3367',
  response_time: 114.912,
  level: 'http',
  message: 'incoming-request',
  timestamp: '2024-11-13 10:26:37.495 AM'
}
{
  method: 'GET',
  url: '/api/v1/user/profile',
  status: 304,
  response_time: 110.45,
  level: 'http',
  message: 'incoming-request',
  timestamp: '2024-11-13 10:26:38.820 AM'
}
{
  method: 'GET',
  url: '/api/v1/user/profile',
  status: 304,
  response_time: 105.906,
  level: 'http',
  message: 'incoming-request',
  timestamp: '2024-11-13 10:28:23.866 AM'
}
{
  method: 'GET',
  url: '/api/v1/user/profile',
  status: 304,
  response_time: 107.277,
  level: 'http',
  message: 'incoming-request',
  timestamp: '2024-11-13 10:39:13.552 AM'
}
{
  method: 'GET',
  url: '/api/v1/user/profile',
  status: 304,
  response_time: 106.22,
  level: 'http',
  message: 'incoming-request',
  timestamp: '2024-11-13 10:39:20.014 AM'
}
{
  method: 'GET',
  url: '/api/v1/user/profile',
  status: 304,
  response_time: 106.132,
  level: 'http',
  message: 'incoming-request',
  timestamp: '2024-11-13 10:39:30.081 AM'
}
{
  method: 'GET',
  url: '/api/v1/user/profile',
  status: 304,
  response_time: 105.71,
  level: 'http',
  message: 'incoming-request',
  timestamp: '2024-11-13 10:41:17.061 AM'
}
{
  method: 'GET',
  url: '/api/v1/user/profile',
  status: 304,
  response_time: 107.097,
  level: 'http',
  message: 'incoming-request',
  timestamp: '2024-11-13 10:42:03.531 AM'
}
{
  method: 'GET',
  url: '/api/v1/user/profile',
  status: 304,
  response_time: 104.821,
  level: 'http',
  message: 'incoming-request',
  timestamp: '2024-11-13 10:42:04.284 AM'
}
{
  method: 'GET',
  url: '/api/v1/user/profile',
  status: 304,
  response_time: 105.753,
  level: 'http',
  message: 'incoming-request',
  timestamp: '2024-11-13 10:42:21.777 AM'
}
{
  method: 'GET',
  url: '/api/v1/user/profile',
  status: 304,
  response_time: 104.727,
  level: 'http',
  message: 'incoming-request',
  timestamp: '2024-11-13 10:42:24.091 AM'
}
{
  method: 'GET',
  url: '/api/v1/user/profile',
  status: 304,
  response_time: 104.836,
  level: 'http',
  message: 'incoming-request',
  timestamp: '2024-11-13 10:42:25.760 AM'
}
{
  method: 'GET',
  url: '/api/v1/user/profile',
  status: 304,
  response_time: 104.857,
  level: 'http',
  message: 'incoming-request',
  timestamp: '2024-11-13 10:42:28.119 AM'
}
{
  method: 'GET',
  url: '/api/v1/user/profile',
  status: 304,
  response_time: 104.895,
  level: 'http',
  message: 'incoming-request',
  timestamp: '2024-11-13 10:42:32.882 AM'
}
{
  method: 'GET',
  url: '/api/v1/user/profile',
  status: 304,
  response_time: 105.276,
  level: 'http',
  message: 'incoming-request',
  timestamp: '2024-11-13 10:42:58.755 AM'
}
{
  method: 'GET',
  url: '/api/v1/user/profile',
  status: 304,
  response_time: 106.273,
  level: 'http',
  message: 'incoming-request',
  timestamp: '2024-11-13 10:43:02.266 AM'
}
{
  method: 'GET',
  url: '/api/v1/user/profile',
  status: 304,
  response_time: 105.433,
  level: 'http',
  message: 'incoming-request',
  timestamp: '2024-11-13 10:43:06.256 AM'
}
{
  method: 'GET',
  url: '/api/v1/user/profile',
  status: 304,
  response_time: 114.24,
  level: 'http',
  message: 'incoming-request',
  timestamp: '2024-11-13 10:43:21.911 AM'
}
{
  method: 'GET',
  url: '/api/v1/user/profile',
  status: 304,
  response_time: 105.064,
  level: 'http',
  message: 'incoming-request',
  timestamp: '2024-11-13 10:43:25.829 AM'
}
{
  method: 'GET',
  url: '/api/v1/user/profile',
  status: 304,
  response_time: 104.444,
  level: 'http',
  message: 'incoming-request',
  timestamp: '2024-11-13 10:43:28.347 AM'
}
{
  method: 'GET',
  url: '/api/v1/user/profile',
  status: 304,
  response_time: 396.316,
  level: 'http',
  message: 'incoming-request',
  timestamp: '2024-11-13 10:43:32.448 AM'
}
{
  method: 'GET',
  url: '/api/v1/user/profile',
  status: 304,
  response_time: 112.943,
  level: 'http',
  message: 'incoming-request',
  timestamp: '2024-11-13 10:43:33.469 AM'
}
{
  method: 'GET',
  url: '/api/v1/user/profile',
  status: 304,
  response_time: 104.887,
  level: 'http',
  message: 'incoming-request',
  timestamp: '2024-11-13 10:43:43.390 AM'
}
{
  method: 'GET',
  url: '/api/v1/user/profile',
  status: 304,
  response_time: 118.94,
  level: 'http',
  message: 'incoming-request',
  timestamp: '2024-11-13 10:43:46.287 AM'
}
{
  method: 'GET',
  url: '/api/v1/user/profile',
  status: 304,
  response_time: 104.141,
  level: 'http',
  message: 'incoming-request',
  timestamp: '2024-11-13 10:43:49.654 AM'
}
{
  method: 'GET',
  url: '/api/v1/user/profile',
  status: 304,
  response_time: 105.401,
  level: 'http',
  message: 'incoming-request',
  timestamp: '2024-11-13 10:43:55.067 AM'
}
{
  method: 'GET',
  url: '/api/v1/user/profile',
  status: 304,
  response_time: 108.526,
  level: 'http',
  message: 'incoming-request',
  timestamp: '2024-11-13 10:44:09.889 AM'
}
{
  method: 'GET',
  url: '/api/v1/user/profile',
  status: 304,
  response_time: 104.819,
  level: 'http',
  message: 'incoming-request',
  timestamp: '2024-11-13 10:44:21.115 AM'
}
{
  method: 'GET',
  url: '/api/v1/user/profile',
  status: 304,
  response_time: 105.7,
  level: 'http',
  message: 'incoming-request',
  timestamp: '2024-11-13 10:44:35.228 AM'
}
{
  method: 'GET',
  url: '/api/v1/user/profile',
  status: 304,
  response_time: 104.774,
  level: 'http',
  message: 'incoming-request',
  timestamp: '2024-11-13 10:44:43.684 AM'
}
{
  method: 'GET',
  url: '/api/v1/user/profile',
  status: 304,
  response_time: 105.031,
  level: 'http',
  message: 'incoming-request',
  timestamp: '2024-11-13 10:44:45.518 AM'
}
{
  method: 'GET',
  url: '/api/v1/user/profile',
  status: 304,
  response_time: 110.914,
  level: 'http',
  message: 'incoming-request',
  timestamp: '2024-11-13 10:44:46.026 AM'
}
{
  method: 'GET',
  url: '/api/v1/user/profile',
  status: 304,
  response_time: 105.187,
  level: 'http',
  message: 'incoming-request',
  timestamp: '2024-11-13 10:44:54.723 AM'
}
{
  method: 'GET',
  url: '/api/v1/user/profile',
  status: 304,
  response_time: 104.815,
  level: 'http',
  message: 'incoming-request',
  timestamp: '2024-11-13 10:51:02.976 AM'
}
{
  method: 'GET',
  url: '/api/v1/user/profile',
  status: 304,
  response_time: 104.269,
  level: 'http',
  message: 'incoming-request',
  timestamp: '2024-11-13 10:51:05.326 AM'
}
{
  method: 'GET',
  url: '/api/v1/user/profile',
  status: 304,
  response_time: 104.583,
  level: 'http',
  message: 'incoming-request',
  timestamp: '2024-11-13 10:51:17.209 AM'
}
{
  method: 'GET',
  url: '/api/v1/user/profile',
  status: 304,
  response_time: 105.931,
  level: 'http',
  message: 'incoming-request',
  timestamp: '2024-11-13 10:51:24.577 AM'
}
{
  method: 'GET',
  url: '/api/v1/user/profile',
  status: 304,
  response_time: 104.59,
  level: 'http',
  message: 'incoming-request',
  timestamp: '2024-11-13 10:53:09.445 AM'
}
{
  method: 'GET',
  url: '/api/v1/user/profile',
  status: 304,
  response_time: 104.41,
  level: 'http',
  message: 'incoming-request',
  timestamp: '2024-11-13 10:53:11.871 AM'
}
{
  method: 'GET',
  url: '/api/v1/user/profile',
  status: 304,
  response_time: 104.408,
  level: 'http',
  message: 'incoming-request',
  timestamp: '2024-11-13 10:53:13.411 AM'
}
{
  method: 'GET',
  url: '/api/v1/user/profile',
  status: 304,
  response_time: 105.153,
  level: 'http',
  message: 'incoming-request',
  timestamp: '2024-11-13 10:53:15.855 AM'
}
{
  method: 'GET',
  url: '/api/v1/user/profile',
  status: 304,
  response_time: 104.569,
  level: 'http',
  message: 'incoming-request',
  timestamp: '2024-11-13 10:53:20.015 AM'
}
{
  method: 'GET',
  url: '/api/v1/user/profile',
  status: 304,
  response_time: 104.488,
  level: 'http',
  message: 'incoming-request',
  timestamp: '2024-11-13 10:53:20.588 AM'
}
{
  method: 'GET',
  url: '/api/v1/user/profile',
  status: 304,
  response_time: 104.537,
  level: 'http',
  message: 'incoming-request',
  timestamp: '2024-11-13 10:53:20.955 AM'
}
{
  method: 'GET',
  url: '/api/v1/user/profile',
  status: 304,
  response_time: 104.691,
  level: 'http',
  message: 'incoming-request',
  timestamp: '2024-11-13 10:53:21.132 AM'
}
{
  method: 'GET',
  url: '/api/v1/user/profile',
  status: 304,
  response_time: 104.184,
  level: 'http',
  message: 'incoming-request',
  timestamp: '2024-11-13 10:53:21.312 AM'
}
{
  method: 'GET',
  url: '/api/v1/user/profile',
  status: 304,
  response_time: 105.514,
  level: 'http',
  message: 'incoming-request',
  timestamp: '2024-11-13 10:53:22.237 AM'
}
{
  method: 'GET',
  url: '/api/v1/user/profile',
  status: 304,
  response_time: 110.805,
  level: 'http',
  message: 'incoming-request',
  timestamp: '2024-11-13 10:54:06.764 AM'
}
{
  method: 'GET',
  url: '/api/v1/user/profile',
  status: 304,
  response_time: 104.733,
  level: 'http',
  message: 'incoming-request',
  timestamp: '2024-11-13 10:54:14.541 AM'
}
{
  method: 'GET',
  url: '/api/v1/user/profile',
  status: 304,
  response_time: 104.623,
  level: 'http',
  message: 'incoming-request',
  timestamp: '2024-11-13 10:54:16.294 AM'
}
{
  method: 'GET',
  url: '/api/v1/user/profile',
  status: 304,
  response_time: 104.711,
  level: 'http',
  message: 'incoming-request',
  timestamp: '2024-11-13 10:54:16.755 AM'
}
{
  method: 'GET',
  url: '/api/v1/user/profile',
  status: 304,
  response_time: 104.573,
  level: 'http',
  message: 'incoming-request',
  timestamp: '2024-11-13 10:54:16.966 AM'
}
{
  method: 'GET',
  url: '/api/v1/user/profile',
  status: 304,
  response_time: 104.652,
  level: 'http',
  message: 'incoming-request',
  timestamp: '2024-11-13 10:54:17.509 AM'
}
{
  method: 'GET',
  url: '/api/v1/user/profile',
  status: 304,
  response_time: 105.396,
  level: 'http',
  message: 'incoming-request',
  timestamp: '2024-11-13 10:54:28.639 AM'
}
{
  method: 'GET',
  url: '/api/v1/user/profile',
  status: 304,
  response_time: 105.134,
  level: 'http',
  message: 'incoming-request',
  timestamp: '2024-11-13 10:54:45.027 AM'
}
{
  method: 'GET',
  url: '/api/v1/user/profile',
  status: 304,
  response_time: 104.79,
  level: 'http',
  message: 'incoming-request',
  timestamp: '2024-11-13 10:55:15.577 AM'
}
{
  method: 'GET',
  url: '/api/v1/user/profile',
  status: 304,
  response_time: 104.531,
  level: 'http',
  message: 'incoming-request',
  timestamp: '2024-11-13 10:55:27.105 AM'
}
{
  method: 'GET',
  url: '/api/v1/user/profile',
  status: 304,
  response_time: 105.88,
  level: 'http',
  message: 'incoming-request',
  timestamp: '2024-11-13 10:55:27.852 AM'
}
{
  method: 'GET',
  url: '/api/v1/user/profile',
  status: 304,
  response_time: 104.54,
  level: 'http',
  message: 'incoming-request',
  timestamp: '2024-11-13 10:55:28.038 AM'
}
{
  method: 'GET',
  url: '/api/v1/user/profile',
  status: 304,
  response_time: 105.04,
  level: 'http',
  message: 'incoming-request',
  timestamp: '2024-11-13 10:55:29.292 AM'
}
{
  method: 'GET',
  url: '/api/v1/user/profile',
  status: 304,
  response_time: 112.341,
  level: 'http',
  message: 'incoming-request',
  timestamp: '2024-11-13 10:55:44.697 AM'
}
{
  method: 'GET',
  url: '/api/v1/user/profile',
  status: 304,
  response_time: 105.627,
  level: 'http',
  message: 'incoming-request',
  timestamp: '2024-11-13 10:55:57.882 AM'
}
{
  method: 'GET',
  url: '/api/v1/user/profile',
  status: 304,
  response_time: 105.322,
  level: 'http',
  message: 'incoming-request',
  timestamp: '2024-11-13 10:56:53.688 AM'
}
{
  method: 'GET',
  url: '/api/v1/user/profile',
  status: 304,
  response_time: 130.708,
  level: 'http',
  message: 'incoming-request',
  timestamp: '2024-11-13 10:56:54.721 AM'
}
{
  method: 'GET',
  url: '/api/v1/user/profile',
  status: 304,
  response_time: 104.611,
  level: 'http',
  message: 'incoming-request',
  timestamp: '2024-11-13 10:56:58.825 AM'
}
{
  method: 'GET',
  url: '/api/v1/property/666720f01ed8af0105a0d444',
  status: 200,
  content_length: '572',
  response_time: 63.371,
  level: 'http',
  message: 'incoming-request',
  timestamp: '2024-11-13 10:57:16.414 AM'
}
{
  method: 'GET',
  url: '/api/v1/property/?page=1',
  status: 200,
  content_length: '3367',
  response_time: 117.843,
  level: 'http',
  message: 'incoming-request',
  timestamp: '2024-11-13 10:57:16.472 AM'
}
{
  method: 'GET',
  url: '/api/v1/auth/logout',
  status: 200,
  content_length: '79',
  response_time: 130.845,
  level: 'http',
  message: 'incoming-request',
  timestamp: '2024-11-13 10:57:16.479 AM'
}
{
  method: 'POST',
  url: '/api/v1/auth/login',
  status: 200,
  content_length: '347',
  response_time: 186.226,
  level: 'http',
  message: 'incoming-request',
  timestamp: '2024-11-13 10:57:20.343 AM'
}
{
  method: 'GET',
  url: '/api/v1/user/profile',
  status: 200,
  content_length: '885',
  response_time: 104.324,
  level: 'http',
  message: 'incoming-request',
  timestamp: '2024-11-13 10:57:20.496 AM'
}
{
  method: 'GET',
  url: '/api/v1/user/profile',
  status: 304,
  response_time: 105.174,
  level: 'http',
  message: 'incoming-request',
  timestamp: '2024-11-13 11:00:08.556 AM'
}
{
  method: 'GET',
  url: '/api/v1/user/profile',
  status: 304,
  response_time: 104.887,
  level: 'http',
  message: 'incoming-request',
  timestamp: '2024-11-13 11:00:45.091 AM'
}
{
  method: 'GET',
  url: '/api/v1/user/profile',
  status: 304,
  response_time: 111.099,
  level: 'http',
  message: 'incoming-request',
  timestamp: '2024-11-13 11:00:52.474 AM'
}
{
  method: 'GET',
  url: '/api/v1/user/profile',
  status: 304,
  response_time: 104.715,
  level: 'http',
  message: 'incoming-request',
  timestamp: '2024-11-13 11:00:53.311 AM'
}
{
  method: 'GET',
  url: '/api/v1/user/profile',
  status: 304,
  response_time: 106.683,
  level: 'http',
  message: 'incoming-request',
  timestamp: '2024-11-13 11:01:09.280 AM'
}
{
  method: 'GET',
  url: '/api/v1/user/profile',
  status: 304,
  response_time: 108.827,
  level: 'http',
  message: 'incoming-request',
  timestamp: '2024-11-13 11:01:10.579 AM'
}
{
  method: 'GET',
  url: '/api/v1/user/profile',
  status: 304,
  response_time: 104.782,
  level: 'http',
  message: 'incoming-request',
  timestamp: '2024-11-13 11:01:14.708 AM'
}
{
  method: 'GET',
  url: '/api/v1/user/profile',
  status: 304,
  response_time: 150.39,
  level: 'http',
  message: 'incoming-request',
  timestamp: '2024-11-13 11:01:16.602 AM'
}
{
  method: 'GET',
  url: '/api/v1/user/profile',
  status: 304,
  response_time: 105.578,
  level: 'http',
  message: 'incoming-request',
  timestamp: '2024-11-13 11:03:08.956 AM'
}
{
  method: 'GET',
  url: '/api/v1/user/profile',
  status: 304,
  response_time: 104.533,
  level: 'http',
  message: 'incoming-request',
  timestamp: '2024-11-13 11:03:14.338 AM'
}
{
  method: 'GET',
  url: '/api/v1/user/profile',
  status: 304,
  response_time: 106.058,
  level: 'http',
  message: 'incoming-request',
  timestamp: '2024-11-13 11:04:39.055 AM'
}
{
  method: 'GET',
  url: '/api/v1/user/profile',
  status: 304,
  response_time: 105.671,
  level: 'http',
  message: 'incoming-request',
  timestamp: '2024-11-13 11:08:37.031 AM'
}
{
  method: 'GET',
  url: '/api/v1/user/profile',
  status: 304,
  response_time: 105.088,
  level: 'http',
  message: 'incoming-request',
  timestamp: '2024-11-13 11:08:50.772 AM'
}
{
  method: 'GET',
  url: '/api/v1/user/profile',
  status: 304,
  response_time: 106.09,
  level: 'http',
  message: 'incoming-request',
  timestamp: '2024-11-13 11:09:11.418 AM'
}
{
  method: 'GET',
  url: '/api/v1/user/profile',
  status: 304,
  response_time: 104.685,
  level: 'http',
  message: 'incoming-request',
  timestamp: '2024-11-13 11:09:12.317 AM'
}
{
  method: 'GET',
  url: '/api/v1/user/profile',
  status: 304,
  response_time: 105.493,
  level: 'http',
  message: 'incoming-request',
  timestamp: '2024-11-13 11:09:19.547 AM'
}
{
  message: 'Server on 1997 running. NodeENV: development  ',
  level: 'info',
  timestamp: '2024-11-13 04:29:07.078 PM'
}
{
  method: 'GET',
  url: '/api/v1/user/profile',
  status: 304,
  response_time: 231.475,
  level: 'http',
  message: 'incoming-request',
  timestamp: '2024-11-13 04:33:45.961 PM'
}
{
  method: 'GET',
  url: '/api/v1/user/profile',
  status: 304,
  response_time: 258.229,
  level: 'http',
  message: 'incoming-request',
  timestamp: '2024-11-13 04:34:02.528 PM'
}
{
  method: 'GET',
  url: '/api/v1/user/profile',
  status: 304,
  response_time: 227.258,
  level: 'http',
  message: 'incoming-request',
  timestamp: '2024-11-13 04:34:05.304 PM'
}
{
  method: 'GET',
  url: '/api/v1/user/profile',
  status: 304,
  response_time: 261.295,
  level: 'http',
  message: 'incoming-request',
  timestamp: '2024-11-13 04:34:07.951 PM'
}
{
  method: 'GET',
  url: '/api/v1/user/profile',
  status: 304,
  response_time: 284.177,
  level: 'http',
  message: 'incoming-request',
  timestamp: '2024-11-13 04:34:09.135 PM'
}
{
  method: 'GET',
  url: '/api/v1/user/profile',
  status: 0,
  response_time: '0',
  level: 'http',
  message: 'incoming-request',
  timestamp: '2024-11-13 04:34:10.778 PM'
}
{
  method: 'GET',
  url: '/api/v1/user/profile',
  status: 200,
  content_length: '885',
  response_time: 297.234,
  level: 'http',
  message: 'incoming-request',
  timestamp: '2024-11-13 04:34:11.858 PM'
}
{
  method: 'GET',
  url: '/api/v1/user/profile',
  status: 304,
  response_time: 229.381,
  level: 'http',
  message: 'incoming-request',
  timestamp: '2024-11-13 04:34:16.432 PM'
}
{
  method: 'GET',
  url: '/api/v1/user/profile',
  status: 304,
  response_time: 283.245,
  level: 'http',
  message: 'incoming-request',
  timestamp: '2024-11-13 04:38:17.377 PM'
}
{
  method: 'GET',
  url: '/api/v1/user/profile',
  status: 304,
  response_time: 296.356,
  level: 'http',
  message: 'incoming-request',
  timestamp: '2024-11-13 04:38:29.976 PM'
}
{
  errno: -4077,
  code: 'ECONNRESET',
  syscall: 'read',
  level: 'error',
  timestamp: '2024-11-13 05:24:35.347 PM'
}
{
  message: 'Server on 1997 running. NodeENV: development  ',
  level: 'info',
  timestamp: '2024-11-13 05:52:23.270 PM'
}
{
  method: 'GET',
  url: '/api/v1/user/profile',
  status: 304,
  response_time: 111.865,
  level: 'http',
  message: 'incoming-request',
  timestamp: '2024-11-13 05:52:24.649 PM'
}
{
  method: 'POST',
  url: '/api/v1/auth/login',
  status: 200,
  content_length: '347',
  response_time: 194.184,
  level: 'http',
  message: 'incoming-request',
  timestamp: '2024-11-13 05:59:04.708 PM'
}
{
  method: 'PATCH',
  url: '/api/v1/user/profile',
  status: 200,
  content_length: '51703',
  response_time: 62.491,
  level: 'http',
  message: 'incoming-request',
  timestamp: '2024-11-13 06:00:16.330 PM'
}
{
  method: 'PATCH',
  url: '/api/v1/user/profile',
  status: 200,
  content_length: '51705',
  response_time: 57.219,
  level: 'http',
  message: 'incoming-request',
  timestamp: '2024-11-13 06:05:44.889 PM'
}
{
  method: 'PATCH',
  url: '/api/v1/user/profile',
  status: 200,
  content_length: '51713',
  response_time: 56.681,
  level: 'http',
  message: 'incoming-request',
  timestamp: '2024-11-13 06:12:59.576 PM'
}
{
  message: 'Server on 1997 running. NodeENV: development  ',
  level: 'info',
  timestamp: '2024-11-13 06:14:14.794 PM'
}
{
  message: 'Server on 1997 running. NodeENV: development  ',
  level: 'info',
  timestamp: '2024-11-13 08:03:53.404 PM'
}
{
  message: 'Server on 1997 running. NodeENV: development  ',
  level: 'info',
  timestamp: '2024-11-13 08:10:32.017 PM'
}
{
  method: 'PATCH',
  url: '/api/v1/user/profile',
  status: 200,
  content_length: '51705',
  response_time: 73.999,
  level: 'http',
  message: 'incoming-request',
  timestamp: '2024-11-13 08:17:41.907 PM'
}
{
  message: 'Server on 1997 running. NodeENV: development  ',
  level: 'info',
  timestamp: '2024-11-13 08:22:26.620 PM'
}
{
  message: 'Server on 1997 running. NodeENV: development  ',
  level: 'info',
  timestamp: '2024-11-13 08:36:51.999 PM'
}
{
  message: 'Server on 1997 running. NodeENV: development  ',
  level: 'info',
  timestamp: '2024-11-13 08:37:20.611 PM'
}
{
  method: 'PATCH',
  url: '/api/v1/user/profile',
  status: 400,
  content_length: '350',
  response_time: 121.047,
  level: 'http',
  message: 'incoming-request',
  timestamp: '2024-11-13 08:39:31.185 PM'
}
{
  message: 'Server on 1997 running. NodeENV: development  ',
  level: 'info',
  timestamp: '2024-11-13 08:40:01.406 PM'
}
{
  method: 'PATCH',
  url: '/api/v1/user/profile',
  status: 400,
  content_length: '350',
  response_time: 128.687,
  level: 'http',
  message: 'incoming-request',
  timestamp: '2024-11-13 08:40:01.888 PM'
}
{
  message: 'Server on 1997 running. NodeENV: development  ',
  level: 'info',
  timestamp: '2024-11-13 08:40:42.971 PM'
}
{
  message: 'Server on 1997 running. NodeENV: development  ',
  level: 'info',
  timestamp: '2024-11-13 08:40:50.967 PM'
}
{
  message: 'Server on 1997 running. NodeENV: development  ',
  level: 'info',
  timestamp: '2024-11-13 08:40:58.529 PM'
}
{
  message: 'Server on 1997 running. NodeENV: development  ',
  level: 'info',
  timestamp: '2024-11-13 08:43:08.075 PM'
}
{
  message: 'Server on 1997 running. NodeENV: development  ',
  level: 'info',
  timestamp: '2024-11-13 08:43:18.526 PM'
}
{
  message: 'Server on 1997 running. NodeENV: development  ',
  level: 'info',
  timestamp: '2024-11-13 08:43:51.307 PM'
}
{
  error: Error: You are not allowed to update that field on this route
      at updateUserProfile (D:\Projects\mern-project-typescript\backend\controllers\user\updateUserProfile.ts:44:15)
      at processTicksAndRejections (node:internal/process/task_queues:95:5),
  level: 'error',
  message: 'unhandledRejection: You are not allowed to update that field on this route\n' +
    'Error: You are not allowed to update that field on this route\n' +
    '    at updateUserProfile (D:\\Projects\\mern-project-typescript\\backend\\controllers\\user\\updateUserProfile.ts:44:15)\n' +
    '    at processTicksAndRejections (node:internal/process/task_queues:95:5)',
  stack: 'Error: You are not allowed to update that field on this route\n' +
    '    at updateUserProfile (D:\\Projects\\mern-project-typescript\\backend\\controllers\\user\\updateUserProfile.ts:44:15)\n' +
    '    at processTicksAndRejections (node:internal/process/task_queues:95:5)',
  rejection: true,
  date: 'Wed Nov 13 2024 20:43:55 GMT+0200 (Восточная Европа, стандартное время)',
  process: {
    pid: 14996,
    uid: null,
    gid: null,
    cwd: 'D:\\Projects\\mern-project-typescript',
    execPath: 'C:\\Program Files\\nodejs\\node.exe',
    version: 'v20.12.2',
    argv: [
      'D:\\Projects\\mern-project-typescript\\node_modules\\ts-node\\dist\\bin.js',
      'D:\\Projects\\mern-project-typescript\\backend\\server.ts'
    ],
    memoryUsage: {
      rss: 426078208,
      heapTotal: 373714944,
      heapUsed: 335161520,
      external: 24922900,
      arrayBuffers: 21893710
    }
  },
  os: { loadavg: [ 0, 0, 0 ], uptime: 24887.609 },
  trace: [
    {
      column: 15,
      file: 'D:\\Projects\\mern-project-typescript\\backend\\controllers\\user\\updateUserProfile.ts',
      function: 'updateUserProfile',
      line: 44,
      method: null,
      native: false
    },
    {
      column: 5,
      file: 'node:internal/process/task_queues',
      function: 'processTicksAndRejections',
      line: 95,
      method: null,
      native: false
    }
  ],
  timestamp: '2024-11-13 08:43:55.868 PM'
}
{
  message: 'Server on 1997 running. NodeENV: development  ',
  level: 'info',
  timestamp: '2024-11-13 08:45:18.612 PM'
}
{
  error: Error: You are not allowed to update that field on this route
      at updateUserProfile (D:\Projects\mern-project-typescript\backend\controllers\user\updateUserProfile.ts:44:15)
      at processTicksAndRejections (node:internal/process/task_queues:95:5),
  level: 'error',
  message: 'unhandledRejection: You are not allowed to update that field on this route\n' +
    'Error: You are not allowed to update that field on this route\n' +
    '    at updateUserProfile (D:\\Projects\\mern-project-typescript\\backend\\controllers\\user\\updateUserProfile.ts:44:15)\n' +
    '    at processTicksAndRejections (node:internal/process/task_queues:95:5)',
  stack: 'Error: You are not allowed to update that field on this route\n' +
    '    at updateUserProfile (D:\\Projects\\mern-project-typescript\\backend\\controllers\\user\\updateUserProfile.ts:44:15)\n' +
    '    at processTicksAndRejections (node:internal/process/task_queues:95:5)',
  rejection: true,
  date: 'Wed Nov 13 2024 20:45:21 GMT+0200 (Восточная Европа, стандартное время)',
  process: {
    pid: 22092,
    uid: null,
    gid: null,
    cwd: 'D:\\Projects\\mern-project-typescript',
    execPath: 'C:\\Program Files\\nodejs\\node.exe',
    version: 'v20.12.2',
    argv: [
      'D:\\Projects\\mern-project-typescript\\node_modules\\ts-node\\dist\\bin.js',
      'D:\\Projects\\mern-project-typescript\\backend\\server.ts'
    ],
    memoryUsage: {
      rss: 425521152,
      heapTotal: 373190656,
      heapUsed: 334457304,
      external: 24922916,
      arrayBuffers: 21893726
    }
  },
  os: { loadavg: [ 0, 0, 0 ], uptime: 24973.593 },
  trace: [
    {
      column: 15,
      file: 'D:\\Projects\\mern-project-typescript\\backend\\controllers\\user\\updateUserProfile.ts',
      function: 'updateUserProfile',
      line: 44,
      method: null,
      native: false
    },
    {
      column: 5,
      file: 'node:internal/process/task_queues',
      function: 'processTicksAndRejections',
      line: 95,
      method: null,
      native: false
    }
  ],
  timestamp: '2024-11-13 08:45:21.846 PM'
}
{
  message: 'Server on 1997 running. NodeENV: development  ',
  level: 'info',
  timestamp: '2024-11-13 08:45:44.992 PM'
}
{
  method: 'PATCH',
  url: '/api/v1/user/profile',
  status: 400,
  content_length: '350',
  response_time: 121.692,
  level: 'http',
  message: 'incoming-request',
  timestamp: '2024-11-13 08:46:06.934 PM'
}
{
  message: 'Server on 1997 running. NodeENV: development  ',
  level: 'info',
  timestamp: '2024-11-13 08:46:39.206 PM'
}
{
  message: 'Server on 1997 running. NodeENV: development  ',
  level: 'info',
  timestamp: '2024-11-13 08:46:56.600 PM'
}
{
  method: 'PATCH',
  url: '/api/v1/user/profile',
  status: 400,
  content_length: '424',
  response_time: 122.379,
  level: 'http',
  message: 'incoming-request',
  timestamp: '2024-11-13 08:47:22.202 PM'
}
{
  message: 'Server on 1997 running. NodeENV: development  ',
  level: 'info',
  timestamp: '2024-11-13 08:47:50.783 PM'
}
{
  method: 'PATCH',
  url: '/api/v1/user/profile',
  status: 200,
  content_length: '747',
  response_time: 130.873,
  level: 'http',
  message: 'incoming-request',
  timestamp: '2024-11-13 08:47:55.394 PM'
}
{
  method: 'PATCH',
  url: '/api/v1/user/profile',
  status: 200,
  content_length: '747',
  response_time: 118.065,
  level: 'http',
  message: 'incoming-request',
  timestamp: '2024-11-13 08:50:36.344 PM'
}
{
  method: 'PATCH',
  url: '/api/v1/user/profile',
  status: 200,
  content_length: '444',
  response_time: 192.391,
  level: 'http',
  message: 'incoming-request',
  timestamp: '2024-11-13 08:50:45.758 PM'
}
{
  method: 'PATCH',
  url: '/api/v1/user/profile',
  status: 200,
  content_length: '444',
  response_time: 179.869,
  level: 'http',
  message: 'incoming-request',
  timestamp: '2024-11-13 08:50:46.914 PM'
}
{
  method: 'GET',
  url: '/api/v1/property/666720f01ed8af0105a0d444',
  status: 200,
  content_length: '572',
  response_time: 57.802,
  level: 'http',
  message: 'incoming-request',
  timestamp: '2024-11-13 08:50:56.959 PM'
}
{
  method: 'GET',
  url: '/api/v1/property/?page=1',
  status: 200,
  content_length: '3367',
  response_time: 117.964,
  level: 'http',
  message: 'incoming-request',
  timestamp: '2024-11-13 08:50:57.022 PM'
}
{
  method: 'GET',
  url: '/api/v1/user/profile',
  status: 200,
  content_length: '1058',
  response_time: 117.255,
  level: 'http',
  message: 'incoming-request',
  timestamp: '2024-11-13 08:50:58.292 PM'
}
{
  method: 'GET',
  url: '/api/v1/user/profile',
  status: 304,
  response_time: 114.671,
  level: 'http',
  message: 'incoming-request',
  timestamp: '2024-11-13 08:51:02.190 PM'
}
{
  method: 'GET',
  url: '/api/v1/auth/logout',
  status: 304,
  response_time: 0.55,
  level: 'http',
  message: 'incoming-request',
  timestamp: '2024-11-13 08:51:09.465 PM'
}
{
  method: 'GET',
  url: '/api/v1/property/666720f01ed8af0105a0d444',
  status: 200,
  content_length: '572',
  response_time: 57.386,
  level: 'http',
  message: 'incoming-request',
  timestamp: '2024-11-13 08:51:09.517 PM'
}
{
  method: 'GET',
  url: '/api/v1/property/?page=1',
  status: 200,
  content_length: '3367',
  response_time: 115.144,
  level: 'http',
  message: 'incoming-request',
  timestamp: '2024-11-13 08:51:09.577 PM'
}
{ level: 'error', timestamp: '2024-11-13 08:51:16.166 PM' }
{
  method: 'POST',
  url: '/api/v1/auth/login',
  status: 0,
  response_time: '0',
  level: 'http',
  message: 'incoming-request',
  timestamp: '2024-11-13 08:51:55.237 PM'
}
{ level: 'error', timestamp: '2024-11-13 08:52:03.323 PM' }
{
  message: 'Server on 1997 running. NodeENV: development  ',
  level: 'info',
  timestamp: '2024-11-13 08:58:40.507 PM'
}
{
  message: 'Server on 1997 running. NodeENV: development  ',
  level: 'info',
  timestamp: '2024-11-13 08:59:03.051 PM'
}
{
  method: 'PATCH',
  url: '/api/v1/user/profile',
  status: 200,
  content_length: '663',
  response_time: 126.287,
  level: 'http',
  message: 'incoming-request',
  timestamp: '2024-11-13 08:59:16.688 PM'
}
{
  method: 'PATCH',
  url: '/api/v1/user/profile',
  status: 200,
  content_length: '663',
  response_time: 115.922,
  level: 'http',
  message: 'incoming-request',
  timestamp: '2024-11-13 08:59:33.158 PM'
}
{
  method: 'PATCH',
  url: '/api/v1/user/profile',
  status: 400,
  content_length: '43',
  response_time: 113.983,
  level: 'http',
  message: 'incoming-request',
  timestamp: '2024-11-13 09:02:19.502 PM'
}
{
  method: 'PATCH',
  url: '/api/v1/user/profile',
  status: 200,
  content_length: '663',
  response_time: 115.54,
  level: 'http',
  message: 'incoming-request',
  timestamp: '2024-11-13 09:02:40.458 PM'
}
{
  message: 'Server on 1997 running. NodeENV: development  ',
  level: 'info',
  timestamp: '2024-11-13 09:03:05.273 PM'
}
{
  message: 'Server on 1997 running. NodeENV: development  ',
  level: 'info',
  timestamp: '2024-11-13 09:05:53.893 PM'
}
{
  method: 'PATCH',
  url: '/api/v1/user/profile',
  status: 400,
  content_length: '52',
  response_time: 510.733,
  level: 'http',
  message: 'incoming-request',
  timestamp: '2024-11-13 09:05:54.103 PM'
}
{
  method: 'PATCH',
  url: '/api/v1/user/profile',
  status: 400,
  content_length: '52',
  response_time: 114.586,
  level: 'http',
  message: 'incoming-request',
  timestamp: '2024-11-13 09:06:05.717 PM'
}
{
  message: 'Server on 1997 running. NodeENV: development  ',
  level: 'info',
  timestamp: '2024-11-13 09:06:26.946 PM'
}
{
  method: 'PATCH',
  url: '/api/v1/user/profile',
  status: 200,
  content_length: '444',
  response_time: 191.699,
  level: 'http',
  message: 'incoming-request',
  timestamp: '2024-11-13 09:18:00.166 PM'
}
{
  message: 'Server on 1997 running. NodeENV: development  ',
  level: 'info',
  timestamp: '2024-11-13 09:20:16.132 PM'
}
{
  method: 'PATCH',
  url: '/api/v1/user/profile',
  status: 400,
  content_length: '52',
  response_time: 119.662,
  level: 'http',
  message: 'incoming-request',
  timestamp: '2024-11-13 09:20:52.078 PM'
}
{
  message: 'Server on 1997 running. NodeENV: development  ',
  level: 'info',
  timestamp: '2024-11-13 09:21:40.439 PM'
}
{
  method: 'PATCH',
  url: '/api/v1/user/profile',
  status: 200,
  content_length: '663',
  response_time: 118.591,
  level: 'http',
  message: 'incoming-request',
  timestamp: '2024-11-13 09:22:00.007 PM'
}
{
  message: 'Server on 1997 running. NodeENV: development  ',
  level: 'info',
  timestamp: '2024-11-13 09:22:25.047 PM'
}
{
  method: 'PATCH',
  url: '/api/v1/user/profile',
  status: 200,
  content_length: '663',
  response_time: 122.613,
  level: 'http',
  message: 'incoming-request',
  timestamp: '2024-11-13 09:23:29.604 PM'
}
{
  message: 'Server on 1997 running. NodeENV: development  ',
  level: 'info',
  timestamp: '2024-11-13 09:27:02.246 PM'
}
{
  method: 'PATCH',
  url: '/api/v1/user/profile',
  status: 200,
  content_length: '663',
  response_time: 739.711,
  level: 'http',
  message: 'incoming-request',
  timestamp: '2024-11-13 09:27:02.459 PM'
}
{
  method: 'PATCH',
  url: '/api/v1/user/profile',
  status: 200,
  content_length: '443',
  response_time: 307.744,
  level: 'http',
  message: 'incoming-request',
  timestamp: '2024-11-13 09:27:23.303 PM'
}
{
  message: 'Server on 1997 running. NodeENV: development  ',
  level: 'info',
  timestamp: '2024-11-13 09:27:38.610 PM'
}
{
  message: 'Server on 1997 running. NodeENV: development  ',
  level: 'info',
  timestamp: '2024-11-13 09:27:55.156 PM'
}
{
  message: 'Server on 1997 running. NodeENV: development  ',
  level: 'info',
  timestamp: '2024-11-13 09:28:08.806 PM'
}
{
  message: 'Server on 1997 running. NodeENV: development  ',
  level: 'info',
  timestamp: '2024-11-13 09:28:18.506 PM'
}
{
  message: 'Server on 1997 running. NodeENV: development  ',
  level: 'info',
  timestamp: '2024-11-13 09:28:31.816 PM'
}
{
  message: 'Server on 1997 running. NodeENV: development  ',
  level: 'info',
  timestamp: '2024-11-13 09:29:57.267 PM'
}
{
  method: 'PATCH',
  url: '/api/v1/user/profile',
  status: 200,
  content_length: '444',
  response_time: 321.932,
  level: 'http',
  message: 'incoming-request',
  timestamp: '2024-11-13 09:30:05.771 PM'
}
{
  method: 'PATCH',
  url: '/api/v1/user/profile',
  status: 200,
  content_length: '444',
  response_time: 296.986,
  level: 'http',
  message: 'incoming-request',
  timestamp: '2024-11-13 09:30:07.339 PM'
}
