{
  method: 'GET',
  url: '/api/v1/property/666720f01ed8af0105a0d444',
  status: 200,
  content_length: '457',
  response_time: 71.357,
  level: 'http',
  message: 'incoming-request',
  timestamp: '2024-08-02 12:34:38.237 PM'
}
{
  method: 'GET',
  url: '/api/v1/property/?page=1',
  status: 200,
  content_length: '2719',
  response_time: 110.833,
  level: 'http',
  message: 'incoming-request',
  timestamp: '2024-08-02 12:34:38.282 PM'
}
{
  method: 'GET',
  url: '/api/v1/property/?page=1',
  status: 304,
  response_time: 118.374,
  level: 'http',
  message: 'incoming-request',
  timestamp: '2024-08-02 12:58:57.062 PM'
}
{
  method: 'GET',
  url: '/api/v1/property/?page=2',
  status: 200,
  content_length: '949',
  response_time: 109.372,
  level: 'http',
  message: 'incoming-request',
  timestamp: '2024-08-02 12:59:03.413 PM'
}
{
  method: 'GET',
  url: '/api/v1/property/666720f01ed8af0105a0d444',
  status: 304,
  response_time: 63.447,
  level: 'http',
  message: 'incoming-request',
  timestamp: '2024-08-02 01:05:16.078 PM'
}
{
  method: 'GET',
  url: '/api/v1/property/?page=1',
  status: 304,
  response_time: 119.927,
  level: 'http',
  message: 'incoming-request',
  timestamp: '2024-08-02 01:05:16.140 PM'
}
{
  message: 'Incorrect email or password',
  level: 'error',
  timestamp: '2024-08-02 01:07:54.138 PM'
}
{
  method: 'POST',
  url: '/api/v1/auth/login',
  status: 400,
  content_length: '223',
  response_time: 128.036,
  level: 'http',
  message: 'incoming-request',
  timestamp: '2024-08-02 01:07:54.140 PM'
}
{
  method: 'POST',
  url: '/api/v1/auth/feedback',
  status: 400,
  content_length: '47',
  response_time: 1.689,
  level: 'http',
  message: 'incoming-request',
  timestamp: '2024-08-02 02:14:43.050 PM'
}
{
  method: 'POST',
  url: '/api/v1/auth/feedback',
  status: 201,
  content_length: '47',
  response_time: 138.28,
  level: 'http',
  message: 'incoming-request',
  timestamp: '2024-08-02 02:16:10.264 PM'
}
{
  method: 'POST',
  url: '/api/v1/auth/feedback',
  status: 201,
  content_length: '47',
  response_time: 120.677,
  level: 'http',
  message: 'incoming-request',
  timestamp: '2024-08-02 02:17:44.478 PM'
}
{
  method: 'POST',
  url: '/api/v1/auth/feedback',
  status: 201,
  content_length: '47',
  response_time: 119.68,
  level: 'http',
  message: 'incoming-request',
  timestamp: '2024-08-02 02:19:00.537 PM'
}
{
  method: 'POST',
  url: '/api/v1/auth/feedback',
  status: 201,
  content_length: '47',
  response_time: 136.922,
  level: 'http',
  message: 'incoming-request',
  timestamp: '2024-08-02 02:22:13.061 PM'
}
{
  method: 'POST',
  url: '/api/v1/auth/feedback',
  status: 200,
  content_length: '1982',
  response_time: 2.245,
  level: 'http',
  message: 'incoming-request',
  timestamp: '2024-08-02 02:37:29.059 PM'
}
{
  method: 'POST',
  url: '/api/v1/auth/feedback',
  status: 201,
  content_length: '47',
  response_time: 129.34,
  level: 'http',
  message: 'incoming-request',
  timestamp: '2024-08-02 02:43:07.978 PM'
}
{
  method: 'GET',
  url: '/api/v1/property/666720f01ed8af0105a0d444',
  status: 304,
  response_time: 61.808,
  level: 'http',
  message: 'incoming-request',
  timestamp: '2024-08-02 03:10:25.393 PM'
}
{
  method: 'GET',
  url: '/api/v1/property/?page=1',
  status: 304,
  response_time: 116.596,
  level: 'http',
  message: 'incoming-request',
  timestamp: '2024-08-02 03:10:25.452 PM'
}
{
  method: 'POST',
  url: '/api/v1/auth/feedback',
  status: 201,
  content_length: '47',
  response_time: 126.026,
  level: 'http',
  message: 'incoming-request',
  timestamp: '2024-08-02 03:46:01.603 PM'
}
{
  method: 'POST',
  url: '/api/v1/auth/feedback',
  status: 201,
  content_length: '47',
  response_time: 121.452,
  level: 'http',
  message: 'incoming-request',
  timestamp: '2024-08-02 03:46:03.177 PM'
}
{
  message: 'Too many requests: Too many requests from this IP address\tPOST\t/feedback\tundefined',
  level: 'error',
  timestamp: '2024-08-02 03:46:03.929 PM'
}
{
  method: 'POST',
  url: '/api/v1/auth/feedback',
  status: 429,
  content_length: '52',
  response_time: 1.138,
  level: 'http',
  message: 'incoming-request',
  timestamp: '2024-08-02 03:46:03.930 PM'
}
{
  message: 'Too many requests: Too many requests from this IP address\tPOST\t/feedback\tundefined',
  level: 'error',
  timestamp: '2024-08-02 03:46:04.845 PM'
}
{
  method: 'POST',
  url: '/api/v1/auth/feedback',
  status: 429,
  content_length: '52',
  response_time: 0.851,
  level: 'http',
  message: 'incoming-request',
  timestamp: '2024-08-02 03:46:04.846 PM'
}
