{
  message: 'Server on 1997 running. NodeENV: development  ',
  level: 'info',
  timestamp: '2025-07-03 02:19:01.257 PM'
}
{
  message: 'Server on 1997 running. NodeENV: development  ',
  level: 'info',
  timestamp: '2025-07-03 02:22:16.948 PM'
}
{
  message: 'Server on 1997 running. NodeENV: development  ',
  level: 'info',
  timestamp: '2025-07-03 02:26:13.986 PM'
}
{
  method: 'GET',
  url: '/api/v1/user/profile',
  status: 403,
  content_length: '9',
  response_time: 7.707,
  level: 'http',
  message: 'incoming-request',
  timestamp: '2025-07-03 02:27:32.730 PM'
}
{
  method: 'GET',
  url: '/',
  status: 200,
  content_length: '31',
  response_time: 0.61,
  level: 'http',
  message: 'incoming-request',
  timestamp: '2025-07-03 02:27:37.245 PM'
}
{
  method: 'GET',
  url: '/api/v1/property/667d32bae9317340ae958b34',
  status: 0,
  response_time: '0',
  level: 'http',
  message: 'incoming-request',
  timestamp: '2025-07-03 02:27:37.254 PM'
}
{
  method: 'GET',
  url: '/api/v1/property/?page=1',
  status: 0,
  response_time: '0',
  level: 'http',
  message: 'incoming-request',
  timestamp: '2025-07-03 02:27:37.256 PM'
}
{
  method: 'GET',
  url: '/favicon.ico',
  status: 500,
  content_length: '75',
  response_time: 0.473,
  level: 'http',
  message: 'incoming-request',
  timestamp: '2025-07-03 02:27:39.539 PM'
}
{
  method: 'GET',
  url: '/',
  status: 304,
  response_time: 0.385,
  level: 'http',
  message: 'incoming-request',
  timestamp: '2025-07-03 02:27:40.497 PM'
}
{
  message: 'Server on 1997 running. NodeENV: development  ',
  level: 'info',
  timestamp: '2025-07-03 02:29:16.932 PM'
}
{
  message: 'Server on 1997 running. NodeENV: development  ',
  level: 'info',
  timestamp: '2025-07-03 02:29:35.223 PM'
}
{
  message: 'Server on 1997 running. NodeENV: development  ',
  level: 'info',
  timestamp: '2025-07-03 02:30:09.639 PM'
}
{
  message: 'Server on 1997 running. NodeENV: development  ',
  level: 'info',
  timestamp: '2025-07-03 02:32:28.583 PM'
}
{
  message: 'Server on 1997 running. NodeENV: development  ',
  level: 'info',
  timestamp: '2025-07-03 02:36:28.511 PM'
}
{
  message: 'Server on 1997 running. NodeENV: development  ',
  level: 'info',
  timestamp: '2025-07-03 02:38:25.949 PM'
}
{
  method: 'GET',
  url: '/',
  status: 304,
  response_time: 1.86,
  level: 'http',
  message: 'incoming-request',
  timestamp: '2025-07-03 02:38:38.487 PM'
}
{
  method: 'GET',
  url: '/',
  status: 304,
  response_time: 0.443,
  level: 'http',
  message: 'incoming-request',
  timestamp: '2025-07-03 02:38:39.862 PM'
}
{
  method: 'GET',
  url: '/',
  status: 304,
  response_time: 0.225,
  level: 'http',
  message: 'incoming-request',
  timestamp: '2025-07-03 02:38:40.415 PM'
}
{
  method: 'GET',
  url: '/api/v1/user/profile',
  status: 403,
  content_length: '9',
  response_time: 3.426,
  level: 'http',
  message: 'incoming-request',
  timestamp: '2025-07-03 02:38:47.490 PM'
}
{
  method: 'GET',
  url: '/api/v1/property/667d32bae9317340ae958b34',
  status: 200,
  content_length: '643',
  response_time: 53.407,
  level: 'http',
  message: 'incoming-request',
  timestamp: '2025-07-03 02:38:47.530 PM'
}
{
  method: 'GET',
  url: '/api/v1/property/?page=1',
  status: 200,
  content_length: '5309',
  response_time: 93.525,
  level: 'http',
  message: 'incoming-request',
  timestamp: '2025-07-03 02:38:47.578 PM'
}
{
  method: 'GET',
  url: '/api/v1/auth/logout',
  status: 500,
  response_time: 0.883,
  level: 'http',
  message: 'incoming-request',
  timestamp: '2025-07-03 02:38:55.487 PM'
}
{
  method: 'GET',
  url: '/api/v1/user/profile',
  status: 401,
  content_length: '26',
  response_time: 0.455,
  level: 'http',
  message: 'incoming-request',
  timestamp: '2025-07-03 02:38:55.497 PM'
}
{
  method: 'GET',
  url: '/api/v1/property/667d32bae9317340ae958b34',
  status: 304,
  response_time: 41.648,
  level: 'http',
  message: 'incoming-request',
  timestamp: '2025-07-03 02:38:55.532 PM'
}
{
  method: 'GET',
  url: '/api/v1/property/?page=1',
  status: 200,
  content_length: '5309',
  response_time: 85.616,
  level: 'http',
  message: 'incoming-request',
  timestamp: '2025-07-03 02:38:55.580 PM'
}
{
  method: 'GET',
  url: '/api/v1/auth/google',
  status: 302,
  content_length: '0',
  response_time: 1.677,
  level: 'http',
  message: 'incoming-request',
  timestamp: '2025-07-03 02:39:02.977 PM'
}
{
  method: 'GET',
  url: '/api/v1/auth/google/redirect?code=4%2F0AVMBsJh92Kxvz_goZXlaKUDXZoJVgF6OL3Whnp0ffTd-ByRwsxKMAodFimKlfEXARjMguA&scope=email+profile+https%3A%2F%2Fwww.googleapis.com%2Fauth%2Fuserinfo.profile+https%3A%2F%2Fwww.googleapis.com%2Fauth%2Fuserinfo.email+openid&authuser=0&prompt=consent',
  status: 200,
  content_length: '739',
  response_time: 440.965,
  level: 'http',
  message: 'incoming-request',
  timestamp: '2025-07-03 02:39:07.183 PM'
}
{
  method: 'GET',
  url: '/personal-account',
  status: 500,
  content_length: '80',
  response_time: 0.295,
  level: 'http',
  message: 'incoming-request',
  timestamp: '2025-07-03 02:39:07.352 PM'
}
{
  method: 'GET',
  url: '/api/v1/user/profile',
  status: 401,
  content_length: '26',
  response_time: 0.263,
  level: 'http',
  message: 'incoming-request',
  timestamp: '2025-07-03 02:39:12.932 PM'
}
{
  method: 'GET',
  url: '/api/v1/property/667d32bae9317340ae958b34',
  status: 304,
  response_time: 41.805,
  level: 'http',
  message: 'incoming-request',
  timestamp: '2025-07-03 02:39:12.969 PM'
}
{
  method: 'GET',
  url: '/api/v1/property/?page=1',
  status: 200,
  content_length: '5309',
  response_time: 84.479,
  level: 'http',
  message: 'incoming-request',
  timestamp: '2025-07-03 02:39:13.014 PM'
}
{
  method: 'GET',
  url: '/api/v1/user/profile',
  status: 401,
  content_length: '26',
  response_time: 0.275,
  level: 'http',
  message: 'incoming-request',
  timestamp: '2025-07-03 02:39:15.339 PM'
}
{
  method: 'GET',
  url: '/api/v1/property/667d32bae9317340ae958b34',
  status: 304,
  response_time: 41.811,
  level: 'http',
  message: 'incoming-request',
  timestamp: '2025-07-03 02:39:15.376 PM'
}
{
  method: 'GET',
  url: '/api/v1/property/?page=1',
  status: 200,
  content_length: '5309',
  response_time: 84.725,
  level: 'http',
  message: 'incoming-request',
  timestamp: '2025-07-03 02:39:15.422 PM'
}
{
  method: 'POST',
  url: '/api/v1/auth/login',
  status: 200,
  content_length: '504',
  response_time: 162.956,
  level: 'http',
  message: 'incoming-request',
  timestamp: '2025-07-03 02:39:22.270 PM'
}
{
  method: 'GET',
  url: '/api/v1/user/profile',
  status: 200,
  content_length: '3674',
  response_time: 84.177,
  level: 'http',
  message: 'incoming-request',
  timestamp: '2025-07-03 02:39:22.401 PM'
}
{
  method: 'GET',
  url: '/api/v1/messages/6789acb5fbeeba3b81084797',
  status: 200,
  content_length: '2',
  response_time: 83.198,
  level: 'http',
  message: 'incoming-request',
  timestamp: '2025-07-03 02:39:26.423 PM'
}
{
  method: 'POST',
  url: '/api/v1/messages/send/6789acb5fbeeba3b81084797',
  status: 201,
  content_length: '223',
  response_time: 91.811,
  level: 'http',
  message: 'incoming-request',
  timestamp: '2025-07-03 02:39:28.081 PM'
}
{
  method: 'GET',
  url: '/api/v1/messages/6789acb5fbeeba3b81084797',
  status: 200,
  content_length: '225',
  response_time: 82.913,
  level: 'http',
  message: 'incoming-request',
  timestamp: '2025-07-03 02:39:28.169 PM'
}
{
  method: 'POST',
  url: '/api/v1/messages/send/6789acb5fbeeba3b81084797',
  status: 201,
  content_length: '223',
  response_time: 91.6,
  level: 'http',
  message: 'incoming-request',
  timestamp: '2025-07-03 02:39:29.671 PM'
}
{
  method: 'GET',
  url: '/api/v1/messages/6789acb5fbeeba3b81084797',
  status: 200,
  content_length: '449',
  response_time: 83.116,
  level: 'http',
  message: 'incoming-request',
  timestamp: '2025-07-03 02:39:29.759 PM'
}
{
  method: 'GET',
  url: '/api/v1/messages/6738b0d3bc69a50643663670',
  status: 200,
  content_length: '15184',
  response_time: 88.109,
  level: 'http',
  message: 'incoming-request',
  timestamp: '2025-07-03 02:39:32.524 PM'
}
{
  method: 'GET',
  url: '/api/v1/messages/67332bd4d9712b8ece95774a',
  status: 200,
  content_length: '2',
  response_time: 82.296,
  level: 'http',
  message: 'incoming-request',
  timestamp: '2025-07-03 02:39:33.626 PM'
}
