{
  message: 'Server on 1997 running. NodeENV: development  ',
  level: 'info',
  timestamp: '2025-01-06 10:00:38.412 PM'
}
{
  message: 'Server on 1997 running. NodeENV: development  ',
  level: 'info',
  timestamp: '2025-01-06 10:52:09.289 PM'
}
{
  message: 'Server on 1997 running. NodeENV: development  ',
  level: 'info',
  timestamp: '2025-01-06 10:52:30.224 PM'
}
{
  message: 'Server on 1997 running. NodeENV: development  ',
  level: 'info',
  timestamp: '2025-01-06 10:52:36.541 PM'
}
{
  message: 'Server on 1997 running. NodeENV: development  ',
  level: 'info',
  timestamp: '2025-01-06 10:52:59.893 PM'
}
{
  message: 'Server on 1997 running. NodeENV: development  ',
  level: 'info',
  timestamp: '2025-01-06 10:53:21.862 PM'
}
{
  message: 'Server on 1997 running. NodeENV: development  ',
  level: 'info',
  timestamp: '2025-01-06 10:53:33.757 PM'
}
{
  message: 'Server on 1997 running. NodeENV: development  ',
  level: 'info',
  timestamp: '2025-01-06 10:53:53.250 PM'
}
{
  message: 'Server on 1997 running. NodeENV: development  ',
  level: 'info',
  timestamp: '2025-01-06 10:54:12.213 PM'
}
{
  method: 'GET',
  url: '/docs',
  status: 301,
  content_length: 154,
  response_time: 1.888,
  level: 'http',
  message: 'incoming-request',
  timestamp: '2025-01-06 10:54:21.771 PM'
}
{
  method: 'GET',
  url: '/docs/',
  status: 200,
  content_length: '3106',
  response_time: 1.936,
  level: 'http',
  message: 'incoming-request',
  timestamp: '2025-01-06 10:54:21.776 PM'
}
{
  method: 'GET',
  url: '/docs/swagger-ui.css',
  status: 200,
  content_length: 152072,
  response_time: 4.567,
  level: 'http',
  message: 'incoming-request',
  timestamp: '2025-01-06 10:54:21.792 PM'
}
{
  method: 'GET',
  url: '/docs/swagger-ui-standalone-preset.js',
  status: 200,
  content_length: 230007,
  response_time: 2.863,
  level: 'http',
  message: 'incoming-request',
  timestamp: '2025-01-06 10:54:21.793 PM'
}
{
  method: 'GET',
  url: '/docs/swagger-ui-bundle.js',
  status: 200,
  content_length: 1426050,
  response_time: 2.658,
  level: 'http',
  message: 'incoming-request',
  timestamp: '2025-01-06 10:54:21.798 PM'
}
{
  method: 'GET',
  url: '/docs/swagger-ui-init.js',
  status: 200,
  content_length: '20251',
  response_time: 0.224,
  level: 'http',
  message: 'incoming-request',
  timestamp: '2025-01-06 10:54:21.915 PM'
}
{
  message: 'Server on 1997 running. NodeENV: development  ',
  level: 'info',
  timestamp: '2025-01-06 10:54:57.307 PM'
}
{
  message: 'Server on 1997 running. NodeENV: development  ',
  level: 'info',
  timestamp: '2025-01-06 10:55:39.941 PM'
}
{
  message: 'Server on 1997 running. NodeENV: development  ',
  level: 'info',
  timestamp: '2025-01-06 10:56:08.206 PM'
}
{
  message: 'Server on 1997 running. NodeENV: development  ',
  level: 'info',
  timestamp: '2025-01-06 10:56:15.776 PM'
}
{
  message: 'Server on 1997 running. NodeENV: development  ',
  level: 'info',
  timestamp: '2025-01-06 10:56:49.623 PM'
}
{
  message: 'Server on 1997 running. NodeENV: development  ',
  level: 'info',
  timestamp: '2025-01-06 10:57:17.102 PM'
}
{
  message: 'Server on 1997 running. NodeENV: development  ',
  level: 'info',
  timestamp: '2025-01-06 10:57:27.214 PM'
}
{
  message: 'Server on 1997 running. NodeENV: development  ',
  level: 'info',
  timestamp: '2025-01-06 10:57:35.471 PM'
}
{
  message: 'Server on 1997 running. NodeENV: development  ',
  level: 'info',
  timestamp: '2025-01-06 10:57:50.991 PM'
}
{
  message: 'Server on 1997 running. NodeENV: development  ',
  level: 'info',
  timestamp: '2025-01-06 10:58:12.229 PM'
}
{
  message: 'Server on 1997 running. NodeENV: development  ',
  level: 'info',
  timestamp: '2025-01-06 10:58:31.679 PM'
}
{
  message: 'Server on 1997 running. NodeENV: development  ',
  level: 'info',
  timestamp: '2025-01-06 10:58:55.725 PM'
}
{
  message: 'Server on 1997 running. NodeENV: development  ',
  level: 'info',
  timestamp: '2025-01-06 10:59:28.986 PM'
}
{
  message: 'Server on 1997 running. NodeENV: development  ',
  level: 'info',
  timestamp: '2025-01-06 10:59:49.786 PM'
}
{
  message: 'Server on 1997 running. NodeENV: development  ',
  level: 'info',
  timestamp: '2025-01-06 11:00:25.337 PM'
}
{
  message: 'Server on 1997 running. NodeENV: development  ',
  level: 'info',
  timestamp: '2025-01-06 11:00:35.384 PM'
}
{
  message: 'Server on 1997 running. NodeENV: development  ',
  level: 'info',
  timestamp: '2025-01-06 11:00:54.391 PM'
}
{
  message: 'Server on 1997 running. NodeENV: development  ',
  level: 'info',
  timestamp: '2025-01-06 11:01:05.429 PM'
}
{
  message: 'Server on 1997 running. NodeENV: development  ',
  level: 'info',
  timestamp: '2025-01-06 11:10:17.802 PM'
}
{
  message: 'Server on 1997 running. NodeENV: development  ',
  level: 'info',
  timestamp: '2025-01-06 11:11:09.006 PM'
}
{
  message: 'Server on 1997 running. NodeENV: development  ',
  level: 'info',
  timestamp: '2025-01-06 11:11:23.958 PM'
}
{
  message: 'Server on 1997 running. NodeENV: development  ',
  level: 'info',
  timestamp: '2025-01-06 11:11:38.952 PM'
}
{
  message: 'Server on 1997 running. NodeENV: development  ',
  level: 'info',
  timestamp: '2025-01-06 11:11:52.861 PM'
}
{
  message: 'Server on 1997 running. NodeENV: development  ',
  level: 'info',
  timestamp: '2025-01-06 11:12:14.275 PM'
}
{
  message: 'Server on 1997 running. NodeENV: development  ',
  level: 'info',
  timestamp: '2025-01-06 11:12:26.722 PM'
}
{
  message: 'Server on 1997 running. NodeENV: development  ',
  level: 'info',
  timestamp: '2025-01-06 11:12:38.628 PM'
}
{
  message: 'Server on 1997 running. NodeENV: development  ',
  level: 'info',
  timestamp: '2025-01-06 11:13:51.361 PM'
}
{
  message: 'Server on 1997 running. NodeENV: development  ',
  level: 'info',
  timestamp: '2025-01-06 11:14:19.019 PM'
}
{
  message: 'Server on 1997 running. NodeENV: development  ',
  level: 'info',
  timestamp: '2025-01-06 11:15:52.194 PM'
}
{
  message: 'Server on 1997 running. NodeENV: development  ',
  level: 'info',
  timestamp: '2025-01-06 11:16:10.904 PM'
}
{
  message: 'Server on 1997 running. NodeENV: development  ',
  level: 'info',
  timestamp: '2025-01-06 11:20:59.500 PM'
}
{
  message: 'Server on 1997 running. NodeENV: development  ',
  level: 'info',
  timestamp: '2025-01-06 11:21:28.407 PM'
}
{
  message: 'Server on 1997 running. NodeENV: development  ',
  level: 'info',
  timestamp: '2025-01-06 11:22:39.052 PM'
}
{
  message: 'Server on 1997 running. NodeENV: development  ',
  level: 'info',
  timestamp: '2025-01-06 11:25:54.517 PM'
}
{
  message: 'Server on 1997 running. NodeENV: development  ',
  level: 'info',
  timestamp: '2025-01-06 11:35:26.517 PM'
}
{
  message: 'Server on 1997 running. NodeENV: development  ',
  level: 'info',
  timestamp: '2025-01-06 11:35:40.190 PM'
}
{
  message: 'Server on 1997 running. NodeENV: development  ',
  level: 'info',
  timestamp: '2025-01-06 11:38:57.639 PM'
}
{
  message: 'Server on 1997 running. NodeENV: development  ',
  level: 'info',
  timestamp: '2025-01-06 11:39:07.901 PM'
}
{
  message: 'Server on 1997 running. NodeENV: development  ',
  level: 'info',
  timestamp: '2025-01-06 11:39:14.663 PM'
}
{
  message: 'Server on 1997 running. NodeENV: development  ',
  level: 'info',
  timestamp: '2025-01-06 11:39:39.272 PM'
}
{
  message: 'Server on 1997 running. NodeENV: development  ',
  level: 'info',
  timestamp: '2025-01-06 11:44:43.162 PM'
}
{
  message: 'Server on 1997 running. NodeENV: development  ',
  level: 'info',
  timestamp: '2025-01-06 11:45:05.505 PM'
}
{
  message: 'Server on 1997 running. NodeENV: development  ',
  level: 'info',
  timestamp: '2025-01-06 11:45:12.444 PM'
}
{
  message: 'Server on 1997 running. NodeENV: development  ',
  level: 'info',
  timestamp: '2025-01-06 11:49:10.212 PM'
}
{
  method: 'GET',
  url: '/docs/',
  status: 200,
  content_length: '3106',
  response_time: 2.643,
  level: 'http',
  message: 'incoming-request',
  timestamp: '2025-01-06 11:49:28.797 PM'
}
{
  method: 'GET',
  url: '/docs/swagger-ui.css',
  status: 200,
  content_length: 152072,
  response_time: 4.295,
  level: 'http',
  message: 'incoming-request',
  timestamp: '2025-01-06 11:49:28.826 PM'
}
{
  method: 'GET',
  url: '/docs/swagger-ui-standalone-preset.js',
  status: 200,
  content_length: 230007,
  response_time: 3.217,
  level: 'http',
  message: 'incoming-request',
  timestamp: '2025-01-06 11:49:28.829 PM'
}
{
  method: 'GET',
  url: '/docs/swagger-ui-init.js',
  status: 200,
  content_length: '20251',
  response_time: 0.273,
  level: 'http',
  message: 'incoming-request',
  timestamp: '2025-01-06 11:49:28.832 PM'
}
{
  method: 'GET',
  url: '/docs/swagger-ui-bundle.js',
  status: 200,
  content_length: 1426050,
  response_time: 3.214,
  level: 'http',
  message: 'incoming-request',
  timestamp: '2025-01-06 11:49:28.840 PM'
}
{
  method: 'GET',
  url: '/docs/favicon-32x32.png',
  status: 200,
  content_length: 628,
  response_time: 2.246,
  level: 'http',
  message: 'incoming-request',
  timestamp: '2025-01-06 11:49:29.096 PM'
}
{
  message: 'Server on 1997 running. NodeENV: development  ',
  level: 'info',
  timestamp: '2025-01-06 11:49:29.340 PM'
}
{
  method: 'GET',
  url: '/docs/',
  status: 304,
  response_time: 0.626,
  level: 'http',
  message: 'incoming-request',
  timestamp: '2025-01-06 11:49:29.815 PM'
}
{
  method: 'GET',
  url: '/docs/swagger-ui.css',
  status: 304,
  response_time: 1.116,
  level: 'http',
  message: 'incoming-request',
  timestamp: '2025-01-06 11:49:29.836 PM'
}
{
  method: 'GET',
  url: '/docs/swagger-ui-init.js',
  status: 304,
  response_time: 0.217,
  level: 'http',
  message: 'incoming-request',
  timestamp: '2025-01-06 11:49:29.843 PM'
}
{
  method: 'GET',
  url: '/docs/swagger-ui-bundle.js',
  status: 304,
  response_time: 2.155,
  level: 'http',
  message: 'incoming-request',
  timestamp: '2025-01-06 11:49:29.844 PM'
}
{
  method: 'GET',
  url: '/docs/swagger-ui-standalone-preset.js',
  status: 304,
  response_time: 1.053,
  level: 'http',
  message: 'incoming-request',
  timestamp: '2025-01-06 11:49:29.844 PM'
}
{
  method: 'GET',
  url: '/docs/favicon-32x32.png',
  status: 304,
  response_time: 0.506,
  level: 'http',
  message: 'incoming-request',
  timestamp: '2025-01-06 11:49:30.003 PM'
}
{
  method: 'GET',
  url: '/docs/',
  status: 304,
  response_time: 0.478,
  level: 'http',
  message: 'incoming-request',
  timestamp: '2025-01-06 11:49:30.336 PM'
}
{
  method: 'GET',
  url: '/docs/swagger-ui.css',
  status: 304,
  response_time: 0.635,
  level: 'http',
  message: 'incoming-request',
  timestamp: '2025-01-06 11:49:30.358 PM'
}
{
  method: 'GET',
  url: '/docs/swagger-ui-init.js',
  status: 304,
  response_time: 0.199,
  level: 'http',
  message: 'incoming-request',
  timestamp: '2025-01-06 11:49:30.360 PM'
}
{
  method: 'GET',
  url: '/docs/swagger-ui-bundle.js',
  status: 304,
  response_time: 0.936,
  level: 'http',
  message: 'incoming-request',
  timestamp: '2025-01-06 11:49:30.361 PM'
}
{
  method: 'GET',
  url: '/docs/swagger-ui-standalone-preset.js',
  status: 304,
  response_time: 0.796,
  level: 'http',
  message: 'incoming-request',
  timestamp: '2025-01-06 11:49:30.361 PM'
}
{
  method: 'GET',
  url: '/docs/favicon-32x32.png',
  status: 304,
  response_time: 0.379,
  level: 'http',
  message: 'incoming-request',
  timestamp: '2025-01-06 11:49:30.519 PM'
}
{
  message: 'Server on 1997 running. NodeENV: development  ',
  level: 'info',
  timestamp: '2025-01-06 11:50:07.031 PM'
}
{
  message: 'Server on 1997 running. NodeENV: development  ',
  level: 'info',
  timestamp: '2025-01-06 11:50:46.818 PM'
}
{
  message: 'Server on 1997 running. NodeENV: development  ',
  level: 'info',
  timestamp: '2025-01-06 11:51:00.151 PM'
}
{
  message: 'Server on 1997 running. NodeENV: development  ',
  level: 'info',
  timestamp: '2025-01-06 11:51:42.955 PM'
}
{
  method: 'GET',
  url: '/docs/',
  status: 304,
  response_time: 2.975,
  level: 'http',
  message: 'incoming-request',
  timestamp: '2025-01-06 11:51:51.123 PM'
}
{
  method: 'GET',
  url: '/docs/swagger-ui.css',
  status: 304,
  response_time: 4.084,
  level: 'http',
  message: 'incoming-request',
  timestamp: '2025-01-06 11:51:51.235 PM'
}
{
  method: 'GET',
  url: '/docs/swagger-ui-bundle.js',
  status: 304,
  response_time: 2.375,
  level: 'http',
  message: 'incoming-request',
  timestamp: '2025-01-06 11:51:51.236 PM'
}
{
  method: 'GET',
  url: '/docs/swagger-ui-standalone-preset.js',
  status: 304,
  response_time: 4.513,
  level: 'http',
  message: 'incoming-request',
  timestamp: '2025-01-06 11:51:51.237 PM'
}
{
  method: 'GET',
  url: '/docs/swagger-ui-init.js',
  status: 200,
  content_length: '20251',
  response_time: 0.269,
  level: 'http',
  message: 'incoming-request',
  timestamp: '2025-01-06 11:51:51.434 PM'
}
{
  method: 'GET',
  url: '/docs/favicon-32x32.png',
  status: 304,
  response_time: 0.321,
  level: 'http',
  message: 'incoming-request',
  timestamp: '2025-01-06 11:51:51.674 PM'
}
{
  message: 'Server on 1997 running. NodeENV: development  ',
  level: 'info',
  timestamp: '2025-01-06 11:51:51.870 PM'
}
{
  message: 'Server on 1997 running. NodeENV: development  ',
  level: 'info',
  timestamp: '2025-01-06 11:52:12.690 PM'
}
{
  method: 'GET',
  url: '/docs/',
  status: 304,
  response_time: 2.594,
  level: 'http',
  message: 'incoming-request',
  timestamp: '2025-01-06 11:52:25.600 PM'
}
{
  method: 'GET',
  url: '/docs/swagger-ui.css',
  status: 304,
  response_time: 1.315,
  level: 'http',
  message: 'incoming-request',
  timestamp: '2025-01-06 11:52:25.635 PM'
}
{
  method: 'GET',
  url: '/docs/swagger-ui-init.js',
  status: 200,
  content_length: '21438',
  response_time: 0.263,
  level: 'http',
  message: 'incoming-request',
  timestamp: '2025-01-06 11:52:25.641 PM'
}
{
  method: 'GET',
  url: '/docs/swagger-ui-bundle.js',
  status: 304,
  response_time: 2.13,
  level: 'http',
  message: 'incoming-request',
  timestamp: '2025-01-06 11:52:25.642 PM'
}
{
  method: 'GET',
  url: '/docs/swagger-ui-standalone-preset.js',
  status: 304,
  response_time: 1.81,
  level: 'http',
  message: 'incoming-request',
  timestamp: '2025-01-06 11:52:25.643 PM'
}
{
  method: 'GET',
  url: '/docs/favicon-32x32.png',
  status: 304,
  response_time: 0.373,
  level: 'http',
  message: 'incoming-request',
  timestamp: '2025-01-06 11:52:25.938 PM'
}
{
  message: 'Server on 1997 running. NodeENV: development  ',
  level: 'info',
  timestamp: '2025-01-06 11:52:26.126 PM'
}
{
  message: 'Server on 1997 running. NodeENV: development  ',
  level: 'info',
  timestamp: '2025-01-06 11:52:39.017 PM'
}
{
  message: 'Server on 1997 running. NodeENV: development  ',
  level: 'info',
  timestamp: '2025-01-06 11:55:54.592 PM'
}
{
  message: 'Server on 1997 running. NodeENV: development  ',
  level: 'info',
  timestamp: '2025-01-06 11:58:20.350 PM'
}
{
  message: 'Server on 1997 running. NodeENV: development  ',
  level: 'info',
  timestamp: '2025-01-06 11:58:35.457 PM'
}
{
  message: 'Server on 1997 running. NodeENV: development  ',
  level: 'info',
  timestamp: '2025-01-06 11:58:52.610 PM'
}
{
  message: 'Server on 1997 running. NodeENV: development  ',
  level: 'info',
  timestamp: '2025-01-06 11:59:18.348 PM'
}
