{
  method: 'GET',
  url: '/api/v1/user/profile',
  status: 401,
  content_length: '12',
  response_time: 21.262,
  level: 'http',
  message: 'incoming-request',
  timestamp: '2024-05-25 12:28:18.818 PM'
}
{
  method: 'POST',
  url: '/api/v1/auth/login',
  status: 200,
  content_length: '303',
  response_time: 580.826,
  level: 'http',
  message: 'incoming-request',
  timestamp: '2024-05-25 12:28:25.755 PM'
}
{
  method: 'GET',
  url: '/api/v1/user/profile',
  status: 401,
  content_length: '12',
  response_time: 0.301,
  level: 'http',
  message: 'incoming-request',
  timestamp: '2024-05-25 12:28:29.795 PM'
}
{
  method: 'GET',
  url: '/api/v1/user/profile',
  status: 401,
  content_length: '12',
  response_time: 0.228,
  level: 'http',
  message: 'incoming-request',
  timestamp: '2024-05-25 12:29:51.436 PM'
}
{
  method: 'GET',
  url: '/api/v1/auth/logout',
  status: 200,
  content_length: '71',
  response_time: 23.265,
  level: 'http',
  message: 'incoming-request',
  timestamp: '2024-05-25 12:49:13.164 PM'
}
{
  method: 'GET',
  url: '/api/v1/user/profile',
  status: 401,
  content_length: '12',
  response_time: 0.451,
  level: 'http',
  message: 'incoming-request',
  timestamp: '2024-05-25 12:49:18.873 PM'
}
{
  method: 'GET',
  url: '/api/v1/user/profile',
  status: 401,
  content_length: '12',
  response_time: 0.265,
  level: 'http',
  message: 'incoming-request',
  timestamp: '2024-05-25 12:49:20.526 PM'
}
{
  method: 'GET',
  url: '/api/v1/user/profile',
  status: 401,
  content_length: '12',
  response_time: 0.219,
  level: 'http',
  message: 'incoming-request',
  timestamp: '2024-05-25 12:49:24.847 PM'
}
{
  method: 'POST',
  url: '/api/v1/auth/login',
  status: 200,
  content_length: '303',
  response_time: 159.689,
  level: 'http',
  message: 'incoming-request',
  timestamp: '2024-05-25 12:49:38.771 PM'
}
{
  method: 'GET',
  url: '/api/v1/user/profile',
  status: 401,
  content_length: '12',
  response_time: 0.212,
  level: 'http',
  message: 'incoming-request',
  timestamp: '2024-05-25 12:49:42.373 PM'
}
{
  method: 'GET',
  url: '/api/v1/user/profile',
  status: 401,
  content_length: '12',
  response_time: 0.256,
  level: 'http',
  message: 'incoming-request',
  timestamp: '2024-05-25 12:57:53.694 PM'
}
{
  method: 'GET',
  url: '/api/v1/user/profile',
  status: 200,
  content_length: '1397',
  response_time: 2.613,
  level: 'http',
  message: 'incoming-request',
  timestamp: '2024-05-25 01:02:04.929 PM'
}
{
  method: 'GET',
  url: '/api/v1/auth/logout',
  status: 204,
  response_time: 1.639,
  level: 'http',
  message: 'incoming-request',
  timestamp: '2024-05-25 02:01:14.234 PM'
}
{
  method: 'GET',
  url: '/api/v1/test',
  status: 200,
  content_length: '25',
  response_time: 0.714,
  level: 'http',
  message: 'incoming-request',
  timestamp: '2024-05-25 02:01:22.190 PM'
}
{
  message: 'incorrect email or password',
  level: 'error',
  timestamp: '2024-05-25 02:01:28.521 PM'
}
{
  method: 'POST',
  url: '/api/v1/auth/login',
  status: 400,
  content_length: '406',
  response_time: 42.692,
  level: 'http',
  message: 'incoming-request',
  timestamp: '2024-05-25 02:01:28.523 PM'
}
{
  message: 'incorrect email or password',
  level: 'error',
  timestamp: '2024-05-25 02:04:18.572 PM'
}
{
  method: 'POST',
  url: '/api/v1/auth/login',
  status: 400,
  content_length: '406',
  response_time: 676.408,
  level: 'http',
  message: 'incoming-request',
  timestamp: '2024-05-25 02:04:18.579 PM'
}
{
  message: 'incorrect email or password',
  level: 'error',
  timestamp: '2024-05-25 02:04:46.376 PM'
}
{
  method: 'POST',
  url: '/api/v1/auth/login',
  status: 400,
  content_length: '406',
  response_time: 10.81,
  level: 'http',
  message: 'incoming-request',
  timestamp: '2024-05-25 02:04:46.378 PM'
}
{
  message: 'incorrect email or password',
  level: 'error',
  timestamp: '2024-05-25 02:19:49.315 PM'
}
{
  method: 'POST',
  url: '/api/v1/auth/login',
  status: 400,
  content_length: '406',
  response_time: 138.317,
  level: 'http',
  message: 'incoming-request',
  timestamp: '2024-05-25 02:19:49.325 PM'
}
{
  method: 'POST',
  url: '/api/v1/auth/register',
  status: 200,
  content_length: '149',
  response_time: 571.762,
  level: 'http',
  message: 'incoming-request',
  timestamp: '2024-05-25 02:20:16.634 PM'
}
{
  method: 'POST',
  url: '/api/v1/auth/login',
  status: 200,
  content_length: '303',
  response_time: 408.315,
  level: 'http',
  message: 'incoming-request',
  timestamp: '2024-05-25 02:20:23.839 PM'
}
{
  method: 'POST',
  url: '/api/v1/auth/login',
  status: 200,
  content_length: '303',
  response_time: 152.183,
  level: 'http',
  message: 'incoming-request',
  timestamp: '2024-05-25 02:21:06.610 PM'
}
{
  method: 'GET',
  url: '/api/v1/auth/verify/49c22d82818f83f4988d8c0f1c7a7bd30d8a55b5b49eb2da97289aa029a2d340/6651f3a0796c426fcffee532',
  status: 302,
  content_length: '68',
  response_time: 59.931,
  level: 'http',
  message: 'incoming-request',
  timestamp: '2024-05-25 02:21:20.957 PM'
}
{
  method: 'GET',
  url: '/api/v1/user/profile',
  status: 401,
  content_length: '12',
  response_time: 0.729,
  level: 'http',
  message: 'incoming-request',
  timestamp: '2024-05-25 02:21:55.532 PM'
}
{
  method: 'GET',
  url: '/api/v1/user/profile',
  status: 401,
  content_length: '12',
  response_time: 3.879,
  level: 'http',
  message: 'incoming-request',
  timestamp: '2024-05-25 02:23:03.682 PM'
}
{
  method: 'GET',
  url: '/api/v1/user/profile',
  status: 401,
  content_length: '12',
  response_time: 0.659,
  level: 'http',
  message: 'incoming-request',
  timestamp: '2024-05-25 02:23:05.863 PM'
}
{
  method: 'GET',
  url: '/api/v1/user/profile',
  status: 401,
  content_length: '30',
  response_time: 1.757,
  level: 'http',
  message: 'incoming-request',
  timestamp: '2024-05-25 02:23:45.599 PM'
}
{
  method: 'GET',
  url: '/api/v1/user/profile',
  status: 403,
  content_length: '23',
  response_time: 2.405,
  level: 'http',
  message: 'incoming-request',
  timestamp: '2024-05-25 02:25:02.770 PM'
}
{
  method: 'GET',
  url: '/api/v1/user/profile',
  status: 403,
  content_length: '23',
  response_time: 2.255,
  level: 'http',
  message: 'incoming-request',
  timestamp: '2024-05-25 02:27:19.281 PM'
}
{
  method: 'GET',
  url: '/api/v1/user/profile',
  status: 401,
  content_length: '12',
  response_time: 1.582,
  level: 'http',
  message: 'incoming-request',
  timestamp: '2024-05-25 02:27:30.386 PM'
}
{
  method: 'GET',
  url: '/api/v1/user/profile',
  status: 401,
  content_length: '12',
  response_time: 2.059,
  level: 'http',
  message: 'incoming-request',
  timestamp: '2024-05-25 02:28:25.683 PM'
}
{
  method: 'GET',
  url: '/api/v1/user/profile',
  status: 401,
  content_length: '12',
  response_time: 3.069,
  level: 'http',
  message: 'incoming-request',
  timestamp: '2024-05-25 02:30:22.437 PM'
}
{
  method: 'GET',
  url: '/api/v1/user/profile',
  status: 401,
  content_length: '12',
  response_time: 1.078,
  level: 'http',
  message: 'incoming-request',
  timestamp: '2024-05-25 02:31:23.081 PM'
}
{
  method: 'GET',
  url: '/api/v1/user/profile',
  status: 401,
  content_length: '12',
  response_time: 0.57,
  level: 'http',
  message: 'incoming-request',
  timestamp: '2024-05-25 02:31:45.551 PM'
}
{
  method: 'GET',
  url: '/api/v1/user/profile',
  status: 401,
  content_length: '12',
  response_time: 1.538,
  level: 'http',
  message: 'incoming-request',
  timestamp: '2024-05-25 02:32:22.729 PM'
}
{
  method: 'GET',
  url: '/api/v1/user/profile',
  status: 401,
  content_length: '12',
  response_time: 2.683,
  level: 'http',
  message: 'incoming-request',
  timestamp: '2024-05-25 02:32:56.613 PM'
}
{
  method: 'GET',
  url: '/api/v1/user/profile',
  status: 401,
  content_length: '12',
  response_time: 1.919,
  level: 'http',
  message: 'incoming-request',
  timestamp: '2024-05-25 02:33:24.774 PM'
}
{
  method: 'GET',
  url: '/api/v1/user/profile',
  status: 401,
  content_length: '12',
  response_time: 0.327,
  level: 'http',
  message: 'incoming-request',
  timestamp: '2024-05-25 02:33:25.574 PM'
}
{
  method: 'GET',
  url: '/api/v1/user/profile',
  status: 401,
  content_length: '26',
  response_time: 1.846,
  level: 'http',
  message: 'incoming-request',
  timestamp: '2024-05-25 02:35:06.152 PM'
}
{
  method: 'GET',
  url: '/api/v1/user/profile',
  status: 401,
  content_length: '26',
  response_time: 2.373,
  level: 'http',
  message: 'incoming-request',
  timestamp: '2024-05-25 02:38:58.428 PM'
}
{
  method: 'GET',
  url: '/api/v1/user/profile',
  status: 401,
  content_length: '26',
  response_time: 0.541,
  level: 'http',
  message: 'incoming-request',
  timestamp: '2024-05-25 02:38:59.190 PM'
}
{
  method: 'GET',
  url: '/api/v1/user/profile',
  status: 401,
  content_length: '26',
  response_time: 1.743,
  level: 'http',
  message: 'incoming-request',
  timestamp: '2024-05-25 02:40:10.905 PM'
}
{
  method: 'GET',
  url: '/api/v1/user/profile',
  status: 401,
  content_length: '1347',
  response_time: 9.217,
  level: 'http',
  message: 'incoming-request',
  timestamp: '2024-05-25 02:41:40.046 PM'
}
{
  method: 'GET',
  url: '/api/v1/test',
  status: 200,
  content_length: '25',
  response_time: 2.375,
  level: 'http',
  message: 'incoming-request',
  timestamp: '2024-05-25 08:39:02.976 PM'
}
{
  method: 'GET',
  url: '/api/v1/auth/logout',
  status: 200,
  content_length: '71',
  response_time: 602.235,
  level: 'http',
  message: 'incoming-request',
  timestamp: '2024-05-25 08:39:09.086 PM'
}
{
  method: 'GET',
  url: '/api/v1/user/profile',
  status: 401,
  content_length: '27',
  response_time: 0.497,
  level: 'http',
  message: 'incoming-request',
  timestamp: '2024-05-25 08:39:24.843 PM'
}
{
  message: 'Incorrect email or password',
  level: 'error',
  timestamp: '2024-05-25 08:39:33.520 PM'
}
{
  method: 'POST',
  url: '/api/v1/auth/login',
  status: 400,
  content_length: '274',
  response_time: 5.839,
  level: 'http',
  message: 'incoming-request',
  timestamp: '2024-05-25 08:39:33.522 PM'
}
{
  method: 'POST',
  url: '/api/v1/auth/register',
  status: 400,
  content_length: '371',
  response_time: 2.496,
  level: 'http',
  message: 'incoming-request',
  timestamp: '2024-05-25 08:39:41.899 PM'
}
{
  method: 'POST',
  url: '/api/v1/auth/login',
  status: 200,
  content_length: '303',
  response_time: 99.583,
  level: 'http',
  message: 'incoming-request',
  timestamp: '2024-05-25 08:39:56.308 PM'
}
{
  method: 'POST',
  url: '/api/v1/auth/login',
  status: 200,
  content_length: '303',
  response_time: 76.639,
  level: 'http',
  message: 'incoming-request',
  timestamp: '2024-05-25 08:40:03.612 PM'
}
{
  method: 'GET',
  url: '/api/v1/user/profile',
  status: 401,
  content_length: '1347',
  response_time: 3.497,
  level: 'http',
  message: 'incoming-request',
  timestamp: '2024-05-25 08:40:09.310 PM'
}
{
  method: 'GET',
  url: '/api/v1/user/profile',
  status: 401,
  content_length: '1347',
  response_time: 3.782,
  level: 'http',
  message: 'incoming-request',
  timestamp: '2024-05-25 08:42:57.026 PM'
}
{
  method: 'POST',
  url: '/api/v1/auth/login',
  status: 200,
  content_length: '303',
  response_time: 76.862,
  level: 'http',
  message: 'incoming-request',
  timestamp: '2024-05-25 08:44:45.255 PM'
}
{
  method: 'GET',
  url: '/api/v1/user/profile',
  status: 401,
  content_length: '1347',
  response_time: 1.462,
  level: 'http',
  message: 'incoming-request',
  timestamp: '2024-05-25 08:44:57.909 PM'
}
{
  method: 'GET',
  url: '/api/v1/user/profile',
  status: 401,
  content_length: '1347',
  response_time: 1.182,
  level: 'http',
  message: 'incoming-request',
  timestamp: '2024-05-25 08:45:09.443 PM'
}
{
  method: 'GET',
  url: '/api/v1/user/profile',
  status: 403,
  content_length: '9',
  response_time: 3.628,
  level: 'http',
  message: 'incoming-request',
  timestamp: '2024-05-25 08:45:48.535 PM'
}
{
  method: 'GET',
  url: '/api/v1/user/profile',
  status: 403,
  content_length: '9',
  response_time: 1.171,
  level: 'http',
  message: 'incoming-request',
  timestamp: '2024-05-25 08:46:51.447 PM'
}
{
  method: 'GET',
  url: '/api/v1/user/profile',
  status: 200,
  content_length: '288',
  response_time: 14.13,
  level: 'http',
  message: 'incoming-request',
  timestamp: '2024-05-25 08:48:15.488 PM'
}
