{
  method: 'GET',
  url: '/api/v1/user/profile',
  status: 401,
  content_length: '12',
  response_time: 1.998,
  level: 'http',
  message: 'incoming-request',
  timestamp: '2024-07-17 05:22:31.596 PM'
}
{
  method: 'GET',
  url: '/api/v1/property/?page=1',
  status: 200,
  content_length: '2719',
  response_time: 529.536,
  level: 'http',
  message: 'incoming-request',
  timestamp: '2024-07-17 05:22:32.132 PM'
}
{
  method: 'GET',
  url: '/api/v1/property/?page=0',
  status: 200,
  content_length: '2719',
  response_time: 108.417,
  level: 'http',
  message: 'incoming-request',
  timestamp: '2024-07-17 05:22:37.317 PM'
}
{
  method: 'GET',
  url: '/api/v1/property/666720f01ed8af0105a0d444',
  status: 200,
  content_length: '457',
  response_time: 341.898,
  level: 'http',
  message: 'incoming-request',
  timestamp: '2024-07-17 05:22:37.553 PM'
}
{
  method: 'GET',
  url: '/api/v1/property/?page=1',
  status: 304,
  response_time: 411.813,
  level: 'http',
  message: 'incoming-request',
  timestamp: '2024-07-17 05:22:37.627 PM'
}
{
  method: 'POST',
  url: '/api/v1/auth/login',
  status: 200,
  content_length: '305',
  response_time: 212.499,
  level: 'http',
  message: 'incoming-request',
  timestamp: '2024-07-17 05:22:43.452 PM'
}
{
  method: 'GET',
  url: '/api/v1/user/profile',
  status: 200,
  content_length: '292',
  response_time: 107.049,
  level: 'http',
  message: 'incoming-request',
  timestamp: '2024-07-17 05:22:56.111 PM'
}
