{
  method: 'GET',
  url: '/api/v1/user/profile',
  status: 304,
  response_time: 102.025,
  level: 'http',
  message: 'incoming-request',
  timestamp: '2024-12-17 12:00:11.454 AM'
}
{
  method: 'GET',
  url: '/api/v1/property/?page=1',
  status: 200,
  content_length: '3505',
  response_time: 108.606,
  level: 'http',
  message: 'incoming-request',
  timestamp: '2024-12-17 12:00:11.476 AM'
}
{
  method: 'GET',
  url: '/api/v1/user/profile',
  status: 304,
  response_time: 103.199,
  level: 'http',
  message: 'incoming-request',
  timestamp: '2024-12-17 12:00:11.565 AM'
}
{
  method: 'GET',
  url: '/api/v1/user/profile',
  status: 304,
  response_time: 101.846,
  level: 'http',
  message: 'incoming-request',
  timestamp: '2024-12-17 12:00:11.760 AM'
}
{
  method: 'GET',
  url: '/api/v1/property/?page=1',
  status: 200,
  content_length: '3505',
  response_time: 104.069,
  level: 'http',
  message: 'incoming-request',
  timestamp: '2024-12-17 12:00:17.082 AM'
}
{
  method: 'GET',
  url: '/api/v1/user/profile',
  status: 304,
  response_time: 103.322,
  level: 'http',
  message: 'incoming-request',
  timestamp: '2024-12-17 12:00:17.097 AM'
}
{
  method: 'GET',
  url: '/api/v1/user/profile',
  status: 304,
  response_time: 105.861,
  level: 'http',
  message: 'incoming-request',
  timestamp: '2024-12-17 12:00:17.380 AM'
}
{
  method: 'GET',
  url: '/api/v1/user/profile',
  status: 304,
  response_time: 102.149,
  level: 'http',
  message: 'incoming-request',
  timestamp: '2024-12-17 12:00:17.735 AM'
}
{
  method: 'GET',
  url: '/api/v1/user/profile',
  status: 304,
  response_time: 102.867,
  level: 'http',
  message: 'incoming-request',
  timestamp: '2024-12-17 12:00:20.169 AM'
}
{
  method: 'GET',
  url: '/api/v1/property/?page=1',
  status: 200,
  content_length: '3505',
  response_time: 103.344,
  level: 'http',
  message: 'incoming-request',
  timestamp: '2024-12-17 12:00:20.184 AM'
}
{
  method: 'GET',
  url: '/api/v1/user/profile',
  status: 304,
  response_time: 101.992,
  level: 'http',
  message: 'incoming-request',
  timestamp: '2024-12-17 12:00:20.273 AM'
}
{
  method: 'GET',
  url: '/api/v1/user/profile',
  status: 304,
  response_time: 105.369,
  level: 'http',
  message: 'incoming-request',
  timestamp: '2024-12-17 12:00:21.235 AM'
}
{
  method: 'GET',
  url: '/api/v1/property/?page=1',
  status: 200,
  content_length: '3505',
  response_time: 108.03,
  level: 'http',
  message: 'incoming-request',
  timestamp: '2024-12-17 12:00:36.159 AM'
}
{
  method: 'GET',
  url: '/api/v1/user/profile',
  status: 304,
  response_time: 100.886,
  level: 'http',
  message: 'incoming-request',
  timestamp: '2024-12-17 12:00:36.163 AM'
}
{
  method: 'GET',
  url: '/api/v1/user/profile',
  status: 304,
  response_time: 101.665,
  level: 'http',
  message: 'incoming-request',
  timestamp: '2024-12-17 12:00:37.707 AM'
}
{
  method: 'GET',
  url: '/api/v1/property/?page=1',
  status: 200,
  content_length: '3505',
  response_time: 102.435,
  level: 'http',
  message: 'incoming-request',
  timestamp: '2024-12-17 12:01:54.498 AM'
}
{
  method: 'GET',
  url: '/api/v1/user/profile',
  status: 304,
  response_time: 103.574,
  level: 'http',
  message: 'incoming-request',
  timestamp: '2024-12-17 12:01:54.501 AM'
}
{
  method: 'GET',
  url: '/api/v1/user/profile',
  status: 304,
  response_time: 102.352,
  level: 'http',
  message: 'incoming-request',
  timestamp: '2024-12-17 12:01:54.605 AM'
}
{
  method: 'GET',
  url: '/api/v1/user/profile',
  status: 304,
  response_time: 101.878,
  level: 'http',
  message: 'incoming-request',
  timestamp: '2024-12-17 12:01:55.077 AM'
}
{
  method: 'GET',
  url: '/api/v1/property/?page=1',
  status: 200,
  content_length: '3505',
  response_time: 102.037,
  level: 'http',
  message: 'incoming-request',
  timestamp: '2024-12-17 12:01:58.021 AM'
}
{
  method: 'GET',
  url: '/api/v1/user/profile',
  status: 304,
  response_time: 102.412,
  level: 'http',
  message: 'incoming-request',
  timestamp: '2024-12-17 12:01:58.023 AM'
}
{
  method: 'GET',
  url: '/api/v1/user/profile',
  status: 304,
  response_time: 101.282,
  level: 'http',
  message: 'incoming-request',
  timestamp: '2024-12-17 12:01:58.125 AM'
}
{
  method: 'GET',
  url: '/api/v1/user/profile',
  status: 304,
  response_time: 101.853,
  level: 'http',
  message: 'incoming-request',
  timestamp: '2024-12-17 12:01:58.342 AM'
}
{
  method: 'GET',
  url: '/api/v1/user/profile',
  status: 304,
  response_time: 762.853,
  level: 'http',
  message: 'incoming-request',
  timestamp: '2024-12-17 12:02:58.762 AM'
}
{
  method: 'GET',
  url: '/api/v1/property/?page=1',
  status: 200,
  content_length: '3505',
  response_time: 766.416,
  level: 'http',
  message: 'incoming-request',
  timestamp: '2024-12-17 12:02:58.771 AM'
}
{
  method: 'GET',
  url: '/api/v1/user/profile',
  status: 304,
  response_time: 101.644,
  level: 'http',
  message: 'incoming-request',
  timestamp: '2024-12-17 12:02:58.865 AM'
}
{
  method: 'GET',
  url: '/api/v1/user/profile',
  status: 304,
  response_time: 102.17,
  level: 'http',
  message: 'incoming-request',
  timestamp: '2024-12-17 12:02:58.969 AM'
}
{
  method: 'GET',
  url: '/api/v1/property/?page=1',
  status: 200,
  content_length: '3505',
  response_time: 105.659,
  level: 'http',
  message: 'incoming-request',
  timestamp: '2024-12-17 12:04:03.336 AM'
}
{
  method: 'GET',
  url: '/api/v1/user/profile',
  status: 304,
  response_time: 104.343,
  level: 'http',
  message: 'incoming-request',
  timestamp: '2024-12-17 12:04:03.337 AM'
}
{
  method: 'GET',
  url: '/api/v1/user/profile',
  status: 304,
  response_time: 103.172,
  level: 'http',
  message: 'incoming-request',
  timestamp: '2024-12-17 12:04:03.442 AM'
}
{
  method: 'GET',
  url: '/api/v1/user/profile',
  status: 304,
  response_time: 103.072,
  level: 'http',
  message: 'incoming-request',
  timestamp: '2024-12-17 12:04:03.682 AM'
}
{
  method: 'GET',
  url: '/api/v1/property/?page=1',
  status: 200,
  content_length: '3505',
  response_time: 102.947,
  level: 'http',
  message: 'incoming-request',
  timestamp: '2024-12-17 12:04:29.678 AM'
}
{
  method: 'GET',
  url: '/api/v1/user/profile',
  status: 304,
  response_time: 102.803,
  level: 'http',
  message: 'incoming-request',
  timestamp: '2024-12-17 12:04:29.680 AM'
}
{
  method: 'GET',
  url: '/api/v1/user/profile',
  status: 304,
  response_time: 102.768,
  level: 'http',
  message: 'incoming-request',
  timestamp: '2024-12-17 12:04:29.784 AM'
}
{
  method: 'GET',
  url: '/api/v1/user/profile',
  status: 304,
  response_time: 105.689,
  level: 'http',
  message: 'incoming-request',
  timestamp: '2024-12-17 12:04:30.146 AM'
}
{
  method: 'GET',
  url: '/api/v1/user/profile',
  status: 304,
  response_time: 103.531,
  level: 'http',
  message: 'incoming-request',
  timestamp: '2024-12-17 12:05:21.516 AM'
}
{
  method: 'GET',
  url: '/api/v1/property/?page=1',
  status: 200,
  content_length: '3505',
  response_time: 104.043,
  level: 'http',
  message: 'incoming-request',
  timestamp: '2024-12-17 12:05:21.568 AM'
}
{
  method: 'GET',
  url: '/api/v1/user/profile',
  status: 304,
  response_time: 102.909,
  level: 'http',
  message: 'incoming-request',
  timestamp: '2024-12-17 12:05:21.620 AM'
}
{
  method: 'GET',
  url: '/api/v1/user/profile',
  status: 304,
  response_time: 102.928,
  level: 'http',
  message: 'incoming-request',
  timestamp: '2024-12-17 12:05:42.105 AM'
}
{
  method: 'GET',
  url: '/api/v1/property/?page=1',
  status: 200,
  content_length: '3505',
  response_time: 103.181,
  level: 'http',
  message: 'incoming-request',
  timestamp: '2024-12-17 12:05:42.111 AM'
}
{
  method: 'GET',
  url: '/api/v1/user/profile',
  status: 304,
  response_time: 103.064,
  level: 'http',
  message: 'incoming-request',
  timestamp: '2024-12-17 12:05:42.210 AM'
}
{
  method: 'GET',
  url: '/api/v1/user/profile',
  status: 304,
  response_time: 103.965,
  level: 'http',
  message: 'incoming-request',
  timestamp: '2024-12-17 12:05:53.413 AM'
}
{
  method: 'GET',
  url: '/api/v1/property/?page=1',
  status: 200,
  content_length: '3505',
  response_time: 102.775,
  level: 'http',
  message: 'incoming-request',
  timestamp: '2024-12-17 12:05:53.439 AM'
}
{
  method: 'GET',
  url: '/api/v1/user/profile',
  status: 304,
  response_time: 102.733,
  level: 'http',
  message: 'incoming-request',
  timestamp: '2024-12-17 12:05:53.517 AM'
}
{
  method: 'GET',
  url: '/api/v1/property/?page=1',
  status: 200,
  content_length: '3505',
  response_time: 103.77,
  level: 'http',
  message: 'incoming-request',
  timestamp: '2024-12-17 12:06:05.154 AM'
}
{
  method: 'GET',
  url: '/api/v1/user/profile',
  status: 304,
  response_time: 104.043,
  level: 'http',
  message: 'incoming-request',
  timestamp: '2024-12-17 12:06:05.156 AM'
}
{
  method: 'GET',
  url: '/api/v1/user/profile',
  status: 304,
  response_time: 102.699,
  level: 'http',
  message: 'incoming-request',
  timestamp: '2024-12-17 12:06:05.262 AM'
}
{
  method: 'GET',
  url: '/api/v1/user/profile',
  status: 304,
  response_time: 104.551,
  level: 'http',
  message: 'incoming-request',
  timestamp: '2024-12-17 12:06:11.366 AM'
}
{
  method: 'GET',
  url: '/api/v1/property/?page=1',
  status: 200,
  content_length: '3505',
  response_time: 104.762,
  level: 'http',
  message: 'incoming-request',
  timestamp: '2024-12-17 12:06:11.415 AM'
}
{
  method: 'GET',
  url: '/api/v1/user/profile',
  status: 304,
  response_time: 104.894,
  level: 'http',
  message: 'incoming-request',
  timestamp: '2024-12-17 12:06:11.472 AM'
}
{
  method: 'GET',
  url: '/api/v1/user/profile',
  status: 304,
  response_time: 102.822,
  level: 'http',
  message: 'incoming-request',
  timestamp: '2024-12-17 12:06:30.323 AM'
}
{
  method: 'GET',
  url: '/api/v1/property/?page=1',
  status: 200,
  content_length: '3505',
  response_time: 102.926,
  level: 'http',
  message: 'incoming-request',
  timestamp: '2024-12-17 12:06:30.329 AM'
}
{
  method: 'GET',
  url: '/api/v1/user/profile',
  status: 304,
  response_time: 103.541,
  level: 'http',
  message: 'incoming-request',
  timestamp: '2024-12-17 12:06:30.428 AM'
}
{
  method: 'GET',
  url: '/api/v1/user/profile',
  status: 304,
  response_time: 103.471,
  level: 'http',
  message: 'incoming-request',
  timestamp: '2024-12-17 12:06:30.568 AM'
}
{
  method: 'GET',
  url: '/api/v1/user/profile',
  status: 304,
  response_time: 103.727,
  level: 'http',
  message: 'incoming-request',
  timestamp: '2024-12-17 12:07:26.869 AM'
}
{
  method: 'GET',
  url: '/api/v1/user/profile',
  status: 304,
  response_time: 122.234,
  level: 'http',
  message: 'incoming-request',
  timestamp: '2024-12-17 12:08:23.134 AM'
}
{
  method: 'GET',
  url: '/api/v1/property/?page=1',
  status: 200,
  content_length: '3505',
  response_time: 104.576,
  level: 'http',
  message: 'incoming-request',
  timestamp: '2024-12-17 12:08:23.235 AM'
}
{
  method: 'GET',
  url: '/api/v1/user/profile',
  status: 304,
  response_time: 103.182,
  level: 'http',
  message: 'incoming-request',
  timestamp: '2024-12-17 12:08:23.239 AM'
}
{
  method: 'GET',
  url: '/api/v1/user/profile',
  status: 304,
  response_time: 103.058,
  level: 'http',
  message: 'incoming-request',
  timestamp: '2024-12-17 12:08:41.323 AM'
}
{
  method: 'GET',
  url: '/api/v1/property/?page=1',
  status: 200,
  content_length: '3505',
  response_time: 114.684,
  level: 'http',
  message: 'incoming-request',
  timestamp: '2024-12-17 12:08:41.341 AM'
}
{
  method: 'GET',
  url: '/api/v1/user/profile',
  status: 304,
  response_time: 102.906,
  level: 'http',
  message: 'incoming-request',
  timestamp: '2024-12-17 12:08:41.428 AM'
}
{
  method: 'GET',
  url: '/api/v1/user/profile',
  status: 304,
  response_time: 104.254,
  level: 'http',
  message: 'incoming-request',
  timestamp: '2024-12-17 12:08:58.810 AM'
}
{
  method: 'GET',
  url: '/api/v1/property/?page=1',
  status: 200,
  content_length: '3505',
  response_time: 105.098,
  level: 'http',
  message: 'incoming-request',
  timestamp: '2024-12-17 12:08:58.878 AM'
}
{
  method: 'GET',
  url: '/api/v1/user/profile',
  status: 304,
  response_time: 103.752,
  level: 'http',
  message: 'incoming-request',
  timestamp: '2024-12-17 12:08:58.974 AM'
}
{
  method: 'GET',
  url: '/api/v1/user/profile',
  status: 304,
  response_time: 103.859,
  level: 'http',
  message: 'incoming-request',
  timestamp: '2024-12-17 12:09:19.355 AM'
}
{
  method: 'GET',
  url: '/api/v1/property/?page=1',
  status: 200,
  content_length: '3505',
  response_time: 103.748,
  level: 'http',
  message: 'incoming-request',
  timestamp: '2024-12-17 12:09:19.433 AM'
}
{
  method: 'GET',
  url: '/api/v1/user/profile',
  status: 304,
  response_time: 104.327,
  level: 'http',
  message: 'incoming-request',
  timestamp: '2024-12-17 12:09:19.461 AM'
}
{
  method: 'GET',
  url: '/api/v1/property/?page=1',
  status: 200,
  content_length: '3505',
  response_time: 103.198,
  level: 'http',
  message: 'incoming-request',
  timestamp: '2024-12-17 12:09:27.031 AM'
}
{
  method: 'GET',
  url: '/api/v1/user/profile',
  status: 304,
  response_time: 103.039,
  level: 'http',
  message: 'incoming-request',
  timestamp: '2024-12-17 12:09:27.034 AM'
}
{
  method: 'GET',
  url: '/api/v1/user/profile',
  status: 304,
  response_time: 102.92,
  level: 'http',
  message: 'incoming-request',
  timestamp: '2024-12-17 12:09:27.138 AM'
}
{
  method: 'GET',
  url: '/api/v1/user/profile',
  status: 304,
  response_time: 103.324,
  level: 'http',
  message: 'incoming-request',
  timestamp: '2024-12-17 12:09:27.243 AM'
}
{
  method: 'GET',
  url: '/api/v1/property/?page=1',
  status: 200,
  content_length: '3505',
  response_time: 144.506,
  level: 'http',
  message: 'incoming-request',
  timestamp: '2024-12-17 12:09:53.388 AM'
}
{
  method: 'GET',
  url: '/api/v1/user/profile',
  status: 304,
  response_time: 143.894,
  level: 'http',
  message: 'incoming-request',
  timestamp: '2024-12-17 12:09:53.389 AM'
}
{
  method: 'GET',
  url: '/api/v1/property/?page=1',
  status: 200,
  content_length: '3505',
  response_time: 102.817,
  level: 'http',
  message: 'incoming-request',
  timestamp: '2024-12-17 12:09:59.055 AM'
}
{
  method: 'GET',
  url: '/api/v1/user/profile',
  status: 304,
  response_time: 102.794,
  level: 'http',
  message: 'incoming-request',
  timestamp: '2024-12-17 12:09:59.056 AM'
}
{
  method: 'GET',
  url: '/api/v1/property/?page=1',
  status: 200,
  content_length: '3505',
  response_time: 105.66,
  level: 'http',
  message: 'incoming-request',
  timestamp: '2024-12-17 12:10:09.111 AM'
}
{
  method: 'GET',
  url: '/api/v1/user/profile',
  status: 304,
  response_time: 105.535,
  level: 'http',
  message: 'incoming-request',
  timestamp: '2024-12-17 12:10:09.112 AM'
}
{
  method: 'GET',
  url: '/api/v1/user/profile',
  status: 304,
  response_time: 105.148,
  level: 'http',
  message: 'incoming-request',
  timestamp: '2024-12-17 12:10:09.911 AM'
}
{
  method: 'GET',
  url: '/api/v1/property/?page=1',
  status: 200,
  content_length: '3505',
  response_time: 105.286,
  level: 'http',
  message: 'incoming-request',
  timestamp: '2024-12-17 12:10:29.217 AM'
}
{
  method: 'GET',
  url: '/api/v1/user/profile',
  status: 304,
  response_time: 105.848,
  level: 'http',
  message: 'incoming-request',
  timestamp: '2024-12-17 12:10:29.220 AM'
}
{
  method: 'GET',
  url: '/api/v1/user/profile',
  status: 304,
  response_time: 105.596,
  level: 'http',
  message: 'incoming-request',
  timestamp: '2024-12-17 12:10:29.553 AM'
}
{
  method: 'GET',
  url: '/api/v1/property/?page=1',
  status: 200,
  content_length: '3505',
  response_time: 103.536,
  level: 'http',
  message: 'incoming-request',
  timestamp: '2024-12-17 12:10:54.703 AM'
}
{
  method: 'GET',
  url: '/api/v1/user/profile',
  status: 304,
  response_time: 108.013,
  level: 'http',
  message: 'incoming-request',
  timestamp: '2024-12-17 12:10:54.709 AM'
}
{
  method: 'GET',
  url: '/api/v1/property/?page=1',
  status: 200,
  content_length: '3505',
  response_time: 103.58,
  level: 'http',
  message: 'incoming-request',
  timestamp: '2024-12-17 12:11:04.221 AM'
}
{
  method: 'GET',
  url: '/api/v1/user/profile',
  status: 304,
  response_time: 105.972,
  level: 'http',
  message: 'incoming-request',
  timestamp: '2024-12-17 12:11:04.223 AM'
}
{
  method: 'GET',
  url: '/api/v1/user/profile',
  status: 304,
  response_time: 104.16,
  level: 'http',
  message: 'incoming-request',
  timestamp: '2024-12-17 12:11:04.447 AM'
}
{
  method: 'GET',
  url: '/api/v1/user/profile',
  status: 304,
  response_time: 103.373,
  level: 'http',
  message: 'incoming-request',
  timestamp: '2024-12-17 12:11:06.999 AM'
}
{
  method: 'GET',
  url: '/api/v1/property/?page=1',
  status: 200,
  content_length: '3505',
  response_time: 102.941,
  level: 'http',
  message: 'incoming-request',
  timestamp: '2024-12-17 12:11:07.869 AM'
}
{
  method: 'GET',
  url: '/api/v1/user/profile',
  status: 304,
  response_time: 104.456,
  level: 'http',
  message: 'incoming-request',
  timestamp: '2024-12-17 12:11:07.872 AM'
}
{
  method: 'GET',
  url: '/api/v1/user/profile',
  status: 304,
  response_time: 103.048,
  level: 'http',
  message: 'incoming-request',
  timestamp: '2024-12-17 12:11:12.465 AM'
}
{
  method: 'GET',
  url: '/api/v1/property/?page=1',
  status: 200,
  content_length: '3505',
  response_time: 102.425,
  level: 'http',
  message: 'incoming-request',
  timestamp: '2024-12-17 12:13:07.601 AM'
}
{
  method: 'GET',
  url: '/api/v1/user/profile',
  status: 304,
  response_time: 103.173,
  level: 'http',
  message: 'incoming-request',
  timestamp: '2024-12-17 12:13:07.603 AM'
}
{
  method: 'GET',
  url: '/api/v1/user/profile',
  status: 304,
  response_time: 103.182,
  level: 'http',
  message: 'incoming-request',
  timestamp: '2024-12-17 12:13:07.873 AM'
}
{
  method: 'GET',
  url: '/api/v1/property/?page=1',
  status: 200,
  content_length: '3505',
  response_time: 104.734,
  level: 'http',
  message: 'incoming-request',
  timestamp: '2024-12-17 12:13:45.642 AM'
}
{
  method: 'GET',
  url: '/api/v1/user/profile',
  status: 304,
  response_time: 104.31,
  level: 'http',
  message: 'incoming-request',
  timestamp: '2024-12-17 12:13:45.643 AM'
}
{
  method: 'GET',
  url: '/api/v1/user/profile',
  status: 304,
  response_time: 103.34,
  level: 'http',
  message: 'incoming-request',
  timestamp: '2024-12-17 12:13:46.092 AM'
}
{
  method: 'GET',
  url: '/api/v1/user/profile',
  status: 304,
  response_time: 102.967,
  level: 'http',
  message: 'incoming-request',
  timestamp: '2024-12-17 12:13:51.533 AM'
}
{
  method: 'GET',
  url: '/api/v1/user/profile',
  status: 304,
  response_time: 103.945,
  level: 'http',
  message: 'incoming-request',
  timestamp: '2024-12-17 12:13:55.805 AM'
}
{
  method: 'GET',
  url: '/api/v1/property/?page=1',
  status: 200,
  content_length: '3505',
  response_time: 103.67,
  level: 'http',
  message: 'incoming-request',
  timestamp: '2024-12-17 12:13:55.808 AM'
}
{
  method: 'GET',
  url: '/api/v1/user/profile',
  status: 304,
  response_time: 105.129,
  level: 'http',
  message: 'incoming-request',
  timestamp: '2024-12-17 12:13:59.377 AM'
}
{
  method: 'GET',
  url: '/api/v1/property/?page=1',
  status: 200,
  content_length: '3505',
  response_time: 103.184,
  level: 'http',
  message: 'incoming-request',
  timestamp: '2024-12-17 12:14:38.378 AM'
}
{
  method: 'GET',
  url: '/api/v1/user/profile',
  status: 304,
  response_time: 104.078,
  level: 'http',
  message: 'incoming-request',
  timestamp: '2024-12-17 12:14:38.380 AM'
}
{
  method: 'GET',
  url: '/api/v1/property/?page=1',
  status: 200,
  content_length: '3505',
  response_time: 103.617,
  level: 'http',
  message: 'incoming-request',
  timestamp: '2024-12-17 12:14:44.778 AM'
}
{
  method: 'GET',
  url: '/api/v1/user/profile',
  status: 304,
  response_time: 102.814,
  level: 'http',
  message: 'incoming-request',
  timestamp: '2024-12-17 12:14:44.779 AM'
}
{
  method: 'GET',
  url: '/api/v1/user/profile',
  status: 304,
  response_time: 102.882,
  level: 'http',
  message: 'incoming-request',
  timestamp: '2024-12-17 12:14:45.001 AM'
}
{
  error: TypeError: Cannot read properties of undefined (reading 'length')
      at addOrderItem (D:\Projects\mern-project-typescript\backend\controllers\order\addOrderItem.ts:24:20)
      at Layer.handle [as handle_request] (D:\Projects\mern-project-typescript\node_modules\express\lib\router\layer.js:95:5)
      at next (D:\Projects\mern-project-typescript\node_modules\express\lib\router\route.js:149:13)
      at D:\Projects\mern-project-typescript\backend\middleware\roleMiddleware.ts:34:13
      at Layer.handle [as handle_request] (D:\Projects\mern-project-typescript\node_modules\express\lib\router\layer.js:95:5)
      at next (D:\Projects\mern-project-typescript\node_modules\express\lib\router\route.js:149:13)
      at D:\Projects\mern-project-typescript\backend\middleware\checkAuthMiddleware.ts:50:17
      at processTicksAndRejections (node:internal/process/task_queues:95:5),
  level: 'error',
  message: "unhandledRejection: Cannot read properties of undefined (reading 'length')\n" +
    "TypeError: Cannot read properties of undefined (reading 'length')\n" +
    '    at addOrderItem (D:\\Projects\\mern-project-typescript\\backend\\controllers\\order\\addOrderItem.ts:24:20)\n' +
    '    at Layer.handle [as handle_request] (D:\\Projects\\mern-project-typescript\\node_modules\\express\\lib\\router\\layer.js:95:5)\n' +
    '    at next (D:\\Projects\\mern-project-typescript\\node_modules\\express\\lib\\router\\route.js:149:13)\n' +
    '    at D:\\Projects\\mern-project-typescript\\backend\\middleware\\roleMiddleware.ts:34:13\n' +
    '    at Layer.handle [as handle_request] (D:\\Projects\\mern-project-typescript\\node_modules\\express\\lib\\router\\layer.js:95:5)\n' +
    '    at next (D:\\Projects\\mern-project-typescript\\node_modules\\express\\lib\\router\\route.js:149:13)\n' +
    '    at D:\\Projects\\mern-project-typescript\\backend\\middleware\\checkAuthMiddleware.ts:50:17\n' +
    '    at processTicksAndRejections (node:internal/process/task_queues:95:5)',
  stack: "TypeError: Cannot read properties of undefined (reading 'length')\n" +
    '    at addOrderItem (D:\\Projects\\mern-project-typescript\\backend\\controllers\\order\\addOrderItem.ts:24:20)\n' +
    '    at Layer.handle [as handle_request] (D:\\Projects\\mern-project-typescript\\node_modules\\express\\lib\\router\\layer.js:95:5)\n' +
    '    at next (D:\\Projects\\mern-project-typescript\\node_modules\\express\\lib\\router\\route.js:149:13)\n' +
    '    at D:\\Projects\\mern-project-typescript\\backend\\middleware\\roleMiddleware.ts:34:13\n' +
    '    at Layer.handle [as handle_request] (D:\\Projects\\mern-project-typescript\\node_modules\\express\\lib\\router\\layer.js:95:5)\n' +
    '    at next (D:\\Projects\\mern-project-typescript\\node_modules\\express\\lib\\router\\route.js:149:13)\n' +
    '    at D:\\Projects\\mern-project-typescript\\backend\\middleware\\checkAuthMiddleware.ts:50:17\n' +
    '    at processTicksAndRejections (node:internal/process/task_queues:95:5)',
  rejection: true,
  date: 'Tue Dec 17 2024 00:14:49 GMT+0200 (Восточная Европа, стандартное время)',
  process: {
    pid: 27908,
    uid: null,
    gid: null,
    cwd: 'D:\\Projects\\mern-project-typescript',
    execPath: 'C:\\Program Files\\nodejs\\node.exe',
    version: 'v20.12.2',
    argv: [
      'D:\\Projects\\mern-project-typescript\\node_modules\\ts-node\\dist\\bin.js',
      'D:\\Projects\\mern-project-typescript\\backend\\server.ts'
    ],
    memoryUsage: {
      rss: 369197056,
      heapTotal: 360996864,
      heapUsed: 342470904,
      external: 26168549,
      arrayBuffers: 23136311
    }
  },
  os: { loadavg: [ 0, 0, 0 ], uptime: 177500.156 },
  trace: [
    {
      column: 20,
      file: 'D:\\Projects\\mern-project-typescript\\backend\\controllers\\order\\addOrderItem.ts',
      function: 'addOrderItem',
      line: 24,
      method: null,
      native: false
    },
    {
      column: 5,
      file: 'D:\\Projects\\mern-project-typescript\\node_modules\\express\\lib\\router\\layer.js',
      function: 'Layer.handle [as handle_request]',
      line: 95,
      method: 'handle [as handle_request]',
      native: false
    },
    {
      column: 13,
      file: 'D:\\Projects\\mern-project-typescript\\node_modules\\express\\lib\\router\\route.js',
      function: 'next',
      line: 149,
      method: null,
      native: false
    },
    {
      column: 13,
      file: 'D:\\Projects\\mern-project-typescript\\backend\\middleware\\roleMiddleware.ts',
      function: null,
      line: 34,
      method: null,
      native: false
    },
    {
      column: 5,
      file: 'D:\\Projects\\mern-project-typescript\\node_modules\\express\\lib\\router\\layer.js',
      function: 'Layer.handle [as handle_request]',
      line: 95,
      method: 'handle [as handle_request]',
      native: false
    },
    {
      column: 13,
      file: 'D:\\Projects\\mern-project-typescript\\node_modules\\express\\lib\\router\\route.js',
      function: 'next',
      line: 149,
      method: null,
      native: false
    },
    {
      column: 17,
      file: 'D:\\Projects\\mern-project-typescript\\backend\\middleware\\checkAuthMiddleware.ts',
      function: null,
      line: 50,
      method: null,
      native: false
    },
    {
      column: 5,
      file: 'node:internal/process/task_queues',
      function: 'processTicksAndRejections',
      line: 95,
      method: null,
      native: false
    }
  ],
  timestamp: '2024-12-17 12:14:49.202 AM'
}
