{
  method: 'GET',
  url: '/api/v1/user/profile',
  status: 401,
  content_length: '12',
  response_time: 2.009,
  level: 'http',
  message: 'incoming-request',
  timestamp: '2024-07-15 11:48:45.456 AM'
}
{
  method: 'GET',
  url: '/api/v1/property/666720f01ed8af0105a0d444',
  status: 304,
  response_time: 79.071,
  level: 'http',
  message: 'incoming-request',
  timestamp: '2024-07-15 11:48:45.547 AM'
}
{
  method: 'GET',
  url: '/api/v1/property/?page=0',
  status: 304,
  response_time: 163.346,
  level: 'http',
  message: 'incoming-request',
  timestamp: '2024-07-15 11:48:45.627 AM'
}
{
  method: 'GET',
  url: '/api/v1/property/?page=1',
  status: 304,
  response_time: 110.804,
  level: 'http',
  message: 'incoming-request',
  timestamp: '2024-07-15 11:48:57.806 AM'
}
{
  method: 'GET',
  url: '/api/v1/property/667d32bae9317340ae958b34',
  status: 304,
  response_time: 46.644,
  level: 'http',
  message: 'incoming-request',
  timestamp: '2024-07-15 11:48:57.902 AM'
}
{
  method: 'GET',
  url: '/api/v1/property/66698737b4ca40d2e7bfb178',
  status: 304,
  response_time: 74.636,
  level: 'http',
  message: 'incoming-request',
  timestamp: '2024-07-15 11:48:57.928 AM'
}
{
  method: 'GET',
  url: '/api/v1/property/667d3302e9317340ae958b38',
  status: 304,
  response_time: 96.627,
  level: 'http',
  message: 'incoming-request',
  timestamp: '2024-07-15 11:48:57.955 AM'
}
{
  method: 'GET',
  url: '/api/v1/property/667d3343e9317340ae958b3c',
  status: 304,
  response_time: 542.398,
  level: 'http',
  message: 'incoming-request',
  timestamp: '2024-07-15 11:48:58.402 AM'
}
{
  method: 'GET',
  url: '/api/v1/property/667d33ace9317340ae958b40',
  status: 304,
  response_time: 615.362,
  level: 'http',
  message: 'incoming-request',
  timestamp: '2024-07-15 11:48:58.476 AM'
}
{
  method: 'GET',
  url: '/api/v1/user/profile',
  status: 401,
  content_length: '12',
  response_time: 0.329,
  level: 'http',
  message: 'incoming-request',
  timestamp: '2024-07-15 11:51:02.737 AM'
}
{
  method: 'GET',
  url: '/api/v1/property/666720f01ed8af0105a0d444',
  status: 304,
  response_time: 80.712,
  level: 'http',
  message: 'incoming-request',
  timestamp: '2024-07-15 11:51:02.821 AM'
}
{
  method: 'GET',
  url: '/api/v1/property/?page=0',
  status: 304,
  response_time: 142.631,
  level: 'http',
  message: 'incoming-request',
  timestamp: '2024-07-15 11:51:02.881 AM'
}
{
  method: 'GET',
  url: '/api/v1/property/?page=1',
  status: 304,
  response_time: 112.272,
  level: 'http',
  message: 'incoming-request',
  timestamp: '2024-07-15 11:51:09.142 AM'
}
{
  method: 'GET',
  url: '/api/v1/property/666720f01ed8af0105a0d444',
  status: 304,
  response_time: 52.667,
  level: 'http',
  message: 'incoming-request',
  timestamp: '2024-07-15 11:53:26.377 AM'
}
{
  method: 'GET',
  url: '/api/v1/property/?page=0',
  status: 304,
  response_time: 124.569,
  level: 'http',
  message: 'incoming-request',
  timestamp: '2024-07-15 11:53:26.447 AM'
}
{
  method: 'GET',
  url: '/api/v1/user/profile',
  status: 401,
  content_length: '12',
  response_time: 0.177,
  level: 'http',
  message: 'incoming-request',
  timestamp: '2024-07-15 11:54:01.680 AM'
}
{
  method: 'GET',
  url: '/api/v1/property/666720f01ed8af0105a0d444',
  status: 304,
  response_time: 117.764,
  level: 'http',
  message: 'incoming-request',
  timestamp: '2024-07-15 11:54:01.798 AM'
}
{
  method: 'GET',
  url: '/api/v1/property/?page=0',
  status: 304,
  response_time: 162.171,
  level: 'http',
  message: 'incoming-request',
  timestamp: '2024-07-15 11:54:01.840 AM'
}
{
  method: 'GET',
  url: '/api/v1/user/profile',
  status: 401,
  content_length: '12',
  response_time: 0.19,
  level: 'http',
  message: 'incoming-request',
  timestamp: '2024-07-15 11:57:12.112 AM'
}
{
  method: 'GET',
  url: '/api/v1/property/666720f01ed8af0105a0d444',
  status: 304,
  response_time: 42.512,
  level: 'http',
  message: 'incoming-request',
  timestamp: '2024-07-15 11:57:12.156 AM'
}
{
  method: 'GET',
  url: '/api/v1/property/?page=0',
  status: 304,
  response_time: 163.14,
  level: 'http',
  message: 'incoming-request',
  timestamp: '2024-07-15 11:57:12.278 AM'
}
{
  method: 'GET',
  url: '/api/v1/user/profile',
  status: 401,
  content_length: '12',
  response_time: 0.19,
  level: 'http',
  message: 'incoming-request',
  timestamp: '2024-07-15 11:57:25.695 AM'
}
{
  method: 'GET',
  url: '/api/v1/property/666720f01ed8af0105a0d444',
  status: 304,
  response_time: 82.263,
  level: 'http',
  message: 'incoming-request',
  timestamp: '2024-07-15 11:57:25.780 AM'
}
{
  method: 'GET',
  url: '/api/v1/property/?page=0',
  status: 304,
  response_time: 150.558,
  level: 'http',
  message: 'incoming-request',
  timestamp: '2024-07-15 11:57:25.847 AM'
}
{
  method: 'GET',
  url: '/api/v1/user/profile',
  status: 401,
  content_length: '12',
  response_time: 0.201,
  level: 'http',
  message: 'incoming-request',
  timestamp: '2024-07-15 11:57:32.784 AM'
}
{
  method: 'GET',
  url: '/api/v1/property/666720f01ed8af0105a0d444',
  status: 304,
  response_time: 53.291,
  level: 'http',
  message: 'incoming-request',
  timestamp: '2024-07-15 11:57:32.840 AM'
}
{
  method: 'GET',
  url: '/api/v1/property/?page=0',
  status: 304,
  response_time: 124.818,
  level: 'http',
  message: 'incoming-request',
  timestamp: '2024-07-15 11:57:32.910 AM'
}
{
  method: 'GET',
  url: '/api/v1/user/profile',
  status: 401,
  content_length: '12',
  response_time: 0.262,
  level: 'http',
  message: 'incoming-request',
  timestamp: '2024-07-15 12:01:34.969 PM'
}
{
  method: 'GET',
  url: '/api/v1/property/666720f01ed8af0105a0d444',
  status: 200,
  content_length: '457',
  response_time: 235.959,
  level: 'http',
  message: 'incoming-request',
  timestamp: '2024-07-15 12:01:35.206 PM'
}
{
  method: 'GET',
  url: '/api/v1/property/?page=0',
  status: 200,
  content_length: '2719',
  response_time: 329.709,
  level: 'http',
  message: 'incoming-request',
  timestamp: '2024-07-15 12:01:35.302 PM'
}
{
  method: 'GET',
  url: '/api/v1/user/profile',
  status: 401,
  content_length: '12',
  response_time: 0.194,
  level: 'http',
  message: 'incoming-request',
  timestamp: '2024-07-15 12:01:40.005 PM'
}
{
  method: 'GET',
  url: '/api/v1/property/666720f01ed8af0105a0d444',
  status: 304,
  response_time: 54.989,
  level: 'http',
  message: 'incoming-request',
  timestamp: '2024-07-15 12:01:40.061 PM'
}
{
  method: 'GET',
  url: '/api/v1/property/?page=0',
  status: 304,
  response_time: 236.75,
  level: 'http',
  message: 'incoming-request',
  timestamp: '2024-07-15 12:01:40.244 PM'
}
{
  method: 'GET',
  url: '/api/v1/user/profile',
  status: 401,
  content_length: '12',
  response_time: 0.175,
  level: 'http',
  message: 'incoming-request',
  timestamp: '2024-07-15 12:01:44.208 PM'
}
{
  method: 'GET',
  url: '/api/v1/property/666720f01ed8af0105a0d444',
  status: 304,
  response_time: 109.402,
  level: 'http',
  message: 'incoming-request',
  timestamp: '2024-07-15 12:01:44.319 PM'
}
{
  method: 'GET',
  url: '/api/v1/property/?page=0',
  status: 304,
  response_time: 180.498,
  level: 'http',
  message: 'incoming-request',
  timestamp: '2024-07-15 12:01:44.389 PM'
}
{
  method: 'GET',
  url: '/api/v1/user/profile',
  status: 401,
  content_length: '12',
  response_time: 1.957,
  level: 'http',
  message: 'incoming-request',
  timestamp: '2024-07-15 08:32:26.803 PM'
}
{
  method: 'GET',
  url: '/api/v1/property/?page=1',
  status: 200,
  content_length: '2719',
  response_time: 290.404,
  level: 'http',
  message: 'incoming-request',
  timestamp: '2024-07-15 08:32:27.099 PM'
}
{
  method: 'GET',
  url: '/api/v1/property/666720f01ed8af0105a0d444',
  status: 200,
  content_length: '457',
  response_time: 119.393,
  level: 'http',
  message: 'incoming-request',
  timestamp: '2024-07-15 08:32:28.396 PM'
}
{
  method: 'GET',
  url: '/api/v1/property/?page=0',
  status: 200,
  content_length: '2719',
  response_time: 167.323,
  level: 'http',
  message: 'incoming-request',
  timestamp: '2024-07-15 08:32:28.441 PM'
}
{
  method: 'GET',
  url: '/api/v1/user/profile',
  status: 401,
  content_length: '12',
  response_time: 0.359,
  level: 'http',
  message: 'incoming-request',
  timestamp: '2024-07-15 08:33:57.221 PM'
}
{
  method: 'GET',
  url: '/api/v1/property/666720f01ed8af0105a0d444',
  status: 304,
  response_time: 117.518,
  level: 'http',
  message: 'incoming-request',
  timestamp: '2024-07-15 08:33:57.342 PM'
}
{
  method: 'GET',
  url: '/api/v1/property/?page=0',
  status: 304,
  response_time: 255.762,
  level: 'http',
  message: 'incoming-request',
  timestamp: '2024-07-15 08:33:57.478 PM'
}
{
  method: 'GET',
  url: '/api/v1/user/profile',
  status: 401,
  content_length: '12',
  response_time: 0.201,
  level: 'http',
  message: 'incoming-request',
  timestamp: '2024-07-15 08:53:10.459 PM'
}
{
  method: 'GET',
  url: '/api/v1/property/666720f01ed8af0105a0d444',
  status: 304,
  response_time: 170.78,
  level: 'http',
  message: 'incoming-request',
  timestamp: '2024-07-15 08:53:10.632 PM'
}
{
  method: 'GET',
  url: '/api/v1/property/?page=0',
  status: 304,
  response_time: 288.855,
  level: 'http',
  message: 'incoming-request',
  timestamp: '2024-07-15 08:53:10.749 PM'
}
{
  method: 'GET',
  url: '/api/v1/user/profile',
  status: 401,
  content_length: '12',
  response_time: 0.195,
  level: 'http',
  message: 'incoming-request',
  timestamp: '2024-07-15 08:53:18.964 PM'
}
{
  method: 'GET',
  url: '/api/v1/property/666720f01ed8af0105a0d444',
  status: 304,
  response_time: 144.962,
  level: 'http',
  message: 'incoming-request',
  timestamp: '2024-07-15 08:53:19.112 PM'
}
{
  method: 'GET',
  url: '/api/v1/property/?page=0',
  status: 304,
  response_time: 262.851,
  level: 'http',
  message: 'incoming-request',
  timestamp: '2024-07-15 08:53:19.228 PM'
}
{
  method: 'GET',
  url: '/api/v1/user/profile',
  status: 401,
  content_length: '12',
  response_time: 0.241,
  level: 'http',
  message: 'incoming-request',
  timestamp: '2024-07-15 08:53:23.016 PM'
}
{
  method: 'GET',
  url: '/api/v1/property/666720f01ed8af0105a0d444',
  status: 304,
  response_time: 149.637,
  level: 'http',
  message: 'incoming-request',
  timestamp: '2024-07-15 08:53:23.168 PM'
}
{
  method: 'GET',
  url: '/api/v1/property/?page=0',
  status: 304,
  response_time: 242.82,
  level: 'http',
  message: 'incoming-request',
  timestamp: '2024-07-15 08:53:23.260 PM'
}
{
  method: 'GET',
  url: '/api/v1/user/profile',
  status: 401,
  content_length: '12',
  response_time: 0.17,
  level: 'http',
  message: 'incoming-request',
  timestamp: '2024-07-15 08:53:25.365 PM'
}
{
  method: 'GET',
  url: '/api/v1/property/666720f01ed8af0105a0d444',
  status: 304,
  response_time: 157.054,
  level: 'http',
  message: 'incoming-request',
  timestamp: '2024-07-15 08:53:25.524 PM'
}
{
  method: 'GET',
  url: '/api/v1/property/?page=0',
  status: 304,
  response_time: 231.435,
  level: 'http',
  message: 'incoming-request',
  timestamp: '2024-07-15 08:53:25.597 PM'
}
{
  method: 'GET',
  url: '/api/v1/user/profile',
  status: 401,
  content_length: '12',
  response_time: 0.186,
  level: 'http',
  message: 'incoming-request',
  timestamp: '2024-07-15 08:53:27.332 PM'
}
{
  method: 'GET',
  url: '/api/v1/property/666720f01ed8af0105a0d444',
  status: 304,
  response_time: 126.271,
  level: 'http',
  message: 'incoming-request',
  timestamp: '2024-07-15 08:53:27.460 PM'
}
{
  method: 'GET',
  url: '/api/v1/property/?page=0',
  status: 304,
  response_time: 210.871,
  level: 'http',
  message: 'incoming-request',
  timestamp: '2024-07-15 08:53:27.543 PM'
}
{
  method: 'GET',
  url: '/api/v1/user/profile',
  status: 401,
  content_length: '12',
  response_time: 0.19,
  level: 'http',
  message: 'incoming-request',
  timestamp: '2024-07-15 08:53:30.851 PM'
}
{
  method: 'GET',
  url: '/api/v1/property/666720f01ed8af0105a0d444',
  status: 304,
  response_time: 118.079,
  level: 'http',
  message: 'incoming-request',
  timestamp: '2024-07-15 08:53:30.971 PM'
}
{
  method: 'GET',
  url: '/api/v1/property/?page=0',
  status: 304,
  response_time: 199.781,
  level: 'http',
  message: 'incoming-request',
  timestamp: '2024-07-15 08:53:31.051 PM'
}
{
  method: 'GET',
  url: '/api/v1/user/profile',
  status: 401,
  content_length: '12',
  response_time: 0.164,
  level: 'http',
  message: 'incoming-request',
  timestamp: '2024-07-15 08:53:32.696 PM'
}
{
  method: 'GET',
  url: '/api/v1/property/666720f01ed8af0105a0d444',
  status: 304,
  response_time: 120.535,
  level: 'http',
  message: 'incoming-request',
  timestamp: '2024-07-15 08:53:32.818 PM'
}
{
  method: 'GET',
  url: '/api/v1/property/?page=0',
  status: 304,
  response_time: 200.96,
  level: 'http',
  message: 'incoming-request',
  timestamp: '2024-07-15 08:53:32.898 PM'
}
{
  method: 'GET',
  url: '/api/v1/user/profile',
  status: 401,
  content_length: '12',
  response_time: 0.198,
  level: 'http',
  message: 'incoming-request',
  timestamp: '2024-07-15 08:53:38.855 PM'
}
{
  method: 'GET',
  url: '/api/v1/property/666720f01ed8af0105a0d444',
  status: 304,
  response_time: 117.899,
  level: 'http',
  message: 'incoming-request',
  timestamp: '2024-07-15 08:53:38.976 PM'
}
{
  method: 'GET',
  url: '/api/v1/property/?page=0',
  status: 304,
  response_time: 198.781,
  level: 'http',
  message: 'incoming-request',
  timestamp: '2024-07-15 08:53:39.056 PM'
}
{
  method: 'GET',
  url: '/api/v1/user/profile',
  status: 401,
  content_length: '12',
  response_time: 0.195,
  level: 'http',
  message: 'incoming-request',
  timestamp: '2024-07-15 08:53:39.922 PM'
}
{
  method: 'GET',
  url: '/api/v1/property/666720f01ed8af0105a0d444',
  status: 304,
  response_time: 118.202,
  level: 'http',
  message: 'incoming-request',
  timestamp: '2024-07-15 08:53:40.043 PM'
}
{
  method: 'GET',
  url: '/api/v1/property/?page=0',
  status: 304,
  response_time: 198.762,
  level: 'http',
  message: 'incoming-request',
  timestamp: '2024-07-15 08:53:40.122 PM'
}
{
  method: 'GET',
  url: '/api/v1/user/profile',
  status: 401,
  content_length: '12',
  response_time: 0.181,
  level: 'http',
  message: 'incoming-request',
  timestamp: '2024-07-15 08:53:45.064 PM'
}
{
  method: 'GET',
  url: '/api/v1/property/666720f01ed8af0105a0d444',
  status: 304,
  response_time: 122.047,
  level: 'http',
  message: 'incoming-request',
  timestamp: '2024-07-15 08:53:45.188 PM'
}
{
  method: 'GET',
  url: '/api/v1/property/?page=0',
  status: 304,
  response_time: 199.377,
  level: 'http',
  message: 'incoming-request',
  timestamp: '2024-07-15 08:53:45.264 PM'
}
{
  method: 'GET',
  url: '/api/v1/user/profile',
  status: 401,
  content_length: '12',
  response_time: 0.162,
  level: 'http',
  message: 'incoming-request',
  timestamp: '2024-07-15 08:53:47.990 PM'
}
{
  method: 'GET',
  url: '/api/v1/property/666720f01ed8af0105a0d444',
  status: 304,
  response_time: 117.831,
  level: 'http',
  message: 'incoming-request',
  timestamp: '2024-07-15 08:53:48.110 PM'
}
{
  method: 'GET',
  url: '/api/v1/property/?page=0',
  status: 304,
  response_time: 197.926,
  level: 'http',
  message: 'incoming-request',
  timestamp: '2024-07-15 08:53:48.189 PM'
}
{
  method: 'GET',
  url: '/api/v1/user/profile',
  status: 401,
  content_length: '12',
  response_time: 0.165,
  level: 'http',
  message: 'incoming-request',
  timestamp: '2024-07-15 08:53:55.528 PM'
}
{
  method: 'GET',
  url: '/api/v1/property/666720f01ed8af0105a0d444',
  status: 304,
  response_time: 160.583,
  level: 'http',
  message: 'incoming-request',
  timestamp: '2024-07-15 08:53:55.691 PM'
}
{
  method: 'GET',
  url: '/api/v1/property/?page=0',
  status: 304,
  response_time: 233.535,
  level: 'http',
  message: 'incoming-request',
  timestamp: '2024-07-15 08:53:55.763 PM'
}
{
  method: 'GET',
  url: '/api/v1/user/profile',
  status: 401,
  content_length: '12',
  response_time: 0.168,
  level: 'http',
  message: 'incoming-request',
  timestamp: '2024-07-15 08:53:58.774 PM'
}
{
  method: 'GET',
  url: '/api/v1/property/666720f01ed8af0105a0d444',
  status: 304,
  response_time: 120.153,
  level: 'http',
  message: 'incoming-request',
  timestamp: '2024-07-15 08:53:58.897 PM'
}
{
  method: 'GET',
  url: '/api/v1/property/?page=0',
  status: 304,
  response_time: 199.335,
  level: 'http',
  message: 'incoming-request',
  timestamp: '2024-07-15 08:53:58.975 PM'
}
{
  method: 'GET',
  url: '/api/v1/user/profile',
  status: 401,
  content_length: '12',
  response_time: 0.2,
  level: 'http',
  message: 'incoming-request',
  timestamp: '2024-07-15 08:59:32.505 PM'
}
{
  method: 'GET',
  url: '/api/v1/property/666720f01ed8af0105a0d444',
  status: 304,
  response_time: 160.843,
  level: 'http',
  message: 'incoming-request',
  timestamp: '2024-07-15 08:59:32.669 PM'
}
{
  method: 'GET',
  url: '/api/v1/property/?page=0',
  status: 304,
  response_time: 245.823,
  level: 'http',
  message: 'incoming-request',
  timestamp: '2024-07-15 08:59:32.753 PM'
}
{
  method: 'GET',
  url: '/api/v1/user/profile',
  status: 401,
  content_length: '12',
  response_time: 0.171,
  level: 'http',
  message: 'incoming-request',
  timestamp: '2024-07-15 09:00:34.310 PM'
}
{
  method: 'GET',
  url: '/api/v1/property/666720f01ed8af0105a0d444',
  status: 304,
  response_time: 118.341,
  level: 'http',
  message: 'incoming-request',
  timestamp: '2024-07-15 09:00:34.430 PM'
}
{
  method: 'GET',
  url: '/api/v1/property/?page=0',
  status: 304,
  response_time: 196.674,
  level: 'http',
  message: 'incoming-request',
  timestamp: '2024-07-15 09:00:34.508 PM'
}
{
  method: 'GET',
  url: '/api/v1/user/profile',
  status: 401,
  content_length: '12',
  response_time: 0.181,
  level: 'http',
  message: 'incoming-request',
  timestamp: '2024-07-15 09:00:57.778 PM'
}
{
  method: 'GET',
  url: '/api/v1/property/666720f01ed8af0105a0d444',
  status: 304,
  response_time: 160.33,
  level: 'http',
  message: 'incoming-request',
  timestamp: '2024-07-15 09:00:57.940 PM'
}
{
  method: 'GET',
  url: '/api/v1/property/?page=0',
  status: 304,
  response_time: 279.632,
  level: 'http',
  message: 'incoming-request',
  timestamp: '2024-07-15 09:00:58.058 PM'
}
{
  method: 'GET',
  url: '/api/v1/user/profile',
  status: 401,
  content_length: '12',
  response_time: 0.219,
  level: 'http',
  message: 'incoming-request',
  timestamp: '2024-07-15 09:02:06.690 PM'
}
{
  method: 'GET',
  url: '/api/v1/property/666720f01ed8af0105a0d444',
  status: 304,
  response_time: 137.993,
  level: 'http',
  message: 'incoming-request',
  timestamp: '2024-07-15 09:02:06.831 PM'
}
{
  method: 'GET',
  url: '/api/v1/property/?page=0',
  status: 304,
  response_time: 240.809,
  level: 'http',
  message: 'incoming-request',
  timestamp: '2024-07-15 09:02:06.932 PM'
}
{
  method: 'GET',
  url: '/api/v1/property/?page=1',
  status: 304,
  response_time: 197.871,
  level: 'http',
  message: 'incoming-request',
  timestamp: '2024-07-15 09:04:33.514 PM'
}
{
  method: 'GET',
  url: '/api/v1/user/profile',
  status: 401,
  content_length: '12',
  response_time: 0.164,
  level: 'http',
  message: 'incoming-request',
  timestamp: '2024-07-15 09:04:45.570 PM'
}
{
  method: 'GET',
  url: '/api/v1/property/?page=1',
  status: 304,
  response_time: 253.594,
  level: 'http',
  message: 'incoming-request',
  timestamp: '2024-07-15 09:04:45.825 PM'
}
{
  method: 'GET',
  url: '/api/v1/user/profile',
  status: 401,
  content_length: '12',
  response_time: 0.182,
  level: 'http',
  message: 'incoming-request',
  timestamp: '2024-07-15 09:04:49.785 PM'
}
{
  method: 'GET',
  url: '/api/v1/property/?page=1',
  status: 304,
  response_time: 198.363,
  level: 'http',
  message: 'incoming-request',
  timestamp: '2024-07-15 09:04:49.984 PM'
}
{
  method: 'GET',
  url: '/api/v1/user/profile',
  status: 401,
  content_length: '12',
  response_time: 0.202,
  level: 'http',
  message: 'incoming-request',
  timestamp: '2024-07-15 09:05:13.156 PM'
}
{
  method: 'GET',
  url: '/api/v1/property/?page=1',
  status: 304,
  response_time: 262.611,
  level: 'http',
  message: 'incoming-request',
  timestamp: '2024-07-15 09:05:13.419 PM'
}
{
  method: 'GET',
  url: '/api/v1/user/profile',
  status: 401,
  content_length: '12',
  response_time: 0.249,
  level: 'http',
  message: 'incoming-request',
  timestamp: '2024-07-15 09:05:29.849 PM'
}
{
  method: 'GET',
  url: '/api/v1/property/?page=1',
  status: 304,
  response_time: 260.453,
  level: 'http',
  message: 'incoming-request',
  timestamp: '2024-07-15 09:05:30.111 PM'
}
{
  method: 'GET',
  url: '/api/v1/user/profile',
  status: 401,
  content_length: '12',
  response_time: 0.163,
  level: 'http',
  message: 'incoming-request',
  timestamp: '2024-07-15 09:05:41.862 PM'
}
{
  method: 'GET',
  url: '/api/v1/property/?page=1',
  status: 304,
  response_time: 241.544,
  level: 'http',
  message: 'incoming-request',
  timestamp: '2024-07-15 09:05:42.105 PM'
}
{
  method: 'GET',
  url: '/api/v1/user/profile',
  status: 401,
  content_length: '12',
  response_time: 0.165,
  level: 'http',
  message: 'incoming-request',
  timestamp: '2024-07-15 09:07:09.306 PM'
}
{
  method: 'GET',
  url: '/api/v1/property/?page=1',
  status: 304,
  response_time: 198.03,
  level: 'http',
  message: 'incoming-request',
  timestamp: '2024-07-15 09:07:09.505 PM'
}
{
  method: 'GET',
  url: '/api/v1/user/profile',
  status: 401,
  content_length: '12',
  response_time: 0.174,
  level: 'http',
  message: 'incoming-request',
  timestamp: '2024-07-15 09:07:30.361 PM'
}
{
  method: 'GET',
  url: '/api/v1/property/?page=1',
  status: 304,
  response_time: 298.036,
  level: 'http',
  message: 'incoming-request',
  timestamp: '2024-07-15 09:07:30.660 PM'
}
{
  method: 'GET',
  url: '/api/v1/user/profile',
  status: 401,
  content_length: '12',
  response_time: 0.162,
  level: 'http',
  message: 'incoming-request',
  timestamp: '2024-07-15 09:07:35.991 PM'
}
{
  method: 'GET',
  url: '/api/v1/property/?page=1',
  status: 304,
  response_time: 240.926,
  level: 'http',
  message: 'incoming-request',
  timestamp: '2024-07-15 09:07:36.233 PM'
}
{
  method: 'GET',
  url: '/api/v1/user/profile',
  status: 401,
  content_length: '12',
  response_time: 0.22,
  level: 'http',
  message: 'incoming-request',
  timestamp: '2024-07-15 09:07:43.349 PM'
}
{
  method: 'GET',
  url: '/api/v1/property/?page=1',
  status: 304,
  response_time: 235.017,
  level: 'http',
  message: 'incoming-request',
  timestamp: '2024-07-15 09:07:43.585 PM'
}
{
  method: 'GET',
  url: '/api/v1/user/profile',
  status: 401,
  content_length: '12',
  response_time: 0.169,
  level: 'http',
  message: 'incoming-request',
  timestamp: '2024-07-15 09:07:57.786 PM'
}
{
  method: 'GET',
  url: '/api/v1/property/?page=1',
  status: 304,
  response_time: 251.691,
  level: 'http',
  message: 'incoming-request',
  timestamp: '2024-07-15 09:07:58.039 PM'
}
{
  method: 'GET',
  url: '/api/v1/user/profile',
  status: 401,
  content_length: '12',
  response_time: 0.161,
  level: 'http',
  message: 'incoming-request',
  timestamp: '2024-07-15 09:08:02.732 PM'
}
{
  method: 'GET',
  url: '/api/v1/property/?page=1',
  status: 304,
  response_time: 442.483,
  level: 'http',
  message: 'incoming-request',
  timestamp: '2024-07-15 09:08:03.175 PM'
}
{
  method: 'GET',
  url: '/api/v1/user/profile',
  status: 401,
  content_length: '12',
  response_time: 0.179,
  level: 'http',
  message: 'incoming-request',
  timestamp: '2024-07-15 09:08:20.653 PM'
}
{
  method: 'GET',
  url: '/api/v1/property/?page=1',
  status: 304,
  response_time: 230.376,
  level: 'http',
  message: 'incoming-request',
  timestamp: '2024-07-15 09:08:20.884 PM'
}
{
  method: 'GET',
  url: '/api/v1/user/profile',
  status: 401,
  content_length: '12',
  response_time: 0.167,
  level: 'http',
  message: 'incoming-request',
  timestamp: '2024-07-15 09:08:23.242 PM'
}
{
  method: 'GET',
  url: '/api/v1/property/?page=1',
  status: 304,
  response_time: 243.132,
  level: 'http',
  message: 'incoming-request',
  timestamp: '2024-07-15 09:08:23.486 PM'
}
{
  method: 'GET',
  url: '/api/v1/user/profile',
  status: 401,
  content_length: '12',
  response_time: 0.166,
  level: 'http',
  message: 'incoming-request',
  timestamp: '2024-07-15 09:08:25.552 PM'
}
{
  method: 'GET',
  url: '/api/v1/property/?page=1',
  status: 304,
  response_time: 251.874,
  level: 'http',
  message: 'incoming-request',
  timestamp: '2024-07-15 09:08:25.804 PM'
}
{
  method: 'GET',
  url: '/api/v1/property/666720f01ed8af0105a0d444',
  status: 304,
  response_time: 132.802,
  level: 'http',
  message: 'incoming-request',
  timestamp: '2024-07-15 09:08:35.073 PM'
}
{
  method: 'GET',
  url: '/api/v1/property/?page=0',
  status: 304,
  response_time: 323.306,
  level: 'http',
  message: 'incoming-request',
  timestamp: '2024-07-15 09:08:35.263 PM'
}
{
  method: 'GET',
  url: '/api/v1/user/profile',
  status: 401,
  content_length: '12',
  response_time: 0.156,
  level: 'http',
  message: 'incoming-request',
  timestamp: '2024-07-15 09:08:37.750 PM'
}
{
  method: 'GET',
  url: '/api/v1/property/666720f01ed8af0105a0d444',
  status: 304,
  response_time: 134.916,
  level: 'http',
  message: 'incoming-request',
  timestamp: '2024-07-15 09:08:37.887 PM'
}
{
  method: 'GET',
  url: '/api/v1/property/?page=0',
  status: 304,
  response_time: 205.46,
  level: 'http',
  message: 'incoming-request',
  timestamp: '2024-07-15 09:08:37.957 PM'
}
{
  method: 'GET',
  url: '/api/v1/user/profile',
  status: 401,
  content_length: '12',
  response_time: 0.242,
  level: 'http',
  message: 'incoming-request',
  timestamp: '2024-07-15 09:08:56.966 PM'
}
{
  method: 'GET',
  url: '/api/v1/property/666720f01ed8af0105a0d444',
  status: 304,
  response_time: 117.697,
  level: 'http',
  message: 'incoming-request',
  timestamp: '2024-07-15 09:08:57.086 PM'
}
{
  method: 'GET',
  url: '/api/v1/property/?page=0',
  status: 304,
  response_time: 198.161,
  level: 'http',
  message: 'incoming-request',
  timestamp: '2024-07-15 09:08:57.165 PM'
}
{
  method: 'GET',
  url: '/api/v1/user/profile',
  status: 401,
  content_length: '12',
  response_time: 0.172,
  level: 'http',
  message: 'incoming-request',
  timestamp: '2024-07-15 09:09:02.683 PM'
}
{
  method: 'GET',
  url: '/api/v1/property/666720f01ed8af0105a0d444',
  status: 304,
  response_time: 117.633,
  level: 'http',
  message: 'incoming-request',
  timestamp: '2024-07-15 09:09:02.803 PM'
}
{
  method: 'GET',
  url: '/api/v1/property/?page=0',
  status: 304,
  response_time: 197.939,
  level: 'http',
  message: 'incoming-request',
  timestamp: '2024-07-15 09:09:02.882 PM'
}
