{
  message: 'Server on 1997 running. NodeENV: development  ',
  level: 'info',
  timestamp: '2024-12-01 09:44:31.204 AM'
}
{
  message: 'Server on 1997 running. NodeENV: development  ',
  level: 'info',
  timestamp: '2024-12-01 09:44:38.819 AM'
}
{
  message: 'Server on 1997 running. NodeENV: development  ',
  level: 'info',
  timestamp: '2024-12-01 09:44:51.077 AM'
}
{
  message: 'Server on 1997 running. NodeENV: development  ',
  level: 'info',
  timestamp: '2024-12-01 09:45:00.826 AM'
}
{
  message: 'Server on 1997 running. NodeENV: development  ',
  level: 'info',
  timestamp: '2024-12-01 09:45:19.731 AM'
}
{
  message: 'Server on 1997 running. NodeENV: development  ',
  level: 'info',
  timestamp: '2024-12-01 09:45:29.139 AM'
}
{
  message: 'Server on 1997 running. NodeENV: development  ',
  level: 'info',
  timestamp: '2024-12-01 09:48:42.895 AM'
}
{
  message: 'Server on 1997 running. NodeENV: development  ',
  level: 'info',
  timestamp: '2024-12-01 09:48:55.318 AM'
}
{
  message: 'Server on 1997 running. NodeENV: development  ',
  level: 'info',
  timestamp: '2024-12-01 09:49:08.066 AM'
}
{
  message: 'Server on 1997 running. NodeENV: development  ',
  level: 'info',
  timestamp: '2024-12-01 09:52:14.006 AM'
}
{
  message: 'Server on 1997 running. NodeENV: development  ',
  level: 'info',
  timestamp: '2024-12-01 10:05:36.526 AM'
}
{
  message: 'Server on 1997 running. NodeENV: development  ',
  level: 'info',
  timestamp: '2024-12-01 10:06:25.264 AM'
}
{
  message: 'Server on 1997 running. NodeENV: development  ',
  level: 'info',
  timestamp: '2024-12-01 10:07:16.417 AM'
}
{
  message: 'Server on 1997 running. NodeENV: development  ',
  level: 'info',
  timestamp: '2024-12-01 10:07:36.868 AM'
}
{
  message: 'Server on 1997 running. NodeENV: development  ',
  level: 'info',
  timestamp: '2024-12-01 10:07:54.364 AM'
}
{
  message: 'Server on 1997 running. NodeENV: development  ',
  level: 'info',
  timestamp: '2024-12-01 10:08:12.062 AM'
}
{
  message: 'Server on 1997 running. NodeENV: development  ',
  level: 'info',
  timestamp: '2024-12-01 10:08:22.688 AM'
}
{
  message: 'Server on 1997 running. NodeENV: development  ',
  level: 'info',
  timestamp: '2024-12-01 10:08:34.067 AM'
}
{
  message: 'Server on 1997 running. NodeENV: development  ',
  level: 'info',
  timestamp: '2024-12-01 10:08:51.721 AM'
}
{
  message: 'Server on 1997 running. NodeENV: development  ',
  level: 'info',
  timestamp: '2024-12-01 10:08:57.582 AM'
}
{
  message: 'Server on 1997 running. NodeENV: development  ',
  level: 'info',
  timestamp: '2024-12-01 10:09:09.426 AM'
}
{
  message: 'Server on 1997 running. NodeENV: development  ',
  level: 'info',
  timestamp: '2024-12-01 10:11:45.602 AM'
}
{
  message: 'Server on 1997 running. NodeENV: development  ',
  level: 'info',
  timestamp: '2024-12-01 10:12:02.195 AM'
}
{
  message: 'Server on 1997 running. NodeENV: development  ',
  level: 'info',
  timestamp: '2024-12-01 10:12:12.345 AM'
}
{
  message: 'Server on 1997 running. NodeENV: development  ',
  level: 'info',
  timestamp: '2024-12-01 10:12:18.463 AM'
}
{
  message: 'Server on 1997 running. NodeENV: development  ',
  level: 'info',
  timestamp: '2024-12-01 10:12:28.626 AM'
}
{
  message: 'Server on 1997 running. NodeENV: development  ',
  level: 'info',
  timestamp: '2024-12-01 10:12:50.310 AM'
}
{
  message: 'Server on 1997 running. NodeENV: development  ',
  level: 'info',
  timestamp: '2024-12-01 10:13:29.868 AM'
}
{
  message: 'Server on 1997 running. NodeENV: development  ',
  level: 'info',
  timestamp: '2024-12-01 10:13:39.265 AM'
}
{
  message: 'Server on 1997 running. NodeENV: development  ',
  level: 'info',
  timestamp: '2024-12-01 10:13:57.372 AM'
}
{
  message: 'Server on 1997 running. NodeENV: development  ',
  level: 'info',
  timestamp: '2024-12-01 10:18:34.151 AM'
}
{
  message: 'Server on 1997 running. NodeENV: development  ',
  level: 'info',
  timestamp: '2024-12-01 10:19:07.850 AM'
}
{
  message: 'Server on 1997 running. NodeENV: development  ',
  level: 'info',
  timestamp: '2024-12-01 10:25:39.894 AM'
}
{
  message: 'Server on 1997 running. NodeENV: development  ',
  level: 'info',
  timestamp: '2024-12-01 10:25:55.375 AM'
}
{
  message: 'Server on 1997 running. NodeENV: development  ',
  level: 'info',
  timestamp: '2024-12-01 10:28:43.884 AM'
}
{
  message: 'Server on 1997 running. NodeENV: development  ',
  level: 'info',
  timestamp: '2024-12-01 10:29:14.923 AM'
}
{
  message: 'Server on 1997 running. NodeENV: development  ',
  level: 'info',
  timestamp: '2024-12-01 10:29:29.011 AM'
}
{
  message: 'Server on 1997 running. NodeENV: development  ',
  level: 'info',
  timestamp: '2024-12-01 10:42:07.383 AM'
}
{
  message: 'Server on 1997 running. NodeENV: development  ',
  level: 'info',
  timestamp: '2024-12-01 10:42:29.627 AM'
}
{
  message: 'Server on 1997 running. NodeENV: development  ',
  level: 'info',
  timestamp: '2024-12-01 10:42:39.091 AM'
}
{
  message: 'Server on 1997 running. NodeENV: development  ',
  level: 'info',
  timestamp: '2024-12-01 10:42:46.943 AM'
}
{
  message: 'Server on 1997 running. NodeENV: development  ',
  level: 'info',
  timestamp: '2024-12-01 10:42:54.004 AM'
}
{
  message: 'Server on 1997 running. NodeENV: development  ',
  level: 'info',
  timestamp: '2024-12-01 10:43:20.123 AM'
}
{
  message: 'Server on 1997 running. NodeENV: development  ',
  level: 'info',
  timestamp: '2024-12-01 10:43:36.411 AM'
}
{
  message: 'Server on 1997 running. NodeENV: development  ',
  level: 'info',
  timestamp: '2024-12-01 10:43:46.245 AM'
}
{
  message: 'Server on 1997 running. NodeENV: development  ',
  level: 'info',
  timestamp: '2024-12-01 10:44:08.096 AM'
}
{
  message: 'Server on 1997 running. NodeENV: development  ',
  level: 'info',
  timestamp: '2024-12-01 10:44:17.811 AM'
}
{
  message: 'Server on 1997 running. NodeENV: development  ',
  level: 'info',
  timestamp: '2024-12-01 10:44:43.500 AM'
}
{
  message: 'Server on 1997 running. NodeENV: development  ',
  level: 'info',
  timestamp: '2024-12-01 10:44:57.129 AM'
}
{
  message: 'Server on 1997 running. NodeENV: development  ',
  level: 'info',
  timestamp: '2024-12-01 10:45:04.688 AM'
}
{
  message: 'Server on 1997 running. NodeENV: development  ',
  level: 'info',
  timestamp: '2024-12-01 10:45:16.795 AM'
}
{
  message: 'Server on 1997 running. NodeENV: development  ',
  level: 'info',
  timestamp: '2024-12-01 10:45:32.086 AM'
}
{
  message: 'Server on 1997 running. NodeENV: development  ',
  level: 'info',
  timestamp: '2024-12-01 10:50:37.197 AM'
}
