{
  method: 'POST',
  url: '/api/v1/auth/register',
  status: 201,
  content_length: '266',
  response_time: 177.065,
  level: 'http',
  message: 'incoming-request',
  timestamp: '2025-05-21 04:42:39.761 PM'
}
{
  method: 'POST',
  url: '/api/v1/auth/register',
  status: 400,
  content_length: '89',
  response_time: 6.52,
  level: 'http',
  message: 'incoming-request',
  timestamp: '2025-05-21 04:42:39.908 PM'
}
{
  method: 'GET',
  url: '/api/v1/property/682dd84f4b197231b6eddd6c',
  status: 200,
  content_length: '383',
  response_time: 7.682,
  level: 'http',
  message: 'incoming-request',
  timestamp: '2025-05-21 04:42:39.959 PM'
}
{
  method: 'POST',
  url: '/api/v1/auth/register',
  status: 201,
  content_length: '266',
  response_time: 84.55,
  level: 'http',
  message: 'incoming-request',
  timestamp: '2025-05-21 04:42:40.076 PM'
}
{
  method: 'POST',
  url: '/api/v1/auth/register',
  status: 201,
  content_length: '283',
  response_time: 82.702,
  level: 'http',
  message: 'incoming-request',
  timestamp: '2025-05-21 04:42:40.197 PM'
}
{
  method: 'PATCH',
  url: '/api/v1/property/507f1f77bcf86cd799439011',
  status: 500,
  content_length: '659',
  response_time: 10.25,
  level: 'http',
  message: 'incoming-request',
  timestamp: '2025-05-21 04:42:40.231 PM'
}
{
  method: 'POST',
  url: '/api/v1/auth/register',
  status: 201,
  content_length: '266',
  response_time: 83.887,
  level: 'http',
  message: 'incoming-request',
  timestamp: '2025-05-21 04:42:40.337 PM'
}
{
  method: 'PATCH',
  url: '/api/v1/property/507f1f77bcf86cd799439011',
  status: 404,
  content_length: '32',
  response_time: 10.252,
  level: 'http',
  message: 'incoming-request',
  timestamp: '2025-05-21 04:42:40.384 PM'
}
{
  method: 'POST',
  url: '/api/v1/auth/register',
  status: 201,
  content_length: '266',
  response_time: 80.544,
  level: 'http',
  message: 'incoming-request',
  timestamp: '2025-05-21 04:42:40.488 PM'
}
{
  method: 'PATCH',
  url: '/api/v1/property/682dd8504b197231b6eddda5',
  status: 500,
  content_length: '746',
  response_time: 13.839,
  level: 'http',
  message: 'incoming-request',
  timestamp: '2025-05-21 04:42:40.547 PM'
}
{
  method: 'POST',
  url: '/api/v1/auth/register',
  status: 201,
  content_length: '266',
  response_time: 187.802,
  level: 'http',
  message: 'incoming-request',
  timestamp: '2025-05-21 04:44:42.117 PM'
}
{
  method: 'POST',
  url: '/api/v1/auth/register',
  status: 400,
  content_length: '89',
  response_time: 9.222,
  level: 'http',
  message: 'incoming-request',
  timestamp: '2025-05-21 04:44:42.225 PM'
}
{
  method: 'GET',
  url: '/api/v1/property/682dd8cafca03980bdcb7733',
  status: 200,
  content_length: '383',
  response_time: 7.16,
  level: 'http',
  message: 'incoming-request',
  timestamp: '2025-05-21 04:44:42.277 PM'
}
{
  method: 'POST',
  url: '/api/v1/auth/register',
  status: 201,
  content_length: '266',
  response_time: 83.362,
  level: 'http',
  message: 'incoming-request',
  timestamp: '2025-05-21 04:44:42.390 PM'
}
{
  method: 'POST',
  url: '/api/v1/auth/register',
  status: 201,
  content_length: '281',
  response_time: 82.684,
  level: 'http',
  message: 'incoming-request',
  timestamp: '2025-05-21 04:44:42.511 PM'
}
{
  method: 'PATCH',
  url: '/api/v1/property/507f1f77bcf86cd799439011',
  status: 500,
  content_length: '659',
  response_time: 9.853,
  level: 'http',
  message: 'incoming-request',
  timestamp: '2025-05-21 04:44:42.545 PM'
}
{
  method: 'POST',
  url: '/api/v1/auth/register',
  status: 201,
  content_length: '266',
  response_time: 80.999,
  level: 'http',
  message: 'incoming-request',
  timestamp: '2025-05-21 04:44:42.650 PM'
}
{
  method: 'PATCH',
  url: '/api/v1/property/507f1f77bcf86cd799439011',
  status: 404,
  content_length: '32',
  response_time: 10.816,
  level: 'http',
  message: 'incoming-request',
  timestamp: '2025-05-21 04:44:42.698 PM'
}
{
  method: 'POST',
  url: '/api/v1/auth/register',
  status: 201,
  content_length: '266',
  response_time: 82.904,
  level: 'http',
  message: 'incoming-request',
  timestamp: '2025-05-21 04:44:42.804 PM'
}
{
  method: 'PATCH',
  url: '/api/v1/property/682dd8cafca03980bdcb776c',
  status: 500,
  content_length: '746',
  response_time: 13,
  level: 'http',
  message: 'incoming-request',
  timestamp: '2025-05-21 04:44:42.860 PM'
}
{
  method: 'POST',
  url: '/api/v1/auth/register',
  status: 201,
  content_length: '266',
  response_time: 179.706,
  level: 'http',
  message: 'incoming-request',
  timestamp: '2025-05-21 04:48:10.924 PM'
}
{
  method: 'POST',
  url: '/api/v1/auth/register',
  status: 400,
  content_length: '89',
  response_time: 8.311,
  level: 'http',
  message: 'incoming-request',
  timestamp: '2025-05-21 04:48:11.028 PM'
}
{
  method: 'GET',
  url: '/api/v1/property/682dd99b8c685e5b4a602db2',
  status: 200,
  content_length: '383',
  response_time: 7.913,
  level: 'http',
  message: 'incoming-request',
  timestamp: '2025-05-21 04:48:11.084 PM'
}
{
  method: 'POST',
  url: '/api/v1/auth/register',
  status: 201,
  content_length: '266',
  response_time: 83.556,
  level: 'http',
  message: 'incoming-request',
  timestamp: '2025-05-21 04:48:11.205 PM'
}
{
  method: 'POST',
  url: '/api/v1/auth/register',
  status: 201,
  content_length: '271',
  response_time: 81.322,
  level: 'http',
  message: 'incoming-request',
  timestamp: '2025-05-21 04:48:11.323 PM'
}
{
  method: 'PATCH',
  url: '/api/v1/property/507f1f77bcf86cd799439011',
  status: 500,
  content_length: '659',
  response_time: 9.523,
  level: 'http',
  message: 'incoming-request',
  timestamp: '2025-05-21 04:48:11.357 PM'
}
{
  method: 'POST',
  url: '/api/v1/auth/register',
  status: 201,
  content_length: '266',
  response_time: 83.999,
  level: 'http',
  message: 'incoming-request',
  timestamp: '2025-05-21 04:48:11.465 PM'
}
{
  method: 'PATCH',
  url: '/api/v1/property/507f1f77bcf86cd799439011',
  status: 404,
  content_length: '32',
  response_time: 13.241,
  level: 'http',
  message: 'incoming-request',
  timestamp: '2025-05-21 04:48:11.524 PM'
}
{
  method: 'POST',
  url: '/api/v1/auth/register',
  status: 201,
  content_length: '266',
  response_time: 100.595,
  level: 'http',
  message: 'incoming-request',
  timestamp: '2025-05-21 04:48:11.649 PM'
}
{
  method: 'PATCH',
  url: '/api/v1/property/682dd99b8c685e5b4a602deb',
  status: 500,
  content_length: '746',
  response_time: 17.447,
  level: 'http',
  message: 'incoming-request',
  timestamp: '2025-05-21 04:48:11.726 PM'
}
{
  method: 'POST',
  url: '/api/v1/auth/register',
  status: 201,
  content_length: '266',
  response_time: 182.605,
  level: 'http',
  message: 'incoming-request',
  timestamp: '2025-05-21 04:49:10.400 PM'
}
{
  method: 'POST',
  url: '/api/v1/auth/register',
  status: 400,
  content_length: '89',
  response_time: 6.174,
  level: 'http',
  message: 'incoming-request',
  timestamp: '2025-05-21 04:49:10.525 PM'
}
{
  method: 'GET',
  url: '/api/v1/property/682dd9d6f856411a80ff327d',
  status: 200,
  content_length: '416',
  response_time: 6.764,
  level: 'http',
  message: 'incoming-request',
  timestamp: '2025-05-21 04:49:10.573 PM'
}
{
  method: 'POST',
  url: '/api/v1/auth/register',
  status: 201,
  content_length: '266',
  response_time: 81.604,
  level: 'http',
  message: 'incoming-request',
  timestamp: '2025-05-21 04:49:10.683 PM'
}
{
  method: 'PATCH',
  url: '/api/v1/property/507f1f77bcf86cd799439011',
  status: 404,
  content_length: '32',
  response_time: 13.454,
  level: 'http',
  message: 'incoming-request',
  timestamp: '2025-05-21 04:49:10.732 PM'
}
{
  method: 'POST',
  url: '/api/v1/auth/register',
  status: 201,
  content_length: '266',
  response_time: 175.955,
  level: 'http',
  message: 'incoming-request',
  timestamp: '2025-05-21 05:09:12.513 PM'
}
{
  method: 'POST',
  url: '/api/v1/auth/register',
  status: 400,
  content_length: '89',
  response_time: 5.649,
  level: 'http',
  message: 'incoming-request',
  timestamp: '2025-05-21 05:09:12.608 PM'
}
{
  method: 'POST',
  url: '/api/v1/auth/register',
  status: 201,
  content_length: '266',
  response_time: 82.83,
  level: 'http',
  message: 'incoming-request',
  timestamp: '2025-05-21 05:09:12.768 PM'
}
{
  method: 'POST',
  url: '/api/v1/property/create',
  status: 400,
  content_length: '38',
  response_time: 13.548,
  level: 'http',
  message: 'incoming-request',
  timestamp: '2025-05-21 05:09:12.832 PM'
}
{
  method: 'POST',
  url: '/api/v1/auth/register',
  status: 201,
  content_length: '266',
  response_time: 85.606,
  level: 'http',
  message: 'incoming-request',
  timestamp: '2025-05-21 05:09:12.947 PM'
}
{
  method: 'POST',
  url: '/api/v1/auth/register',
  status: 201,
  content_length: '267',
  response_time: 84.683,
  level: 'http',
  message: 'incoming-request',
  timestamp: '2025-05-21 05:09:13.076 PM'
}
{
  method: 'POST',
  url: '/api/v1/property/create',
  status: 500,
  content_length: '659',
  response_time: 7.903,
  level: 'http',
  message: 'incoming-request',
  timestamp: '2025-05-21 05:09:13.107 PM'
}
{
  method: 'POST',
  url: '/api/v1/auth/register',
  status: 201,
  content_length: '266',
  response_time: 83.107,
  level: 'http',
  message: 'incoming-request',
  timestamp: '2025-05-21 05:09:13.214 PM'
}
{
  method: 'POST',
  url: '/api/v1/property/create',
  status: 400,
  content_length: '22',
  response_time: 6.714,
  level: 'http',
  message: 'incoming-request',
  timestamp: '2025-05-21 05:09:13.263 PM'
}
{
  method: 'POST',
  url: '/api/v1/auth/register',
  status: 201,
  content_length: '266',
  response_time: 175.188,
  level: 'http',
  message: 'incoming-request',
  timestamp: '2025-05-21 05:10:28.048 PM'
}
{
  method: 'POST',
  url: '/api/v1/auth/register',
  status: 400,
  content_length: '89',
  response_time: 19.331,
  level: 'http',
  message: 'incoming-request',
  timestamp: '2025-05-21 05:10:28.196 PM'
}
{
  method: 'POST',
  url: '/api/v1/auth/register',
  status: 201,
  content_length: '266',
  response_time: 80.841,
  level: 'http',
  message: 'incoming-request',
  timestamp: '2025-05-21 05:10:28.366 PM'
}
{
  method: 'POST',
  url: '/api/v1/property/create',
  status: 400,
  content_length: '38',
  response_time: 13.224,
  level: 'http',
  message: 'incoming-request',
  timestamp: '2025-05-21 05:10:28.429 PM'
}
{
  method: 'POST',
  url: '/api/v1/auth/register',
  status: 201,
  content_length: '266',
  response_time: 84.921,
  level: 'http',
  message: 'incoming-request',
  timestamp: '2025-05-21 05:10:28.543 PM'
}
{
  method: 'POST',
  url: '/api/v1/auth/register',
  status: 201,
  content_length: '269',
  response_time: 83.631,
  level: 'http',
  message: 'incoming-request',
  timestamp: '2025-05-21 05:10:28.678 PM'
}
{
  method: 'POST',
  url: '/api/v1/property/create',
  status: 500,
  content_length: '659',
  response_time: 6.849,
  level: 'http',
  message: 'incoming-request',
  timestamp: '2025-05-21 05:10:28.711 PM'
}
{
  method: 'POST',
  url: '/api/v1/auth/register',
  status: 201,
  content_length: '266',
  response_time: 81.87,
  level: 'http',
  message: 'incoming-request',
  timestamp: '2025-05-21 05:10:28.816 PM'
}
{
  method: 'POST',
  url: '/api/v1/property/create',
  status: 400,
  content_length: '22',
  response_time: 6.054,
  level: 'http',
  message: 'incoming-request',
  timestamp: '2025-05-21 05:10:28.860 PM'
}
{
  method: 'POST',
  url: '/api/v1/auth/register',
  status: 201,
  content_length: '266',
  response_time: 183.519,
  level: 'http',
  message: 'incoming-request',
  timestamp: '2025-05-21 05:17:06.440 PM'
}
{
  method: 'POST',
  url: '/api/v1/auth/register',
  status: 400,
  content_length: '89',
  response_time: 6.014,
  level: 'http',
  message: 'incoming-request',
  timestamp: '2025-05-21 05:17:06.544 PM'
}
{
  method: 'GET',
  url: '/api/v1/property',
  status: 200,
  content_length: '2370',
  response_time: 18.274,
  level: 'http',
  message: 'incoming-request',
  timestamp: '2025-05-21 05:17:06.636 PM'
}
{
  method: 'POST',
  url: '/api/v1/auth/register',
  status: 201,
  content_length: '266',
  response_time: 82.697,
  level: 'http',
  message: 'incoming-request',
  timestamp: '2025-05-21 05:17:06.746 PM'
}
{
  method: 'POST',
  url: '/api/v1/property/create',
  status: 400,
  content_length: '38',
  response_time: 11.45,
  level: 'http',
  message: 'incoming-request',
  timestamp: '2025-05-21 05:17:06.806 PM'
}
{
  method: 'POST',
  url: '/api/v1/auth/register',
  status: 201,
  content_length: '266',
  response_time: 80.969,
  level: 'http',
  message: 'incoming-request',
  timestamp: '2025-05-21 05:17:06.916 PM'
}
{
  method: 'POST',
  url: '/api/v1/auth/register',
  status: 201,
  content_length: '278',
  response_time: 80.318,
  level: 'http',
  message: 'incoming-request',
  timestamp: '2025-05-21 05:17:07.041 PM'
}
{
  method: 'POST',
  url: '/api/v1/property/create',
  status: 500,
  content_length: '659',
  response_time: 6.663,
  level: 'http',
  message: 'incoming-request',
  timestamp: '2025-05-21 05:17:07.071 PM'
}
{
  method: 'POST',
  url: '/api/v1/auth/register',
  status: 201,
  content_length: '266',
  response_time: 80.613,
  level: 'http',
  message: 'incoming-request',
  timestamp: '2025-05-21 05:17:07.174 PM'
}
{
  method: 'POST',
  url: '/api/v1/property/create',
  status: 400,
  content_length: '22',
  response_time: 5.872,
  level: 'http',
  message: 'incoming-request',
  timestamp: '2025-05-21 05:17:07.218 PM'
}
{
  method: 'POST',
  url: '/api/v1/auth/register',
  status: 201,
  content_length: '266',
  response_time: 182.718,
  level: 'http',
  message: 'incoming-request',
  timestamp: '2025-05-21 05:38:49.859 PM'
}
{
  method: 'POST',
  url: '/api/v1/auth/register',
  status: 400,
  content_length: '89',
  response_time: 7.326,
  level: 'http',
  message: 'incoming-request',
  timestamp: '2025-05-21 05:38:49.964 PM'
}
{
  method: 'GET',
  url: '/api/v1/property',
  status: 200,
  content_length: '2370',
  response_time: 17.637,
  level: 'http',
  message: 'incoming-request',
  timestamp: '2025-05-21 05:38:50.075 PM'
}
{
  method: 'POST',
  url: '/api/v1/auth/register',
  status: 201,
  content_length: '266',
  response_time: 94.436,
  level: 'http',
  message: 'incoming-request',
  timestamp: '2025-05-21 05:38:50.216 PM'
}
{
  method: 'POST',
  url: '/api/v1/property/create',
  status: 400,
  content_length: '38',
  response_time: 13.958,
  level: 'http',
  message: 'incoming-request',
  timestamp: '2025-05-21 05:38:50.290 PM'
}
{
  method: 'POST',
  url: '/api/v1/auth/register',
  status: 201,
  content_length: '266',
  response_time: 89.779,
  level: 'http',
  message: 'incoming-request',
  timestamp: '2025-05-21 05:38:50.412 PM'
}
{
  method: 'POST',
  url: '/api/v1/auth/register',
  status: 201,
  content_length: '268',
  response_time: 82.699,
  level: 'http',
  message: 'incoming-request',
  timestamp: '2025-05-21 05:38:50.545 PM'
}
{
  method: 'POST',
  url: '/api/v1/property/create',
  status: 500,
  content_length: '659',
  response_time: 7.338,
  level: 'http',
  message: 'incoming-request',
  timestamp: '2025-05-21 05:38:50.578 PM'
}
{
  method: 'POST',
  url: '/api/v1/auth/register',
  status: 201,
  content_length: '266',
  response_time: 84.897,
  level: 'http',
  message: 'incoming-request',
  timestamp: '2025-05-21 05:38:50.686 PM'
}
{
  method: 'POST',
  url: '/api/v1/property/create',
  status: 400,
  content_length: '22',
  response_time: 7.183,
  level: 'http',
  message: 'incoming-request',
  timestamp: '2025-05-21 05:38:50.737 PM'
}
{
  method: 'POST',
  url: '/api/v1/auth/register',
  status: 201,
  content_length: '266',
  response_time: 170.216,
  level: 'http',
  message: 'incoming-request',
  timestamp: '2025-05-21 05:39:14.901 PM'
}
{
  method: 'POST',
  url: '/api/v1/auth/register',
  status: 400,
  content_length: '89',
  response_time: 11.161,
  level: 'http',
  message: 'incoming-request',
  timestamp: '2025-05-21 05:39:15.007 PM'
}
{
  method: 'GET',
  url: '/api/v1/property',
  status: 200,
  content_length: '2370',
  response_time: 13.233,
  level: 'http',
  message: 'incoming-request',
  timestamp: '2025-05-21 05:39:15.094 PM'
}
{
  method: 'POST',
  url: '/api/v1/auth/register',
  status: 201,
  content_length: '266',
  response_time: 83.141,
  level: 'http',
  message: 'incoming-request',
  timestamp: '2025-05-21 05:39:15.206 PM'
}
{
  method: 'POST',
  url: '/api/v1/property/create',
  status: 400,
  content_length: '38',
  response_time: 12.565,
  level: 'http',
  message: 'incoming-request',
  timestamp: '2025-05-21 05:39:15.269 PM'
}
{
  method: 'POST',
  url: '/api/v1/auth/register',
  status: 201,
  content_length: '266',
  response_time: 83.307,
  level: 'http',
  message: 'incoming-request',
  timestamp: '2025-05-21 05:39:15.381 PM'
}
{
  method: 'POST',
  url: '/api/v1/auth/register',
  status: 201,
  content_length: '275',
  response_time: 80.802,
  level: 'http',
  message: 'incoming-request',
  timestamp: '2025-05-21 05:39:15.510 PM'
}
{
  method: 'POST',
  url: '/api/v1/property/create',
  status: 500,
  content_length: '659',
  response_time: 6.906,
  level: 'http',
  message: 'incoming-request',
  timestamp: '2025-05-21 05:39:15.541 PM'
}
{
  method: 'POST',
  url: '/api/v1/auth/register',
  status: 201,
  content_length: '266',
  response_time: 81.389,
  level: 'http',
  message: 'incoming-request',
  timestamp: '2025-05-21 05:39:15.646 PM'
}
{
  method: 'POST',
  url: '/api/v1/property/create',
  status: 400,
  content_length: '22',
  response_time: 5.99,
  level: 'http',
  message: 'incoming-request',
  timestamp: '2025-05-21 05:39:15.691 PM'
}
{
  method: 'POST',
  url: '/api/v1/auth/register',
  status: 201,
  content_length: '266',
  response_time: 174.658,
  level: 'http',
  message: 'incoming-request',
  timestamp: '2025-05-21 05:39:58.679 PM'
}
{
  method: 'POST',
  url: '/api/v1/auth/register',
  status: 400,
  content_length: '89',
  response_time: 5.695,
  level: 'http',
  message: 'incoming-request',
  timestamp: '2025-05-21 05:39:58.771 PM'
}
{
  method: 'GET',
  url: '/api/v1/property',
  status: 200,
  content_length: '2370',
  response_time: 13.526,
  level: 'http',
  message: 'incoming-request',
  timestamp: '2025-05-21 05:39:58.861 PM'
}
{
  method: 'POST',
  url: '/api/v1/auth/register',
  status: 201,
  content_length: '266',
  response_time: 82.584,
  level: 'http',
  message: 'incoming-request',
  timestamp: '2025-05-21 05:39:58.972 PM'
}
{
  method: 'GET',
  url: '/api/v1/property?page=2',
  status: 200,
  content_length: '2379',
  response_time: 11.095,
  level: 'http',
  message: 'incoming-request',
  timestamp: '2025-05-21 05:39:59.054 PM'
}
{
  method: 'POST',
  url: '/api/v1/auth/register',
  status: 201,
  content_length: '266',
  response_time: 84.396,
  level: 'http',
  message: 'incoming-request',
  timestamp: '2025-05-21 05:39:59.164 PM'
}
{
  method: 'POST',
  url: '/api/v1/property/create',
  status: 400,
  content_length: '38',
  response_time: 14.308,
  level: 'http',
  message: 'incoming-request',
  timestamp: '2025-05-21 05:39:59.243 PM'
}
{
  method: 'POST',
  url: '/api/v1/auth/register',
  status: 201,
  content_length: '266',
  response_time: 86.623,
  level: 'http',
  message: 'incoming-request',
  timestamp: '2025-05-21 05:39:59.363 PM'
}
{
  method: 'POST',
  url: '/api/v1/auth/register',
  status: 201,
  content_length: '279',
  response_time: 82.654,
  level: 'http',
  message: 'incoming-request',
  timestamp: '2025-05-21 05:39:59.491 PM'
}
{
  method: 'POST',
  url: '/api/v1/property/create',
  status: 500,
  content_length: '659',
  response_time: 7.485,
  level: 'http',
  message: 'incoming-request',
  timestamp: '2025-05-21 05:39:59.522 PM'
}
{
  method: 'POST',
  url: '/api/v1/auth/register',
  status: 201,
  content_length: '266',
  response_time: 81.777,
  level: 'http',
  message: 'incoming-request',
  timestamp: '2025-05-21 05:39:59.626 PM'
}
{
  method: 'POST',
  url: '/api/v1/property/create',
  status: 400,
  content_length: '22',
  response_time: 6.107,
  level: 'http',
  message: 'incoming-request',
  timestamp: '2025-05-21 05:39:59.671 PM'
}
{
  method: 'POST',
  url: '/api/v1/auth/register',
  status: 201,
  content_length: '266',
  response_time: 190.291,
  level: 'http',
  message: 'incoming-request',
  timestamp: '2025-05-21 05:43:49.600 PM'
}
{
  method: 'POST',
  url: '/api/v1/auth/register',
  status: 400,
  content_length: '89',
  response_time: 5.902,
  level: 'http',
  message: 'incoming-request',
  timestamp: '2025-05-21 05:43:49.702 PM'
}
{
  method: 'GET',
  url: '/api/v1/property',
  status: 200,
  content_length: '2370',
  response_time: 13.555,
  level: 'http',
  message: 'incoming-request',
  timestamp: '2025-05-21 05:43:49.788 PM'
}
{
  method: 'POST',
  url: '/api/v1/auth/register',
  status: 201,
  content_length: '266',
  response_time: 81.608,
  level: 'http',
  message: 'incoming-request',
  timestamp: '2025-05-21 05:43:49.897 PM'
}
{
  method: 'GET',
  url: '/api/v1/property?page=3',
  status: 200,
  content_length: '61',
  response_time: 8.44,
  level: 'http',
  message: 'incoming-request',
  timestamp: '2025-05-21 05:43:49.974 PM'
}
{
  method: 'POST',
  url: '/api/v1/auth/register',
  status: 201,
  content_length: '266',
  response_time: 104.306,
  level: 'http',
  message: 'incoming-request',
  timestamp: '2025-05-21 05:43:50.101 PM'
}
{
  method: 'POST',
  url: '/api/v1/property/create',
  status: 400,
  content_length: '38',
  response_time: 12.52,
  level: 'http',
  message: 'incoming-request',
  timestamp: '2025-05-21 05:43:50.166 PM'
}
{
  method: 'POST',
  url: '/api/v1/auth/register',
  status: 201,
  content_length: '266',
  response_time: 85.315,
  level: 'http',
  message: 'incoming-request',
  timestamp: '2025-05-21 05:43:50.284 PM'
}
{
  method: 'POST',
  url: '/api/v1/auth/register',
  status: 201,
  content_length: '271',
  response_time: 85.557,
  level: 'http',
  message: 'incoming-request',
  timestamp: '2025-05-21 05:43:50.420 PM'
}
{
  method: 'POST',
  url: '/api/v1/property/create',
  status: 500,
  content_length: '659',
  response_time: 6.914,
  level: 'http',
  message: 'incoming-request',
  timestamp: '2025-05-21 05:43:50.450 PM'
}
{
  method: 'POST',
  url: '/api/v1/auth/register',
  status: 201,
  content_length: '266',
  response_time: 80.951,
  level: 'http',
  message: 'incoming-request',
  timestamp: '2025-05-21 05:43:50.554 PM'
}
{
  method: 'POST',
  url: '/api/v1/property/create',
  status: 400,
  content_length: '22',
  response_time: 6.168,
  level: 'http',
  message: 'incoming-request',
  timestamp: '2025-05-21 05:43:50.598 PM'
}
{
  method: 'POST',
  url: '/api/v1/auth/register',
  status: 201,
  content_length: '266',
  response_time: 198.302,
  level: 'http',
  message: 'incoming-request',
  timestamp: '2025-05-21 05:46:49.753 PM'
}
{
  method: 'POST',
  url: '/api/v1/auth/register',
  status: 400,
  content_length: '89',
  response_time: 6.081,
  level: 'http',
  message: 'incoming-request',
  timestamp: '2025-05-21 05:46:49.872 PM'
}
{
  method: 'GET',
  url: '/api/v1/property',
  status: 200,
  content_length: '2370',
  response_time: 14.809,
  level: 'http',
  message: 'incoming-request',
  timestamp: '2025-05-21 05:46:49.969 PM'
}
{
  method: 'POST',
  url: '/api/v1/auth/register',
  status: 201,
  content_length: '266',
  response_time: 81.826,
  level: 'http',
  message: 'incoming-request',
  timestamp: '2025-05-21 05:46:50.080 PM'
}
{
  method: 'GET',
  url: '/api/v1/property?page=13',
  status: 200,
  content_length: '61',
  response_time: 8.379,
  level: 'http',
  message: 'incoming-request',
  timestamp: '2025-05-21 05:46:50.158 PM'
}
{
  method: 'POST',
  url: '/api/v1/auth/register',
  status: 201,
  content_length: '266',
  response_time: 80.838,
  level: 'http',
  message: 'incoming-request',
  timestamp: '2025-05-21 05:46:50.262 PM'
}
{
  method: 'POST',
  url: '/api/v1/property/create',
  status: 400,
  content_length: '38',
  response_time: 12.972,
  level: 'http',
  message: 'incoming-request',
  timestamp: '2025-05-21 05:46:50.334 PM'
}
{
  method: 'POST',
  url: '/api/v1/auth/register',
  status: 201,
  content_length: '266',
  response_time: 84.936,
  level: 'http',
  message: 'incoming-request',
  timestamp: '2025-05-21 05:46:50.452 PM'
}
{
  method: 'POST',
  url: '/api/v1/auth/register',
  status: 201,
  content_length: '271',
  response_time: 83.258,
  level: 'http',
  message: 'incoming-request',
  timestamp: '2025-05-21 05:46:50.597 PM'
}
{
  method: 'POST',
  url: '/api/v1/property/create',
  status: 500,
  content_length: '659',
  response_time: 6.646,
  level: 'http',
  message: 'incoming-request',
  timestamp: '2025-05-21 05:46:50.630 PM'
}
{
  method: 'POST',
  url: '/api/v1/auth/register',
  status: 201,
  content_length: '266',
  response_time: 85.319,
  level: 'http',
  message: 'incoming-request',
  timestamp: '2025-05-21 05:46:50.741 PM'
}
{
  method: 'POST',
  url: '/api/v1/property/create',
  status: 400,
  content_length: '22',
  response_time: 6.05,
  level: 'http',
  message: 'incoming-request',
  timestamp: '2025-05-21 05:46:50.788 PM'
}
{
  method: 'POST',
  url: '/api/v1/auth/register',
  status: 201,
  content_length: '266',
  response_time: 173.813,
  level: 'http',
  message: 'incoming-request',
  timestamp: '2025-05-21 05:47:53.954 PM'
}
{
  method: 'POST',
  url: '/api/v1/auth/register',
  status: 400,
  content_length: '89',
  response_time: 6.349,
  level: 'http',
  message: 'incoming-request',
  timestamp: '2025-05-21 05:47:54.052 PM'
}
{
  method: 'GET',
  url: '/api/v1/property',
  status: 200,
  content_length: '2370',
  response_time: 13.529,
  level: 'http',
  message: 'incoming-request',
  timestamp: '2025-05-21 05:47:54.139 PM'
}
{
  method: 'POST',
  url: '/api/v1/auth/register',
  status: 201,
  content_length: '266',
  response_time: 82.502,
  level: 'http',
  message: 'incoming-request',
  timestamp: '2025-05-21 05:47:54.251 PM'
}
{
  method: 'GET',
  url: '/api/v1/property?page=2',
  status: 200,
  content_length: '2379',
  response_time: 9.545,
  level: 'http',
  message: 'incoming-request',
  timestamp: '2025-05-21 05:47:54.329 PM'
}
{
  method: 'POST',
  url: '/api/v1/auth/register',
  status: 201,
  content_length: '266',
  response_time: 79.953,
  level: 'http',
  message: 'incoming-request',
  timestamp: '2025-05-21 05:47:54.432 PM'
}
{
  method: 'POST',
  url: '/api/v1/property/create',
  status: 400,
  content_length: '38',
  response_time: 12.392,
  level: 'http',
  message: 'incoming-request',
  timestamp: '2025-05-21 05:47:54.493 PM'
}
{
  method: 'POST',
  url: '/api/v1/auth/register',
  status: 201,
  content_length: '266',
  response_time: 82.14,
  level: 'http',
  message: 'incoming-request',
  timestamp: '2025-05-21 05:47:54.605 PM'
}
{
  method: 'POST',
  url: '/api/v1/auth/register',
  status: 201,
  content_length: '278',
  response_time: 80.815,
  level: 'http',
  message: 'incoming-request',
  timestamp: '2025-05-21 05:47:54.733 PM'
}
{
  method: 'POST',
  url: '/api/v1/property/create',
  status: 500,
  content_length: '659',
  response_time: 7.077,
  level: 'http',
  message: 'incoming-request',
  timestamp: '2025-05-21 05:47:54.764 PM'
}
{
  method: 'POST',
  url: '/api/v1/auth/register',
  status: 201,
  content_length: '266',
  response_time: 81.982,
  level: 'http',
  message: 'incoming-request',
  timestamp: '2025-05-21 05:47:54.870 PM'
}
{
  method: 'POST',
  url: '/api/v1/property/create',
  status: 400,
  content_length: '22',
  response_time: 6.332,
  level: 'http',
  message: 'incoming-request',
  timestamp: '2025-05-21 05:47:54.918 PM'
}
{
  method: 'POST',
  url: '/api/v1/auth/register',
  status: 201,
  content_length: '266',
  response_time: 184.085,
  level: 'http',
  message: 'incoming-request',
  timestamp: '2025-05-21 05:48:42.198 PM'
}
{
  method: 'POST',
  url: '/api/v1/auth/register',
  status: 400,
  content_length: '89',
  response_time: 6.728,
  level: 'http',
  message: 'incoming-request',
  timestamp: '2025-05-21 05:48:42.318 PM'
}
{
  method: 'GET',
  url: '/api/v1/property',
  status: 200,
  content_length: '2370',
  response_time: 14.636,
  level: 'http',
  message: 'incoming-request',
  timestamp: '2025-05-21 05:48:42.409 PM'
}
{
  method: 'POST',
  url: '/api/v1/auth/register',
  status: 201,
  content_length: '266',
  response_time: 83.455,
  level: 'http',
  message: 'incoming-request',
  timestamp: '2025-05-21 05:48:42.525 PM'
}
{
  method: 'GET',
  url: '/api/v1/property?page=2',
  status: 200,
  content_length: '2379',
  response_time: 10.679,
  level: 'http',
  message: 'incoming-request',
  timestamp: '2025-05-21 05:48:42.613 PM'
}
{
  method: 'POST',
  url: '/api/v1/auth/register',
  status: 201,
  content_length: '266',
  response_time: 84.532,
  level: 'http',
  message: 'incoming-request',
  timestamp: '2025-05-21 05:48:42.726 PM'
}
{
  method: 'POST',
  url: '/api/v1/property/create',
  status: 400,
  content_length: '38',
  response_time: 13.486,
  level: 'http',
  message: 'incoming-request',
  timestamp: '2025-05-21 05:48:42.793 PM'
}
{
  method: 'POST',
  url: '/api/v1/auth/register',
  status: 201,
  content_length: '266',
  response_time: 87.316,
  level: 'http',
  message: 'incoming-request',
  timestamp: '2025-05-21 05:48:42.911 PM'
}
{
  method: 'POST',
  url: '/api/v1/auth/register',
  status: 201,
  content_length: '274',
  response_time: 87.885,
  level: 'http',
  message: 'incoming-request',
  timestamp: '2025-05-21 05:48:43.051 PM'
}
{
  method: 'POST',
  url: '/api/v1/property/create',
  status: 500,
  content_length: '659',
  response_time: 9.72,
  level: 'http',
  message: 'incoming-request',
  timestamp: '2025-05-21 05:48:43.088 PM'
}
{
  method: 'POST',
  url: '/api/v1/auth/register',
  status: 201,
  content_length: '266',
  response_time: 86.424,
  level: 'http',
  message: 'incoming-request',
  timestamp: '2025-05-21 05:48:43.210 PM'
}
{
  method: 'POST',
  url: '/api/v1/property/create',
  status: 400,
  content_length: '22',
  response_time: 6.619,
  level: 'http',
  message: 'incoming-request',
  timestamp: '2025-05-21 05:48:43.260 PM'
}
{
  method: 'POST',
  url: '/api/v1/auth/register',
  status: 201,
  content_length: '266',
  response_time: 180.29,
  level: 'http',
  message: 'incoming-request',
  timestamp: '2025-05-21 05:49:50.459 PM'
}
{
  method: 'POST',
  url: '/api/v1/auth/register',
  status: 400,
  content_length: '89',
  response_time: 6.945,
  level: 'http',
  message: 'incoming-request',
  timestamp: '2025-05-21 05:49:50.563 PM'
}
{
  method: 'GET',
  url: '/api/v1/property',
  status: 200,
  content_length: '2370',
  response_time: 14.367,
  level: 'http',
  message: 'incoming-request',
  timestamp: '2025-05-21 05:49:50.659 PM'
}
{
  method: 'POST',
  url: '/api/v1/auth/register',
  status: 201,
  content_length: '266',
  response_time: 85.806,
  level: 'http',
  message: 'incoming-request',
  timestamp: '2025-05-21 05:49:50.779 PM'
}
{
  method: 'GET',
  url: '/api/v1/property?page=2',
  status: 200,
  content_length: '2379',
  response_time: 12.392,
  level: 'http',
  message: 'incoming-request',
  timestamp: '2025-05-21 05:49:50.871 PM'
}
{
  method: 'POST',
  url: '/api/v1/auth/register',
  status: 201,
  content_length: '266',
  response_time: 82.804,
  level: 'http',
  message: 'incoming-request',
  timestamp: '2025-05-21 05:49:50.985 PM'
}
{
  method: 'POST',
  url: '/api/v1/property/create',
  status: 400,
  content_length: '38',
  response_time: 14.548,
  level: 'http',
  message: 'incoming-request',
  timestamp: '2025-05-21 05:49:51.055 PM'
}
{
  method: 'POST',
  url: '/api/v1/auth/register',
  status: 201,
  content_length: '266',
  response_time: 85.847,
  level: 'http',
  message: 'incoming-request',
  timestamp: '2025-05-21 05:49:51.172 PM'
}
{
  method: 'POST',
  url: '/api/v1/auth/register',
  status: 201,
  content_length: '275',
  response_time: 115.39,
  level: 'http',
  message: 'incoming-request',
  timestamp: '2025-05-21 05:49:51.343 PM'
}
{
  method: 'POST',
  url: '/api/v1/property/create',
  status: 500,
  content_length: '659',
  response_time: 8.523,
  level: 'http',
  message: 'incoming-request',
  timestamp: '2025-05-21 05:49:51.386 PM'
}
{
  method: 'POST',
  url: '/api/v1/auth/register',
  status: 201,
  content_length: '266',
  response_time: 88.348,
  level: 'http',
  message: 'incoming-request',
  timestamp: '2025-05-21 05:49:51.504 PM'
}
{
  method: 'POST',
  url: '/api/v1/property/create',
  status: 400,
  content_length: '22',
  response_time: 6.956,
  level: 'http',
  message: 'incoming-request',
  timestamp: '2025-05-21 05:49:51.552 PM'
}
{
  method: 'POST',
  url: '/api/v1/auth/register',
  status: 201,
  content_length: '266',
  response_time: 169.846,
  level: 'http',
  message: 'incoming-request',
  timestamp: '2025-05-21 05:51:04.335 PM'
}
{
  method: 'POST',
  url: '/api/v1/auth/register',
  status: 400,
  content_length: '89',
  response_time: 5.782,
  level: 'http',
  message: 'incoming-request',
  timestamp: '2025-05-21 05:51:04.437 PM'
}
{
  method: 'GET',
  url: '/api/v1/property',
  status: 200,
  content_length: '2370',
  response_time: 13.516,
  level: 'http',
  message: 'incoming-request',
  timestamp: '2025-05-21 05:51:04.525 PM'
}
{
  method: 'POST',
  url: '/api/v1/auth/register',
  status: 201,
  content_length: '266',
  response_time: 82.576,
  level: 'http',
  message: 'incoming-request',
  timestamp: '2025-05-21 05:51:04.636 PM'
}
{
  method: 'GET',
  url: '/api/v1/property?page=2',
  status: 200,
  content_length: '2379',
  response_time: 10.11,
  level: 'http',
  message: 'incoming-request',
  timestamp: '2025-05-21 05:51:04.714 PM'
}
{
  method: 'POST',
  url: '/api/v1/auth/register',
  status: 201,
  content_length: '266',
  response_time: 80.554,
  level: 'http',
  message: 'incoming-request',
  timestamp: '2025-05-21 05:51:04.819 PM'
}
{
  method: 'POST',
  url: '/api/v1/property/create',
  status: 400,
  content_length: '38',
  response_time: 12.351,
  level: 'http',
  message: 'incoming-request',
  timestamp: '2025-05-21 05:51:04.879 PM'
}
{
  method: 'POST',
  url: '/api/v1/auth/register',
  status: 201,
  content_length: '266',
  response_time: 82.35,
  level: 'http',
  message: 'incoming-request',
  timestamp: '2025-05-21 05:51:04.989 PM'
}
{
  method: 'POST',
  url: '/api/v1/auth/register',
  status: 201,
  content_length: '274',
  response_time: 80.401,
  level: 'http',
  message: 'incoming-request',
  timestamp: '2025-05-21 05:51:05.116 PM'
}
{
  method: 'POST',
  url: '/api/v1/property/create',
  status: 500,
  content_length: '659',
  response_time: 9.067,
  level: 'http',
  message: 'incoming-request',
  timestamp: '2025-05-21 05:51:05.150 PM'
}
{
  method: 'POST',
  url: '/api/v1/auth/register',
  status: 201,
  content_length: '266',
  response_time: 80.5,
  level: 'http',
  message: 'incoming-request',
  timestamp: '2025-05-21 05:51:05.253 PM'
}
{
  method: 'POST',
  url: '/api/v1/property/create',
  status: 400,
  content_length: '22',
  response_time: 6.628,
  level: 'http',
  message: 'incoming-request',
  timestamp: '2025-05-21 05:51:05.299 PM'
}
{
  method: 'POST',
  url: '/api/v1/auth/register',
  status: 201,
  content_length: '266',
  response_time: 164.324,
  level: 'http',
  message: 'incoming-request',
  timestamp: '2025-05-21 05:53:35.657 PM'
}
{
  method: 'POST',
  url: '/api/v1/auth/register',
  status: 400,
  content_length: '89',
  response_time: 6.617,
  level: 'http',
  message: 'incoming-request',
  timestamp: '2025-05-21 05:53:35.768 PM'
}
{
  method: 'GET',
  url: '/api/v1/property',
  status: 200,
  content_length: '2370',
  response_time: 14.066,
  level: 'http',
  message: 'incoming-request',
  timestamp: '2025-05-21 05:53:35.855 PM'
}
{
  method: 'POST',
  url: '/api/v1/auth/register',
  status: 201,
  content_length: '266',
  response_time: 83.444,
  level: 'http',
  message: 'incoming-request',
  timestamp: '2025-05-21 05:53:35.966 PM'
}
{
  method: 'GET',
  url: '/api/v1/property?page=2',
  status: 200,
  content_length: '2379',
  response_time: 12.039,
  level: 'http',
  message: 'incoming-request',
  timestamp: '2025-05-21 05:53:36.055 PM'
}
{
  method: 'POST',
  url: '/api/v1/auth/register',
  status: 201,
  content_length: '266',
  response_time: 86.581,
  level: 'http',
  message: 'incoming-request',
  timestamp: '2025-05-21 05:53:36.169 PM'
}
{
  method: 'GET',
  url: '/api/v1/property?page=12',
  status: 200,
  content_length: '61',
  response_time: 7.805,
  level: 'http',
  message: 'incoming-request',
  timestamp: '2025-05-21 05:53:36.247 PM'
}
{
  method: 'POST',
  url: '/api/v1/auth/register',
  status: 201,
  content_length: '266',
  response_time: 183.103,
  level: 'http',
  message: 'incoming-request',
  timestamp: '2025-05-21 05:54:31.840 PM'
}
{
  method: 'POST',
  url: '/api/v1/auth/register',
  status: 400,
  content_length: '89',
  response_time: 5.869,
  level: 'http',
  message: 'incoming-request',
  timestamp: '2025-05-21 05:54:31.935 PM'
}
{
  method: 'GET',
  url: '/api/v1/property',
  status: 200,
  content_length: '2370',
  response_time: 13.964,
  level: 'http',
  message: 'incoming-request',
  timestamp: '2025-05-21 05:54:32.026 PM'
}
{
  method: 'POST',
  url: '/api/v1/auth/register',
  status: 201,
  content_length: '266',
  response_time: 82.64,
  level: 'http',
  message: 'incoming-request',
  timestamp: '2025-05-21 05:54:32.136 PM'
}
{
  method: 'GET',
  url: '/api/v1/property?page=2',
  status: 200,
  content_length: '2379',
  response_time: 10.596,
  level: 'http',
  message: 'incoming-request',
  timestamp: '2025-05-21 05:54:32.218 PM'
}
{
  method: 'POST',
  url: '/api/v1/auth/register',
  status: 201,
  content_length: '266',
  response_time: 81.879,
  level: 'http',
  message: 'incoming-request',
  timestamp: '2025-05-21 05:54:32.323 PM'
}
{
  method: 'GET',
  url: '/api/v1/property?page=12',
  status: 200,
  content_length: '61',
  response_time: 9.666,
  level: 'http',
  message: 'incoming-request',
  timestamp: '2025-05-21 05:54:32.407 PM'
}
{
  method: 'POST',
  url: '/api/v1/auth/register',
  status: 201,
  content_length: '266',
  response_time: 177.921,
  level: 'http',
  message: 'incoming-request',
  timestamp: '2025-05-21 06:05:58.598 PM'
}
{
  method: 'POST',
  url: '/api/v1/auth/register',
  status: 400,
  content_length: '89',
  response_time: 8.689,
  level: 'http',
  message: 'incoming-request',
  timestamp: '2025-05-21 06:05:58.711 PM'
}
{
  method: 'DELETE',
  url: '/api/v1/property/682debd6ff51d0614ab473f5',
  status: 401,
  content_length: '26',
  response_time: 2.908,
  level: 'http',
  message: 'incoming-request',
  timestamp: '2025-05-21 06:05:58.756 PM'
}
{
  method: 'POST',
  url: '/api/v1/auth/register',
  status: 201,
  content_length: '266',
  response_time: 82.643,
  level: 'http',
  message: 'incoming-request',
  timestamp: '2025-05-21 06:05:58.868 PM'
}
{
  method: 'GET',
  url: '/api/v1/property?page=12',
  status: 200,
  content_length: '61',
  response_time: 11.395,
  level: 'http',
  message: 'incoming-request',
  timestamp: '2025-05-21 06:05:58.954 PM'
}
{
  method: 'POST',
  url: '/api/v1/auth/register',
  status: 201,
  content_length: '266',
  response_time: 170.836,
  level: 'http',
  message: 'incoming-request',
  timestamp: '2025-05-21 06:07:08.473 PM'
}
{
  method: 'POST',
  url: '/api/v1/auth/register',
  status: 400,
  content_length: '89',
  response_time: 7.049,
  level: 'http',
  message: 'incoming-request',
  timestamp: '2025-05-21 06:07:08.580 PM'
}
{
  method: 'DELETE',
  url: '/api/v1/property/682dec1c4d5baec690a28e08',
  status: 401,
  content_length: '26',
  response_time: 2.776,
  level: 'http',
  message: 'incoming-request',
  timestamp: '2025-05-21 06:07:08.625 PM'
}
{
  method: 'POST',
  url: '/api/v1/auth/register',
  status: 201,
  content_length: '266',
  response_time: 83.855,
  level: 'http',
  message: 'incoming-request',
  timestamp: '2025-05-21 06:07:08.738 PM'
}
{
  method: 'GET',
  url: '/api/v1/property?page=12',
  status: 200,
  content_length: '61',
  response_time: 10.948,
  level: 'http',
  message: 'incoming-request',
  timestamp: '2025-05-21 06:07:08.829 PM'
}
{
  method: 'POST',
  url: '/api/v1/auth/register',
  status: 201,
  content_length: '266',
  response_time: 188.719,
  level: 'http',
  message: 'incoming-request',
  timestamp: '2025-05-21 06:09:47.699 PM'
}
{
  method: 'POST',
  url: '/api/v1/auth/register',
  status: 400,
  content_length: '89',
  response_time: 5.846,
  level: 'http',
  message: 'incoming-request',
  timestamp: '2025-05-21 06:09:47.797 PM'
}
{
  method: 'DELETE',
  url: '/api/v1/property/682decbbb48fbab1f21f20b8',
  status: 200,
  content_length: '50',
  response_time: 14.433,
  level: 'http',
  message: 'incoming-request',
  timestamp: '2025-05-21 06:09:47.857 PM'
}
{
  method: 'POST',
  url: '/api/v1/auth/register',
  status: 201,
  content_length: '266',
  response_time: 85.88,
  level: 'http',
  message: 'incoming-request',
  timestamp: '2025-05-21 06:09:47.973 PM'
}
{
  method: 'GET',
  url: '/api/v1/property?page=12',
  status: 200,
  content_length: '61',
  response_time: 13.32,
  level: 'http',
  message: 'incoming-request',
  timestamp: '2025-05-21 06:09:48.075 PM'
}
{
  method: 'POST',
  url: '/api/v1/auth/register',
  status: 201,
  content_length: '266',
  response_time: 176.212,
  level: 'http',
  message: 'incoming-request',
  timestamp: '2025-05-21 06:25:03.744 PM'
}
{
  method: 'POST',
  url: '/api/v1/auth/register',
  status: 400,
  content_length: '89',
  response_time: 7.315,
  level: 'http',
  message: 'incoming-request',
  timestamp: '2025-05-21 06:25:03.848 PM'
}
{
  method: 'DELETE',
  url: '/api/v1/property/682df04f63bc235ae6e4dea8',
  status: 200,
  content_length: '50',
  response_time: 14.7,
  level: 'http',
  message: 'incoming-request',
  timestamp: '2025-05-21 06:25:03.906 PM'
}
{
  method: 'POST',
  url: '/api/v1/auth/register',
  status: 201,
  content_length: '266',
  response_time: 83.734,
  level: 'http',
  message: 'incoming-request',
  timestamp: '2025-05-21 06:25:04.020 PM'
}
{
  method: 'POST',
  url: '/api/v1/auth/register',
  status: 201,
  content_length: '273',
  response_time: 84.789,
  level: 'http',
  message: 'incoming-request',
  timestamp: '2025-05-21 06:25:04.155 PM'
}
{
  method: 'DELETE',
  url: '/api/v1/property/682df05063bc235ae6e4debc',
  status: 500,
  content_length: '659',
  response_time: 7.622,
  level: 'http',
  message: 'incoming-request',
  timestamp: '2025-05-21 06:25:04.185 PM'
}
{
  method: 'POST',
  url: '/api/v1/auth/register',
  status: 201,
  content_length: '266',
  response_time: 183.87,
  level: 'http',
  message: 'incoming-request',
  timestamp: '2025-05-21 06:25:27.977 PM'
}
{
  method: 'POST',
  url: '/api/v1/auth/register',
  status: 400,
  content_length: '89',
  response_time: 9.468,
  level: 'http',
  message: 'incoming-request',
  timestamp: '2025-05-21 06:25:28.091 PM'
}
{
  method: 'DELETE',
  url: '/api/v1/property/682df06861823a87132bdeed',
  status: 200,
  content_length: '50',
  response_time: 14.36,
  level: 'http',
  message: 'incoming-request',
  timestamp: '2025-05-21 06:25:28.148 PM'
}
{
  method: 'POST',
  url: '/api/v1/auth/register',
  status: 201,
  content_length: '266',
  response_time: 83.131,
  level: 'http',
  message: 'incoming-request',
  timestamp: '2025-05-21 06:25:28.260 PM'
}
{
  method: 'POST',
  url: '/api/v1/auth/register',
  status: 201,
  content_length: '269',
  response_time: 99.998,
  level: 'http',
  message: 'incoming-request',
  timestamp: '2025-05-21 06:25:28.410 PM'
}
{
  method: 'DELETE',
  url: '/api/v1/property/682df06861823a87132bdf01',
  status: 500,
  content_length: '659',
  response_time: 10.99,
  level: 'http',
  message: 'incoming-request',
  timestamp: '2025-05-21 06:25:28.449 PM'
}
{
  method: 'POST',
  url: '/api/v1/auth/register',
  status: 201,
  content_length: '266',
  response_time: 177.294,
  level: 'http',
  message: 'incoming-request',
  timestamp: '2025-05-21 06:26:05.499 PM'
}
{
  method: 'POST',
  url: '/api/v1/auth/register',
  status: 400,
  content_length: '89',
  response_time: 6.775,
  level: 'http',
  message: 'incoming-request',
  timestamp: '2025-05-21 06:26:05.598 PM'
}
{
  method: 'DELETE',
  url: '/api/v1/property/682df08d5e73011629d10c42',
  status: 200,
  content_length: '50',
  response_time: 13.895,
  level: 'http',
  message: 'incoming-request',
  timestamp: '2025-05-21 06:26:05.655 PM'
}
{
  method: 'POST',
  url: '/api/v1/auth/register',
  status: 201,
  content_length: '266',
  response_time: 83.22,
  level: 'http',
  message: 'incoming-request',
  timestamp: '2025-05-21 06:26:05.767 PM'
}
{
  method: 'POST',
  url: '/api/v1/auth/register',
  status: 201,
  content_length: '270',
  response_time: 81.807,
  level: 'http',
  message: 'incoming-request',
  timestamp: '2025-05-21 06:26:05.896 PM'
}
{
  method: 'DELETE',
  url: '/api/v1/property/682df08d5e73011629d10c56',
  status: 500,
  content_length: '659',
  response_time: 8.802,
  level: 'http',
  message: 'incoming-request',
  timestamp: '2025-05-21 06:26:05.926 PM'
}
{
  method: 'POST',
  url: '/api/v1/auth/register',
  status: 201,
  content_length: '266',
  response_time: 172.552,
  level: 'http',
  message: 'incoming-request',
  timestamp: '2025-05-21 06:26:54.702 PM'
}
{
  method: 'POST',
  url: '/api/v1/auth/register',
  status: 400,
  content_length: '89',
  response_time: 5.795,
  level: 'http',
  message: 'incoming-request',
  timestamp: '2025-05-21 06:26:54.806 PM'
}
{
  method: 'DELETE',
  url: '/api/v1/property/682df0be26135c2f3c5935ef',
  status: 200,
  content_length: '50',
  response_time: 13.735,
  level: 'http',
  message: 'incoming-request',
  timestamp: '2025-05-21 06:26:54.862 PM'
}
{
  method: 'POST',
  url: '/api/v1/auth/register',
  status: 201,
  content_length: '266',
  response_time: 85.767,
  level: 'http',
  message: 'incoming-request',
  timestamp: '2025-05-21 06:26:54.977 PM'
}
{
  method: 'POST',
  url: '/api/v1/auth/register',
  status: 201,
  content_length: '276',
  response_time: 84.705,
  level: 'http',
  message: 'incoming-request',
  timestamp: '2025-05-21 06:26:55.109 PM'
}
{
  method: 'DELETE',
  url: '/api/v1/property/682df0bf26135c2f3c593603',
  status: 500,
  content_length: '659',
  response_time: 7.432,
  level: 'http',
  message: 'incoming-request',
  timestamp: '2025-05-21 06:26:55.137 PM'
}
{
  method: 'POST',
  url: '/api/v1/auth/register',
  status: 201,
  content_length: '266',
  response_time: 175.931,
  level: 'http',
  message: 'incoming-request',
  timestamp: '2025-05-21 06:28:13.855 PM'
}
{
  method: 'POST',
  url: '/api/v1/auth/register',
  status: 400,
  content_length: '89',
  response_time: 6.411,
  level: 'http',
  message: 'incoming-request',
  timestamp: '2025-05-21 06:28:13.963 PM'
}
{
  method: 'DELETE',
  url: '/api/v1/property/682df10d05bbe41484462460',
  status: 200,
  content_length: '50',
  response_time: 13.958,
  level: 'http',
  message: 'incoming-request',
  timestamp: '2025-05-21 06:28:14.019 PM'
}
{
  method: 'POST',
  url: '/api/v1/auth/register',
  status: 201,
  content_length: '266',
  response_time: 86.005,
  level: 'http',
  message: 'incoming-request',
  timestamp: '2025-05-21 06:28:14.135 PM'
}
{
  method: 'DELETE',
  url: '/api/v1/property/507f1f77bcf86cd799439011',
  status: 404,
  content_length: '42',
  response_time: 10.016,
  level: 'http',
  message: 'incoming-request',
  timestamp: '2025-05-21 06:28:14.181 PM'
}
{
  method: 'POST',
  url: '/api/v1/auth/register',
  status: 201,
  content_length: '266',
  response_time: 80.541,
  level: 'http',
  message: 'incoming-request',
  timestamp: '2025-05-21 06:28:14.288 PM'
}
{
  method: 'POST',
  url: '/api/v1/auth/register',
  status: 201,
  content_length: '270',
  response_time: 79.831,
  level: 'http',
  message: 'incoming-request',
  timestamp: '2025-05-21 06:28:14.411 PM'
}
{
  method: 'DELETE',
  url: '/api/v1/property/682df10e05bbe41484462484',
  status: 500,
  content_length: '659',
  response_time: 7.004,
  level: 'http',
  message: 'incoming-request',
  timestamp: '2025-05-21 06:28:14.438 PM'
}
{
  method: 'POST',
  url: '/api/v1/auth/register',
  status: 201,
  content_length: '266',
  response_time: 172.758,
  level: 'http',
  message: 'incoming-request',
  timestamp: '2025-05-21 06:28:50.728 PM'
}
{
  method: 'POST',
  url: '/api/v1/auth/register',
  status: 400,
  content_length: '89',
  response_time: 5.761,
  level: 'http',
  message: 'incoming-request',
  timestamp: '2025-05-21 06:28:50.830 PM'
}
{
  method: 'DELETE',
  url: '/api/v1/property/682df132c7af50dab8d530b1',
  status: 200,
  content_length: '50',
  response_time: 13.197,
  level: 'http',
  message: 'incoming-request',
  timestamp: '2025-05-21 06:28:50.884 PM'
}
{
  method: 'POST',
  url: '/api/v1/auth/register',
  status: 201,
  content_length: '266',
  response_time: 82.45,
  level: 'http',
  message: 'incoming-request',
  timestamp: '2025-05-21 06:28:50.995 PM'
}
{
  method: 'DELETE',
  url: '/api/v1/property/507f1f77bcf86cd799439011',
  status: 404,
  content_length: '42',
  response_time: 9.179,
  level: 'http',
  message: 'incoming-request',
  timestamp: '2025-05-21 06:28:51.039 PM'
}
{
  method: 'POST',
  url: '/api/v1/auth/register',
  status: 201,
  content_length: '266',
  response_time: 81.18,
  level: 'http',
  message: 'incoming-request',
  timestamp: '2025-05-21 06:28:51.144 PM'
}
{
  method: 'POST',
  url: '/api/v1/auth/register',
  status: 201,
  content_length: '270',
  response_time: 80.653,
  level: 'http',
  message: 'incoming-request',
  timestamp: '2025-05-21 06:28:51.269 PM'
}
{
  method: 'DELETE',
  url: '/api/v1/property/682df133c7af50dab8d530d5',
  status: 500,
  content_length: '659',
  response_time: 7.352,
  level: 'http',
  message: 'incoming-request',
  timestamp: '2025-05-21 06:28:51.298 PM'
}
