{
  message: 'Server on 1997 running. NodeENV: development  ',
  level: 'info',
  timestamp: '2024-12-28 03:26:46.270 PM'
}
{
  method: 'GET',
  url: '/docs/',
  status: 304,
  response_time: 3.64,
  level: 'http',
  message: 'incoming-request',
  timestamp: '2024-12-28 03:27:02.096 PM'
}
{
  method: 'GET',
  url: '/docs/swagger-ui.css',
  status: 304,
  response_time: 1.178,
  level: 'http',
  message: 'incoming-request',
  timestamp: '2024-12-28 03:27:02.140 PM'
}
{
  method: 'GET',
  url: '/docs/swagger-ui-bundle.js',
  status: 304,
  response_time: 1.019,
  level: 'http',
  message: 'incoming-request',
  timestamp: '2024-12-28 03:27:02.149 PM'
}
{
  method: 'GET',
  url: '/docs/swagger-ui-standalone-preset.js',
  status: 304,
  response_time: 1.351,
  level: 'http',
  message: 'incoming-request',
  timestamp: '2024-12-28 03:27:02.150 PM'
}
{
  method: 'GET',
  url: '/docs/swagger-ui-init.js',
  status: 200,
  content_length: '6068',
  response_time: 0.232,
  level: 'http',
  message: 'incoming-request',
  timestamp: '2024-12-28 03:27:02.166 PM'
}
{
  message: 'Server on 1997 running. NodeENV: development  ',
  level: 'info',
  timestamp: '2024-12-28 03:31:42.753 PM'
}
{
  message: 'Server on 1997 running. NodeENV: development  ',
  level: 'info',
  timestamp: '2024-12-28 03:34:10.300 PM'
}
{
  message: 'Server on 1997 running. NodeENV: development  ',
  level: 'info',
  timestamp: '2024-12-28 03:36:13.639 PM'
}
{
  message: 'Server on 1997 running. NodeENV: development  ',
  level: 'info',
  timestamp: '2024-12-28 03:36:31.963 PM'
}
{
  message: 'Server on 1997 running. NodeENV: development  ',
  level: 'info',
  timestamp: '2024-12-28 03:37:25.127 PM'
}
{
  message: 'Server on 1997 running. NodeENV: development  ',
  level: 'info',
  timestamp: '2024-12-28 03:37:53.590 PM'
}
{
  message: 'Server on 1997 running. NodeENV: development  ',
  level: 'info',
  timestamp: '2024-12-28 03:38:27.501 PM'
}
{
  message: 'Server on 1997 running. NodeENV: development  ',
  level: 'info',
  timestamp: '2024-12-28 03:38:58.455 PM'
}
{
  message: 'Server on 1997 running. NodeENV: development  ',
  level: 'info',
  timestamp: '2024-12-28 03:39:06.466 PM'
}
{
  message: 'Server on 1997 running. NodeENV: development  ',
  level: 'info',
  timestamp: '2024-12-28 03:39:17.748 PM'
}
{
  message: 'Server on 1997 running. NodeENV: development  ',
  level: 'info',
  timestamp: '2024-12-28 03:39:26.144 PM'
}
{
  message: 'Server on 1997 running. NodeENV: development  ',
  level: 'info',
  timestamp: '2024-12-28 03:43:32.751 PM'
}
{
  message: 'Server on 1997 running. NodeENV: development  ',
  level: 'info',
  timestamp: '2024-12-28 03:47:29.657 PM'
}
{
  message: 'Server on 1997 running. NodeENV: development  ',
  level: 'info',
  timestamp: '2024-12-28 03:48:14.463 PM'
}
{
  message: 'Server on 1997 running. NodeENV: development  ',
  level: 'info',
  timestamp: '2024-12-28 03:49:05.624 PM'
}
{
  message: 'Server on 1997 running. NodeENV: development  ',
  level: 'info',
  timestamp: '2024-12-28 03:49:18.420 PM'
}
{
  message: 'Server on 1997 running. NodeENV: development  ',
  level: 'info',
  timestamp: '2024-12-28 03:49:30.304 PM'
}
{
  message: 'Server on 1997 running. NodeENV: development  ',
  level: 'info',
  timestamp: '2024-12-28 03:50:07.506 PM'
}
{
  message: 'Server on 1997 running. NodeENV: development  ',
  level: 'info',
  timestamp: '2024-12-28 03:50:31.685 PM'
}
{
  message: 'Server on 1997 running. NodeENV: development  ',
  level: 'info',
  timestamp: '2024-12-28 03:50:49.168 PM'
}
{
  message: 'Server on 1997 running. NodeENV: development  ',
  level: 'info',
  timestamp: '2024-12-28 03:51:00.962 PM'
}
{
  message: 'Server on 1997 running. NodeENV: development  ',
  level: 'info',
  timestamp: '2024-12-28 03:51:12.476 PM'
}
{
  method: 'GET',
  url: '/docs',
  status: 301,
  content_length: 154,
  response_time: 2.21,
  level: 'http',
  message: 'incoming-request',
  timestamp: '2024-12-28 03:51:26.060 PM'
}
{
  method: 'GET',
  url: '/docs/',
  status: 304,
  response_time: 3.239,
  level: 'http',
  message: 'incoming-request',
  timestamp: '2024-12-28 03:51:26.068 PM'
}
{
  method: 'GET',
  url: '/docs/swagger-ui.css',
  status: 304,
  response_time: 0.8,
  level: 'http',
  message: 'incoming-request',
  timestamp: '2024-12-28 03:51:26.226 PM'
}
{
  method: 'GET',
  url: '/docs/swagger-ui-bundle.js',
  status: 304,
  response_time: 2.591,
  level: 'http',
  message: 'incoming-request',
  timestamp: '2024-12-28 03:51:26.271 PM'
}
{
  method: 'GET',
  url: '/docs/swagger-ui-standalone-preset.js',
  status: 304,
  response_time: 3.532,
  level: 'http',
  message: 'incoming-request',
  timestamp: '2024-12-28 03:51:26.274 PM'
}
{
  method: 'GET',
  url: '/docs/swagger-ui-init.js',
  status: 200,
  content_length: '7654',
  response_time: 0.211,
  level: 'http',
  message: 'incoming-request',
  timestamp: '2024-12-28 03:51:26.276 PM'
}
{
  method: 'GET',
  url: '/docs/favicon-32x32.png',
  status: 304,
  response_time: 0.405,
  level: 'http',
  message: 'incoming-request',
  timestamp: '2024-12-28 03:51:26.483 PM'
}
{
  method: 'GET',
  url: '/docs/',
  status: 304,
  response_time: 0.57,
  level: 'http',
  message: 'incoming-request',
  timestamp: '2024-12-28 03:51:27.284 PM'
}
{
  method: 'GET',
  url: '/docs/swagger-ui.css',
  status: 304,
  response_time: 0.444,
  level: 'http',
  message: 'incoming-request',
  timestamp: '2024-12-28 03:51:27.361 PM'
}
{
  method: 'GET',
  url: '/docs/swagger-ui-bundle.js',
  status: 304,
  response_time: 0.927,
  level: 'http',
  message: 'incoming-request',
  timestamp: '2024-12-28 03:51:27.383 PM'
}
{
  method: 'GET',
  url: '/docs/swagger-ui-standalone-preset.js',
  status: 304,
  response_time: 1.535,
  level: 'http',
  message: 'incoming-request',
  timestamp: '2024-12-28 03:51:27.384 PM'
}
{
  method: 'GET',
  url: '/docs/swagger-ui-init.js',
  status: 304,
  response_time: 0.298,
  level: 'http',
  message: 'incoming-request',
  timestamp: '2024-12-28 03:51:27.388 PM'
}
{
  method: 'GET',
  url: '/docs/favicon-32x32.png',
  status: 304,
  response_time: 0.384,
  level: 'http',
  message: 'incoming-request',
  timestamp: '2024-12-28 03:51:27.470 PM'
}
{
  message: 'Server on 1997 running. NodeENV: development  ',
  level: 'info',
  timestamp: '2024-12-28 03:52:10.170 PM'
}
