{
  method: 'POST',
  url: '/api/v1/auth/register',
  status: 201,
  content_length: '266',
  response_time: 183.899,
  level: 'http',
  message: 'incoming-request',
  timestamp: '2025-05-18 12:00:13.991 AM'
}
{
  method: 'POST',
  url: '/api/v1/auth/register',
  status: 201,
  content_length: '277',
  response_time: 363.959,
  level: 'http',
  message: 'incoming-request',
  timestamp: '2025-05-18 12:00:14.493 AM'
}
{
  method: 'POST',
  url: '/api/v1/auth/register',
  status: 201,
  content_length: '276',
  response_time: 359.492,
  level: 'http',
  message: 'incoming-request',
  timestamp: '2025-05-18 12:00:14.497 AM'
}
{
  method: 'POST',
  url: '/api/v1/auth/register',
  status: 201,
  content_length: '275',
  response_time: 353.904,
  level: 'http',
  message: 'incoming-request',
  timestamp: '2025-05-18 12:00:14.500 AM'
}
{
  method: 'POST',
  url: '/api/v1/auth/register',
  status: 201,
  content_length: '280',
  response_time: 377.394,
  level: 'http',
  message: 'incoming-request',
  timestamp: '2025-05-18 12:00:14.543 AM'
}
{
  method: 'PATCH',
  url: '/api/v1/user/profile',
  status: 400,
  content_length: '43',
  response_time: 12.884,
  level: 'http',
  message: 'incoming-request',
  timestamp: '2025-05-18 12:00:14.583 AM'
}
{
  method: 'PATCH',
  url: '/api/v1/user/profile',
  status: 401,
  content_length: '26',
  response_time: 2.219,
  level: 'http',
  message: 'incoming-request',
  timestamp: '2025-05-18 12:00:14.609 AM'
}
{
  method: 'GET',
  url: '/api/v1/user/all',
  status: 401,
  content_length: '26',
  response_time: 1.249,
  level: 'http',
  message: 'incoming-request',
  timestamp: '2025-05-18 12:00:14.630 AM'
}
{
  method: 'POST',
  url: '/api/v1/auth/register',
  status: 201,
  content_length: '266',
  response_time: 132.795,
  level: 'http',
  message: 'incoming-request',
  timestamp: '2025-05-18 12:00:15.962 AM'
}
{
  method: 'POST',
  url: '/api/v1/auth/register',
  status: 201,
  content_length: '277',
  response_time: 314.085,
  level: 'http',
  message: 'incoming-request',
  timestamp: '2025-05-18 12:00:16.344 AM'
}
{
  method: 'POST',
  url: '/api/v1/auth/register',
  status: 201,
  content_length: '273',
  response_time: 311.715,
  level: 'http',
  message: 'incoming-request',
  timestamp: '2025-05-18 12:00:16.348 AM'
}
{
  method: 'POST',
  url: '/api/v1/auth/register',
  status: 201,
  content_length: '276',
  response_time: 309.758,
  level: 'http',
  message: 'incoming-request',
  timestamp: '2025-05-18 12:00:16.350 AM'
}
{
  method: 'POST',
  url: '/api/v1/auth/register',
  status: 201,
  content_length: '269',
  response_time: 334.024,
  level: 'http',
  message: 'incoming-request',
  timestamp: '2025-05-18 12:00:16.391 AM'
}
{
  method: 'GET',
  url: '/api/v1/user/all',
  status: 200,
  content_length: '984',
  response_time: 17.687,
  level: 'http',
  message: 'incoming-request',
  timestamp: '2025-05-18 12:00:16.433 AM'
}
{
  method: 'POST',
  url: '/api/v1/auth/register',
  status: 201,
  content_length: '276',
  response_time: 86.448,
  level: 'http',
  message: 'incoming-request',
  timestamp: '2025-05-18 12:00:16.541 AM'
}
{
  method: 'GET',
  url: '/api/v1/user/all',
  status: 500,
  content_length: '659',
  response_time: 7.294,
  level: 'http',
  message: 'incoming-request',
  timestamp: '2025-05-18 12:00:16.571 AM'
}
{
  method: 'GET',
  url: '/api/v1/user/all',
  status: 401,
  content_length: '26',
  response_time: 1.274,
  level: 'http',
  message: 'incoming-request',
  timestamp: '2025-05-18 12:00:16.593 AM'
}
{
  method: 'POST',
  url: '/api/v1/auth/register',
  status: 201,
  content_length: '266',
  response_time: 190.46,
  level: 'http',
  message: 'incoming-request',
  timestamp: '2025-05-18 12:01:01.144 AM'
}
{
  method: 'PATCH',
  url: '/api/v1/user/profile',
  status: 400,
  content_length: '43',
  response_time: 13.294,
  level: 'http',
  message: 'incoming-request',
  timestamp: '2025-05-18 12:01:01.265 AM'
}
{
  method: 'PATCH',
  url: '/api/v1/user/profile',
  status: 401,
  content_length: '26',
  response_time: 2.079,
  level: 'http',
  message: 'incoming-request',
  timestamp: '2025-05-18 12:01:01.292 AM'
}
{
  method: 'GET',
  url: '/api/v1/user/all',
  status: 401,
  content_length: '26',
  response_time: 1.415,
  level: 'http',
  message: 'incoming-request',
  timestamp: '2025-05-18 12:01:01.314 AM'
}
{
  method: 'POST',
  url: '/api/v1/auth/register',
  status: 201,
  content_length: '266',
  response_time: 141.088,
  level: 'http',
  message: 'incoming-request',
  timestamp: '2025-05-18 12:01:02.638 AM'
}
{
  method: 'POST',
  url: '/api/v1/auth/register',
  status: 201,
  content_length: '267',
  response_time: 245.192,
  level: 'http',
  message: 'incoming-request',
  timestamp: '2025-05-18 12:01:02.940 AM'
}
{
  method: 'POST',
  url: '/api/v1/auth/register',
  status: 201,
  content_length: '275',
  response_time: 246.414,
  level: 'http',
  message: 'incoming-request',
  timestamp: '2025-05-18 12:01:02.952 AM'
}
{
  method: 'POST',
  url: '/api/v1/auth/register',
  status: 201,
  content_length: '271',
  response_time: 243.156,
  level: 'http',
  message: 'incoming-request',
  timestamp: '2025-05-18 12:01:02.956 AM'
}
{
  method: 'POST',
  url: '/api/v1/auth/register',
  status: 201,
  content_length: '271',
  response_time: 359.611,
  level: 'http',
  message: 'incoming-request',
  timestamp: '2025-05-18 12:01:03.068 AM'
}
{
  method: 'GET',
  url: '/api/v1/user/all',
  status: 200,
  content_length: '972',
  response_time: 17.629,
  level: 'http',
  message: 'incoming-request',
  timestamp: '2025-05-18 12:01:03.107 AM'
}
{
  method: 'POST',
  url: '/api/v1/auth/register',
  status: 201,
  content_length: '269',
  response_time: 78.964,
  level: 'http',
  message: 'incoming-request',
  timestamp: '2025-05-18 12:01:03.208 AM'
}
{
  method: 'GET',
  url: '/api/v1/user/all',
  status: 500,
  content_length: '659',
  response_time: 7.189,
  level: 'http',
  message: 'incoming-request',
  timestamp: '2025-05-18 12:01:03.237 AM'
}
{
  method: 'GET',
  url: '/api/v1/user/all',
  status: 401,
  content_length: '26',
  response_time: 1.292,
  level: 'http',
  message: 'incoming-request',
  timestamp: '2025-05-18 12:01:03.258 AM'
}
{
  method: 'POST',
  url: '/api/v1/auth/register',
  status: 201,
  content_length: '266',
  response_time: 184.74,
  level: 'http',
  message: 'incoming-request',
  timestamp: '2025-05-18 12:02:41.587 AM'
}
{
  method: 'PATCH',
  url: '/api/v1/user/profile',
  status: 400,
  content_length: '43',
  response_time: 13.848,
  level: 'http',
  message: 'incoming-request',
  timestamp: '2025-05-18 12:02:41.704 AM'
}
{
  method: 'PATCH',
  url: '/api/v1/user/profile',
  status: 401,
  content_length: '26',
  response_time: 2.422,
  level: 'http',
  message: 'incoming-request',
  timestamp: '2025-05-18 12:02:41.735 AM'
}
{
  method: 'GET',
  url: '/api/v1/user/all',
  status: 401,
  content_length: '26',
  response_time: 1.334,
  level: 'http',
  message: 'incoming-request',
  timestamp: '2025-05-18 12:02:41.755 AM'
}
{
  method: 'POST',
  url: '/api/v1/auth/register',
  status: 201,
  content_length: '266',
  response_time: 137.706,
  level: 'http',
  message: 'incoming-request',
  timestamp: '2025-05-18 12:02:43.067 AM'
}
{
  method: 'POST',
  url: '/api/v1/auth/register',
  status: 201,
  content_length: '274',
  response_time: 311.212,
  level: 'http',
  message: 'incoming-request',
  timestamp: '2025-05-18 12:02:43.444 AM'
}
{
  method: 'POST',
  url: '/api/v1/auth/register',
  status: 201,
  content_length: '281',
  response_time: 309.169,
  level: 'http',
  message: 'incoming-request',
  timestamp: '2025-05-18 12:02:43.448 AM'
}
{
  method: 'POST',
  url: '/api/v1/auth/register',
  status: 201,
  content_length: '276',
  response_time: 306.96,
  level: 'http',
  message: 'incoming-request',
  timestamp: '2025-05-18 12:02:43.450 AM'
}
{
  method: 'POST',
  url: '/api/v1/auth/register',
  status: 201,
  content_length: '270',
  response_time: 329.991,
  level: 'http',
  message: 'incoming-request',
  timestamp: '2025-05-18 12:02:43.490 AM'
}
{
  method: 'GET',
  url: '/api/v1/user/all',
  status: 200,
  content_length: '981',
  response_time: 17.468,
  level: 'http',
  message: 'incoming-request',
  timestamp: '2025-05-18 12:02:43.532 AM'
}
{
  method: 'POST',
  url: '/api/v1/auth/register',
  status: 201,
  content_length: '274',
  response_time: 80.064,
  level: 'http',
  message: 'incoming-request',
  timestamp: '2025-05-18 12:02:43.633 AM'
}
{
  method: 'GET',
  url: '/api/v1/user/all',
  status: 500,
  content_length: '659',
  response_time: 9.319,
  level: 'http',
  message: 'incoming-request',
  timestamp: '2025-05-18 12:02:43.664 AM'
}
{
  method: 'GET',
  url: '/api/v1/user/all',
  status: 401,
  content_length: '26',
  response_time: 1.293,
  level: 'http',
  message: 'incoming-request',
  timestamp: '2025-05-18 12:02:43.685 AM'
}
{
  method: 'POST',
  url: '/api/v1/auth/register',
  status: 201,
  content_length: '266',
  response_time: 171.108,
  level: 'http',
  message: 'incoming-request',
  timestamp: '2025-05-18 12:03:31.753 AM'
}
{
  method: 'PATCH',
  url: '/api/v1/user/profile',
  status: 401,
  content_length: '43',
  response_time: 77.722,
  level: 'http',
  message: 'incoming-request',
  timestamp: '2025-05-18 12:03:31.927 AM'
}
{
  method: 'PATCH',
  url: '/api/v1/user/profile',
  status: 401,
  content_length: '26',
  response_time: 2.446,
  level: 'http',
  message: 'incoming-request',
  timestamp: '2025-05-18 12:03:31.956 AM'
}
{
  method: 'GET',
  url: '/api/v1/user/all',
  status: 401,
  content_length: '26',
  response_time: 1.334,
  level: 'http',
  message: 'incoming-request',
  timestamp: '2025-05-18 12:03:31.977 AM'
}
{
  method: 'POST',
  url: '/api/v1/auth/register',
  status: 201,
  content_length: '266',
  response_time: 138.224,
  level: 'http',
  message: 'incoming-request',
  timestamp: '2025-05-18 12:03:33.348 AM'
}
{
  method: 'POST',
  url: '/api/v1/auth/register',
  status: 201,
  content_length: '275',
  response_time: 305.787,
  level: 'http',
  message: 'incoming-request',
  timestamp: '2025-05-18 12:03:33.716 AM'
}
{
  method: 'POST',
  url: '/api/v1/auth/register',
  status: 201,
  content_length: '280',
  response_time: 303.554,
  level: 'http',
  message: 'incoming-request',
  timestamp: '2025-05-18 12:03:33.721 AM'
}
{
  method: 'POST',
  url: '/api/v1/auth/register',
  status: 201,
  content_length: '269',
  response_time: 301.468,
  level: 'http',
  message: 'incoming-request',
  timestamp: '2025-05-18 12:03:33.723 AM'
}
{
  method: 'POST',
  url: '/api/v1/auth/register',
  status: 201,
  content_length: '277',
  response_time: 326.464,
  level: 'http',
  message: 'incoming-request',
  timestamp: '2025-05-18 12:03:33.764 AM'
}
{
  method: 'GET',
  url: '/api/v1/user/all',
  status: 200,
  content_length: '985',
  response_time: 17.544,
  level: 'http',
  message: 'incoming-request',
  timestamp: '2025-05-18 12:03:33.806 AM'
}
{
  method: 'POST',
  url: '/api/v1/auth/register',
  status: 201,
  content_length: '268',
  response_time: 77.938,
  level: 'http',
  message: 'incoming-request',
  timestamp: '2025-05-18 12:03:33.906 AM'
}
{
  method: 'GET',
  url: '/api/v1/user/all',
  status: 500,
  content_length: '659',
  response_time: 7.149,
  level: 'http',
  message: 'incoming-request',
  timestamp: '2025-05-18 12:03:33.935 AM'
}
{
  method: 'GET',
  url: '/api/v1/user/all',
  status: 401,
  content_length: '26',
  response_time: 1.333,
  level: 'http',
  message: 'incoming-request',
  timestamp: '2025-05-18 12:03:33.955 AM'
}
{
  method: 'POST',
  url: '/api/v1/auth/register',
  status: 201,
  content_length: '266',
  response_time: 207.844,
  level: 'http',
  message: 'incoming-request',
  timestamp: '2025-05-18 12:04:02.264 AM'
}
{
  method: 'PATCH',
  url: '/api/v1/user/profile',
  status: 200,
  content_length: '544',
  response_time: 152.625,
  level: 'http',
  message: 'incoming-request',
  timestamp: '2025-05-18 12:04:02.544 AM'
}
{
  method: 'PATCH',
  url: '/api/v1/user/profile',
  status: 401,
  content_length: '26',
  response_time: 3.715,
  level: 'http',
  message: 'incoming-request',
  timestamp: '2025-05-18 12:04:02.579 AM'
}
{
  method: 'GET',
  url: '/api/v1/user/all',
  status: 401,
  content_length: '26',
  response_time: 2.895,
  level: 'http',
  message: 'incoming-request',
  timestamp: '2025-05-18 12:04:02.608 AM'
}
{
  method: 'POST',
  url: '/api/v1/auth/register',
  status: 201,
  content_length: '266',
  response_time: 155.713,
  level: 'http',
  message: 'incoming-request',
  timestamp: '2025-05-18 12:04:04.013 AM'
}
{
  method: 'POST',
  url: '/api/v1/auth/register',
  status: 201,
  content_length: '270',
  response_time: 320.663,
  level: 'http',
  message: 'incoming-request',
  timestamp: '2025-05-18 12:04:04.394 AM'
}
{
  method: 'POST',
  url: '/api/v1/auth/register',
  status: 201,
  content_length: '276',
  response_time: 318.617,
  level: 'http',
  message: 'incoming-request',
  timestamp: '2025-05-18 12:04:04.397 AM'
}
{
  method: 'POST',
  url: '/api/v1/auth/register',
  status: 201,
  content_length: '273',
  response_time: 315.363,
  level: 'http',
  message: 'incoming-request',
  timestamp: '2025-05-18 12:04:04.400 AM'
}
{
  method: 'POST',
  url: '/api/v1/auth/register',
  status: 201,
  content_length: '280',
  response_time: 344.799,
  level: 'http',
  message: 'incoming-request',
  timestamp: '2025-05-18 12:04:04.450 AM'
}
{
  method: 'GET',
  url: '/api/v1/user/all',
  status: 200,
  content_length: '995',
  response_time: 22.138,
  level: 'http',
  message: 'incoming-request',
  timestamp: '2025-05-18 12:04:04.498 AM'
}
{
  method: 'POST',
  url: '/api/v1/auth/register',
  status: 201,
  content_length: '270',
  response_time: 82.283,
  level: 'http',
  message: 'incoming-request',
  timestamp: '2025-05-18 12:04:04.605 AM'
}
{
  method: 'GET',
  url: '/api/v1/user/all',
  status: 500,
  content_length: '659',
  response_time: 7.317,
  level: 'http',
  message: 'incoming-request',
  timestamp: '2025-05-18 12:04:04.634 AM'
}
{
  method: 'GET',
  url: '/api/v1/user/all',
  status: 401,
  content_length: '26',
  response_time: 1.297,
  level: 'http',
  message: 'incoming-request',
  timestamp: '2025-05-18 12:04:04.655 AM'
}
{
  method: 'POST',
  url: '/api/v1/auth/register',
  status: 201,
  content_length: '266',
  response_time: 224.448,
  level: 'http',
  message: 'incoming-request',
  timestamp: '2025-05-18 12:06:24.626 AM'
}
{
  method: 'PATCH',
  url: '/api/v1/user/profile',
  status: 200,
  content_length: '544',
  response_time: 160.715,
  level: 'http',
  message: 'incoming-request',
  timestamp: '2025-05-18 12:06:24.868 AM'
}
{
  method: 'PATCH',
  url: '/api/v1/user/profile',
  status: 401,
  content_length: '26',
  response_time: 2.244,
  level: 'http',
  message: 'incoming-request',
  timestamp: '2025-05-18 12:06:24.968 AM'
}
{
  method: 'GET',
  url: '/api/v1/user/all',
  status: 401,
  content_length: '26',
  response_time: 1.508,
  level: 'http',
  message: 'incoming-request',
  timestamp: '2025-05-18 12:06:24.991 AM'
}
{
  method: 'POST',
  url: '/api/v1/auth/register',
  status: 201,
  content_length: '266',
  response_time: 165.26,
  level: 'http',
  message: 'incoming-request',
  timestamp: '2025-05-18 12:06:26.396 AM'
}
{
  method: 'POST',
  url: '/api/v1/auth/register',
  status: 201,
  content_length: '277',
  response_time: 361.548,
  level: 'http',
  message: 'incoming-request',
  timestamp: '2025-05-18 12:06:26.826 AM'
}
{
  method: 'POST',
  url: '/api/v1/auth/register',
  status: 201,
  content_length: '279',
  response_time: 359.907,
  level: 'http',
  message: 'incoming-request',
  timestamp: '2025-05-18 12:06:26.831 AM'
}
{
  method: 'POST',
  url: '/api/v1/auth/register',
  status: 201,
  content_length: '277',
  response_time: 357.381,
  level: 'http',
  message: 'incoming-request',
  timestamp: '2025-05-18 12:06:26.834 AM'
}
{
  method: 'POST',
  url: '/api/v1/auth/register',
  status: 201,
  content_length: '277',
  response_time: 387.403,
  level: 'http',
  message: 'incoming-request',
  timestamp: '2025-05-18 12:06:26.882 AM'
}
{
  method: 'GET',
  url: '/api/v1/user/all',
  status: 200,
  content_length: '984',
  response_time: 18.127,
  level: 'http',
  message: 'incoming-request',
  timestamp: '2025-05-18 12:06:26.925 AM'
}
{
  method: 'POST',
  url: '/api/v1/auth/register',
  status: 201,
  content_length: '283',
  response_time: 78.575,
  level: 'http',
  message: 'incoming-request',
  timestamp: '2025-05-18 12:06:27.027 AM'
}
{
  method: 'GET',
  url: '/api/v1/user/all',
  status: 500,
  content_length: '659',
  response_time: 7.096,
  level: 'http',
  message: 'incoming-request',
  timestamp: '2025-05-18 12:06:27.055 AM'
}
{
  method: 'GET',
  url: '/api/v1/user/all',
  status: 401,
  content_length: '26',
  response_time: 1.24,
  level: 'http',
  message: 'incoming-request',
  timestamp: '2025-05-18 12:06:27.075 AM'
}
{
  method: 'POST',
  url: '/api/v1/auth/register',
  status: 201,
  content_length: '266',
  response_time: 192.657,
  level: 'http',
  message: 'incoming-request',
  timestamp: '2025-05-18 12:07:21.661 AM'
}
{
  method: 'PATCH',
  url: '/api/v1/user/profile',
  status: 200,
  content_length: '544',
  response_time: 152.842,
  level: 'http',
  message: 'incoming-request',
  timestamp: '2025-05-18 12:07:21.923 AM'
}
{
  method: 'PATCH',
  url: '/api/v1/user/profile',
  status: 404,
  content_length: '31',
  response_time: 5.934,
  level: 'http',
  message: 'incoming-request',
  timestamp: '2025-05-18 12:07:22.026 AM'
}
{
  method: 'PATCH',
  url: '/api/v1/user/profile',
  status: 401,
  content_length: '26',
  response_time: 1.882,
  level: 'http',
  message: 'incoming-request',
  timestamp: '2025-05-18 12:07:22.052 AM'
}
{
  method: 'GET',
  url: '/api/v1/user/all',
  status: 401,
  content_length: '26',
  response_time: 1.411,
  level: 'http',
  message: 'incoming-request',
  timestamp: '2025-05-18 12:07:22.072 AM'
}
{
  method: 'POST',
  url: '/api/v1/auth/register',
  status: 201,
  content_length: '266',
  response_time: 173.507,
  level: 'http',
  message: 'incoming-request',
  timestamp: '2025-05-18 12:07:23.564 AM'
}
{
  method: 'POST',
  url: '/api/v1/auth/register',
  status: 201,
  content_length: '277',
  response_time: 320.594,
  level: 'http',
  message: 'incoming-request',
  timestamp: '2025-05-18 12:07:24.008 AM'
}
{
  method: 'POST',
  url: '/api/v1/auth/register',
  status: 201,
  content_length: '269',
  response_time: 317.962,
  level: 'http',
  message: 'incoming-request',
  timestamp: '2025-05-18 12:07:24.013 AM'
}
{
  method: 'POST',
  url: '/api/v1/auth/register',
  status: 201,
  content_length: '274',
  response_time: 315.247,
  level: 'http',
  message: 'incoming-request',
  timestamp: '2025-05-18 12:07:24.015 AM'
}
{
  method: 'POST',
  url: '/api/v1/auth/register',
  status: 201,
  content_length: '277',
  response_time: 341.564,
  level: 'http',
  message: 'incoming-request',
  timestamp: '2025-05-18 12:07:24.061 AM'
}
{
  method: 'GET',
  url: '/api/v1/user/all',
  status: 200,
  content_length: '999',
  response_time: 22.946,
  level: 'http',
  message: 'incoming-request',
  timestamp: '2025-05-18 12:07:24.111 AM'
}
{
  method: 'POST',
  url: '/api/v1/auth/register',
  status: 201,
  content_length: '276',
  response_time: 78.655,
  level: 'http',
  message: 'incoming-request',
  timestamp: '2025-05-18 12:07:24.216 AM'
}
{
  method: 'GET',
  url: '/api/v1/user/all',
  status: 500,
  content_length: '659',
  response_time: 7.519,
  level: 'http',
  message: 'incoming-request',
  timestamp: '2025-05-18 12:07:24.246 AM'
}
{
  method: 'GET',
  url: '/api/v1/user/all',
  status: 401,
  content_length: '26',
  response_time: 1.273,
  level: 'http',
  message: 'incoming-request',
  timestamp: '2025-05-18 12:07:24.266 AM'
}
{
  method: 'POST',
  url: '/api/v1/auth/register',
  status: 201,
  content_length: '266',
  response_time: 190.713,
  level: 'http',
  message: 'incoming-request',
  timestamp: '2025-05-18 12:09:00.907 AM'
}
{
  method: 'PATCH',
  url: '/api/v1/user/profile',
  status: 200,
  content_length: '544',
  response_time: 149.852,
  level: 'http',
  message: 'incoming-request',
  timestamp: '2025-05-18 12:09:01.163 AM'
}
{
  method: 'PATCH',
  url: '/api/v1/user/profile',
  status: 404,
  content_length: '31',
  response_time: 5.845,
  level: 'http',
  message: 'incoming-request',
  timestamp: '2025-05-18 12:09:01.262 AM'
}
{
  method: 'PATCH',
  url: '/api/v1/user/profile',
  status: 401,
  content_length: '26',
  response_time: 1.881,
  level: 'http',
  message: 'incoming-request',
  timestamp: '2025-05-18 12:09:01.288 AM'
}
{
  method: 'GET',
  url: '/api/v1/user/all',
  status: 401,
  content_length: '26',
  response_time: 1.469,
  level: 'http',
  message: 'incoming-request',
  timestamp: '2025-05-18 12:09:01.308 AM'
}
{
  method: 'POST',
  url: '/api/v1/auth/register',
  status: 201,
  content_length: '266',
  response_time: 134.445,
  level: 'http',
  message: 'incoming-request',
  timestamp: '2025-05-18 12:09:02.652 AM'
}
{
  method: 'POST',
  url: '/api/v1/auth/register',
  status: 201,
  content_length: '278',
  response_time: 304.629,
  level: 'http',
  message: 'incoming-request',
  timestamp: '2025-05-18 12:09:03.021 AM'
}
{
  method: 'POST',
  url: '/api/v1/auth/register',
  status: 201,
  content_length: '270',
  response_time: 302.855,
  level: 'http',
  message: 'incoming-request',
  timestamp: '2025-05-18 12:09:03.025 AM'
}
{
  method: 'POST',
  url: '/api/v1/auth/register',
  status: 201,
  content_length: '270',
  response_time: 300.965,
  level: 'http',
  message: 'incoming-request',
  timestamp: '2025-05-18 12:09:03.027 AM'
}
{
  method: 'POST',
  url: '/api/v1/auth/register',
  status: 201,
  content_length: '271',
  response_time: 325.671,
  level: 'http',
  message: 'incoming-request',
  timestamp: '2025-05-18 12:09:03.068 AM'
}
{
  method: 'GET',
  url: '/api/v1/user/all',
  status: 200,
  content_length: '982',
  response_time: 18.78,
  level: 'http',
  message: 'incoming-request',
  timestamp: '2025-05-18 12:09:03.110 AM'
}
{
  method: 'POST',
  url: '/api/v1/auth/register',
  status: 201,
  content_length: '267',
  response_time: 78.234,
  level: 'http',
  message: 'incoming-request',
  timestamp: '2025-05-18 12:09:03.210 AM'
}
{
  method: 'GET',
  url: '/api/v1/user/all',
  status: 500,
  content_length: '659',
  response_time: 7.745,
  level: 'http',
  message: 'incoming-request',
  timestamp: '2025-05-18 12:09:03.239 AM'
}
{
  method: 'GET',
  url: '/api/v1/user/all',
  status: 401,
  content_length: '26',
  response_time: 1.253,
  level: 'http',
  message: 'incoming-request',
  timestamp: '2025-05-18 12:09:03.259 AM'
}
{
  method: 'POST',
  url: '/api/v1/auth/register',
  status: 201,
  content_length: '266',
  response_time: 180.383,
  level: 'http',
  message: 'incoming-request',
  timestamp: '2025-05-18 12:09:45.529 AM'
}
{
  method: 'PATCH',
  url: '/api/v1/user/profile',
  status: 200,
  content_length: '544',
  response_time: 151.401,
  level: 'http',
  message: 'incoming-request',
  timestamp: '2025-05-18 12:09:45.786 AM'
}
{
  method: 'PATCH',
  url: '/api/v1/user/profile',
  status: 404,
  content_length: '31',
  response_time: 6.735,
  level: 'http',
  message: 'incoming-request',
  timestamp: '2025-05-18 12:09:45.885 AM'
}
{
  method: 'PATCH',
  url: '/api/v1/user/profile',
  status: 401,
  content_length: '26',
  response_time: 1.907,
  level: 'http',
  message: 'incoming-request',
  timestamp: '2025-05-18 12:09:45.909 AM'
}
{
  method: 'GET',
  url: '/api/v1/user/all',
  status: 401,
  content_length: '26',
  response_time: 1.344,
  level: 'http',
  message: 'incoming-request',
  timestamp: '2025-05-18 12:09:45.930 AM'
}
{
  method: 'POST',
  url: '/api/v1/auth/register',
  status: 201,
  content_length: '266',
  response_time: 134.716,
  level: 'http',
  message: 'incoming-request',
  timestamp: '2025-05-18 12:09:47.239 AM'
}
{
  method: 'POST',
  url: '/api/v1/auth/register',
  status: 201,
  content_length: '269',
  response_time: 304.307,
  level: 'http',
  message: 'incoming-request',
  timestamp: '2025-05-18 12:09:47.686 AM'
}
{
  method: 'POST',
  url: '/api/v1/auth/register',
  status: 201,
  content_length: '279',
  response_time: 302.254,
  level: 'http',
  message: 'incoming-request',
  timestamp: '2025-05-18 12:09:47.691 AM'
}
{
  method: 'POST',
  url: '/api/v1/auth/register',
  status: 201,
  content_length: '277',
  response_time: 300.134,
  level: 'http',
  message: 'incoming-request',
  timestamp: '2025-05-18 12:09:47.693 AM'
}
{
  method: 'POST',
  url: '/api/v1/auth/register',
  status: 201,
  content_length: '271',
  response_time: 325.247,
  level: 'http',
  message: 'incoming-request',
  timestamp: '2025-05-18 12:09:47.735 AM'
}
{
  method: 'GET',
  url: '/api/v1/user/all',
  status: 200,
  content_length: '988',
  response_time: 17.983,
  level: 'http',
  message: 'incoming-request',
  timestamp: '2025-05-18 12:09:47.777 AM'
}
{
  method: 'POST',
  url: '/api/v1/auth/register',
  status: 201,
  content_length: '268',
  response_time: 78.489,
  level: 'http',
  message: 'incoming-request',
  timestamp: '2025-05-18 12:09:47.878 AM'
}
{
  method: 'GET',
  url: '/api/v1/user/all',
  status: 500,
  content_length: '659',
  response_time: 7.212,
  level: 'http',
  message: 'incoming-request',
  timestamp: '2025-05-18 12:09:47.906 AM'
}
{
  method: 'GET',
  url: '/api/v1/user/all',
  status: 401,
  content_length: '26',
  response_time: 1.267,
  level: 'http',
  message: 'incoming-request',
  timestamp: '2025-05-18 12:09:47.927 AM'
}
{
  method: 'POST',
  url: '/api/v1/auth/register',
  status: 201,
  content_length: '266',
  response_time: 173.321,
  level: 'http',
  message: 'incoming-request',
  timestamp: '2025-05-18 12:10:18.755 AM'
}
{
  method: 'PATCH',
  url: '/api/v1/user/profile',
  status: 200,
  content_length: '544',
  response_time: 149.454,
  level: 'http',
  message: 'incoming-request',
  timestamp: '2025-05-18 12:10:19.017 AM'
}
{
  method: 'PATCH',
  url: '/api/v1/user/profile',
  status: 404,
  content_length: '31',
  response_time: 6.48,
  level: 'http',
  message: 'incoming-request',
  timestamp: '2025-05-18 12:10:19.115 AM'
}
{
  method: 'PATCH',
  url: '/api/v1/user/profile',
  status: 401,
  content_length: '26',
  response_time: 1.826,
  level: 'http',
  message: 'incoming-request',
  timestamp: '2025-05-18 12:10:19.139 AM'
}
{
  method: 'GET',
  url: '/api/v1/user/all',
  status: 401,
  content_length: '26',
  response_time: 1.321,
  level: 'http',
  message: 'incoming-request',
  timestamp: '2025-05-18 12:10:19.160 AM'
}
{
  method: 'POST',
  url: '/api/v1/auth/register',
  status: 201,
  content_length: '266',
  response_time: 151.898,
  level: 'http',
  message: 'incoming-request',
  timestamp: '2025-05-18 12:10:20.488 AM'
}
{
  method: 'POST',
  url: '/api/v1/auth/register',
  status: 201,
  content_length: '281',
  response_time: 310.496,
  level: 'http',
  message: 'incoming-request',
  timestamp: '2025-05-18 12:10:20.861 AM'
}
{
  method: 'POST',
  url: '/api/v1/auth/register',
  status: 201,
  content_length: '270',
  response_time: 307.337,
  level: 'http',
  message: 'incoming-request',
  timestamp: '2025-05-18 12:10:20.864 AM'
}
{
  method: 'POST',
  url: '/api/v1/auth/register',
  status: 201,
  content_length: '269',
  response_time: 305.36,
  level: 'http',
  message: 'incoming-request',
  timestamp: '2025-05-18 12:10:20.866 AM'
}
{
  method: 'POST',
  url: '/api/v1/auth/register',
  status: 201,
  content_length: '272',
  response_time: 331.555,
  level: 'http',
  message: 'incoming-request',
  timestamp: '2025-05-18 12:10:20.910 AM'
}
{
  method: 'GET',
  url: '/api/v1/user/all',
  status: 200,
  content_length: '990',
  response_time: 17.275,
  level: 'http',
  message: 'incoming-request',
  timestamp: '2025-05-18 12:10:20.952 AM'
}
{
  method: 'POST',
  url: '/api/v1/auth/register',
  status: 201,
  content_length: '271',
  response_time: 77.789,
  level: 'http',
  message: 'incoming-request',
  timestamp: '2025-05-18 12:10:21.052 AM'
}
{
  method: 'GET',
  url: '/api/v1/user/all',
  status: 500,
  content_length: '659',
  response_time: 7.075,
  level: 'http',
  message: 'incoming-request',
  timestamp: '2025-05-18 12:10:21.080 AM'
}
{
  method: 'GET',
  url: '/api/v1/user/all',
  status: 401,
  content_length: '26',
  response_time: 1.27,
  level: 'http',
  message: 'incoming-request',
  timestamp: '2025-05-18 12:10:21.101 AM'
}
{
  method: 'POST',
  url: '/api/v1/auth/register',
  status: 201,
  content_length: '266',
  response_time: 187.429,
  level: 'http',
  message: 'incoming-request',
  timestamp: '2025-05-18 12:11:46.065 AM'
}
{
  method: 'PATCH',
  url: '/api/v1/user/profile',
  status: 200,
  content_length: '544',
  response_time: 88.85,
  level: 'http',
  message: 'incoming-request',
  timestamp: '2025-05-18 12:11:46.244 AM'
}
{
  method: 'PATCH',
  url: '/api/v1/user/profile',
  status: 401,
  content_length: '26',
  response_time: 2.394,
  level: 'http',
  message: 'incoming-request',
  timestamp: '2025-05-18 12:11:46.274 AM'
}
{
  method: 'GET',
  url: '/api/v1/user/all',
  status: 401,
  content_length: '26',
  response_time: 1.448,
  level: 'http',
  message: 'incoming-request',
  timestamp: '2025-05-18 12:11:46.300 AM'
}
{
  method: 'POST',
  url: '/api/v1/auth/register',
  status: 201,
  content_length: '266',
  response_time: 136.581,
  level: 'http',
  message: 'incoming-request',
  timestamp: '2025-05-18 12:11:47.608 AM'
}
{
  method: 'POST',
  url: '/api/v1/auth/register',
  status: 201,
  content_length: '269',
  response_time: 307.599,
  level: 'http',
  message: 'incoming-request',
  timestamp: '2025-05-18 12:11:47.978 AM'
}
{
  method: 'POST',
  url: '/api/v1/auth/register',
  status: 201,
  content_length: '268',
  response_time: 303.397,
  level: 'http',
  message: 'incoming-request',
  timestamp: '2025-05-18 12:11:47.981 AM'
}
{
  method: 'POST',
  url: '/api/v1/auth/register',
  status: 201,
  content_length: '268',
  response_time: 301.401,
  level: 'http',
  message: 'incoming-request',
  timestamp: '2025-05-18 12:11:47.984 AM'
}
{
  method: 'POST',
  url: '/api/v1/auth/register',
  status: 201,
  content_length: '275',
  response_time: 326.502,
  level: 'http',
  message: 'incoming-request',
  timestamp: '2025-05-18 12:11:48.027 AM'
}
{
  method: 'GET',
  url: '/api/v1/user/all',
  status: 200,
  content_length: '987',
  response_time: 18.292,
  level: 'http',
  message: 'incoming-request',
  timestamp: '2025-05-18 12:11:48.069 AM'
}
{
  method: 'POST',
  url: '/api/v1/auth/register',
  status: 201,
  content_length: '271',
  response_time: 81.704,
  level: 'http',
  message: 'incoming-request',
  timestamp: '2025-05-18 12:11:48.177 AM'
}
{
  method: 'GET',
  url: '/api/v1/user/all',
  status: 500,
  content_length: '659',
  response_time: 7.409,
  level: 'http',
  message: 'incoming-request',
  timestamp: '2025-05-18 12:11:48.206 AM'
}
{
  method: 'GET',
  url: '/api/v1/user/all',
  status: 401,
  content_length: '26',
  response_time: 1.253,
  level: 'http',
  message: 'incoming-request',
  timestamp: '2025-05-18 12:11:48.226 AM'
}
{
  method: 'POST',
  url: '/api/v1/auth/register',
  status: 201,
  content_length: '266',
  response_time: 169.159,
  level: 'http',
  message: 'incoming-request',
  timestamp: '2025-05-18 12:12:13.456 AM'
}
{
  method: 'PATCH',
  url: '/api/v1/user/profile',
  status: 401,
  content_length: '43',
  response_time: 77.363,
  level: 'http',
  message: 'incoming-request',
  timestamp: '2025-05-18 12:12:13.643 AM'
}
{
  method: 'PATCH',
  url: '/api/v1/user/profile',
  status: 401,
  content_length: '26',
  response_time: 2.161,
  level: 'http',
  message: 'incoming-request',
  timestamp: '2025-05-18 12:12:13.672 AM'
}
{
  method: 'GET',
  url: '/api/v1/user/all',
  status: 401,
  content_length: '26',
  response_time: 1.385,
  level: 'http',
  message: 'incoming-request',
  timestamp: '2025-05-18 12:12:13.692 AM'
}
{
  method: 'POST',
  url: '/api/v1/auth/register',
  status: 201,
  content_length: '266',
  response_time: 139.028,
  level: 'http',
  message: 'incoming-request',
  timestamp: '2025-05-18 12:12:15.014 AM'
}
{
  method: 'POST',
  url: '/api/v1/auth/register',
  status: 201,
  content_length: '274',
  response_time: 303.101,
  level: 'http',
  message: 'incoming-request',
  timestamp: '2025-05-18 12:12:15.380 AM'
}
{
  method: 'POST',
  url: '/api/v1/auth/register',
  status: 201,
  content_length: '277',
  response_time: 301.334,
  level: 'http',
  message: 'incoming-request',
  timestamp: '2025-05-18 12:12:15.385 AM'
}
{
  method: 'POST',
  url: '/api/v1/auth/register',
  status: 201,
  content_length: '269',
  response_time: 299.419,
  level: 'http',
  message: 'incoming-request',
  timestamp: '2025-05-18 12:12:15.387 AM'
}
{
  method: 'POST',
  url: '/api/v1/auth/register',
  status: 201,
  content_length: '278',
  response_time: 323.559,
  level: 'http',
  message: 'incoming-request',
  timestamp: '2025-05-18 12:12:15.427 AM'
}
{
  method: 'GET',
  url: '/api/v1/user/all',
  status: 200,
  content_length: '972',
  response_time: 17.233,
  level: 'http',
  message: 'incoming-request',
  timestamp: '2025-05-18 12:12:15.467 AM'
}
{
  method: 'POST',
  url: '/api/v1/auth/register',
  status: 201,
  content_length: '275',
  response_time: 78.383,
  level: 'http',
  message: 'incoming-request',
  timestamp: '2025-05-18 12:12:15.568 AM'
}
{
  method: 'GET',
  url: '/api/v1/user/all',
  status: 500,
  content_length: '659',
  response_time: 7.058,
  level: 'http',
  message: 'incoming-request',
  timestamp: '2025-05-18 12:12:15.596 AM'
}
{
  method: 'GET',
  url: '/api/v1/user/all',
  status: 401,
  content_length: '26',
  response_time: 1.237,
  level: 'http',
  message: 'incoming-request',
  timestamp: '2025-05-18 12:12:15.616 AM'
}
{
  method: 'POST',
  url: '/api/v1/auth/register',
  status: 201,
  content_length: '266',
  response_time: 174.149,
  level: 'http',
  message: 'incoming-request',
  timestamp: '2025-05-18 12:12:38.630 AM'
}
{
  method: 'PATCH',
  url: '/api/v1/user/profile',
  status: 200,
  content_length: '544',
  response_time: 149.916,
  level: 'http',
  message: 'incoming-request',
  timestamp: '2025-05-18 12:12:38.888 AM'
}
{
  method: 'PATCH',
  url: '/api/v1/user/profile',
  status: 404,
  content_length: '31',
  response_time: 6.049,
  level: 'http',
  message: 'incoming-request',
  timestamp: '2025-05-18 12:12:38.988 AM'
}
{
  method: 'PATCH',
  url: '/api/v1/user/profile',
  status: 401,
  content_length: '26',
  response_time: 1.904,
  level: 'http',
  message: 'incoming-request',
  timestamp: '2025-05-18 12:12:39.014 AM'
}
{
  method: 'GET',
  url: '/api/v1/user/all',
  status: 401,
  content_length: '26',
  response_time: 1.364,
  level: 'http',
  message: 'incoming-request',
  timestamp: '2025-05-18 12:12:39.037 AM'
}
{
  method: 'POST',
  url: '/api/v1/auth/register',
  status: 201,
  content_length: '266',
  response_time: 136.637,
  level: 'http',
  message: 'incoming-request',
  timestamp: '2025-05-18 12:12:40.342 AM'
}
{
  method: 'POST',
  url: '/api/v1/auth/register',
  status: 201,
  content_length: '278',
  response_time: 310.47,
  level: 'http',
  message: 'incoming-request',
  timestamp: '2025-05-18 12:12:40.758 AM'
}
{
  method: 'POST',
  url: '/api/v1/auth/register',
  status: 201,
  content_length: '270',
  response_time: 308.918,
  level: 'http',
  message: 'incoming-request',
  timestamp: '2025-05-18 12:12:40.762 AM'
}
{
  method: 'POST',
  url: '/api/v1/auth/register',
  status: 201,
  content_length: '269',
  response_time: 308.716,
  level: 'http',
  message: 'incoming-request',
  timestamp: '2025-05-18 12:12:40.765 AM'
}
{
  method: 'POST',
  url: '/api/v1/auth/register',
  status: 201,
  content_length: '275',
  response_time: 341.496,
  level: 'http',
  message: 'incoming-request',
  timestamp: '2025-05-18 12:12:40.820 AM'
}
{
  method: 'GET',
  url: '/api/v1/user/all',
  status: 200,
  content_length: '975',
  response_time: 19.487,
  level: 'http',
  message: 'incoming-request',
  timestamp: '2025-05-18 12:12:40.869 AM'
}
{
  method: 'POST',
  url: '/api/v1/auth/register',
  status: 201,
  content_length: '279',
  response_time: 86.99,
  level: 'http',
  message: 'incoming-request',
  timestamp: '2025-05-18 12:12:40.981 AM'
}
{
  method: 'GET',
  url: '/api/v1/user/all',
  status: 500,
  content_length: '659',
  response_time: 7.604,
  level: 'http',
  message: 'incoming-request',
  timestamp: '2025-05-18 12:12:41.019 AM'
}
{
  method: 'GET',
  url: '/api/v1/user/all',
  status: 401,
  content_length: '26',
  response_time: 1.406,
  level: 'http',
  message: 'incoming-request',
  timestamp: '2025-05-18 12:12:41.042 AM'
}
{
  method: 'POST',
  url: '/api/v1/auth/register',
  status: 201,
  content_length: '266',
  response_time: 175.496,
  level: 'http',
  message: 'incoming-request',
  timestamp: '2025-05-18 12:13:13.632 AM'
}
{
  method: 'PATCH',
  url: '/api/v1/user/profile',
  status: 200,
  content_length: '544',
  response_time: 149.281,
  level: 'http',
  message: 'incoming-request',
  timestamp: '2025-05-18 12:13:13.875 AM'
}
{
  method: 'PATCH',
  url: '/api/v1/user/profile',
  status: 404,
  content_length: '31',
  response_time: 6.414,
  level: 'http',
  message: 'incoming-request',
  timestamp: '2025-05-18 12:13:13.974 AM'
}
{
  method: 'PATCH',
  url: '/api/v1/user/profile',
  status: 401,
  content_length: '26',
  response_time: 1.812,
  level: 'http',
  message: 'incoming-request',
  timestamp: '2025-05-18 12:13:13.999 AM'
}
{
  method: 'GET',
  url: '/api/v1/user/all',
  status: 401,
  content_length: '26',
  response_time: 1.38,
  level: 'http',
  message: 'incoming-request',
  timestamp: '2025-05-18 12:13:14.021 AM'
}
{
  method: 'POST',
  url: '/api/v1/auth/register',
  status: 201,
  content_length: '266',
  response_time: 170.839,
  level: 'http',
  message: 'incoming-request',
  timestamp: '2025-05-18 12:13:15.432 AM'
}
{
  method: 'POST',
  url: '/api/v1/auth/register',
  status: 201,
  content_length: '277',
  response_time: 305.198,
  level: 'http',
  message: 'incoming-request',
  timestamp: '2025-05-18 12:13:15.794 AM'
}
{
  method: 'POST',
  url: '/api/v1/auth/register',
  status: 201,
  content_length: '272',
  response_time: 303.255,
  level: 'http',
  message: 'incoming-request',
  timestamp: '2025-05-18 12:13:15.797 AM'
}
{
  method: 'POST',
  url: '/api/v1/auth/register',
  status: 201,
  content_length: '272',
  response_time: 301.158,
  level: 'http',
  message: 'incoming-request',
  timestamp: '2025-05-18 12:13:15.799 AM'
}
{
  method: 'POST',
  url: '/api/v1/auth/register',
  status: 201,
  content_length: '274',
  response_time: 325.805,
  level: 'http',
  message: 'incoming-request',
  timestamp: '2025-05-18 12:13:15.839 AM'
}
{
  method: 'GET',
  url: '/api/v1/user/all',
  status: 200,
  content_length: '978',
  response_time: 17.623,
  level: 'http',
  message: 'incoming-request',
  timestamp: '2025-05-18 12:13:15.881 AM'
}
{
  method: 'POST',
  url: '/api/v1/auth/register',
  status: 201,
  content_length: '275',
  response_time: 79.008,
  level: 'http',
  message: 'incoming-request',
  timestamp: '2025-05-18 12:13:15.983 AM'
}
{
  method: 'GET',
  url: '/api/v1/user/all',
  status: 500,
  content_length: '659',
  response_time: 7.26,
  level: 'http',
  message: 'incoming-request',
  timestamp: '2025-05-18 12:13:16.012 AM'
}
{
  method: 'GET',
  url: '/api/v1/user/all',
  status: 401,
  content_length: '26',
  response_time: 1.234,
  level: 'http',
  message: 'incoming-request',
  timestamp: '2025-05-18 12:13:16.033 AM'
}
{
  method: 'POST',
  url: '/api/v1/auth/register',
  status: 201,
  content_length: '266',
  response_time: 197.249,
  level: 'http',
  message: 'incoming-request',
  timestamp: '2025-05-18 12:19:07.385 AM'
}
{
  method: 'PATCH',
  url: '/api/v1/user/profile',
  status: 200,
  content_length: '544',
  response_time: 153.623,
  level: 'http',
  message: 'incoming-request',
  timestamp: '2025-05-18 12:19:07.604 AM'
}
{
  method: 'PATCH',
  url: '/api/v1/user/profile',
  status: 404,
  content_length: '31',
  response_time: 6.561,
  level: 'http',
  message: 'incoming-request',
  timestamp: '2025-05-18 12:19:07.703 AM'
}
{
  method: 'PATCH',
  url: '/api/v1/user/profile',
  status: 401,
  content_length: '26',
  response_time: 1.942,
  level: 'http',
  message: 'incoming-request',
  timestamp: '2025-05-18 12:19:07.728 AM'
}
{
  method: 'GET',
  url: '/api/v1/user/all',
  status: 401,
  content_length: '26',
  response_time: 1.356,
  level: 'http',
  message: 'incoming-request',
  timestamp: '2025-05-18 12:19:07.750 AM'
}
{
  method: 'POST',
  url: '/api/v1/auth/register',
  status: 201,
  content_length: '266',
  response_time: 133.139,
  level: 'http',
  message: 'incoming-request',
  timestamp: '2025-05-18 12:19:09.091 AM'
}
{
  method: 'POST',
  url: '/api/v1/auth/register',
  status: 201,
  content_length: '273',
  response_time: 307.616,
  level: 'http',
  message: 'incoming-request',
  timestamp: '2025-05-18 12:19:09.464 AM'
}
{
  method: 'POST',
  url: '/api/v1/auth/register',
  status: 201,
  content_length: '270',
  response_time: 305.647,
  level: 'http',
  message: 'incoming-request',
  timestamp: '2025-05-18 12:19:09.469 AM'
}
{
  method: 'POST',
  url: '/api/v1/auth/register',
  status: 201,
  content_length: '278',
  response_time: 303.562,
  level: 'http',
  message: 'incoming-request',
  timestamp: '2025-05-18 12:19:09.471 AM'
}
{
  method: 'POST',
  url: '/api/v1/auth/register',
  status: 201,
  content_length: '278',
  response_time: 330.971,
  level: 'http',
  message: 'incoming-request',
  timestamp: '2025-05-18 12:19:09.515 AM'
}
{
  method: 'GET',
  url: '/api/v1/user/all',
  status: 200,
  content_length: '987',
  response_time: 19.151,
  level: 'http',
  message: 'incoming-request',
  timestamp: '2025-05-18 12:19:09.562 AM'
}
{
  method: 'POST',
  url: '/api/v1/auth/register',
  status: 201,
  content_length: '271',
  response_time: 85.252,
  level: 'http',
  message: 'incoming-request',
  timestamp: '2025-05-18 12:19:09.670 AM'
}
{
  method: 'GET',
  url: '/api/v1/user/all',
  status: 500,
  content_length: '659',
  response_time: 7.26,
  level: 'http',
  message: 'incoming-request',
  timestamp: '2025-05-18 12:19:09.698 AM'
}
{
  method: 'GET',
  url: '/api/v1/user/all',
  status: 401,
  content_length: '26',
  response_time: 1.381,
  level: 'http',
  message: 'incoming-request',
  timestamp: '2025-05-18 12:19:09.719 AM'
}
{
  method: 'POST',
  url: '/api/v1/auth/register',
  status: 201,
  content_length: '266',
  response_time: 195.918,
  level: 'http',
  message: 'incoming-request',
  timestamp: '2025-05-18 12:20:15.367 AM'
}
{
  method: 'POST',
  url: '/api/v1/auth/register',
  status: 400,
  content_length: '89',
  response_time: 5.743,
  level: 'http',
  message: 'incoming-request',
  timestamp: '2025-05-18 12:20:15.492 AM'
}
{
  method: 'PATCH',
  url: '/api/v1/user/profile',
  status: 200,
  content_length: '544',
  response_time: 150.749,
  level: 'http',
  message: 'incoming-request',
  timestamp: '2025-05-18 12:20:15.677 AM'
}
{
  method: 'POST',
  url: '/api/v1/auth/register',
  status: 201,
  content_length: '266',
  response_time: 83.554,
  level: 'http',
  message: 'incoming-request',
  timestamp: '2025-05-18 12:20:15.853 AM'
}
{
  method: 'PATCH',
  url: '/api/v1/user/profile',
  status: 401,
  content_length: '43',
  response_time: 75.773,
  level: 'http',
  message: 'incoming-request',
  timestamp: '2025-05-18 12:20:15.969 AM'
}
{
  method: 'POST',
  url: '/api/v1/auth/register',
  status: 201,
  content_length: '266',
  response_time: 81.665,
  level: 'http',
  message: 'incoming-request',
  timestamp: '2025-05-18 12:20:16.073 AM'
}
{
  method: 'PATCH',
  url: '/api/v1/user/profile',
  status: 401,
  content_length: '26',
  response_time: 2.049,
  level: 'http',
  message: 'incoming-request',
  timestamp: '2025-05-18 12:20:16.112 AM'
}
{
  method: 'POST',
  url: '/api/v1/auth/register',
  status: 201,
  content_length: '266',
  response_time: 82.135,
  level: 'http',
  message: 'incoming-request',
  timestamp: '2025-05-18 12:20:16.213 AM'
}
{
  method: 'GET',
  url: '/api/v1/user/all',
  status: 401,
  content_length: '26',
  response_time: 1.31,
  level: 'http',
  message: 'incoming-request',
  timestamp: '2025-05-18 12:20:16.254 AM'
}
{
  method: 'POST',
  url: '/api/v1/auth/register',
  status: 201,
  content_length: '266',
  response_time: 163.247,
  level: 'http',
  message: 'incoming-request',
  timestamp: '2025-05-18 12:20:17.770 AM'
}
{
  method: 'POST',
  url: '/api/v1/auth/register',
  status: 201,
  content_length: '277',
  response_time: 328.406,
  level: 'http',
  message: 'incoming-request',
  timestamp: '2025-05-18 12:20:18.172 AM'
}
{
  method: 'POST',
  url: '/api/v1/auth/register',
  status: 201,
  content_length: '269',
  response_time: 325.814,
  level: 'http',
  message: 'incoming-request',
  timestamp: '2025-05-18 12:20:18.177 AM'
}
{
  method: 'POST',
  url: '/api/v1/auth/register',
  status: 201,
  content_length: '275',
  response_time: 321.354,
  level: 'http',
  message: 'incoming-request',
  timestamp: '2025-05-18 12:20:18.179 AM'
}
{
  method: 'POST',
  url: '/api/v1/auth/register',
  status: 201,
  content_length: '271',
  response_time: 347.726,
  level: 'http',
  message: 'incoming-request',
  timestamp: '2025-05-18 12:20:18.224 AM'
}
{
  method: 'GET',
  url: '/api/v1/user/all',
  status: 200,
  content_length: '996',
  response_time: 19.003,
  level: 'http',
  message: 'incoming-request',
  timestamp: '2025-05-18 12:20:18.269 AM'
}
{
  method: 'POST',
  url: '/api/v1/auth/register',
  status: 201,
  content_length: '272',
  response_time: 79.584,
  level: 'http',
  message: 'incoming-request',
  timestamp: '2025-05-18 12:20:18.371 AM'
}
{
  method: 'GET',
  url: '/api/v1/user/all',
  status: 500,
  content_length: '659',
  response_time: 7.783,
  level: 'http',
  message: 'incoming-request',
  timestamp: '2025-05-18 12:20:18.402 AM'
}
{
  method: 'GET',
  url: '/api/v1/user/all',
  status: 401,
  content_length: '26',
  response_time: 1.295,
  level: 'http',
  message: 'incoming-request',
  timestamp: '2025-05-18 12:20:18.424 AM'
}
{
  method: 'POST',
  url: '/api/v1/auth/register',
  status: 201,
  content_length: '266',
  response_time: 796.774,
  level: 'http',
  message: 'incoming-request',
  timestamp: '2025-05-18 12:22:33.267 AM'
}
{
  method: 'POST',
  url: '/api/v1/auth/register',
  status: 201,
  content_length: '266',
  response_time: 88.087,
  level: 'http',
  message: 'incoming-request',
  timestamp: '2025-05-18 12:22:33.500 AM'
}
{
  method: 'PATCH',
  url: '/api/v1/user/profile',
  status: 200,
  content_length: '544',
  response_time: 148.386,
  level: 'http',
  message: 'incoming-request',
  timestamp: '2025-05-18 12:22:33.697 AM'
}
{
  method: 'POST',
  url: '/api/v1/auth/register',
  status: 201,
  content_length: '266',
  response_time: 138.371,
  level: 'http',
  message: 'incoming-request',
  timestamp: '2025-05-18 12:22:34.069 AM'
}
{
  method: 'PATCH',
  url: '/api/v1/user/profile',
  status: 401,
  content_length: '43',
  response_time: 105.168,
  level: 'http',
  message: 'incoming-request',
  timestamp: '2025-05-18 12:22:34.236 AM'
}
{
  method: 'POST',
  url: '/api/v1/auth/register',
  status: 201,
  content_length: '266',
  response_time: 187.837,
  level: 'http',
  message: 'incoming-request',
  timestamp: '2025-05-18 12:22:34.471 AM'
}
{
  method: 'PATCH',
  url: '/api/v1/user/profile',
  status: 401,
  content_length: '26',
  response_time: 3.947,
  level: 'http',
  message: 'incoming-request',
  timestamp: '2025-05-18 12:22:34.550 AM'
}
{
  method: 'POST',
  url: '/api/v1/auth/register',
  status: 201,
  content_length: '266',
  response_time: 115.307,
  level: 'http',
  message: 'incoming-request',
  timestamp: '2025-05-18 12:22:34.708 AM'
}
{
  method: 'GET',
  url: '/api/v1/user/all',
  status: 401,
  content_length: '26',
  response_time: 1.468,
  level: 'http',
  message: 'incoming-request',
  timestamp: '2025-05-18 12:22:34.775 AM'
}
{
  method: 'POST',
  url: '/api/v1/auth/register',
  status: 201,
  content_length: '266',
  response_time: 146.755,
  level: 'http',
  message: 'incoming-request',
  timestamp: '2025-05-18 12:22:37.060 AM'
}
{
  method: 'POST',
  url: '/api/v1/auth/register',
  status: 201,
  content_length: '269',
  response_time: 312.588,
  level: 'http',
  message: 'incoming-request',
  timestamp: '2025-05-18 12:22:37.439 AM'
}
{
  method: 'POST',
  url: '/api/v1/auth/register',
  status: 201,
  content_length: '271',
  response_time: 310.027,
  level: 'http',
  message: 'incoming-request',
  timestamp: '2025-05-18 12:22:37.444 AM'
}
{
  method: 'POST',
  url: '/api/v1/auth/register',
  status: 201,
  content_length: '272',
  response_time: 307.743,
  level: 'http',
  message: 'incoming-request',
  timestamp: '2025-05-18 12:22:37.447 AM'
}
{
  method: 'POST',
  url: '/api/v1/auth/register',
  status: 201,
  content_length: '269',
  response_time: 335.217,
  level: 'http',
  message: 'incoming-request',
  timestamp: '2025-05-18 12:22:37.491 AM'
}
{
  method: 'GET',
  url: '/api/v1/user/all',
  status: 200,
  content_length: '1000',
  response_time: 18.921,
  level: 'http',
  message: 'incoming-request',
  timestamp: '2025-05-18 12:22:37.536 AM'
}
{
  method: 'POST',
  url: '/api/v1/auth/register',
  status: 201,
  content_length: '270',
  response_time: 80.57,
  level: 'http',
  message: 'incoming-request',
  timestamp: '2025-05-18 12:22:37.640 AM'
}
{
  method: 'GET',
  url: '/api/v1/user/all',
  status: 500,
  content_length: '659',
  response_time: 8.321,
  level: 'http',
  message: 'incoming-request',
  timestamp: '2025-05-18 12:22:37.671 AM'
}
{
  method: 'GET',
  url: '/api/v1/user/all',
  status: 401,
  content_length: '26',
  response_time: 1.523,
  level: 'http',
  message: 'incoming-request',
  timestamp: '2025-05-18 12:22:37.694 AM'
}
{
  method: 'POST',
  url: '/api/v1/auth/register',
  status: 201,
  content_length: '266',
  response_time: 183.761,
  level: 'http',
  message: 'incoming-request',
  timestamp: '2025-05-18 12:24:53.023 AM'
}
{
  method: 'POST',
  url: '/api/v1/auth/register',
  status: 201,
  content_length: '266',
  response_time: 81.599,
  level: 'http',
  message: 'incoming-request',
  timestamp: '2025-05-18 12:24:53.257 AM'
}
{
  method: 'PATCH',
  url: '/api/v1/user/profile',
  status: 200,
  content_length: '544',
  response_time: 148.318,
  level: 'http',
  message: 'incoming-request',
  timestamp: '2025-05-18 12:24:53.446 AM'
}
{
  method: 'POST',
  url: '/api/v1/auth/register',
  status: 201,
  content_length: '266',
  response_time: 80.322,
  level: 'http',
  message: 'incoming-request',
  timestamp: '2025-05-18 12:24:53.624 AM'
}
{
  method: 'PATCH',
  url: '/api/v1/user/profile',
  status: 401,
  content_length: '43',
  response_time: 74.629,
  level: 'http',
  message: 'incoming-request',
  timestamp: '2025-05-18 12:24:53.736 AM'
}
{
  method: 'POST',
  url: '/api/v1/auth/register',
  status: 201,
  content_length: '266',
  response_time: 82.919,
  level: 'http',
  message: 'incoming-request',
  timestamp: '2025-05-18 12:24:53.845 AM'
}
{
  method: 'PATCH',
  url: '/api/v1/user/profile',
  status: 401,
  content_length: '26',
  response_time: 2.026,
  level: 'http',
  message: 'incoming-request',
  timestamp: '2025-05-18 12:24:53.883 AM'
}
{
  method: 'POST',
  url: '/api/v1/auth/register',
  status: 201,
  content_length: '266',
  response_time: 80.914,
  level: 'http',
  message: 'incoming-request',
  timestamp: '2025-05-18 12:24:53.989 AM'
}
{
  method: 'GET',
  url: '/api/v1/user/all',
  status: 401,
  content_length: '26',
  response_time: 1.645,
  level: 'http',
  message: 'incoming-request',
  timestamp: '2025-05-18 12:24:54.030 AM'
}
{
  method: 'POST',
  url: '/api/v1/auth/register',
  status: 201,
  content_length: '266',
  response_time: 133.157,
  level: 'http',
  message: 'incoming-request',
  timestamp: '2025-05-18 12:24:55.362 AM'
}
{
  method: 'POST',
  url: '/api/v1/auth/register',
  status: 201,
  content_length: '271',
  response_time: 316.886,
  level: 'http',
  message: 'incoming-request',
  timestamp: '2025-05-18 12:24:55.759 AM'
}
{
  method: 'POST',
  url: '/api/v1/auth/register',
  status: 201,
  content_length: '278',
  response_time: 313.965,
  level: 'http',
  message: 'incoming-request',
  timestamp: '2025-05-18 12:24:55.764 AM'
}
{
  method: 'POST',
  url: '/api/v1/auth/register',
  status: 201,
  content_length: '271',
  response_time: 311.981,
  level: 'http',
  message: 'incoming-request',
  timestamp: '2025-05-18 12:24:55.766 AM'
}
{
  method: 'POST',
  url: '/api/v1/auth/register',
  status: 201,
  content_length: '278',
  response_time: 336.374,
  level: 'http',
  message: 'incoming-request',
  timestamp: '2025-05-18 12:24:55.808 AM'
}
{
  method: 'GET',
  url: '/api/v1/user/all',
  status: 200,
  content_length: '993',
  response_time: 16.719,
  level: 'http',
  message: 'incoming-request',
  timestamp: '2025-05-18 12:24:55.848 AM'
}
{
  method: 'POST',
  url: '/api/v1/auth/register',
  status: 201,
  content_length: '269',
  response_time: 78.626,
  level: 'http',
  message: 'incoming-request',
  timestamp: '2025-05-18 12:24:55.949 AM'
}
{
  method: 'GET',
  url: '/api/v1/user/all',
  status: 500,
  content_length: '659',
  response_time: 7.275,
  level: 'http',
  message: 'incoming-request',
  timestamp: '2025-05-18 12:24:55.978 AM'
}
{
  method: 'GET',
  url: '/api/v1/user/all',
  status: 401,
  content_length: '26',
  response_time: 1.232,
  level: 'http',
  message: 'incoming-request',
  timestamp: '2025-05-18 12:24:55.998 AM'
}
{
  method: 'POST',
  url: '/api/v1/auth/register',
  status: 201,
  content_length: '266',
  response_time: 184.105,
  level: 'http',
  message: 'incoming-request',
  timestamp: '2025-05-18 12:26:23.241 AM'
}
{
  method: 'POST',
  url: '/api/v1/auth/register',
  status: 201,
  content_length: '266',
  response_time: 82.82,
  level: 'http',
  message: 'incoming-request',
  timestamp: '2025-05-18 12:26:23.447 AM'
}
{
  method: 'PATCH',
  url: '/api/v1/user/profile',
  status: 200,
  content_length: '544',
  response_time: 149.62,
  level: 'http',
  message: 'incoming-request',
  timestamp: '2025-05-18 12:26:23.637 AM'
}
{
  method: 'POST',
  url: '/api/v1/auth/register',
  status: 201,
  content_length: '266',
  response_time: 83.858,
  level: 'http',
  message: 'incoming-request',
  timestamp: '2025-05-18 12:26:23.820 AM'
}
{
  method: 'PATCH',
  url: '/api/v1/user/profile',
  status: 401,
  content_length: '43',
  response_time: 75.54,
  level: 'http',
  message: 'incoming-request',
  timestamp: '2025-05-18 12:26:23.933 AM'
}
{
  method: 'POST',
  url: '/api/v1/auth/register',
  status: 201,
  content_length: '266',
  response_time: 83.333,
  level: 'http',
  message: 'incoming-request',
  timestamp: '2025-05-18 12:26:24.045 AM'
}
{
  method: 'PATCH',
  url: '/api/v1/user/profile',
  status: 401,
  content_length: '26',
  response_time: 2.124,
  level: 'http',
  message: 'incoming-request',
  timestamp: '2025-05-18 12:26:24.086 AM'
}
{
  method: 'POST',
  url: '/api/v1/auth/register',
  status: 201,
  content_length: '266',
  response_time: 82.94,
  level: 'http',
  message: 'incoming-request',
  timestamp: '2025-05-18 12:26:24.196 AM'
}
{
  method: 'GET',
  url: '/api/v1/user/all',
  status: 401,
  content_length: '26',
  response_time: 1.358,
  level: 'http',
  message: 'incoming-request',
  timestamp: '2025-05-18 12:26:24.236 AM'
}
{
  method: 'POST',
  url: '/api/v1/auth/register',
  status: 201,
  content_length: '266',
  response_time: 162.993,
  level: 'http',
  message: 'incoming-request',
  timestamp: '2025-05-18 12:26:25.636 AM'
}
{
  method: 'POST',
  url: '/api/v1/auth/register',
  status: 201,
  content_length: '268',
  response_time: 320.916,
  level: 'http',
  message: 'incoming-request',
  timestamp: '2025-05-18 12:26:26.026 AM'
}
{
  method: 'POST',
  url: '/api/v1/auth/register',
  status: 201,
  content_length: '274',
  response_time: 319.27,
  level: 'http',
  message: 'incoming-request',
  timestamp: '2025-05-18 12:26:26.029 AM'
}
{
  method: 'POST',
  url: '/api/v1/auth/register',
  status: 201,
  content_length: '276',
  response_time: 317.176,
  level: 'http',
  message: 'incoming-request',
  timestamp: '2025-05-18 12:26:26.032 AM'
}
{
  method: 'POST',
  url: '/api/v1/auth/register',
  status: 201,
  content_length: '277',
  response_time: 341.216,
  level: 'http',
  message: 'incoming-request',
  timestamp: '2025-05-18 12:26:26.073 AM'
}
{
  method: 'GET',
  url: '/api/v1/user/all',
  status: 200,
  content_length: '990',
  response_time: 17.73,
  level: 'http',
  message: 'incoming-request',
  timestamp: '2025-05-18 12:26:26.116 AM'
}
{
  method: 'POST',
  url: '/api/v1/auth/register',
  status: 201,
  content_length: '273',
  response_time: 79.371,
  level: 'http',
  message: 'incoming-request',
  timestamp: '2025-05-18 12:26:26.218 AM'
}
{
  method: 'GET',
  url: '/api/v1/user/all',
  status: 500,
  content_length: '659',
  response_time: 7.15,
  level: 'http',
  message: 'incoming-request',
  timestamp: '2025-05-18 12:26:26.246 AM'
}
{
  method: 'GET',
  url: '/api/v1/user/all',
  status: 401,
  content_length: '26',
  response_time: 1.269,
  level: 'http',
  message: 'incoming-request',
  timestamp: '2025-05-18 12:26:26.268 AM'
}
{
  method: 'POST',
  url: '/api/v1/auth/register',
  status: 201,
  content_length: '266',
  response_time: 190.248,
  level: 'http',
  message: 'incoming-request',
  timestamp: '2025-05-18 12:27:09.987 AM'
}
{
  method: 'POST',
  url: '/api/v1/auth/register',
  status: 201,
  content_length: '266',
  response_time: 82.604,
  level: 'http',
  message: 'incoming-request',
  timestamp: '2025-05-18 12:27:10.184 AM'
}
{
  method: 'PATCH',
  url: '/api/v1/user/profile',
  status: 200,
  content_length: '544',
  response_time: 151.206,
  level: 'http',
  message: 'incoming-request',
  timestamp: '2025-05-18 12:27:10.378 AM'
}
{
  method: 'POST',
  url: '/api/v1/auth/register',
  status: 201,
  content_length: '266',
  response_time: 83.092,
  level: 'http',
  message: 'incoming-request',
  timestamp: '2025-05-18 12:27:10.561 AM'
}
{
  method: 'PATCH',
  url: '/api/v1/user/profile',
  status: 200,
  content_length: '544',
  response_time: 82.877,
  level: 'http',
  message: 'incoming-request',
  timestamp: '2025-05-18 12:27:10.683 AM'
}
{
  method: 'POST',
  url: '/api/v1/auth/register',
  status: 201,
  content_length: '266',
  response_time: 83.517,
  level: 'http',
  message: 'incoming-request',
  timestamp: '2025-05-18 12:27:10.795 AM'
}
{
  method: 'PATCH',
  url: '/api/v1/user/profile',
  status: 401,
  content_length: '26',
  response_time: 2.096,
  level: 'http',
  message: 'incoming-request',
  timestamp: '2025-05-18 12:27:10.835 AM'
}
{
  method: 'POST',
  url: '/api/v1/auth/register',
  status: 201,
  content_length: '266',
  response_time: 82.715,
  level: 'http',
  message: 'incoming-request',
  timestamp: '2025-05-18 12:27:10.946 AM'
}
{
  method: 'GET',
  url: '/api/v1/user/all',
  status: 401,
  content_length: '26',
  response_time: 1.299,
  level: 'http',
  message: 'incoming-request',
  timestamp: '2025-05-18 12:27:10.985 AM'
}
{
  method: 'POST',
  url: '/api/v1/auth/register',
  status: 201,
  content_length: '266',
  response_time: 134.861,
  level: 'http',
  message: 'incoming-request',
  timestamp: '2025-05-18 12:27:12.435 AM'
}
{
  method: 'POST',
  url: '/api/v1/auth/register',
  status: 201,
  content_length: '277',
  response_time: 310.576,
  level: 'http',
  message: 'incoming-request',
  timestamp: '2025-05-18 12:27:12.816 AM'
}
{
  method: 'POST',
  url: '/api/v1/auth/register',
  status: 201,
  content_length: '276',
  response_time: 308.38,
  level: 'http',
  message: 'incoming-request',
  timestamp: '2025-05-18 12:27:12.820 AM'
}
{
  method: 'POST',
  url: '/api/v1/auth/register',
  status: 201,
  content_length: '278',
  response_time: 305.988,
  level: 'http',
  message: 'incoming-request',
  timestamp: '2025-05-18 12:27:12.823 AM'
}
{
  method: 'POST',
  url: '/api/v1/auth/register',
  status: 201,
  content_length: '269',
  response_time: 332.692,
  level: 'http',
  message: 'incoming-request',
  timestamp: '2025-05-18 12:27:12.869 AM'
}
{
  method: 'GET',
  url: '/api/v1/user/all',
  status: 200,
  content_length: '969',
  response_time: 19.391,
  level: 'http',
  message: 'incoming-request',
  timestamp: '2025-05-18 12:27:12.916 AM'
}
{
  method: 'POST',
  url: '/api/v1/auth/register',
  status: 201,
  content_length: '270',
  response_time: 80.933,
  level: 'http',
  message: 'incoming-request',
  timestamp: '2025-05-18 12:27:13.020 AM'
}
{
  method: 'GET',
  url: '/api/v1/user/all',
  status: 500,
  content_length: '659',
  response_time: 8.054,
  level: 'http',
  message: 'incoming-request',
  timestamp: '2025-05-18 12:27:13.052 AM'
}
{
  method: 'GET',
  url: '/api/v1/user/all',
  status: 401,
  content_length: '26',
  response_time: 1.281,
  level: 'http',
  message: 'incoming-request',
  timestamp: '2025-05-18 12:27:13.074 AM'
}
{
  method: 'POST',
  url: '/api/v1/auth/register',
  status: 201,
  content_length: '266',
  response_time: 175.635,
  level: 'http',
  message: 'incoming-request',
  timestamp: '2025-05-18 12:28:13.077 AM'
}
{
  method: 'POST',
  url: '/api/v1/auth/register',
  status: 400,
  content_length: '89',
  response_time: 7.496,
  level: 'http',
  message: 'incoming-request',
  timestamp: '2025-05-18 12:28:13.182 AM'
}
{
  method: 'PATCH',
  url: '/api/v1/user/profile',
  status: 200,
  content_length: '544',
  response_time: 149.558,
  level: 'http',
  message: 'incoming-request',
  timestamp: '2025-05-18 12:28:13.364 AM'
}
{
  method: 'POST',
  url: '/api/v1/auth/register',
  status: 201,
  content_length: '266',
  response_time: 80.683,
  level: 'http',
  message: 'incoming-request',
  timestamp: '2025-05-18 12:28:13.535 AM'
}
{
  method: 'PATCH',
  url: '/api/v1/user/profile',
  status: 401,
  content_length: '43',
  response_time: 74.685,
  level: 'http',
  message: 'incoming-request',
  timestamp: '2025-05-18 12:28:13.645 AM'
}
{
  method: 'POST',
  url: '/api/v1/auth/register',
  status: 201,
  content_length: '266',
  response_time: 82.388,
  level: 'http',
  message: 'incoming-request',
  timestamp: '2025-05-18 12:28:13.748 AM'
}
{
  method: 'PATCH',
  url: '/api/v1/user/profile',
  status: 401,
  content_length: '26',
  response_time: 2.021,
  level: 'http',
  message: 'incoming-request',
  timestamp: '2025-05-18 12:28:13.786 AM'
}
{
  method: 'POST',
  url: '/api/v1/auth/register',
  status: 201,
  content_length: '266',
  response_time: 82.255,
  level: 'http',
  message: 'incoming-request',
  timestamp: '2025-05-18 12:28:13.888 AM'
}
{
  method: 'GET',
  url: '/api/v1/user/all',
  status: 401,
  content_length: '26',
  response_time: 1.276,
  level: 'http',
  message: 'incoming-request',
  timestamp: '2025-05-18 12:28:13.924 AM'
}
{
  method: 'POST',
  url: '/api/v1/auth/register',
  status: 201,
  content_length: '266',
  response_time: 219.83,
  level: 'http',
  message: 'incoming-request',
  timestamp: '2025-05-18 12:28:15.428 AM'
}
{
  method: 'POST',
  url: '/api/v1/auth/register',
  status: 201,
  content_length: '277',
  response_time: 331.362,
  level: 'http',
  message: 'incoming-request',
  timestamp: '2025-05-18 12:28:15.844 AM'
}
{
  method: 'POST',
  url: '/api/v1/auth/register',
  status: 201,
  content_length: '278',
  response_time: 322.736,
  level: 'http',
  message: 'incoming-request',
  timestamp: '2025-05-18 12:28:15.849 AM'
}
{
  method: 'POST',
  url: '/api/v1/auth/register',
  status: 201,
  content_length: '272',
  response_time: 329.661,
  level: 'http',
  message: 'incoming-request',
  timestamp: '2025-05-18 12:28:15.853 AM'
}
{
  method: 'POST',
  url: '/api/v1/auth/register',
  status: 201,
  content_length: '271',
  response_time: 355.003,
  level: 'http',
  message: 'incoming-request',
  timestamp: '2025-05-18 12:28:15.901 AM'
}
{
  method: 'GET',
  url: '/api/v1/user/all',
  status: 200,
  content_length: '986',
  response_time: 17.965,
  level: 'http',
  message: 'incoming-request',
  timestamp: '2025-05-18 12:28:15.945 AM'
}
{
  method: 'POST',
  url: '/api/v1/auth/register',
  status: 201,
  content_length: '275',
  response_time: 78.929,
  level: 'http',
  message: 'incoming-request',
  timestamp: '2025-05-18 12:28:16.047 AM'
}
{
  method: 'GET',
  url: '/api/v1/user/all',
  status: 500,
  content_length: '659',
  response_time: 7.411,
  level: 'http',
  message: 'incoming-request',
  timestamp: '2025-05-18 12:28:16.076 AM'
}
{
  method: 'GET',
  url: '/api/v1/user/all',
  status: 401,
  content_length: '26',
  response_time: 1.284,
  level: 'http',
  message: 'incoming-request',
  timestamp: '2025-05-18 12:28:16.097 AM'
}
{
  method: 'POST',
  url: '/api/v1/auth/register',
  status: 201,
  content_length: '266',
  response_time: 190.611,
  level: 'http',
  message: 'incoming-request',
  timestamp: '2025-05-18 12:28:55.875 AM'
}
{
  method: 'POST',
  url: '/api/v1/auth/register',
  status: 400,
  content_length: '89',
  response_time: 7.81,
  level: 'http',
  message: 'incoming-request',
  timestamp: '2025-05-18 12:28:55.977 AM'
}
{
  method: 'PATCH',
  url: '/api/v1/user/profile',
  status: 200,
  content_length: '544',
  response_time: 152.284,
  level: 'http',
  message: 'incoming-request',
  timestamp: '2025-05-18 12:28:56.163 AM'
}
{
  method: 'POST',
  url: '/api/v1/auth/register',
  status: 201,
  content_length: '266',
  response_time: 80.359,
  level: 'http',
  message: 'incoming-request',
  timestamp: '2025-05-18 12:28:56.335 AM'
}
{
  method: 'PATCH',
  url: '/api/v1/user/profile',
  status: 401,
  content_length: '43',
  response_time: 73.913,
  level: 'http',
  message: 'incoming-request',
  timestamp: '2025-05-18 12:28:56.444 AM'
}
{
  method: 'POST',
  url: '/api/v1/auth/register',
  status: 201,
  content_length: '266',
  response_time: 81.202,
  level: 'http',
  message: 'incoming-request',
  timestamp: '2025-05-18 12:28:56.546 AM'
}
{
  method: 'PATCH',
  url: '/api/v1/user/profile',
  status: 401,
  content_length: '26',
  response_time: 2.137,
  level: 'http',
  message: 'incoming-request',
  timestamp: '2025-05-18 12:28:56.585 AM'
}
{
  method: 'POST',
  url: '/api/v1/auth/register',
  status: 201,
  content_length: '266',
  response_time: 80.997,
  level: 'http',
  message: 'incoming-request',
  timestamp: '2025-05-18 12:28:56.686 AM'
}
{
  method: 'GET',
  url: '/api/v1/user/all',
  status: 401,
  content_length: '26',
  response_time: 1.293,
  level: 'http',
  message: 'incoming-request',
  timestamp: '2025-05-18 12:28:56.723 AM'
}
{
  method: 'POST',
  url: '/api/v1/auth/register',
  status: 201,
  content_length: '266',
  response_time: 134.045,
  level: 'http',
  message: 'incoming-request',
  timestamp: '2025-05-18 12:28:58.048 AM'
}
{
  method: 'POST',
  url: '/api/v1/auth/register',
  status: 201,
  content_length: '277',
  response_time: 308.655,
  level: 'http',
  message: 'incoming-request',
  timestamp: '2025-05-18 12:28:58.424 AM'
}
{
  method: 'POST',
  url: '/api/v1/auth/register',
  status: 201,
  content_length: '278',
  response_time: 307.703,
  level: 'http',
  message: 'incoming-request',
  timestamp: '2025-05-18 12:28:58.429 AM'
}
{
  method: 'POST',
  url: '/api/v1/auth/register',
  status: 201,
  content_length: '275',
  response_time: 306.64,
  level: 'http',
  message: 'incoming-request',
  timestamp: '2025-05-18 12:28:58.431 AM'
}
{
  method: 'POST',
  url: '/api/v1/auth/register',
  status: 201,
  content_length: '267',
  response_time: 331.586,
  level: 'http',
  message: 'incoming-request',
  timestamp: '2025-05-18 12:28:58.472 AM'
}
{
  method: 'GET',
  url: '/api/v1/user/all',
  status: 200,
  content_length: '974',
  response_time: 20.859,
  level: 'http',
  message: 'incoming-request',
  timestamp: '2025-05-18 12:28:58.516 AM'
}
{
  method: 'POST',
  url: '/api/v1/auth/register',
  status: 201,
  content_length: '272',
  response_time: 78.332,
  level: 'http',
  message: 'incoming-request',
  timestamp: '2025-05-18 12:28:58.619 AM'
}
{
  method: 'GET',
  url: '/api/v1/user/all',
  status: 500,
  content_length: '659',
  response_time: 7.073,
  level: 'http',
  message: 'incoming-request',
  timestamp: '2025-05-18 12:28:58.648 AM'
}
{
  method: 'GET',
  url: '/api/v1/user/all',
  status: 401,
  content_length: '26',
  response_time: 1.281,
  level: 'http',
  message: 'incoming-request',
  timestamp: '2025-05-18 12:28:58.669 AM'
}
{
  method: 'POST',
  url: '/api/v1/auth/register',
  status: 201,
  content_length: '266',
  response_time: 199.816,
  level: 'http',
  message: 'incoming-request',
  timestamp: '2025-05-18 12:29:41.697 AM'
}
{
  method: 'POST',
  url: '/api/v1/auth/register',
  status: 400,
  content_length: '89',
  response_time: 6.723,
  level: 'http',
  message: 'incoming-request',
  timestamp: '2025-05-18 12:29:41.805 AM'
}
{
  method: 'PATCH',
  url: '/api/v1/user/profile',
  status: 200,
  content_length: '544',
  response_time: 154.01,
  level: 'http',
  message: 'incoming-request',
  timestamp: '2025-05-18 12:29:41.996 AM'
}
{
  method: 'POST',
  url: '/api/v1/auth/register',
  status: 201,
  content_length: '266',
  response_time: 80.64,
  level: 'http',
  message: 'incoming-request',
  timestamp: '2025-05-18 12:29:42.170 AM'
}
{
  method: 'PATCH',
  url: '/api/v1/user/profile',
  status: 200,
  content_length: '544',
  response_time: 80.432,
  level: 'http',
  message: 'incoming-request',
  timestamp: '2025-05-18 12:29:42.287 AM'
}
{
  method: 'POST',
  url: '/api/v1/auth/register',
  status: 201,
  content_length: '266',
  response_time: 81.561,
  level: 'http',
  message: 'incoming-request',
  timestamp: '2025-05-18 12:29:42.388 AM'
}
{
  method: 'PATCH',
  url: '/api/v1/user/profile',
  status: 401,
  content_length: '26',
  response_time: 2.004,
  level: 'http',
  message: 'incoming-request',
  timestamp: '2025-05-18 12:29:42.427 AM'
}
{
  method: 'POST',
  url: '/api/v1/auth/register',
  status: 201,
  content_length: '266',
  response_time: 80.805,
  level: 'http',
  message: 'incoming-request',
  timestamp: '2025-05-18 12:29:42.527 AM'
}
{
  method: 'GET',
  url: '/api/v1/user/all',
  status: 401,
  content_length: '26',
  response_time: 1.356,
  level: 'http',
  message: 'incoming-request',
  timestamp: '2025-05-18 12:29:42.564 AM'
}
{
  method: 'POST',
  url: '/api/v1/auth/register',
  status: 201,
  content_length: '266',
  response_time: 136.148,
  level: 'http',
  message: 'incoming-request',
  timestamp: '2025-05-18 12:29:43.862 AM'
}
{
  method: 'POST',
  url: '/api/v1/auth/register',
  status: 201,
  content_length: '276',
  response_time: 300.224,
  level: 'http',
  message: 'incoming-request',
  timestamp: '2025-05-18 12:29:44.227 AM'
}
{
  method: 'POST',
  url: '/api/v1/auth/register',
  status: 201,
  content_length: '274',
  response_time: 298.55,
  level: 'http',
  message: 'incoming-request',
  timestamp: '2025-05-18 12:29:44.232 AM'
}
{
  method: 'POST',
  url: '/api/v1/auth/register',
  status: 201,
  content_length: '273',
  response_time: 295.718,
  level: 'http',
  message: 'incoming-request',
  timestamp: '2025-05-18 12:29:44.234 AM'
}
{
  method: 'POST',
  url: '/api/v1/auth/register',
  status: 201,
  content_length: '269',
  response_time: 320.191,
  level: 'http',
  message: 'incoming-request',
  timestamp: '2025-05-18 12:29:44.275 AM'
}
{
  method: 'GET',
  url: '/api/v1/user/all',
  status: 200,
  content_length: '991',
  response_time: 17.64,
  level: 'http',
  message: 'incoming-request',
  timestamp: '2025-05-18 12:29:44.316 AM'
}
{
  method: 'POST',
  url: '/api/v1/auth/register',
  status: 201,
  content_length: '273',
  response_time: 79.016,
  level: 'http',
  message: 'incoming-request',
  timestamp: '2025-05-18 12:29:44.417 AM'
}
{
  method: 'GET',
  url: '/api/v1/user/all',
  status: 500,
  content_length: '659',
  response_time: 7.273,
  level: 'http',
  message: 'incoming-request',
  timestamp: '2025-05-18 12:29:44.445 AM'
}
{
  method: 'GET',
  url: '/api/v1/user/all',
  status: 401,
  content_length: '26',
  response_time: 1.29,
  level: 'http',
  message: 'incoming-request',
  timestamp: '2025-05-18 12:29:44.467 AM'
}
{
  method: 'POST',
  url: '/api/v1/auth/register',
  status: 201,
  content_length: '266',
  response_time: 180.476,
  level: 'http',
  message: 'incoming-request',
  timestamp: '2025-05-18 12:30:40.141 AM'
}
{
  method: 'POST',
  url: '/api/v1/auth/register',
  status: 400,
  content_length: '89',
  response_time: 6.491,
  level: 'http',
  message: 'incoming-request',
  timestamp: '2025-05-18 12:30:40.252 AM'
}
{
  method: 'PATCH',
  url: '/api/v1/user/profile',
  status: 200,
  content_length: '544',
  response_time: 154.04,
  level: 'http',
  message: 'incoming-request',
  timestamp: '2025-05-18 12:30:40.443 AM'
}
{
  method: 'POST',
  url: '/api/v1/auth/register',
  status: 201,
  content_length: '266',
  response_time: 82.192,
  level: 'http',
  message: 'incoming-request',
  timestamp: '2025-05-18 12:30:40.619 AM'
}
{
  method: 'PATCH',
  url: '/api/v1/user/profile',
  status: 200,
  content_length: '541',
  response_time: 81.837,
  level: 'http',
  message: 'incoming-request',
  timestamp: '2025-05-18 12:30:40.738 AM'
}
{
  method: 'POST',
  url: '/api/v1/auth/register',
  status: 201,
  content_length: '266',
  response_time: 82.669,
  level: 'http',
  message: 'incoming-request',
  timestamp: '2025-05-18 12:30:40.843 AM'
}
{
  method: 'PATCH',
  url: '/api/v1/user/profile',
  status: 401,
  content_length: '26',
  response_time: 2.135,
  level: 'http',
  message: 'incoming-request',
  timestamp: '2025-05-18 12:30:40.884 AM'
}
{
  method: 'POST',
  url: '/api/v1/auth/register',
  status: 201,
  content_length: '266',
  response_time: 83.648,
  level: 'http',
  message: 'incoming-request',
  timestamp: '2025-05-18 12:30:40.988 AM'
}
{
  method: 'GET',
  url: '/api/v1/user/all',
  status: 401,
  content_length: '26',
  response_time: 1.336,
  level: 'http',
  message: 'incoming-request',
  timestamp: '2025-05-18 12:30:41.029 AM'
}
{
  method: 'POST',
  url: '/api/v1/auth/register',
  status: 201,
  content_length: '266',
  response_time: 137.192,
  level: 'http',
  message: 'incoming-request',
  timestamp: '2025-05-18 12:30:42.487 AM'
}
{
  method: 'POST',
  url: '/api/v1/auth/register',
  status: 201,
  content_length: '275',
  response_time: 310.206,
  level: 'http',
  message: 'incoming-request',
  timestamp: '2025-05-18 12:30:42.864 AM'
}
{
  method: 'POST',
  url: '/api/v1/auth/register',
  status: 201,
  content_length: '280',
  response_time: 308.061,
  level: 'http',
  message: 'incoming-request',
  timestamp: '2025-05-18 12:30:42.867 AM'
}
{
  method: 'POST',
  url: '/api/v1/auth/register',
  status: 201,
  content_length: '270',
  response_time: 305.672,
  level: 'http',
  message: 'incoming-request',
  timestamp: '2025-05-18 12:30:42.870 AM'
}
{
  method: 'POST',
  url: '/api/v1/auth/register',
  status: 201,
  content_length: '275',
  response_time: 332.355,
  level: 'http',
  message: 'incoming-request',
  timestamp: '2025-05-18 12:30:42.915 AM'
}
{
  method: 'GET',
  url: '/api/v1/user/all',
  status: 200,
  content_length: '982',
  response_time: 20.094,
  level: 'http',
  message: 'incoming-request',
  timestamp: '2025-05-18 12:30:42.959 AM'
}
{
  method: 'POST',
  url: '/api/v1/auth/register',
  status: 201,
  content_length: '273',
  response_time: 80.528,
  level: 'http',
  message: 'incoming-request',
  timestamp: '2025-05-18 12:30:43.063 AM'
}
{
  method: 'GET',
  url: '/api/v1/user/all',
  status: 500,
  content_length: '659',
  response_time: 7.916,
  level: 'http',
  message: 'incoming-request',
  timestamp: '2025-05-18 12:30:43.092 AM'
}
{
  method: 'GET',
  url: '/api/v1/user/all',
  status: 401,
  content_length: '26',
  response_time: 1.303,
  level: 'http',
  message: 'incoming-request',
  timestamp: '2025-05-18 12:30:43.114 AM'
}
{
  method: 'POST',
  url: '/api/v1/auth/register',
  status: 201,
  content_length: '266',
  response_time: 185.233,
  level: 'http',
  message: 'incoming-request',
  timestamp: '2025-05-18 12:34:36.471 AM'
}
{
  method: 'POST',
  url: '/api/v1/auth/register',
  status: 400,
  content_length: '89',
  response_time: 6.512,
  level: 'http',
  message: 'incoming-request',
  timestamp: '2025-05-18 12:34:36.569 AM'
}
{
  method: 'PATCH',
  url: '/api/v1/user/profile',
  status: 200,
  content_length: '544',
  response_time: 149.179,
  level: 'http',
  message: 'incoming-request',
  timestamp: '2025-05-18 12:34:36.751 AM'
}
{
  method: 'POST',
  url: '/api/v1/auth/register',
  status: 201,
  content_length: '266',
  response_time: 80.929,
  level: 'http',
  message: 'incoming-request',
  timestamp: '2025-05-18 12:34:36.924 AM'
}
{
  method: 'PATCH',
  url: '/api/v1/user/profile',
  status: 200,
  content_length: '541',
  response_time: 80.49,
  level: 'http',
  message: 'incoming-request',
  timestamp: '2025-05-18 12:34:37.041 AM'
}
{
  method: 'POST',
  url: '/api/v1/auth/register',
  status: 201,
  content_length: '266',
  response_time: 82.191,
  level: 'http',
  message: 'incoming-request',
  timestamp: '2025-05-18 12:34:37.144 AM'
}
{
  method: 'PATCH',
  url: '/api/v1/user/profile',
  status: 401,
  content_length: '26',
  response_time: 2.002,
  level: 'http',
  message: 'incoming-request',
  timestamp: '2025-05-18 12:34:37.183 AM'
}
{
  method: 'POST',
  url: '/api/v1/auth/register',
  status: 201,
  content_length: '266',
  response_time: 81.62,
  level: 'http',
  message: 'incoming-request',
  timestamp: '2025-05-18 12:34:37.285 AM'
}
{
  method: 'PUT',
  url: '/api/v1/user/profile',
  status: 500,
  content_length: '83',
  response_time: 1.8,
  level: 'http',
  message: 'incoming-request',
  timestamp: '2025-05-18 12:34:37.328 AM'
}
{
  method: 'POST',
  url: '/api/v1/auth/register',
  status: 201,
  content_length: '266',
  response_time: 139.18,
  level: 'http',
  message: 'incoming-request',
  timestamp: '2025-05-18 12:34:38.651 AM'
}
{
  method: 'POST',
  url: '/api/v1/auth/register',
  status: 201,
  content_length: '271',
  response_time: 308.56,
  level: 'http',
  message: 'incoming-request',
  timestamp: '2025-05-18 12:34:39.026 AM'
}
{
  method: 'POST',
  url: '/api/v1/auth/register',
  status: 201,
  content_length: '269',
  response_time: 306.191,
  level: 'http',
  message: 'incoming-request',
  timestamp: '2025-05-18 12:34:39.029 AM'
}
{
  method: 'POST',
  url: '/api/v1/auth/register',
  status: 201,
  content_length: '271',
  response_time: 301.651,
  level: 'http',
  message: 'incoming-request',
  timestamp: '2025-05-18 12:34:39.032 AM'
}
{
  method: 'POST',
  url: '/api/v1/auth/register',
  status: 201,
  content_length: '268',
  response_time: 327.14,
  level: 'http',
  message: 'incoming-request',
  timestamp: '2025-05-18 12:34:39.075 AM'
}
{
  method: 'GET',
  url: '/api/v1/user/all',
  status: 200,
  content_length: '957',
  response_time: 17.021,
  level: 'http',
  message: 'incoming-request',
  timestamp: '2025-05-18 12:34:39.116 AM'
}
{
  method: 'POST',
  url: '/api/v1/auth/register',
  status: 201,
  content_length: '270',
  response_time: 78.263,
  level: 'http',
  message: 'incoming-request',
  timestamp: '2025-05-18 12:34:39.217 AM'
}
{
  method: 'GET',
  url: '/api/v1/user/all',
  status: 500,
  content_length: '659',
  response_time: 6.767,
  level: 'http',
  message: 'incoming-request',
  timestamp: '2025-05-18 12:34:39.245 AM'
}
{
  method: 'GET',
  url: '/api/v1/user/all',
  status: 401,
  content_length: '26',
  response_time: 1.293,
  level: 'http',
  message: 'incoming-request',
  timestamp: '2025-05-18 12:34:39.267 AM'
}
{
  method: 'POST',
  url: '/api/v1/auth/register',
  status: 201,
  content_length: '266',
  response_time: 171.748,
  level: 'http',
  message: 'incoming-request',
  timestamp: '2025-05-18 12:35:13.068 AM'
}
{
  method: 'POST',
  url: '/api/v1/auth/register',
  status: 400,
  content_length: '89',
  response_time: 10.425,
  level: 'http',
  message: 'incoming-request',
  timestamp: '2025-05-18 12:35:13.186 AM'
}
{
  method: 'PATCH',
  url: '/api/v1/user/profile',
  status: 200,
  content_length: '544',
  response_time: 150.101,
  level: 'http',
  message: 'incoming-request',
  timestamp: '2025-05-18 12:35:13.371 AM'
}
{
  method: 'POST',
  url: '/api/v1/auth/register',
  status: 201,
  content_length: '266',
  response_time: 83.272,
  level: 'http',
  message: 'incoming-request',
  timestamp: '2025-05-18 12:35:13.548 AM'
}
{
  method: 'PATCH',
  url: '/api/v1/user/profile',
  status: 200,
  content_length: '541',
  response_time: 80.8,
  level: 'http',
  message: 'incoming-request',
  timestamp: '2025-05-18 12:35:13.667 AM'
}
{
  method: 'POST',
  url: '/api/v1/auth/register',
  status: 201,
  content_length: '266',
  response_time: 82.105,
  level: 'http',
  message: 'incoming-request',
  timestamp: '2025-05-18 12:35:13.770 AM'
}
{
  method: 'PATCH',
  url: '/api/v1/user/profile',
  status: 401,
  content_length: '26',
  response_time: 2.141,
  level: 'http',
  message: 'incoming-request',
  timestamp: '2025-05-18 12:35:13.811 AM'
}
{
  method: 'POST',
  url: '/api/v1/auth/register',
  status: 201,
  content_length: '266',
  response_time: 82.368,
  level: 'http',
  message: 'incoming-request',
  timestamp: '2025-05-18 12:35:13.913 AM'
}
{
  method: 'PUT',
  url: '/api/v1/user/profile',
  status: 500,
  content_length: '83',
  response_time: 1.739,
  level: 'http',
  message: 'incoming-request',
  timestamp: '2025-05-18 12:35:13.956 AM'
}
{
  method: 'POST',
  url: '/api/v1/auth/register',
  status: 201,
  content_length: '266',
  response_time: 130.263,
  level: 'http',
  message: 'incoming-request',
  timestamp: '2025-05-18 12:35:15.301 AM'
}
{
  method: 'POST',
  url: '/api/v1/auth/register',
  status: 201,
  content_length: '269',
  response_time: 313.396,
  level: 'http',
  message: 'incoming-request',
  timestamp: '2025-05-18 12:35:15.676 AM'
}
{
  method: 'POST',
  url: '/api/v1/auth/register',
  status: 201,
  content_length: '277',
  response_time: 311.249,
  level: 'http',
  message: 'incoming-request',
  timestamp: '2025-05-18 12:35:15.679 AM'
}
{
  method: 'POST',
  url: '/api/v1/auth/register',
  status: 201,
  content_length: '270',
  response_time: 307.323,
  level: 'http',
  message: 'incoming-request',
  timestamp: '2025-05-18 12:35:15.681 AM'
}
{
  method: 'POST',
  url: '/api/v1/auth/register',
  status: 201,
  content_length: '277',
  response_time: 334.329,
  level: 'http',
  message: 'incoming-request',
  timestamp: '2025-05-18 12:35:15.727 AM'
}
{
  method: 'GET',
  url: '/api/v1/user/all',
  status: 200,
  content_length: '994',
  response_time: 17.476,
  level: 'http',
  message: 'incoming-request',
  timestamp: '2025-05-18 12:35:15.769 AM'
}
{
  method: 'POST',
  url: '/api/v1/auth/register',
  status: 201,
  content_length: '271',
  response_time: 79.776,
  level: 'http',
  message: 'incoming-request',
  timestamp: '2025-05-18 12:35:15.872 AM'
}
{
  method: 'GET',
  url: '/api/v1/user/all',
  status: 500,
  content_length: '659',
  response_time: 7.758,
  level: 'http',
  message: 'incoming-request',
  timestamp: '2025-05-18 12:35:15.903 AM'
}
{
  method: 'GET',
  url: '/api/v1/user/all',
  status: 401,
  content_length: '26',
  response_time: 1.387,
  level: 'http',
  message: 'incoming-request',
  timestamp: '2025-05-18 12:35:15.929 AM'
}
{
  method: 'POST',
  url: '/api/v1/auth/register',
  status: 201,
  content_length: '266',
  response_time: 183.996,
  level: 'http',
  message: 'incoming-request',
  timestamp: '2025-05-18 12:35:38.662 AM'
}
{
  method: 'POST',
  url: '/api/v1/auth/register',
  status: 400,
  content_length: '89',
  response_time: 7.692,
  level: 'http',
  message: 'incoming-request',
  timestamp: '2025-05-18 12:35:38.786 AM'
}
{
  method: 'PATCH',
  url: '/api/v1/user/profile',
  status: 200,
  content_length: '544',
  response_time: 153.143,
  level: 'http',
  message: 'incoming-request',
  timestamp: '2025-05-18 12:35:38.978 AM'
}
{
  method: 'POST',
  url: '/api/v1/auth/register',
  status: 201,
  content_length: '266',
  response_time: 82.164,
  level: 'http',
  message: 'incoming-request',
  timestamp: '2025-05-18 12:35:39.156 AM'
}
{
  method: 'PATCH',
  url: '/api/v1/user/profile',
  status: 200,
  content_length: '541',
  response_time: 81.407,
  level: 'http',
  message: 'incoming-request',
  timestamp: '2025-05-18 12:35:39.274 AM'
}
{
  method: 'POST',
  url: '/api/v1/auth/register',
  status: 201,
  content_length: '266',
  response_time: 82.07,
  level: 'http',
  message: 'incoming-request',
  timestamp: '2025-05-18 12:35:39.377 AM'
}
{
  method: 'PATCH',
  url: '/api/v1/user/profile',
  status: 401,
  content_length: '26',
  response_time: 2.181,
  level: 'http',
  message: 'incoming-request',
  timestamp: '2025-05-18 12:35:39.418 AM'
}
{
  method: 'POST',
  url: '/api/v1/auth/register',
  status: 201,
  content_length: '266',
  response_time: 83.054,
  level: 'http',
  message: 'incoming-request',
  timestamp: '2025-05-18 12:35:39.521 AM'
}
{
  method: 'PATCH',
  url: '/api/v1/user/profile',
  status: 401,
  content_length: '43',
  response_time: 75.389,
  level: 'http',
  message: 'incoming-request',
  timestamp: '2025-05-18 12:35:39.635 AM'
}
{
  method: 'POST',
  url: '/api/v1/auth/register',
  status: 201,
  content_length: '266',
  response_time: 237.152,
  level: 'http',
  message: 'incoming-request',
  timestamp: '2025-05-18 12:35:41.061 AM'
}
{
  method: 'POST',
  url: '/api/v1/auth/register',
  status: 201,
  content_length: '269',
  response_time: 299.75,
  level: 'http',
  message: 'incoming-request',
  timestamp: '2025-05-18 12:35:41.478 AM'
}
{
  method: 'POST',
  url: '/api/v1/auth/register',
  status: 201,
  content_length: '277',
  response_time: 297.721,
  level: 'http',
  message: 'incoming-request',
  timestamp: '2025-05-18 12:35:41.482 AM'
}
{
  method: 'POST',
  url: '/api/v1/auth/register',
  status: 201,
  content_length: '278',
  response_time: 295.861,
  level: 'http',
  message: 'incoming-request',
  timestamp: '2025-05-18 12:35:41.485 AM'
}
{
  method: 'POST',
  url: '/api/v1/auth/register',
  status: 201,
  content_length: '269',
  response_time: 320.746,
  level: 'http',
  message: 'incoming-request',
  timestamp: '2025-05-18 12:35:41.532 AM'
}
{
  method: 'GET',
  url: '/api/v1/user/all',
  status: 200,
  content_length: '970',
  response_time: 21.051,
  level: 'http',
  message: 'incoming-request',
  timestamp: '2025-05-18 12:35:41.582 AM'
}
{
  method: 'POST',
  url: '/api/v1/auth/register',
  status: 201,
  content_length: '272',
  response_time: 79.25,
  level: 'http',
  message: 'incoming-request',
  timestamp: '2025-05-18 12:35:41.686 AM'
}
{
  method: 'GET',
  url: '/api/v1/user/all',
  status: 500,
  content_length: '659',
  response_time: 8.173,
  level: 'http',
  message: 'incoming-request',
  timestamp: '2025-05-18 12:35:41.716 AM'
}
{
  method: 'GET',
  url: '/api/v1/user/all',
  status: 401,
  content_length: '26',
  response_time: 1.284,
  level: 'http',
  message: 'incoming-request',
  timestamp: '2025-05-18 12:35:41.740 AM'
}
{
  method: 'POST',
  url: '/api/v1/auth/register',
  status: 201,
  content_length: '266',
  response_time: 192.778,
  level: 'http',
  message: 'incoming-request',
  timestamp: '2025-05-18 12:37:26.749 AM'
}
{
  method: 'POST',
  url: '/api/v1/auth/register',
  status: 400,
  content_length: '89',
  response_time: 6.525,
  level: 'http',
  message: 'incoming-request',
  timestamp: '2025-05-18 12:37:26.824 AM'
}
{
  method: 'PATCH',
  url: '/api/v1/user/profile',
  status: 200,
  content_length: '544',
  response_time: 156.642,
  level: 'http',
  message: 'incoming-request',
  timestamp: '2025-05-18 12:37:27.015 AM'
}
{
  method: 'POST',
  url: '/api/v1/auth/register',
  status: 201,
  content_length: '266',
  response_time: 84.217,
  level: 'http',
  message: 'incoming-request',
  timestamp: '2025-05-18 12:37:27.196 AM'
}
{
  method: 'PATCH',
  url: '/api/v1/user/profile',
  status: 200,
  content_length: '541',
  response_time: 83.028,
  level: 'http',
  message: 'incoming-request',
  timestamp: '2025-05-18 12:37:27.319 AM'
}
{
  method: 'POST',
  url: '/api/v1/auth/register',
  status: 201,
  content_length: '266',
  response_time: 84.298,
  level: 'http',
  message: 'incoming-request',
  timestamp: '2025-05-18 12:37:27.424 AM'
}
{
  method: 'PATCH',
  url: '/api/v1/user/profile',
  status: 401,
  content_length: '26',
  response_time: 2.132,
  level: 'http',
  message: 'incoming-request',
  timestamp: '2025-05-18 12:37:27.466 AM'
}
{
  method: 'POST',
  url: '/api/v1/auth/register',
  status: 201,
  content_length: '266',
  response_time: 83.283,
  level: 'http',
  message: 'incoming-request',
  timestamp: '2025-05-18 12:37:27.570 AM'
}
{
  method: 'PATCH',
  url: '/api/v1/user/profile',
  status: 401,
  content_length: '43',
  response_time: 77.931,
  level: 'http',
  message: 'incoming-request',
  timestamp: '2025-05-18 12:37:27.688 AM'
}
{
  method: 'POST',
  url: '/api/v1/auth/register',
  status: 201,
  content_length: '266',
  response_time: 158.157,
  level: 'http',
  message: 'incoming-request',
  timestamp: '2025-05-18 12:37:29.080 AM'
}
{
  method: 'POST',
  url: '/api/v1/auth/register',
  status: 201,
  content_length: '272',
  response_time: 314.326,
  level: 'http',
  message: 'incoming-request',
  timestamp: '2025-05-18 12:37:29.473 AM'
}
{
  method: 'POST',
  url: '/api/v1/auth/register',
  status: 201,
  content_length: '274',
  response_time: 312.234,
  level: 'http',
  message: 'incoming-request',
  timestamp: '2025-05-18 12:37:29.476 AM'
}
{
  method: 'POST',
  url: '/api/v1/auth/register',
  status: 201,
  content_length: '275',
  response_time: 311.33,
  level: 'http',
  message: 'incoming-request',
  timestamp: '2025-05-18 12:37:29.478 AM'
}
{
  method: 'POST',
  url: '/api/v1/auth/register',
  status: 201,
  content_length: '278',
  response_time: 337.298,
  level: 'http',
  message: 'incoming-request',
  timestamp: '2025-05-18 12:37:29.523 AM'
}
{
  method: 'GET',
  url: '/api/v1/user/all',
  status: 200,
  content_length: '983',
  response_time: 19.135,
  level: 'http',
  message: 'incoming-request',
  timestamp: '2025-05-18 12:37:29.568 AM'
}
{
  method: 'POST',
  url: '/api/v1/auth/register',
  status: 201,
  content_length: '270',
  response_time: 80.38,
  level: 'http',
  message: 'incoming-request',
  timestamp: '2025-05-18 12:37:29.672 AM'
}
{
  method: 'GET',
  url: '/api/v1/user/all',
  status: 500,
  content_length: '659',
  response_time: 7.858,
  level: 'http',
  message: 'incoming-request',
  timestamp: '2025-05-18 12:37:29.702 AM'
}
{
  method: 'GET',
  url: '/api/v1/user/all',
  status: 401,
  content_length: '26',
  response_time: 1.369,
  level: 'http',
  message: 'incoming-request',
  timestamp: '2025-05-18 12:37:29.726 AM'
}
{
  method: 'POST',
  url: '/api/v1/auth/register',
  status: 201,
  content_length: '266',
  response_time: 179.089,
  level: 'http',
  message: 'incoming-request',
  timestamp: '2025-05-18 12:42:43.880 AM'
}
{
  method: 'POST',
  url: '/api/v1/auth/register',
  status: 400,
  content_length: '89',
  response_time: 7.622,
  level: 'http',
  message: 'incoming-request',
  timestamp: '2025-05-18 12:42:44.001 AM'
}
{
  method: 'PATCH',
  url: '/api/v1/user/profile',
  status: 200,
  content_length: '544',
  response_time: 155.097,
  level: 'http',
  message: 'incoming-request',
  timestamp: '2025-05-18 12:42:44.192 AM'
}
{
  method: 'POST',
  url: '/api/v1/auth/register',
  status: 201,
  content_length: '266',
  response_time: 84.491,
  level: 'http',
  message: 'incoming-request',
  timestamp: '2025-05-18 12:42:44.375 AM'
}
{
  method: 'PATCH',
  url: '/api/v1/user/profile',
  status: 200,
  content_length: '541',
  response_time: 83.399,
  level: 'http',
  message: 'incoming-request',
  timestamp: '2025-05-18 12:42:44.498 AM'
}
{
  method: 'POST',
  url: '/api/v1/auth/register',
  status: 201,
  content_length: '266',
  response_time: 86.311,
  level: 'http',
  message: 'incoming-request',
  timestamp: '2025-05-18 12:42:44.608 AM'
}
{
  method: 'PATCH',
  url: '/api/v1/user/profile',
  status: 401,
  content_length: '26',
  response_time: 2.153,
  level: 'http',
  message: 'incoming-request',
  timestamp: '2025-05-18 12:42:44.651 AM'
}
{
  method: 'POST',
  url: '/api/v1/auth/register',
  status: 201,
  content_length: '266',
  response_time: 84.663,
  level: 'http',
  message: 'incoming-request',
  timestamp: '2025-05-18 12:42:44.756 AM'
}
{
  method: 'PATCH',
  url: '/api/v1/user/profile',
  status: 401,
  content_length: '43',
  response_time: 76.222,
  level: 'http',
  message: 'incoming-request',
  timestamp: '2025-05-18 12:42:44.874 AM'
}
{
  method: 'POST',
  url: '/api/v1/auth/register',
  status: 201,
  content_length: '266',
  response_time: 140.654,
  level: 'http',
  message: 'incoming-request',
  timestamp: '2025-05-18 12:42:48.704 AM'
}
{
  method: 'POST',
  url: '/api/v1/auth/register',
  status: 400,
  content_length: '89',
  response_time: 6.323,
  level: 'http',
  message: 'incoming-request',
  timestamp: '2025-05-18 12:42:48.761 AM'
}
{
  method: 'PATCH',
  url: '/api/v1/user/profile',
  status: 400,
  content_length: '43',
  response_time: 11.276,
  level: 'http',
  message: 'incoming-request',
  timestamp: '2025-05-18 12:42:48.803 AM'
}
{
  method: 'POST',
  url: '/api/v1/auth/register',
  status: 201,
  content_length: '266',
  response_time: 79.854,
  level: 'http',
  message: 'incoming-request',
  timestamp: '2025-05-18 12:42:48.905 AM'
}
{
  method: 'PATCH',
  url: '/api/v1/user/profile',
  status: 401,
  content_length: '26',
  response_time: 1.175,
  level: 'http',
  message: 'incoming-request',
  timestamp: '2025-05-18 12:42:48.942 AM'
}
{
  method: 'POST',
  url: '/api/v1/auth/register',
  status: 201,
  content_length: '266',
  response_time: 81.651,
  level: 'http',
  message: 'incoming-request',
  timestamp: '2025-05-18 12:42:49.044 AM'
}
{
  method: 'PATCH',
  url: '/api/v1/user/profile',
  status: 401,
  content_length: '43',
  response_time: 81.275,
  level: 'http',
  message: 'incoming-request',
  timestamp: '2025-05-18 12:42:49.166 AM'
}
{
  method: 'POST',
  url: '/api/v1/auth/register',
  status: 201,
  content_length: '266',
  response_time: 177.945,
  level: 'http',
  message: 'incoming-request',
  timestamp: '2025-05-18 12:43:06.134 AM'
}
{
  method: 'POST',
  url: '/api/v1/auth/register',
  status: 400,
  content_length: '89',
  response_time: 9.295,
  level: 'http',
  message: 'incoming-request',
  timestamp: '2025-05-18 12:43:06.243 AM'
}
{
  method: 'PATCH',
  url: '/api/v1/user/profile',
  status: 400,
  content_length: '43',
  response_time: 15.166,
  level: 'http',
  message: 'incoming-request',
  timestamp: '2025-05-18 12:43:06.291 AM'
}
{
  method: 'POST',
  url: '/api/v1/auth/register',
  status: 201,
  content_length: '266',
  response_time: 89.332,
  level: 'http',
  message: 'incoming-request',
  timestamp: '2025-05-18 12:43:06.410 AM'
}
{
  method: 'PATCH',
  url: '/api/v1/user/profile',
  status: 401,
  content_length: '26',
  response_time: 2.845,
  level: 'http',
  message: 'incoming-request',
  timestamp: '2025-05-18 12:43:06.459 AM'
}
{
  method: 'POST',
  url: '/api/v1/auth/register',
  status: 201,
  content_length: '266',
  response_time: 89.38,
  level: 'http',
  message: 'incoming-request',
  timestamp: '2025-05-18 12:43:06.573 AM'
}
{
  method: 'PATCH',
  url: '/api/v1/user/profile',
  status: 401,
  content_length: '43',
  response_time: 80.34,
  level: 'http',
  message: 'incoming-request',
  timestamp: '2025-05-18 12:43:06.689 AM'
}
{
  method: 'POST',
  url: '/api/v1/auth/register',
  status: 201,
  content_length: '266',
  response_time: 183.655,
  level: 'http',
  message: 'incoming-request',
  timestamp: '2025-05-18 12:44:10.612 AM'
}
{
  method: 'POST',
  url: '/api/v1/auth/register',
  status: 400,
  content_length: '89',
  response_time: 6.702,
  level: 'http',
  message: 'incoming-request',
  timestamp: '2025-05-18 12:44:10.736 AM'
}
{
  method: 'PATCH',
  url: '/api/v1/user/profile',
  status: 400,
  content_length: '43',
  response_time: 16.822,
  level: 'http',
  message: 'incoming-request',
  timestamp: '2025-05-18 12:44:10.783 AM'
}
{
  method: 'POST',
  url: '/api/v1/auth/register',
  status: 201,
  content_length: '266',
  response_time: 90.903,
  level: 'http',
  message: 'incoming-request',
  timestamp: '2025-05-18 12:44:10.908 AM'
}
{
  method: 'PATCH',
  url: '/api/v1/user/profile',
  status: 401,
  content_length: '26',
  response_time: 2.199,
  level: 'http',
  message: 'incoming-request',
  timestamp: '2025-05-18 12:44:10.947 AM'
}
{
  method: 'POST',
  url: '/api/v1/auth/register',
  status: 201,
  content_length: '266',
  response_time: 80.561,
  level: 'http',
  message: 'incoming-request',
  timestamp: '2025-05-18 12:44:11.049 AM'
}
{
  method: 'PATCH',
  url: '/api/v1/user/profile',
  status: 401,
  content_length: '43',
  response_time: 74.897,
  level: 'http',
  message: 'incoming-request',
  timestamp: '2025-05-18 12:44:11.162 AM'
}
{
  method: 'POST',
  url: '/api/v1/auth/register',
  status: 201,
  content_length: '266',
  response_time: 223.47,
  level: 'http',
  message: 'incoming-request',
  timestamp: '2025-05-18 12:44:42.447 AM'
}
{
  method: 'POST',
  url: '/api/v1/auth/register',
  status: 400,
  content_length: '89',
  response_time: 7.105,
  level: 'http',
  message: 'incoming-request',
  timestamp: '2025-05-18 12:44:42.568 AM'
}
{
  method: 'DELETE',
  url: '/api/v1/user/profile',
  status: 200,
  content_length: '63',
  response_time: 15.028,
  level: 'http',
  message: 'incoming-request',
  timestamp: '2025-05-18 12:44:42.618 AM'
}
{
  method: 'POST',
  url: '/api/v1/auth/register',
  status: 201,
  content_length: '266',
  response_time: 86.364,
  level: 'http',
  message: 'incoming-request',
  timestamp: '2025-05-18 12:44:42.735 AM'
}
{
  method: 'PATCH',
  url: '/api/v1/user/profile',
  status: 401,
  content_length: '26',
  response_time: 2.298,
  level: 'http',
  message: 'incoming-request',
  timestamp: '2025-05-18 12:44:42.776 AM'
}
{
  method: 'POST',
  url: '/api/v1/auth/register',
  status: 201,
  content_length: '266',
  response_time: 83.165,
  level: 'http',
  message: 'incoming-request',
  timestamp: '2025-05-18 12:44:42.880 AM'
}
{
  method: 'PATCH',
  url: '/api/v1/user/profile',
  status: 401,
  content_length: '43',
  response_time: 76.065,
  level: 'http',
  message: 'incoming-request',
  timestamp: '2025-05-18 12:44:42.997 AM'
}
