{
  method: 'GET',
  url: '/api/v1/property/666720f01ed8af0105a0d444',
  status: 200,
  content_length: '457',
  response_time: 82.617,
  level: 'http',
  message: 'incoming-request',
  timestamp: '2024-10-23 03:30:17.436 PM'
}
{
  method: 'GET',
  url: '/api/v1/property/?page=1',
  status: 200,
  content_length: '2719',
  response_time: 186.635,
  level: 'http',
  message: 'incoming-request',
  timestamp: '2024-10-23 03:30:17.546 PM'
}
{
  method: 'GET',
  url: '/api/v1/property/666720f01ed8af0105a0d444',
  status: 304,
  response_time: 126.635,
  level: 'http',
  message: 'incoming-request',
  timestamp: '2024-10-23 03:30:23.910 PM'
}
{
  method: 'GET',
  url: '/api/v1/property/?page=1',
  status: 304,
  response_time: 229.903,
  level: 'http',
  message: 'incoming-request',
  timestamp: '2024-10-23 03:30:24.017 PM'
}
{
  method: 'GET',
  url: '/api/v1/auth/logout',
  status: 204,
  response_time: 0.775,
  level: 'http',
  message: 'incoming-request',
  timestamp: '2024-10-23 03:30:29.074 PM'
}
{
  method: 'GET',
  url: '/api/v1/property/666720f01ed8af0105a0d444',
  status: 304,
  response_time: 126.181,
  level: 'http',
  message: 'incoming-request',
  timestamp: '2024-10-23 03:30:29.204 PM'
}
{
  method: 'GET',
  url: '/api/v1/property/?page=1',
  status: 304,
  response_time: 247.14,
  level: 'http',
  message: 'incoming-request',
  timestamp: '2024-10-23 03:30:29.326 PM'
}
{
  method: 'GET',
  url: '/api/v1/auth/google',
  status: 302,
  content_length: '0',
  response_time: 1.797,
  level: 'http',
  message: 'incoming-request',
  timestamp: '2024-10-23 03:30:32.775 PM'
}
