{
  method: 'POST',
  url: '/api/v1/auth/register',
  status: 201,
  content_length: '266',
  response_time: 180.05,
  level: 'http',
  message: 'incoming-request',
  timestamp: '2025-05-19 09:12:52.802 PM'
}
{
  method: 'POST',
  url: '/api/v1/auth/register',
  status: 400,
  content_length: '89',
  response_time: 5.855,
  level: 'http',
  message: 'incoming-request',
  timestamp: '2025-05-19 09:12:52.920 PM'
}
{
  method: 'POST',
  url: '/api/v1/property/create',
  status: 201,
  content_length: '59',
  response_time: 20.494,
  level: 'http',
  message: 'incoming-request',
  timestamp: '2025-05-19 09:12:52.972 PM'
}
{
  method: 'POST',
  url: '/api/v1/auth/register',
  status: 201,
  content_length: '266',
  response_time: 82.485,
  level: 'http',
  message: 'incoming-request',
  timestamp: '2025-05-19 09:12:53.083 PM'
}
{
  method: 'POST',
  url: '/api/v1/property/create',
  status: 400,
  content_length: '38',
  response_time: 10.729,
  level: 'http',
  message: 'incoming-request',
  timestamp: '2025-05-19 09:12:53.146 PM'
}
{
  method: 'POST',
  url: '/api/v1/auth/register',
  status: 201,
  content_length: '266',
  response_time: 83.499,
  level: 'http',
  message: 'incoming-request',
  timestamp: '2025-05-19 09:12:53.256 PM'
}
{
  method: 'POST',
  url: '/api/v1/auth/register',
  status: 201,
  content_length: '272',
  response_time: 91.384,
  level: 'http',
  message: 'incoming-request',
  timestamp: '2025-05-19 09:12:53.396 PM'
}
{
  method: 'POST',
  url: '/api/v1/property/create',
  status: 500,
  content_length: '659',
  response_time: 7.109,
  level: 'http',
  message: 'incoming-request',
  timestamp: '2025-05-19 09:12:53.435 PM'
}
{
  method: 'POST',
  url: '/api/v1/auth/register',
  status: 201,
  content_length: '266',
  response_time: 84.635,
  level: 'http',
  message: 'incoming-request',
  timestamp: '2025-05-19 09:12:53.543 PM'
}
{
  method: 'POST',
  url: '/api/v1/property/create',
  status: 400,
  content_length: '22',
  response_time: 6.198,
  level: 'http',
  message: 'incoming-request',
  timestamp: '2025-05-19 09:12:53.591 PM'
}
{
  method: 'POST',
  url: '/api/v1/auth/register',
  status: 201,
  content_length: '266',
  response_time: 194.928,
  level: 'http',
  message: 'incoming-request',
  timestamp: '2025-05-19 09:42:37.503 PM'
}
{
  method: 'POST',
  url: '/api/v1/auth/register',
  status: 400,
  content_length: '89',
  response_time: 5.246,
  level: 'http',
  message: 'incoming-request',
  timestamp: '2025-05-19 09:42:37.609 PM'
}
{
  method: 'POST',
  url: '/api/v1/property/create',
  status: 201,
  content_length: '59',
  response_time: 23.931,
  level: 'http',
  message: 'incoming-request',
  timestamp: '2025-05-19 09:42:37.665 PM'
}
{
  method: 'POST',
  url: '/api/v1/auth/register',
  status: 201,
  content_length: '266',
  response_time: 84.191,
  level: 'http',
  message: 'incoming-request',
  timestamp: '2025-05-19 09:42:37.782 PM'
}
{
  method: 'POST',
  url: '/api/v1/property/create',
  status: 400,
  content_length: '38',
  response_time: 10.819,
  level: 'http',
  message: 'incoming-request',
  timestamp: '2025-05-19 09:42:37.842 PM'
}
{
  method: 'POST',
  url: '/api/v1/auth/register',
  status: 201,
  content_length: '266',
  response_time: 81.465,
  level: 'http',
  message: 'incoming-request',
  timestamp: '2025-05-19 09:42:37.953 PM'
}
{
  method: 'POST',
  url: '/api/v1/auth/register',
  status: 201,
  content_length: '273',
  response_time: 82.611,
  level: 'http',
  message: 'incoming-request',
  timestamp: '2025-05-19 09:42:38.085 PM'
}
{
  method: 'POST',
  url: '/api/v1/property/create',
  status: 500,
  content_length: '659',
  response_time: 7.005,
  level: 'http',
  message: 'incoming-request',
  timestamp: '2025-05-19 09:42:38.114 PM'
}
{
  method: 'POST',
  url: '/api/v1/auth/register',
  status: 201,
  content_length: '266',
  response_time: 82.609,
  level: 'http',
  message: 'incoming-request',
  timestamp: '2025-05-19 09:42:38.221 PM'
}
{
  method: 'POST',
  url: '/api/v1/property/create',
  status: 400,
  content_length: '22',
  response_time: 6.065,
  level: 'http',
  message: 'incoming-request',
  timestamp: '2025-05-19 09:42:38.264 PM'
}
{
  method: 'POST',
  url: '/api/v1/auth/register',
  status: 201,
  content_length: '266',
  response_time: 188.527,
  level: 'http',
  message: 'incoming-request',
  timestamp: '2025-05-19 11:07:02.719 PM'
}
{
  method: 'POST',
  url: '/api/v1/auth/register',
  status: 400,
  content_length: '89',
  response_time: 5.302,
  level: 'http',
  message: 'incoming-request',
  timestamp: '2025-05-19 11:07:02.793 PM'
}
{
  method: 'POST',
  url: '/api/v1/auth/register',
  status: 201,
  content_length: '266',
  response_time: 80.183,
  level: 'http',
  message: 'incoming-request',
  timestamp: '2025-05-19 11:07:02.924 PM'
}
{
  method: 'POST',
  url: '/api/v1/property/create',
  status: 400,
  content_length: '38',
  response_time: 13.119,
  level: 'http',
  message: 'incoming-request',
  timestamp: '2025-05-19 11:07:02.989 PM'
}
{
  method: 'POST',
  url: '/api/v1/auth/register',
  status: 201,
  content_length: '266',
  response_time: 81.091,
  level: 'http',
  message: 'incoming-request',
  timestamp: '2025-05-19 11:07:03.101 PM'
}
{
  method: 'POST',
  url: '/api/v1/auth/register',
  status: 201,
  content_length: '274',
  response_time: 81.459,
  level: 'http',
  message: 'incoming-request',
  timestamp: '2025-05-19 11:07:03.231 PM'
}
{
  method: 'POST',
  url: '/api/v1/property/create',
  status: 500,
  content_length: '659',
  response_time: 7.166,
  level: 'http',
  message: 'incoming-request',
  timestamp: '2025-05-19 11:07:03.261 PM'
}
{
  method: 'POST',
  url: '/api/v1/auth/register',
  status: 201,
  content_length: '266',
  response_time: 80.461,
  level: 'http',
  message: 'incoming-request',
  timestamp: '2025-05-19 11:07:03.365 PM'
}
{
  method: 'POST',
  url: '/api/v1/property/create',
  status: 400,
  content_length: '22',
  response_time: 6.254,
  level: 'http',
  message: 'incoming-request',
  timestamp: '2025-05-19 11:07:03.411 PM'
}
{
  method: 'POST',
  url: '/api/v1/auth/register',
  status: 201,
  content_length: '266',
  response_time: 179.222,
  level: 'http',
  message: 'incoming-request',
  timestamp: '2025-05-19 11:10:53.107 PM'
}
{
  method: 'POST',
  url: '/api/v1/auth/register',
  status: 400,
  content_length: '89',
  response_time: 8.327,
  level: 'http',
  message: 'incoming-request',
  timestamp: '2025-05-19 11:10:53.236 PM'
}
{
  method: 'POST',
  url: '/api/v1/auth/register',
  status: 201,
  content_length: '266',
  response_time: 84.876,
  level: 'http',
  message: 'incoming-request',
  timestamp: '2025-05-19 11:10:53.384 PM'
}
{
  method: 'POST',
  url: '/api/v1/property/create',
  status: 400,
  content_length: '38',
  response_time: 14.217,
  level: 'http',
  message: 'incoming-request',
  timestamp: '2025-05-19 11:10:53.452 PM'
}
{
  method: 'POST',
  url: '/api/v1/auth/register',
  status: 201,
  content_length: '266',
  response_time: 90.763,
  level: 'http',
  message: 'incoming-request',
  timestamp: '2025-05-19 11:10:53.578 PM'
}
{
  method: 'POST',
  url: '/api/v1/auth/register',
  status: 201,
  content_length: '281',
  response_time: 94.169,
  level: 'http',
  message: 'incoming-request',
  timestamp: '2025-05-19 11:10:53.741 PM'
}
{
  method: 'POST',
  url: '/api/v1/property/create',
  status: 500,
  content_length: '659',
  response_time: 8.857,
  level: 'http',
  message: 'incoming-request',
  timestamp: '2025-05-19 11:10:53.778 PM'
}
{
  method: 'POST',
  url: '/api/v1/auth/register',
  status: 201,
  content_length: '266',
  response_time: 82.316,
  level: 'http',
  message: 'incoming-request',
  timestamp: '2025-05-19 11:10:53.885 PM'
}
{
  method: 'POST',
  url: '/api/v1/property/create',
  status: 400,
  content_length: '22',
  response_time: 6.333,
  level: 'http',
  message: 'incoming-request',
  timestamp: '2025-05-19 11:10:53.931 PM'
}
{
  method: 'POST',
  url: '/api/v1/auth/register',
  status: 201,
  content_length: '266',
  response_time: 166.866,
  level: 'http',
  message: 'incoming-request',
  timestamp: '2025-05-19 11:21:21.825 PM'
}
{
  method: 'POST',
  url: '/api/v1/auth/register',
  status: 400,
  content_length: '89',
  response_time: 5.726,
  level: 'http',
  message: 'incoming-request',
  timestamp: '2025-05-19 11:21:21.925 PM'
}
{
  method: 'PATCH',
  url: '/api/v1/property/682b92c10aaff8bca31ba484',
  status: 200,
  content_length: '438',
  response_time: 22.387,
  level: 'http',
  message: 'incoming-request',
  timestamp: '2025-05-19 11:21:21.991 PM'
}
{
  method: 'POST',
  url: '/api/v1/auth/register',
  status: 201,
  content_length: '266',
  response_time: 82.473,
  level: 'http',
  message: 'incoming-request',
  timestamp: '2025-05-19 11:21:22.107 PM'
}
{
  method: 'POST',
  url: '/api/v1/property/create',
  status: 400,
  content_length: '38',
  response_time: 10.397,
  level: 'http',
  message: 'incoming-request',
  timestamp: '2025-05-19 11:21:22.168 PM'
}
{
  method: 'POST',
  url: '/api/v1/auth/register',
  status: 201,
  content_length: '266',
  response_time: 83.281,
  level: 'http',
  message: 'incoming-request',
  timestamp: '2025-05-19 11:21:22.279 PM'
}
{
  method: 'POST',
  url: '/api/v1/auth/register',
  status: 201,
  content_length: '275',
  response_time: 82.265,
  level: 'http',
  message: 'incoming-request',
  timestamp: '2025-05-19 11:21:22.405 PM'
}
{
  method: 'POST',
  url: '/api/v1/property/create',
  status: 500,
  content_length: '659',
  response_time: 7.554,
  level: 'http',
  message: 'incoming-request',
  timestamp: '2025-05-19 11:21:22.435 PM'
}
{
  method: 'POST',
  url: '/api/v1/auth/register',
  status: 201,
  content_length: '266',
  response_time: 82.553,
  level: 'http',
  message: 'incoming-request',
  timestamp: '2025-05-19 11:21:22.545 PM'
}
{
  method: 'POST',
  url: '/api/v1/property/create',
  status: 400,
  content_length: '22',
  response_time: 6.103,
  level: 'http',
  message: 'incoming-request',
  timestamp: '2025-05-19 11:21:22.589 PM'
}
{
  method: 'POST',
  url: '/api/v1/auth/register',
  status: 201,
  content_length: '266',
  response_time: 169.162,
  level: 'http',
  message: 'incoming-request',
  timestamp: '2025-05-19 11:21:56.858 PM'
}
{
  method: 'POST',
  url: '/api/v1/auth/register',
  status: 400,
  content_length: '89',
  response_time: 5.884,
  level: 'http',
  message: 'incoming-request',
  timestamp: '2025-05-19 11:21:56.955 PM'
}
{
  method: 'PATCH',
  url: '/api/v1/property/682b92e461fa824efe072a41',
  status: 200,
  content_length: '436',
  response_time: 24.759,
  level: 'http',
  message: 'incoming-request',
  timestamp: '2025-05-19 11:21:57.025 PM'
}
{
  method: 'POST',
  url: '/api/v1/auth/register',
  status: 201,
  content_length: '266',
  response_time: 82.418,
  level: 'http',
  message: 'incoming-request',
  timestamp: '2025-05-19 11:21:57.163 PM'
}
{
  method: 'POST',
  url: '/api/v1/property/create',
  status: 400,
  content_length: '38',
  response_time: 11.145,
  level: 'http',
  message: 'incoming-request',
  timestamp: '2025-05-19 11:21:57.225 PM'
}
{
  method: 'POST',
  url: '/api/v1/auth/register',
  status: 201,
  content_length: '266',
  response_time: 81.011,
  level: 'http',
  message: 'incoming-request',
  timestamp: '2025-05-19 11:21:57.335 PM'
}
{
  method: 'POST',
  url: '/api/v1/auth/register',
  status: 201,
  content_length: '272',
  response_time: 80.713,
  level: 'http',
  message: 'incoming-request',
  timestamp: '2025-05-19 11:21:57.461 PM'
}
{
  method: 'POST',
  url: '/api/v1/property/create',
  status: 500,
  content_length: '659',
  response_time: 6.627,
  level: 'http',
  message: 'incoming-request',
  timestamp: '2025-05-19 11:21:57.491 PM'
}
{
  method: 'POST',
  url: '/api/v1/auth/register',
  status: 201,
  content_length: '266',
  response_time: 80.754,
  level: 'http',
  message: 'incoming-request',
  timestamp: '2025-05-19 11:21:57.595 PM'
}
{
  method: 'POST',
  url: '/api/v1/property/create',
  status: 400,
  content_length: '22',
  response_time: 7.167,
  level: 'http',
  message: 'incoming-request',
  timestamp: '2025-05-19 11:21:57.641 PM'
}
{
  method: 'POST',
  url: '/api/v1/auth/register',
  status: 201,
  content_length: '266',
  response_time: 179.015,
  level: 'http',
  message: 'incoming-request',
  timestamp: '2025-05-19 11:22:37.335 PM'
}
{
  method: 'POST',
  url: '/api/v1/auth/register',
  status: 400,
  content_length: '89',
  response_time: 8.455,
  level: 'http',
  message: 'incoming-request',
  timestamp: '2025-05-19 11:22:37.438 PM'
}
{
  method: 'PATCH',
  url: '/api/v1/property/682b930d94bfd66d4e018ed9',
  status: 200,
  content_length: '436',
  response_time: 21.449,
  level: 'http',
  message: 'incoming-request',
  timestamp: '2025-05-19 11:22:37.516 PM'
}
{
  method: 'POST',
  url: '/api/v1/auth/register',
  status: 201,
  content_length: '266',
  response_time: 82.451,
  level: 'http',
  message: 'incoming-request',
  timestamp: '2025-05-19 11:22:37.632 PM'
}
{
  method: 'POST',
  url: '/api/v1/property/create',
  status: 400,
  content_length: '38',
  response_time: 10.265,
  level: 'http',
  message: 'incoming-request',
  timestamp: '2025-05-19 11:22:37.692 PM'
}
{
  method: 'POST',
  url: '/api/v1/auth/register',
  status: 201,
  content_length: '266',
  response_time: 83.576,
  level: 'http',
  message: 'incoming-request',
  timestamp: '2025-05-19 11:22:37.803 PM'
}
{
  method: 'POST',
  url: '/api/v1/auth/register',
  status: 201,
  content_length: '276',
  response_time: 88.765,
  level: 'http',
  message: 'incoming-request',
  timestamp: '2025-05-19 11:22:37.940 PM'
}
{
  method: 'POST',
  url: '/api/v1/property/create',
  status: 500,
  content_length: '659',
  response_time: 6.759,
  level: 'http',
  message: 'incoming-request',
  timestamp: '2025-05-19 11:22:37.971 PM'
}
{
  method: 'POST',
  url: '/api/v1/auth/register',
  status: 201,
  content_length: '266',
  response_time: 83.12,
  level: 'http',
  message: 'incoming-request',
  timestamp: '2025-05-19 11:22:38.077 PM'
}
{
  method: 'POST',
  url: '/api/v1/property/create',
  status: 400,
  content_length: '22',
  response_time: 5.995,
  level: 'http',
  message: 'incoming-request',
  timestamp: '2025-05-19 11:22:38.122 PM'
}
{
  method: 'POST',
  url: '/api/v1/auth/register',
  status: 201,
  content_length: '266',
  response_time: 168.983,
  level: 'http',
  message: 'incoming-request',
  timestamp: '2025-05-19 11:23:31.873 PM'
}
{
  method: 'POST',
  url: '/api/v1/auth/register',
  status: 400,
  content_length: '89',
  response_time: 5.806,
  level: 'http',
  message: 'incoming-request',
  timestamp: '2025-05-19 11:23:31.974 PM'
}
{
  method: 'PATCH',
  url: '/api/v1/property/682b9343d3956ba9d6dbdd4b',
  status: 200,
  content_length: '436',
  response_time: 20.847,
  level: 'http',
  message: 'incoming-request',
  timestamp: '2025-05-19 11:23:32.038 PM'
}
{
  method: 'POST',
  url: '/api/v1/auth/register',
  status: 201,
  content_length: '266',
  response_time: 81.458,
  level: 'http',
  message: 'incoming-request',
  timestamp: '2025-05-19 11:23:32.145 PM'
}
{
  method: 'POST',
  url: '/api/v1/property/create',
  status: 400,
  content_length: '38',
  response_time: 10.433,
  level: 'http',
  message: 'incoming-request',
  timestamp: '2025-05-19 11:23:32.205 PM'
}
{
  method: 'POST',
  url: '/api/v1/auth/register',
  status: 201,
  content_length: '266',
  response_time: 83.686,
  level: 'http',
  message: 'incoming-request',
  timestamp: '2025-05-19 11:23:32.318 PM'
}
{
  method: 'POST',
  url: '/api/v1/auth/register',
  status: 201,
  content_length: '274',
  response_time: 81.807,
  level: 'http',
  message: 'incoming-request',
  timestamp: '2025-05-19 11:23:32.443 PM'
}
{
  method: 'POST',
  url: '/api/v1/property/create',
  status: 500,
  content_length: '659',
  response_time: 6.732,
  level: 'http',
  message: 'incoming-request',
  timestamp: '2025-05-19 11:23:32.473 PM'
}
{
  method: 'POST',
  url: '/api/v1/auth/register',
  status: 201,
  content_length: '266',
  response_time: 80.2,
  level: 'http',
  message: 'incoming-request',
  timestamp: '2025-05-19 11:23:32.575 PM'
}
{
  method: 'POST',
  url: '/api/v1/property/create',
  status: 400,
  content_length: '22',
  response_time: 6.006,
  level: 'http',
  message: 'incoming-request',
  timestamp: '2025-05-19 11:23:32.618 PM'
}
{
  method: 'POST',
  url: '/api/v1/auth/register',
  status: 201,
  content_length: '266',
  response_time: 186.021,
  level: 'http',
  message: 'incoming-request',
  timestamp: '2025-05-19 11:26:04.279 PM'
}
{
  method: 'POST',
  url: '/api/v1/auth/register',
  status: 400,
  content_length: '89',
  response_time: 8.283,
  level: 'http',
  message: 'incoming-request',
  timestamp: '2025-05-19 11:26:04.411 PM'
}
{
  method: 'PATCH',
  url: '/api/v1/property/682b93dcc29c80b6e243b0f4',
  status: 200,
  content_length: '436',
  response_time: 20.072,
  level: 'http',
  message: 'incoming-request',
  timestamp: '2025-05-19 11:26:04.474 PM'
}
{
  method: 'POST',
  url: '/api/v1/auth/register',
  status: 201,
  content_length: '266',
  response_time: 81.026,
  level: 'http',
  message: 'incoming-request',
  timestamp: '2025-05-19 11:26:04.580 PM'
}
{
  method: 'POST',
  url: '/api/v1/auth/register',
  status: 201,
  content_length: '275',
  response_time: 79.769,
  level: 'http',
  message: 'incoming-request',
  timestamp: '2025-05-19 11:26:04.697 PM'
}
{
  method: 'POST',
  url: '/api/v1/property/create',
  status: 500,
  content_length: '659',
  response_time: 7.337,
  level: 'http',
  message: 'incoming-request',
  timestamp: '2025-05-19 11:26:04.726 PM'
}
{
  method: 'POST',
  url: '/api/v1/auth/register',
  status: 201,
  content_length: '266',
  response_time: 83.57,
  level: 'http',
  message: 'incoming-request',
  timestamp: '2025-05-19 11:26:04.834 PM'
}
{
  method: 'POST',
  url: '/api/v1/auth/register',
  status: 201,
  content_length: '274',
  response_time: 80.556,
  level: 'http',
  message: 'incoming-request',
  timestamp: '2025-05-19 11:26:04.949 PM'
}
{
  method: 'PATCH',
  url: '/api/v1/p/507f1f77bcf86cd799439011',
  status: 500,
  content_length: '97',
  response_time: 2.193,
  level: 'http',
  message: 'incoming-request',
  timestamp: '2025-05-19 11:26:04.977 PM'
}
{
  method: 'POST',
  url: '/api/v1/auth/register',
  status: 201,
  content_length: '266',
  response_time: 183.856,
  level: 'http',
  message: 'incoming-request',
  timestamp: '2025-05-19 11:26:40.065 PM'
}
{
  method: 'POST',
  url: '/api/v1/auth/register',
  status: 400,
  content_length: '89',
  response_time: 5.805,
  level: 'http',
  message: 'incoming-request',
  timestamp: '2025-05-19 11:26:40.156 PM'
}
{
  method: 'PATCH',
  url: '/api/v1/property/682b9400f0d016da252c44d4',
  status: 200,
  content_length: '436',
  response_time: 28.282,
  level: 'http',
  message: 'incoming-request',
  timestamp: '2025-05-19 11:26:40.233 PM'
}
{
  method: 'POST',
  url: '/api/v1/auth/register',
  status: 201,
  content_length: '266',
  response_time: 90.675,
  level: 'http',
  message: 'incoming-request',
  timestamp: '2025-05-19 11:26:40.368 PM'
}
{
  method: 'POST',
  url: '/api/v1/auth/register',
  status: 201,
  content_length: '266',
  response_time: 96.624,
  level: 'http',
  message: 'incoming-request',
  timestamp: '2025-05-19 11:26:40.512 PM'
}
{
  method: 'PATCH',
  url: '/api/v1/property/507f1f77bcf86cd799439011',
  status: 500,
  content_length: '659',
  response_time: 10.106,
  level: 'http',
  message: 'incoming-request',
  timestamp: '2025-05-19 11:26:40.550 PM'
}
{
  method: 'POST',
  url: '/api/v1/auth/register',
  status: 201,
  content_length: '266',
  response_time: 172.833,
  level: 'http',
  message: 'incoming-request',
  timestamp: '2025-05-19 11:29:19.638 PM'
}
{
  method: 'POST',
  url: '/api/v1/auth/register',
  status: 400,
  content_length: '89',
  response_time: 11.802,
  level: 'http',
  message: 'incoming-request',
  timestamp: '2025-05-19 11:29:19.750 PM'
}
{
  method: 'PATCH',
  url: '/api/v1/property/682b949f343b2f53e02f6664',
  status: 200,
  content_length: '436',
  response_time: 22.21,
  level: 'http',
  message: 'incoming-request',
  timestamp: '2025-05-19 11:29:19.816 PM'
}
{
  method: 'POST',
  url: '/api/v1/auth/register',
  status: 201,
  content_length: '266',
  response_time: 82.637,
  level: 'http',
  message: 'incoming-request',
  timestamp: '2025-05-19 11:29:19.925 PM'
}
{
  method: 'POST',
  url: '/api/v1/auth/register',
  status: 201,
  content_length: '282',
  response_time: 81.109,
  level: 'http',
  message: 'incoming-request',
  timestamp: '2025-05-19 11:29:20.045 PM'
}
{
  method: 'PATCH',
  url: '/api/v1/property/507f1f77bcf86cd799439011',
  status: 500,
  content_length: '659',
  response_time: 7.751,
  level: 'http',
  message: 'incoming-request',
  timestamp: '2025-05-19 11:29:20.076 PM'
}
{
  method: 'POST',
  url: '/api/v1/auth/register',
  status: 201,
  content_length: '266',
  response_time: 81.304,
  level: 'http',
  message: 'incoming-request',
  timestamp: '2025-05-19 11:29:20.179 PM'
}
{
  method: 'PATCH',
  url: '/api/v1/property/507f1f77bcf86cd799439011',
  status: 404,
  content_length: '32',
  response_time: 10.19,
  level: 'http',
  message: 'incoming-request',
  timestamp: '2025-05-19 11:29:20.226 PM'
}
{
  method: 'POST',
  url: '/api/v1/auth/register',
  status: 201,
  content_length: '266',
  response_time: 183.308,
  level: 'http',
  message: 'incoming-request',
  timestamp: '2025-05-19 11:29:50.194 PM'
}
{
  method: 'POST',
  url: '/api/v1/auth/register',
  status: 400,
  content_length: '89',
  response_time: 6.326,
  level: 'http',
  message: 'incoming-request',
  timestamp: '2025-05-19 11:29:50.291 PM'
}
{
  method: 'PATCH',
  url: '/api/v1/property/682b94be9d5a3ce42e7a5d51',
  status: 200,
  content_length: '436',
  response_time: 27.519,
  level: 'http',
  message: 'incoming-request',
  timestamp: '2025-05-19 11:29:50.371 PM'
}
{
  method: 'POST',
  url: '/api/v1/auth/register',
  status: 201,
  content_length: '266',
  response_time: 92.811,
  level: 'http',
  message: 'incoming-request',
  timestamp: '2025-05-19 11:29:50.506 PM'
}
{
  method: 'POST',
  url: '/api/v1/auth/register',
  status: 201,
  content_length: '274',
  response_time: 89.475,
  level: 'http',
  message: 'incoming-request',
  timestamp: '2025-05-19 11:29:50.640 PM'
}
{
  method: 'PATCH',
  url: '/api/v1/property/507f1f77bcf86cd799439011',
  status: 500,
  content_length: '659',
  response_time: 10.228,
  level: 'http',
  message: 'incoming-request',
  timestamp: '2025-05-19 11:29:50.683 PM'
}
{
  method: 'POST',
  url: '/api/v1/auth/register',
  status: 201,
  content_length: '266',
  response_time: 89.436,
  level: 'http',
  message: 'incoming-request',
  timestamp: '2025-05-19 11:29:50.800 PM'
}
{
  method: 'PATCH',
  url: '/api/v1/property/507f1f77bcf86cd799439011',
  status: 404,
  content_length: '32',
  response_time: 12.822,
  level: 'http',
  message: 'incoming-request',
  timestamp: '2025-05-19 11:29:50.860 PM'
}
{
  method: 'POST',
  url: '/api/v1/auth/register',
  status: 201,
  content_length: '266',
  response_time: 192.053,
  level: 'http',
  message: 'incoming-request',
  timestamp: '2025-05-19 11:30:46.108 PM'
}
{
  method: 'POST',
  url: '/api/v1/auth/register',
  status: 400,
  content_length: '89',
  response_time: 7.666,
  level: 'http',
  message: 'incoming-request',
  timestamp: '2025-05-19 11:30:46.221 PM'
}
{
  method: 'PATCH',
  url: '/api/v1/property/682b94f6a75a954fbfc7e050',
  status: 200,
  content_length: '436',
  response_time: 20.494,
  level: 'http',
  message: 'incoming-request',
  timestamp: '2025-05-19 11:30:46.287 PM'
}
{
  method: 'POST',
  url: '/api/v1/auth/register',
  status: 201,
  content_length: '266',
  response_time: 81.518,
  level: 'http',
  message: 'incoming-request',
  timestamp: '2025-05-19 11:30:46.396 PM'
}
{
  method: 'POST',
  url: '/api/v1/auth/register',
  status: 201,
  content_length: '272',
  response_time: 81.74,
  level: 'http',
  message: 'incoming-request',
  timestamp: '2025-05-19 11:30:46.516 PM'
}
{
  method: 'PATCH',
  url: '/api/v1/property/507f1f77bcf86cd799439011',
  status: 500,
  content_length: '659',
  response_time: 8.031,
  level: 'http',
  message: 'incoming-request',
  timestamp: '2025-05-19 11:30:46.547 PM'
}
{
  method: 'POST',
  url: '/api/v1/auth/register',
  status: 201,
  content_length: '266',
  response_time: 81.358,
  level: 'http',
  message: 'incoming-request',
  timestamp: '2025-05-19 11:30:46.650 PM'
}
{
  method: 'PATCH',
  url: '/api/v1/property/507f1f77bcf86cd799439011',
  status: 404,
  content_length: '32',
  response_time: 8.739,
  level: 'http',
  message: 'incoming-request',
  timestamp: '2025-05-19 11:30:46.695 PM'
}
{
  method: 'POST',
  url: '/api/v1/auth/register',
  status: 201,
  content_length: '266',
  response_time: 180.474,
  level: 'http',
  message: 'incoming-request',
  timestamp: '2025-05-19 11:32:14.975 PM'
}
{
  method: 'POST',
  url: '/api/v1/auth/register',
  status: 400,
  content_length: '89',
  response_time: 5.697,
  level: 'http',
  message: 'incoming-request',
  timestamp: '2025-05-19 11:32:15.075 PM'
}
{
  method: 'PATCH',
  url: '/api/v1/property/682b954f9fa2bc595485adb9',
  status: 200,
  content_length: '428',
  response_time: 24.411,
  level: 'http',
  message: 'incoming-request',
  timestamp: '2025-05-19 11:32:15.143 PM'
}
{
  method: 'POST',
  url: '/api/v1/auth/register',
  status: 201,
  content_length: '266',
  response_time: 84.316,
  level: 'http',
  message: 'incoming-request',
  timestamp: '2025-05-19 11:32:15.256 PM'
}
{
  method: 'POST',
  url: '/api/v1/auth/register',
  status: 201,
  content_length: '274',
  response_time: 81.441,
  level: 'http',
  message: 'incoming-request',
  timestamp: '2025-05-19 11:32:15.376 PM'
}
{
  method: 'PATCH',
  url: '/api/v1/property/507f1f77bcf86cd799439011',
  status: 500,
  content_length: '659',
  response_time: 8.391,
  level: 'http',
  message: 'incoming-request',
  timestamp: '2025-05-19 11:32:15.409 PM'
}
{
  method: 'POST',
  url: '/api/v1/auth/register',
  status: 201,
  content_length: '266',
  response_time: 86.049,
  level: 'http',
  message: 'incoming-request',
  timestamp: '2025-05-19 11:32:15.518 PM'
}
{
  method: 'PATCH',
  url: '/api/v1/property/507f1f77bcf86cd799439011',
  status: 404,
  content_length: '32',
  response_time: 8.988,
  level: 'http',
  message: 'incoming-request',
  timestamp: '2025-05-19 11:32:15.567 PM'
}
{
  method: 'POST',
  url: '/api/v1/auth/register',
  status: 201,
  content_length: '266',
  response_time: 187.865,
  level: 'http',
  message: 'incoming-request',
  timestamp: '2025-05-19 11:33:51.981 PM'
}
{
  method: 'POST',
  url: '/api/v1/auth/register',
  status: 400,
  content_length: '89',
  response_time: 7.633,
  level: 'http',
  message: 'incoming-request',
  timestamp: '2025-05-19 11:33:52.079 PM'
}
{
  method: 'PATCH',
  url: '/api/v1/property/682b95b09170f2b690c788fe',
  status: 200,
  content_length: '428',
  response_time: 23.038,
  level: 'http',
  message: 'incoming-request',
  timestamp: '2025-05-19 11:33:52.145 PM'
}
{
  method: 'POST',
  url: '/api/v1/auth/register',
  status: 201,
  content_length: '266',
  response_time: 82.418,
  level: 'http',
  message: 'incoming-request',
  timestamp: '2025-05-19 11:33:52.256 PM'
}
{
  method: 'POST',
  url: '/api/v1/auth/register',
  status: 201,
  content_length: '275',
  response_time: 82.105,
  level: 'http',
  message: 'incoming-request',
  timestamp: '2025-05-19 11:33:52.376 PM'
}
{
  method: 'PATCH',
  url: '/api/v1/property/507f1f77bcf86cd799439011',
  status: 500,
  content_length: '659',
  response_time: 7.654,
  level: 'http',
  message: 'incoming-request',
  timestamp: '2025-05-19 11:33:52.406 PM'
}
{
  method: 'POST',
  url: '/api/v1/auth/register',
  status: 201,
  content_length: '266',
  response_time: 83.203,
  level: 'http',
  message: 'incoming-request',
  timestamp: '2025-05-19 11:33:52.511 PM'
}
{
  method: 'PATCH',
  url: '/api/v1/property/507f1f77bcf86cd799439011',
  status: 404,
  content_length: '32',
  response_time: 9.25,
  level: 'http',
  message: 'incoming-request',
  timestamp: '2025-05-19 11:33:52.556 PM'
}
{
  method: 'POST',
  url: '/api/v1/auth/register',
  status: 201,
  content_length: '266',
  response_time: 174.396,
  level: 'http',
  message: 'incoming-request',
  timestamp: '2025-05-19 11:35:11.439 PM'
}
{
  method: 'POST',
  url: '/api/v1/auth/register',
  status: 400,
  content_length: '89',
  response_time: 7.97,
  level: 'http',
  message: 'incoming-request',
  timestamp: '2025-05-19 11:35:11.535 PM'
}
{
  method: 'PATCH',
  url: '/api/v1/property/682b95ffd18805d1a6ad24c5',
  status: 200,
  content_length: '428',
  response_time: 22.937,
  level: 'http',
  message: 'incoming-request',
  timestamp: '2025-05-19 11:35:11.602 PM'
}
{
  method: 'POST',
  url: '/api/v1/auth/register',
  status: 201,
  content_length: '266',
  response_time: 82.423,
  level: 'http',
  message: 'incoming-request',
  timestamp: '2025-05-19 11:35:11.715 PM'
}
{
  method: 'POST',
  url: '/api/v1/auth/register',
  status: 201,
  content_length: '283',
  response_time: 80.881,
  level: 'http',
  message: 'incoming-request',
  timestamp: '2025-05-19 11:35:11.833 PM'
}
{
  method: 'PATCH',
  url: '/api/v1/property/507f1f77bcf86cd799439011',
  status: 500,
  content_length: '659',
  response_time: 7.69,
  level: 'http',
  message: 'incoming-request',
  timestamp: '2025-05-19 11:35:11.866 PM'
}
{
  method: 'POST',
  url: '/api/v1/auth/register',
  status: 201,
  content_length: '266',
  response_time: 81.217,
  level: 'http',
  message: 'incoming-request',
  timestamp: '2025-05-19 11:35:11.969 PM'
}
{
  method: 'PATCH',
  url: '/api/v1/property/507f1f77bcf86cd799439011',
  status: 404,
  content_length: '32',
  response_time: 9.129,
  level: 'http',
  message: 'incoming-request',
  timestamp: '2025-05-19 11:35:12.016 PM'
}
{
  method: 'POST',
  url: '/api/v1/auth/register',
  status: 201,
  content_length: '266',
  response_time: 194.902,
  level: 'http',
  message: 'incoming-request',
  timestamp: '2025-05-19 11:35:51.022 PM'
}
{
  method: 'POST',
  url: '/api/v1/auth/register',
  status: 400,
  content_length: '89',
  response_time: 7.345,
  level: 'http',
  message: 'incoming-request',
  timestamp: '2025-05-19 11:35:51.130 PM'
}
{
  method: 'PATCH',
  url: '/api/v1/property/682b962760f501c316ba71e9',
  status: 200,
  content_length: '428',
  response_time: 24.224,
  level: 'http',
  message: 'incoming-request',
  timestamp: '2025-05-19 11:35:51.202 PM'
}
{
  method: 'POST',
  url: '/api/v1/auth/register',
  status: 201,
  content_length: '266',
  response_time: 83.86,
  level: 'http',
  message: 'incoming-request',
  timestamp: '2025-05-19 11:35:51.320 PM'
}
{
  method: 'POST',
  url: '/api/v1/auth/register',
  status: 201,
  content_length: '270',
  response_time: 81.756,
  level: 'http',
  message: 'incoming-request',
  timestamp: '2025-05-19 11:35:51.441 PM'
}
{
  method: 'PATCH',
  url: '/api/v1/property/507f1f77bcf86cd799439011',
  status: 500,
  content_length: '659',
  response_time: 7.875,
  level: 'http',
  message: 'incoming-request',
  timestamp: '2025-05-19 11:35:51.472 PM'
}
{
  method: 'POST',
  url: '/api/v1/auth/register',
  status: 201,
  content_length: '266',
  response_time: 81.344,
  level: 'http',
  message: 'incoming-request',
  timestamp: '2025-05-19 11:35:51.575 PM'
}
{
  method: 'PATCH',
  url: '/api/v1/property/507f1f77bcf86cd799439011',
  status: 404,
  content_length: '32',
  response_time: 8.802,
  level: 'http',
  message: 'incoming-request',
  timestamp: '2025-05-19 11:35:51.619 PM'
}
{
  method: 'POST',
  url: '/api/v1/auth/register',
  status: 201,
  content_length: '266',
  response_time: 188.964,
  level: 'http',
  message: 'incoming-request',
  timestamp: '2025-05-19 11:36:12.020 PM'
}
{
  method: 'POST',
  url: '/api/v1/auth/register',
  status: 400,
  content_length: '89',
  response_time: 8.766,
  level: 'http',
  message: 'incoming-request',
  timestamp: '2025-05-19 11:36:12.124 PM'
}
{
  method: 'PATCH',
  url: '/api/v1/property/682b963cf724d1ddcdece879',
  status: 200,
  content_length: '428',
  response_time: 23.508,
  level: 'http',
  message: 'incoming-request',
  timestamp: '2025-05-19 11:36:12.192 PM'
}
{
  method: 'POST',
  url: '/api/v1/auth/register',
  status: 201,
  content_length: '266',
  response_time: 81.262,
  level: 'http',
  message: 'incoming-request',
  timestamp: '2025-05-19 11:36:12.304 PM'
}
{
  method: 'POST',
  url: '/api/v1/auth/register',
  status: 201,
  content_length: '275',
  response_time: 82.971,
  level: 'http',
  message: 'incoming-request',
  timestamp: '2025-05-19 11:36:12.426 PM'
}
{
  method: 'PATCH',
  url: '/api/v1/property/507f1f77bcf86cd799439011',
  status: 500,
  content_length: '659',
  response_time: 8.309,
  level: 'http',
  message: 'incoming-request',
  timestamp: '2025-05-19 11:36:12.458 PM'
}
{
  method: 'POST',
  url: '/api/v1/auth/register',
  status: 201,
  content_length: '266',
  response_time: 86.839,
  level: 'http',
  message: 'incoming-request',
  timestamp: '2025-05-19 11:36:12.572 PM'
}
{
  method: 'PATCH',
  url: '/api/v1/property/507f1f77bcf86cd799439011',
  status: 404,
  content_length: '32',
  response_time: 9.204,
  level: 'http',
  message: 'incoming-request',
  timestamp: '2025-05-19 11:36:12.618 PM'
}
{
  method: 'POST',
  url: '/api/v1/auth/register',
  status: 201,
  content_length: '266',
  response_time: 177.973,
  level: 'http',
  message: 'incoming-request',
  timestamp: '2025-05-19 11:37:00.578 PM'
}
{
  method: 'POST',
  url: '/api/v1/auth/register',
  status: 400,
  content_length: '89',
  response_time: 5.948,
  level: 'http',
  message: 'incoming-request',
  timestamp: '2025-05-19 11:37:00.683 PM'
}
{
  method: 'PATCH',
  url: '/api/v1/property/682b966cb03f4fe392e4195a',
  status: 200,
  content_length: '428',
  response_time: 28.826,
  level: 'http',
  message: 'incoming-request',
  timestamp: '2025-05-19 11:37:00.759 PM'
}
{
  method: 'POST',
  url: '/api/v1/auth/register',
  status: 201,
  content_length: '266',
  response_time: 86.186,
  level: 'http',
  message: 'incoming-request',
  timestamp: '2025-05-19 11:37:00.880 PM'
}
{
  method: 'POST',
  url: '/api/v1/auth/register',
  status: 201,
  content_length: '270',
  response_time: 92.126,
  level: 'http',
  message: 'incoming-request',
  timestamp: '2025-05-19 11:37:01.018 PM'
}
{
  method: 'PATCH',
  url: '/api/v1/property/507f1f77bcf86cd799439011',
  status: 500,
  content_length: '659',
  response_time: 7.639,
  level: 'http',
  message: 'incoming-request',
  timestamp: '2025-05-19 11:37:01.052 PM'
}
{
  method: 'POST',
  url: '/api/v1/auth/register',
  status: 201,
  content_length: '266',
  response_time: 85.225,
  level: 'http',
  message: 'incoming-request',
  timestamp: '2025-05-19 11:37:01.161 PM'
}
{
  method: 'PATCH',
  url: '/api/v1/property/507f1f77bcf86cd799439011',
  status: 404,
  content_length: '32',
  response_time: 8.779,
  level: 'http',
  message: 'incoming-request',
  timestamp: '2025-05-19 11:37:01.209 PM'
}
{
  method: 'POST',
  url: '/api/v1/auth/register',
  status: 201,
  content_length: '266',
  response_time: 169.04,
  level: 'http',
  message: 'incoming-request',
  timestamp: '2025-05-19 11:38:12.445 PM'
}
{
  method: 'POST',
  url: '/api/v1/auth/register',
  status: 400,
  content_length: '89',
  response_time: 5.741,
  level: 'http',
  message: 'incoming-request',
  timestamp: '2025-05-19 11:38:12.543 PM'
}
{
  method: 'PATCH',
  url: '/api/v1/property/682b96b415b398f3ca2f2d1d',
  status: 200,
  content_length: '428',
  response_time: 23.007,
  level: 'http',
  message: 'incoming-request',
  timestamp: '2025-05-19 11:38:12.608 PM'
}
{
  method: 'POST',
  url: '/api/v1/auth/register',
  status: 201,
  content_length: '266',
  response_time: 81.944,
  level: 'http',
  message: 'incoming-request',
  timestamp: '2025-05-19 11:38:12.720 PM'
}
{
  method: 'POST',
  url: '/api/v1/auth/register',
  status: 201,
  content_length: '272',
  response_time: 80.959,
  level: 'http',
  message: 'incoming-request',
  timestamp: '2025-05-19 11:38:12.838 PM'
}
{
  method: 'PATCH',
  url: '/api/v1/property/507f1f77bcf86cd799439011',
  status: 500,
  content_length: '659',
  response_time: 7.783,
  level: 'http',
  message: 'incoming-request',
  timestamp: '2025-05-19 11:38:12.869 PM'
}
{
  method: 'POST',
  url: '/api/v1/auth/register',
  status: 201,
  content_length: '266',
  response_time: 81.352,
  level: 'http',
  message: 'incoming-request',
  timestamp: '2025-05-19 11:38:12.972 PM'
}
{
  method: 'PATCH',
  url: '/api/v1/property/507f1f77bcf86cd799439011',
  status: 404,
  content_length: '32',
  response_time: 10.438,
  level: 'http',
  message: 'incoming-request',
  timestamp: '2025-05-19 11:38:13.032 PM'
}
{
  method: 'POST',
  url: '/api/v1/auth/register',
  status: 201,
  content_length: '266',
  response_time: 218.096,
  level: 'http',
  message: 'incoming-request',
  timestamp: '2025-05-19 11:39:16.068 PM'
}
{
  method: 'POST',
  url: '/api/v1/auth/register',
  status: 400,
  content_length: '89',
  response_time: 5.698,
  level: 'http',
  message: 'incoming-request',
  timestamp: '2025-05-19 11:39:16.140 PM'
}
{
  method: 'PATCH',
  url: '/api/v1/property/682b96f473148b0d4abd6100',
  status: 200,
  content_length: '428',
  response_time: 23.825,
  level: 'http',
  message: 'incoming-request',
  timestamp: '2025-05-19 11:39:16.216 PM'
}
{
  method: 'POST',
  url: '/api/v1/auth/register',
  status: 201,
  content_length: '266',
  response_time: 83.786,
  level: 'http',
  message: 'incoming-request',
  timestamp: '2025-05-19 11:39:16.329 PM'
}
{
  method: 'POST',
  url: '/api/v1/auth/register',
  status: 201,
  content_length: '275',
  response_time: 81.039,
  level: 'http',
  message: 'incoming-request',
  timestamp: '2025-05-19 11:39:16.449 PM'
}
{
  method: 'PATCH',
  url: '/api/v1/property/507f1f77bcf86cd799439011',
  status: 500,
  content_length: '659',
  response_time: 7.912,
  level: 'http',
  message: 'incoming-request',
  timestamp: '2025-05-19 11:39:16.480 PM'
}
{
  method: 'POST',
  url: '/api/v1/auth/register',
  status: 201,
  content_length: '266',
  response_time: 80.067,
  level: 'http',
  message: 'incoming-request',
  timestamp: '2025-05-19 11:39:16.584 PM'
}
{
  method: 'PATCH',
  url: '/api/v1/property/507f1f77bcf86cd799439011',
  status: 404,
  content_length: '32',
  response_time: 9.1,
  level: 'http',
  message: 'incoming-request',
  timestamp: '2025-05-19 11:39:16.628 PM'
}
{
  method: 'POST',
  url: '/api/v1/auth/register',
  status: 201,
  content_length: '266',
  response_time: 171.792,
  level: 'http',
  message: 'incoming-request',
  timestamp: '2025-05-19 11:43:24.285 PM'
}
{
  method: 'POST',
  url: '/api/v1/auth/register',
  status: 400,
  content_length: '89',
  response_time: 6.252,
  level: 'http',
  message: 'incoming-request',
  timestamp: '2025-05-19 11:43:24.383 PM'
}
{
  method: 'PATCH',
  url: '/api/v1/property/682b97eca3acd676389a1707',
  status: 200,
  content_length: '428',
  response_time: 24.646,
  level: 'http',
  message: 'incoming-request',
  timestamp: '2025-05-19 11:43:24.456 PM'
}
{
  method: 'POST',
  url: '/api/v1/auth/register',
  status: 201,
  content_length: '266',
  response_time: 81.486,
  level: 'http',
  message: 'incoming-request',
  timestamp: '2025-05-19 11:43:24.565 PM'
}
{
  method: 'POST',
  url: '/api/v1/auth/register',
  status: 201,
  content_length: '271',
  response_time: 80.404,
  level: 'http',
  message: 'incoming-request',
  timestamp: '2025-05-19 11:43:24.684 PM'
}
{
  method: 'PATCH',
  url: '/api/v1/property/507f1f77bcf86cd799439011',
  status: 500,
  content_length: '659',
  response_time: 7.553,
  level: 'http',
  message: 'incoming-request',
  timestamp: '2025-05-19 11:43:24.715 PM'
}
{
  method: 'POST',
  url: '/api/v1/auth/register',
  status: 201,
  content_length: '266',
  response_time: 82.092,
  level: 'http',
  message: 'incoming-request',
  timestamp: '2025-05-19 11:43:24.819 PM'
}
{
  method: 'PATCH',
  url: '/api/v1/property/507f1f77bcf86cd799439011',
  status: 404,
  content_length: '32',
  response_time: 9.212,
  level: 'http',
  message: 'incoming-request',
  timestamp: '2025-05-19 11:43:24.863 PM'
}
{
  method: 'POST',
  url: '/api/v1/auth/register',
  status: 201,
  content_length: '266',
  response_time: 80.348,
  level: 'http',
  message: 'incoming-request',
  timestamp: '2025-05-19 11:43:24.965 PM'
}
{
  method: 'POST',
  url: '/api/v1/auth/register',
  status: 201,
  content_length: '266',
  response_time: 210.697,
  level: 'http',
  message: 'incoming-request',
  timestamp: '2025-05-19 11:44:01.428 PM'
}
{
  method: 'POST',
  url: '/api/v1/auth/register',
  status: 400,
  content_length: '89',
  response_time: 6.528,
  level: 'http',
  message: 'incoming-request',
  timestamp: '2025-05-19 11:44:01.511 PM'
}
{
  method: 'PATCH',
  url: '/api/v1/property/682b981143e0337fdb1a9bc5',
  status: 200,
  content_length: '428',
  response_time: 23.675,
  level: 'http',
  message: 'incoming-request',
  timestamp: '2025-05-19 11:44:01.577 PM'
}
{
  method: 'POST',
  url: '/api/v1/auth/register',
  status: 201,
  content_length: '266',
  response_time: 82.105,
  level: 'http',
  message: 'incoming-request',
  timestamp: '2025-05-19 11:44:01.690 PM'
}
{
  method: 'POST',
  url: '/api/v1/auth/register',
  status: 201,
  content_length: '279',
  response_time: 81.499,
  level: 'http',
  message: 'incoming-request',
  timestamp: '2025-05-19 11:44:01.812 PM'
}
{
  method: 'PATCH',
  url: '/api/v1/property/507f1f77bcf86cd799439011',
  status: 500,
  content_length: '659',
  response_time: 9.231,
  level: 'http',
  message: 'incoming-request',
  timestamp: '2025-05-19 11:44:01.845 PM'
}
{
  method: 'POST',
  url: '/api/v1/auth/register',
  status: 201,
  content_length: '266',
  response_time: 83.903,
  level: 'http',
  message: 'incoming-request',
  timestamp: '2025-05-19 11:44:01.954 PM'
}
{
  method: 'PATCH',
  url: '/api/v1/property/507f1f77bcf86cd799439011',
  status: 404,
  content_length: '32',
  response_time: 8.734,
  level: 'http',
  message: 'incoming-request',
  timestamp: '2025-05-19 11:44:02.000 PM'
}
{
  method: 'POST',
  url: '/api/v1/auth/register',
  status: 201,
  content_length: '266',
  response_time: 79.945,
  level: 'http',
  message: 'incoming-request',
  timestamp: '2025-05-19 11:44:02.103 PM'
}
{
  method: 'PATCH',
  url: '/api/v1/property/682b981243e0337fdb1a9c02',
  status: 200,
  content_length: '430',
  response_time: 14.422,
  level: 'http',
  message: 'incoming-request',
  timestamp: '2025-05-19 11:44:02.164 PM'
}
{
  method: 'POST',
  url: '/api/v1/auth/register',
  status: 201,
  content_length: '266',
  response_time: 174.767,
  level: 'http',
  message: 'incoming-request',
  timestamp: '2025-05-19 11:44:46.151 PM'
}
{
  method: 'POST',
  url: '/api/v1/auth/register',
  status: 400,
  content_length: '89',
  response_time: 7.326,
  level: 'http',
  message: 'incoming-request',
  timestamp: '2025-05-19 11:44:46.262 PM'
}
{
  method: 'PATCH',
  url: '/api/v1/property/682b983ee81c556e81188b6d',
  status: 200,
  content_length: '428',
  response_time: 24.214,
  level: 'http',
  message: 'incoming-request',
  timestamp: '2025-05-19 11:44:46.331 PM'
}
{
  method: 'POST',
  url: '/api/v1/auth/register',
  status: 201,
  content_length: '266',
  response_time: 82.474,
  level: 'http',
  message: 'incoming-request',
  timestamp: '2025-05-19 11:44:46.443 PM'
}
{
  method: 'POST',
  url: '/api/v1/auth/register',
  status: 201,
  content_length: '271',
  response_time: 81.037,
  level: 'http',
  message: 'incoming-request',
  timestamp: '2025-05-19 11:44:46.563 PM'
}
{
  method: 'PATCH',
  url: '/api/v1/property/507f1f77bcf86cd799439011',
  status: 500,
  content_length: '659',
  response_time: 7.855,
  level: 'http',
  message: 'incoming-request',
  timestamp: '2025-05-19 11:44:46.596 PM'
}
{
  method: 'POST',
  url: '/api/v1/auth/register',
  status: 201,
  content_length: '266',
  response_time: 81.359,
  level: 'http',
  message: 'incoming-request',
  timestamp: '2025-05-19 11:44:46.699 PM'
}
{
  method: 'PATCH',
  url: '/api/v1/property/507f1f77bcf86cd799439011',
  status: 404,
  content_length: '32',
  response_time: 9.327,
  level: 'http',
  message: 'incoming-request',
  timestamp: '2025-05-19 11:44:46.746 PM'
}
{
  method: 'POST',
  url: '/api/v1/auth/register',
  status: 201,
  content_length: '266',
  response_time: 82.528,
  level: 'http',
  message: 'incoming-request',
  timestamp: '2025-05-19 11:44:46.852 PM'
}
{
  method: 'PATCH',
  url: '/api/v1/property/682b983ee81c556e81188baa',
  status: 200,
  content_length: '430',
  response_time: 15.478,
  level: 'http',
  message: 'incoming-request',
  timestamp: '2025-05-19 11:44:46.913 PM'
}
{
  method: 'POST',
  url: '/api/v1/auth/register',
  status: 201,
  content_length: '266',
  response_time: 182.91,
  level: 'http',
  message: 'incoming-request',
  timestamp: '2025-05-19 11:49:13.940 PM'
}
{
  method: 'POST',
  url: '/api/v1/auth/register',
  status: 400,
  content_length: '89',
  response_time: 5.682,
  level: 'http',
  message: 'incoming-request',
  timestamp: '2025-05-19 11:49:14.036 PM'
}
{
  method: 'PATCH',
  url: '/api/v1/property/682b994a780a46a2ae84a4c7',
  status: 200,
  content_length: '428',
  response_time: 25.388,
  level: 'http',
  message: 'incoming-request',
  timestamp: '2025-05-19 11:49:14.109 PM'
}
{
  method: 'POST',
  url: '/api/v1/auth/register',
  status: 201,
  content_length: '266',
  response_time: 83.658,
  level: 'http',
  message: 'incoming-request',
  timestamp: '2025-05-19 11:49:14.222 PM'
}
{
  method: 'POST',
  url: '/api/v1/auth/register',
  status: 201,
  content_length: '273',
  response_time: 81.232,
  level: 'http',
  message: 'incoming-request',
  timestamp: '2025-05-19 11:49:14.341 PM'
}
{
  method: 'PATCH',
  url: '/api/v1/property/507f1f77bcf86cd799439011',
  status: 500,
  content_length: '659',
  response_time: 8.805,
  level: 'http',
  message: 'incoming-request',
  timestamp: '2025-05-19 11:49:14.372 PM'
}
{
  method: 'POST',
  url: '/api/v1/auth/register',
  status: 201,
  content_length: '266',
  response_time: 80.792,
  level: 'http',
  message: 'incoming-request',
  timestamp: '2025-05-19 11:49:14.474 PM'
}
{
  method: 'PATCH',
  url: '/api/v1/property/507f1f77bcf86cd799439011',
  status: 404,
  content_length: '32',
  response_time: 8.953,
  level: 'http',
  message: 'incoming-request',
  timestamp: '2025-05-19 11:49:14.519 PM'
}
{
  method: 'POST',
  url: '/api/v1/auth/register',
  status: 201,
  content_length: '266',
  response_time: 79.93,
  level: 'http',
  message: 'incoming-request',
  timestamp: '2025-05-19 11:49:14.622 PM'
}
{
  method: 'PATCH',
  url: '/api/v1/property/682b994a780a46a2ae84a504',
  status: 500,
  content_length: '746',
  response_time: 13.058,
  level: 'http',
  message: 'incoming-request',
  timestamp: '2025-05-19 11:49:14.680 PM'
}
{
  method: 'POST',
  url: '/api/v1/auth/register',
  status: 201,
  content_length: '266',
  response_time: 172.689,
  level: 'http',
  message: 'incoming-request',
  timestamp: '2025-05-19 11:50:33.185 PM'
}
{
  method: 'POST',
  url: '/api/v1/auth/register',
  status: 400,
  content_length: '89',
  response_time: 7.484,
  level: 'http',
  message: 'incoming-request',
  timestamp: '2025-05-19 11:50:33.295 PM'
}
{
  method: 'PATCH',
  url: '/api/v1/property/682b9999aaa5081e42f48748',
  status: 200,
  content_length: '428',
  response_time: 23.862,
  level: 'http',
  message: 'incoming-request',
  timestamp: '2025-05-19 11:50:33.364 PM'
}
{
  method: 'POST',
  url: '/api/v1/auth/register',
  status: 201,
  content_length: '266',
  response_time: 81.891,
  level: 'http',
  message: 'incoming-request',
  timestamp: '2025-05-19 11:50:33.474 PM'
}
{
  method: 'POST',
  url: '/api/v1/auth/register',
  status: 201,
  content_length: '269',
  response_time: 82.81,
  level: 'http',
  message: 'incoming-request',
  timestamp: '2025-05-19 11:50:33.595 PM'
}
{
  method: 'PATCH',
  url: '/api/v1/property/507f1f77bcf86cd799439011',
  status: 500,
  content_length: '659',
  response_time: 21.469,
  level: 'http',
  message: 'incoming-request',
  timestamp: '2025-05-19 11:50:33.644 PM'
}
{
  method: 'POST',
  url: '/api/v1/auth/register',
  status: 201,
  content_length: '266',
  response_time: 94.603,
  level: 'http',
  message: 'incoming-request',
  timestamp: '2025-05-19 11:50:33.771 PM'
}
{
  method: 'PATCH',
  url: '/api/v1/property/507f1f77bcf86cd799439011',
  status: 404,
  content_length: '32',
  response_time: 12.533,
  level: 'http',
  message: 'incoming-request',
  timestamp: '2025-05-19 11:50:33.831 PM'
}
{
  method: 'POST',
  url: '/api/v1/auth/register',
  status: 201,
  content_length: '266',
  response_time: 91.395,
  level: 'http',
  message: 'incoming-request',
  timestamp: '2025-05-19 11:50:33.952 PM'
}
{
  method: 'PATCH',
  url: '/api/v1/property/682b9999aaa5081e42f48785',
  status: 500,
  content_length: '746',
  response_time: 13.422,
  level: 'http',
  message: 'incoming-request',
  timestamp: '2025-05-19 11:50:34.017 PM'
}
