{
  message: 'Email transporter is not initialized. Check your configuration.',
  level: 'error',
  timestamp: '2025-01-20 09:55:55.248 PM'
}
{
  message: 'email not sent: Error: Email transporter is not initialized. Check your configuration.',
  level: 'error',
  timestamp: '2025-01-20 09:55:55.257 PM'
}
{
  method: 'POST',
  url: '/api/v1/auth/register',
  status: 201,
  content_length: '267',
  response_time: 189.427,
  level: 'http',
  message: 'incoming-request',
  timestamp: '2025-01-20 09:55:55.264 PM'
}
{
  method: 'GET',
  url: '/api/v1/auth/verify/undefined/678eaa4bc8f39c86ad7cfcd7',
  status: 500,
  content_length: '330',
  response_time: 10.785,
  level: 'http',
  message: 'incoming-request',
  timestamp: '2025-01-20 09:55:55.304 PM'
}
{
  method: 'POST',
  url: '/resend_email_token',
  status: 500,
  content_length: '82',
  response_time: 2.069,
  level: 'http',
  message: 'incoming-request',
  timestamp: '2025-01-20 09:55:55.322 PM'
}
{
  message: 'Email transporter is not initialized. Check your configuration.',
  level: 'error',
  timestamp: '2025-01-20 09:55:55.363 PM'
}
{
  message: 'email not sent: Error: Email transporter is not initialized. Check your configuration.',
  level: 'error',
  timestamp: '2025-01-20 09:55:55.367 PM'
}
{
  method: 'GET',
  url: '/api/v1/auth/verify/testemailtoken123/678eaa4bc8f39c86ad7cfcd7',
  status: 302,
  content_length: '34',
  response_time: 31.978,
  level: 'http',
  message: 'incoming-request',
  timestamp: '2025-01-20 09:55:55.375 PM'
}
{
  method: 'POST',
  url: '/api/v1/auth/register',
  status: 400,
  content_length: '89',
  response_time: 8.913,
  level: 'http',
  message: 'incoming-request',
  timestamp: '2025-01-20 09:55:55.398 PM'
}
{
  method: 'POST',
  url: '/api/v1/auth/register',
  status: 400,
  content_length: '89',
  response_time: 4.489,
  level: 'http',
  message: 'incoming-request',
  timestamp: '2025-01-20 09:55:55.413 PM'
}
{
  method: 'POST',
  url: '/api/v1/auth/register',
  status: 400,
  content_length: '106',
  response_time: 0.94,
  level: 'http',
  message: 'incoming-request',
  timestamp: '2025-01-20 09:55:55.429 PM'
}
{
  method: 'POST',
  url: '/api/v1/auth/register',
  status: 400,
  content_length: '106',
  response_time: 0.782,
  level: 'http',
  message: 'incoming-request',
  timestamp: '2025-01-20 09:55:55.439 PM'
}
{
  message: 'Email transporter is not initialized. Check your configuration.',
  level: 'error',
  timestamp: '2025-01-20 10:43:17.472 PM'
}
{
  message: 'email not sent: Error: Email transporter is not initialized. Check your configuration.',
  level: 'error',
  timestamp: '2025-01-20 10:43:17.485 PM'
}
{
  method: 'POST',
  url: '/api/v1/auth/register',
  status: 201,
  content_length: '267',
  response_time: 191.389,
  level: 'http',
  message: 'incoming-request',
  timestamp: '2025-01-20 10:43:17.495 PM'
}
{
  message: 'Email transporter is not initialized. Check your configuration.',
  level: 'error',
  timestamp: '2025-01-20 10:43:17.559 PM'
}
{
  message: 'email not sent: Error: Email transporter is not initialized. Check your configuration.',
  level: 'error',
  timestamp: '2025-01-20 10:43:17.564 PM'
}
{
  method: 'GET',
  url: '/api/v1/auth/verify/967bd21aba6c9ee48505fcbf4d28cfaa1294f3194609d41f898a5357a867393b/678eb5650a433ec1514f1dce',
  status: 302,
  content_length: '34',
  response_time: 40.599,
  level: 'http',
  message: 'incoming-request',
  timestamp: '2025-01-20 10:43:17.574 PM'
}
{
  method: 'POST',
  url: '/resend_email_token',
  status: 500,
  content_length: '82',
  response_time: 2.342,
  level: 'http',
  message: 'incoming-request',
  timestamp: '2025-01-20 10:43:17.596 PM'
}
{
  message: 'Email transporter is not initialized. Check your configuration.',
  level: 'error',
  timestamp: '2025-01-20 10:43:17.642 PM'
}
{
  message: 'email not sent: Error: Email transporter is not initialized. Check your configuration.',
  level: 'error',
  timestamp: '2025-01-20 10:43:17.647 PM'
}
{
  method: 'GET',
  url: '/api/v1/auth/verify/testemailtoken123/678eb5650a433ec1514f1dce',
  status: 500,
  content_length: '49',
  response_time: 8.701,
  level: 'http',
  message: 'incoming-request',
  timestamp: '2025-01-20 10:43:17.652 PM'
}
{
  method: 'POST',
  url: '/api/v1/auth/register',
  status: 400,
  content_length: '89',
  response_time: 7.805,
  level: 'http',
  message: 'incoming-request',
  timestamp: '2025-01-20 10:43:17.713 PM'
}
{
  method: 'POST',
  url: '/api/v1/auth/register',
  status: 400,
  content_length: '89',
  response_time: 4.798,
  level: 'http',
  message: 'incoming-request',
  timestamp: '2025-01-20 10:43:17.736 PM'
}
{
  method: 'POST',
  url: '/api/v1/auth/register',
  status: 400,
  content_length: '106',
  response_time: 0.984,
  level: 'http',
  message: 'incoming-request',
  timestamp: '2025-01-20 10:43:17.750 PM'
}
{
  method: 'POST',
  url: '/api/v1/auth/register',
  status: 400,
  content_length: '106',
  response_time: 0.759,
  level: 'http',
  message: 'incoming-request',
  timestamp: '2025-01-20 10:43:17.767 PM'
}
{
  message: 'Email transporter is not initialized. Check your configuration.',
  level: 'error',
  timestamp: '2025-01-20 10:44:54.538 PM'
}
{
  message: 'email not sent: Error: Email transporter is not initialized. Check your configuration.',
  level: 'error',
  timestamp: '2025-01-20 10:44:54.546 PM'
}
{
  method: 'POST',
  url: '/api/v1/auth/register',
  status: 201,
  content_length: '267',
  response_time: 187.434,
  level: 'http',
  message: 'incoming-request',
  timestamp: '2025-01-20 10:44:54.554 PM'
}
{
  message: 'Email transporter is not initialized. Check your configuration.',
  level: 'error',
  timestamp: '2025-01-20 10:44:54.607 PM'
}
{
  message: 'email not sent: Error: Email transporter is not initialized. Check your configuration.',
  level: 'error',
  timestamp: '2025-01-20 10:44:54.611 PM'
}
{
  method: 'GET',
  url: '/api/v1/auth/verify/ef25d9dd98c06a3aaac0b081246f062f80ebc668a886b58aaf45850e976ab3ee/678eb5c646739b817c4e2add',
  status: 302,
  content_length: '34',
  response_time: 27.757,
  level: 'http',
  message: 'incoming-request',
  timestamp: '2025-01-20 10:44:54.617 PM'
}
{
  method: 'POST',
  url: '/resend_email_token',
  status: 500,
  content_length: '82',
  response_time: 2.605,
  level: 'http',
  message: 'incoming-request',
  timestamp: '2025-01-20 10:44:54.638 PM'
}
{
  message: 'Email transporter is not initialized. Check your configuration.',
  level: 'error',
  timestamp: '2025-01-20 10:44:54.679 PM'
}
{
  message: 'email not sent: Error: Email transporter is not initialized. Check your configuration.',
  level: 'error',
  timestamp: '2025-01-20 10:44:54.684 PM'
}
{
  method: 'GET',
  url: '/api/v1/auth/verify/testemailtoken123/678eb5c646739b817c4e2add',
  status: 500,
  content_length: '49',
  response_time: 5.612,
  level: 'http',
  message: 'incoming-request',
  timestamp: '2025-01-20 10:44:54.688 PM'
}
{
  method: 'POST',
  url: '/api/v1/auth/register',
  status: 400,
  content_length: '89',
  response_time: 5.191,
  level: 'http',
  message: 'incoming-request',
  timestamp: '2025-01-20 10:44:54.716 PM'
}
{
  method: 'POST',
  url: '/api/v1/auth/register',
  status: 400,
  content_length: '89',
  response_time: 5.394,
  level: 'http',
  message: 'incoming-request',
  timestamp: '2025-01-20 10:44:54.737 PM'
}
{
  method: 'POST',
  url: '/api/v1/auth/register',
  status: 400,
  content_length: '106',
  response_time: 1.069,
  level: 'http',
  message: 'incoming-request',
  timestamp: '2025-01-20 10:44:54.751 PM'
}
{
  method: 'POST',
  url: '/api/v1/auth/register',
  status: 400,
  content_length: '106',
  response_time: 0.779,
  level: 'http',
  message: 'incoming-request',
  timestamp: '2025-01-20 10:44:54.765 PM'
}
{
  message: 'Email transporter is not initialized. Check your configuration.',
  level: 'error',
  timestamp: '2025-01-20 10:46:30.028 PM'
}
{
  message: 'email not sent: Error: Email transporter is not initialized. Check your configuration.',
  level: 'error',
  timestamp: '2025-01-20 10:46:30.037 PM'
}
{
  method: 'POST',
  url: '/api/v1/auth/register',
  status: 201,
  content_length: '267',
  response_time: 193.547,
  level: 'http',
  message: 'incoming-request',
  timestamp: '2025-01-20 10:46:30.045 PM'
}
{
  message: 'Email transporter is not initialized. Check your configuration.',
  level: 'error',
  timestamp: '2025-01-20 10:46:30.099 PM'
}
{
  message: 'email not sent: Error: Email transporter is not initialized. Check your configuration.',
  level: 'error',
  timestamp: '2025-01-20 10:46:30.103 PM'
}
{
  method: 'GET',
  url: '/api/v1/auth/verify/testemailtoken123/678eb62536d9b98fd1ecc5f6',
  status: 302,
  content_length: '34',
  response_time: 28.3,
  level: 'http',
  message: 'incoming-request',
  timestamp: '2025-01-20 10:46:30.107 PM'
}
{
  method: 'POST',
  url: '/api/v1/auth/register',
  status: 400,
  content_length: '89',
  response_time: 4.628,
  level: 'http',
  message: 'incoming-request',
  timestamp: '2025-01-20 10:46:30.125 PM'
}
{
  method: 'POST',
  url: '/api/v1/auth/register',
  status: 400,
  content_length: '89',
  response_time: 4.403,
  level: 'http',
  message: 'incoming-request',
  timestamp: '2025-01-20 10:46:30.142 PM'
}
{
  method: 'POST',
  url: '/api/v1/auth/register',
  status: 400,
  content_length: '106',
  response_time: 1.346,
  level: 'http',
  message: 'incoming-request',
  timestamp: '2025-01-20 10:46:30.157 PM'
}
{
  method: 'POST',
  url: '/api/v1/auth/register',
  status: 400,
  content_length: '106',
  response_time: 0.786,
  level: 'http',
  message: 'incoming-request',
  timestamp: '2025-01-20 10:46:30.170 PM'
}
{
  message: 'Email transporter is not initialized. Check your configuration.',
  level: 'error',
  timestamp: '2025-01-20 10:48:01.924 PM'
}
{
  message: 'email not sent: Error: Email transporter is not initialized. Check your configuration.',
  level: 'error',
  timestamp: '2025-01-20 10:48:01.935 PM'
}
{
  method: 'POST',
  url: '/api/v1/auth/register',
  status: 201,
  content_length: '267',
  response_time: 216.175,
  level: 'http',
  message: 'incoming-request',
  timestamp: '2025-01-20 10:48:01.943 PM'
}
{
  message: 'Email transporter is not initialized. Check your configuration.',
  level: 'error',
  timestamp: '2025-01-20 10:48:02.007 PM'
}
{
  message: 'email not sent: Error: Email transporter is not initialized. Check your configuration.',
  level: 'error',
  timestamp: '2025-01-20 10:48:02.011 PM'
}
{
  method: 'GET',
  url: '/api/v1/auth/verify/testemailtoken123/678eb6819d6328a6fcf1e2ec',
  status: 302,
  content_length: '34',
  response_time: 31.211,
  level: 'http',
  message: 'incoming-request',
  timestamp: '2025-01-20 10:48:02.015 PM'
}
{
  method: 'POST',
  url: '/api/v1/auth/register',
  status: 400,
  content_length: '89',
  response_time: 6.163,
  level: 'http',
  message: 'incoming-request',
  timestamp: '2025-01-20 10:48:02.042 PM'
}
{
  method: 'POST',
  url: '/api/v1/auth/register',
  status: 400,
  content_length: '89',
  response_time: 5.393,
  level: 'http',
  message: 'incoming-request',
  timestamp: '2025-01-20 10:48:02.062 PM'
}
{
  method: 'POST',
  url: '/api/v1/auth/register',
  status: 400,
  content_length: '106',
  response_time: 1.743,
  level: 'http',
  message: 'incoming-request',
  timestamp: '2025-01-20 10:48:02.079 PM'
}
{
  method: 'POST',
  url: '/api/v1/auth/register',
  status: 400,
  content_length: '106',
  response_time: 0.816,
  level: 'http',
  message: 'incoming-request',
  timestamp: '2025-01-20 10:48:02.093 PM'
}
{
  message: 'Email transporter is not initialized. Check your configuration.',
  level: 'error',
  timestamp: '2025-01-20 10:49:16.617 PM'
}
{
  message: 'email not sent: Error: Email transporter is not initialized. Check your configuration.',
  level: 'error',
  timestamp: '2025-01-20 10:49:16.626 PM'
}
{
  method: 'POST',
  url: '/api/v1/auth/register',
  status: 201,
  content_length: '267',
  response_time: 284.991,
  level: 'http',
  message: 'incoming-request',
  timestamp: '2025-01-20 10:49:16.633 PM'
}
{
  message: 'Email transporter is not initialized. Check your configuration.',
  level: 'error',
  timestamp: '2025-01-20 10:49:16.686 PM'
}
{
  message: 'email not sent: Error: Email transporter is not initialized. Check your configuration.',
  level: 'error',
  timestamp: '2025-01-20 10:49:16.689 PM'
}
{
  method: 'GET',
  url: '/api/v1/auth/verify/ff3c2d857d89bb0184fb93183984da05ab14037c83b48720bf9c1078b6f3acb0/678eb6cc6341bebed6c97052',
  status: 302,
  content_length: '34',
  response_time: 25.636,
  level: 'http',
  message: 'incoming-request',
  timestamp: '2025-01-20 10:49:16.695 PM'
}
{
  message: 'Email transporter is not initialized. Check your configuration.',
  level: 'error',
  timestamp: '2025-01-20 10:49:16.727 PM'
}
{
  message: 'email not sent: Error: Email transporter is not initialized. Check your configuration.',
  level: 'error',
  timestamp: '2025-01-20 10:49:16.732 PM'
}
{
  method: 'GET',
  url: '/api/v1/auth/verify/testemailtoken123/678eb6cc6341bebed6c97052',
  status: 500,
  content_length: '49',
  response_time: 4.238,
  level: 'http',
  message: 'incoming-request',
  timestamp: '2025-01-20 10:49:16.736 PM'
}
{
  method: 'POST',
  url: '/api/v1/auth/register',
  status: 400,
  content_length: '89',
  response_time: 5.763,
  level: 'http',
  message: 'incoming-request',
  timestamp: '2025-01-20 10:49:16.759 PM'
}
{
  method: 'POST',
  url: '/api/v1/auth/register',
  status: 400,
  content_length: '89',
  response_time: 4.937,
  level: 'http',
  message: 'incoming-request',
  timestamp: '2025-01-20 10:49:16.779 PM'
}
{
  method: 'POST',
  url: '/api/v1/auth/register',
  status: 400,
  content_length: '106',
  response_time: 0.963,
  level: 'http',
  message: 'incoming-request',
  timestamp: '2025-01-20 10:49:16.798 PM'
}
{
  method: 'POST',
  url: '/api/v1/auth/register',
  status: 400,
  content_length: '106',
  response_time: 0.713,
  level: 'http',
  message: 'incoming-request',
  timestamp: '2025-01-20 10:49:16.810 PM'
}
{
  message: 'Email transporter is not initialized. Check your configuration.',
  level: 'error',
  timestamp: '2025-01-20 11:01:20.216 PM'
}
{
  message: 'email not sent: Error: Email transporter is not initialized. Check your configuration.',
  level: 'error',
  timestamp: '2025-01-20 11:01:20.229 PM'
}
{
  method: 'POST',
  url: '/api/v1/auth/register',
  status: 201,
  content_length: '267',
  response_time: 215.102,
  level: 'http',
  message: 'incoming-request',
  timestamp: '2025-01-20 11:01:20.240 PM'
}
{
  method: 'POST',
  url: '/resend_email_token',
  status: 500,
  content_length: '82',
  response_time: 2.967,
  level: 'http',
  message: 'incoming-request',
  timestamp: '2025-01-20 11:01:20.289 PM'
}
{
  message: 'Email transporter is not initialized. Check your configuration.',
  level: 'error',
  timestamp: '2025-01-20 11:01:20.368 PM'
}
{
  message: 'email not sent: Error: Email transporter is not initialized. Check your configuration.',
  level: 'error',
  timestamp: '2025-01-20 11:01:20.373 PM'
}
{
  method: 'GET',
  url: '/api/v1/auth/verify/testemailtoken123/678eb9a0df08545ca9c552ad',
  status: 302,
  content_length: '34',
  response_time: 33.376,
  level: 'http',
  message: 'incoming-request',
  timestamp: '2025-01-20 11:01:20.379 PM'
}
{
  method: 'POST',
  url: '/api/v1/auth/register',
  status: 400,
  content_length: '89',
  response_time: 5.505,
  level: 'http',
  message: 'incoming-request',
  timestamp: '2025-01-20 11:01:20.406 PM'
}
{
  method: 'POST',
  url: '/api/v1/auth/register',
  status: 400,
  content_length: '89',
  response_time: 5.901,
  level: 'http',
  message: 'incoming-request',
  timestamp: '2025-01-20 11:01:20.427 PM'
}
{
  method: 'POST',
  url: '/api/v1/auth/register',
  status: 400,
  content_length: '106',
  response_time: 1.216,
  level: 'http',
  message: 'incoming-request',
  timestamp: '2025-01-20 11:01:20.443 PM'
}
{
  method: 'POST',
  url: '/api/v1/auth/register',
  status: 400,
  content_length: '106',
  response_time: 0.963,
  level: 'http',
  message: 'incoming-request',
  timestamp: '2025-01-20 11:01:20.457 PM'
}
{
  method: 'POST',
  url: '/api/v1/auth/register',
  status: 201,
  content_length: '267',
  response_time: 169.97,
  level: 'http',
  message: 'incoming-request',
  timestamp: '2025-01-20 11:07:40.706 PM'
}
{
  method: 'POST',
  url: '/api/v1/auth/resend_email_token',
  status: 500,
  content_length: '302',
  response_time: 8.356,
  level: 'http',
  message: 'incoming-request',
  timestamp: '2025-01-20 11:07:40.749 PM'
}
{
  method: 'GET',
  url: '/api/v1/auth/verify/testemailtoken123/678ebb1cc34444f3c2cb1e94',
  status: 302,
  content_length: '34',
  response_time: 19.129,
  level: 'http',
  message: 'incoming-request',
  timestamp: '2025-01-20 11:07:40.789 PM'
}
{
  method: 'POST',
  url: '/api/v1/auth/register',
  status: 400,
  content_length: '89',
  response_time: 5.116,
  level: 'http',
  message: 'incoming-request',
  timestamp: '2025-01-20 11:07:40.810 PM'
}
{
  method: 'POST',
  url: '/api/v1/auth/register',
  status: 400,
  content_length: '89',
  response_time: 4.959,
  level: 'http',
  message: 'incoming-request',
  timestamp: '2025-01-20 11:07:40.826 PM'
}
{
  method: 'POST',
  url: '/api/v1/auth/register',
  status: 400,
  content_length: '106',
  response_time: 1.008,
  level: 'http',
  message: 'incoming-request',
  timestamp: '2025-01-20 11:07:40.842 PM'
}
{
  method: 'POST',
  url: '/api/v1/auth/register',
  status: 400,
  content_length: '106',
  response_time: 0.677,
  level: 'http',
  message: 'incoming-request',
  timestamp: '2025-01-20 11:07:40.853 PM'
}
{
  method: 'POST',
  url: '/api/v1/auth/register',
  status: 201,
  content_length: '267',
  response_time: 182.881,
  level: 'http',
  message: 'incoming-request',
  timestamp: '2025-01-20 11:15:56.715 PM'
}
{
  method: 'POST',
  url: '/api/v1/auth/resend_email_token',
  status: 500,
  content_length: '302',
  response_time: 5.929,
  level: 'http',
  message: 'incoming-request',
  timestamp: '2025-01-20 11:15:56.757 PM'
}
{
  method: 'GET',
  url: '/api/v1/auth/verify/testemailtoken123/678ebd0c3fa662859c24b487',
  status: 302,
  content_length: '34',
  response_time: 21.558,
  level: 'http',
  message: 'incoming-request',
  timestamp: '2025-01-20 11:15:56.797 PM'
}
{
  method: 'POST',
  url: '/api/v1/auth/register',
  status: 400,
  content_length: '89',
  response_time: 5.205,
  level: 'http',
  message: 'incoming-request',
  timestamp: '2025-01-20 11:15:56.815 PM'
}
{
  method: 'POST',
  url: '/api/v1/auth/register',
  status: 400,
  content_length: '89',
  response_time: 5.654,
  level: 'http',
  message: 'incoming-request',
  timestamp: '2025-01-20 11:15:56.833 PM'
}
{
  method: 'POST',
  url: '/api/v1/auth/register',
  status: 400,
  content_length: '106',
  response_time: 1.154,
  level: 'http',
  message: 'incoming-request',
  timestamp: '2025-01-20 11:15:56.847 PM'
}
{
  method: 'POST',
  url: '/api/v1/auth/register',
  status: 400,
  content_length: '106',
  response_time: 0.741,
  level: 'http',
  message: 'incoming-request',
  timestamp: '2025-01-20 11:15:56.859 PM'
}
{
  method: 'POST',
  url: '/api/v1/auth/register',
  status: 201,
  content_length: '267',
  response_time: 172.659,
  level: 'http',
  message: 'incoming-request',
  timestamp: '2025-01-20 11:16:44.456 PM'
}
{
  method: 'GET',
  url: '/api/v1/auth/verify/testemailtoken123/678ebd3c1e862738c5d5321d',
  status: 302,
  content_length: '34',
  response_time: 18.818,
  level: 'http',
  message: 'incoming-request',
  timestamp: '2025-01-20 11:16:44.515 PM'
}
{
  method: 'POST',
  url: '/api/v1/auth/register',
  status: 400,
  content_length: '89',
  response_time: 5.752,
  level: 'http',
  message: 'incoming-request',
  timestamp: '2025-01-20 11:16:44.534 PM'
}
{
  method: 'POST',
  url: '/api/v1/auth/register',
  status: 400,
  content_length: '89',
  response_time: 4.229,
  level: 'http',
  message: 'incoming-request',
  timestamp: '2025-01-20 11:16:44.549 PM'
}
{
  method: 'POST',
  url: '/api/v1/auth/register',
  status: 400,
  content_length: '106',
  response_time: 1.22,
  level: 'http',
  message: 'incoming-request',
  timestamp: '2025-01-20 11:16:44.564 PM'
}
{
  method: 'POST',
  url: '/api/v1/auth/register',
  status: 400,
  content_length: '106',
  response_time: 0.708,
  level: 'http',
  message: 'incoming-request',
  timestamp: '2025-01-20 11:16:44.575 PM'
}
{
  method: 'POST',
  url: '/api/v1/auth/register',
  status: 201,
  content_length: '267',
  response_time: 173.72,
  level: 'http',
  message: 'incoming-request',
  timestamp: '2025-01-20 11:22:13.936 PM'
}
{
  method: 'POST',
  url: '/api/v1/auth/resend_email_token',
  status: 200,
  content_length: '107',
  response_time: 21.309,
  level: 'http',
  message: 'incoming-request',
  timestamp: '2025-01-20 11:22:13.994 PM'
}
{
  method: 'GET',
  url: '/api/v1/auth/verify/testemailtoken123/678ebe8545e7a82e1b7fad5b',
  status: 302,
  content_length: '34',
  response_time: 19.12,
  level: 'http',
  message: 'incoming-request',
  timestamp: '2025-01-20 11:22:14.031 PM'
}
{
  method: 'POST',
  url: '/api/v1/auth/register',
  status: 400,
  content_length: '89',
  response_time: 4.48,
  level: 'http',
  message: 'incoming-request',
  timestamp: '2025-01-20 11:22:14.051 PM'
}
{
  method: 'POST',
  url: '/api/v1/auth/register',
  status: 400,
  content_length: '89',
  response_time: 4.656,
  level: 'http',
  message: 'incoming-request',
  timestamp: '2025-01-20 11:22:14.067 PM'
}
{
  method: 'POST',
  url: '/api/v1/auth/register',
  status: 400,
  content_length: '106',
  response_time: 1.12,
  level: 'http',
  message: 'incoming-request',
  timestamp: '2025-01-20 11:22:14.082 PM'
}
{
  method: 'POST',
  url: '/api/v1/auth/register',
  status: 400,
  content_length: '106',
  response_time: 0.731,
  level: 'http',
  message: 'incoming-request',
  timestamp: '2025-01-20 11:22:14.094 PM'
}
{
  method: 'POST',
  url: '/api/v1/auth/register',
  status: 201,
  content_length: '267',
  response_time: 180.621,
  level: 'http',
  message: 'incoming-request',
  timestamp: '2025-01-20 11:24:55.296 PM'
}
{
  method: 'POST',
  url: '/api/v1/auth/resend_email_token',
  status: 200,
  content_length: '107',
  response_time: 20.269,
  level: 'http',
  message: 'incoming-request',
  timestamp: '2025-01-20 11:24:55.355 PM'
}
{
  method: 'GET',
  url: '/api/v1/auth/verify/testemailtoken123/678ebf2741b4c5b6c59fc6db',
  status: 302,
  content_length: '34',
  response_time: 19.916,
  level: 'http',
  message: 'incoming-request',
  timestamp: '2025-01-20 11:24:55.399 PM'
}
{
  method: 'POST',
  url: '/api/v1/auth/register',
  status: 400,
  content_length: '89',
  response_time: 4.561,
  level: 'http',
  message: 'incoming-request',
  timestamp: '2025-01-20 11:24:55.419 PM'
}
{
  method: 'POST',
  url: '/api/v1/auth/register',
  status: 400,
  content_length: '89',
  response_time: 4.62,
  level: 'http',
  message: 'incoming-request',
  timestamp: '2025-01-20 11:24:55.435 PM'
}
{
  method: 'POST',
  url: '/api/v1/auth/register',
  status: 400,
  content_length: '106',
  response_time: 1.198,
  level: 'http',
  message: 'incoming-request',
  timestamp: '2025-01-20 11:24:55.451 PM'
}
{
  method: 'POST',
  url: '/api/v1/auth/register',
  status: 400,
  content_length: '106',
  response_time: 0.758,
  level: 'http',
  message: 'incoming-request',
  timestamp: '2025-01-20 11:24:55.463 PM'
}
{
  method: 'POST',
  url: '/api/v1/auth/register',
  status: 201,
  content_length: '267',
  response_time: 177.423,
  level: 'http',
  message: 'incoming-request',
  timestamp: '2025-01-20 11:25:51.538 PM'
}
{
  method: 'POST',
  url: '/api/v1/auth/resend_email_token',
  status: 200,
  content_length: '107',
  response_time: 21.288,
  level: 'http',
  message: 'incoming-request',
  timestamp: '2025-01-20 11:25:51.589 PM'
}
{
  method: 'GET',
  url: '/api/v1/auth/verify/testemailtoken123/678ebf5f5278be7f4f9d7756',
  status: 302,
  content_length: '34',
  response_time: 21.202,
  level: 'http',
  message: 'incoming-request',
  timestamp: '2025-01-20 11:25:51.628 PM'
}
{
  method: 'POST',
  url: '/api/v1/auth/register',
  status: 400,
  content_length: '89',
  response_time: 4.905,
  level: 'http',
  message: 'incoming-request',
  timestamp: '2025-01-20 11:25:51.646 PM'
}
{
  method: 'POST',
  url: '/api/v1/auth/register',
  status: 400,
  content_length: '89',
  response_time: 4.68,
  level: 'http',
  message: 'incoming-request',
  timestamp: '2025-01-20 11:25:51.663 PM'
}
{
  method: 'POST',
  url: '/api/v1/auth/register',
  status: 400,
  content_length: '106',
  response_time: 1.146,
  level: 'http',
  message: 'incoming-request',
  timestamp: '2025-01-20 11:25:51.677 PM'
}
{
  method: 'POST',
  url: '/api/v1/auth/register',
  status: 400,
  content_length: '106',
  response_time: 0.743,
  level: 'http',
  message: 'incoming-request',
  timestamp: '2025-01-20 11:25:51.690 PM'
}
{
  method: 'POST',
  url: '/api/v1/auth/register',
  status: 201,
  content_length: '267',
  response_time: 173.469,
  level: 'http',
  message: 'incoming-request',
  timestamp: '2025-01-20 11:27:37.614 PM'
}
{
  method: 'POST',
  url: '/api/v1/auth/resend_email_token',
  status: 200,
  content_length: '107',
  response_time: 19.237,
  level: 'http',
  message: 'incoming-request',
  timestamp: '2025-01-20 11:27:37.665 PM'
}
{
  method: 'GET',
  url: '/api/v1/auth/verify/testemailtoken123/678ebfc9d6a292d2e22deceb',
  status: 302,
  content_length: '34',
  response_time: 19.582,
  level: 'http',
  message: 'incoming-request',
  timestamp: '2025-01-20 11:27:37.704 PM'
}
{
  method: 'POST',
  url: '/api/v1/auth/register',
  status: 400,
  content_length: '89',
  response_time: 4.891,
  level: 'http',
  message: 'incoming-request',
  timestamp: '2025-01-20 11:27:37.724 PM'
}
{
  method: 'POST',
  url: '/api/v1/auth/register',
  status: 400,
  content_length: '89',
  response_time: 4.756,
  level: 'http',
  message: 'incoming-request',
  timestamp: '2025-01-20 11:27:37.741 PM'
}
{
  method: 'POST',
  url: '/api/v1/auth/register',
  status: 400,
  content_length: '106',
  response_time: 1.144,
  level: 'http',
  message: 'incoming-request',
  timestamp: '2025-01-20 11:27:37.758 PM'
}
{
  method: 'POST',
  url: '/api/v1/auth/register',
  status: 400,
  content_length: '106',
  response_time: 0.699,
  level: 'http',
  message: 'incoming-request',
  timestamp: '2025-01-20 11:27:37.770 PM'
}
{
  method: 'POST',
  url: '/api/v1/auth/register',
  status: 201,
  content_length: '267',
  response_time: 178.974,
  level: 'http',
  message: 'incoming-request',
  timestamp: '2025-01-20 11:29:45.762 PM'
}
{
  method: 'POST',
  url: '/api/v1/auth/resend_email_token',
  status: 200,
  content_length: '107',
  response_time: 21.73,
  level: 'http',
  message: 'incoming-request',
  timestamp: '2025-01-20 11:29:45.814 PM'
}
{
  method: 'GET',
  url: '/api/v1/auth/verify/testemailtoken123/678ec049f0d8236ecb6e07f0',
  status: 302,
  content_length: '34',
  response_time: 20.746,
  level: 'http',
  message: 'incoming-request',
  timestamp: '2025-01-20 11:29:45.854 PM'
}
{
  method: 'POST',
  url: '/api/v1/auth/register',
  status: 400,
  content_length: '89',
  response_time: 5.195,
  level: 'http',
  message: 'incoming-request',
  timestamp: '2025-01-20 11:29:45.874 PM'
}
{
  method: 'POST',
  url: '/api/v1/auth/register',
  status: 400,
  content_length: '89',
  response_time: 6.508,
  level: 'http',
  message: 'incoming-request',
  timestamp: '2025-01-20 11:29:45.892 PM'
}
{
  method: 'POST',
  url: '/api/v1/auth/register',
  status: 400,
  content_length: '106',
  response_time: 1.155,
  level: 'http',
  message: 'incoming-request',
  timestamp: '2025-01-20 11:29:45.906 PM'
}
{
  method: 'POST',
  url: '/api/v1/auth/register',
  status: 400,
  content_length: '106',
  response_time: 1.036,
  level: 'http',
  message: 'incoming-request',
  timestamp: '2025-01-20 11:29:45.919 PM'
}
{
  method: 'POST',
  url: '/api/v1/auth/register',
  status: 201,
  content_length: '267',
  response_time: 207.075,
  level: 'http',
  message: 'incoming-request',
  timestamp: '2025-01-20 11:30:16.598 PM'
}
{
  method: 'POST',
  url: '/api/v1/auth/resend_email_token',
  status: 200,
  content_length: '107',
  response_time: 23.385,
  level: 'http',
  message: 'incoming-request',
  timestamp: '2025-01-20 11:30:16.665 PM'
}
{
  method: 'GET',
  url: '/api/v1/auth/verify/testemailtoken123/678ec06869aa58e6fb54fdd4',
  status: 302,
  content_length: '34',
  response_time: 21.036,
  level: 'http',
  message: 'incoming-request',
  timestamp: '2025-01-20 11:30:16.707 PM'
}
{
  method: 'POST',
  url: '/api/v1/auth/register',
  status: 400,
  content_length: '89',
  response_time: 5.002,
  level: 'http',
  message: 'incoming-request',
  timestamp: '2025-01-20 11:30:16.728 PM'
}
{
  method: 'POST',
  url: '/api/v1/auth/register',
  status: 400,
  content_length: '89',
  response_time: 4.827,
  level: 'http',
  message: 'incoming-request',
  timestamp: '2025-01-20 11:30:16.746 PM'
}
{
  method: 'POST',
  url: '/api/v1/auth/register',
  status: 400,
  content_length: '106',
  response_time: 1.367,
  level: 'http',
  message: 'incoming-request',
  timestamp: '2025-01-20 11:30:16.762 PM'
}
{
  method: 'POST',
  url: '/api/v1/auth/register',
  status: 400,
  content_length: '106',
  response_time: 0.802,
  level: 'http',
  message: 'incoming-request',
  timestamp: '2025-01-20 11:30:16.775 PM'
}
{
  method: 'POST',
  url: '/api/v1/auth/register',
  status: 201,
  content_length: '267',
  response_time: 169.846,
  level: 'http',
  message: 'incoming-request',
  timestamp: '2025-01-20 11:31:31.324 PM'
}
{
  method: 'POST',
  url: '/api/v1/auth/resend_email_token',
  status: 200,
  content_length: '107',
  response_time: 21.237,
  level: 'http',
  message: 'incoming-request',
  timestamp: '2025-01-20 11:31:31.374 PM'
}
{
  method: 'GET',
  url: '/api/v1/auth/verify/testemailtoken123/678ec0b35b5a8d36fc482bba',
  status: 302,
  content_length: '34',
  response_time: 19.969,
  level: 'http',
  message: 'incoming-request',
  timestamp: '2025-01-20 11:31:31.410 PM'
}
{
  method: 'POST',
  url: '/api/v1/auth/register',
  status: 400,
  content_length: '89',
  response_time: 4.342,
  level: 'http',
  message: 'incoming-request',
  timestamp: '2025-01-20 11:31:31.428 PM'
}
{
  method: 'POST',
  url: '/api/v1/auth/register',
  status: 400,
  content_length: '89',
  response_time: 4.33,
  level: 'http',
  message: 'incoming-request',
  timestamp: '2025-01-20 11:31:31.444 PM'
}
{
  method: 'POST',
  url: '/api/v1/auth/register',
  status: 400,
  content_length: '106',
  response_time: 1.075,
  level: 'http',
  message: 'incoming-request',
  timestamp: '2025-01-20 11:31:31.458 PM'
}
{
  method: 'POST',
  url: '/api/v1/auth/register',
  status: 400,
  content_length: '106',
  response_time: 0.704,
  level: 'http',
  message: 'incoming-request',
  timestamp: '2025-01-20 11:31:31.471 PM'
}
{
  method: 'POST',
  url: '/api/v1/auth/register',
  status: 201,
  content_length: '267',
  response_time: 178.267,
  level: 'http',
  message: 'incoming-request',
  timestamp: '2025-01-20 11:34:22.391 PM'
}
{
  method: 'GET',
  url: '/api/v1/auth/verify/testemailtoken123/678ec15e97f3272492cdd697',
  status: 302,
  content_length: '34',
  response_time: 22.867,
  level: 'http',
  message: 'incoming-request',
  timestamp: '2025-01-20 11:34:22.441 PM'
}
{
  method: 'POST',
  url: '/api/v1/auth/register',
  status: 400,
  content_length: '89',
  response_time: 7.716,
  level: 'http',
  message: 'incoming-request',
  timestamp: '2025-01-20 11:34:22.482 PM'
}
{
  method: 'POST',
  url: '/api/v1/auth/register',
  status: 400,
  content_length: '89',
  response_time: 7.771,
  level: 'http',
  message: 'incoming-request',
  timestamp: '2025-01-20 11:34:22.513 PM'
}
{
  method: 'POST',
  url: '/api/v1/auth/register',
  status: 400,
  content_length: '106',
  response_time: 1.806,
  level: 'http',
  message: 'incoming-request',
  timestamp: '2025-01-20 11:34:22.538 PM'
}
{
  method: 'POST',
  url: '/api/v1/auth/register',
  status: 400,
  content_length: '106',
  response_time: 1.278,
  level: 'http',
  message: 'incoming-request',
  timestamp: '2025-01-20 11:34:22.562 PM'
}
{
  method: 'POST',
  url: '/api/v1/auth/register',
  status: 201,
  content_length: '267',
  response_time: 174.762,
  level: 'http',
  message: 'incoming-request',
  timestamp: '2025-01-20 11:40:14.675 PM'
}
{
  method: 'POST',
  url: '/api/v1/auth/resend_email_token',
  status: 200,
  content_length: '107',
  response_time: 21.609,
  level: 'http',
  message: 'incoming-request',
  timestamp: '2025-01-20 11:40:14.726 PM'
}
{
  method: 'GET',
  url: '/api/v1/auth/verify/testemailtoken123/678ec2bed20c45dfe7405b78',
  status: 302,
  content_length: '34',
  response_time: 19.998,
  level: 'http',
  message: 'incoming-request',
  timestamp: '2025-01-20 11:40:14.765 PM'
}
{
  method: 'POST',
  url: '/api/v1/auth/register',
  status: 400,
  content_length: '89',
  response_time: 5.058,
  level: 'http',
  message: 'incoming-request',
  timestamp: '2025-01-20 11:40:14.784 PM'
}
{
  method: 'POST',
  url: '/api/v1/auth/register',
  status: 400,
  content_length: '89',
  response_time: 4.933,
  level: 'http',
  message: 'incoming-request',
  timestamp: '2025-01-20 11:40:14.802 PM'
}
{
  method: 'POST',
  url: '/api/v1/auth/register',
  status: 400,
  content_length: '106',
  response_time: 1.245,
  level: 'http',
  message: 'incoming-request',
  timestamp: '2025-01-20 11:40:14.817 PM'
}
{
  method: 'POST',
  url: '/api/v1/auth/register',
  status: 400,
  content_length: '106',
  response_time: 0.931,
  level: 'http',
  message: 'incoming-request',
  timestamp: '2025-01-20 11:40:14.830 PM'
}
{
  method: 'POST',
  url: '/api/v1/auth/register',
  status: 201,
  content_length: '267',
  response_time: 185.26,
  level: 'http',
  message: 'incoming-request',
  timestamp: '2025-01-20 11:41:13.973 PM'
}
{
  method: 'GET',
  url: '/api/v1/auth/verify/testemailtoken123/678ec2f98fcf5bc5e1d978f9',
  status: 302,
  content_length: '34',
  response_time: 24.279,
  level: 'http',
  message: 'incoming-request',
  timestamp: '2025-01-20 11:41:14.033 PM'
}
{
  method: 'POST',
  url: '/api/v1/auth/register',
  status: 400,
  content_length: '89',
  response_time: 9.914,
  level: 'http',
  message: 'incoming-request',
  timestamp: '2025-01-20 11:41:14.071 PM'
}
{
  method: 'POST',
  url: '/api/v1/auth/register',
  status: 400,
  content_length: '89',
  response_time: 8.566,
  level: 'http',
  message: 'incoming-request',
  timestamp: '2025-01-20 11:41:14.104 PM'
}
{
  method: 'POST',
  url: '/api/v1/auth/register',
  status: 400,
  content_length: '106',
  response_time: 2.223,
  level: 'http',
  message: 'incoming-request',
  timestamp: '2025-01-20 11:41:14.135 PM'
}
{
  method: 'POST',
  url: '/api/v1/auth/register',
  status: 400,
  content_length: '106',
  response_time: 1.538,
  level: 'http',
  message: 'incoming-request',
  timestamp: '2025-01-20 11:41:14.165 PM'
}
{
  method: 'POST',
  url: '/api/v1/auth/register',
  status: 201,
  content_length: '267',
  response_time: 172.926,
  level: 'http',
  message: 'incoming-request',
  timestamp: '2025-01-20 11:42:01.928 PM'
}
{
  method: 'GET',
  url: '/api/v1/auth/verify/testemailtoken123/678ec3298b813c671a35b820',
  status: 302,
  content_length: '34',
  response_time: 21.254,
  level: 'http',
  message: 'incoming-request',
  timestamp: '2025-01-20 11:42:01.981 PM'
}
{
  method: 'POST',
  url: '/api/v1/auth/register',
  status: 400,
  content_length: '89',
  response_time: 4.572,
  level: 'http',
  message: 'incoming-request',
  timestamp: '2025-01-20 11:42:02.001 PM'
}
{
  method: 'POST',
  url: '/api/v1/auth/register',
  status: 400,
  content_length: '89',
  response_time: 4.648,
  level: 'http',
  message: 'incoming-request',
  timestamp: '2025-01-20 11:42:02.017 PM'
}
{
  method: 'POST',
  url: '/api/v1/auth/register',
  status: 400,
  content_length: '106',
  response_time: 1.167,
  level: 'http',
  message: 'incoming-request',
  timestamp: '2025-01-20 11:42:02.032 PM'
}
{
  method: 'POST',
  url: '/api/v1/auth/register',
  status: 400,
  content_length: '106',
  response_time: 0.729,
  level: 'http',
  message: 'incoming-request',
  timestamp: '2025-01-20 11:42:02.043 PM'
}
{
  method: 'POST',
  url: '/api/v1/auth/register',
  status: 201,
  content_length: '267',
  response_time: 186.474,
  level: 'http',
  message: 'incoming-request',
  timestamp: '2025-01-20 11:51:41.781 PM'
}
{
  method: 'POST',
  url: '/api/v1/auth/resend_email_token',
  status: 200,
  content_length: '107',
  response_time: 18.2,
  level: 'http',
  message: 'incoming-request',
  timestamp: '2025-01-20 11:51:41.830 PM'
}
{
  method: 'GET',
  url: '/api/v1/auth/verify/testemailtoken123/678ec56d9ed1b196f5d1778f',
  status: 302,
  content_length: '34',
  response_time: 19.412,
  level: 'http',
  message: 'incoming-request',
  timestamp: '2025-01-20 11:51:41.868 PM'
}
{
  method: 'POST',
  url: '/api/v1/auth/register',
  status: 400,
  content_length: '89',
  response_time: 4.552,
  level: 'http',
  message: 'incoming-request',
  timestamp: '2025-01-20 11:51:41.887 PM'
}
{
  method: 'POST',
  url: '/api/v1/auth/register',
  status: 400,
  content_length: '89',
  response_time: 4.625,
  level: 'http',
  message: 'incoming-request',
  timestamp: '2025-01-20 11:51:41.903 PM'
}
{
  method: 'POST',
  url: '/api/v1/auth/register',
  status: 400,
  content_length: '106',
  response_time: 1.132,
  level: 'http',
  message: 'incoming-request',
  timestamp: '2025-01-20 11:51:41.919 PM'
}
{
  method: 'POST',
  url: '/api/v1/auth/register',
  status: 400,
  content_length: '106',
  response_time: 0.716,
  level: 'http',
  message: 'incoming-request',
  timestamp: '2025-01-20 11:51:41.931 PM'
}
{
  method: 'POST',
  url: '/api/v1/auth/register',
  status: 201,
  content_length: '267',
  response_time: 171.656,
  level: 'http',
  message: 'incoming-request',
  timestamp: '2025-01-20 11:52:17.199 PM'
}
{
  method: 'POST',
  url: '/api/v1/auth/resend_email_token',
  status: 200,
  content_length: '107',
  response_time: 19.172,
  level: 'http',
  message: 'incoming-request',
  timestamp: '2025-01-20 11:52:17.248 PM'
}
{
  method: 'GET',
  url: '/api/v1/auth/verify/testemailtoken123/678ec5915499e44d64c01ecf',
  status: 302,
  content_length: '34',
  response_time: 20.054,
  level: 'http',
  message: 'incoming-request',
  timestamp: '2025-01-20 11:52:17.287 PM'
}
{
  method: 'POST',
  url: '/api/v1/auth/register',
  status: 400,
  content_length: '89',
  response_time: 5.805,
  level: 'http',
  message: 'incoming-request',
  timestamp: '2025-01-20 11:52:17.308 PM'
}
{
  method: 'POST',
  url: '/api/v1/auth/register',
  status: 400,
  content_length: '89',
  response_time: 5.463,
  level: 'http',
  message: 'incoming-request',
  timestamp: '2025-01-20 11:52:17.325 PM'
}
{
  method: 'POST',
  url: '/api/v1/auth/register',
  status: 400,
  content_length: '106',
  response_time: 1.37,
  level: 'http',
  message: 'incoming-request',
  timestamp: '2025-01-20 11:52:17.341 PM'
}
{
  method: 'POST',
  url: '/api/v1/auth/register',
  status: 400,
  content_length: '106',
  response_time: 1.002,
  level: 'http',
  message: 'incoming-request',
  timestamp: '2025-01-20 11:52:17.354 PM'
}
{
  method: 'POST',
  url: '/api/v1/auth/register',
  status: 201,
  content_length: '267',
  response_time: 173.027,
  level: 'http',
  message: 'incoming-request',
  timestamp: '2025-01-20 11:53:31.451 PM'
}
{
  method: 'POST',
  url: '/api/v1/auth/resend_email_token',
  status: 200,
  content_length: '107',
  response_time: 20.125,
  level: 'http',
  message: 'incoming-request',
  timestamp: '2025-01-20 11:53:31.499 PM'
}
{
  method: 'GET',
  url: '/api/v1/auth/verify/testemailtoken123/678ec5db5f392eb136e06500',
  status: 302,
  content_length: '34',
  response_time: 19.845,
  level: 'http',
  message: 'incoming-request',
  timestamp: '2025-01-20 11:53:31.537 PM'
}
{
  method: 'POST',
  url: '/api/v1/auth/register',
  status: 400,
  content_length: '89',
  response_time: 4.566,
  level: 'http',
  message: 'incoming-request',
  timestamp: '2025-01-20 11:53:31.554 PM'
}
{
  method: 'POST',
  url: '/api/v1/auth/register',
  status: 400,
  content_length: '89',
  response_time: 4.585,
  level: 'http',
  message: 'incoming-request',
  timestamp: '2025-01-20 11:53:31.571 PM'
}
{
  method: 'POST',
  url: '/api/v1/auth/register',
  status: 400,
  content_length: '106',
  response_time: 1.124,
  level: 'http',
  message: 'incoming-request',
  timestamp: '2025-01-20 11:53:31.584 PM'
}
{
  method: 'POST',
  url: '/api/v1/auth/register',
  status: 400,
  content_length: '106',
  response_time: 0.754,
  level: 'http',
  message: 'incoming-request',
  timestamp: '2025-01-20 11:53:31.597 PM'
}
