{
  method: 'GET',
  url: '/api/v1/property/666720f01ed8af0105a0d444',
  status: 304,
  response_time: 59.483,
  level: 'http',
  message: 'incoming-request',
  timestamp: '2024-06-18 01:54:47.235 PM'
}
{
  method: 'GET',
  url: '/api/v1/property/all?page=0',
  status: 304,
  response_time: 110.757,
  level: 'http',
  message: 'incoming-request',
  timestamp: '2024-06-18 01:54:47.280 PM'
}
{
  method: 'GET',
  url: '/api/v1/property/666720f01ed8af0105a0d444',
  status: 304,
  response_time: 55.081,
  level: 'http',
  message: 'incoming-request',
  timestamp: '2024-06-18 01:54:51.041 PM'
}
{
  method: 'GET',
  url: '/api/v1/property/all?page=0',
  status: 304,
  response_time: 107.13,
  level: 'http',
  message: 'incoming-request',
  timestamp: '2024-06-18 01:54:51.092 PM'
}
{
  method: 'GET',
  url: '/api/v1/property/666720f01ed8af0105a0d444',
  status: 304,
  response_time: 54.794,
  level: 'http',
  message: 'incoming-request',
  timestamp: '2024-06-18 01:54:54.377 PM'
}
{
  method: 'GET',
  url: '/api/v1/property/all?page=0',
  status: 304,
  response_time: 120.459,
  level: 'http',
  message: 'incoming-request',
  timestamp: '2024-06-18 01:54:54.441 PM'
}
{
  method: 'GET',
  url: '/api/v1/property/666720f01ed8af0105a0d444',
  status: 304,
  response_time: 54.585,
  level: 'http',
  message: 'incoming-request',
  timestamp: '2024-06-18 01:55:27.539 PM'
}
{
  method: 'GET',
  url: '/api/v1/property/all?page=0',
  status: 304,
  response_time: 108.081,
  level: 'http',
  message: 'incoming-request',
  timestamp: '2024-06-18 01:55:27.590 PM'
}
{
  method: 'GET',
  url: '/api/v1/property/666720f01ed8af0105a0d444',
  status: 304,
  response_time: 53.833,
  level: 'http',
  message: 'incoming-request',
  timestamp: '2024-06-18 01:55:29.799 PM'
}
{
  method: 'GET',
  url: '/api/v1/property/all?page=0',
  status: 304,
  response_time: 106.55,
  level: 'http',
  message: 'incoming-request',
  timestamp: '2024-06-18 01:55:29.850 PM'
}
{
  method: 'GET',
  url: '/api/v1/property/666720f01ed8af0105a0d444',
  status: 304,
  response_time: 54.02,
  level: 'http',
  message: 'incoming-request',
  timestamp: '2024-06-18 02:03:46.485 PM'
}
{
  method: 'GET',
  url: '/api/v1/property/all?page=0',
  status: 304,
  response_time: 106.415,
  level: 'http',
  message: 'incoming-request',
  timestamp: '2024-06-18 02:03:46.536 PM'
}
{
  method: 'GET',
  url: '/api/v1/property/666720f01ed8af0105a0d444',
  status: 304,
  response_time: 53.253,
  level: 'http',
  message: 'incoming-request',
  timestamp: '2024-06-18 02:03:47.719 PM'
}
{
  method: 'GET',
  url: '/api/v1/property/all?page=0',
  status: 304,
  response_time: 110.503,
  level: 'http',
  message: 'incoming-request',
  timestamp: '2024-06-18 02:03:47.775 PM'
}
{
  method: 'GET',
  url: '/api/v1/property/666720f01ed8af0105a0d444',
  status: 304,
  response_time: 54.194,
  level: 'http',
  message: 'incoming-request',
  timestamp: '2024-06-18 02:03:50.501 PM'
}
{
  method: 'GET',
  url: '/api/v1/property/all?page=0',
  status: 304,
  response_time: 106.934,
  level: 'http',
  message: 'incoming-request',
  timestamp: '2024-06-18 02:03:50.552 PM'
}
{
  method: 'GET',
  url: '/api/v1/property/666720f01ed8af0105a0d444',
  status: 304,
  response_time: 54.148,
  level: 'http',
  message: 'incoming-request',
  timestamp: '2024-06-18 02:03:53.600 PM'
}
{
  method: 'GET',
  url: '/api/v1/property/all?page=0',
  status: 304,
  response_time: 108.88,
  level: 'http',
  message: 'incoming-request',
  timestamp: '2024-06-18 02:03:53.653 PM'
}
{
  method: 'GET',
  url: '/api/v1/property/666720f01ed8af0105a0d444',
  status: 304,
  response_time: 53.633,
  level: 'http',
  message: 'incoming-request',
  timestamp: '2024-06-18 02:04:05.831 PM'
}
{
  method: 'GET',
  url: '/api/v1/property/all?page=0',
  status: 304,
  response_time: 106.084,
  level: 'http',
  message: 'incoming-request',
  timestamp: '2024-06-18 02:04:05.881 PM'
}
{
  method: 'GET',
  url: '/api/v1/property/666720f01ed8af0105a0d444',
  status: 304,
  response_time: 53.909,
  level: 'http',
  message: 'incoming-request',
  timestamp: '2024-06-18 02:04:09.049 PM'
}
{
  method: 'GET',
  url: '/api/v1/property/all?page=0',
  status: 304,
  response_time: 106.419,
  level: 'http',
  message: 'incoming-request',
  timestamp: '2024-06-18 02:04:09.100 PM'
}
{
  method: 'GET',
  url: '/api/v1/property/666720f01ed8af0105a0d444',
  status: 304,
  response_time: 53.462,
  level: 'http',
  message: 'incoming-request',
  timestamp: '2024-06-18 02:08:38.467 PM'
}
{
  method: 'GET',
  url: '/api/v1/property/all?page=0',
  status: 304,
  response_time: 106.663,
  level: 'http',
  message: 'incoming-request',
  timestamp: '2024-06-18 02:08:38.519 PM'
}
{
  method: 'GET',
  url: '/api/v1/property/666720f01ed8af0105a0d444',
  status: 304,
  response_time: 56.653,
  level: 'http',
  message: 'incoming-request',
  timestamp: '2024-06-18 02:08:40.778 PM'
}
{
  method: 'GET',
  url: '/api/v1/property/all?page=0',
  status: 304,
  response_time: 105.95,
  level: 'http',
  message: 'incoming-request',
  timestamp: '2024-06-18 02:08:40.824 PM'
}
{
  method: 'GET',
  url: '/api/v1/property/666720f01ed8af0105a0d444',
  status: 304,
  response_time: 54.254,
  level: 'http',
  message: 'incoming-request',
  timestamp: '2024-06-18 02:08:43.027 PM'
}
{
  method: 'GET',
  url: '/api/v1/property/all?page=0',
  status: 304,
  response_time: 107.868,
  level: 'http',
  message: 'incoming-request',
  timestamp: '2024-06-18 02:08:43.079 PM'
}
{
  method: 'GET',
  url: '/api/v1/property/666720f01ed8af0105a0d444',
  status: 304,
  response_time: 59.249,
  level: 'http',
  message: 'incoming-request',
  timestamp: '2024-06-18 02:11:01.798 PM'
}
{
  method: 'GET',
  url: '/api/v1/property/all?page=0',
  status: 304,
  response_time: 109.01,
  level: 'http',
  message: 'incoming-request',
  timestamp: '2024-06-18 02:11:01.840 PM'
}
{
  method: 'GET',
  url: '/api/v1/property/666720f01ed8af0105a0d444',
  status: 304,
  response_time: 77.671,
  level: 'http',
  message: 'incoming-request',
  timestamp: '2024-06-18 02:11:07.043 PM'
}
{
  method: 'GET',
  url: '/api/v1/property/all?page=0',
  status: 304,
  response_time: 115.137,
  level: 'http',
  message: 'incoming-request',
  timestamp: '2024-06-18 02:11:07.079 PM'
}
{
  method: 'GET',
  url: '/api/v1/property/666720f01ed8af0105a0d444',
  status: 304,
  response_time: 52.477,
  level: 'http',
  message: 'incoming-request',
  timestamp: '2024-06-18 02:12:02.282 PM'
}
{
  method: 'GET',
  url: '/api/v1/property/all?page=0',
  status: 304,
  response_time: 102.837,
  level: 'http',
  message: 'incoming-request',
  timestamp: '2024-06-18 02:12:02.331 PM'
}
{
  method: 'GET',
  url: '/api/v1/property/666720f01ed8af0105a0d444',
  status: 200,
  content_length: '457',
  response_time: 53.118,
  level: 'http',
  message: 'incoming-request',
  timestamp: '2024-06-18 02:15:59.305 PM'
}
{
  method: 'GET',
  url: '/api/v1/property/all?page=0',
  status: 200,
  content_length: '917',
  response_time: 107.481,
  level: 'http',
  message: 'incoming-request',
  timestamp: '2024-06-18 02:15:59.358 PM'
}
{
  method: 'GET',
  url: '/api/v1/property/666720f01ed8af0105a0d444',
  status: 304,
  response_time: 58.079,
  level: 'http',
  message: 'incoming-request',
  timestamp: '2024-06-18 02:16:23.094 PM'
}
{
  method: 'GET',
  url: '/api/v1/property/all?page=0',
  status: 304,
  response_time: 110.286,
  level: 'http',
  message: 'incoming-request',
  timestamp: '2024-06-18 02:16:23.144 PM'
}
{
  method: 'GET',
  url: '/api/v1/property/666720f01ed8af0105a0d444',
  status: 304,
  response_time: 51.74,
  level: 'http',
  message: 'incoming-request',
  timestamp: '2024-06-18 02:16:29.541 PM'
}
{
  method: 'GET',
  url: '/api/v1/property/all?page=0',
  status: 304,
  response_time: 112.83,
  level: 'http',
  message: 'incoming-request',
  timestamp: '2024-06-18 02:16:29.604 PM'
}
{
  method: 'GET',
  url: '/api/v1/property/666720f01ed8af0105a0d444',
  status: 304,
  response_time: 52.82,
  level: 'http',
  message: 'incoming-request',
  timestamp: '2024-06-18 02:16:42.878 PM'
}
{
  method: 'GET',
  url: '/api/v1/property/all?page=0',
  status: 304,
  response_time: 103.856,
  level: 'http',
  message: 'incoming-request',
  timestamp: '2024-06-18 02:16:42.931 PM'
}
{
  method: 'GET',
  url: '/api/v1/property/666720f01ed8af0105a0d444',
  status: 304,
  response_time: 53.15,
  level: 'http',
  message: 'incoming-request',
  timestamp: '2024-06-18 02:16:52.249 PM'
}
{
  method: 'GET',
  url: '/api/v1/property/all?page=0',
  status: 304,
  response_time: 104.316,
  level: 'http',
  message: 'incoming-request',
  timestamp: '2024-06-18 02:16:52.299 PM'
}
{
  method: 'GET',
  url: '/api/v1/property/666720f01ed8af0105a0d444',
  status: 304,
  response_time: 52.62,
  level: 'http',
  message: 'incoming-request',
  timestamp: '2024-06-18 02:17:27.481 PM'
}
{
  method: 'GET',
  url: '/api/v1/property/all?page=0',
  status: 304,
  response_time: 104.918,
  level: 'http',
  message: 'incoming-request',
  timestamp: '2024-06-18 02:17:27.532 PM'
}
{
  method: 'GET',
  url: '/api/v1/property/666720f01ed8af0105a0d444',
  status: 304,
  response_time: 52.538,
  level: 'http',
  message: 'incoming-request',
  timestamp: '2024-06-18 02:17:29.545 PM'
}
{
  method: 'GET',
  url: '/api/v1/property/all?page=0',
  status: 304,
  response_time: 102.561,
  level: 'http',
  message: 'incoming-request',
  timestamp: '2024-06-18 02:17:29.594 PM'
}
{
  method: 'GET',
  url: '/api/v1/property/666720f01ed8af0105a0d444',
  status: 304,
  response_time: 52.529,
  level: 'http',
  message: 'incoming-request',
  timestamp: '2024-06-18 02:17:30.709 PM'
}
{
  method: 'GET',
  url: '/api/v1/property/all?page=0',
  status: 304,
  response_time: 117.771,
  level: 'http',
  message: 'incoming-request',
  timestamp: '2024-06-18 02:17:30.773 PM'
}
{
  method: 'GET',
  url: '/api/v1/property/666720f01ed8af0105a0d444',
  status: 304,
  response_time: 53.17,
  level: 'http',
  message: 'incoming-request',
  timestamp: '2024-06-18 02:17:32.376 PM'
}
{
  method: 'GET',
  url: '/api/v1/property/all?page=0',
  status: 304,
  response_time: 102.339,
  level: 'http',
  message: 'incoming-request',
  timestamp: '2024-06-18 02:17:32.424 PM'
}
{
  method: 'GET',
  url: '/api/v1/property/666720f01ed8af0105a0d444',
  status: 304,
  response_time: 62.523,
  level: 'http',
  message: 'incoming-request',
  timestamp: '2024-06-18 02:17:38.365 PM'
}
{
  method: 'GET',
  url: '/api/v1/property/all?page=0',
  status: 304,
  response_time: 110.609,
  level: 'http',
  message: 'incoming-request',
  timestamp: '2024-06-18 02:17:38.412 PM'
}
{
  method: 'GET',
  url: '/api/v1/property/666720f01ed8af0105a0d444',
  status: 304,
  response_time: 52.881,
  level: 'http',
  message: 'incoming-request',
  timestamp: '2024-06-18 02:17:40.050 PM'
}
{
  method: 'GET',
  url: '/api/v1/property/all?page=0',
  status: 304,
  response_time: 104.492,
  level: 'http',
  message: 'incoming-request',
  timestamp: '2024-06-18 02:17:40.101 PM'
}
{
  method: 'GET',
  url: '/api/v1/property/666720f01ed8af0105a0d444',
  status: 304,
  response_time: 52.258,
  level: 'http',
  message: 'incoming-request',
  timestamp: '2024-06-18 02:17:44.029 PM'
}
{
  method: 'GET',
  url: '/api/v1/property/all?page=0',
  status: 304,
  response_time: 102.359,
  level: 'http',
  message: 'incoming-request',
  timestamp: '2024-06-18 02:17:44.078 PM'
}
{
  method: 'GET',
  url: '/api/v1/property/666720f01ed8af0105a0d444',
  status: 304,
  response_time: 52.105,
  level: 'http',
  message: 'incoming-request',
  timestamp: '2024-06-18 02:17:46.208 PM'
}
{
  method: 'GET',
  url: '/api/v1/property/all?page=0',
  status: 304,
  response_time: 102.857,
  level: 'http',
  message: 'incoming-request',
  timestamp: '2024-06-18 02:17:46.258 PM'
}
{
  method: 'GET',
  url: '/api/v1/property/666720f01ed8af0105a0d444',
  status: 304,
  response_time: 53.259,
  level: 'http',
  message: 'incoming-request',
  timestamp: '2024-06-18 02:17:47.516 PM'
}
{
  method: 'GET',
  url: '/api/v1/property/all?page=0',
  status: 304,
  response_time: 102.03,
  level: 'http',
  message: 'incoming-request',
  timestamp: '2024-06-18 02:17:47.564 PM'
}
{
  method: 'GET',
  url: '/api/v1/property/666720f01ed8af0105a0d444',
  status: 304,
  response_time: 52.126,
  level: 'http',
  message: 'incoming-request',
  timestamp: '2024-06-18 02:17:51.566 PM'
}
{
  method: 'GET',
  url: '/api/v1/property/all?page=0',
  status: 304,
  response_time: 102.48,
  level: 'http',
  message: 'incoming-request',
  timestamp: '2024-06-18 02:17:51.616 PM'
}
{
  method: 'GET',
  url: '/api/v1/property/666720f01ed8af0105a0d444',
  status: 304,
  response_time: 61.228,
  level: 'http',
  message: 'incoming-request',
  timestamp: '2024-06-18 02:17:54.579 PM'
}
{
  method: 'GET',
  url: '/api/v1/property/all?page=0',
  status: 304,
  response_time: 117.558,
  level: 'http',
  message: 'incoming-request',
  timestamp: '2024-06-18 02:17:54.634 PM'
}
{
  method: 'GET',
  url: '/api/v1/property/666720f01ed8af0105a0d444',
  status: 304,
  response_time: 52.557,
  level: 'http',
  message: 'incoming-request',
  timestamp: '2024-06-18 02:17:57.169 PM'
}
{
  method: 'GET',
  url: '/api/v1/property/all?page=0',
  status: 304,
  response_time: 102.827,
  level: 'http',
  message: 'incoming-request',
  timestamp: '2024-06-18 02:17:57.218 PM'
}
{
  method: 'GET',
  url: '/api/v1/property/666720f01ed8af0105a0d444',
  status: 200,
  content_length: '457',
  response_time: 52.186,
  level: 'http',
  message: 'incoming-request',
  timestamp: '2024-06-18 02:19:55.269 PM'
}
{
  method: 'GET',
  url: '/api/v1/property/all?page=0',
  status: 200,
  content_length: '917',
  response_time: 102.688,
  level: 'http',
  message: 'incoming-request',
  timestamp: '2024-06-18 02:19:55.318 PM'
}
{
  method: 'GET',
  url: '/api/v1/property/666720f01ed8af0105a0d444',
  status: 304,
  response_time: 52.512,
  level: 'http',
  message: 'incoming-request',
  timestamp: '2024-06-18 02:20:00.042 PM'
}
{
  method: 'GET',
  url: '/api/v1/property/all?page=0',
  status: 304,
  response_time: 105.439,
  level: 'http',
  message: 'incoming-request',
  timestamp: '2024-06-18 02:20:00.094 PM'
}
{
  method: 'GET',
  url: '/api/v1/property/666720f01ed8af0105a0d444',
  status: 304,
  response_time: 70.47,
  level: 'http',
  message: 'incoming-request',
  timestamp: '2024-06-18 02:20:19.289 PM'
}
{
  method: 'GET',
  url: '/api/v1/property/all?page=0',
  status: 304,
  response_time: 104.139,
  level: 'http',
  message: 'incoming-request',
  timestamp: '2024-06-18 02:20:19.321 PM'
}
{
  method: 'GET',
  url: '/api/v1/property/666720f01ed8af0105a0d444',
  status: 304,
  response_time: 52.132,
  level: 'http',
  message: 'incoming-request',
  timestamp: '2024-06-18 02:20:21.331 PM'
}
{
  method: 'GET',
  url: '/api/v1/property/all?page=0',
  status: 304,
  response_time: 111.024,
  level: 'http',
  message: 'incoming-request',
  timestamp: '2024-06-18 02:20:21.388 PM'
}
{
  method: 'GET',
  url: '/api/v1/property/666720f01ed8af0105a0d444',
  status: 304,
  response_time: 52.239,
  level: 'http',
  message: 'incoming-request',
  timestamp: '2024-06-18 02:20:22.525 PM'
}
{
  method: 'GET',
  url: '/api/v1/property/all?page=0',
  status: 304,
  response_time: 102.811,
  level: 'http',
  message: 'incoming-request',
  timestamp: '2024-06-18 02:20:22.575 PM'
}
{
  method: 'GET',
  url: '/api/v1/property/666720f01ed8af0105a0d444',
  status: 304,
  response_time: 52.786,
  level: 'http',
  message: 'incoming-request',
  timestamp: '2024-06-18 02:20:28.957 PM'
}
{
  method: 'GET',
  url: '/api/v1/property/all?page=0',
  status: 304,
  response_time: 103.901,
  level: 'http',
  message: 'incoming-request',
  timestamp: '2024-06-18 02:20:29.006 PM'
}
{
  method: 'GET',
  url: '/api/v1/property/666720f01ed8af0105a0d444',
  status: 304,
  response_time: 51.602,
  level: 'http',
  message: 'incoming-request',
  timestamp: '2024-06-18 02:25:46.674 PM'
}
{
  method: 'GET',
  url: '/api/v1/property/all?page=0',
  status: 304,
  response_time: 105.423,
  level: 'http',
  message: 'incoming-request',
  timestamp: '2024-06-18 02:25:46.730 PM'
}
{
  method: 'GET',
  url: '/api/v1/property/666720f01ed8af0105a0d444',
  status: 304,
  response_time: 53.063,
  level: 'http',
  message: 'incoming-request',
  timestamp: '2024-06-18 02:25:54.890 PM'
}
{
  method: 'GET',
  url: '/api/v1/property/all?page=0',
  status: 304,
  response_time: 106.635,
  level: 'http',
  message: 'incoming-request',
  timestamp: '2024-06-18 02:25:54.941 PM'
}
{
  method: 'GET',
  url: '/api/v1/property/666720f01ed8af0105a0d444',
  status: 304,
  response_time: 52.534,
  level: 'http',
  message: 'incoming-request',
  timestamp: '2024-06-18 02:26:05.923 PM'
}
{
  method: 'GET',
  url: '/api/v1/property/all?page=0',
  status: 304,
  response_time: 102.982,
  level: 'http',
  message: 'incoming-request',
  timestamp: '2024-06-18 02:26:05.975 PM'
}
{
  method: 'GET',
  url: '/api/v1/property/666720f01ed8af0105a0d444',
  status: 304,
  response_time: 52.109,
  level: 'http',
  message: 'incoming-request',
  timestamp: '2024-06-18 02:26:31.494 PM'
}
{
  method: 'GET',
  url: '/api/v1/property/all?page=0',
  status: 304,
  response_time: 104.95,
  level: 'http',
  message: 'incoming-request',
  timestamp: '2024-06-18 02:26:31.546 PM'
}
{
  method: 'GET',
  url: '/api/v1/property/666720f01ed8af0105a0d444',
  status: 304,
  response_time: 51.891,
  level: 'http',
  message: 'incoming-request',
  timestamp: '2024-06-18 02:26:35.266 PM'
}
{
  method: 'GET',
  url: '/api/v1/property/all?page=0',
  status: 304,
  response_time: 102.124,
  level: 'http',
  message: 'incoming-request',
  timestamp: '2024-06-18 02:26:35.315 PM'
}
{
  method: 'GET',
  url: '/api/v1/property/666720f01ed8af0105a0d444',
  status: 304,
  response_time: 52.524,
  level: 'http',
  message: 'incoming-request',
  timestamp: '2024-06-18 02:26:46.702 PM'
}
{
  method: 'GET',
  url: '/api/v1/property/all?page=0',
  status: 304,
  response_time: 102.449,
  level: 'http',
  message: 'incoming-request',
  timestamp: '2024-06-18 02:26:46.751 PM'
}
{
  method: 'GET',
  url: '/api/v1/property/666720f01ed8af0105a0d444',
  status: 304,
  response_time: 52.193,
  level: 'http',
  message: 'incoming-request',
  timestamp: '2024-06-18 02:28:28.582 PM'
}
{
  method: 'GET',
  url: '/api/v1/property/all?page=0',
  status: 304,
  response_time: 102.683,
  level: 'http',
  message: 'incoming-request',
  timestamp: '2024-06-18 02:28:28.631 PM'
}
{
  method: 'GET',
  url: '/api/v1/property/666720f01ed8af0105a0d444',
  status: 304,
  response_time: 52.018,
  level: 'http',
  message: 'incoming-request',
  timestamp: '2024-06-18 02:28:37.051 PM'
}
{
  method: 'GET',
  url: '/api/v1/property/all?page=0',
  status: 304,
  response_time: 102.397,
  level: 'http',
  message: 'incoming-request',
  timestamp: '2024-06-18 02:28:37.100 PM'
}
{
  method: 'GET',
  url: '/api/v1/property/666720f01ed8af0105a0d444',
  status: 304,
  response_time: 52.063,
  level: 'http',
  message: 'incoming-request',
  timestamp: '2024-06-18 02:28:42.521 PM'
}
{
  method: 'GET',
  url: '/api/v1/property/all?page=0',
  status: 304,
  response_time: 104.11,
  level: 'http',
  message: 'incoming-request',
  timestamp: '2024-06-18 02:28:42.575 PM'
}
{
  method: 'GET',
  url: '/api/v1/property/666720f01ed8af0105a0d444',
  status: 304,
  response_time: 51.55,
  level: 'http',
  message: 'incoming-request',
  timestamp: '2024-06-18 02:28:56.484 PM'
}
{
  method: 'GET',
  url: '/api/v1/property/all?page=0',
  status: 304,
  response_time: 107.37,
  level: 'http',
  message: 'incoming-request',
  timestamp: '2024-06-18 02:28:56.539 PM'
}
{
  method: 'GET',
  url: '/api/v1/property/666720f01ed8af0105a0d444',
  status: 304,
  response_time: 52.37,
  level: 'http',
  message: 'incoming-request',
  timestamp: '2024-06-18 02:28:58.019 PM'
}
{
  method: 'GET',
  url: '/api/v1/property/all?page=0',
  status: 304,
  response_time: 104.831,
  level: 'http',
  message: 'incoming-request',
  timestamp: '2024-06-18 02:28:58.070 PM'
}
{
  method: 'GET',
  url: '/api/v1/property/666720f01ed8af0105a0d444',
  status: 304,
  response_time: 51.129,
  level: 'http',
  message: 'incoming-request',
  timestamp: '2024-06-18 02:29:02.700 PM'
}
{
  method: 'GET',
  url: '/api/v1/property/all?page=0',
  status: 304,
  response_time: 105.011,
  level: 'http',
  message: 'incoming-request',
  timestamp: '2024-06-18 02:29:02.753 PM'
}
{
  method: 'GET',
  url: '/api/v1/property/666720f01ed8af0105a0d444',
  status: 304,
  response_time: 54.317,
  level: 'http',
  message: 'incoming-request',
  timestamp: '2024-06-18 02:29:09.054 PM'
}
{
  method: 'GET',
  url: '/api/v1/property/all?page=0',
  status: 304,
  response_time: 105.695,
  level: 'http',
  message: 'incoming-request',
  timestamp: '2024-06-18 02:29:09.105 PM'
}
{
  method: 'GET',
  url: '/api/v1/property/666720f01ed8af0105a0d444',
  status: 304,
  response_time: 51.122,
  level: 'http',
  message: 'incoming-request',
  timestamp: '2024-06-18 02:29:15.367 PM'
}
{
  method: 'GET',
  url: '/api/v1/property/all?page=0',
  status: 304,
  response_time: 104.902,
  level: 'http',
  message: 'incoming-request',
  timestamp: '2024-06-18 02:29:15.420 PM'
}
{
  method: 'GET',
  url: '/api/v1/property/666720f01ed8af0105a0d444',
  status: 304,
  response_time: 51.46,
  level: 'http',
  message: 'incoming-request',
  timestamp: '2024-06-18 02:29:19.310 PM'
}
{
  method: 'GET',
  url: '/api/v1/property/all?page=0',
  status: 304,
  response_time: 105.408,
  level: 'http',
  message: 'incoming-request',
  timestamp: '2024-06-18 02:29:19.363 PM'
}
{
  method: 'GET',
  url: '/api/v1/property/666720f01ed8af0105a0d444',
  status: 304,
  response_time: 51.931,
  level: 'http',
  message: 'incoming-request',
  timestamp: '2024-06-18 02:29:25.779 PM'
}
{
  method: 'GET',
  url: '/api/v1/property/all?page=0',
  status: 304,
  response_time: 104.54,
  level: 'http',
  message: 'incoming-request',
  timestamp: '2024-06-18 02:29:25.831 PM'
}
{
  method: 'GET',
  url: '/api/v1/property/666720f01ed8af0105a0d444',
  status: 304,
  response_time: 52.162,
  level: 'http',
  message: 'incoming-request',
  timestamp: '2024-06-18 02:29:31.100 PM'
}
{
  method: 'GET',
  url: '/api/v1/property/all?page=0',
  status: 304,
  response_time: 104.173,
  level: 'http',
  message: 'incoming-request',
  timestamp: '2024-06-18 02:29:31.152 PM'
}
{
  method: 'GET',
  url: '/api/v1/property/666720f01ed8af0105a0d444',
  status: 304,
  response_time: 52.086,
  level: 'http',
  message: 'incoming-request',
  timestamp: '2024-06-18 02:29:33.659 PM'
}
{
  method: 'GET',
  url: '/api/v1/property/all?page=0',
  status: 304,
  response_time: 111.915,
  level: 'http',
  message: 'incoming-request',
  timestamp: '2024-06-18 02:29:33.714 PM'
}
{
  method: 'GET',
  url: '/api/v1/property/666720f01ed8af0105a0d444',
  status: 304,
  response_time: 66.707,
  level: 'http',
  message: 'incoming-request',
  timestamp: '2024-06-18 02:29:38.283 PM'
}
{
  method: 'GET',
  url: '/api/v1/property/all?page=0',
  status: 304,
  response_time: 104.546,
  level: 'http',
  message: 'incoming-request',
  timestamp: '2024-06-18 02:29:38.320 PM'
}
{
  method: 'GET',
  url: '/api/v1/property/666720f01ed8af0105a0d444',
  status: 304,
  response_time: 51.225,
  level: 'http',
  message: 'incoming-request',
  timestamp: '2024-06-18 02:29:40.447 PM'
}
{
  method: 'GET',
  url: '/api/v1/property/all?page=0',
  status: 304,
  response_time: 105.628,
  level: 'http',
  message: 'incoming-request',
  timestamp: '2024-06-18 02:29:40.500 PM'
}
{
  method: 'GET',
  url: '/api/v1/property/666720f01ed8af0105a0d444',
  status: 304,
  response_time: 52.125,
  level: 'http',
  message: 'incoming-request',
  timestamp: '2024-06-18 02:33:43.131 PM'
}
{
  method: 'GET',
  url: '/api/v1/property/all?page=0',
  status: 304,
  response_time: 104.38,
  level: 'http',
  message: 'incoming-request',
  timestamp: '2024-06-18 02:33:43.182 PM'
}
{
  method: 'GET',
  url: '/api/v1/property/666720f01ed8af0105a0d444',
  status: 304,
  response_time: 51.185,
  level: 'http',
  message: 'incoming-request',
  timestamp: '2024-06-18 02:33:44.694 PM'
}
{
  method: 'GET',
  url: '/api/v1/property/all?page=0',
  status: 304,
  response_time: 107.504,
  level: 'http',
  message: 'incoming-request',
  timestamp: '2024-06-18 02:33:44.749 PM'
}
{
  method: 'GET',
  url: '/api/v1/property/666720f01ed8af0105a0d444',
  status: 304,
  response_time: 53.458,
  level: 'http',
  message: 'incoming-request',
  timestamp: '2024-06-18 02:33:48.616 PM'
}
{
  method: 'GET',
  url: '/api/v1/property/all?page=0',
  status: 304,
  response_time: 107.505,
  level: 'http',
  message: 'incoming-request',
  timestamp: '2024-06-18 02:33:48.669 PM'
}
{
  method: 'GET',
  url: '/api/v1/property/666720f01ed8af0105a0d444',
  status: 304,
  response_time: 51.014,
  level: 'http',
  message: 'incoming-request',
  timestamp: '2024-06-18 02:33:50.260 PM'
}
{
  method: 'GET',
  url: '/api/v1/property/all?page=0',
  status: 304,
  response_time: 105.438,
  level: 'http',
  message: 'incoming-request',
  timestamp: '2024-06-18 02:33:50.314 PM'
}
{
  method: 'GET',
  url: '/api/v1/property/666720f01ed8af0105a0d444',
  status: 304,
  response_time: 51.23,
  level: 'http',
  message: 'incoming-request',
  timestamp: '2024-06-18 02:34:09.291 PM'
}
{
  method: 'GET',
  url: '/api/v1/property/all?page=0',
  status: 304,
  response_time: 105.889,
  level: 'http',
  message: 'incoming-request',
  timestamp: '2024-06-18 02:34:09.345 PM'
}
{
  method: 'GET',
  url: '/api/v1/property/666720f01ed8af0105a0d444',
  status: 304,
  response_time: 52.474,
  level: 'http',
  message: 'incoming-request',
  timestamp: '2024-06-18 02:34:21.072 PM'
}
{
  method: 'GET',
  url: '/api/v1/property/all?page=0',
  status: 304,
  response_time: 104.011,
  level: 'http',
  message: 'incoming-request',
  timestamp: '2024-06-18 02:34:21.123 PM'
}
{
  method: 'GET',
  url: '/api/v1/property/666720f01ed8af0105a0d444',
  status: 304,
  response_time: 51.086,
  level: 'http',
  message: 'incoming-request',
  timestamp: '2024-06-18 02:34:30.280 PM'
}
{
  method: 'GET',
  url: '/api/v1/property/all?page=0',
  status: 304,
  response_time: 104.83,
  level: 'http',
  message: 'incoming-request',
  timestamp: '2024-06-18 02:34:30.333 PM'
}
{
  method: 'GET',
  url: '/api/v1/property/666720f01ed8af0105a0d444',
  status: 304,
  response_time: 52.764,
  level: 'http',
  message: 'incoming-request',
  timestamp: '2024-06-18 02:34:44.330 PM'
}
{
  method: 'GET',
  url: '/api/v1/property/all?page=0',
  status: 304,
  response_time: 101.779,
  level: 'http',
  message: 'incoming-request',
  timestamp: '2024-06-18 02:34:44.380 PM'
}
{
  method: 'GET',
  url: '/api/v1/property/666720f01ed8af0105a0d444',
  status: 304,
  response_time: 52.91,
  level: 'http',
  message: 'incoming-request',
  timestamp: '2024-06-18 02:34:53.060 PM'
}
{
  method: 'GET',
  url: '/api/v1/property/all?page=0',
  status: 304,
  response_time: 104.049,
  level: 'http',
  message: 'incoming-request',
  timestamp: '2024-06-18 02:34:53.111 PM'
}
{
  method: 'GET',
  url: '/api/v1/property/666720f01ed8af0105a0d444',
  status: 304,
  response_time: 52.396,
  level: 'http',
  message: 'incoming-request',
  timestamp: '2024-06-18 02:34:57.968 PM'
}
{
  method: 'GET',
  url: '/api/v1/property/all?page=0',
  status: 304,
  response_time: 103.914,
  level: 'http',
  message: 'incoming-request',
  timestamp: '2024-06-18 02:34:58.019 PM'
}
{
  method: 'GET',
  url: '/api/v1/property/666720f01ed8af0105a0d444',
  status: 304,
  response_time: 51.891,
  level: 'http',
  message: 'incoming-request',
  timestamp: '2024-06-18 02:34:59.231 PM'
}
{
  method: 'GET',
  url: '/api/v1/property/all?page=0',
  status: 304,
  response_time: 102.3,
  level: 'http',
  message: 'incoming-request',
  timestamp: '2024-06-18 02:34:59.280 PM'
}
{
  method: 'GET',
  url: '/api/v1/property/666720f01ed8af0105a0d444',
  status: 304,
  response_time: 52.755,
  level: 'http',
  message: 'incoming-request',
  timestamp: '2024-06-18 02:35:01.172 PM'
}
{
  method: 'GET',
  url: '/api/v1/property/all?page=0',
  status: 304,
  response_time: 108.074,
  level: 'http',
  message: 'incoming-request',
  timestamp: '2024-06-18 02:35:01.227 PM'
}
{
  method: 'GET',
  url: '/api/v1/property/666720f01ed8af0105a0d444',
  status: 304,
  response_time: 52.356,
  level: 'http',
  message: 'incoming-request',
  timestamp: '2024-06-18 02:41:49.889 PM'
}
{
  method: 'GET',
  url: '/api/v1/property/all?page=0',
  status: 304,
  response_time: 113.654,
  level: 'http',
  message: 'incoming-request',
  timestamp: '2024-06-18 02:41:49.949 PM'
}
{
  method: 'GET',
  url: '/api/v1/property/666720f01ed8af0105a0d444',
  status: 304,
  response_time: 51.193,
  level: 'http',
  message: 'incoming-request',
  timestamp: '2024-06-18 02:42:23.130 PM'
}
{
  method: 'GET',
  url: '/api/v1/property/all?page=0',
  status: 304,
  response_time: 106.806,
  level: 'http',
  message: 'incoming-request',
  timestamp: '2024-06-18 02:42:23.186 PM'
}
{
  method: 'GET',
  url: '/api/v1/property/666720f01ed8af0105a0d444',
  status: 304,
  response_time: 57.466,
  level: 'http',
  message: 'incoming-request',
  timestamp: '2024-06-18 02:45:49.755 PM'
}
{
  method: 'GET',
  url: '/api/v1/property/all?page=0',
  status: 304,
  response_time: 119.23,
  level: 'http',
  message: 'incoming-request',
  timestamp: '2024-06-18 02:45:49.815 PM'
}
{
  method: 'GET',
  url: '/api/v1/property/666720f01ed8af0105a0d444',
  status: 304,
  response_time: 51.877,
  level: 'http',
  message: 'incoming-request',
  timestamp: '2024-06-18 02:45:55.509 PM'
}
{
  method: 'GET',
  url: '/api/v1/property/all?page=0',
  status: 304,
  response_time: 104.194,
  level: 'http',
  message: 'incoming-request',
  timestamp: '2024-06-18 02:45:55.560 PM'
}
{
  method: 'GET',
  url: '/api/v1/property/666720f01ed8af0105a0d444',
  status: 304,
  response_time: 53.636,
  level: 'http',
  message: 'incoming-request',
  timestamp: '2024-06-18 02:46:08.374 PM'
}
{
  method: 'GET',
  url: '/api/v1/property/all?page=0',
  status: 304,
  response_time: 102.567,
  level: 'http',
  message: 'incoming-request',
  timestamp: '2024-06-18 02:46:08.424 PM'
}
{
  method: 'GET',
  url: '/api/v1/property/666720f01ed8af0105a0d444',
  status: 304,
  response_time: 52.192,
  level: 'http',
  message: 'incoming-request',
  timestamp: '2024-06-18 02:48:44.396 PM'
}
{
  method: 'GET',
  url: '/api/v1/property/all?page=0',
  status: 304,
  response_time: 104.708,
  level: 'http',
  message: 'incoming-request',
  timestamp: '2024-06-18 02:48:44.448 PM'
}
{
  method: 'GET',
  url: '/api/v1/property/666720f01ed8af0105a0d444',
  status: 304,
  response_time: 51.881,
  level: 'http',
  message: 'incoming-request',
  timestamp: '2024-06-18 02:49:08.632 PM'
}
{
  method: 'GET',
  url: '/api/v1/property/all?page=0',
  status: 304,
  response_time: 101.777,
  level: 'http',
  message: 'incoming-request',
  timestamp: '2024-06-18 02:49:08.681 PM'
}
{
  method: 'GET',
  url: '/api/v1/property/666720f01ed8af0105a0d444',
  status: 304,
  response_time: 54.727,
  level: 'http',
  message: 'incoming-request',
  timestamp: '2024-06-18 02:49:31.653 PM'
}
{
  method: 'GET',
  url: '/api/v1/property/all?page=0',
  status: 304,
  response_time: 102.311,
  level: 'http',
  message: 'incoming-request',
  timestamp: '2024-06-18 02:49:31.700 PM'
}
{
  method: 'GET',
  url: '/api/v1/property/666720f01ed8af0105a0d444',
  status: 304,
  response_time: 54.58,
  level: 'http',
  message: 'incoming-request',
  timestamp: '2024-06-18 02:49:41.606 PM'
}
{
  method: 'GET',
  url: '/api/v1/property/all?page=0',
  status: 304,
  response_time: 102.017,
  level: 'http',
  message: 'incoming-request',
  timestamp: '2024-06-18 02:49:41.653 PM'
}
{
  method: 'GET',
  url: '/api/v1/property/666720f01ed8af0105a0d444',
  status: 200,
  content_length: '457',
  response_time: 60.164,
  level: 'http',
  message: 'incoming-request',
  timestamp: '2024-06-18 07:36:22.441 PM'
}
{
  method: 'GET',
  url: '/api/v1/property/all?page=0',
  status: 200,
  content_length: '917',
  response_time: 105.438,
  level: 'http',
  message: 'incoming-request',
  timestamp: '2024-06-18 07:36:22.479 PM'
}
{
  message: 'email not sent: Error: getaddrinfo ENOTFOUND mailhog',
  level: 'error',
  timestamp: '2024-06-18 09:19:00.052 PM'
}
{
  method: 'POST',
  url: '/api/v1/auth/register',
  status: 200,
  content_length: '153',
  response_time: 2590.745,
  level: 'http',
  message: 'incoming-request',
  timestamp: '2024-06-18 09:19:00.053 PM'
}
{
  method: 'POST',
  url: '/api/v1/auth/register',
  status: 200,
  content_length: '151',
  response_time: 387.948,
  level: 'http',
  message: 'incoming-request',
  timestamp: '2024-06-18 09:21:35.248 PM'
}
{
  method: 'POST',
  url: '/api/v1/auth/register',
  status: 400,
  content_length: '403',
  response_time: 53.316,
  level: 'http',
  message: 'incoming-request',
  timestamp: '2024-06-18 09:21:41.284 PM'
}
{
  method: 'GET',
  url: '/api/v1/property/666720f01ed8af0105a0d444',
  status: 200,
  content_length: '457',
  response_time: 59.867,
  level: 'http',
  message: 'incoming-request',
  timestamp: '2024-06-18 10:32:32.025 PM'
}
{
  method: 'GET',
  url: '/api/v1/property/all?page=0',
  status: 200,
  content_length: '917',
  response_time: 107.363,
  level: 'http',
  message: 'incoming-request',
  timestamp: '2024-06-18 10:32:32.065 PM'
}
{
  method: 'GET',
  url: '/api/v1/property/666720f01ed8af0105a0d444',
  status: 304,
  response_time: 54.525,
  level: 'http',
  message: 'incoming-request',
  timestamp: '2024-06-18 10:32:35.758 PM'
}
{
  method: 'GET',
  url: '/api/v1/property/all?page=0',
  status: 304,
  response_time: 99.752,
  level: 'http',
  message: 'incoming-request',
  timestamp: '2024-06-18 10:32:35.802 PM'
}
{
  method: 'GET',
  url: '/api/v1/property/666720f01ed8af0105a0d444',
  status: 304,
  response_time: 52.131,
  level: 'http',
  message: 'incoming-request',
  timestamp: '2024-06-18 10:35:32.314 PM'
}
{
  method: 'GET',
  url: '/api/v1/property/all?page=0',
  status: 304,
  response_time: 100.548,
  level: 'http',
  message: 'incoming-request',
  timestamp: '2024-06-18 10:35:32.362 PM'
}
{
  method: 'GET',
  url: '/api/v1/property/666720f01ed8af0105a0d444',
  status: 304,
  response_time: 52.159,
  level: 'http',
  message: 'incoming-request',
  timestamp: '2024-06-18 10:35:35.347 PM'
}
{
  method: 'GET',
  url: '/api/v1/property/all?page=0',
  status: 304,
  response_time: 99.457,
  level: 'http',
  message: 'incoming-request',
  timestamp: '2024-06-18 10:35:35.392 PM'
}
{
  method: 'GET',
  url: '/api/v1/property/666720f01ed8af0105a0d444',
  status: 304,
  response_time: 53.167,
  level: 'http',
  message: 'incoming-request',
  timestamp: '2024-06-18 10:35:44.404 PM'
}
{
  method: 'GET',
  url: '/api/v1/property/all?page=0',
  status: 304,
  response_time: 102.217,
  level: 'http',
  message: 'incoming-request',
  timestamp: '2024-06-18 10:35:44.450 PM'
}
{
  method: 'GET',
  url: '/api/v1/property/666720f01ed8af0105a0d444',
  status: 304,
  response_time: 59.242,
  level: 'http',
  message: 'incoming-request',
  timestamp: '2024-06-18 10:36:06.380 PM'
}
{
  method: 'GET',
  url: '/api/v1/property/all?page=0',
  status: 304,
  response_time: 106.667,
  level: 'http',
  message: 'incoming-request',
  timestamp: '2024-06-18 10:36:06.419 PM'
}
{
  method: 'GET',
  url: '/api/v1/property/666720f01ed8af0105a0d444',
  status: 304,
  response_time: 73.24,
  level: 'http',
  message: 'incoming-request',
  timestamp: '2024-06-18 10:39:03.380 PM'
}
{
  method: 'GET',
  url: '/api/v1/property/all?page=0',
  status: 304,
  response_time: 124.849,
  level: 'http',
  message: 'incoming-request',
  timestamp: '2024-06-18 10:39:03.430 PM'
}
{
  method: 'GET',
  url: '/api/v1/property/666720f01ed8af0105a0d444',
  status: 200,
  content_length: '457',
  response_time: 51.236,
  level: 'http',
  message: 'incoming-request',
  timestamp: '2024-06-18 10:39:03.495 PM'
}
{
  method: 'GET',
  url: '/api/v1/property/all?page=0',
  status: 200,
  content_length: '917',
  response_time: 106.728,
  level: 'http',
  message: 'incoming-request',
  timestamp: '2024-06-18 10:39:03.516 PM'
}
{
  method: 'GET',
  url: '/api/v1/property/666720f01ed8af0105a0d444',
  status: 304,
  response_time: 52.801,
  level: 'http',
  message: 'incoming-request',
  timestamp: '2024-06-18 10:39:03.604 PM'
}
{
  method: 'GET',
  url: '/api/v1/property/all?page=0',
  status: 304,
  response_time: 104.695,
  level: 'http',
  message: 'incoming-request',
  timestamp: '2024-06-18 10:39:03.655 PM'
}
{
  method: 'GET',
  url: '/api/v1/property/666720f01ed8af0105a0d444',
  status: 200,
  content_length: '457',
  response_time: 51.467,
  level: 'http',
  message: 'incoming-request',
  timestamp: '2024-06-18 10:39:07.351 PM'
}
{
  method: 'GET',
  url: '/api/v1/property/all?page=0',
  status: 200,
  content_length: '917',
  response_time: 104.683,
  level: 'http',
  message: 'incoming-request',
  timestamp: '2024-06-18 10:39:07.373 PM'
}
{
  method: 'GET',
  url: '/api/v1/property/666720f01ed8af0105a0d444',
  status: 304,
  response_time: 53.57,
  level: 'http',
  message: 'incoming-request',
  timestamp: '2024-06-18 10:39:07.490 PM'
}
{
  method: 'GET',
  url: '/api/v1/property/all?page=0',
  status: 304,
  response_time: 109.422,
  level: 'http',
  message: 'incoming-request',
  timestamp: '2024-06-18 10:39:07.544 PM'
}
{
  method: 'GET',
  url: '/api/v1/property/666720f01ed8af0105a0d444',
  status: 304,
  response_time: 53.628,
  level: 'http',
  message: 'incoming-request',
  timestamp: '2024-06-18 10:39:07.545 PM'
}
{
  method: 'GET',
  url: '/api/v1/property/all?page=0',
  status: 304,
  response_time: 100.921,
  level: 'http',
  message: 'incoming-request',
  timestamp: '2024-06-18 10:39:07.650 PM'
}
{
  method: 'GET',
  url: '/api/v1/property/666720f01ed8af0105a0d444',
  status: 304,
  response_time: 52.608,
  level: 'http',
  message: 'incoming-request',
  timestamp: '2024-06-18 10:39:09.276 PM'
}
{
  method: 'GET',
  url: '/api/v1/property/all?page=0',
  status: 304,
  response_time: 102.18,
  level: 'http',
  message: 'incoming-request',
  timestamp: '2024-06-18 10:39:09.324 PM'
}
{
  method: 'GET',
  url: '/api/v1/property/666720f01ed8af0105a0d444',
  status: 304,
  response_time: 52.532,
  level: 'http',
  message: 'incoming-request',
  timestamp: '2024-06-18 10:39:09.355 PM'
}
{
  method: 'GET',
  url: '/api/v1/property/all?page=0',
  status: 304,
  response_time: 107.342,
  level: 'http',
  message: 'incoming-request',
  timestamp: '2024-06-18 10:39:09.434 PM'
}
{
  method: 'GET',
  url: '/api/v1/property/666720f01ed8af0105a0d444',
  status: 200,
  content_length: '457',
  response_time: 54.913,
  level: 'http',
  message: 'incoming-request',
  timestamp: '2024-06-18 10:39:09.498 PM'
}
{
  method: 'GET',
  url: '/api/v1/property/all?page=0',
  status: 200,
  content_length: '917',
  response_time: 103.895,
  level: 'http',
  message: 'incoming-request',
  timestamp: '2024-06-18 10:39:09.545 PM'
}
{
  method: 'GET',
  url: '/api/v1/property/666720f01ed8af0105a0d444',
  status: 304,
  response_time: 52.352,
  level: 'http',
  message: 'incoming-request',
  timestamp: '2024-06-18 10:39:10.696 PM'
}
{
  method: 'GET',
  url: '/api/v1/property/all?page=0',
  status: 304,
  response_time: 101.467,
  level: 'http',
  message: 'incoming-request',
  timestamp: '2024-06-18 10:39:10.743 PM'
}
{
  method: 'GET',
  url: '/api/v1/property/666720f01ed8af0105a0d444',
  status: 200,
  content_length: '457',
  response_time: 51.678,
  level: 'http',
  message: 'incoming-request',
  timestamp: '2024-06-18 10:39:10.891 PM'
}
{
  method: 'GET',
  url: '/api/v1/property/all?page=0',
  status: 200,
  content_length: '917',
  response_time: 100.479,
  level: 'http',
  message: 'incoming-request',
  timestamp: '2024-06-18 10:39:10.938 PM'
}
{
  method: 'GET',
  url: '/api/v1/property/666720f01ed8af0105a0d444',
  status: 200,
  content_length: '457',
  response_time: 60.733,
  level: 'http',
  message: 'incoming-request',
  timestamp: '2024-06-18 10:39:16.635 PM'
}
{
  method: 'GET',
  url: '/api/v1/property/all?page=0',
  status: 200,
  content_length: '917',
  response_time: 112.3,
  level: 'http',
  message: 'incoming-request',
  timestamp: '2024-06-18 10:39:16.685 PM'
}
{
  method: 'GET',
  url: '/api/v1/property/666720f01ed8af0105a0d444',
  status: 304,
  response_time: 53.16,
  level: 'http',
  message: 'incoming-request',
  timestamp: '2024-06-18 10:39:16.756 PM'
}
{
  method: 'GET',
  url: '/api/v1/property/all?page=0',
  status: 304,
  response_time: 100.798,
  level: 'http',
  message: 'incoming-request',
  timestamp: '2024-06-18 10:39:16.802 PM'
}
{
  method: 'GET',
  url: '/api/v1/property/666720f01ed8af0105a0d444',
  status: 200,
  content_length: '457',
  response_time: 53.369,
  level: 'http',
  message: 'incoming-request',
  timestamp: '2024-06-18 10:39:56.260 PM'
}
{
  method: 'GET',
  url: '/api/v1/property/all?page=0',
  status: 200,
  content_length: '917',
  response_time: 105.433,
  level: 'http',
  message: 'incoming-request',
  timestamp: '2024-06-18 10:39:56.311 PM'
}
{
  method: 'GET',
  url: '/api/v1/property/666720f01ed8af0105a0d444',
  status: 304,
  response_time: 51.52,
  level: 'http',
  message: 'incoming-request',
  timestamp: '2024-06-18 10:39:56.372 PM'
}
{
  method: 'GET',
  url: '/api/v1/property/all?page=0',
  status: 304,
  response_time: 100.241,
  level: 'http',
  message: 'incoming-request',
  timestamp: '2024-06-18 10:39:56.420 PM'
}
{
  method: 'GET',
  url: '/api/v1/property/666720f01ed8af0105a0d444',
  status: 304,
  response_time: 53.455,
  level: 'http',
  message: 'incoming-request',
  timestamp: '2024-06-18 10:42:28.095 PM'
}
{
  method: 'GET',
  url: '/api/v1/property/all?page=0',
  status: 304,
  response_time: 102.132,
  level: 'http',
  message: 'incoming-request',
  timestamp: '2024-06-18 10:42:28.142 PM'
}
{
  method: 'GET',
  url: '/api/v1/property/666720f01ed8af0105a0d444',
  status: 200,
  content_length: '457',
  response_time: 52.636,
  level: 'http',
  message: 'incoming-request',
  timestamp: '2024-06-18 10:42:29.567 PM'
}
{
  method: 'GET',
  url: '/api/v1/property/all?page=0',
  status: 200,
  content_length: '917',
  response_time: 101.844,
  level: 'http',
  message: 'incoming-request',
  timestamp: '2024-06-18 10:42:29.615 PM'
}
{
  method: 'GET',
  url: '/api/v1/property/666720f01ed8af0105a0d444',
  status: 304,
  response_time: 51.816,
  level: 'http',
  message: 'incoming-request',
  timestamp: '2024-06-18 10:42:39.878 PM'
}
{
  method: 'GET',
  url: '/api/v1/property/all?page=0',
  status: 304,
  response_time: 100.996,
  level: 'http',
  message: 'incoming-request',
  timestamp: '2024-06-18 10:42:39.927 PM'
}
{
  method: 'GET',
  url: '/api/v1/property/666720f01ed8af0105a0d444',
  status: 304,
  response_time: 51.579,
  level: 'http',
  message: 'incoming-request',
  timestamp: '2024-06-18 10:44:59.934 PM'
}
{
  method: 'GET',
  url: '/api/v1/property/all?page=0',
  status: 304,
  response_time: 100.465,
  level: 'http',
  message: 'incoming-request',
  timestamp: '2024-06-18 10:44:59.981 PM'
}
{
  method: 'GET',
  url: '/api/v1/property/666720f01ed8af0105a0d444',
  status: 200,
  content_length: '457',
  response_time: 50.57,
  level: 'http',
  message: 'incoming-request',
  timestamp: '2024-06-18 10:45:02.949 PM'
}
{
  method: 'GET',
  url: '/api/v1/property/all?page=0',
  status: 200,
  content_length: '917',
  response_time: 103.754,
  level: 'http',
  message: 'incoming-request',
  timestamp: '2024-06-18 10:45:03.003 PM'
}
{
  method: 'GET',
  url: '/api/v1/property/666720f01ed8af0105a0d444',
  status: 200,
  content_length: '457',
  response_time: 50.611,
  level: 'http',
  message: 'incoming-request',
  timestamp: '2024-06-18 10:45:05.441 PM'
}
{
  method: 'GET',
  url: '/api/v1/property/all?page=0',
  status: 200,
  content_length: '917',
  response_time: 105.168,
  level: 'http',
  message: 'incoming-request',
  timestamp: '2024-06-18 10:45:05.494 PM'
}
{
  method: 'GET',
  url: '/api/v1/property/666720f01ed8af0105a0d444',
  status: 200,
  content_length: '457',
  response_time: 59.673,
  level: 'http',
  message: 'incoming-request',
  timestamp: '2024-06-18 10:51:35.452 PM'
}
{
  method: 'GET',
  url: '/api/v1/property/all?page=0',
  status: 200,
  content_length: '917',
  response_time: 104.888,
  level: 'http',
  message: 'incoming-request',
  timestamp: '2024-06-18 10:51:35.490 PM'
}
{
  method: 'GET',
  url: '/api/v1/property/666720f01ed8af0105a0d444',
  status: 200,
  content_length: '457',
  response_time: 54.812,
  level: 'http',
  message: 'incoming-request',
  timestamp: '2024-06-18 10:51:47.396 PM'
}
{
  method: 'GET',
  url: '/api/v1/property/all?page=0',
  status: 200,
  content_length: '917',
  response_time: 100.809,
  level: 'http',
  message: 'incoming-request',
  timestamp: '2024-06-18 10:51:47.440 PM'
}
{
  method: 'GET',
  url: '/api/v1/property/666720f01ed8af0105a0d444',
  status: 200,
  content_length: '457',
  response_time: 50.057,
  level: 'http',
  message: 'incoming-request',
  timestamp: '2024-06-18 10:52:03.619 PM'
}
{
  method: 'GET',
  url: '/api/v1/property/all?page=0',
  status: 200,
  content_length: '917',
  response_time: 105.245,
  level: 'http',
  message: 'incoming-request',
  timestamp: '2024-06-18 10:52:03.676 PM'
}
{
  method: 'GET',
  url: '/api/v1/property/666720f01ed8af0105a0d444',
  status: 200,
  content_length: '457',
  response_time: 60.354,
  level: 'http',
  message: 'incoming-request',
  timestamp: '2024-06-18 10:59:59.872 PM'
}
{
  method: 'GET',
  url: '/api/v1/property/all?page=0',
  status: 200,
  content_length: '917',
  response_time: 110.434,
  level: 'http',
  message: 'incoming-request',
  timestamp: '2024-06-18 10:59:59.912 PM'
}
