{
  method: 'GET',
  url: '/api/v1/user/profile',
  status: 401,
  content_length: '12',
  response_time: 1.924,
  level: 'http',
  message: 'incoming-request',
  timestamp: '2024-07-07 11:03:05.903 AM'
}
{
  method: 'GET',
  url: '/api/v1/property/666720f01ed8af0105a0d444',
  status: 304,
  response_time: 57.764,
  level: 'http',
  message: 'incoming-request',
  timestamp: '2024-07-07 11:03:05.971 AM'
}
{
  method: 'GET',
  url: '/api/v1/property/?page=0',
  status: 304,
  response_time: 121.505,
  level: 'http',
  message: 'incoming-request',
  timestamp: '2024-07-07 11:03:06.030 AM'
}
{
  method: 'GET',
  url: '/api/v1/property/?page=1',
  status: 304,
  response_time: 111.957,
  level: 'http',
  message: 'incoming-request',
  timestamp: '2024-07-07 11:03:07.427 AM'
}
{
  method: 'GET',
  url: '/api/v1/user/profile',
  status: 200,
  content_length: '291',
  response_time: 512.769,
  level: 'http',
  message: 'incoming-request',
  timestamp: '2024-07-07 11:59:04.003 AM'
}
{
  method: 'GET',
  url: '/api/v1/property/?page=1',
  status: 200,
  content_length: '2719',
  response_time: 531.392,
  level: 'http',
  message: 'incoming-request',
  timestamp: '2024-07-07 11:59:04.026 AM'
}
{
  method: 'GET',
  url: '/api/v1/property/?page=0',
  status: 200,
  content_length: '2719',
  response_time: 103.778,
  level: 'http',
  message: 'incoming-request',
  timestamp: '2024-07-07 11:59:08.312 AM'
}
{
  method: 'GET',
  url: '/api/v1/user/profile',
  status: 304,
  response_time: 110.543,
  level: 'http',
  message: 'incoming-request',
  timestamp: '2024-07-07 11:59:08.314 AM'
}
{
  method: 'GET',
  url: '/api/v1/property/666720f01ed8af0105a0d444',
  status: 200,
  content_length: '457',
  response_time: 351.164,
  level: 'http',
  message: 'incoming-request',
  timestamp: '2024-07-07 11:59:08.561 AM'
}
{
  method: 'GET',
  url: '/api/v1/property/?page=1',
  status: 304,
  response_time: 106.677,
  level: 'http',
  message: 'incoming-request',
  timestamp: '2024-07-07 11:59:10.168 AM'
}
{
  method: 'GET',
  url: '/api/v1/property/?page=2',
  status: 200,
  content_length: '949',
  response_time: 108.301,
  level: 'http',
  message: 'incoming-request',
  timestamp: '2024-07-07 11:59:15.345 AM'
}
{
  method: 'GET',
  url: '/api/v1/user/profile',
  status: 304,
  response_time: 517.974,
  level: 'http',
  message: 'incoming-request',
  timestamp: '2024-07-07 12:09:47.007 PM'
}
{
  method: 'GET',
  url: '/api/v1/property/?page=1',
  status: 304,
  response_time: 523.025,
  level: 'http',
  message: 'incoming-request',
  timestamp: '2024-07-07 12:09:47.015 PM'
}
{
  method: 'GET',
  url: '/api/v1/user/profile',
  status: 304,
  response_time: 104.458,
  level: 'http',
  message: 'incoming-request',
  timestamp: '2024-07-07 12:09:51.338 PM'
}
{
  method: 'GET',
  url: '/api/v1/property/?page=1',
  status: 304,
  response_time: 105.124,
  level: 'http',
  message: 'incoming-request',
  timestamp: '2024-07-07 12:09:51.341 PM'
}
{
  method: 'GET',
  url: '/api/v1/property/?page=1',
  status: 304,
  response_time: 103.947,
  level: 'http',
  message: 'incoming-request',
  timestamp: '2024-07-07 12:09:53.183 PM'
}
{
  method: 'GET',
  url: '/api/v1/user/profile',
  status: 304,
  response_time: 107.185,
  level: 'http',
  message: 'incoming-request',
  timestamp: '2024-07-07 12:09:53.184 PM'
}
{
  method: 'GET',
  url: '/api/v1/property/666720f01ed8af0105a0d444',
  status: 304,
  response_time: 50.98,
  level: 'http',
  message: 'incoming-request',
  timestamp: '2024-07-07 12:09:54.661 PM'
}
{
  method: 'GET',
  url: '/api/v1/property/?page=0',
  status: 304,
  response_time: 105.303,
  level: 'http',
  message: 'incoming-request',
  timestamp: '2024-07-07 12:09:54.715 PM'
}
{
  method: 'GET',
  url: '/api/v1/user/profile',
  status: 401,
  content_length: '12',
  response_time: 0.413,
  level: 'http',
  message: 'incoming-request',
  timestamp: '2024-07-07 01:05:11.763 PM'
}
{
  method: 'GET',
  url: '/api/v1/property/?page=1',
  status: 200,
  content_length: '2719',
  response_time: 105.657,
  level: 'http',
  message: 'incoming-request',
  timestamp: '2024-07-07 01:05:11.869 PM'
}
{
  method: 'GET',
  url: '/api/v1/user/profile',
  status: 304,
  response_time: 118.754,
  level: 'http',
  message: 'incoming-request',
  timestamp: '2024-07-07 01:05:11.947 PM'
}
{
  method: 'GET',
  url: '/api/v1/property/?page=1',
  status: 304,
  response_time: 484.3,
  level: 'http',
  message: 'incoming-request',
  timestamp: '2024-07-07 01:05:12.315 PM'
}
{
  method: 'GET',
  url: '/api/v1/user/profile',
  status: 401,
  content_length: '12',
  response_time: 0.214,
  level: 'http',
  message: 'incoming-request',
  timestamp: '2024-07-07 01:05:27.759 PM'
}
{
  method: 'GET',
  url: '/api/v1/property/?page=1',
  status: 304,
  response_time: 102.71,
  level: 'http',
  message: 'incoming-request',
  timestamp: '2024-07-07 01:05:27.862 PM'
}
{
  method: 'GET',
  url: '/api/v1/property/666720f01ed8af0105a0d444',
  status: 304,
  response_time: 52.576,
  level: 'http',
  message: 'incoming-request',
  timestamp: '2024-07-07 01:05:33.822 PM'
}
{
  method: 'GET',
  url: '/api/v1/property/?page=0',
  status: 304,
  response_time: 102.191,
  level: 'http',
  message: 'incoming-request',
  timestamp: '2024-07-07 01:05:33.867 PM'
}
{
  method: 'GET',
  url: '/api/v1/user/profile',
  status: 401,
  content_length: '12',
  response_time: 0.26,
  level: 'http',
  message: 'incoming-request',
  timestamp: '2024-07-07 01:07:49.525 PM'
}
{
  method: 'GET',
  url: '/api/v1/property/666720f01ed8af0105a0d444',
  status: 304,
  response_time: 51.454,
  level: 'http',
  message: 'incoming-request',
  timestamp: '2024-07-07 01:07:49.579 PM'
}
{
  method: 'GET',
  url: '/api/v1/property/?page=0',
  status: 304,
  response_time: 103.058,
  level: 'http',
  message: 'incoming-request',
  timestamp: '2024-07-07 01:07:49.629 PM'
}
{
  method: 'GET',
  url: '/api/v1/user/profile',
  status: 304,
  response_time: 103.639,
  level: 'http',
  message: 'incoming-request',
  timestamp: '2024-07-07 01:07:50.030 PM'
}
{
  method: 'GET',
  url: '/api/v1/property/?page=1',
  status: 304,
  response_time: 101.915,
  level: 'http',
  message: 'incoming-request',
  timestamp: '2024-07-07 01:07:50.032 PM'
}
{
  method: 'GET',
  url: '/api/v1/user/profile',
  status: 401,
  content_length: '12',
  response_time: 0.187,
  level: 'http',
  message: 'incoming-request',
  timestamp: '2024-07-07 01:07:53.350 PM'
}
{
  method: 'GET',
  url: '/api/v1/property/666720f01ed8af0105a0d444',
  status: 304,
  response_time: 51.242,
  level: 'http',
  message: 'incoming-request',
  timestamp: '2024-07-07 01:07:53.402 PM'
}
{
  method: 'GET',
  url: '/api/v1/property/?page=0',
  status: 304,
  response_time: 102.391,
  level: 'http',
  message: 'incoming-request',
  timestamp: '2024-07-07 01:07:53.454 PM'
}
{
  method: 'GET',
  url: '/api/v1/user/profile',
  status: 304,
  response_time: 104.834,
  level: 'http',
  message: 'incoming-request',
  timestamp: '2024-07-07 01:07:53.680 PM'
}
{
  method: 'GET',
  url: '/api/v1/property/?page=1',
  status: 304,
  response_time: 103.552,
  level: 'http',
  message: 'incoming-request',
  timestamp: '2024-07-07 01:07:53.682 PM'
}
{
  method: 'GET',
  url: '/api/v1/user/profile',
  status: 401,
  content_length: '12',
  response_time: 0.201,
  level: 'http',
  message: 'incoming-request',
  timestamp: '2024-07-07 01:08:05.008 PM'
}
{
  method: 'GET',
  url: '/api/v1/property/666720f01ed8af0105a0d444',
  status: 304,
  response_time: 51.288,
  level: 'http',
  message: 'incoming-request',
  timestamp: '2024-07-07 01:08:05.061 PM'
}
{
  method: 'GET',
  url: '/api/v1/property/?page=0',
  status: 304,
  response_time: 103.998,
  level: 'http',
  message: 'incoming-request',
  timestamp: '2024-07-07 01:08:05.113 PM'
}
{
  method: 'GET',
  url: '/api/v1/user/profile',
  status: 304,
  response_time: 111.533,
  level: 'http',
  message: 'incoming-request',
  timestamp: '2024-07-07 01:08:05.342 PM'
}
{
  method: 'GET',
  url: '/api/v1/property/?page=1',
  status: 304,
  response_time: 104.207,
  level: 'http',
  message: 'incoming-request',
  timestamp: '2024-07-07 01:08:05.346 PM'
}
{
  method: 'GET',
  url: '/api/v1/user/profile',
  status: 401,
  content_length: '12',
  response_time: 0.206,
  level: 'http',
  message: 'incoming-request',
  timestamp: '2024-07-07 01:08:15.797 PM'
}
{
  method: 'GET',
  url: '/api/v1/property/666720f01ed8af0105a0d444',
  status: 304,
  response_time: 52.876,
  level: 'http',
  message: 'incoming-request',
  timestamp: '2024-07-07 01:08:15.852 PM'
}
{
  method: 'GET',
  url: '/api/v1/property/?page=0',
  status: 304,
  response_time: 103.592,
  level: 'http',
  message: 'incoming-request',
  timestamp: '2024-07-07 01:08:15.902 PM'
}
{
  method: 'GET',
  url: '/api/v1/user/profile',
  status: 304,
  response_time: 103.85,
  level: 'http',
  message: 'incoming-request',
  timestamp: '2024-07-07 01:08:16.055 PM'
}
{
  method: 'GET',
  url: '/api/v1/property/?page=1',
  status: 304,
  response_time: 108.3,
  level: 'http',
  message: 'incoming-request',
  timestamp: '2024-07-07 01:08:16.061 PM'
}
{
  method: 'GET',
  url: '/api/v1/user/profile',
  status: 401,
  content_length: '12',
  response_time: 0.215,
  level: 'http',
  message: 'incoming-request',
  timestamp: '2024-07-07 01:08:21.670 PM'
}
{
  method: 'GET',
  url: '/api/v1/property/666720f01ed8af0105a0d444',
  status: 304,
  response_time: 50.712,
  level: 'http',
  message: 'incoming-request',
  timestamp: '2024-07-07 01:08:21.723 PM'
}
{
  method: 'GET',
  url: '/api/v1/property/?page=0',
  status: 304,
  response_time: 102.582,
  level: 'http',
  message: 'incoming-request',
  timestamp: '2024-07-07 01:08:21.774 PM'
}
{
  method: 'GET',
  url: '/api/v1/user/profile',
  status: 304,
  response_time: 102.937,
  level: 'http',
  message: 'incoming-request',
  timestamp: '2024-07-07 01:08:22.428 PM'
}
{
  method: 'GET',
  url: '/api/v1/property/?page=1',
  status: 304,
  response_time: 103.858,
  level: 'http',
  message: 'incoming-request',
  timestamp: '2024-07-07 01:08:22.431 PM'
}
{
  method: 'GET',
  url: '/api/v1/user/profile',
  status: 401,
  content_length: '12',
  response_time: 0.287,
  level: 'http',
  message: 'incoming-request',
  timestamp: '2024-07-07 01:08:33.152 PM'
}
{
  method: 'GET',
  url: '/api/v1/property/666720f01ed8af0105a0d444',
  status: 304,
  response_time: 61.109,
  level: 'http',
  message: 'incoming-request',
  timestamp: '2024-07-07 01:08:33.216 PM'
}
{
  method: 'GET',
  url: '/api/v1/property/?page=0',
  status: 304,
  response_time: 132.816,
  level: 'http',
  message: 'incoming-request',
  timestamp: '2024-07-07 01:08:33.287 PM'
}
{
  method: 'GET',
  url: '/api/v1/user/profile',
  status: 304,
  response_time: 102.705,
  level: 'http',
  message: 'incoming-request',
  timestamp: '2024-07-07 01:08:33.550 PM'
}
{
  method: 'GET',
  url: '/api/v1/property/?page=1',
  status: 304,
  response_time: 103.113,
  level: 'http',
  message: 'incoming-request',
  timestamp: '2024-07-07 01:08:33.553 PM'
}
{
  method: 'GET',
  url: '/api/v1/user/profile',
  status: 401,
  content_length: '12',
  response_time: 0.267,
  level: 'http',
  message: 'incoming-request',
  timestamp: '2024-07-07 01:08:45.311 PM'
}
{
  method: 'GET',
  url: '/api/v1/property/666720f01ed8af0105a0d444',
  status: 304,
  response_time: 51.02,
  level: 'http',
  message: 'incoming-request',
  timestamp: '2024-07-07 01:08:45.364 PM'
}
{
  method: 'GET',
  url: '/api/v1/property/?page=0',
  status: 304,
  response_time: 103.052,
  level: 'http',
  message: 'incoming-request',
  timestamp: '2024-07-07 01:08:45.415 PM'
}
{
  method: 'GET',
  url: '/api/v1/user/profile',
  status: 304,
  response_time: 102.73,
  level: 'http',
  message: 'incoming-request',
  timestamp: '2024-07-07 01:08:45.759 PM'
}
{
  method: 'GET',
  url: '/api/v1/property/?page=1',
  status: 304,
  response_time: 102.107,
  level: 'http',
  message: 'incoming-request',
  timestamp: '2024-07-07 01:08:45.760 PM'
}
{
  method: 'GET',
  url: '/api/v1/user/profile',
  status: 401,
  content_length: '12',
  response_time: 0.19,
  level: 'http',
  message: 'incoming-request',
  timestamp: '2024-07-07 01:09:02.133 PM'
}
{
  method: 'GET',
  url: '/api/v1/property/666720f01ed8af0105a0d444',
  status: 304,
  response_time: 81.589,
  level: 'http',
  message: 'incoming-request',
  timestamp: '2024-07-07 01:09:02.217 PM'
}
{
  method: 'GET',
  url: '/api/v1/property/?page=0',
  status: 304,
  response_time: 130.679,
  level: 'http',
  message: 'incoming-request',
  timestamp: '2024-07-07 01:09:02.265 PM'
}
{
  method: 'GET',
  url: '/api/v1/user/profile',
  status: 304,
  response_time: 108.128,
  level: 'http',
  message: 'incoming-request',
  timestamp: '2024-07-07 01:09:02.562 PM'
}
{
  method: 'GET',
  url: '/api/v1/property/?page=1',
  status: 304,
  response_time: 107.385,
  level: 'http',
  message: 'incoming-request',
  timestamp: '2024-07-07 01:09:02.564 PM'
}
{
  method: 'GET',
  url: '/api/v1/user/profile',
  status: 401,
  content_length: '12',
  response_time: 0.348,
  level: 'http',
  message: 'incoming-request',
  timestamp: '2024-07-07 01:09:22.251 PM'
}
{
  method: 'GET',
  url: '/api/v1/property/666720f01ed8af0105a0d444',
  status: 304,
  response_time: 61.906,
  level: 'http',
  message: 'incoming-request',
  timestamp: '2024-07-07 01:09:22.316 PM'
}
{
  method: 'GET',
  url: '/api/v1/property/?page=0',
  status: 304,
  response_time: 114.515,
  level: 'http',
  message: 'incoming-request',
  timestamp: '2024-07-07 01:09:22.367 PM'
}
{
  method: 'GET',
  url: '/api/v1/user/profile',
  status: 304,
  response_time: 109.498,
  level: 'http',
  message: 'incoming-request',
  timestamp: '2024-07-07 01:09:23.360 PM'
}
{
  method: 'GET',
  url: '/api/v1/property/?page=1',
  status: 304,
  response_time: 108.357,
  level: 'http',
  message: 'incoming-request',
  timestamp: '2024-07-07 01:09:23.361 PM'
}
{
  method: 'GET',
  url: '/api/v1/property/666720f01ed8af0105a0d444',
  status: 304,
  response_time: 50.957,
  level: 'http',
  message: 'incoming-request',
  timestamp: '2024-07-07 01:09:27.708 PM'
}
{
  method: 'GET',
  url: '/api/v1/property/?page=0',
  status: 304,
  response_time: 102.605,
  level: 'http',
  message: 'incoming-request',
  timestamp: '2024-07-07 01:09:27.759 PM'
}
{
  method: 'GET',
  url: '/api/v1/user/profile',
  status: 401,
  content_length: '12',
  response_time: 0.225,
  level: 'http',
  message: 'incoming-request',
  timestamp: '2024-07-07 01:11:33.631 PM'
}
{
  method: 'GET',
  url: '/api/v1/property/666720f01ed8af0105a0d444',
  status: 304,
  response_time: 50.862,
  level: 'http',
  message: 'incoming-request',
  timestamp: '2024-07-07 01:11:33.684 PM'
}
{
  method: 'GET',
  url: '/api/v1/property/?page=0',
  status: 304,
  response_time: 124.179,
  level: 'http',
  message: 'incoming-request',
  timestamp: '2024-07-07 01:11:33.756 PM'
}
{
  method: 'GET',
  url: '/api/v1/property/666720f01ed8af0105a0d444',
  status: 304,
  response_time: 52.838,
  level: 'http',
  message: 'incoming-request',
  timestamp: '2024-07-07 01:11:34.047 PM'
}
{
  method: 'GET',
  url: '/api/v1/user/profile',
  status: 304,
  response_time: 103.28,
  level: 'http',
  message: 'incoming-request',
  timestamp: '2024-07-07 01:11:34.090 PM'
}
{
  method: 'GET',
  url: '/api/v1/property/?page=0',
  status: 304,
  response_time: 103.818,
  level: 'http',
  message: 'incoming-request',
  timestamp: '2024-07-07 01:11:34.095 PM'
}
{
  method: 'GET',
  url: '/api/v1/user/profile',
  status: 401,
  content_length: '12',
  response_time: 0.263,
  level: 'http',
  message: 'incoming-request',
  timestamp: '2024-07-07 01:11:38.496 PM'
}
{
  method: 'GET',
  url: '/api/v1/property/666720f01ed8af0105a0d444',
  status: 304,
  response_time: 51.873,
  level: 'http',
  message: 'incoming-request',
  timestamp: '2024-07-07 01:11:38.554 PM'
}
{
  method: 'GET',
  url: '/api/v1/property/?page=0',
  status: 304,
  response_time: 103.037,
  level: 'http',
  message: 'incoming-request',
  timestamp: '2024-07-07 01:11:38.604 PM'
}
{
  method: 'GET',
  url: '/api/v1/property/666720f01ed8af0105a0d444',
  status: 304,
  response_time: 52.798,
  level: 'http',
  message: 'incoming-request',
  timestamp: '2024-07-07 01:11:38.905 PM'
}
{
  method: 'GET',
  url: '/api/v1/property/?page=0',
  status: 304,
  response_time: 102.731,
  level: 'http',
  message: 'incoming-request',
  timestamp: '2024-07-07 01:11:38.954 PM'
}
{
  method: 'GET',
  url: '/api/v1/user/profile',
  status: 304,
  response_time: 108.825,
  level: 'http',
  message: 'incoming-request',
  timestamp: '2024-07-07 01:11:38.958 PM'
}
{
  method: 'GET',
  url: '/api/v1/user/profile',
  status: 401,
  content_length: '12',
  response_time: 0.199,
  level: 'http',
  message: 'incoming-request',
  timestamp: '2024-07-07 01:11:41.739 PM'
}
{
  method: 'GET',
  url: '/api/v1/property/666720f01ed8af0105a0d444',
  status: 304,
  response_time: 51.762,
  level: 'http',
  message: 'incoming-request',
  timestamp: '2024-07-07 01:11:41.791 PM'
}
{
  method: 'GET',
  url: '/api/v1/property/?page=0',
  status: 304,
  response_time: 103.308,
  level: 'http',
  message: 'incoming-request',
  timestamp: '2024-07-07 01:11:41.844 PM'
}
{
  method: 'GET',
  url: '/api/v1/property/666720f01ed8af0105a0d444',
  status: 304,
  response_time: 52.343,
  level: 'http',
  message: 'incoming-request',
  timestamp: '2024-07-07 01:11:42.356 PM'
}
{
  method: 'GET',
  url: '/api/v1/user/profile',
  status: 304,
  response_time: 102.7,
  level: 'http',
  message: 'incoming-request',
  timestamp: '2024-07-07 01:11:42.402 PM'
}
{
  method: 'GET',
  url: '/api/v1/property/?page=0',
  status: 304,
  response_time: 102.7,
  level: 'http',
  message: 'incoming-request',
  timestamp: '2024-07-07 01:11:42.405 PM'
}
{
  method: 'GET',
  url: '/api/v1/user/profile',
  status: 401,
  content_length: '12',
  response_time: 0.237,
  level: 'http',
  message: 'incoming-request',
  timestamp: '2024-07-07 01:12:09.004 PM'
}
{
  method: 'GET',
  url: '/api/v1/property/666720f01ed8af0105a0d444',
  status: 304,
  response_time: 50.777,
  level: 'http',
  message: 'incoming-request',
  timestamp: '2024-07-07 01:12:09.057 PM'
}
{
  method: 'GET',
  url: '/api/v1/property/?page=0',
  status: 304,
  response_time: 102.455,
  level: 'http',
  message: 'incoming-request',
  timestamp: '2024-07-07 01:12:09.108 PM'
}
{
  method: 'GET',
  url: '/api/v1/property/666720f01ed8af0105a0d444',
  status: 304,
  response_time: 52.205,
  level: 'http',
  message: 'incoming-request',
  timestamp: '2024-07-07 01:12:09.548 PM'
}
{
  method: 'GET',
  url: '/api/v1/user/profile',
  status: 304,
  response_time: 105.255,
  level: 'http',
  message: 'incoming-request',
  timestamp: '2024-07-07 01:12:09.598 PM'
}
{
  method: 'GET',
  url: '/api/v1/property/?page=0',
  status: 304,
  response_time: 104.783,
  level: 'http',
  message: 'incoming-request',
  timestamp: '2024-07-07 01:12:09.600 PM'
}
{
  method: 'GET',
  url: '/api/v1/user/profile',
  status: 401,
  content_length: '12',
  response_time: 0.241,
  level: 'http',
  message: 'incoming-request',
  timestamp: '2024-07-07 01:12:12.427 PM'
}
{
  method: 'GET',
  url: '/api/v1/property/666720f01ed8af0105a0d444',
  status: 304,
  response_time: 50.998,
  level: 'http',
  message: 'incoming-request',
  timestamp: '2024-07-07 01:12:12.480 PM'
}
{
  method: 'GET',
  url: '/api/v1/property/?page=0',
  status: 304,
  response_time: 102.163,
  level: 'http',
  message: 'incoming-request',
  timestamp: '2024-07-07 01:12:12.530 PM'
}
{
  method: 'GET',
  url: '/api/v1/property/666720f01ed8af0105a0d444',
  status: 304,
  response_time: 52.173,
  level: 'http',
  message: 'incoming-request',
  timestamp: '2024-07-07 01:12:13.040 PM'
}
{
  method: 'GET',
  url: '/api/v1/user/profile',
  status: 304,
  response_time: 102.21,
  level: 'http',
  message: 'incoming-request',
  timestamp: '2024-07-07 01:12:13.087 PM'
}
{
  method: 'GET',
  url: '/api/v1/property/?page=0',
  status: 304,
  response_time: 105.639,
  level: 'http',
  message: 'incoming-request',
  timestamp: '2024-07-07 01:12:13.092 PM'
}
{
  method: 'GET',
  url: '/api/v1/user/profile',
  status: 401,
  content_length: '12',
  response_time: 0.356,
  level: 'http',
  message: 'incoming-request',
  timestamp: '2024-07-07 01:12:16.753 PM'
}
{
  method: 'GET',
  url: '/api/v1/property/666720f01ed8af0105a0d444',
  status: 304,
  response_time: 51.866,
  level: 'http',
  message: 'incoming-request',
  timestamp: '2024-07-07 01:12:16.807 PM'
}
{
  method: 'GET',
  url: '/api/v1/property/?page=0',
  status: 304,
  response_time: 107.007,
  level: 'http',
  message: 'incoming-request',
  timestamp: '2024-07-07 01:12:16.861 PM'
}
{
  method: 'GET',
  url: '/api/v1/property/666720f01ed8af0105a0d444',
  status: 304,
  response_time: 54.27,
  level: 'http',
  message: 'incoming-request',
  timestamp: '2024-07-07 01:12:17.986 PM'
}
{
  method: 'GET',
  url: '/api/v1/user/profile',
  status: 304,
  response_time: 106.544,
  level: 'http',
  message: 'incoming-request',
  timestamp: '2024-07-07 01:12:18.035 PM'
}
{
  method: 'GET',
  url: '/api/v1/property/?page=0',
  status: 304,
  response_time: 105.837,
  level: 'http',
  message: 'incoming-request',
  timestamp: '2024-07-07 01:12:18.037 PM'
}
{
  method: 'GET',
  url: '/api/v1/user/profile',
  status: 401,
  content_length: '12',
  response_time: 0.193,
  level: 'http',
  message: 'incoming-request',
  timestamp: '2024-07-07 01:12:23.713 PM'
}
{
  method: 'GET',
  url: '/api/v1/property/666720f01ed8af0105a0d444',
  status: 304,
  response_time: 52.295,
  level: 'http',
  message: 'incoming-request',
  timestamp: '2024-07-07 01:12:23.767 PM'
}
{
  method: 'GET',
  url: '/api/v1/property/?page=0',
  status: 304,
  response_time: 105.303,
  level: 'http',
  message: 'incoming-request',
  timestamp: '2024-07-07 01:12:23.820 PM'
}
{
  method: 'GET',
  url: '/api/v1/property/666720f01ed8af0105a0d444',
  status: 304,
  response_time: 53.939,
  level: 'http',
  message: 'incoming-request',
  timestamp: '2024-07-07 01:12:24.333 PM'
}
{
  method: 'GET',
  url: '/api/v1/property/?page=0',
  status: 304,
  response_time: 104.336,
  level: 'http',
  message: 'incoming-request',
  timestamp: '2024-07-07 01:12:24.382 PM'
}
{
  method: 'GET',
  url: '/api/v1/user/profile',
  status: 304,
  response_time: 108.733,
  level: 'http',
  message: 'incoming-request',
  timestamp: '2024-07-07 01:12:24.384 PM'
}
{
  method: 'GET',
  url: '/api/v1/user/profile',
  status: 401,
  content_length: '12',
  response_time: 0.184,
  level: 'http',
  message: 'incoming-request',
  timestamp: '2024-07-07 01:12:57.266 PM'
}
{
  method: 'GET',
  url: '/api/v1/property/666720f01ed8af0105a0d444',
  status: 304,
  response_time: 52.596,
  level: 'http',
  message: 'incoming-request',
  timestamp: '2024-07-07 01:12:57.321 PM'
}
{
  method: 'GET',
  url: '/api/v1/property/?page=0',
  status: 304,
  response_time: 101.759,
  level: 'http',
  message: 'incoming-request',
  timestamp: '2024-07-07 01:12:57.369 PM'
}
{
  method: 'GET',
  url: '/api/v1/property/666720f01ed8af0105a0d444',
  status: 304,
  response_time: 53.612,
  level: 'http',
  message: 'incoming-request',
  timestamp: '2024-07-07 01:12:57.755 PM'
}
{
  method: 'GET',
  url: '/api/v1/user/profile',
  status: 304,
  response_time: 104.058,
  level: 'http',
  message: 'incoming-request',
  timestamp: '2024-07-07 01:12:57.802 PM'
}
{
  method: 'GET',
  url: '/api/v1/property/?page=0',
  status: 304,
  response_time: 103.04,
  level: 'http',
  message: 'incoming-request',
  timestamp: '2024-07-07 01:12:57.804 PM'
}
{
  method: 'GET',
  url: '/api/v1/user/profile',
  status: 401,
  content_length: '12',
  response_time: 0.203,
  level: 'http',
  message: 'incoming-request',
  timestamp: '2024-07-07 01:13:00.583 PM'
}
{
  method: 'GET',
  url: '/api/v1/property/666720f01ed8af0105a0d444',
  status: 304,
  response_time: 53.636,
  level: 'http',
  message: 'incoming-request',
  timestamp: '2024-07-07 01:13:00.639 PM'
}
{
  method: 'GET',
  url: '/api/v1/property/?page=0',
  status: 304,
  response_time: 105.039,
  level: 'http',
  message: 'incoming-request',
  timestamp: '2024-07-07 01:13:00.689 PM'
}
{
  method: 'GET',
  url: '/api/v1/property/666720f01ed8af0105a0d444',
  status: 304,
  response_time: 57.309,
  level: 'http',
  message: 'incoming-request',
  timestamp: '2024-07-07 01:13:01.252 PM'
}
{
  method: 'GET',
  url: '/api/v1/user/profile',
  status: 304,
  response_time: 103.509,
  level: 'http',
  message: 'incoming-request',
  timestamp: '2024-07-07 01:13:01.295 PM'
}
{
  method: 'GET',
  url: '/api/v1/property/?page=0',
  status: 304,
  response_time: 102.28,
  level: 'http',
  message: 'incoming-request',
  timestamp: '2024-07-07 01:13:01.296 PM'
}
{
  method: 'GET',
  url: '/api/v1/user/profile',
  status: 401,
  content_length: '12',
  response_time: 0.177,
  level: 'http',
  message: 'incoming-request',
  timestamp: '2024-07-07 01:13:15.873 PM'
}
{
  method: 'GET',
  url: '/api/v1/property/666720f01ed8af0105a0d444',
  status: 304,
  response_time: 50.782,
  level: 'http',
  message: 'incoming-request',
  timestamp: '2024-07-07 01:13:15.929 PM'
}
{
  method: 'GET',
  url: '/api/v1/property/?page=0',
  status: 304,
  response_time: 103.924,
  level: 'http',
  message: 'incoming-request',
  timestamp: '2024-07-07 01:13:15.979 PM'
}
{
  method: 'GET',
  url: '/api/v1/property/666720f01ed8af0105a0d444',
  status: 304,
  response_time: 52.48,
  level: 'http',
  message: 'incoming-request',
  timestamp: '2024-07-07 01:13:16.423 PM'
}
{
  method: 'GET',
  url: '/api/v1/user/profile',
  status: 304,
  response_time: 105.105,
  level: 'http',
  message: 'incoming-request',
  timestamp: '2024-07-07 01:13:16.470 PM'
}
{
  method: 'GET',
  url: '/api/v1/property/?page=0',
  status: 304,
  response_time: 104.93,
  level: 'http',
  message: 'incoming-request',
  timestamp: '2024-07-07 01:13:16.473 PM'
}
{
  method: 'GET',
  url: '/api/v1/user/profile',
  status: 401,
  content_length: '12',
  response_time: 0.205,
  level: 'http',
  message: 'incoming-request',
  timestamp: '2024-07-07 01:16:59.442 PM'
}
{
  method: 'GET',
  url: '/api/v1/property/666720f01ed8af0105a0d444',
  status: 304,
  response_time: 52.626,
  level: 'http',
  message: 'incoming-request',
  timestamp: '2024-07-07 01:16:59.496 PM'
}
{
  method: 'GET',
  url: '/api/v1/property/?page=0',
  status: 304,
  response_time: 102.608,
  level: 'http',
  message: 'incoming-request',
  timestamp: '2024-07-07 01:16:59.548 PM'
}
{
  method: 'GET',
  url: '/api/v1/property/666720f01ed8af0105a0d444',
  status: 304,
  response_time: 52.313,
  level: 'http',
  message: 'incoming-request',
  timestamp: '2024-07-07 01:16:59.982 PM'
}
{
  method: 'GET',
  url: '/api/v1/user/profile',
  status: 304,
  response_time: 107.926,
  level: 'http',
  message: 'incoming-request',
  timestamp: '2024-07-07 01:17:00.018 PM'
}
{
  method: 'GET',
  url: '/api/v1/property/?page=0',
  status: 304,
  response_time: 102.844,
  level: 'http',
  message: 'incoming-request',
  timestamp: '2024-07-07 01:17:00.029 PM'
}
{
  method: 'GET',
  url: '/api/v1/property/666720f01ed8af0105a0d444',
  status: 304,
  response_time: 52,
  level: 'http',
  message: 'incoming-request',
  timestamp: '2024-07-07 01:17:24.307 PM'
}
{
  method: 'GET',
  url: '/api/v1/user/profile',
  status: 304,
  response_time: 106.679,
  level: 'http',
  message: 'incoming-request',
  timestamp: '2024-07-07 01:17:24.359 PM'
}
{
  method: 'GET',
  url: '/api/v1/property/?page=0',
  status: 304,
  response_time: 107.556,
  level: 'http',
  message: 'incoming-request',
  timestamp: '2024-07-07 01:17:24.362 PM'
}
{
  method: 'GET',
  url: '/api/v1/user/profile',
  status: 401,
  content_length: '12',
  response_time: 0.183,
  level: 'http',
  message: 'incoming-request',
  timestamp: '2024-07-07 01:17:30.955 PM'
}
{
  method: 'GET',
  url: '/api/v1/property/666720f01ed8af0105a0d444',
  status: 304,
  response_time: 50.877,
  level: 'http',
  message: 'incoming-request',
  timestamp: '2024-07-07 01:17:31.006 PM'
}
{
  method: 'GET',
  url: '/api/v1/property/?page=0',
  status: 304,
  response_time: 102.075,
  level: 'http',
  message: 'incoming-request',
  timestamp: '2024-07-07 01:17:31.059 PM'
}
{
  method: 'GET',
  url: '/api/v1/user/profile',
  status: 401,
  content_length: '12',
  response_time: 0.385,
  level: 'http',
  message: 'incoming-request',
  timestamp: '2024-07-07 01:17:34.289 PM'
}
{
  method: 'GET',
  url: '/api/v1/property/666720f01ed8af0105a0d444',
  status: 304,
  response_time: 50.743,
  level: 'http',
  message: 'incoming-request',
  timestamp: '2024-07-07 01:17:34.343 PM'
}
{
  method: 'GET',
  url: '/api/v1/property/?page=0',
  status: 304,
  response_time: 102.948,
  level: 'http',
  message: 'incoming-request',
  timestamp: '2024-07-07 01:17:34.394 PM'
}
{
  method: 'GET',
  url: '/api/v1/user/profile',
  status: 401,
  content_length: '12',
  response_time: 0.291,
  level: 'http',
  message: 'incoming-request',
  timestamp: '2024-07-07 01:17:38.701 PM'
}
{
  method: 'GET',
  url: '/api/v1/property/666720f01ed8af0105a0d444',
  status: 304,
  response_time: 50.707,
  level: 'http',
  message: 'incoming-request',
  timestamp: '2024-07-07 01:17:38.753 PM'
}
{
  method: 'GET',
  url: '/api/v1/property/?page=0',
  status: 304,
  response_time: 102.538,
  level: 'http',
  message: 'incoming-request',
  timestamp: '2024-07-07 01:17:38.804 PM'
}
{
  method: 'GET',
  url: '/api/v1/user/profile',
  status: 401,
  content_length: '12',
  response_time: 0.213,
  level: 'http',
  message: 'incoming-request',
  timestamp: '2024-07-07 01:17:42.163 PM'
}
{
  method: 'GET',
  url: '/api/v1/property/666720f01ed8af0105a0d444',
  status: 304,
  response_time: 54.216,
  level: 'http',
  message: 'incoming-request',
  timestamp: '2024-07-07 01:17:42.219 PM'
}
{
  method: 'GET',
  url: '/api/v1/property/?page=0',
  status: 304,
  response_time: 107.943,
  level: 'http',
  message: 'incoming-request',
  timestamp: '2024-07-07 01:17:42.272 PM'
}
{
  method: 'GET',
  url: '/api/v1/user/profile',
  status: 401,
  content_length: '12',
  response_time: 0.174,
  level: 'http',
  message: 'incoming-request',
  timestamp: '2024-07-07 01:17:45.508 PM'
}
{
  method: 'GET',
  url: '/api/v1/property/666720f01ed8af0105a0d444',
  status: 304,
  response_time: 50.723,
  level: 'http',
  message: 'incoming-request',
  timestamp: '2024-07-07 01:17:45.561 PM'
}
{
  method: 'GET',
  url: '/api/v1/property/?page=0',
  status: 304,
  response_time: 102.456,
  level: 'http',
  message: 'incoming-request',
  timestamp: '2024-07-07 01:17:45.611 PM'
}
{
  method: 'GET',
  url: '/api/v1/property/666720f01ed8af0105a0d444',
  status: 304,
  response_time: 56.015,
  level: 'http',
  message: 'incoming-request',
  timestamp: '2024-07-07 01:17:47.425 PM'
}
{
  method: 'GET',
  url: '/api/v1/user/profile',
  status: 304,
  response_time: 104.534,
  level: 'http',
  message: 'incoming-request',
  timestamp: '2024-07-07 01:17:47.471 PM'
}
{
  method: 'GET',
  url: '/api/v1/property/?page=0',
  status: 304,
  response_time: 105.278,
  level: 'http',
  message: 'incoming-request',
  timestamp: '2024-07-07 01:17:47.474 PM'
}
{
  method: 'GET',
  url: '/api/v1/user/profile',
  status: 401,
  content_length: '12',
  response_time: 0.207,
  level: 'http',
  message: 'incoming-request',
  timestamp: '2024-07-07 01:18:05.415 PM'
}
{
  method: 'GET',
  url: '/api/v1/property/666720f01ed8af0105a0d444',
  status: 304,
  response_time: 55.544,
  level: 'http',
  message: 'incoming-request',
  timestamp: '2024-07-07 01:18:05.472 PM'
}
{
  method: 'GET',
  url: '/api/v1/property/?page=0',
  status: 304,
  response_time: 106.037,
  level: 'http',
  message: 'incoming-request',
  timestamp: '2024-07-07 01:18:05.524 PM'
}
{
  method: 'GET',
  url: '/api/v1/property/666720f01ed8af0105a0d444',
  status: 304,
  response_time: 52.377,
  level: 'http',
  message: 'incoming-request',
  timestamp: '2024-07-07 01:18:05.795 PM'
}
{
  method: 'GET',
  url: '/api/v1/user/profile',
  status: 304,
  response_time: 104.702,
  level: 'http',
  message: 'incoming-request',
  timestamp: '2024-07-07 01:18:05.843 PM'
}
{
  method: 'GET',
  url: '/api/v1/property/?page=0',
  status: 304,
  response_time: 107.752,
  level: 'http',
  message: 'incoming-request',
  timestamp: '2024-07-07 01:18:05.849 PM'
}
{
  method: 'GET',
  url: '/api/v1/user/profile',
  status: 401,
  content_length: '12',
  response_time: 0.237,
  level: 'http',
  message: 'incoming-request',
  timestamp: '2024-07-07 01:21:15.591 PM'
}
{
  method: 'GET',
  url: '/api/v1/property/666720f01ed8af0105a0d444',
  status: 304,
  response_time: 50.914,
  level: 'http',
  message: 'incoming-request',
  timestamp: '2024-07-07 01:21:15.644 PM'
}
{
  method: 'GET',
  url: '/api/v1/property/?page=0',
  status: 304,
  response_time: 103.631,
  level: 'http',
  message: 'incoming-request',
  timestamp: '2024-07-07 01:21:15.696 PM'
}
{
  method: 'GET',
  url: '/api/v1/property/666720f01ed8af0105a0d444',
  status: 304,
  response_time: 52.722,
  level: 'http',
  message: 'incoming-request',
  timestamp: '2024-07-07 01:21:15.756 PM'
}
{
  method: 'GET',
  url: '/api/v1/user/profile',
  status: 304,
  response_time: 102.671,
  level: 'http',
  message: 'incoming-request',
  timestamp: '2024-07-07 01:21:15.802 PM'
}
{
  method: 'GET',
  url: '/api/v1/property/?page=0',
  status: 304,
  response_time: 102.419,
  level: 'http',
  message: 'incoming-request',
  timestamp: '2024-07-07 01:21:15.804 PM'
}
{
  method: 'GET',
  url: '/api/v1/user/profile',
  status: 401,
  content_length: '12',
  response_time: 0.209,
  level: 'http',
  message: 'incoming-request',
  timestamp: '2024-07-07 01:21:26.163 PM'
}
{
  method: 'GET',
  url: '/api/v1/property/666720f01ed8af0105a0d444',
  status: 304,
  response_time: 51.4,
  level: 'http',
  message: 'incoming-request',
  timestamp: '2024-07-07 01:21:26.217 PM'
}
{
  method: 'GET',
  url: '/api/v1/property/?page=0',
  status: 304,
  response_time: 102.718,
  level: 'http',
  message: 'incoming-request',
  timestamp: '2024-07-07 01:21:26.267 PM'
}
{
  method: 'GET',
  url: '/api/v1/property/666720f01ed8af0105a0d444',
  status: 304,
  response_time: 51.88,
  level: 'http',
  message: 'incoming-request',
  timestamp: '2024-07-07 01:21:26.611 PM'
}
{
  method: 'GET',
  url: '/api/v1/user/profile',
  status: 304,
  response_time: 103.353,
  level: 'http',
  message: 'incoming-request',
  timestamp: '2024-07-07 01:21:26.659 PM'
}
{
  method: 'GET',
  url: '/api/v1/property/?page=0',
  status: 304,
  response_time: 102.819,
  level: 'http',
  message: 'incoming-request',
  timestamp: '2024-07-07 01:21:26.661 PM'
}
{
  method: 'GET',
  url: '/api/v1/user/profile',
  status: 401,
  content_length: '12',
  response_time: 0.203,
  level: 'http',
  message: 'incoming-request',
  timestamp: '2024-07-07 01:21:56.386 PM'
}
{
  method: 'GET',
  url: '/api/v1/property/666720f01ed8af0105a0d444',
  status: 304,
  response_time: 51.522,
  level: 'http',
  message: 'incoming-request',
  timestamp: '2024-07-07 01:21:56.440 PM'
}
{
  method: 'GET',
  url: '/api/v1/property/?page=0',
  status: 304,
  response_time: 104.817,
  level: 'http',
  message: 'incoming-request',
  timestamp: '2024-07-07 01:21:56.492 PM'
}
{
  method: 'GET',
  url: '/api/v1/property/666720f01ed8af0105a0d444',
  status: 304,
  response_time: 52.176,
  level: 'http',
  message: 'incoming-request',
  timestamp: '2024-07-07 01:21:56.740 PM'
}
{
  method: 'GET',
  url: '/api/v1/user/profile',
  status: 304,
  response_time: 101.744,
  level: 'http',
  message: 'incoming-request',
  timestamp: '2024-07-07 01:21:56.788 PM'
}
{
  method: 'GET',
  url: '/api/v1/property/?page=0',
  status: 304,
  response_time: 101.737,
  level: 'http',
  message: 'incoming-request',
  timestamp: '2024-07-07 01:21:56.789 PM'
}
{
  method: 'GET',
  url: '/api/v1/user/profile',
  status: 401,
  content_length: '12',
  response_time: 0.242,
  level: 'http',
  message: 'incoming-request',
  timestamp: '2024-07-07 01:22:02.489 PM'
}
{
  method: 'GET',
  url: '/api/v1/property/666720f01ed8af0105a0d444',
  status: 304,
  response_time: 51.219,
  level: 'http',
  message: 'incoming-request',
  timestamp: '2024-07-07 01:22:02.542 PM'
}
{
  method: 'GET',
  url: '/api/v1/property/?page=0',
  status: 304,
  response_time: 107.092,
  level: 'http',
  message: 'incoming-request',
  timestamp: '2024-07-07 01:22:02.597 PM'
}
{
  method: 'GET',
  url: '/api/v1/property/?page=0',
  status: 304,
  response_time: 104.424,
  level: 'http',
  message: 'incoming-request',
  timestamp: '2024-07-07 01:22:02.656 PM'
}
{
  method: 'GET',
  url: '/api/v1/user/profile',
  status: 304,
  response_time: 107.438,
  level: 'http',
  message: 'incoming-request',
  timestamp: '2024-07-07 01:22:02.656 PM'
}
{
  method: 'GET',
  url: '/api/v1/property/666720f01ed8af0105a0d444',
  status: 304,
  response_time: 468.608,
  level: 'http',
  message: 'incoming-request',
  timestamp: '2024-07-07 01:22:03.021 PM'
}
{
  method: 'GET',
  url: '/api/v1/user/profile',
  status: 401,
  content_length: '12',
  response_time: 0.19,
  level: 'http',
  message: 'incoming-request',
  timestamp: '2024-07-07 01:22:03.864 PM'
}
{
  method: 'GET',
  url: '/api/v1/property/666720f01ed8af0105a0d444',
  status: 304,
  response_time: 50.432,
  level: 'http',
  message: 'incoming-request',
  timestamp: '2024-07-07 01:22:03.917 PM'
}
{
  method: 'GET',
  url: '/api/v1/property/?page=0',
  status: 304,
  response_time: 99.916,
  level: 'http',
  message: 'incoming-request',
  timestamp: '2024-07-07 01:22:03.965 PM'
}
{
  method: 'GET',
  url: '/api/v1/property/666720f01ed8af0105a0d444',
  status: 304,
  response_time: 51.829,
  level: 'http',
  message: 'incoming-request',
  timestamp: '2024-07-07 01:22:04.168 PM'
}
{
  method: 'GET',
  url: '/api/v1/user/profile',
  status: 304,
  response_time: 108.381,
  level: 'http',
  message: 'incoming-request',
  timestamp: '2024-07-07 01:22:04.221 PM'
}
{
  method: 'GET',
  url: '/api/v1/property/?page=0',
  status: 304,
  response_time: 110.879,
  level: 'http',
  message: 'incoming-request',
  timestamp: '2024-07-07 01:22:04.226 PM'
}
{
  method: 'GET',
  url: '/api/v1/user/profile',
  status: 401,
  content_length: '12',
  response_time: 0.215,
  level: 'http',
  message: 'incoming-request',
  timestamp: '2024-07-07 01:24:01.225 PM'
}
{
  method: 'GET',
  url: '/api/v1/property/666720f01ed8af0105a0d444',
  status: 304,
  response_time: 50.315,
  level: 'http',
  message: 'incoming-request',
  timestamp: '2024-07-07 01:24:01.277 PM'
}
{
  method: 'GET',
  url: '/api/v1/property/?page=0',
  status: 304,
  response_time: 105.421,
  level: 'http',
  message: 'incoming-request',
  timestamp: '2024-07-07 01:24:01.331 PM'
}
{
  method: 'GET',
  url: '/api/v1/property/666720f01ed8af0105a0d444',
  status: 304,
  response_time: 52.463,
  level: 'http',
  message: 'incoming-request',
  timestamp: '2024-07-07 01:24:01.435 PM'
}
{
  method: 'GET',
  url: '/api/v1/property/?page=0',
  status: 304,
  response_time: 100.538,
  level: 'http',
  message: 'incoming-request',
  timestamp: '2024-07-07 01:24:01.483 PM'
}
{
  method: 'GET',
  url: '/api/v1/user/profile',
  status: 304,
  response_time: 103.712,
  level: 'http',
  message: 'incoming-request',
  timestamp: '2024-07-07 01:24:01.484 PM'
}
{
  method: 'GET',
  url: '/api/v1/user/profile',
  status: 401,
  content_length: '12',
  response_time: 0.242,
  level: 'http',
  message: 'incoming-request',
  timestamp: '2024-07-07 01:26:18.848 PM'
}
{
  method: 'GET',
  url: '/api/v1/property/666720f01ed8af0105a0d444',
  status: 304,
  response_time: 49.721,
  level: 'http',
  message: 'incoming-request',
  timestamp: '2024-07-07 01:26:18.900 PM'
}
{
  method: 'GET',
  url: '/api/v1/property/?page=0',
  status: 304,
  response_time: 103.32,
  level: 'http',
  message: 'incoming-request',
  timestamp: '2024-07-07 01:26:18.953 PM'
}
{
  method: 'GET',
  url: '/api/v1/property/666720f01ed8af0105a0d444',
  status: 304,
  response_time: 54.593,
  level: 'http',
  message: 'incoming-request',
  timestamp: '2024-07-07 01:26:19.083 PM'
}
{
  method: 'GET',
  url: '/api/v1/property/?page=0',
  status: 304,
  response_time: 100.376,
  level: 'http',
  message: 'incoming-request',
  timestamp: '2024-07-07 01:26:19.127 PM'
}
{
  method: 'GET',
  url: '/api/v1/user/profile',
  status: 304,
  response_time: 105.81,
  level: 'http',
  message: 'incoming-request',
  timestamp: '2024-07-07 01:26:19.130 PM'
}
{
  method: 'GET',
  url: '/api/v1/user/profile',
  status: 401,
  content_length: '12',
  response_time: 0.22,
  level: 'http',
  message: 'incoming-request',
  timestamp: '2024-07-07 01:26:21.657 PM'
}
{
  method: 'GET',
  url: '/api/v1/property/666720f01ed8af0105a0d444',
  status: 304,
  response_time: 50.318,
  level: 'http',
  message: 'incoming-request',
  timestamp: '2024-07-07 01:26:21.709 PM'
}
{
  method: 'GET',
  url: '/api/v1/property/?page=0',
  status: 304,
  response_time: 111.707,
  level: 'http',
  message: 'incoming-request',
  timestamp: '2024-07-07 01:26:21.770 PM'
}
{
  method: 'GET',
  url: '/api/v1/property/666720f01ed8af0105a0d444',
  status: 304,
  response_time: 55.487,
  level: 'http',
  message: 'incoming-request',
  timestamp: '2024-07-07 01:26:21.852 PM'
}
{
  method: 'GET',
  url: '/api/v1/property/?page=0',
  status: 304,
  response_time: 100.299,
  level: 'http',
  message: 'incoming-request',
  timestamp: '2024-07-07 01:26:21.896 PM'
}
{
  method: 'GET',
  url: '/api/v1/user/profile',
  status: 304,
  response_time: 104.722,
  level: 'http',
  message: 'incoming-request',
  timestamp: '2024-07-07 01:26:21.897 PM'
}
{
  method: 'GET',
  url: '/api/v1/user/profile',
  status: 401,
  content_length: '12',
  response_time: 0.174,
  level: 'http',
  message: 'incoming-request',
  timestamp: '2024-07-07 01:26:22.846 PM'
}
{
  method: 'GET',
  url: '/api/v1/property/666720f01ed8af0105a0d444',
  status: 304,
  response_time: 49.799,
  level: 'http',
  message: 'incoming-request',
  timestamp: '2024-07-07 01:26:22.898 PM'
}
{
  method: 'GET',
  url: '/api/v1/property/?page=0',
  status: 304,
  response_time: 103.227,
  level: 'http',
  message: 'incoming-request',
  timestamp: '2024-07-07 01:26:22.950 PM'
}
{
  method: 'GET',
  url: '/api/v1/user/profile',
  status: 401,
  content_length: '12',
  response_time: 0.185,
  level: 'http',
  message: 'incoming-request',
  timestamp: '2024-07-07 01:26:24.397 PM'
}
{
  method: 'GET',
  url: '/api/v1/property/666720f01ed8af0105a0d444',
  status: 304,
  response_time: 50.556,
  level: 'http',
  message: 'incoming-request',
  timestamp: '2024-07-07 01:26:24.450 PM'
}
{
  method: 'GET',
  url: '/api/v1/property/?page=0',
  status: 304,
  response_time: 103.513,
  level: 'http',
  message: 'incoming-request',
  timestamp: '2024-07-07 01:26:24.502 PM'
}
{
  method: 'GET',
  url: '/api/v1/property/666720f01ed8af0105a0d444',
  status: null,
  response_time: null,
  level: 'http',
  message: 'incoming-request',
  timestamp: '2024-07-07 01:26:24.922 PM'
}
{
  method: 'GET',
  url: '/api/v1/property/?page=0',
  status: null,
  response_time: null,
  level: 'http',
  message: 'incoming-request',
  timestamp: '2024-07-07 01:26:24.923 PM'
}
{
  method: 'GET',
  url: '/api/v1/user/profile',
  status: null,
  response_time: null,
  level: 'http',
  message: 'incoming-request',
  timestamp: '2024-07-07 01:26:24.923 PM'
}
{
  method: 'GET',
  url: '/api/v1/property/666720f01ed8af0105a0d444',
  status: 200,
  content_length: '457',
  response_time: 51.766,
  level: 'http',
  message: 'incoming-request',
  timestamp: '2024-07-07 01:26:25.626 PM'
}
{
  method: 'GET',
  url: '/api/v1/user/profile',
  status: 200,
  content_length: '291',
  response_time: 100.784,
  level: 'http',
  message: 'incoming-request',
  timestamp: '2024-07-07 01:26:25.672 PM'
}
{
  method: 'GET',
  url: '/api/v1/property/?page=0',
  status: 200,
  content_length: '2719',
  response_time: 101.638,
  level: 'http',
  message: 'incoming-request',
  timestamp: '2024-07-07 01:26:25.675 PM'
}
{
  method: 'GET',
  url: '/api/v1/user/profile',
  status: 401,
  content_length: '12',
  response_time: 0.185,
  level: 'http',
  message: 'incoming-request',
  timestamp: '2024-07-07 01:26:42.666 PM'
}
{
  method: 'GET',
  url: '/api/v1/property/666720f01ed8af0105a0d444',
  status: 304,
  response_time: 57.621,
  level: 'http',
  message: 'incoming-request',
  timestamp: '2024-07-07 01:26:42.725 PM'
}
{
  method: 'GET',
  url: '/api/v1/property/?page=0',
  status: 304,
  response_time: 101.916,
  level: 'http',
  message: 'incoming-request',
  timestamp: '2024-07-07 01:26:42.769 PM'
}
{
  method: 'GET',
  url: '/api/v1/property/666720f01ed8af0105a0d444',
  status: 304,
  response_time: 52.268,
  level: 'http',
  message: 'incoming-request',
  timestamp: '2024-07-07 01:26:42.830 PM'
}
{
  method: 'GET',
  url: '/api/v1/property/?page=0',
  status: 304,
  response_time: 100.172,
  level: 'http',
  message: 'incoming-request',
  timestamp: '2024-07-07 01:26:42.877 PM'
}
{
  method: 'GET',
  url: '/api/v1/user/profile',
  status: 304,
  response_time: 104.867,
  level: 'http',
  message: 'incoming-request',
  timestamp: '2024-07-07 01:26:42.879 PM'
}
{
  method: 'GET',
  url: '/api/v1/user/profile',
  status: 401,
  content_length: '12',
  response_time: 0.174,
  level: 'http',
  message: 'incoming-request',
  timestamp: '2024-07-07 01:31:16.365 PM'
}
{
  method: 'GET',
  url: '/api/v1/property/666720f01ed8af0105a0d444',
  status: null,
  response_time: null,
  level: 'http',
  message: 'incoming-request',
  timestamp: '2024-07-07 01:31:28.498 PM'
}
{
  method: 'GET',
  url: '/api/v1/property/?page=0',
  status: null,
  response_time: null,
  level: 'http',
  message: 'incoming-request',
  timestamp: '2024-07-07 01:31:28.498 PM'
}
{
  method: 'GET',
  url: '/api/v1/user/profile',
  status: null,
  response_time: null,
  level: 'http',
  message: 'incoming-request',
  timestamp: '2024-07-07 01:31:28.499 PM'
}
{
  method: 'GET',
  url: '/api/v1/user/profile',
  status: null,
  response_time: null,
  level: 'http',
  message: 'incoming-request',
  timestamp: '2024-07-07 01:31:31.217 PM'
}
{
  method: 'GET',
  url: '/api/v1/property/?page=0',
  status: null,
  response_time: null,
  level: 'http',
  message: 'incoming-request',
  timestamp: '2024-07-07 01:31:31.218 PM'
}
{
  method: 'GET',
  url: '/api/v1/property/666720f01ed8af0105a0d444',
  status: null,
  response_time: null,
  level: 'http',
  message: 'incoming-request',
  timestamp: '2024-07-07 01:31:31.218 PM'
}
{
  method: 'GET',
  url: '/api/v1/property/666720f01ed8af0105a0d444',
  status: 304,
  response_time: 21758.344,
  level: 'http',
  message: 'incoming-request',
  timestamp: '2024-07-07 01:31:38.125 PM'
}
{
  method: 'GET',
  url: '/api/v1/property/666720f01ed8af0105a0d444',
  status: 200,
  content_length: '457',
  response_time: 7933.017,
  level: 'http',
  message: 'incoming-request',
  timestamp: '2024-07-07 01:31:39.365 PM'
}
{
  method: 'GET',
  url: '/api/v1/property/?page=0',
  status: 304,
  response_time: 23049.391,
  level: 'http',
  message: 'incoming-request',
  timestamp: '2024-07-07 01:31:39.415 PM'
}
{
  method: 'GET',
  url: '/api/v1/user/profile',
  status: 200,
  content_length: '291',
  response_time: 8083.158,
  level: 'http',
  message: 'incoming-request',
  timestamp: '2024-07-07 01:31:39.510 PM'
}
{
  method: 'GET',
  url: '/api/v1/property/?page=0',
  status: 200,
  content_length: '2719',
  response_time: 8085.85,
  level: 'http',
  message: 'incoming-request',
  timestamp: '2024-07-07 01:31:39.516 PM'
}
{
  method: 'GET',
  url: '/api/v1/property/?page=1',
  status: 304,
  response_time: 7576.476,
  level: 'http',
  message: 'incoming-request',
  timestamp: '2024-07-07 01:31:39.562 PM'
}
{
  method: 'GET',
  url: '/api/v1/property/666720f01ed8af0105a0d444',
  status: 304,
  response_time: 52.581,
  level: 'http',
  message: 'incoming-request',
  timestamp: '2024-07-07 01:32:45.444 PM'
}
{
  method: 'GET',
  url: '/api/v1/user/profile',
  status: 401,
  content_length: '12',
  response_time: 0.234,
  level: 'http',
  message: 'incoming-request',
  timestamp: '2024-07-07 01:32:45.456 PM'
}
{
  method: 'GET',
  url: '/api/v1/user/profile',
  status: 304,
  response_time: 105.632,
  level: 'http',
  message: 'incoming-request',
  timestamp: '2024-07-07 01:32:45.493 PM'
}
{
  method: 'GET',
  url: '/api/v1/property/?page=0',
  status: 304,
  response_time: 110.384,
  level: 'http',
  message: 'incoming-request',
  timestamp: '2024-07-07 01:32:45.500 PM'
}
{
  method: 'GET',
  url: '/api/v1/property/666720f01ed8af0105a0d444',
  status: 304,
  response_time: 52.349,
  level: 'http',
  message: 'incoming-request',
  timestamp: '2024-07-07 01:32:45.510 PM'
}
{
  method: 'GET',
  url: '/api/v1/property/?page=0',
  status: 304,
  response_time: 103.982,
  level: 'http',
  message: 'incoming-request',
  timestamp: '2024-07-07 01:32:45.561 PM'
}
{
  method: 'GET',
  url: '/api/v1/property/666720f01ed8af0105a0d444',
  status: 304,
  response_time: 53.455,
  level: 'http',
  message: 'incoming-request',
  timestamp: '2024-07-07 01:32:48.085 PM'
}
{
  method: 'GET',
  url: '/api/v1/property/?page=0',
  status: 304,
  response_time: 102.065,
  level: 'http',
  message: 'incoming-request',
  timestamp: '2024-07-07 01:32:48.133 PM'
}
{
  method: 'GET',
  url: '/api/v1/user/profile',
  status: 304,
  response_time: 105.782,
  level: 'http',
  message: 'incoming-request',
  timestamp: '2024-07-07 01:32:48.135 PM'
}
{
  method: 'GET',
  url: '/api/v1/user/profile',
  status: 401,
  content_length: '12',
  response_time: 0.156,
  level: 'http',
  message: 'incoming-request',
  timestamp: '2024-07-07 01:33:13.022 PM'
}
{
  method: 'GET',
  url: '/api/v1/property/666720f01ed8af0105a0d444',
  status: 304,
  response_time: 50.829,
  level: 'http',
  message: 'incoming-request',
  timestamp: '2024-07-07 01:33:13.076 PM'
}
{
  method: 'GET',
  url: '/api/v1/property/?page=0',
  status: 304,
  response_time: 106.734,
  level: 'http',
  message: 'incoming-request',
  timestamp: '2024-07-07 01:33:13.130 PM'
}
{
  method: 'GET',
  url: '/api/v1/property/666720f01ed8af0105a0d444',
  status: 304,
  response_time: 50.48,
  level: 'http',
  message: 'incoming-request',
  timestamp: '2024-07-07 01:33:13.814 PM'
}
{
  method: 'GET',
  url: '/api/v1/property/?page=0',
  status: 304,
  response_time: 101.532,
  level: 'http',
  message: 'incoming-request',
  timestamp: '2024-07-07 01:33:13.864 PM'
}
{
  method: 'GET',
  url: '/api/v1/user/profile',
  status: 304,
  response_time: 106.152,
  level: 'http',
  message: 'incoming-request',
  timestamp: '2024-07-07 01:33:13.865 PM'
}
{
  method: 'GET',
  url: '/api/v1/property/666720f01ed8af0105a0d444',
  status: 304,
  response_time: 52.297,
  level: 'http',
  message: 'incoming-request',
  timestamp: '2024-07-07 01:33:17.037 PM'
}
{
  method: 'GET',
  url: '/api/v1/property/?page=0',
  status: 304,
  response_time: 103.689,
  level: 'http',
  message: 'incoming-request',
  timestamp: '2024-07-07 01:33:17.088 PM'
}
{
  method: 'GET',
  url: '/api/v1/user/profile',
  status: 304,
  response_time: 106.552,
  level: 'http',
  message: 'incoming-request',
  timestamp: '2024-07-07 01:33:17.089 PM'
}
{
  method: 'GET',
  url: '/api/v1/property/666720f01ed8af0105a0d444',
  status: 304,
  response_time: 51.554,
  level: 'http',
  message: 'incoming-request',
  timestamp: '2024-07-07 01:33:23.407 PM'
}
{
  method: 'GET',
  url: '/api/v1/property/?page=0',
  status: 304,
  response_time: 112.52,
  level: 'http',
  message: 'incoming-request',
  timestamp: '2024-07-07 01:33:23.468 PM'
}
{
  method: 'GET',
  url: '/api/v1/user/profile',
  status: 304,
  response_time: 115.66,
  level: 'http',
  message: 'incoming-request',
  timestamp: '2024-07-07 01:33:23.469 PM'
}
{
  method: 'GET',
  url: '/api/v1/property/666720f01ed8af0105a0d444',
  status: 304,
  response_time: 51.258,
  level: 'http',
  message: 'incoming-request',
  timestamp: '2024-07-07 01:33:26.967 PM'
}
{
  method: 'GET',
  url: '/api/v1/property/?page=0',
  status: 304,
  response_time: 101.153,
  level: 'http',
  message: 'incoming-request',
  timestamp: '2024-07-07 01:33:27.016 PM'
}
{
  method: 'GET',
  url: '/api/v1/user/profile',
  status: 304,
  response_time: 106.693,
  level: 'http',
  message: 'incoming-request',
  timestamp: '2024-07-07 01:33:27.020 PM'
}
{
  method: 'GET',
  url: '/api/v1/user/profile',
  status: 401,
  content_length: '12',
  response_time: 0.226,
  level: 'http',
  message: 'incoming-request',
  timestamp: '2024-07-07 01:38:00.065 PM'
}
{
  method: 'GET',
  url: '/api/v1/property/666720f01ed8af0105a0d444',
  status: 304,
  response_time: 52.5,
  level: 'http',
  message: 'incoming-request',
  timestamp: '2024-07-07 01:38:00.118 PM'
}
{
  method: 'GET',
  url: '/api/v1/property/?page=0',
  status: 304,
  response_time: 101.305,
  level: 'http',
  message: 'incoming-request',
  timestamp: '2024-07-07 01:38:00.168 PM'
}
{
  method: 'GET',
  url: '/api/v1/property/666720f01ed8af0105a0d444',
  status: 304,
  response_time: 51.986,
  level: 'http',
  message: 'incoming-request',
  timestamp: '2024-07-07 01:38:00.386 PM'
}
{
  method: 'GET',
  url: '/api/v1/property/?page=0',
  status: 304,
  response_time: 103.56,
  level: 'http',
  message: 'incoming-request',
  timestamp: '2024-07-07 01:38:00.433 PM'
}
{
  method: 'GET',
  url: '/api/v1/user/profile',
  status: 304,
  response_time: 112.162,
  level: 'http',
  message: 'incoming-request',
  timestamp: '2024-07-07 01:38:00.443 PM'
}
{
  method: 'GET',
  url: '/api/v1/user/profile',
  status: 401,
  content_length: '12',
  response_time: 0.213,
  level: 'http',
  message: 'incoming-request',
  timestamp: '2024-07-07 01:57:23.037 PM'
}
{
  method: 'GET',
  url: '/api/v1/property/666720f01ed8af0105a0d444',
  status: 304,
  response_time: 52.253,
  level: 'http',
  message: 'incoming-request',
  timestamp: '2024-07-07 01:57:23.090 PM'
}
{
  method: 'GET',
  url: '/api/v1/property/?page=0',
  status: 304,
  response_time: 100.995,
  level: 'http',
  message: 'incoming-request',
  timestamp: '2024-07-07 01:57:23.140 PM'
}
{
  method: 'GET',
  url: '/api/v1/property/666720f01ed8af0105a0d444',
  status: 304,
  response_time: 50.696,
  level: 'http',
  message: 'incoming-request',
  timestamp: '2024-07-07 01:57:23.418 PM'
}
{
  method: 'GET',
  url: '/api/v1/user/profile',
  status: 304,
  response_time: 102.15,
  level: 'http',
  message: 'incoming-request',
  timestamp: '2024-07-07 01:57:23.462 PM'
}
{
  method: 'GET',
  url: '/api/v1/property/?page=0',
  status: 304,
  response_time: 105.671,
  level: 'http',
  message: 'incoming-request',
  timestamp: '2024-07-07 01:57:23.472 PM'
}
{
  method: 'GET',
  url: '/api/v1/user/profile',
  status: 401,
  content_length: '12',
  response_time: 0.189,
  level: 'http',
  message: 'incoming-request',
  timestamp: '2024-07-07 01:57:29.053 PM'
}
{
  method: 'GET',
  url: '/api/v1/property/666720f01ed8af0105a0d444',
  status: 304,
  response_time: 53.556,
  level: 'http',
  message: 'incoming-request',
  timestamp: '2024-07-07 01:57:29.107 PM'
}
{
  method: 'GET',
  url: '/api/v1/property/?page=0',
  status: 304,
  response_time: 101.976,
  level: 'http',
  message: 'incoming-request',
  timestamp: '2024-07-07 01:57:29.157 PM'
}
{
  method: 'GET',
  url: '/api/v1/property/666720f01ed8af0105a0d444',
  status: 304,
  response_time: 54.446,
  level: 'http',
  message: 'incoming-request',
  timestamp: '2024-07-07 01:57:29.373 PM'
}
{
  method: 'GET',
  url: '/api/v1/user/profile',
  status: 304,
  response_time: 103.036,
  level: 'http',
  message: 'incoming-request',
  timestamp: '2024-07-07 01:57:29.419 PM'
}
{
  method: 'GET',
  url: '/api/v1/property/?page=0',
  status: 304,
  response_time: 104.036,
  level: 'http',
  message: 'incoming-request',
  timestamp: '2024-07-07 01:57:29.424 PM'
}
{
  method: 'GET',
  url: '/api/v1/user/profile',
  status: 401,
  content_length: '12',
  response_time: 0.24,
  level: 'http',
  message: 'incoming-request',
  timestamp: '2024-07-07 01:59:49.365 PM'
}
{
  method: 'GET',
  url: '/api/v1/property/666720f01ed8af0105a0d444',
  status: 304,
  response_time: 50.957,
  level: 'http',
  message: 'incoming-request',
  timestamp: '2024-07-07 01:59:49.418 PM'
}
{
  method: 'GET',
  url: '/api/v1/property/?page=0',
  status: 304,
  response_time: 102.544,
  level: 'http',
  message: 'incoming-request',
  timestamp: '2024-07-07 01:59:49.468 PM'
}
{
  method: 'GET',
  url: '/api/v1/property/666720f01ed8af0105a0d444',
  status: 304,
  response_time: 52.101,
  level: 'http',
  message: 'incoming-request',
  timestamp: '2024-07-07 01:59:49.688 PM'
}
{
  method: 'GET',
  url: '/api/v1/user/profile',
  status: 304,
  response_time: 104.687,
  level: 'http',
  message: 'incoming-request',
  timestamp: '2024-07-07 01:59:49.735 PM'
}
{
  method: 'GET',
  url: '/api/v1/property/?page=0',
  status: 304,
  response_time: 102.131,
  level: 'http',
  message: 'incoming-request',
  timestamp: '2024-07-07 01:59:49.737 PM'
}
{
  method: 'GET',
  url: '/api/v1/user/profile',
  status: 401,
  content_length: '12',
  response_time: 0.198,
  level: 'http',
  message: 'incoming-request',
  timestamp: '2024-07-07 02:00:11.860 PM'
}
{
  method: 'GET',
  url: '/api/v1/property/666720f01ed8af0105a0d444',
  status: 304,
  response_time: 52.984,
  level: 'http',
  message: 'incoming-request',
  timestamp: '2024-07-07 02:00:11.915 PM'
}
{
  method: 'GET',
  url: '/api/v1/property/?page=0',
  status: 304,
  response_time: 101.181,
  level: 'http',
  message: 'incoming-request',
  timestamp: '2024-07-07 02:00:11.962 PM'
}
{
  method: 'GET',
  url: '/api/v1/property/666720f01ed8af0105a0d444',
  status: 304,
  response_time: 51.554,
  level: 'http',
  message: 'incoming-request',
  timestamp: '2024-07-07 02:00:12.249 PM'
}
{
  method: 'GET',
  url: '/api/v1/property/?page=0',
  status: 304,
  response_time: 101.96,
  level: 'http',
  message: 'incoming-request',
  timestamp: '2024-07-07 02:00:12.298 PM'
}
{
  method: 'GET',
  url: '/api/v1/user/profile',
  status: 304,
  response_time: 105.041,
  level: 'http',
  message: 'incoming-request',
  timestamp: '2024-07-07 02:00:12.299 PM'
}
{
  method: 'GET',
  url: '/api/v1/user/profile',
  status: 401,
  content_length: '12',
  response_time: 0.304,
  level: 'http',
  message: 'incoming-request',
  timestamp: '2024-07-07 02:16:10.556 PM'
}
{
  method: 'GET',
  url: '/api/v1/property/666720f01ed8af0105a0d444',
  status: 304,
  response_time: 51.624,
  level: 'http',
  message: 'incoming-request',
  timestamp: '2024-07-07 02:16:10.609 PM'
}
{
  method: 'GET',
  url: '/api/v1/property/?page=0',
  status: 304,
  response_time: 106.051,
  level: 'http',
  message: 'incoming-request',
  timestamp: '2024-07-07 02:16:10.660 PM'
}
{
  method: 'GET',
  url: '/api/v1/property/666720f01ed8af0105a0d444',
  status: 304,
  response_time: 52.58,
  level: 'http',
  message: 'incoming-request',
  timestamp: '2024-07-07 02:16:11.069 PM'
}
{
  method: 'GET',
  url: '/api/v1/user/profile',
  status: 304,
  response_time: 107.256,
  level: 'http',
  message: 'incoming-request',
  timestamp: '2024-07-07 02:16:11.103 PM'
}
{
  method: 'GET',
  url: '/api/v1/property/?page=0',
  status: 304,
  response_time: 108.794,
  level: 'http',
  message: 'incoming-request',
  timestamp: '2024-07-07 02:16:11.120 PM'
}
{
  method: 'GET',
  url: '/api/v1/user/profile',
  status: 401,
  content_length: '12',
  response_time: 0.184,
  level: 'http',
  message: 'incoming-request',
  timestamp: '2024-07-07 02:19:35.100 PM'
}
{
  method: 'GET',
  url: '/api/v1/property/666720f01ed8af0105a0d444',
  status: 304,
  response_time: 50.996,
  level: 'http',
  message: 'incoming-request',
  timestamp: '2024-07-07 02:19:35.153 PM'
}
{
  method: 'GET',
  url: '/api/v1/property/?page=0',
  status: 304,
  response_time: 104.451,
  level: 'http',
  message: 'incoming-request',
  timestamp: '2024-07-07 02:19:35.206 PM'
}
{
  method: 'GET',
  url: '/api/v1/property/666720f01ed8af0105a0d444',
  status: 304,
  response_time: 53.408,
  level: 'http',
  message: 'incoming-request',
  timestamp: '2024-07-07 02:19:35.473 PM'
}
{
  method: 'GET',
  url: '/api/v1/user/profile',
  status: 304,
  response_time: 107.127,
  level: 'http',
  message: 'incoming-request',
  timestamp: '2024-07-07 02:19:35.522 PM'
}
{
  method: 'GET',
  url: '/api/v1/property/?page=0',
  status: 304,
  response_time: 105.974,
  level: 'http',
  message: 'incoming-request',
  timestamp: '2024-07-07 02:19:35.524 PM'
}
{
  method: 'GET',
  url: '/api/v1/user/profile',
  status: 401,
  content_length: '12',
  response_time: 0.193,
  level: 'http',
  message: 'incoming-request',
  timestamp: '2024-07-07 02:22:36.074 PM'
}
{
  method: 'GET',
  url: '/api/v1/property/666720f01ed8af0105a0d444',
  status: 304,
  response_time: 51.489,
  level: 'http',
  message: 'incoming-request',
  timestamp: '2024-07-07 02:22:36.128 PM'
}
{
  method: 'GET',
  url: '/api/v1/property/?page=0',
  status: 304,
  response_time: 104.027,
  level: 'http',
  message: 'incoming-request',
  timestamp: '2024-07-07 02:22:36.179 PM'
}
{
  method: 'GET',
  url: '/api/v1/property/666720f01ed8af0105a0d444',
  status: 304,
  response_time: 51.813,
  level: 'http',
  message: 'incoming-request',
  timestamp: '2024-07-07 02:22:36.932 PM'
}
{
  method: 'GET',
  url: '/api/v1/user/profile',
  status: 304,
  response_time: 108.818,
  level: 'http',
  message: 'incoming-request',
  timestamp: '2024-07-07 02:22:36.986 PM'
}
{
  method: 'GET',
  url: '/api/v1/property/?page=0',
  status: 304,
  response_time: 107.938,
  level: 'http',
  message: 'incoming-request',
  timestamp: '2024-07-07 02:22:36.988 PM'
}
{
  method: 'GET',
  url: '/api/v1/user/profile',
  status: 401,
  content_length: '12',
  response_time: 2.514,
  level: 'http',
  message: 'incoming-request',
  timestamp: '2024-07-07 02:23:04.228 PM'
}
{
  method: 'GET',
  url: '/api/v1/property/666720f01ed8af0105a0d444',
  status: 304,
  response_time: 60.799,
  level: 'http',
  message: 'incoming-request',
  timestamp: '2024-07-07 02:23:04.297 PM'
}
{
  method: 'GET',
  url: '/api/v1/property/?page=0',
  status: 304,
  response_time: 115.022,
  level: 'http',
  message: 'incoming-request',
  timestamp: '2024-07-07 02:23:04.348 PM'
}
{
  method: 'GET',
  url: '/api/v1/property/666720f01ed8af0105a0d444',
  status: 304,
  response_time: 53.813,
  level: 'http',
  message: 'incoming-request',
  timestamp: '2024-07-07 02:23:04.579 PM'
}
{
  method: 'GET',
  url: '/api/v1/user/profile',
  status: 304,
  response_time: 114.499,
  level: 'http',
  message: 'incoming-request',
  timestamp: '2024-07-07 02:23:04.620 PM'
}
{
  method: 'GET',
  url: '/api/v1/property/?page=0',
  status: 304,
  response_time: 109.896,
  level: 'http',
  message: 'incoming-request',
  timestamp: '2024-07-07 02:23:04.623 PM'
}
{
  method: 'GET',
  url: '/api/v1/property/?page=1',
  status: 304,
  response_time: 109.442,
  level: 'http',
  message: 'incoming-request',
  timestamp: '2024-07-07 02:23:09.212 PM'
}
{
  error: MongooseError: Operation `users.findOne()` buffering timed out after 10000ms
      at Timeout.<anonymous> (D:\Projects\mern-project-typescript\node_modules\mongoose\lib\drivers\node-mongodb-native\collection.js:185:23)
      at listOnTimeout (node:internal/timers:573:17)
      at process.processTimers (node:internal/timers:514:7),
  level: 'error',
  message: 'unhandledRejection: Operation `users.findOne()` buffering timed out after 10000ms\n' +
    'MongooseError: Operation `users.findOne()` buffering timed out after 10000ms\n' +
    '    at Timeout.<anonymous> (D:\\Projects\\mern-project-typescript\\node_modules\\mongoose\\lib\\drivers\\node-mongodb-native\\collection.js:185:23)\n' +
    '    at listOnTimeout (node:internal/timers:573:17)\n' +
    '    at process.processTimers (node:internal/timers:514:7)',
  stack: 'MongooseError: Operation `users.findOne()` buffering timed out after 10000ms\n' +
    '    at Timeout.<anonymous> (D:\\Projects\\mern-project-typescript\\node_modules\\mongoose\\lib\\drivers\\node-mongodb-native\\collection.js:185:23)\n' +
    '    at listOnTimeout (node:internal/timers:573:17)\n' +
    '    at process.processTimers (node:internal/timers:514:7)',
  rejection: true,
  date: 'Sun Jul 07 2024 18:52:42 GMT+0300 ( ,  )',
  process: {
    pid: 18788,
    uid: null,
    gid: null,
    cwd: 'D:\\Projects\\mern-project-typescript',
    execPath: 'C:\\Program Files\\nodejs\\node.exe',
    version: 'v20.12.2',
    argv: [
      'C:\\Program Files\\nodejs\\node.exe',
      'D:\\Projects\\mern-project-typescript\\backend\\server.js'
    ],
    memoryUsage: {
      rss: 69107712,
      heapTotal: 31526912,
      heapUsed: 30102328,
      external: 21043606,
      arrayBuffers: 18262718
    }
  },
  os: { loadavg: [ 0, 0, 0 ], uptime: 65563.062 },
  trace: [
    {
      column: 23,
      file: 'D:\\Projects\\mern-project-typescript\\node_modules\\mongoose\\lib\\drivers\\node-mongodb-native\\collection.js',
      function: null,
      line: 185,
      method: null,
      native: false
    },
    {
      column: 17,
      file: 'node:internal/timers',
      function: 'listOnTimeout',
      line: 573,
      method: null,
      native: false
    },
    {
      column: 7,
      file: 'node:internal/timers',
      function: 'process.processTimers',
      line: 514,
      method: 'processTimers',
      native: false
    }
  ],
  timestamp: '2024-07-07 06:52:42.343 PM'
}
{
  method: 'GET',
  url: '/api/v1/property/?page=1',
  status: 200,
  content_length: '479',
  response_time: 10015.871,
  level: 'http',
  message: 'incoming-request',
  timestamp: '2024-07-07 06:52:42.348 PM'
}
{
  method: 'GET',
  url: '/api/v1/user/profile',
  status: 304,
  response_time: 120.561,
  level: 'http',
  message: 'incoming-request',
  timestamp: '2024-07-07 06:54:27.436 PM'
}
{
  method: 'GET',
  url: '/api/v1/property/?page=1',
  status: 200,
  content_length: '2719',
  response_time: 118.501,
  level: 'http',
  message: 'incoming-request',
  timestamp: '2024-07-07 06:54:27.442 PM'
}
{
  method: 'GET',
  url: '/api/v1/property/?page=1',
  status: 304,
  response_time: 112.398,
  level: 'http',
  message: 'incoming-request',
  timestamp: '2024-07-07 06:54:59.742 PM'
}
{
  method: 'GET',
  url: '/api/v1/user/profile',
  status: 304,
  response_time: 117.668,
  level: 'http',
  message: 'incoming-request',
  timestamp: '2024-07-07 06:54:59.744 PM'
}
{
  method: 'GET',
  url: '/api/v1/user/profile',
  status: 304,
  response_time: 107.742,
  level: 'http',
  message: 'incoming-request',
  timestamp: '2024-07-07 06:55:05.534 PM'
}
{
  method: 'GET',
  url: '/api/v1/property/?page=1',
  status: 304,
  response_time: 107.347,
  level: 'http',
  message: 'incoming-request',
  timestamp: '2024-07-07 06:55:05.537 PM'
}
{
  method: 'GET',
  url: '/api/v1/user/profile',
  status: 304,
  response_time: 105.842,
  level: 'http',
  message: 'incoming-request',
  timestamp: '2024-07-07 06:55:07.553 PM'
}
{
  method: 'GET',
  url: '/api/v1/property/?page=1',
  status: 304,
  response_time: 106.183,
  level: 'http',
  message: 'incoming-request',
  timestamp: '2024-07-07 06:55:07.555 PM'
}
{
  method: 'GET',
  url: '/api/v1/property/?page=1',
  status: 304,
  response_time: 120.093,
  level: 'http',
  message: 'incoming-request',
  timestamp: '2024-07-07 06:55:10.450 PM'
}
{
  method: 'GET',
  url: '/api/v1/user/profile',
  status: 304,
  response_time: 123.421,
  level: 'http',
  message: 'incoming-request',
  timestamp: '2024-07-07 06:55:10.451 PM'
}
{
  method: 'GET',
  url: '/api/v1/user/profile',
  status: 304,
  response_time: 106.131,
  level: 'http',
  message: 'incoming-request',
  timestamp: '2024-07-07 06:55:15.772 PM'
}
{
  method: 'GET',
  url: '/api/v1/property/?page=1',
  status: 304,
  response_time: 106.581,
  level: 'http',
  message: 'incoming-request',
  timestamp: '2024-07-07 06:55:15.774 PM'
}
{
  method: 'GET',
  url: '/api/v1/user/profile',
  status: 200,
  content_length: '291',
  response_time: 107.29,
  level: 'http',
  message: 'incoming-request',
  timestamp: '2024-07-07 06:57:01.242 PM'
}
{
  method: 'GET',
  url: '/api/v1/property/?page=1',
  status: 200,
  content_length: '2719',
  response_time: 108.009,
  level: 'http',
  message: 'incoming-request',
  timestamp: '2024-07-07 06:57:01.246 PM'
}
{
  method: 'GET',
  url: '/api/v1/user/profile',
  status: 304,
  response_time: 109.395,
  level: 'http',
  message: 'incoming-request',
  timestamp: '2024-07-07 06:57:10.352 PM'
}
{
  method: 'GET',
  url: '/api/v1/property/?page=1',
  status: 304,
  response_time: 109.533,
  level: 'http',
  message: 'incoming-request',
  timestamp: '2024-07-07 06:57:10.354 PM'
}
{
  method: 'GET',
  url: '/api/v1/user/profile',
  status: 304,
  response_time: 105.396,
  level: 'http',
  message: 'incoming-request',
  timestamp: '2024-07-07 06:57:19.075 PM'
}
{
  method: 'GET',
  url: '/api/v1/property/?page=1',
  status: 304,
  response_time: 105.4,
  level: 'http',
  message: 'incoming-request',
  timestamp: '2024-07-07 06:57:19.078 PM'
}
{
  method: 'GET',
  url: '/api/v1/user/profile',
  status: 304,
  response_time: 107.084,
  level: 'http',
  message: 'incoming-request',
  timestamp: '2024-07-07 07:03:21.792 PM'
}
{
  method: 'GET',
  url: '/api/v1/property/?page=1',
  status: 304,
  response_time: 108.954,
  level: 'http',
  message: 'incoming-request',
  timestamp: '2024-07-07 07:03:21.797 PM'
}
{
  method: 'GET',
  url: '/api/v1/user/profile',
  status: 304,
  response_time: 105.263,
  level: 'http',
  message: 'incoming-request',
  timestamp: '2024-07-07 07:03:32.143 PM'
}
{
  method: 'GET',
  url: '/api/v1/property/?page=1',
  status: 304,
  response_time: 104.899,
  level: 'http',
  message: 'incoming-request',
  timestamp: '2024-07-07 07:03:32.146 PM'
}
{
  method: 'GET',
  url: '/api/v1/user/profile',
  status: 304,
  response_time: 105.192,
  level: 'http',
  message: 'incoming-request',
  timestamp: '2024-07-07 07:03:34.043 PM'
}
{
  method: 'GET',
  url: '/api/v1/property/?page=1',
  status: 304,
  response_time: 105.133,
  level: 'http',
  message: 'incoming-request',
  timestamp: '2024-07-07 07:03:34.044 PM'
}
{
  method: 'GET',
  url: '/api/v1/user/profile',
  status: 304,
  response_time: 108.462,
  level: 'http',
  message: 'incoming-request',
  timestamp: '2024-07-07 07:24:23.182 PM'
}
{
  method: 'GET',
  url: '/api/v1/user/profile',
  status: 304,
  response_time: 111.163,
  level: 'http',
  message: 'incoming-request',
  timestamp: '2024-07-07 07:24:27.217 PM'
}
{
  method: 'GET',
  url: '/api/v1/user/profile',
  status: 304,
  response_time: 105.035,
  level: 'http',
  message: 'incoming-request',
  timestamp: '2024-07-07 07:24:39.101 PM'
}
{
  method: 'GET',
  url: '/api/v1/user/profile',
  status: 304,
  response_time: 111.916,
  level: 'http',
  message: 'incoming-request',
  timestamp: '2024-07-07 07:26:10.517 PM'
}
{
  method: 'GET',
  url: '/api/v1/user/profile',
  status: 304,
  response_time: 105.766,
  level: 'http',
  message: 'incoming-request',
  timestamp: '2024-07-07 07:42:51.108 PM'
}
{
  method: 'GET',
  url: '/api/v1/user/profile',
  status: 304,
  response_time: 106.755,
  level: 'http',
  message: 'incoming-request',
  timestamp: '2024-07-07 07:50:46.383 PM'
}
{
  method: 'GET',
  url: '/api/v1/user/profile',
  status: 304,
  response_time: 104.881,
  level: 'http',
  message: 'incoming-request',
  timestamp: '2024-07-07 07:50:52.150 PM'
}
{
  method: 'GET',
  url: '/api/v1/user/profile',
  status: 304,
  response_time: 105.224,
  level: 'http',
  message: 'incoming-request',
  timestamp: '2024-07-07 07:50:59.019 PM'
}
{
  method: 'GET',
  url: '/api/v1/user/profile',
  status: 304,
  response_time: 105.652,
  level: 'http',
  message: 'incoming-request',
  timestamp: '2024-07-07 07:52:04.695 PM'
}
{
  method: 'GET',
  url: '/api/v1/user/profile',
  status: 304,
  response_time: 108.665,
  level: 'http',
  message: 'incoming-request',
  timestamp: '2024-07-07 07:52:22.014 PM'
}
{
  method: 'GET',
  url: '/api/v1/user/profile',
  status: 304,
  response_time: 105.364,
  level: 'http',
  message: 'incoming-request',
  timestamp: '2024-07-07 07:55:06.534 PM'
}
{
  method: 'GET',
  url: '/api/v1/user/profile',
  status: 304,
  response_time: 105.108,
  level: 'http',
  message: 'incoming-request',
  timestamp: '2024-07-07 07:58:48.577 PM'
}
{
  method: 'GET',
  url: '/api/v1/user/profile',
  status: 304,
  response_time: 105.09,
  level: 'http',
  message: 'incoming-request',
  timestamp: '2024-07-07 07:58:51.352 PM'
}
{
  method: 'GET',
  url: '/api/v1/user/profile',
  status: 304,
  response_time: 104.679,
  level: 'http',
  message: 'incoming-request',
  timestamp: '2024-07-07 07:58:52.872 PM'
}
{
  method: 'GET',
  url: '/api/v1/user/profile',
  status: 304,
  response_time: 104.658,
  level: 'http',
  message: 'incoming-request',
  timestamp: '2024-07-07 07:58:55.117 PM'
}
{
  method: 'GET',
  url: '/api/v1/user/profile',
  status: 304,
  response_time: 113.279,
  level: 'http',
  message: 'incoming-request',
  timestamp: '2024-07-07 08:00:26.311 PM'
}
{
  method: 'GET',
  url: '/api/v1/user/profile',
  status: 304,
  response_time: 106.564,
  level: 'http',
  message: 'incoming-request',
  timestamp: '2024-07-07 08:03:38.762 PM'
}
{
  method: 'GET',
  url: '/api/v1/user/profile',
  status: 304,
  response_time: 106.594,
  level: 'http',
  message: 'incoming-request',
  timestamp: '2024-07-07 08:03:47.822 PM'
}
{
  method: 'GET',
  url: '/api/v1/user/profile',
  status: 304,
  response_time: 106.695,
  level: 'http',
  message: 'incoming-request',
  timestamp: '2024-07-07 08:03:50.198 PM'
}
{
  method: 'GET',
  url: '/api/v1/user/profile',
  status: 304,
  response_time: 106.783,
  level: 'http',
  message: 'incoming-request',
  timestamp: '2024-07-07 08:04:08.378 PM'
}
{
  method: 'GET',
  url: '/api/v1/user/profile',
  status: 304,
  response_time: 105.002,
  level: 'http',
  message: 'incoming-request',
  timestamp: '2024-07-07 08:05:43.549 PM'
}
