{
  method: 'GET',
  url: '/api/v1/user/profile',
  status: 200,
  content_length: '291',
  response_time: 152.148,
  level: 'http',
  message: 'incoming-request',
  timestamp: '2024-07-11 07:24:49.824 PM'
}
{
  method: 'GET',
  url: '/api/v1/property/?page=1',
  status: 200,
  content_length: '2719',
  response_time: 170.026,
  level: 'http',
  message: 'incoming-request',
  timestamp: '2024-07-11 07:24:49.850 PM'
}
{
  method: 'GET',
  url: '/api/v1/property/66698737b4ca40d2e7bfb178',
  status: 200,
  content_length: '463',
  response_time: 55.965,
  level: 'http',
  message: 'incoming-request',
  timestamp: '2024-07-11 07:24:49.947 PM'
}
{
  method: 'GET',
  url: '/api/v1/property/667d32bae9317340ae958b34',
  status: 200,
  content_length: '484',
  response_time: 55.231,
  level: 'http',
  message: 'incoming-request',
  timestamp: '2024-07-11 07:24:49.948 PM'
}
{
  method: 'GET',
  url: '/api/v1/property/666720f01ed8af0105a0d444',
  status: 200,
  content_length: '457',
  response_time: 60.821,
  level: 'http',
  message: 'incoming-request',
  timestamp: '2024-07-11 07:24:49.950 PM'
}
{
  method: 'GET',
  url: '/api/v1/property/667d33ace9317340ae958b40',
  status: 200,
  content_length: '477',
  response_time: 149.228,
  level: 'http',
  message: 'incoming-request',
  timestamp: '2024-07-11 07:24:50.046 PM'
}
{
  method: 'GET',
  url: '/api/v1/property/667d3302e9317340ae958b38',
  status: 200,
  content_length: '484',
  response_time: 470.462,
  level: 'http',
  message: 'incoming-request',
  timestamp: '2024-07-11 07:24:50.364 PM'
}
{
  method: 'GET',
  url: '/api/v1/property/667d3343e9317340ae958b3c',
  status: 200,
  content_length: '481',
  response_time: 516.43,
  level: 'http',
  message: 'incoming-request',
  timestamp: '2024-07-11 07:24:50.412 PM'
}
{
  method: 'GET',
  url: '/api/v1/property/?page=0',
  status: 200,
  content_length: '2719',
  response_time: 163.862,
  level: 'http',
  message: 'incoming-request',
  timestamp: '2024-07-11 07:26:22.512 PM'
}
{
  method: 'GET',
  url: '/api/v1/property/666720f01ed8af0105a0d444',
  status: 304,
  response_time: 92.499,
  level: 'http',
  message: 'incoming-request',
  timestamp: '2024-07-11 07:51:17.874 PM'
}
{
  method: 'GET',
  url: '/api/v1/property/?page=0',
  status: 304,
  response_time: 132.768,
  level: 'http',
  message: 'incoming-request',
  timestamp: '2024-07-11 07:51:17.916 PM'
}
{
  method: 'GET',
  url: '/api/v1/user/profile',
  status: 304,
  response_time: 141.027,
  level: 'http',
  message: 'incoming-request',
  timestamp: '2024-07-11 07:51:17.919 PM'
}
{
  method: 'GET',
  url: '/api/v1/property/666720f01ed8af0105a0d444',
  status: 304,
  response_time: 87.575,
  level: 'http',
  message: 'incoming-request',
  timestamp: '2024-07-11 08:28:24.102 PM'
}
{
  method: 'GET',
  url: '/api/v1/property/?page=0',
  status: 304,
  response_time: 175.616,
  level: 'http',
  message: 'incoming-request',
  timestamp: '2024-07-11 08:28:24.189 PM'
}
{
  method: 'GET',
  url: '/api/v1/user/profile',
  status: 304,
  response_time: 180.475,
  level: 'http',
  message: 'incoming-request',
  timestamp: '2024-07-11 08:28:24.191 PM'
}
{
  method: 'GET',
  url: '/api/v1/property/666720f01ed8af0105a0d444',
  status: 304,
  response_time: 69.695,
  level: 'http',
  message: 'incoming-request',
  timestamp: '2024-07-11 08:28:31.609 PM'
}
{
  method: 'GET',
  url: '/api/v1/user/profile',
  status: 304,
  response_time: 110.309,
  level: 'http',
  message: 'incoming-request',
  timestamp: '2024-07-11 08:28:31.647 PM'
}
{
  method: 'GET',
  url: '/api/v1/property/?page=0',
  status: 304,
  response_time: 174.223,
  level: 'http',
  message: 'incoming-request',
  timestamp: '2024-07-11 08:28:31.713 PM'
}
{
  method: 'GET',
  url: '/api/v1/property/666720f01ed8af0105a0d444',
  status: 304,
  response_time: 90.011,
  level: 'http',
  message: 'incoming-request',
  timestamp: '2024-07-11 08:28:35.256 PM'
}
{
  method: 'GET',
  url: '/api/v1/user/profile',
  status: 304,
  response_time: 117.802,
  level: 'http',
  message: 'incoming-request',
  timestamp: '2024-07-11 08:28:35.280 PM'
}
{
  method: 'GET',
  url: '/api/v1/property/?page=0',
  status: 304,
  response_time: 181.551,
  level: 'http',
  message: 'incoming-request',
  timestamp: '2024-07-11 08:28:35.346 PM'
}
{
  method: 'GET',
  url: '/api/v1/property/666720f01ed8af0105a0d444',
  status: 304,
  response_time: 81.7,
  level: 'http',
  message: 'incoming-request',
  timestamp: '2024-07-11 08:28:59.716 PM'
}
{
  method: 'GET',
  url: '/api/v1/user/profile',
  status: 304,
  response_time: 111.118,
  level: 'http',
  message: 'incoming-request',
  timestamp: '2024-07-11 08:28:59.743 PM'
}
{
  method: 'GET',
  url: '/api/v1/property/?page=0',
  status: 304,
  response_time: 174.267,
  level: 'http',
  message: 'incoming-request',
  timestamp: '2024-07-11 08:28:59.808 PM'
}
{
  method: 'GET',
  url: '/api/v1/property/666720f01ed8af0105a0d444',
  status: 304,
  response_time: 70.068,
  level: 'http',
  message: 'incoming-request',
  timestamp: '2024-07-11 08:29:09.702 PM'
}
{
  method: 'GET',
  url: '/api/v1/property/?page=0',
  status: 304,
  response_time: 98.201,
  level: 'http',
  message: 'incoming-request',
  timestamp: '2024-07-11 08:29:09.729 PM'
}
{
  method: 'GET',
  url: '/api/v1/user/profile',
  status: 304,
  response_time: 167.758,
  level: 'http',
  message: 'incoming-request',
  timestamp: '2024-07-11 08:29:09.796 PM'
}
{
  method: 'GET',
  url: '/api/v1/property/666720f01ed8af0105a0d444',
  status: 304,
  response_time: 107.34,
  level: 'http',
  message: 'incoming-request',
  timestamp: '2024-07-11 08:29:14.519 PM'
}
{
  method: 'GET',
  url: '/api/v1/user/profile',
  status: 304,
  response_time: 142.808,
  level: 'http',
  message: 'incoming-request',
  timestamp: '2024-07-11 08:29:14.552 PM'
}
{
  method: 'GET',
  url: '/api/v1/property/?page=0',
  status: 304,
  response_time: 193.733,
  level: 'http',
  message: 'incoming-request',
  timestamp: '2024-07-11 08:29:14.605 PM'
}
{
  method: 'GET',
  url: '/api/v1/property/666720f01ed8af0105a0d444',
  status: 304,
  response_time: 66.071,
  level: 'http',
  message: 'incoming-request',
  timestamp: '2024-07-11 08:29:18.911 PM'
}
{
  method: 'GET',
  url: '/api/v1/user/profile',
  status: 304,
  response_time: 109.584,
  level: 'http',
  message: 'incoming-request',
  timestamp: '2024-07-11 08:29:18.950 PM'
}
{
  method: 'GET',
  url: '/api/v1/property/?page=0',
  status: 304,
  response_time: 172.642,
  level: 'http',
  message: 'incoming-request',
  timestamp: '2024-07-11 08:29:19.016 PM'
}
{
  method: 'GET',
  url: '/api/v1/property/666720f01ed8af0105a0d444',
  status: 304,
  response_time: 113.67,
  level: 'http',
  message: 'incoming-request',
  timestamp: '2024-07-11 08:29:32.198 PM'
}
{
  method: 'GET',
  url: '/api/v1/user/profile',
  status: 304,
  response_time: 144.575,
  level: 'http',
  message: 'incoming-request',
  timestamp: '2024-07-11 08:29:32.225 PM'
}
{
  method: 'GET',
  url: '/api/v1/property/?page=0',
  status: 304,
  response_time: 196.004,
  level: 'http',
  message: 'incoming-request',
  timestamp: '2024-07-11 08:29:32.280 PM'
}
{
  method: 'GET',
  url: '/api/v1/property/666720f01ed8af0105a0d444',
  status: 304,
  response_time: 97.25,
  level: 'http',
  message: 'incoming-request',
  timestamp: '2024-07-11 08:29:34.953 PM'
}
{
  method: 'GET',
  url: '/api/v1/property/?page=0',
  status: 304,
  response_time: 192.413,
  level: 'http',
  message: 'incoming-request',
  timestamp: '2024-07-11 08:29:35.047 PM'
}
{
  method: 'GET',
  url: '/api/v1/user/profile',
  status: 304,
  response_time: 220.535,
  level: 'http',
  message: 'incoming-request',
  timestamp: '2024-07-11 08:29:35.073 PM'
}
{
  method: 'GET',
  url: '/api/v1/property/666720f01ed8af0105a0d444',
  status: 304,
  response_time: 76.527,
  level: 'http',
  message: 'incoming-request',
  timestamp: '2024-07-11 08:29:40.932 PM'
}
{
  method: 'GET',
  url: '/api/v1/property/?page=0',
  status: 304,
  response_time: 157.605,
  level: 'http',
  message: 'incoming-request',
  timestamp: '2024-07-11 08:29:41.012 PM'
}
{
  method: 'GET',
  url: '/api/v1/user/profile',
  status: 304,
  response_time: 185.101,
  level: 'http',
  message: 'incoming-request',
  timestamp: '2024-07-11 08:29:41.037 PM'
}
{
  method: 'GET',
  url: '/api/v1/property/666720f01ed8af0105a0d444',
  status: 304,
  response_time: 67.354,
  level: 'http',
  message: 'incoming-request',
  timestamp: '2024-07-11 08:29:45.271 PM'
}
{
  method: 'GET',
  url: '/api/v1/user/profile',
  status: 304,
  response_time: 96.352,
  level: 'http',
  message: 'incoming-request',
  timestamp: '2024-07-11 08:29:45.297 PM'
}
{
  method: 'GET',
  url: '/api/v1/property/?page=0',
  status: 304,
  response_time: 160.003,
  level: 'http',
  message: 'incoming-request',
  timestamp: '2024-07-11 08:29:45.363 PM'
}
{
  method: 'GET',
  url: '/api/v1/property/666720f01ed8af0105a0d444',
  status: 304,
  response_time: 47.432,
  level: 'http',
  message: 'incoming-request',
  timestamp: '2024-07-11 08:29:49.677 PM'
}
{
  method: 'GET',
  url: '/api/v1/user/profile',
  status: 304,
  response_time: 144.257,
  level: 'http',
  message: 'incoming-request',
  timestamp: '2024-07-11 08:29:49.771 PM'
}
{
  method: 'GET',
  url: '/api/v1/property/?page=0',
  status: 304,
  response_time: 181.495,
  level: 'http',
  message: 'incoming-request',
  timestamp: '2024-07-11 08:29:49.810 PM'
}
{
  method: 'GET',
  url: '/api/v1/property/666720f01ed8af0105a0d444',
  status: 304,
  response_time: 71.222,
  level: 'http',
  message: 'incoming-request',
  timestamp: '2024-07-11 08:29:55.411 PM'
}
{
  method: 'GET',
  url: '/api/v1/user/profile',
  status: 304,
  response_time: 113.536,
  level: 'http',
  message: 'incoming-request',
  timestamp: '2024-07-11 08:29:55.450 PM'
}
{
  method: 'GET',
  url: '/api/v1/property/?page=0',
  status: 304,
  response_time: 166.114,
  level: 'http',
  message: 'incoming-request',
  timestamp: '2024-07-11 08:29:55.505 PM'
}
{
  method: 'GET',
  url: '/api/v1/property/666720f01ed8af0105a0d444',
  status: 304,
  response_time: 84.651,
  level: 'http',
  message: 'incoming-request',
  timestamp: '2024-07-11 08:30:05.531 PM'
}
{
  method: 'GET',
  url: '/api/v1/user/profile',
  status: 304,
  response_time: 116.361,
  level: 'http',
  message: 'incoming-request',
  timestamp: '2024-07-11 08:30:05.561 PM'
}
{
  method: 'GET',
  url: '/api/v1/property/?page=0',
  status: 304,
  response_time: 153.823,
  level: 'http',
  message: 'incoming-request',
  timestamp: '2024-07-11 08:30:05.600 PM'
}
{
  method: 'GET',
  url: '/api/v1/property/666720f01ed8af0105a0d444',
  status: 304,
  response_time: 110.651,
  level: 'http',
  message: 'incoming-request',
  timestamp: '2024-07-11 08:32:50.056 PM'
}
{
  method: 'GET',
  url: '/api/v1/user/profile',
  status: 304,
  response_time: 168.315,
  level: 'http',
  message: 'incoming-request',
  timestamp: '2024-07-11 08:32:50.109 PM'
}
{
  method: 'GET',
  url: '/api/v1/property/?page=0',
  status: 304,
  response_time: 192.619,
  level: 'http',
  message: 'incoming-request',
  timestamp: '2024-07-11 08:32:50.136 PM'
}
{
  method: 'GET',
  url: '/api/v1/property/666720f01ed8af0105a0d444',
  status: 304,
  response_time: 78.89,
  level: 'http',
  message: 'incoming-request',
  timestamp: '2024-07-11 08:33:12.846 PM'
}
{
  method: 'GET',
  url: '/api/v1/user/profile',
  status: 304,
  response_time: 188.308,
  level: 'http',
  message: 'incoming-request',
  timestamp: '2024-07-11 08:33:12.952 PM'
}
{
  method: 'GET',
  url: '/api/v1/property/?page=0',
  status: 304,
  response_time: 213.035,
  level: 'http',
  message: 'incoming-request',
  timestamp: '2024-07-11 08:33:12.979 PM'
}
{
  method: 'GET',
  url: '/api/v1/property/666720f01ed8af0105a0d444',
  status: 304,
  response_time: 56.998,
  level: 'http',
  message: 'incoming-request',
  timestamp: '2024-07-11 08:33:35.118 PM'
}
{
  method: 'GET',
  url: '/api/v1/property/?page=0',
  status: 304,
  response_time: 147.249,
  level: 'http',
  message: 'incoming-request',
  timestamp: '2024-07-11 08:33:35.208 PM'
}
{
  method: 'GET',
  url: '/api/v1/user/profile',
  status: 304,
  response_time: 175.358,
  level: 'http',
  message: 'incoming-request',
  timestamp: '2024-07-11 08:33:35.234 PM'
}
{
  method: 'GET',
  url: '/api/v1/property/666720f01ed8af0105a0d444',
  status: 304,
  response_time: 47.788,
  level: 'http',
  message: 'incoming-request',
  timestamp: '2024-07-11 08:33:41.311 PM'
}
{
  method: 'GET',
  url: '/api/v1/property/?page=0',
  status: 304,
  response_time: 143.483,
  level: 'http',
  message: 'incoming-request',
  timestamp: '2024-07-11 08:33:41.405 PM'
}
{
  method: 'GET',
  url: '/api/v1/user/profile',
  status: 304,
  response_time: 171.455,
  level: 'http',
  message: 'incoming-request',
  timestamp: '2024-07-11 08:33:41.431 PM'
}
{
  method: 'GET',
  url: '/api/v1/user/profile',
  status: 401,
  content_length: '12',
  response_time: 0.502,
  level: 'http',
  message: 'incoming-request',
  timestamp: '2024-07-11 08:33:46.849 PM'
}
{
  method: 'GET',
  url: '/api/v1/property/666720f01ed8af0105a0d444',
  status: 200,
  content_length: '457',
  response_time: 114.882,
  level: 'http',
  message: 'incoming-request',
  timestamp: '2024-07-11 08:33:46.965 PM'
}
{
  method: 'GET',
  url: '/api/v1/property/?page=0',
  status: 200,
  content_length: '2719',
  response_time: 163.611,
  level: 'http',
  message: 'incoming-request',
  timestamp: '2024-07-11 08:33:47.013 PM'
}
{
  method: 'POST',
  url: '/api/v1/auth/login',
  status: 200,
  content_length: '305',
  response_time: 220.476,
  level: 'http',
  message: 'incoming-request',
  timestamp: '2024-07-11 08:34:05.442 PM'
}
{
  method: 'GET',
  url: '/api/v1/property/666720f01ed8af0105a0d444',
  status: 304,
  response_time: 79.574,
  level: 'http',
  message: 'incoming-request',
  timestamp: '2024-07-11 08:34:09.283 PM'
}
{
  method: 'GET',
  url: '/api/v1/property/?page=0',
  status: 304,
  response_time: 209.709,
  level: 'http',
  message: 'incoming-request',
  timestamp: '2024-07-11 08:34:09.412 PM'
}
{
  method: 'GET',
  url: '/api/v1/user/profile',
  status: 200,
  content_length: '291',
  response_time: 212.361,
  level: 'http',
  message: 'incoming-request',
  timestamp: '2024-07-11 08:34:09.413 PM'
}
{
  method: 'GET',
  url: '/api/v1/property/666720f01ed8af0105a0d444',
  status: 304,
  response_time: 82.931,
  level: 'http',
  message: 'incoming-request',
  timestamp: '2024-07-11 08:34:11.146 PM'
}
{
  method: 'GET',
  url: '/api/v1/user/profile',
  status: 304,
  response_time: 190.167,
  level: 'http',
  message: 'incoming-request',
  timestamp: '2024-07-11 08:34:11.251 PM'
}
{
  method: 'GET',
  url: '/api/v1/property/?page=0',
  status: 304,
  response_time: 215.471,
  level: 'http',
  message: 'incoming-request',
  timestamp: '2024-07-11 08:34:11.278 PM'
}
{
  method: 'GET',
  url: '/api/v1/user/profile',
  status: 401,
  content_length: '12',
  response_time: 0.198,
  level: 'http',
  message: 'incoming-request',
  timestamp: '2024-07-11 08:34:12.266 PM'
}
{
  method: 'GET',
  url: '/api/v1/property/666720f01ed8af0105a0d444',
  status: 304,
  response_time: 85.545,
  level: 'http',
  message: 'incoming-request',
  timestamp: '2024-07-11 08:34:12.354 PM'
}
{
  method: 'GET',
  url: '/api/v1/property/?page=0',
  status: 304,
  response_time: 110.587,
  level: 'http',
  message: 'incoming-request',
  timestamp: '2024-07-11 08:34:12.378 PM'
}
{
  method: 'GET',
  url: '/api/v1/auth/logout',
  status: 200,
  content_length: '72',
  response_time: 115.797,
  level: 'http',
  message: 'incoming-request',
  timestamp: '2024-07-11 08:34:12.380 PM'
}
{
  method: 'GET',
  url: '/api/v1/user/profile',
  status: 401,
  content_length: '12',
  response_time: 0.18,
  level: 'http',
  message: 'incoming-request',
  timestamp: '2024-07-11 08:34:13.381 PM'
}
{
  method: 'GET',
  url: '/api/v1/property/666720f01ed8af0105a0d444',
  status: 304,
  response_time: 108.529,
  level: 'http',
  message: 'incoming-request',
  timestamp: '2024-07-11 08:34:13.492 PM'
}
{
  method: 'GET',
  url: '/api/v1/property/?page=0',
  status: 304,
  response_time: 136.573,
  level: 'http',
  message: 'incoming-request',
  timestamp: '2024-07-11 08:34:13.519 PM'
}
{
  method: 'POST',
  url: '/api/v1/auth/resend_email_token',
  status: 400,
  content_length: '366',
  response_time: 59.447,
  level: 'http',
  message: 'incoming-request',
  timestamp: '2024-07-11 08:34:26.062 PM'
}
{
  method: 'GET',
  url: '/api/v1/property/666720f01ed8af0105a0d444',
  status: 304,
  response_time: 112.145,
  level: 'http',
  message: 'incoming-request',
  timestamp: '2024-07-11 08:36:57.593 PM'
}
{
  method: 'GET',
  url: '/api/v1/user/profile',
  status: 200,
  content_length: '291',
  response_time: 145.066,
  level: 'http',
  message: 'incoming-request',
  timestamp: '2024-07-11 08:36:57.623 PM'
}
{
  method: 'GET',
  url: '/api/v1/property/?page=0',
  status: 304,
  response_time: 196.042,
  level: 'http',
  message: 'incoming-request',
  timestamp: '2024-07-11 08:36:57.676 PM'
}
{
  method: 'GET',
  url: '/api/v1/auth/logout',
  status: 204,
  response_time: 0.238,
  level: 'http',
  message: 'incoming-request',
  timestamp: '2024-07-11 08:37:00.612 PM'
}
{
  method: 'GET',
  url: '/api/v1/user/profile',
  status: 401,
  content_length: '12',
  response_time: 0.192,
  level: 'http',
  message: 'incoming-request',
  timestamp: '2024-07-11 08:37:00.614 PM'
}
{
  method: 'GET',
  url: '/api/v1/property/666720f01ed8af0105a0d444',
  status: 304,
  response_time: 110.989,
  level: 'http',
  message: 'incoming-request',
  timestamp: '2024-07-11 08:37:00.727 PM'
}
{
  method: 'GET',
  url: '/api/v1/property/?page=0',
  status: 304,
  response_time: 171.867,
  level: 'http',
  message: 'incoming-request',
  timestamp: '2024-07-11 08:37:00.787 PM'
}
{
  method: 'GET',
  url: '/api/v1/property/666720f01ed8af0105a0d444',
  status: 304,
  response_time: 107.505,
  level: 'http',
  message: 'incoming-request',
  timestamp: '2024-07-11 08:37:14.585 PM'
}
{
  method: 'GET',
  url: '/api/v1/property/?page=0',
  status: 304,
  response_time: 161.91,
  level: 'http',
  message: 'incoming-request',
  timestamp: '2024-07-11 08:37:14.638 PM'
}
{
  method: 'GET',
  url: '/api/v1/user/profile',
  status: 401,
  content_length: '12',
  response_time: 0.231,
  level: 'http',
  message: 'incoming-request',
  timestamp: '2024-07-11 08:37:26.459 PM'
}
{
  method: 'GET',
  url: '/api/v1/property/666720f01ed8af0105a0d444',
  status: 200,
  content_length: '457',
  response_time: 64.041,
  level: 'http',
  message: 'incoming-request',
  timestamp: '2024-07-11 08:37:26.523 PM'
}
{
  method: 'GET',
  url: '/api/v1/property/?page=0',
  status: 200,
  content_length: '2719',
  response_time: 131.587,
  level: 'http',
  message: 'incoming-request',
  timestamp: '2024-07-11 08:37:26.592 PM'
}
{
  method: 'GET',
  url: '/api/v1/user/profile',
  status: 401,
  content_length: '12',
  response_time: 0.204,
  level: 'http',
  message: 'incoming-request',
  timestamp: '2024-07-11 08:37:37.181 PM'
}
{
  method: 'GET',
  url: '/api/v1/property/666720f01ed8af0105a0d444',
  status: 200,
  content_length: '457',
  response_time: 53.115,
  level: 'http',
  message: 'incoming-request',
  timestamp: '2024-07-11 08:37:37.236 PM'
}
{
  method: 'GET',
  url: '/api/v1/property/?page=0',
  status: 200,
  content_length: '2719',
  response_time: 104.843,
  level: 'http',
  message: 'incoming-request',
  timestamp: '2024-07-11 08:37:37.287 PM'
}
{
  method: 'POST',
  url: '/api/v1/auth/login',
  status: 200,
  content_length: '305',
  response_time: 201.364,
  level: 'http',
  message: 'incoming-request',
  timestamp: '2024-07-11 08:37:48.412 PM'
}
{
  method: 'GET',
  url: '/api/v1/property/666720f01ed8af0105a0d444',
  status: 200,
  content_length: '457',
  response_time: 69.06,
  level: 'http',
  message: 'incoming-request',
  timestamp: '2024-07-11 08:38:04.515 PM'
}
{
  method: 'GET',
  url: '/api/v1/property/?page=0',
  status: 200,
  content_length: '2719',
  response_time: 159.486,
  level: 'http',
  message: 'incoming-request',
  timestamp: '2024-07-11 08:38:04.602 PM'
}
{
  method: 'GET',
  url: '/api/v1/user/profile',
  status: 200,
  content_length: '291',
  response_time: 171.869,
  level: 'http',
  message: 'incoming-request',
  timestamp: '2024-07-11 08:38:04.615 PM'
}
{
  method: 'GET',
  url: '/api/v1/user/profile',
  status: 401,
  content_length: '12',
  response_time: 0.149,
  level: 'http',
  message: 'incoming-request',
  timestamp: '2024-07-11 08:38:09.104 PM'
}
{
  method: 'GET',
  url: '/api/v1/property/666720f01ed8af0105a0d444',
  status: 200,
  content_length: '457',
  response_time: 68.519,
  level: 'http',
  message: 'incoming-request',
  timestamp: '2024-07-11 08:38:09.174 PM'
}
{
  method: 'GET',
  url: '/api/v1/property/?page=0',
  status: 200,
  content_length: '2719',
  response_time: 142.415,
  level: 'http',
  message: 'incoming-request',
  timestamp: '2024-07-11 08:38:09.247 PM'
}
{
  method: 'GET',
  url: '/api/v1/auth/logout',
  status: 200,
  content_length: '72',
  response_time: 144.863,
  level: 'http',
  message: 'incoming-request',
  timestamp: '2024-07-11 08:38:09.248 PM'
}
{
  method: 'POST',
  url: '/api/v1/auth/login',
  status: 200,
  content_length: '305',
  response_time: 176.725,
  level: 'http',
  message: 'incoming-request',
  timestamp: '2024-07-11 08:38:15.677 PM'
}
{
  method: 'GET',
  url: '/api/v1/user/profile',
  status: 401,
  content_length: '12',
  response_time: 0.189,
  level: 'http',
  message: 'incoming-request',
  timestamp: '2024-07-11 08:38:42.680 PM'
}
{
  method: 'GET',
  url: '/api/v1/user/profile',
  status: 200,
  content_length: '292',
  response_time: 108.353,
  level: 'http',
  message: 'incoming-request',
  timestamp: '2024-07-11 08:38:42.694 PM'
}
{
  method: 'GET',
  url: '/api/v1/user/profile',
  status: 401,
  content_length: '12',
  response_time: 0.189,
  level: 'http',
  message: 'incoming-request',
  timestamp: '2024-07-11 08:38:54.410 PM'
}
{
  method: 'GET',
  url: '/api/v1/user/profile',
  status: 200,
  content_length: '292',
  response_time: 139.992,
  level: 'http',
  message: 'incoming-request',
  timestamp: '2024-07-11 08:38:54.641 PM'
}
{
  method: 'GET',
  url: '/api/v1/user/profile',
  status: 401,
  content_length: '12',
  response_time: 0.171,
  level: 'http',
  message: 'incoming-request',
  timestamp: '2024-07-11 08:38:59.473 PM'
}
{
  method: 'GET',
  url: '/api/v1/property/666720f01ed8af0105a0d444',
  status: 200,
  content_length: '457',
  response_time: 87.01,
  level: 'http',
  message: 'incoming-request',
  timestamp: '2024-07-11 08:38:59.566 PM'
}
{
  method: 'GET',
  url: '/api/v1/auth/logout',
  status: 200,
  content_length: '72',
  response_time: 139.267,
  level: 'http',
  message: 'incoming-request',
  timestamp: '2024-07-11 08:38:59.611 PM'
}
{
  method: 'GET',
  url: '/api/v1/property/?page=0',
  status: 200,
  content_length: '2719',
  response_time: 203.43,
  level: 'http',
  message: 'incoming-request',
  timestamp: '2024-07-11 08:38:59.678 PM'
}
{
  method: 'GET',
  url: '/api/v1/user/profile',
  status: 401,
  content_length: '12',
  response_time: 0.178,
  level: 'http',
  message: 'incoming-request',
  timestamp: '2024-07-11 08:39:26.342 PM'
}
{
  method: 'GET',
  url: '/api/v1/user/profile',
  status: 401,
  content_length: '12',
  response_time: 0.229,
  level: 'http',
  message: 'incoming-request',
  timestamp: '2024-07-11 08:39:26.451 PM'
}
{
  method: 'GET',
  url: '/api/v1/user/profile',
  status: 401,
  content_length: '12',
  response_time: 0.17,
  level: 'http',
  message: 'incoming-request',
  timestamp: '2024-07-11 08:41:13.972 PM'
}
{
  method: 'POST',
  url: '/api/v1/auth/login',
  status: 200,
  content_length: '305',
  response_time: 244.169,
  level: 'http',
  message: 'incoming-request',
  timestamp: '2024-07-11 08:41:20.796 PM'
}
{
  method: 'GET',
  url: '/api/v1/user/profile',
  status: 401,
  content_length: '12',
  response_time: 0.182,
  level: 'http',
  message: 'incoming-request',
  timestamp: '2024-07-11 08:44:38.755 PM'
}
{
  method: 'GET',
  url: '/api/v1/user/profile',
  status: 200,
  content_length: '292',
  response_time: 119.989,
  level: 'http',
  message: 'incoming-request',
  timestamp: '2024-07-11 08:44:39.804 PM'
}
{
  method: 'GET',
  url: '/api/v1/property/666720f01ed8af0105a0d444',
  status: 200,
  content_length: '457',
  response_time: 130.73,
  level: 'http',
  message: 'incoming-request',
  timestamp: '2024-07-11 08:44:41.702 PM'
}
{
  method: 'GET',
  url: '/api/v1/property/?page=0',
  status: 200,
  content_length: '2719',
  response_time: 183.707,
  level: 'http',
  message: 'incoming-request',
  timestamp: '2024-07-11 08:44:41.755 PM'
}
{
  method: 'GET',
  url: '/api/v1/user/profile',
  status: 401,
  content_length: '12',
  response_time: 0.13,
  level: 'http',
  message: 'incoming-request',
  timestamp: '2024-07-11 08:44:46.944 PM'
}
{
  method: 'GET',
  url: '/api/v1/property/666720f01ed8af0105a0d444',
  status: 200,
  content_length: '457',
  response_time: 227.01,
  level: 'http',
  message: 'incoming-request',
  timestamp: '2024-07-11 08:44:47.170 PM'
}
{
  method: 'GET',
  url: '/api/v1/property/?page=0',
  status: 200,
  content_length: '2719',
  response_time: 278.478,
  level: 'http',
  message: 'incoming-request',
  timestamp: '2024-07-11 08:44:47.222 PM'
}
{
  method: 'GET',
  url: '/api/v1/auth/logout',
  status: 200,
  content_length: '72',
  response_time: 287.02,
  level: 'http',
  message: 'incoming-request',
  timestamp: '2024-07-11 08:44:47.229 PM'
}
{
  method: 'POST',
  url: '/api/v1/auth/login',
  status: 200,
  content_length: '305',
  response_time: 208.071,
  level: 'http',
  message: 'incoming-request',
  timestamp: '2024-07-11 08:44:56.464 PM'
}
{
  method: 'GET',
  url: '/api/v1/user/profile',
  status: 200,
  content_length: '292',
  response_time: 184.691,
  level: 'http',
  message: 'incoming-request',
  timestamp: '2024-07-11 08:44:58.924 PM'
}
{
  method: 'GET',
  url: '/api/v1/user/profile',
  status: 200,
  content_length: '292',
  response_time: 221.712,
  level: 'http',
  message: 'incoming-request',
  timestamp: '2024-07-11 08:45:24.164 PM'
}
{
  method: 'GET',
  url: '/api/v1/user/profile',
  status: 401,
  content_length: '12',
  response_time: 0.2,
  level: 'http',
  message: 'incoming-request',
  timestamp: '2024-07-11 08:45:24.229 PM'
}
{
  method: 'GET',
  url: '/api/v1/user/profile',
  status: 200,
  content_length: '292',
  response_time: 138.751,
  level: 'http',
  message: 'incoming-request',
  timestamp: '2024-07-11 08:45:29.558 PM'
}
{
  method: 'GET',
  url: '/api/v1/user/profile',
  status: 401,
  content_length: '12',
  response_time: 0.16,
  level: 'http',
  message: 'incoming-request',
  timestamp: '2024-07-11 08:45:30.479 PM'
}
{
  method: 'GET',
  url: '/api/v1/user/profile',
  status: 200,
  content_length: '292',
  response_time: 131.945,
  level: 'http',
  message: 'incoming-request',
  timestamp: '2024-07-11 08:52:03.039 PM'
}
{
  method: 'GET',
  url: '/api/v1/user/profile',
  status: 401,
  content_length: '12',
  response_time: 0.185,
  level: 'http',
  message: 'incoming-request',
  timestamp: '2024-07-11 08:52:03.630 PM'
}
{
  method: 'GET',
  url: '/api/v1/user/profile',
  status: 200,
  content_length: '292',
  response_time: 142.589,
  level: 'http',
  message: 'incoming-request',
  timestamp: '2024-07-11 08:52:05.890 PM'
}
{
  method: 'GET',
  url: '/api/v1/user/profile',
  status: 401,
  content_length: '12',
  response_time: 0.176,
  level: 'http',
  message: 'incoming-request',
  timestamp: '2024-07-11 08:52:06.278 PM'
}
{
  method: 'GET',
  url: '/api/v1/user/profile',
  status: 200,
  content_length: '292',
  response_time: 154.322,
  level: 'http',
  message: 'incoming-request',
  timestamp: '2024-07-11 08:52:13.389 PM'
}
{
  method: 'GET',
  url: '/api/v1/user/profile',
  status: 401,
  content_length: '12',
  response_time: 0.219,
  level: 'http',
  message: 'incoming-request',
  timestamp: '2024-07-11 08:52:14.750 PM'
}
{
  method: 'GET',
  url: '/api/v1/property/666720f01ed8af0105a0d444',
  status: 304,
  response_time: 70.133,
  level: 'http',
  message: 'incoming-request',
  timestamp: '2024-07-11 08:52:23.228 PM'
}
{
  method: 'GET',
  url: '/api/v1/property/?page=0',
  status: 304,
  response_time: 149.257,
  level: 'http',
  message: 'incoming-request',
  timestamp: '2024-07-11 08:52:23.306 PM'
}
{
  method: 'GET',
  url: '/api/v1/user/profile',
  status: 200,
  content_length: '292',
  response_time: 193.99,
  level: 'http',
  message: 'incoming-request',
  timestamp: '2024-07-11 08:52:37.817 PM'
}
{
  method: 'GET',
  url: '/api/v1/user/profile',
  status: 401,
  content_length: '12',
  response_time: 0.156,
  level: 'http',
  message: 'incoming-request',
  timestamp: '2024-07-11 08:52:38.434 PM'
}
{
  method: 'GET',
  url: '/api/v1/user/profile',
  status: 401,
  content_length: '12',
  response_time: 0.165,
  level: 'http',
  message: 'incoming-request',
  timestamp: '2024-07-11 08:52:42.476 PM'
}
{
  message: 'Incorrect email or password',
  level: 'error',
  timestamp: '2024-07-11 08:52:47.319 PM'
}
{
  method: 'POST',
  url: '/api/v1/auth/login',
  status: 400,
  content_length: '306',
  response_time: 62.349,
  level: 'http',
  message: 'incoming-request',
  timestamp: '2024-07-11 08:52:47.320 PM'
}
{
  method: 'POST',
  url: '/api/v1/auth/login',
  status: 200,
  content_length: '305',
  response_time: 287.773,
  level: 'http',
  message: 'incoming-request',
  timestamp: '2024-07-11 08:53:05.745 PM'
}
{
  method: 'GET',
  url: '/api/v1/property/666720f01ed8af0105a0d444',
  status: 304,
  response_time: 101.232,
  level: 'http',
  message: 'incoming-request',
  timestamp: '2024-07-11 08:53:09.796 PM'
}
{
  method: 'GET',
  url: '/api/v1/property/?page=0',
  status: 304,
  response_time: 228.739,
  level: 'http',
  message: 'incoming-request',
  timestamp: '2024-07-11 08:53:09.922 PM'
}
{
  method: 'GET',
  url: '/api/v1/property/666720f01ed8af0105a0d444',
  status: 304,
  response_time: 76.09,
  level: 'http',
  message: 'incoming-request',
  timestamp: '2024-07-11 08:53:13.218 PM'
}
{
  method: 'GET',
  url: '/api/v1/property/?page=0',
  status: 304,
  response_time: 133.337,
  level: 'http',
  message: 'incoming-request',
  timestamp: '2024-07-11 08:53:13.273 PM'
}
{
  method: 'GET',
  url: '/api/v1/user/profile',
  status: 200,
  content_length: '292',
  response_time: 139.203,
  level: 'http',
  message: 'incoming-request',
  timestamp: '2024-07-11 08:53:13.299 PM'
}
{
  method: 'GET',
  url: '/api/v1/user/profile',
  status: 200,
  content_length: '292',
  response_time: 191.097,
  level: 'http',
  message: 'incoming-request',
  timestamp: '2024-07-11 09:08:19.579 PM'
}
{
  method: 'GET',
  url: '/api/v1/property/666720f01ed8af0105a0d444',
  status: 304,
  response_time: 64.405,
  level: 'http',
  message: 'incoming-request',
  timestamp: '2024-07-11 09:08:19.863 PM'
}
{
  method: 'GET',
  url: '/api/v1/user/profile',
  status: 304,
  response_time: 106.581,
  level: 'http',
  message: 'incoming-request',
  timestamp: '2024-07-11 09:08:19.903 PM'
}
{
  method: 'GET',
  url: '/api/v1/property/?page=0',
  status: 304,
  response_time: 123.509,
  level: 'http',
  message: 'incoming-request',
  timestamp: '2024-07-11 09:08:19.921 PM'
}
{
  method: 'GET',
  url: '/api/v1/user/profile',
  status: 200,
  content_length: '292',
  response_time: 215.602,
  level: 'http',
  message: 'incoming-request',
  timestamp: '2024-07-11 09:08:56.558 PM'
}
{
  method: 'GET',
  url: '/api/v1/user/profile',
  status: 200,
  content_length: '292',
  response_time: 181.208,
  level: 'http',
  message: 'incoming-request',
  timestamp: '2024-07-11 09:09:06.181 PM'
}
{
  method: 'GET',
  url: '/api/v1/user/profile',
  status: 200,
  content_length: '292',
  response_time: 185.016,
  level: 'http',
  message: 'incoming-request',
  timestamp: '2024-07-11 09:09:09.653 PM'
}
{
  method: 'GET',
  url: '/api/v1/property/666720f01ed8af0105a0d444',
  status: null,
  response_time: null,
  level: 'http',
  message: 'incoming-request',
  timestamp: '2024-07-11 09:09:12.638 PM'
}
{
  method: 'GET',
  url: '/api/v1/property/?page=0',
  status: null,
  response_time: null,
  level: 'http',
  message: 'incoming-request',
  timestamp: '2024-07-11 09:09:12.638 PM'
}
{
  method: 'GET',
  url: '/api/v1/user/profile',
  status: null,
  response_time: null,
  level: 'http',
  message: 'incoming-request',
  timestamp: '2024-07-11 09:09:12.638 PM'
}
{
  method: 'GET',
  url: '/api/v1/property/666720f01ed8af0105a0d444',
  status: 200,
  content_length: '457',
  response_time: 91.037,
  level: 'http',
  message: 'incoming-request',
  timestamp: '2024-07-11 09:09:13.950 PM'
}
{
  method: 'GET',
  url: '/api/v1/user/profile',
  status: 200,
  content_length: '292',
  response_time: 196.8,
  level: 'http',
  message: 'incoming-request',
  timestamp: '2024-07-11 09:09:14.053 PM'
}
{
  method: 'GET',
  url: '/api/v1/property/?page=0',
  status: 200,
  content_length: '2719',
  response_time: 229.139,
  level: 'http',
  message: 'incoming-request',
  timestamp: '2024-07-11 09:09:14.087 PM'
}
{
  method: 'GET',
  url: '/api/v1/user/profile',
  status: 200,
  content_length: '292',
  response_time: 163.14,
  level: 'http',
  message: 'incoming-request',
  timestamp: '2024-07-11 09:09:39.753 PM'
}
{
  method: 'GET',
  url: '/api/v1/user/profile',
  status: 200,
  content_length: '292',
  response_time: 145.954,
  level: 'http',
  message: 'incoming-request',
  timestamp: '2024-07-11 09:09:41.262 PM'
}
{
  method: 'GET',
  url: '/api/v1/property/?page=0',
  status: null,
  response_time: null,
  level: 'http',
  message: 'incoming-request',
  timestamp: '2024-07-11 09:09:42.068 PM'
}
{
  method: 'GET',
  url: '/api/v1/property/666720f01ed8af0105a0d444',
  status: null,
  response_time: null,
  level: 'http',
  message: 'incoming-request',
  timestamp: '2024-07-11 09:09:42.069 PM'
}
{
  method: 'GET',
  url: '/api/v1/user/profile',
  status: null,
  response_time: null,
  level: 'http',
  message: 'incoming-request',
  timestamp: '2024-07-11 09:09:42.069 PM'
}
{
  method: 'GET',
  url: '/api/v1/property/666720f01ed8af0105a0d444',
  status: 200,
  content_length: '457',
  response_time: 66.398,
  level: 'http',
  message: 'incoming-request',
  timestamp: '2024-07-11 09:09:43.192 PM'
}
{
  method: 'GET',
  url: '/api/v1/user/profile',
  status: 200,
  content_length: '292',
  response_time: 176.606,
  level: 'http',
  message: 'incoming-request',
  timestamp: '2024-07-11 09:09:43.300 PM'
}
{
  method: 'GET',
  url: '/api/v1/property/?page=0',
  status: 200,
  content_length: '2719',
  response_time: 201.811,
  level: 'http',
  message: 'incoming-request',
  timestamp: '2024-07-11 09:09:43.327 PM'
}
{
  method: 'GET',
  url: '/api/v1/property/666720f01ed8af0105a0d444',
  status: 304,
  response_time: 73.337,
  level: 'http',
  message: 'incoming-request',
  timestamp: '2024-07-11 09:09:46.527 PM'
}
{
  method: 'GET',
  url: '/api/v1/user/profile',
  status: 304,
  response_time: 185.928,
  level: 'http',
  message: 'incoming-request',
  timestamp: '2024-07-11 09:09:46.636 PM'
}
{
  method: 'GET',
  url: '/api/v1/property/?page=0',
  status: 304,
  response_time: 224.705,
  level: 'http',
  message: 'incoming-request',
  timestamp: '2024-07-11 09:09:46.677 PM'
}
{
  method: 'GET',
  url: '/api/v1/user/profile',
  status: 200,
  content_length: '292',
  response_time: 153.016,
  level: 'http',
  message: 'incoming-request',
  timestamp: '2024-07-11 09:10:00.392 PM'
}
{
  method: 'GET',
  url: '/api/v1/property/666720f01ed8af0105a0d444',
  status: 304,
  response_time: 63.63,
  level: 'http',
  message: 'incoming-request',
  timestamp: '2024-07-11 09:10:00.972 PM'
}
{
  method: 'GET',
  url: '/api/v1/property/?page=0',
  status: 304,
  response_time: 138.853,
  level: 'http',
  message: 'incoming-request',
  timestamp: '2024-07-11 09:10:01.044 PM'
}
{
  method: 'GET',
  url: '/api/v1/user/profile',
  status: 304,
  response_time: 141.684,
  level: 'http',
  message: 'incoming-request',
  timestamp: '2024-07-11 09:10:01.044 PM'
}
{
  method: 'GET',
  url: '/api/v1/property/666720f01ed8af0105a0d444',
  status: 304,
  response_time: 382.145,
  level: 'http',
  message: 'incoming-request',
  timestamp: '2024-07-11 09:10:16.870 PM'
}
{
  method: 'GET',
  url: '/api/v1/user/profile',
  status: 304,
  response_time: 469.028,
  level: 'http',
  message: 'incoming-request',
  timestamp: '2024-07-11 09:10:16.949 PM'
}
{
  method: 'GET',
  url: '/api/v1/property/?page=0',
  status: 304,
  response_time: 464.183,
  level: 'http',
  message: 'incoming-request',
  timestamp: '2024-07-11 09:10:16.951 PM'
}
{
  method: 'GET',
  url: '/api/v1/user/profile',
  status: 200,
  content_length: '292',
  response_time: 341.847,
  level: 'http',
  message: 'incoming-request',
  timestamp: '2024-07-11 09:10:16.952 PM'
}
{
  method: 'GET',
  url: '/api/v1/user/profile',
  status: 401,
  content_length: '12',
  response_time: 0.2,
  level: 'http',
  message: 'incoming-request',
  timestamp: '2024-07-11 09:10:17.757 PM'
}
{
  method: 'GET',
  url: '/api/v1/property/666720f01ed8af0105a0d444',
  status: 304,
  response_time: 97.441,
  level: 'http',
  message: 'incoming-request',
  timestamp: '2024-07-11 09:10:17.863 PM'
}
{
  method: 'GET',
  url: '/api/v1/property/?page=0',
  status: 304,
  response_time: 109.789,
  level: 'http',
  message: 'incoming-request',
  timestamp: '2024-07-11 09:10:17.873 PM'
}
{
  method: 'GET',
  url: '/api/v1/auth/logout',
  status: 200,
  content_length: '72',
  response_time: 144.282,
  level: 'http',
  message: 'incoming-request',
  timestamp: '2024-07-11 09:10:17.899 PM'
}
{
  method: 'POST',
  url: '/api/v1/auth/login',
  status: 200,
  content_length: '305',
  response_time: 286.119,
  level: 'http',
  message: 'incoming-request',
  timestamp: '2024-07-11 09:10:29.556 PM'
}
{
  method: 'GET',
  url: '/api/v1/user/profile',
  status: 200,
  content_length: '292',
  response_time: 216.219,
  level: 'http',
  message: 'incoming-request',
  timestamp: '2024-07-11 09:11:39.944 PM'
}
{
  method: 'GET',
  url: '/api/v1/property/666720f01ed8af0105a0d444',
  status: 304,
  response_time: 87.014,
  level: 'http',
  message: 'incoming-request',
  timestamp: '2024-07-11 09:11:40.416 PM'
}
{
  method: 'GET',
  url: '/api/v1/property/?page=0',
  status: 304,
  response_time: 219.444,
  level: 'http',
  message: 'incoming-request',
  timestamp: '2024-07-11 09:11:40.547 PM'
}
{
  method: 'GET',
  url: '/api/v1/user/profile',
  status: 200,
  content_length: '292',
  response_time: 225.43,
  level: 'http',
  message: 'incoming-request',
  timestamp: '2024-07-11 09:11:40.548 PM'
}
{
  method: 'GET',
  url: '/api/v1/user/profile',
  status: 200,
  content_length: '292',
  response_time: 372.636,
  level: 'http',
  message: 'incoming-request',
  timestamp: '2024-07-11 09:11:45.993 PM'
}
{
  method: 'GET',
  url: '/api/v1/property/666720f01ed8af0105a0d444',
  status: 304,
  response_time: 67.612,
  level: 'http',
  message: 'incoming-request',
  timestamp: '2024-07-11 09:11:46.344 PM'
}
{
  method: 'GET',
  url: '/api/v1/property/?page=0',
  status: 304,
  response_time: 215.387,
  level: 'http',
  message: 'incoming-request',
  timestamp: '2024-07-11 09:11:46.490 PM'
}
{
  method: 'GET',
  url: '/api/v1/user/profile',
  status: 304,
  response_time: 219.693,
  level: 'http',
  message: 'incoming-request',
  timestamp: '2024-07-11 09:11:46.492 PM'
}
{
  method: 'GET',
  url: '/api/v1/user/profile',
  status: 200,
  content_length: '292',
  response_time: 190.609,
  level: 'http',
  message: 'incoming-request',
  timestamp: '2024-07-11 09:11:50.772 PM'
}
{
  method: 'GET',
  url: '/api/v1/property/666720f01ed8af0105a0d444',
  status: 304,
  response_time: 107.224,
  level: 'http',
  message: 'incoming-request',
  timestamp: '2024-07-11 09:11:51.552 PM'
}
{
  method: 'GET',
  url: '/api/v1/user/profile',
  status: 304,
  response_time: 157.5,
  level: 'http',
  message: 'incoming-request',
  timestamp: '2024-07-11 09:11:51.599 PM'
}
{
  method: 'GET',
  url: '/api/v1/property/?page=0',
  status: 304,
  response_time: 157.233,
  level: 'http',
  message: 'incoming-request',
  timestamp: '2024-07-11 09:11:51.600 PM'
}
{
  method: 'GET',
  url: '/api/v1/user/profile',
  status: 200,
  content_length: '292',
  response_time: 164.79,
  level: 'http',
  message: 'incoming-request',
  timestamp: '2024-07-11 09:11:58.314 PM'
}
{
  method: 'GET',
  url: '/api/v1/property/666720f01ed8af0105a0d444',
  status: 304,
  response_time: 97.286,
  level: 'http',
  message: 'incoming-request',
  timestamp: '2024-07-11 09:12:00.926 PM'
}
{
  method: 'GET',
  url: '/api/v1/user/profile',
  status: 304,
  response_time: 166.646,
  level: 'http',
  message: 'incoming-request',
  timestamp: '2024-07-11 09:12:00.992 PM'
}
{
  method: 'GET',
  url: '/api/v1/property/?page=0',
  status: 304,
  response_time: 181.802,
  level: 'http',
  message: 'incoming-request',
  timestamp: '2024-07-11 09:12:01.009 PM'
}
{
  method: 'GET',
  url: '/api/v1/user/profile',
  status: 401,
  content_length: '12',
  response_time: 0.172,
  level: 'http',
  message: 'incoming-request',
  timestamp: '2024-07-11 09:12:02.716 PM'
}
{
  method: 'GET',
  url: '/api/v1/property/666720f01ed8af0105a0d444',
  status: 304,
  response_time: 111.142,
  level: 'http',
  message: 'incoming-request',
  timestamp: '2024-07-11 09:12:02.831 PM'
}
{
  method: 'GET',
  url: '/api/v1/property/?page=0',
  status: 304,
  response_time: 114.383,
  level: 'http',
  message: 'incoming-request',
  timestamp: '2024-07-11 09:12:02.833 PM'
}
{
  method: 'GET',
  url: '/api/v1/auth/logout',
  status: 304,
  response_time: 118.807,
  level: 'http',
  message: 'incoming-request',
  timestamp: '2024-07-11 09:12:02.834 PM'
}
{
  method: 'GET',
  url: '/api/v1/auth/google',
  status: 302,
  content_length: '0',
  response_time: 1.51,
  level: 'http',
  message: 'incoming-request',
  timestamp: '2024-07-11 09:12:06.257 PM'
}
{
  method: 'GET',
  url: '/api/v1/user/profile',
  status: 401,
  content_length: '12',
  response_time: 0.163,
  level: 'http',
  message: 'incoming-request',
  timestamp: '2024-07-11 09:12:12.206 PM'
}
{
  method: 'GET',
  url: '/api/v1/property/666720f01ed8af0105a0d444',
  status: 304,
  response_time: 67.51,
  level: 'http',
  message: 'incoming-request',
  timestamp: '2024-07-11 09:12:15.620 PM'
}
{
  method: 'GET',
  url: '/api/v1/property/?page=0',
  status: 304,
  response_time: 138.047,
  level: 'http',
  message: 'incoming-request',
  timestamp: '2024-07-11 09:12:15.689 PM'
}
{
  method: 'GET',
  url: '/api/v1/auth/google',
  status: 302,
  content_length: '0',
  response_time: 0.265,
  level: 'http',
  message: 'incoming-request',
  timestamp: '2024-07-11 09:12:18.995 PM'
}
{
  method: 'GET',
  url: '/api/v1/user/profile',
  status: 401,
  content_length: '12',
  response_time: 0.249,
  level: 'http',
  message: 'incoming-request',
  timestamp: '2024-07-11 09:12:30.913 PM'
}
{
  method: 'GET',
  url: '/api/v1/property/666720f01ed8af0105a0d444',
  status: 304,
  response_time: 440.243,
  level: 'http',
  message: 'incoming-request',
  timestamp: '2024-07-11 09:12:42.820 PM'
}
{
  method: 'GET',
  url: '/api/v1/property/?page=0',
  status: 304,
  response_time: 471.389,
  level: 'http',
  message: 'incoming-request',
  timestamp: '2024-07-11 09:12:42.850 PM'
}
