{
  method: 'GET',
  url: '/api/v1/property/all?page=[object%20Object]',
  status: 200,
  content_length: '2719',
  response_time: 115.399,
  level: 'http',
  message: 'incoming-request',
  timestamp: '2024-07-03 12:59:31.460 PM'
}
{
  method: 'GET',
  url: '/api/v1/property/all?page=[object%20Object]',
  status: 304,
  response_time: 112.596,
  level: 'http',
  message: 'incoming-request',
  timestamp: '2024-07-03 01:11:35.621 PM'
}
{
  method: 'GET',
  url: '/api/v1/property/all?page=1',
  status: 200,
  content_length: '2719',
  response_time: 129.254,
  level: 'http',
  message: 'incoming-request',
  timestamp: '2024-07-03 01:33:42.815 PM'
}
{
  method: 'GET',
  url: '/api/v1/property/all?page=1',
  status: 304,
  response_time: 103.859,
  level: 'http',
  message: 'incoming-request',
  timestamp: '2024-07-03 01:33:47.708 PM'
}
{
  method: 'GET',
  url: '/api/v1/property/all?page=1',
  status: 304,
  response_time: 107.257,
  level: 'http',
  message: 'incoming-request',
  timestamp: '2024-07-03 01:42:22.737 PM'
}
{
  method: 'GET',
  url: '/api/v1/property/all?page=1',
  status: 304,
  response_time: 112.302,
  level: 'http',
  message: 'incoming-request',
  timestamp: '2024-07-03 01:42:41.067 PM'
}
{
  method: 'GET',
  url: '/api/v1/property/all?page=1',
  status: 304,
  response_time: 103.898,
  level: 'http',
  message: 'incoming-request',
  timestamp: '2024-07-03 01:42:51.271 PM'
}
{
  method: 'GET',
  url: '/api/v1/property/all?page=1',
  status: null,
  response_time: null,
  level: 'http',
  message: 'incoming-request',
  timestamp: '2024-07-03 01:42:53.135 PM'
}
{
  method: 'GET',
  url: '/api/v1/property/all?page=1',
  status: 200,
  content_length: '2719',
  response_time: 104.086,
  level: 'http',
  message: 'incoming-request',
  timestamp: '2024-07-03 01:42:53.894 PM'
}
{
  method: 'GET',
  url: '/api/v1/property/all?page=1',
  status: 304,
  response_time: 103.832,
  level: 'http',
  message: 'incoming-request',
  timestamp: '2024-07-03 01:47:54.446 PM'
}
{
  method: 'GET',
  url: '/api/v1/property/all?page=1',
  status: 304,
  response_time: 106.997,
  level: 'http',
  message: 'incoming-request',
  timestamp: '2024-07-03 01:47:58.318 PM'
}
{
  method: 'GET',
  url: '/api/v1/property/all?page=1',
  status: 304,
  response_time: 109.167,
  level: 'http',
  message: 'incoming-request',
  timestamp: '2024-07-03 01:48:44.781 PM'
}
{
  method: 'GET',
  url: '/api/v1/property/all?page=1',
  status: 304,
  response_time: 104.239,
  level: 'http',
  message: 'incoming-request',
  timestamp: '2024-07-03 01:48:53.741 PM'
}
{
  method: 'GET',
  url: '/api/v1/property/all?page=1',
  status: 304,
  response_time: 103.736,
  level: 'http',
  message: 'incoming-request',
  timestamp: '2024-07-03 01:48:59.392 PM'
}
{
  method: 'GET',
  url: '/api/v1/property/all?page=1',
  status: 304,
  response_time: 104.107,
  level: 'http',
  message: 'incoming-request',
  timestamp: '2024-07-03 01:49:19.399 PM'
}
{
  method: 'GET',
  url: '/api/v1/property/all?page=1',
  status: 304,
  response_time: 109.61,
  level: 'http',
  message: 'incoming-request',
  timestamp: '2024-07-03 01:49:21.980 PM'
}
{
  method: 'GET',
  url: '/api/v1/property/all?page=1',
  status: 304,
  response_time: 103.248,
  level: 'http',
  message: 'incoming-request',
  timestamp: '2024-07-03 01:49:25.063 PM'
}
{
  method: 'GET',
  url: '/api/v1/property/all?page=1',
  status: 304,
  response_time: 121.082,
  level: 'http',
  message: 'incoming-request',
  timestamp: '2024-07-03 01:49:55.922 PM'
}
{
  method: 'GET',
  url: '/api/v1/property/all?page=1',
  status: 304,
  response_time: 103.154,
  level: 'http',
  message: 'incoming-request',
  timestamp: '2024-07-03 01:50:05.023 PM'
}
{
  method: 'GET',
  url: '/api/v1/property/all?page=1',
  status: 304,
  response_time: 113.78,
  level: 'http',
  message: 'incoming-request',
  timestamp: '2024-07-03 01:50:07.890 PM'
}
{
  method: 'GET',
  url: '/api/v1/property/all?page=1',
  status: 304,
  response_time: 103.312,
  level: 'http',
  message: 'incoming-request',
  timestamp: '2024-07-03 01:50:25.310 PM'
}
{
  method: 'GET',
  url: '/api/v1/property/all?page=1',
  status: 304,
  response_time: 103.741,
  level: 'http',
  message: 'incoming-request',
  timestamp: '2024-07-03 01:50:27.604 PM'
}
{
  method: 'GET',
  url: '/api/v1/property/all?page=1',
  status: 304,
  response_time: 106.52,
  level: 'http',
  message: 'incoming-request',
  timestamp: '2024-07-03 01:50:31.792 PM'
}
{
  method: 'GET',
  url: '/api/v1/property/all?page=1',
  status: 304,
  response_time: 103.239,
  level: 'http',
  message: 'incoming-request',
  timestamp: '2024-07-03 01:50:36.065 PM'
}
{
  method: 'GET',
  url: '/api/v1/property/all?page=1',
  status: 304,
  response_time: 109.599,
  level: 'http',
  message: 'incoming-request',
  timestamp: '2024-07-03 01:50:38.646 PM'
}
{
  method: 'GET',
  url: '/api/v1/property/all?page=1',
  status: 304,
  response_time: 103.565,
  level: 'http',
  message: 'incoming-request',
  timestamp: '2024-07-03 01:55:37.333 PM'
}
{
  method: 'GET',
  url: '/api/v1/property/all?page=1',
  status: 304,
  response_time: 103.975,
  level: 'http',
  message: 'incoming-request',
  timestamp: '2024-07-03 01:55:40.194 PM'
}
{
  method: 'GET',
  url: '/api/v1/property/all?page=1',
  status: 304,
  response_time: 116.838,
  level: 'http',
  message: 'incoming-request',
  timestamp: '2024-07-03 01:55:44.084 PM'
}
{
  method: 'GET',
  url: '/api/v1/property/all?page=1',
  status: 304,
  response_time: 106.926,
  level: 'http',
  message: 'incoming-request',
  timestamp: '2024-07-03 01:55:46.862 PM'
}
{
  method: 'GET',
  url: '/api/v1/property/all?page=1',
  status: 304,
  response_time: 103.402,
  level: 'http',
  message: 'incoming-request',
  timestamp: '2024-07-03 01:55:50.513 PM'
}
{
  method: 'GET',
  url: '/api/v1/property/all?page=1',
  status: 304,
  response_time: 108.057,
  level: 'http',
  message: 'incoming-request',
  timestamp: '2024-07-03 01:55:55.826 PM'
}
{
  method: 'GET',
  url: '/api/v1/property/all?page=1',
  status: 304,
  response_time: 105.799,
  level: 'http',
  message: 'incoming-request',
  timestamp: '2024-07-03 01:56:00.530 PM'
}
{
  method: 'GET',
  url: '/api/v1/property/all?page=1',
  status: 304,
  response_time: 102.76,
  level: 'http',
  message: 'incoming-request',
  timestamp: '2024-07-03 01:56:03.002 PM'
}
{
  method: 'GET',
  url: '/api/v1/property/all?page=1',
  status: 304,
  response_time: 110.747,
  level: 'http',
  message: 'incoming-request',
  timestamp: '2024-07-03 02:04:05.819 PM'
}
{
  method: 'GET',
  url: '/api/v1/property/all?page=1',
  status: 304,
  response_time: 105.303,
  level: 'http',
  message: 'incoming-request',
  timestamp: '2024-07-03 02:04:14.455 PM'
}
{
  method: 'GET',
  url: '/api/v1/property/all?page=1',
  status: 304,
  response_time: 103.182,
  level: 'http',
  message: 'incoming-request',
  timestamp: '2024-07-03 02:04:26.326 PM'
}
{
  method: 'GET',
  url: '/api/v1/property/all?page=1',
  status: 304,
  response_time: 117.349,
  level: 'http',
  message: 'incoming-request',
  timestamp: '2024-07-03 02:05:04.493 PM'
}
{
  method: 'GET',
  url: '/api/v1/property/all?page=1',
  status: 304,
  response_time: 106.343,
  level: 'http',
  message: 'incoming-request',
  timestamp: '2024-07-03 02:05:12.919 PM'
}
{
  method: 'GET',
  url: '/api/v1/property/all?page=1',
  status: 304,
  response_time: 103.415,
  level: 'http',
  message: 'incoming-request',
  timestamp: '2024-07-03 02:05:14.280 PM'
}
{
  method: 'GET',
  url: '/api/v1/property/all?page=1',
  status: 304,
  response_time: 103.07,
  level: 'http',
  message: 'incoming-request',
  timestamp: '2024-07-03 02:05:27.357 PM'
}
{
  method: 'GET',
  url: '/api/v1/property/all?page=1',
  status: 304,
  response_time: 117.852,
  level: 'http',
  message: 'incoming-request',
  timestamp: '2024-07-03 02:07:48.141 PM'
}
{
  method: 'GET',
  url: '/api/v1/property/all?page=1',
  status: 304,
  response_time: 104.647,
  level: 'http',
  message: 'incoming-request',
  timestamp: '2024-07-03 02:07:59.659 PM'
}
{
  method: 'GET',
  url: '/api/v1/property/all?page=1',
  status: 304,
  response_time: 103.256,
  level: 'http',
  message: 'incoming-request',
  timestamp: '2024-07-03 02:08:00.876 PM'
}
{
  method: 'GET',
  url: '/api/v1/property/all?page=1',
  status: 304,
  response_time: 103.604,
  level: 'http',
  message: 'incoming-request',
  timestamp: '2024-07-03 02:08:04.314 PM'
}
{
  method: 'GET',
  url: '/api/v1/property/all?page=1',
  status: 304,
  response_time: 108.66,
  level: 'http',
  message: 'incoming-request',
  timestamp: '2024-07-03 02:10:50.530 PM'
}
{
  method: 'GET',
  url: '/api/v1/property/all?page=1',
  status: 304,
  response_time: 105.563,
  level: 'http',
  message: 'incoming-request',
  timestamp: '2024-07-03 02:11:10.814 PM'
}
{
  method: 'GET',
  url: '/api/v1/property/all?page=1',
  status: 304,
  response_time: 103.051,
  level: 'http',
  message: 'incoming-request',
  timestamp: '2024-07-03 02:11:15.032 PM'
}
{
  method: 'GET',
  url: '/api/v1/property/all?page=1',
  status: 304,
  response_time: 103.54,
  level: 'http',
  message: 'incoming-request',
  timestamp: '2024-07-03 02:11:17.359 PM'
}
{
  method: 'GET',
  url: '/api/v1/property/all?page=1',
  status: 304,
  response_time: 104.063,
  level: 'http',
  message: 'incoming-request',
  timestamp: '2024-07-03 02:14:24.819 PM'
}
{
  method: 'GET',
  url: '/api/v1/property/all?page=1',
  status: 304,
  response_time: 102.904,
  level: 'http',
  message: 'incoming-request',
  timestamp: '2024-07-03 02:14:26.076 PM'
}
{
  method: 'GET',
  url: '/api/v1/property/all?page=1',
  status: null,
  response_time: null,
  level: 'http',
  message: 'incoming-request',
  timestamp: '2024-07-03 02:14:35.347 PM'
}
{
  method: 'GET',
  url: '/api/v1/property/all?page=1',
  status: 200,
  content_length: '2719',
  response_time: 104.42,
  level: 'http',
  message: 'incoming-request',
  timestamp: '2024-07-03 02:14:36.446 PM'
}
{
  method: 'GET',
  url: '/api/v1/property/all?page=1',
  status: 304,
  response_time: 104.288,
  level: 'http',
  message: 'incoming-request',
  timestamp: '2024-07-03 02:14:40.703 PM'
}
{
  method: 'GET',
  url: '/api/v1/property/all?page=1',
  status: 304,
  response_time: 117.951,
  level: 'http',
  message: 'incoming-request',
  timestamp: '2024-07-03 02:14:54.344 PM'
}
{
  method: 'GET',
  url: '/api/v1/property/all?page=1',
  status: 304,
  response_time: 105.293,
  level: 'http',
  message: 'incoming-request',
  timestamp: '2024-07-03 02:14:57.786 PM'
}
{
  method: 'GET',
  url: '/api/v1/property/all?page=1',
  status: 304,
  response_time: 111.552,
  level: 'http',
  message: 'incoming-request',
  timestamp: '2024-07-03 02:15:01.795 PM'
}
{
  method: 'GET',
  url: '/api/v1/property/all?page=1',
  status: 304,
  response_time: 103.783,
  level: 'http',
  message: 'incoming-request',
  timestamp: '2024-07-03 02:17:20.841 PM'
}
{
  method: 'GET',
  url: '/api/v1/property/all?page=1',
  status: 304,
  response_time: 104.255,
  level: 'http',
  message: 'incoming-request',
  timestamp: '2024-07-03 02:17:26.928 PM'
}
{
  method: 'GET',
  url: '/api/v1/property/all?page=1',
  status: 304,
  response_time: 118.528,
  level: 'http',
  message: 'incoming-request',
  timestamp: '2024-07-03 02:17:31.566 PM'
}
{
  method: 'GET',
  url: '/api/v1/property/all?page=1',
  status: 304,
  response_time: 103.239,
  level: 'http',
  message: 'incoming-request',
  timestamp: '2024-07-03 02:17:40.119 PM'
}
{
  method: 'GET',
  url: '/api/v1/property/all?page=1',
  status: 304,
  response_time: 103.309,
  level: 'http',
  message: 'incoming-request',
  timestamp: '2024-07-03 02:17:55.516 PM'
}
{
  method: 'GET',
  url: '/api/v1/property/all?page=1',
  status: 304,
  response_time: 111.502,
  level: 'http',
  message: 'incoming-request',
  timestamp: '2024-07-03 02:17:57.418 PM'
}
{
  method: 'GET',
  url: '/api/v1/property/all?page=1',
  status: 304,
  response_time: 102.967,
  level: 'http',
  message: 'incoming-request',
  timestamp: '2024-07-03 02:18:28.903 PM'
}
{
  method: 'GET',
  url: '/api/v1/property/all?page=1',
  status: 304,
  response_time: 103.822,
  level: 'http',
  message: 'incoming-request',
  timestamp: '2024-07-03 02:18:35.750 PM'
}
{
  method: 'GET',
  url: '/api/v1/property/all?page=1',
  status: 304,
  response_time: 103.546,
  level: 'http',
  message: 'incoming-request',
  timestamp: '2024-07-03 02:19:04.944 PM'
}
{
  method: 'GET',
  url: '/api/v1/property/all?page=1',
  status: 304,
  response_time: 105.611,
  level: 'http',
  message: 'incoming-request',
  timestamp: '2024-07-03 02:19:11.704 PM'
}
{
  method: 'GET',
  url: '/api/v1/property/all?page=1',
  status: 304,
  response_time: 104.476,
  level: 'http',
  message: 'incoming-request',
  timestamp: '2024-07-03 02:19:13.319 PM'
}
{
  method: 'GET',
  url: '/api/v1/property/all?page=1',
  status: 304,
  response_time: 111.78,
  level: 'http',
  message: 'incoming-request',
  timestamp: '2024-07-03 02:19:28.153 PM'
}
{
  method: 'GET',
  url: '/api/v1/property/all?page=1',
  status: 304,
  response_time: 103.956,
  level: 'http',
  message: 'incoming-request',
  timestamp: '2024-07-03 02:39:08.195 PM'
}
{
  method: 'GET',
  url: '/api/v1/property/all?page=1',
  status: 304,
  response_time: 105.298,
  level: 'http',
  message: 'incoming-request',
  timestamp: '2024-07-03 02:39:20.458 PM'
}
{
  method: 'GET',
  url: '/api/v1/property/all?page=1',
  status: 304,
  response_time: 103.439,
  level: 'http',
  message: 'incoming-request',
  timestamp: '2024-07-03 02:39:25.035 PM'
}
{
  method: 'GET',
  url: '/api/v1/property/all?page=1',
  status: 304,
  response_time: 103.038,
  level: 'http',
  message: 'incoming-request',
  timestamp: '2024-07-03 02:39:29.151 PM'
}
{
  method: 'GET',
  url: '/api/v1/property/666720f01ed8af0105a0d444',
  status: 304,
  response_time: 54.929,
  level: 'http',
  message: 'incoming-request',
  timestamp: '2024-07-03 02:39:48.172 PM'
}
{
  method: 'GET',
  url: '/api/v1/property/all?page=0',
  status: 304,
  response_time: 107.166,
  level: 'http',
  message: 'incoming-request',
  timestamp: '2024-07-03 02:39:48.223 PM'
}
{
  method: 'GET',
  url: '/api/v1/property/all?page=1',
  status: 304,
  response_time: 105.396,
  level: 'http',
  message: 'incoming-request',
  timestamp: '2024-07-03 02:39:49.185 PM'
}
{
  method: 'GET',
  url: '/api/v1/property/all?page=1',
  status: 304,
  response_time: 103.517,
  level: 'http',
  message: 'incoming-request',
  timestamp: '2024-07-03 02:40:41.413 PM'
}
{
  method: 'GET',
  url: '/api/v1/property/all?page=1',
  status: 200,
  content_length: '2719',
  response_time: 109.163,
  level: 'http',
  message: 'incoming-request',
  timestamp: '2024-07-03 02:40:41.507 PM'
}
{
  method: 'GET',
  url: '/api/v1/property/all?page=1',
  status: 200,
  content_length: '2719',
  response_time: 104.756,
  level: 'http',
  message: 'incoming-request',
  timestamp: '2024-07-03 02:44:20.079 PM'
}
{
  method: 'GET',
  url: '/api/v1/property/all?page=1',
  status: 304,
  response_time: 117.846,
  level: 'http',
  message: 'incoming-request',
  timestamp: '2024-07-03 02:44:20.947 PM'
}
{
  method: 'GET',
  url: '/api/v1/property/all?page=1',
  status: 200,
  content_length: '2719',
  response_time: 104.759,
  level: 'http',
  message: 'incoming-request',
  timestamp: '2024-07-03 02:44:49.446 PM'
}
{
  method: 'GET',
  url: '/api/v1/property/all?page=1',
  status: 304,
  response_time: 104.36,
  level: 'http',
  message: 'incoming-request',
  timestamp: '2024-07-03 02:44:49.679 PM'
}
{
  method: 'GET',
  url: '/api/v1/property/all?page=1',
  status: 200,
  content_length: '2719',
  response_time: 112.541,
  level: 'http',
  message: 'incoming-request',
  timestamp: '2024-07-03 02:45:59.402 PM'
}
{
  method: 'GET',
  url: '/api/v1/property/all?page=1',
  status: 304,
  response_time: 105.931,
  level: 'http',
  message: 'incoming-request',
  timestamp: '2024-07-03 02:45:59.554 PM'
}
{
  method: 'GET',
  url: '/api/v1/property/all?page=1',
  status: 200,
  content_length: '2719',
  response_time: 109.258,
  level: 'http',
  message: 'incoming-request',
  timestamp: '2024-07-03 02:46:02.336 PM'
}
{
  method: 'GET',
  url: '/api/v1/property/all?page=1',
  status: 304,
  response_time: 103.438,
  level: 'http',
  message: 'incoming-request',
  timestamp: '2024-07-03 02:46:02.653 PM'
}
{
  method: 'GET',
  url: '/api/v1/property/all?page=1',
  status: 200,
  content_length: '2719',
  response_time: 108.366,
  level: 'http',
  message: 'incoming-request',
  timestamp: '2024-07-03 02:46:10.949 PM'
}
{
  method: 'GET',
  url: '/api/v1/property/all?page=1',
  status: 304,
  response_time: 109.267,
  level: 'http',
  message: 'incoming-request',
  timestamp: '2024-07-03 02:46:11.241 PM'
}
{
  method: 'GET',
  url: '/api/v1/property/all?page=1',
  status: 200,
  content_length: '2719',
  response_time: 104.037,
  level: 'http',
  message: 'incoming-request',
  timestamp: '2024-07-03 02:46:48.589 PM'
}
{
  method: 'GET',
  url: '/api/v1/property/all?page=1',
  status: 304,
  response_time: 106.266,
  level: 'http',
  message: 'incoming-request',
  timestamp: '2024-07-03 02:46:48.794 PM'
}
{
  method: 'GET',
  url: '/api/v1/property/all?page=1',
  status: 200,
  content_length: '2719',
  response_time: 108.288,
  level: 'http',
  message: 'incoming-request',
  timestamp: '2024-07-03 02:47:00.381 PM'
}
{
  method: 'GET',
  url: '/api/v1/property/all?page=1',
  status: 304,
  response_time: 104.802,
  level: 'http',
  message: 'incoming-request',
  timestamp: '2024-07-03 02:47:00.801 PM'
}
{
  method: 'GET',
  url: '/api/v1/property/666720f01ed8af0105a0d444',
  status: 200,
  content_length: '457',
  response_time: 51.652,
  level: 'http',
  message: 'incoming-request',
  timestamp: '2024-07-03 02:47:03.349 PM'
}
{
  method: 'GET',
  url: '/api/v1/property/all?page=0',
  status: 200,
  content_length: '2719',
  response_time: 103.933,
  level: 'http',
  message: 'incoming-request',
  timestamp: '2024-07-03 02:47:03.392 PM'
}
{
  method: 'GET',
  url: '/api/v1/property/all?page=1',
  status: 200,
  content_length: '2719',
  response_time: 108.529,
  level: 'http',
  message: 'incoming-request',
  timestamp: '2024-07-03 02:47:15.858 PM'
}
{
  method: 'GET',
  url: '/api/v1/property/all?page=1',
  status: 200,
  content_length: '2719',
  response_time: 104.77,
  level: 'http',
  message: 'incoming-request',
  timestamp: '2024-07-03 02:47:17.023 PM'
}
{
  method: 'GET',
  url: '/api/v1/property/all?page=1',
  status: 304,
  response_time: 115.978,
  level: 'http',
  message: 'incoming-request',
  timestamp: '2024-07-03 02:47:17.193 PM'
}
{
  method: 'GET',
  url: '/api/v1/property/all?page=1',
  status: 200,
  content_length: '2719',
  response_time: 107.426,
  level: 'http',
  message: 'incoming-request',
  timestamp: '2024-07-03 02:50:43.497 PM'
}
{
  method: 'GET',
  url: '/api/v1/property/all?page=1',
  status: 304,
  response_time: 106.356,
  level: 'http',
  message: 'incoming-request',
  timestamp: '2024-07-03 02:50:51.423 PM'
}
{
  method: 'GET',
  url: '/api/v1/property/all?page=1',
  status: 304,
  response_time: 105.034,
  level: 'http',
  message: 'incoming-request',
  timestamp: '2024-07-03 02:52:47.029 PM'
}
{
  method: 'GET',
  url: '/api/v1/property/all?page=1',
  status: 200,
  content_length: '2719',
  response_time: 105.344,
  level: 'http',
  message: 'incoming-request',
  timestamp: '2024-07-03 02:52:47.049 PM'
}
{
  method: 'GET',
  url: '/api/v1/property/all?page=1',
  status: 200,
  content_length: '2719',
  response_time: 103.525,
  level: 'http',
  message: 'incoming-request',
  timestamp: '2024-07-03 02:52:48.543 PM'
}
{
  method: 'GET',
  url: '/api/v1/property/all?page=1',
  status: 304,
  response_time: 106.48,
  level: 'http',
  message: 'incoming-request',
  timestamp: '2024-07-03 02:52:48.695 PM'
}
{
  method: 'GET',
  url: '/api/v1/property/all?page=1',
  status: 304,
  response_time: 103.663,
  level: 'http',
  message: 'incoming-request',
  timestamp: '2024-07-03 02:52:52.167 PM'
}
{
  method: 'GET',
  url: '/api/v1/property/all?page=1',
  status: 200,
  content_length: '2719',
  response_time: 103.105,
  level: 'http',
  message: 'incoming-request',
  timestamp: '2024-07-03 02:52:52.423 PM'
}
{
  method: 'GET',
  url: '/api/v1/property/all?page=1',
  status: 304,
  response_time: 106.66,
  level: 'http',
  message: 'incoming-request',
  timestamp: '2024-07-03 02:58:08.321 PM'
}
{
  method: 'GET',
  url: '/api/v1/property/all?page=1',
  status: 304,
  response_time: 103.552,
  level: 'http',
  message: 'incoming-request',
  timestamp: '2024-07-03 03:10:01.969 PM'
}
{
  method: 'GET',
  url: '/api/v1/property/all?page=1',
  status: 304,
  response_time: 105.062,
  level: 'http',
  message: 'incoming-request',
  timestamp: '2024-07-03 03:10:02.170 PM'
}
{
  method: 'GET',
  url: '/api/v1/property/all?page=1',
  status: 304,
  response_time: 103.25,
  level: 'http',
  message: 'incoming-request',
  timestamp: '2024-07-03 03:10:13.022 PM'
}
{
  method: 'GET',
  url: '/api/v1/property/all?page=1',
  status: 304,
  response_time: 103.776,
  level: 'http',
  message: 'incoming-request',
  timestamp: '2024-07-03 03:10:14.117 PM'
}
{
  method: 'GET',
  url: '/api/v1/property/all?page=1',
  status: 304,
  response_time: 103.812,
  level: 'http',
  message: 'incoming-request',
  timestamp: '2024-07-03 03:13:00.084 PM'
}
{
  method: 'GET',
  url: '/api/v1/property/all?page=1',
  status: 304,
  response_time: 104.155,
  level: 'http',
  message: 'incoming-request',
  timestamp: '2024-07-03 03:13:00.488 PM'
}
{
  method: 'GET',
  url: '/api/v1/property/all?page=1',
  status: 304,
  response_time: 104.435,
  level: 'http',
  message: 'incoming-request',
  timestamp: '2024-07-03 03:13:04.520 PM'
}
{
  method: 'GET',
  url: '/api/v1/property/all?page=1',
  status: 304,
  response_time: 103.158,
  level: 'http',
  message: 'incoming-request',
  timestamp: '2024-07-03 03:13:05.280 PM'
}
{
  method: 'GET',
  url: '/api/v1/property/all?page=1',
  status: 304,
  response_time: 102.89,
  level: 'http',
  message: 'incoming-request',
  timestamp: '2024-07-03 03:13:15.242 PM'
}
{
  method: 'GET',
  url: '/api/v1/property/all?page=1',
  status: 304,
  response_time: 106.104,
  level: 'http',
  message: 'incoming-request',
  timestamp: '2024-07-03 03:15:16.182 PM'
}
{
  method: 'GET',
  url: '/api/v1/property/all?page=all',
  status: 200,
  content_length: '2719',
  response_time: 107.149,
  level: 'http',
  message: 'incoming-request',
  timestamp: '2024-07-03 03:15:16.469 PM'
}
{
  method: 'GET',
  url: '/api/v1/property/all?page=1',
  status: 304,
  response_time: 104.572,
  level: 'http',
  message: 'incoming-request',
  timestamp: '2024-07-03 03:15:34.385 PM'
}
{
  method: 'GET',
  url: '/api/v1/property/all?page=all',
  status: 304,
  response_time: 102.953,
  level: 'http',
  message: 'incoming-request',
  timestamp: '2024-07-03 03:15:34.946 PM'
}
{
  method: 'GET',
  url: '/api/v1/property/all?page=all',
  status: 304,
  response_time: 116.943,
  level: 'http',
  message: 'incoming-request',
  timestamp: '2024-07-03 03:15:37.213 PM'
}
{
  method: 'GET',
  url: '/api/v1/property/all?page=1',
  status: 304,
  response_time: 105.59,
  level: 'http',
  message: 'incoming-request',
  timestamp: '2024-07-03 03:15:46.524 PM'
}
{
  method: 'GET',
  url: '/api/v1/property/all?page=2',
  status: 200,
  content_length: '2719',
  response_time: 105.917,
  level: 'http',
  message: 'incoming-request',
  timestamp: '2024-07-03 03:15:52.529 PM'
}
{
  method: 'GET',
  url: '/api/v1/property/all?page=5',
  status: 200,
  content_length: '2719',
  response_time: 102.867,
  level: 'http',
  message: 'incoming-request',
  timestamp: '2024-07-03 03:15:55.921 PM'
}
{
  method: 'GET',
  url: '/api/v1/property/all',
  status: 200,
  content_length: '2719',
  response_time: 103.078,
  level: 'http',
  message: 'incoming-request',
  timestamp: '2024-07-03 03:16:31.206 PM'
}
{
  method: 'GET',
  url: '/api/v1/property/all?page=2',
  status: 304,
  response_time: 104.154,
  level: 'http',
  message: 'incoming-request',
  timestamp: '2024-07-03 03:17:34.448 PM'
}
{
  method: 'GET',
  url: '/api/v1/property/all?page=1',
  status: 304,
  response_time: 103.772,
  level: 'http',
  message: 'incoming-request',
  timestamp: '2024-07-03 03:18:39.825 PM'
}
{
  method: 'GET',
  url: '/api/v1/property/all?page=2',
  status: 304,
  response_time: 104.033,
  level: 'http',
  message: 'incoming-request',
  timestamp: '2024-07-03 03:18:39.892 PM'
}
{
  method: 'GET',
  url: '/api/v1/property/all?page=1',
  status: 304,
  response_time: 103.435,
  level: 'http',
  message: 'incoming-request',
  timestamp: '2024-07-03 03:18:50.806 PM'
}
{
  method: 'GET',
  url: '/api/v1/property/all?page=2',
  status: 304,
  response_time: 104.953,
  level: 'http',
  message: 'incoming-request',
  timestamp: '2024-07-03 03:18:50.873 PM'
}
{
  method: 'GET',
  url: '/api/v1/all?page=1',
  status: 404,
  content_length: '1948',
  response_time: 1.882,
  level: 'http',
  message: 'incoming-request',
  timestamp: '2024-07-03 03:22:25.595 PM'
}
{
  method: 'GET',
  url: '/api/v1/all?page=2',
  status: 404,
  content_length: '1948',
  response_time: 0.383,
  level: 'http',
  message: 'incoming-request',
  timestamp: '2024-07-03 03:22:25.626 PM'
}
{
  method: 'GET',
  url: '/api/v1/property/all?page=1',
  status: 200,
  content_length: '1371',
  response_time: 5.206,
  level: 'http',
  message: 'incoming-request',
  timestamp: '2024-07-03 03:22:31.112 PM'
}
{
  method: 'GET',
  url: '/api/v1/property/all?page=2',
  status: 200,
  content_length: '1371',
  response_time: 0.893,
  level: 'http',
  message: 'incoming-request',
  timestamp: '2024-07-03 03:22:31.312 PM'
}
{
  method: 'GET',
  url: '/api/v1/property/?page=2',
  status: 200,
  content_length: '2719',
  response_time: 116.907,
  level: 'http',
  message: 'incoming-request',
  timestamp: '2024-07-03 03:22:32.558 PM'
}
{
  method: 'GET',
  url: '/api/v1/property/?page=1',
  status: 200,
  content_length: '2719',
  response_time: 104.854,
  level: 'http',
  message: 'incoming-request',
  timestamp: '2024-07-03 03:22:32.576 PM'
}
{
  method: 'GET',
  url: '/api/v1/property/page=2',
  status: 200,
  content_length: '1377',
  response_time: 0.803,
  level: 'http',
  message: 'incoming-request',
  timestamp: '2024-07-03 03:22:34.205 PM'
}
{
  method: 'GET',
  url: '/api/v1/property/page=1',
  status: 200,
  content_length: '1377',
  response_time: 0.565,
  level: 'http',
  message: 'incoming-request',
  timestamp: '2024-07-03 03:22:34.229 PM'
}
{
  method: 'GET',
  url: '/api/v1/property/?page=1',
  status: 304,
  response_time: 103.553,
  level: 'http',
  message: 'incoming-request',
  timestamp: '2024-07-03 03:22:37.291 PM'
}
{
  method: 'GET',
  url: '/api/v1/property/?page=2',
  status: 304,
  response_time: 102.992,
  level: 'http',
  message: 'incoming-request',
  timestamp: '2024-07-03 03:22:37.411 PM'
}
{
  method: 'GET',
  url: '/api/v1/property/?page=2',
  status: 304,
  response_time: 102.945,
  level: 'http',
  message: 'incoming-request',
  timestamp: '2024-07-03 03:22:43.148 PM'
}
{
  method: 'GET',
  url: '/api/v1/property/?page=1',
  status: 200,
  content_length: '2719',
  response_time: 102.547,
  level: 'http',
  message: 'incoming-request',
  timestamp: '2024-07-03 03:22:44.715 PM'
}
{
  method: 'GET',
  url: '/api/v1/property/all',
  status: 200,
  content_length: '1371',
  response_time: 0.609,
  level: 'http',
  message: 'incoming-request',
  timestamp: '2024-07-03 03:23:03.478 PM'
}
{
  method: 'GET',
  url: '/api/v1/property/',
  status: 200,
  content_length: '2719',
  response_time: 102.813,
  level: 'http',
  message: 'incoming-request',
  timestamp: '2024-07-03 03:23:07.259 PM'
}
{
  method: 'GET',
  url: '/api/v1/property/?page=2',
  status: 200,
  content_length: '2719',
  response_time: 102.802,
  level: 'http',
  message: 'incoming-request',
  timestamp: '2024-07-03 03:23:20.032 PM'
}
{
  method: 'GET',
  url: '/api/v1/property/?page=5',
  status: 200,
  content_length: '2719',
  response_time: 102.835,
  level: 'http',
  message: 'incoming-request',
  timestamp: '2024-07-03 03:23:32.527 PM'
}
{
  method: 'GET',
  url: '/api/v1/property/?page=1',
  status: 200,
  content_length: '2719',
  response_time: 106.049,
  level: 'http',
  message: 'incoming-request',
  timestamp: '2024-07-03 03:23:35.720 PM'
}
{
  method: 'GET',
  url: '/api/v1/property/?page=1',
  status: 200,
  content_length: '2719',
  response_time: 118.217,
  level: 'http',
  message: 'incoming-request',
  timestamp: '2024-07-03 03:25:42.645 PM'
}
{
  method: 'GET',
  url: '/api/v1/property/?page=2',
  status: 200,
  content_length: '949',
  response_time: 110.855,
  level: 'http',
  message: 'incoming-request',
  timestamp: '2024-07-03 03:25:52.447 PM'
}
{
  method: 'GET',
  url: '/api/v1/property/?page=1',
  status: 200,
  content_length: '2719',
  response_time: 110.415,
  level: 'http',
  message: 'incoming-request',
  timestamp: '2024-07-03 03:26:33.210 PM'
}
{
  method: 'GET',
  url: '/api/v1/property/?page=1',
  status: 304,
  response_time: 109.824,
  level: 'http',
  message: 'incoming-request',
  timestamp: '2024-07-03 03:26:38.501 PM'
}
{
  method: 'GET',
  url: '/api/v1/property/?page=1',
  status: 304,
  response_time: 109.829,
  level: 'http',
  message: 'incoming-request',
  timestamp: '2024-07-03 03:26:57.356 PM'
}
{
  method: 'GET',
  url: '/api/v1/property/?page=1',
  status: 304,
  response_time: 109.594,
  level: 'http',
  message: 'incoming-request',
  timestamp: '2024-07-03 03:26:57.778 PM'
}
{
  method: 'GET',
  url: '/api/v1/property/?page=1',
  status: 304,
  response_time: 109.982,
  level: 'http',
  message: 'incoming-request',
  timestamp: '2024-07-03 03:27:14.924 PM'
}
{
  method: 'GET',
  url: '/api/v1/property/?page=1',
  status: 304,
  response_time: 110.573,
  level: 'http',
  message: 'incoming-request',
  timestamp: '2024-07-03 03:27:15.273 PM'
}
{
  method: 'GET',
  url: '/api/v1/property/?page=1',
  status: 304,
  response_time: 114.325,
  level: 'http',
  message: 'incoming-request',
  timestamp: '2024-07-03 03:27:23.485 PM'
}
{
  method: 'GET',
  url: '/api/v1/property/?page=1',
  status: 304,
  response_time: 110.581,
  level: 'http',
  message: 'incoming-request',
  timestamp: '2024-07-03 03:27:23.915 PM'
}
{
  method: 'GET',
  url: '/api/v1/property/?page=1',
  status: 304,
  response_time: 110.9,
  level: 'http',
  message: 'incoming-request',
  timestamp: '2024-07-03 03:27:42.489 PM'
}
{
  method: 'GET',
  url: '/api/v1/property/?page=2',
  status: 200,
  content_length: '949',
  response_time: 111.326,
  level: 'http',
  message: 'incoming-request',
  timestamp: '2024-07-03 03:27:43.733 PM'
}
{
  method: 'GET',
  url: '/api/v1/property/?page=1',
  status: 304,
  response_time: 112.806,
  level: 'http',
  message: 'incoming-request',
  timestamp: '2024-07-03 06:07:23.487 PM'
}
{
  method: 'GET',
  url: '/api/v1/property/666720f01ed8af0105a0d444',
  status: 304,
  response_time: 53.2,
  level: 'http',
  message: 'incoming-request',
  timestamp: '2024-07-03 06:07:35.174 PM'
}
{
  method: 'GET',
  url: '/api/v1/property/?page=0',
  status: 200,
  content_length: '2719',
  response_time: 102.36,
  level: 'http',
  message: 'incoming-request',
  timestamp: '2024-07-03 06:07:35.217 PM'
}
{
  method: 'GET',
  url: '/api/v1/property/?page=1',
  status: 304,
  response_time: 103.231,
  level: 'http',
  message: 'incoming-request',
  timestamp: '2024-07-03 06:09:03.745 PM'
}
{
  method: 'GET',
  url: '/api/v1/property/?page=1',
  status: 304,
  response_time: 101.542,
  level: 'http',
  message: 'incoming-request',
  timestamp: '2024-07-03 06:09:20.419 PM'
}
{
  method: 'GET',
  url: '/api/v1/property/?page=1',
  status: 304,
  response_time: 102.06,
  level: 'http',
  message: 'incoming-request',
  timestamp: '2024-07-03 06:09:38.762 PM'
}
{
  method: 'GET',
  url: '/api/v1/property/?page=1',
  status: 304,
  response_time: 100.646,
  level: 'http',
  message: 'incoming-request',
  timestamp: '2024-07-03 06:09:41.147 PM'
}
{
  method: 'GET',
  url: '/api/v1/property/?page=1',
  status: 304,
  response_time: 101.561,
  level: 'http',
  message: 'incoming-request',
  timestamp: '2024-07-03 06:09:43.122 PM'
}
{
  method: 'GET',
  url: '/api/v1/property/?page=1',
  status: 304,
  response_time: 101.113,
  level: 'http',
  message: 'incoming-request',
  timestamp: '2024-07-03 06:09:53.160 PM'
}
{
  method: 'GET',
  url: '/api/v1/property/?page=1',
  status: 304,
  response_time: 102.362,
  level: 'http',
  message: 'incoming-request',
  timestamp: '2024-07-03 06:10:06.117 PM'
}
{
  method: 'GET',
  url: '/api/v1/property/?page=1',
  status: 304,
  response_time: 100.82,
  level: 'http',
  message: 'incoming-request',
  timestamp: '2024-07-03 06:10:12.531 PM'
}
{
  method: 'GET',
  url: '/api/v1/property/?page=1',
  status: 304,
  response_time: 101.38,
  level: 'http',
  message: 'incoming-request',
  timestamp: '2024-07-03 06:10:22.500 PM'
}
{
  method: 'GET',
  url: '/api/v1/property/?page=1',
  status: 304,
  response_time: 100.608,
  level: 'http',
  message: 'incoming-request',
  timestamp: '2024-07-03 06:10:41.341 PM'
}
{
  method: 'GET',
  url: '/api/v1/property/?page=1',
  status: 304,
  response_time: 100.861,
  level: 'http',
  message: 'incoming-request',
  timestamp: '2024-07-03 06:10:52.189 PM'
}
{
  method: 'GET',
  url: '/api/v1/property/?page=1',
  status: 304,
  response_time: 100.91,
  level: 'http',
  message: 'incoming-request',
  timestamp: '2024-07-03 06:11:02.004 PM'
}
{
  method: 'GET',
  url: '/api/v1/property/?page=1',
  status: 304,
  response_time: 101.145,
  level: 'http',
  message: 'incoming-request',
  timestamp: '2024-07-03 06:11:05.954 PM'
}
{
  method: 'GET',
  url: '/api/v1/property/?page=1',
  status: 304,
  response_time: 101.131,
  level: 'http',
  message: 'incoming-request',
  timestamp: '2024-07-03 06:11:10.901 PM'
}
{
  method: 'GET',
  url: '/api/v1/property/?page=1',
  status: 304,
  response_time: 100.539,
  level: 'http',
  message: 'incoming-request',
  timestamp: '2024-07-03 06:11:22.680 PM'
}
{
  method: 'GET',
  url: '/api/v1/property/?page=1',
  status: 304,
  response_time: 103.738,
  level: 'http',
  message: 'incoming-request',
  timestamp: '2024-07-03 06:11:38.314 PM'
}
{
  method: 'GET',
  url: '/api/v1/property/?page=1',
  status: 304,
  response_time: 100.886,
  level: 'http',
  message: 'incoming-request',
  timestamp: '2024-07-03 06:11:39.690 PM'
}
