{
  method: 'GET',
  url: '/api/v1/config/paypal',
  status: 304,
  response_time: 0.165,
  level: 'http',
  message: 'incoming-request',
  timestamp: '2024-12-23 12:03:15.740 AM'
}
{
  method: 'GET',
  url: '/api/v1/user/profile',
  status: 304,
  response_time: 103.072,
  level: 'http',
  message: 'incoming-request',
  timestamp: '2024-12-23 12:03:15.889 AM'
}
{
  method: 'GET',
  url: '/api/v1/order/1734802715783',
  status: 304,
  response_time: 158.824,
  level: 'http',
  message: 'incoming-request',
  timestamp: '2024-12-23 12:03:15.896 AM'
}
{
  method: 'GET',
  url: '/api/v1/config/paypal',
  status: 304,
  response_time: 0.151,
  level: 'http',
  message: 'incoming-request',
  timestamp: '2024-12-23 12:03:25.837 AM'
}
{
  method: 'GET',
  url: '/api/v1/user/profile',
  status: 304,
  response_time: 103.421,
  level: 'http',
  message: 'incoming-request',
  timestamp: '2024-12-23 12:03:25.942 AM'
}
{
  method: 'GET',
  url: '/api/v1/order/1734802715783',
  status: 304,
  response_time: 154.868,
  level: 'http',
  message: 'incoming-request',
  timestamp: '2024-12-23 12:03:25.990 AM'
}
{
  message: 'Server on 1997 running. NodeENV: development  ',
  level: 'info',
  timestamp: '2024-12-23 12:08:46.912 AM'
}
{
  message: 'Server on 1997 running. NodeENV: development  ',
  level: 'info',
  timestamp: '2024-12-23 12:10:30.521 AM'
}
{
  message: 'Server on 1997 running. NodeENV: development  ',
  level: 'info',
  timestamp: '2024-12-23 12:10:38.370 AM'
}
{
  method: 'GET',
  url: '/api/v1/config/paypal',
  status: 304,
  response_time: 1.291,
  level: 'http',
  message: 'incoming-request',
  timestamp: '2024-12-23 12:10:40.665 AM'
}
{
  method: 'GET',
  url: '/api/v1/user/profile',
  status: 304,
  response_time: 108.762,
  level: 'http',
  message: 'incoming-request',
  timestamp: '2024-12-23 12:10:40.775 AM'
}
{
  method: 'GET',
  url: '/api/v1/order/1734802715783',
  status: 304,
  response_time: 173.074,
  level: 'http',
  message: 'incoming-request',
  timestamp: '2024-12-23 12:10:40.828 AM'
}
{
  message: 'Server on 1997 running. NodeENV: development  ',
  level: 'info',
  timestamp: '2024-12-23 12:13:05.803 AM'
}
{
  message: 'Server on 1997 running. NodeENV: development  ',
  level: 'info',
  timestamp: '2024-12-23 12:13:35.505 AM'
}
{
  message: 'Server on 1997 running. NodeENV: development  ',
  level: 'info',
  timestamp: '2024-12-23 12:13:54.497 AM'
}
{
  message: 'Server on 1997 running. NodeENV: development  ',
  level: 'info',
  timestamp: '2024-12-23 12:14:28.307 AM'
}
{
  method: 'GET',
  url: '/api/v1/config/paypal',
  status: 304,
  response_time: 2.624,
  level: 'http',
  message: 'incoming-request',
  timestamp: '2024-12-23 12:14:53.650 AM'
}
{
  method: 'GET',
  url: '/api/v1/user/profile',
  status: 304,
  response_time: 105.56,
  level: 'http',
  message: 'incoming-request',
  timestamp: '2024-12-23 12:14:53.758 AM'
}
{
  method: 'GET',
  url: '/api/v1/order/1734802715783',
  status: 304,
  response_time: 171.786,
  level: 'http',
  message: 'incoming-request',
  timestamp: '2024-12-23 12:14:53.809 AM'
}
{
  message: 'Server on 1997 running. NodeENV: development  ',
  level: 'info',
  timestamp: '2024-12-23 12:15:43.857 AM'
}
{
  method: 'GET',
  url: '/api/v1/config/paypal',
  status: 304,
  response_time: 1.432,
  level: 'http',
  message: 'incoming-request',
  timestamp: '2024-12-23 12:16:02.253 AM'
}
{
  method: 'GET',
  url: '/api/v1/user/profile',
  status: 304,
  response_time: 105.241,
  level: 'http',
  message: 'incoming-request',
  timestamp: '2024-12-23 12:16:02.360 AM'
}
{
  method: 'GET',
  url: '/api/v1/order/1734802715783',
  status: 304,
  response_time: 164.372,
  level: 'http',
  message: 'incoming-request',
  timestamp: '2024-12-23 12:16:02.411 AM'
}
{
  method: 'GET',
  url: '/api/v1/config/paypal',
  status: 304,
  response_time: 0.332,
  level: 'http',
  message: 'incoming-request',
  timestamp: '2024-12-23 12:18:42.474 AM'
}
{
  method: 'GET',
  url: '/api/v1/user/profile',
  status: 304,
  response_time: 103.498,
  level: 'http',
  message: 'incoming-request',
  timestamp: '2024-12-23 12:18:42.579 AM'
}
{
  method: 'GET',
  url: '/api/v1/order/1734802715783',
  status: 304,
  response_time: 155.904,
  level: 'http',
  message: 'incoming-request',
  timestamp: '2024-12-23 12:18:42.625 AM'
}
{
  method: 'GET',
  url: '/api/v1/config/paypal',
  status: 304,
  response_time: 0.159,
  level: 'http',
  message: 'incoming-request',
  timestamp: '2024-12-23 12:19:00.385 AM'
}
{
  method: 'GET',
  url: '/api/v1/user/profile',
  status: 304,
  response_time: 105.259,
  level: 'http',
  message: 'incoming-request',
  timestamp: '2024-12-23 12:19:00.491 AM'
}
{
  method: 'GET',
  url: '/api/v1/order/1734802715783',
  status: 304,
  response_time: 155.327,
  level: 'http',
  message: 'incoming-request',
  timestamp: '2024-12-23 12:19:00.537 AM'
}
{
  method: 'GET',
  url: '/api/v1/config/paypal',
  status: 304,
  response_time: 0.224,
  level: 'http',
  message: 'incoming-request',
  timestamp: '2024-12-23 12:19:23.930 AM'
}
{
  method: 'GET',
  url: '/api/v1/user/profile',
  status: 304,
  response_time: 102.806,
  level: 'http',
  message: 'incoming-request',
  timestamp: '2024-12-23 12:19:24.034 AM'
}
{
  method: 'GET',
  url: '/api/v1/order/1734802715783',
  status: 304,
  response_time: 154.118,
  level: 'http',
  message: 'incoming-request',
  timestamp: '2024-12-23 12:19:24.081 AM'
}
{
  method: 'GET',
  url: '/api/v1/config/paypal',
  status: 304,
  response_time: 0.178,
  level: 'http',
  message: 'incoming-request',
  timestamp: '2024-12-23 12:20:00.141 AM'
}
{
  method: 'GET',
  url: '/api/v1/user/profile',
  status: 304,
  response_time: 103.857,
  level: 'http',
  message: 'incoming-request',
  timestamp: '2024-12-23 12:20:00.246 AM'
}
{
  method: 'GET',
  url: '/api/v1/order/1734802715783',
  status: 304,
  response_time: 153.731,
  level: 'http',
  message: 'incoming-request',
  timestamp: '2024-12-23 12:20:00.292 AM'
}
{
  method: 'GET',
  url: '/api/v1/config/paypal',
  status: 304,
  response_time: 0.178,
  level: 'http',
  message: 'incoming-request',
  timestamp: '2024-12-23 12:23:50.384 AM'
}
{
  method: 'GET',
  url: '/api/v1/user/profile',
  status: 304,
  response_time: 101.467,
  level: 'http',
  message: 'incoming-request',
  timestamp: '2024-12-23 12:23:50.486 AM'
}
{
  method: 'GET',
  url: '/api/v1/order/1734802715783',
  status: 304,
  response_time: 153.095,
  level: 'http',
  message: 'incoming-request',
  timestamp: '2024-12-23 12:23:50.534 AM'
}
{
  method: 'GET',
  url: '/api/v1/config/paypal',
  status: 304,
  response_time: 0.168,
  level: 'http',
  message: 'incoming-request',
  timestamp: '2024-12-23 12:24:09.762 AM'
}
{
  method: 'GET',
  url: '/api/v1/user/profile',
  status: 304,
  response_time: 102.091,
  level: 'http',
  message: 'incoming-request',
  timestamp: '2024-12-23 12:24:09.865 AM'
}
{
  method: 'GET',
  url: '/api/v1/order/1734802715783',
  status: 304,
  response_time: 155.055,
  level: 'http',
  message: 'incoming-request',
  timestamp: '2024-12-23 12:24:09.915 AM'
}
{
  method: 'GET',
  url: '/api/v1/config/paypal',
  status: 304,
  response_time: 0.159,
  level: 'http',
  message: 'incoming-request',
  timestamp: '2024-12-23 12:25:08.169 AM'
}
{
  method: 'GET',
  url: '/api/v1/user/profile',
  status: 304,
  response_time: 101.518,
  level: 'http',
  message: 'incoming-request',
  timestamp: '2024-12-23 12:25:08.271 AM'
}
{
  method: 'GET',
  url: '/api/v1/order/1734802715783',
  status: 304,
  response_time: 154.239,
  level: 'http',
  message: 'incoming-request',
  timestamp: '2024-12-23 12:25:08.321 AM'
}
{
  method: 'GET',
  url: '/api/v1/config/paypal',
  status: 304,
  response_time: 0.169,
  level: 'http',
  message: 'incoming-request',
  timestamp: '2024-12-23 12:27:21.590 AM'
}
{
  method: 'GET',
  url: '/api/v1/user/profile',
  status: 304,
  response_time: 102.335,
  level: 'http',
  message: 'incoming-request',
  timestamp: '2024-12-23 12:27:21.694 AM'
}
{
  method: 'GET',
  url: '/api/v1/order/1734802715783',
  status: 304,
  response_time: 153.432,
  level: 'http',
  message: 'incoming-request',
  timestamp: '2024-12-23 12:27:21.741 AM'
}
{
  method: 'GET',
  url: '/api/v1/config/paypal',
  status: 304,
  response_time: 0.207,
  level: 'http',
  message: 'incoming-request',
  timestamp: '2024-12-23 12:27:27.261 AM'
}
{
  method: 'GET',
  url: '/api/v1/user/profile',
  status: 304,
  response_time: 104.275,
  level: 'http',
  message: 'incoming-request',
  timestamp: '2024-12-23 12:27:27.367 AM'
}
{
  method: 'GET',
  url: '/api/v1/order/1734802715783',
  status: 304,
  response_time: 153.516,
  level: 'http',
  message: 'incoming-request',
  timestamp: '2024-12-23 12:27:27.411 AM'
}
{
  method: 'POST',
  url: '/api/v1/order/create-payment-intent',
  status: 200,
  content_length: '79',
  response_time: 661.804,
  level: 'http',
  message: 'incoming-request',
  timestamp: '2024-12-23 12:27:41.506 AM'
}
{
  method: 'GET',
  url: '/api/v1/order/1734802715783',
  status: 304,
  response_time: 158.649,
  level: 'http',
  message: 'incoming-request',
  timestamp: '2024-12-23 12:27:41.674 AM'
}
{
  method: 'GET',
  url: '/api/v1/config/paypal',
  status: 304,
  response_time: 0.187,
  level: 'http',
  message: 'incoming-request',
  timestamp: '2024-12-23 12:28:23.175 AM'
}
{
  method: 'GET',
  url: '/api/v1/user/profile',
  status: 304,
  response_time: 104.383,
  level: 'http',
  message: 'incoming-request',
  timestamp: '2024-12-23 12:28:23.280 AM'
}
{
  method: 'GET',
  url: '/api/v1/order/1734802715783',
  status: 304,
  response_time: 153.402,
  level: 'http',
  message: 'incoming-request',
  timestamp: '2024-12-23 12:28:23.318 AM'
}
{
  method: 'GET',
  url: '/api/v1/config/paypal',
  status: 304,
  response_time: 0.162,
  level: 'http',
  message: 'incoming-request',
  timestamp: '2024-12-23 12:30:05.430 AM'
}
{
  method: 'GET',
  url: '/api/v1/user/profile',
  status: 304,
  response_time: 102.356,
  level: 'http',
  message: 'incoming-request',
  timestamp: '2024-12-23 12:30:05.533 AM'
}
{
  method: 'GET',
  url: '/api/v1/order/1734802715783',
  status: 304,
  response_time: 154.139,
  level: 'http',
  message: 'incoming-request',
  timestamp: '2024-12-23 12:30:05.581 AM'
}
{
  method: 'GET',
  url: '/api/v1/config/paypal',
  status: 304,
  response_time: 0.137,
  level: 'http',
  message: 'incoming-request',
  timestamp: '2024-12-23 12:30:11.591 AM'
}
{
  method: 'GET',
  url: '/api/v1/user/profile',
  status: 304,
  response_time: 102.252,
  level: 'http',
  message: 'incoming-request',
  timestamp: '2024-12-23 12:30:11.709 AM'
}
{
  method: 'GET',
  url: '/api/v1/order/1734802715783',
  status: 304,
  response_time: 153.64,
  level: 'http',
  message: 'incoming-request',
  timestamp: '2024-12-23 12:30:11.743 AM'
}
{
  method: 'GET',
  url: '/api/v1/config/paypal',
  status: 304,
  response_time: 0.155,
  level: 'http',
  message: 'incoming-request',
  timestamp: '2024-12-23 12:30:41.642 AM'
}
{
  method: 'GET',
  url: '/api/v1/user/profile',
  status: 304,
  response_time: 103.485,
  level: 'http',
  message: 'incoming-request',
  timestamp: '2024-12-23 12:30:41.747 AM'
}
{
  method: 'GET',
  url: '/api/v1/order/1734802715783',
  status: 304,
  response_time: 154.506,
  level: 'http',
  message: 'incoming-request',
  timestamp: '2024-12-23 12:30:41.794 AM'
}
{
  method: 'GET',
  url: '/api/v1/config/paypal',
  status: 304,
  response_time: 0.135,
  level: 'http',
  message: 'incoming-request',
  timestamp: '2024-12-23 12:31:53.120 AM'
}
{
  method: 'GET',
  url: '/api/v1/user/profile',
  status: 304,
  response_time: 101.264,
  level: 'http',
  message: 'incoming-request',
  timestamp: '2024-12-23 12:31:53.222 AM'
}
{
  method: 'GET',
  url: '/api/v1/order/1734802715783',
  status: 304,
  response_time: 154.071,
  level: 'http',
  message: 'incoming-request',
  timestamp: '2024-12-23 12:31:53.271 AM'
}
{
  method: 'GET',
  url: '/api/v1/config/paypal',
  status: 304,
  response_time: 0.145,
  level: 'http',
  message: 'incoming-request',
  timestamp: '2024-12-23 12:32:04.512 AM'
}
{
  method: 'GET',
  url: '/api/v1/user/profile',
  status: 304,
  response_time: 103.489,
  level: 'http',
  message: 'incoming-request',
  timestamp: '2024-12-23 12:32:04.617 AM'
}
{
  method: 'GET',
  url: '/api/v1/order/1734802715783',
  status: 304,
  response_time: 161.378,
  level: 'http',
  message: 'incoming-request',
  timestamp: '2024-12-23 12:32:04.671 AM'
}
{
  method: 'GET',
  url: '/api/v1/config/paypal',
  status: 304,
  response_time: 0.32,
  level: 'http',
  message: 'incoming-request',
  timestamp: '2024-12-23 12:32:37.854 AM'
}
{
  method: 'GET',
  url: '/api/v1/user/profile',
  status: 304,
  response_time: 103.404,
  level: 'http',
  message: 'incoming-request',
  timestamp: '2024-12-23 12:32:37.958 AM'
}
{
  method: 'GET',
  url: '/api/v1/order/1734802715783',
  status: 304,
  response_time: 153.774,
  level: 'http',
  message: 'incoming-request',
  timestamp: '2024-12-23 12:32:38.004 AM'
}
{
  method: 'POST',
  url: '/api/v1/order/create-payment-intent',
  status: 200,
  content_length: '79',
  response_time: 579.529,
  level: 'http',
  message: 'incoming-request',
  timestamp: '2024-12-23 12:32:40.993 AM'
}
{
  method: 'GET',
  url: '/api/v1/order/1734802715783',
  status: 304,
  response_time: 155.244,
  level: 'http',
  message: 'incoming-request',
  timestamp: '2024-12-23 12:32:41.154 AM'
}
{
  method: 'GET',
  url: '/api/v1/config/paypal',
  status: 304,
  response_time: 0.159,
  level: 'http',
  message: 'incoming-request',
  timestamp: '2024-12-23 12:32:46.380 AM'
}
{
  method: 'GET',
  url: '/api/v1/user/profile',
  status: 304,
  response_time: 101.988,
  level: 'http',
  message: 'incoming-request',
  timestamp: '2024-12-23 12:32:46.483 AM'
}
{
  method: 'GET',
  url: '/api/v1/order/1734802715783',
  status: 304,
  response_time: 153.564,
  level: 'http',
  message: 'incoming-request',
  timestamp: '2024-12-23 12:32:46.531 AM'
}
{
  method: 'POST',
  url: '/api/v1/order/create-payment-intent',
  status: 200,
  content_length: '79',
  response_time: 406.361,
  level: 'http',
  message: 'incoming-request',
  timestamp: '2024-12-23 12:32:51.377 AM'
}
{
  method: 'GET',
  url: '/api/v1/order/1734802715783',
  status: 304,
  response_time: 154.008,
  level: 'http',
  message: 'incoming-request',
  timestamp: '2024-12-23 12:32:51.539 AM'
}
{
  method: 'GET',
  url: '/api/v1/config/paypal',
  status: 304,
  response_time: 0.216,
  level: 'http',
  message: 'incoming-request',
  timestamp: '2024-12-23 12:34:39.821 AM'
}
{
  method: 'GET',
  url: '/api/v1/user/profile',
  status: 304,
  response_time: 103.948,
  level: 'http',
  message: 'incoming-request',
  timestamp: '2024-12-23 12:34:39.926 AM'
}
{
  method: 'GET',
  url: '/api/v1/order/1734802715783',
  status: 304,
  response_time: 155.164,
  level: 'http',
  message: 'incoming-request',
  timestamp: '2024-12-23 12:34:39.973 AM'
}
{
  method: 'GET',
  url: '/api/v1/config/paypal',
  status: 304,
  response_time: 0.141,
  level: 'http',
  message: 'incoming-request',
  timestamp: '2024-12-23 12:35:04.722 AM'
}
{
  method: 'GET',
  url: '/api/v1/user/profile',
  status: 304,
  response_time: 103.428,
  level: 'http',
  message: 'incoming-request',
  timestamp: '2024-12-23 12:35:04.827 AM'
}
{
  method: 'GET',
  url: '/api/v1/order/1734802715783',
  status: 304,
  response_time: 157.587,
  level: 'http',
  message: 'incoming-request',
  timestamp: '2024-12-23 12:35:04.877 AM'
}
{
  method: 'GET',
  url: '/api/v1/config/paypal',
  status: 304,
  response_time: 0.148,
  level: 'http',
  message: 'incoming-request',
  timestamp: '2024-12-23 12:35:21.696 AM'
}
{
  method: 'GET',
  url: '/api/v1/user/profile',
  status: 304,
  response_time: 104.123,
  level: 'http',
  message: 'incoming-request',
  timestamp: '2024-12-23 12:35:21.801 AM'
}
{
  method: 'GET',
  url: '/api/v1/order/1734802715783',
  status: 304,
  response_time: 154.559,
  level: 'http',
  message: 'incoming-request',
  timestamp: '2024-12-23 12:35:21.849 AM'
}
{
  method: 'GET',
  url: '/api/v1/config/paypal',
  status: 304,
  response_time: 0.139,
  level: 'http',
  message: 'incoming-request',
  timestamp: '2024-12-23 12:35:49.833 AM'
}
{
  method: 'GET',
  url: '/api/v1/user/profile',
  status: 304,
  response_time: 102.39,
  level: 'http',
  message: 'incoming-request',
  timestamp: '2024-12-23 12:35:49.937 AM'
}
{
  method: 'GET',
  url: '/api/v1/order/1734802715783',
  status: 304,
  response_time: 156.267,
  level: 'http',
  message: 'incoming-request',
  timestamp: '2024-12-23 12:35:49.985 AM'
}
{
  method: 'GET',
  url: '/api/v1/config/paypal',
  status: 304,
  response_time: 0.155,
  level: 'http',
  message: 'incoming-request',
  timestamp: '2024-12-23 12:35:52.658 AM'
}
{
  method: 'GET',
  url: '/api/v1/user/profile',
  status: 304,
  response_time: 106.472,
  level: 'http',
  message: 'incoming-request',
  timestamp: '2024-12-23 12:35:52.766 AM'
}
{
  method: 'GET',
  url: '/api/v1/order/1734802715783',
  status: 304,
  response_time: 154.685,
  level: 'http',
  message: 'incoming-request',
  timestamp: '2024-12-23 12:35:52.810 AM'
}
{
  method: 'GET',
  url: '/api/v1/config/paypal',
  status: 304,
  response_time: 0.162,
  level: 'http',
  message: 'incoming-request',
  timestamp: '2024-12-23 12:36:01.717 AM'
}
{
  method: 'GET',
  url: '/api/v1/user/profile',
  status: 304,
  response_time: 102.941,
  level: 'http',
  message: 'incoming-request',
  timestamp: '2024-12-23 12:36:01.821 AM'
}
{
  method: 'GET',
  url: '/api/v1/order/1734802715783',
  status: 304,
  response_time: 154.275,
  level: 'http',
  message: 'incoming-request',
  timestamp: '2024-12-23 12:36:01.868 AM'
}
{
  method: 'POST',
  url: '/api/v1/order/create-payment-intent',
  status: 200,
  content_length: '79',
  response_time: 528.945,
  level: 'http',
  message: 'incoming-request',
  timestamp: '2024-12-23 12:36:14.474 AM'
}
{
  method: 'GET',
  url: '/api/v1/order/1734802715783',
  status: 304,
  response_time: 154.119,
  level: 'http',
  message: 'incoming-request',
  timestamp: '2024-12-23 12:36:14.636 AM'
}
{
  method: 'GET',
  url: '/api/v1/config/paypal',
  status: 304,
  response_time: 0.127,
  level: 'http',
  message: 'incoming-request',
  timestamp: '2024-12-23 12:36:34.063 AM'
}
{
  method: 'GET',
  url: '/api/v1/user/profile',
  status: 304,
  response_time: 103.264,
  level: 'http',
  message: 'incoming-request',
  timestamp: '2024-12-23 12:36:34.167 AM'
}
{
  method: 'GET',
  url: '/api/v1/order/1734802715783',
  status: 304,
  response_time: 153.581,
  level: 'http',
  message: 'incoming-request',
  timestamp: '2024-12-23 12:36:34.215 AM'
}
{
  method: 'GET',
  url: '/api/v1/config/paypal',
  status: 304,
  response_time: 0.167,
  level: 'http',
  message: 'incoming-request',
  timestamp: '2024-12-23 12:36:44.021 AM'
}
{
  method: 'GET',
  url: '/api/v1/user/profile',
  status: 304,
  response_time: 104.07,
  level: 'http',
  message: 'incoming-request',
  timestamp: '2024-12-23 12:36:44.126 AM'
}
{
  method: 'GET',
  url: '/api/v1/order/1734802715783',
  status: 304,
  response_time: 154.696,
  level: 'http',
  message: 'incoming-request',
  timestamp: '2024-12-23 12:36:44.173 AM'
}
{
  method: 'POST',
  url: '/api/v1/order/create-payment-intent',
  status: 200,
  content_length: '79',
  response_time: 436.612,
  level: 'http',
  message: 'incoming-request',
  timestamp: '2024-12-23 12:36:56.066 AM'
}
{
  method: 'GET',
  url: '/api/v1/order/1734802715783',
  status: 304,
  response_time: 153.961,
  level: 'http',
  message: 'incoming-request',
  timestamp: '2024-12-23 12:36:56.229 AM'
}
{
  method: 'GET',
  url: '/api/v1/config/paypal',
  status: 304,
  response_time: 0.166,
  level: 'http',
  message: 'incoming-request',
  timestamp: '2024-12-23 12:37:24.527 AM'
}
{
  method: 'GET',
  url: '/api/v1/user/profile',
  status: 304,
  response_time: 102.354,
  level: 'http',
  message: 'incoming-request',
  timestamp: '2024-12-23 12:37:24.631 AM'
}
{
  method: 'GET',
  url: '/api/v1/order/1734802715783',
  status: 304,
  response_time: 155.759,
  level: 'http',
  message: 'incoming-request',
  timestamp: '2024-12-23 12:37:24.680 AM'
}
{
  method: 'GET',
  url: '/api/v1/config/paypal',
  status: 304,
  response_time: 0.145,
  level: 'http',
  message: 'incoming-request',
  timestamp: '2024-12-23 12:39:01.266 AM'
}
{
  method: 'GET',
  url: '/api/v1/user/profile',
  status: 304,
  response_time: 101.43,
  level: 'http',
  message: 'incoming-request',
  timestamp: '2024-12-23 12:39:01.368 AM'
}
{
  method: 'GET',
  url: '/api/v1/order/1734802715783',
  status: 304,
  response_time: 152.261,
  level: 'http',
  message: 'incoming-request',
  timestamp: '2024-12-23 12:39:01.415 AM'
}
{
  method: 'GET',
  url: '/api/v1/config/paypal',
  status: 304,
  response_time: 0.226,
  level: 'http',
  message: 'incoming-request',
  timestamp: '2024-12-23 12:39:11.842 AM'
}
{
  method: 'GET',
  url: '/api/v1/user/profile',
  status: 304,
  response_time: 102.165,
  level: 'http',
  message: 'incoming-request',
  timestamp: '2024-12-23 12:39:11.946 AM'
}
{
  method: 'GET',
  url: '/api/v1/order/1734802715783',
  status: 304,
  response_time: 153.78,
  level: 'http',
  message: 'incoming-request',
  timestamp: '2024-12-23 12:39:11.992 AM'
}
{
  method: 'POST',
  url: '/api/v1/order/create-payment-intent',
  status: 200,
  content_length: '79',
  response_time: 568.939,
  level: 'http',
  message: 'incoming-request',
  timestamp: '2024-12-23 12:39:25.279 AM'
}
{
  method: 'GET',
  url: '/api/v1/order/1734802715783',
  status: 304,
  response_time: 153.535,
  level: 'http',
  message: 'incoming-request',
  timestamp: '2024-12-23 12:39:25.440 AM'
}
{
  message: 'Server on 1997 running. NodeENV: development  ',
  level: 'info',
  timestamp: '2024-12-23 04:07:45.847 PM'
}
{
  message: 'Server on 1997 running. NodeENV: development  ',
  level: 'info',
  timestamp: '2024-12-23 04:08:27.784 PM'
}
{
  method: 'GET',
  url: '/api/v1/property/666720f01ed8af0105a0d444',
  status: 304,
  response_time: 127.314,
  level: 'http',
  message: 'incoming-request',
  timestamp: '2024-12-23 04:08:38.517 PM'
}
{
  method: 'GET',
  url: '/api/v1/property/?page=1',
  status: 200,
  content_length: '3504',
  response_time: 282.894,
  level: 'http',
  message: 'incoming-request',
  timestamp: '2024-12-23 04:08:38.652 PM'
}
{
  method: 'GET',
  url: '/api/v1/user/profile',
  status: 200,
  content_length: '2282',
  response_time: 260.372,
  level: 'http',
  message: 'incoming-request',
  timestamp: '2024-12-23 04:08:38.656 PM'
}
{
  message: 'Add orders ValidationError: orderItems.0.property: Path `property` is required., orderItems.1.property: Path `property` is required., orderItems.2.property: Path `property` is required.',
  level: 'error',
  timestamp: '2024-12-23 04:09:07.416 PM'
}
{
  method: 'POST',
  url: '/api/v1/order',
  status: 500,
  content_length: '227',
  response_time: 406.072,
  level: 'http',
  message: 'incoming-request',
  timestamp: '2024-12-23 04:09:07.421 PM'
}
{
  message: 'Add orders ValidationError: orderItems.0.property: Path `property` is required., orderItems.1.property: Path `property` is required., orderItems.2.property: Path `property` is required.',
  level: 'error',
  timestamp: '2024-12-23 04:09:12.735 PM'
}
{
  method: 'POST',
  url: '/api/v1/order',
  status: 500,
  content_length: '227',
  response_time: 291,
  level: 'http',
  message: 'incoming-request',
  timestamp: '2024-12-23 04:09:12.743 PM'
}
{
  method: 'GET',
  url: '/api/v1/user/profile',
  status: 401,
  content_length: '26',
  response_time: 0.638,
  level: 'http',
  message: 'incoming-request',
  timestamp: '2024-12-23 04:09:38.990 PM'
}
{
  method: 'POST',
  url: '/api/v1/auth/login',
  status: 200,
  content_length: '504',
  response_time: 323.284,
  level: 'http',
  message: 'incoming-request',
  timestamp: '2024-12-23 04:09:58.202 PM'
}
{
  method: 'GET',
  url: '/api/v1/property/?page=1',
  status: 200,
  content_length: '3504',
  response_time: 173.116,
  level: 'http',
  message: 'incoming-request',
  timestamp: '2024-12-23 04:10:02.952 PM'
}
{
  method: 'POST',
  url: '/api/v1/order',
  status: 201,
  content_length: '530',
  response_time: 346.371,
  level: 'http',
  message: 'incoming-request',
  timestamp: '2024-12-23 04:10:21.365 PM'
}
{
  method: 'GET',
  url: '/api/v1/config/paypal',
  status: 200,
  content_length: '95',
  response_time: 0.639,
  level: 'http',
  message: 'incoming-request',
  timestamp: '2024-12-23 04:10:21.472 PM'
}
{
  method: 'GET',
  url: '/api/v1/order/1734963021005',
  status: 200,
  content_length: '608',
  response_time: 265.561,
  level: 'http',
  message: 'incoming-request',
  timestamp: '2024-12-23 04:10:21.730 PM'
}
{
  message: 'Server on 1997 running. NodeENV: development  ',
  level: 'info',
  timestamp: '2024-12-23 04:18:41.147 PM'
}
{
  method: 'GET',
  url: '/api/v1/config/paypal',
  status: 304,
  response_time: 7.676,
  level: 'http',
  message: 'incoming-request',
  timestamp: '2024-12-23 04:18:54.387 PM'
}
{
  method: 'GET',
  url: '/api/v1/user/profile',
  status: 200,
  content_length: '2456',
  response_time: 307.091,
  level: 'http',
  message: 'incoming-request',
  timestamp: '2024-12-23 04:18:54.465 PM'
}
{
  method: 'GET',
  url: '/api/v1/order/1734963021005',
  status: 304,
  response_time: 326.302,
  level: 'http',
  message: 'incoming-request',
  timestamp: '2024-12-23 04:18:54.717 PM'
}
{
  method: 'POST',
  url: '/api/v1/order/create-payment-intent',
  status: 200,
  content_length: '79',
  response_time: 1884.215,
  level: 'http',
  message: 'incoming-request',
  timestamp: '2024-12-23 04:19:13.042 PM'
}
{
  method: 'GET',
  url: '/api/v1/order/1734963021005',
  status: 304,
  response_time: 231.242,
  level: 'http',
  message: 'incoming-request',
  timestamp: '2024-12-23 04:19:13.303 PM'
}
{
  method: 'GET',
  url: '/api/v1/config/paypal',
  status: 304,
  response_time: 0.633,
  level: 'http',
  message: 'incoming-request',
  timestamp: '2024-12-23 04:20:09.459 PM'
}
{
  method: 'GET',
  url: '/api/v1/user/profile',
  status: 304,
  response_time: 168.54,
  level: 'http',
  message: 'incoming-request',
  timestamp: '2024-12-23 04:20:09.631 PM'
}
{
  method: 'GET',
  url: '/api/v1/order/1734963021005',
  status: 304,
  response_time: 269.474,
  level: 'http',
  message: 'incoming-request',
  timestamp: '2024-12-23 04:20:09.717 PM'
}
{
  method: 'POST',
  url: '/api/v1/order/create-payment-intent',
  status: 200,
  content_length: '79',
  response_time: 481.205,
  level: 'http',
  message: 'incoming-request',
  timestamp: '2024-12-23 04:20:25.604 PM'
}
{
  method: 'GET',
  url: '/api/v1/order/1734963021005',
  status: 304,
  response_time: 262.591,
  level: 'http',
  message: 'incoming-request',
  timestamp: '2024-12-23 04:20:25.896 PM'
}
{
  method: 'GET',
  url: '/api/v1/config/paypal',
  status: 304,
  response_time: 0.519,
  level: 'http',
  message: 'incoming-request',
  timestamp: '2024-12-23 04:21:20.340 PM'
}
{
  method: 'GET',
  url: '/api/v1/user/profile',
  status: 304,
  response_time: 194.228,
  level: 'http',
  message: 'incoming-request',
  timestamp: '2024-12-23 04:21:20.538 PM'
}
{
  method: 'GET',
  url: '/api/v1/order/1734963021005',
  status: 304,
  response_time: 247.034,
  level: 'http',
  message: 'incoming-request',
  timestamp: '2024-12-23 04:21:20.575 PM'
}
{
  method: 'POST',
  url: '/api/v1/order/create-payment-intent',
  status: 200,
  content_length: '79',
  response_time: 765.41,
  level: 'http',
  message: 'incoming-request',
  timestamp: '2024-12-23 04:21:49.846 PM'
}
{
  method: 'GET',
  url: '/api/v1/order/1734963021005',
  status: 304,
  response_time: 275.499,
  level: 'http',
  message: 'incoming-request',
  timestamp: '2024-12-23 04:21:50.142 PM'
}
{
  message: 'Server on 1997 running. NodeENV: development  ',
  level: 'info',
  timestamp: '2024-12-23 04:26:09.457 PM'
}
{
  method: 'GET',
  url: '/api/v1/config/paypal',
  status: 304,
  response_time: 4.135,
  level: 'http',
  message: 'incoming-request',
  timestamp: '2024-12-23 04:26:29.087 PM'
}
{
  method: 'GET',
  url: '/api/v1/user/profile',
  status: 0,
  response_time: '0',
  level: 'http',
  message: 'incoming-request',
  timestamp: '2024-12-23 04:26:29.092 PM'
}
{
  method: 'GET',
  url: '/api/v1/order/1734963021005',
  status: 0,
  response_time: '0',
  level: 'http',
  message: 'incoming-request',
  timestamp: '2024-12-23 04:26:29.111 PM'
}
{
  method: 'GET',
  url: '/api/v1/config/paypal',
  status: 200,
  content_length: '95',
  response_time: 0.52,
  level: 'http',
  message: 'incoming-request',
  timestamp: '2024-12-23 04:26:30.279 PM'
}
{
  method: 'GET',
  url: '/api/v1/user/profile',
  status: 200,
  content_length: '2456',
  response_time: 202.762,
  level: 'http',
  message: 'incoming-request',
  timestamp: '2024-12-23 04:26:30.485 PM'
}
{
  method: 'GET',
  url: '/api/v1/order/1734963021005',
  status: 200,
  content_length: '608',
  response_time: 274.975,
  level: 'http',
  message: 'incoming-request',
  timestamp: '2024-12-23 04:26:30.545 PM'
}
{
  message: 'Server on 1997 running. NodeENV: development  ',
  level: 'info',
  timestamp: '2024-12-23 04:27:54.707 PM'
}
{
  method: 'GET',
  url: '/api/v1/config/paypal',
  status: 304,
  response_time: 6.563,
  level: 'http',
  message: 'incoming-request',
  timestamp: '2024-12-23 04:28:02.585 PM'
}
{
  method: 'GET',
  url: '/api/v1/user/profile',
  status: 304,
  response_time: 241.187,
  level: 'http',
  message: 'incoming-request',
  timestamp: '2024-12-23 04:28:02.830 PM'
}
{
  method: 'GET',
  url: '/api/v1/order/1734963021005',
  status: 304,
  response_time: 374.895,
  level: 'http',
  message: 'incoming-request',
  timestamp: '2024-12-23 04:28:02.906 PM'
}
{
  method: 'POST',
  url: '/api/v1/order/create-payment-intent',
  status: 200,
  content_length: '79',
  response_time: 852.106,
  level: 'http',
  message: 'incoming-request',
  timestamp: '2024-12-23 04:28:21.007 PM'
}
{
  method: 'GET',
  url: '/api/v1/order/1734963021005',
  status: 304,
  response_time: 263.752,
  level: 'http',
  message: 'incoming-request',
  timestamp: '2024-12-23 04:28:21.292 PM'
}
{
  method: 'GET',
  url: '/api/v1/config/paypal',
  status: 304,
  response_time: 2.38,
  level: 'http',
  message: 'incoming-request',
  timestamp: '2024-12-23 04:30:11.647 PM'
}
{
  method: 'GET',
  url: '/api/v1/user/profile',
  status: 304,
  response_time: 195.35,
  level: 'http',
  message: 'incoming-request',
  timestamp: '2024-12-23 04:30:11.850 PM'
}
{
  method: 'GET',
  url: '/api/v1/order/1734963021005',
  status: 304,
  response_time: 306.323,
  level: 'http',
  message: 'incoming-request',
  timestamp: '2024-12-23 04:30:11.891 PM'
}
{
  method: 'POST',
  url: '/api/v1/order/create-payment-intent',
  status: 200,
  content_length: '79',
  response_time: 1131.918,
  level: 'http',
  message: 'incoming-request',
  timestamp: '2024-12-23 04:30:34.686 PM'
}
{
  method: 'GET',
  url: '/api/v1/order/1734963021005',
  status: 304,
  response_time: 267.252,
  level: 'http',
  message: 'incoming-request',
  timestamp: '2024-12-23 04:30:35.181 PM'
}
{
  message: 'Server on 1997 running. NodeENV: development  ',
  level: 'info',
  timestamp: '2024-12-23 04:38:46.987 PM'
}
{
  method: 'GET',
  url: '/api/v1/config/paypal',
  status: 304,
  response_time: 3.566,
  level: 'http',
  message: 'incoming-request',
  timestamp: '2024-12-23 04:39:43.900 PM'
}
{
  method: 'GET',
  url: '/api/v1/user/profile',
  status: 304,
  response_time: 208.785,
  level: 'http',
  message: 'incoming-request',
  timestamp: '2024-12-23 04:39:44.113 PM'
}
{
  method: 'GET',
  url: '/api/v1/order/1734963021005',
  status: 304,
  response_time: 333.378,
  level: 'http',
  message: 'incoming-request',
  timestamp: '2024-12-23 04:39:44.216 PM'
}
{
  method: 'GET',
  url: '/api/v1/user/profile',
  status: 401,
  content_length: '26',
  response_time: 0.486,
  level: 'http',
  message: 'incoming-request',
  timestamp: '2024-12-23 04:42:09.872 PM'
}
{
  method: 'POST',
  url: '/api/v1/auth/login',
  status: 200,
  content_length: '504',
  response_time: 341.388,
  level: 'http',
  message: 'incoming-request',
  timestamp: '2024-12-23 04:42:14.593 PM'
}
{
  method: 'GET',
  url: '/api/v1/config/paypal',
  status: 200,
  content_length: '95',
  response_time: 0.29,
  level: 'http',
  message: 'incoming-request',
  timestamp: '2024-12-23 04:42:14.669 PM'
}
{
  method: 'GET',
  url: '/api/v1/order/1734963021005',
  status: 200,
  content_length: '608',
  response_time: 332.558,
  level: 'http',
  message: 'incoming-request',
  timestamp: '2024-12-23 04:42:14.995 PM'
}
{
  method: 'GET',
  url: '/api/v1/config/paypal',
  status: 304,
  response_time: 0.602,
  level: 'http',
  message: 'incoming-request',
  timestamp: '2024-12-23 04:44:24.718 PM'
}
{
  method: 'GET',
  url: '/api/v1/user/profile',
  status: 200,
  content_length: '2630',
  response_time: 210.02,
  level: 'http',
  message: 'incoming-request',
  timestamp: '2024-12-23 04:44:24.932 PM'
}
{
  method: 'GET',
  url: '/api/v1/order/1734963021005',
  status: 304,
  response_time: 271.953,
  level: 'http',
  message: 'incoming-request',
  timestamp: '2024-12-23 04:44:24.983 PM'
}
{
  method: 'GET',
  url: '/api/v1/config/paypal',
  status: 304,
  response_time: 0.447,
  level: 'http',
  message: 'incoming-request',
  timestamp: '2024-12-23 04:44:26.028 PM'
}
{
  method: 'GET',
  url: '/api/v1/user/profile',
  status: 200,
  content_length: '2630',
  response_time: 194.594,
  level: 'http',
  message: 'incoming-request',
  timestamp: '2024-12-23 04:44:26.225 PM'
}
{
  method: 'GET',
  url: '/api/v1/order/1734963021005',
  status: 304,
  response_time: 237.319,
  level: 'http',
  message: 'incoming-request',
  timestamp: '2024-12-23 04:44:26.260 PM'
}
{
  method: 'GET',
  url: '/api/v1/config/paypal',
  status: 304,
  response_time: 0.522,
  level: 'http',
  message: 'incoming-request',
  timestamp: '2024-12-23 04:45:23.212 PM'
}
{
  method: 'GET',
  url: '/api/v1/user/profile',
  status: 304,
  response_time: 194.945,
  level: 'http',
  message: 'incoming-request',
  timestamp: '2024-12-23 04:45:23.412 PM'
}
{
  method: 'GET',
  url: '/api/v1/order/1734963021005',
  status: 304,
  response_time: 273.394,
  level: 'http',
  message: 'incoming-request',
  timestamp: '2024-12-23 04:45:23.474 PM'
}
{
  method: 'GET',
  url: '/api/v1/config/paypal',
  status: 304,
  response_time: 0.556,
  level: 'http',
  message: 'incoming-request',
  timestamp: '2024-12-23 04:45:27.843 PM'
}
{
  method: 'GET',
  url: '/api/v1/user/profile',
  status: 304,
  response_time: 166.683,
  level: 'http',
  message: 'incoming-request',
  timestamp: '2024-12-23 04:45:28.021 PM'
}
{
  method: 'GET',
  url: '/api/v1/order/1734963021005',
  status: 304,
  response_time: 226.178,
  level: 'http',
  message: 'incoming-request',
  timestamp: '2024-12-23 04:45:28.072 PM'
}
{
  method: 'POST',
  url: '/api/v1/order/create-payment-intent',
  status: 200,
  content_length: '79',
  response_time: 907,
  level: 'http',
  message: 'incoming-request',
  timestamp: '2024-12-23 04:45:43.834 PM'
}
{
  method: 'GET',
  url: '/api/v1/order/1734963021005',
  status: 304,
  response_time: 245.964,
  level: 'http',
  message: 'incoming-request',
  timestamp: '2024-12-23 04:45:44.097 PM'
}
{
  method: 'GET',
  url: '/api/v1/config/paypal',
  status: 304,
  response_time: 0.533,
  level: 'http',
  message: 'incoming-request',
  timestamp: '2024-12-23 04:47:28.376 PM'
}
{
  method: 'GET',
  url: '/api/v1/user/profile',
  status: 304,
  response_time: 185.535,
  level: 'http',
  message: 'incoming-request',
  timestamp: '2024-12-23 04:47:28.564 PM'
}
{
  method: 'GET',
  url: '/api/v1/order/1734963021005',
  status: 304,
  response_time: 262.056,
  level: 'http',
  message: 'incoming-request',
  timestamp: '2024-12-23 04:47:28.631 PM'
}
{
  method: 'GET',
  url: '/api/v1/config/paypal',
  status: 304,
  response_time: 0.594,
  level: 'http',
  message: 'incoming-request',
  timestamp: '2024-12-23 04:47:28.693 PM'
}
{
  method: 'GET',
  url: '/api/v1/user/profile',
  status: 304,
  response_time: 170.577,
  level: 'http',
  message: 'incoming-request',
  timestamp: '2024-12-23 04:47:28.880 PM'
}
{
  method: 'GET',
  url: '/api/v1/order/1734963021005',
  status: 304,
  response_time: 252.315,
  level: 'http',
  message: 'incoming-request',
  timestamp: '2024-12-23 04:47:28.925 PM'
}
{
  method: 'GET',
  url: '/api/v1/config/paypal',
  status: 304,
  response_time: 0.645,
  level: 'http',
  message: 'incoming-request',
  timestamp: '2024-12-23 04:51:40.741 PM'
}
{
  method: 'GET',
  url: '/api/v1/user/profile',
  status: 304,
  response_time: 171.993,
  level: 'http',
  message: 'incoming-request',
  timestamp: '2024-12-23 04:51:40.917 PM'
}
{
  method: 'GET',
  url: '/api/v1/order/1734963021005',
  status: 304,
  response_time: 296.015,
  level: 'http',
  message: 'incoming-request',
  timestamp: '2024-12-23 04:51:41.030 PM'
}
{
  method: 'GET',
  url: '/api/v1/config/paypal',
  status: 304,
  response_time: 0.389,
  level: 'http',
  message: 'incoming-request',
  timestamp: '2024-12-23 04:51:41.797 PM'
}
{
  method: 'GET',
  url: '/api/v1/user/profile',
  status: 304,
  response_time: 202.875,
  level: 'http',
  message: 'incoming-request',
  timestamp: '2024-12-23 04:51:42.002 PM'
}
{
  method: 'GET',
  url: '/api/v1/order/1734963021005',
  status: 304,
  response_time: 254.037,
  level: 'http',
  message: 'incoming-request',
  timestamp: '2024-12-23 04:51:42.045 PM'
}
{
  method: 'GET',
  url: '/api/v1/config/paypal',
  status: 304,
  response_time: 0.399,
  level: 'http',
  message: 'incoming-request',
  timestamp: '2024-12-23 04:52:24.602 PM'
}
{
  method: 'GET',
  url: '/api/v1/user/profile',
  status: 304,
  response_time: 173.51,
  level: 'http',
  message: 'incoming-request',
  timestamp: '2024-12-23 04:52:24.777 PM'
}
{
  method: 'GET',
  url: '/api/v1/order/1734963021005',
  status: 304,
  response_time: 290.189,
  level: 'http',
  message: 'incoming-request',
  timestamp: '2024-12-23 04:52:24.886 PM'
}
{
  method: 'GET',
  url: '/api/v1/config/paypal',
  status: 304,
  response_time: 0.438,
  level: 'http',
  message: 'incoming-request',
  timestamp: '2024-12-23 04:53:34.703 PM'
}
{
  method: 'GET',
  url: '/api/v1/user/profile',
  status: 304,
  response_time: 237.973,
  level: 'http',
  message: 'incoming-request',
  timestamp: '2024-12-23 04:53:34.944 PM'
}
{
  method: 'GET',
  url: '/api/v1/order/1734963021005',
  status: 304,
  response_time: 272.456,
  level: 'http',
  message: 'incoming-request',
  timestamp: '2024-12-23 04:53:34.964 PM'
}
{
  method: 'GET',
  url: '/api/v1/config/paypal',
  status: 304,
  response_time: 0.335,
  level: 'http',
  message: 'incoming-request',
  timestamp: '2024-12-23 04:53:41.337 PM'
}
{
  method: 'GET',
  url: '/api/v1/user/profile',
  status: 304,
  response_time: 171.483,
  level: 'http',
  message: 'incoming-request',
  timestamp: '2024-12-23 04:53:41.511 PM'
}
{
  method: 'GET',
  url: '/api/v1/order/1734963021005',
  status: 304,
  response_time: 272.288,
  level: 'http',
  message: 'incoming-request',
  timestamp: '2024-12-23 04:53:41.603 PM'
}
{
  method: 'POST',
  url: '/api/v1/order/create-payment-intent',
  status: 200,
  content_length: '79',
  response_time: 905.629,
  level: 'http',
  message: 'incoming-request',
  timestamp: '2024-12-23 04:54:07.679 PM'
}
{
  method: 'GET',
  url: '/api/v1/order/1734963021005',
  status: 304,
  response_time: 338.072,
  level: 'http',
  message: 'incoming-request',
  timestamp: '2024-12-23 04:54:08.093 PM'
}
{
  method: 'GET',
  url: '/api/v1/config/paypal',
  status: 304,
  response_time: 0.645,
  level: 'http',
  message: 'incoming-request',
  timestamp: '2024-12-23 04:56:14.559 PM'
}
{
  method: 'GET',
  url: '/api/v1/user/profile',
  status: 304,
  response_time: 244.089,
  level: 'http',
  message: 'incoming-request',
  timestamp: '2024-12-23 04:56:14.805 PM'
}
{
  method: 'GET',
  url: '/api/v1/order/1734963021005',
  status: 304,
  response_time: 285.745,
  level: 'http',
  message: 'incoming-request',
  timestamp: '2024-12-23 04:56:14.838 PM'
}
{
  method: 'GET',
  url: '/api/v1/config/paypal',
  status: 304,
  response_time: 0.401,
  level: 'http',
  message: 'incoming-request',
  timestamp: '2024-12-23 04:56:21.585 PM'
}
{
  method: 'GET',
  url: '/api/v1/user/profile',
  status: 304,
  response_time: 175.437,
  level: 'http',
  message: 'incoming-request',
  timestamp: '2024-12-23 04:56:21.763 PM'
}
{
  method: 'GET',
  url: '/api/v1/order/1734963021005',
  status: 304,
  response_time: 269.749,
  level: 'http',
  message: 'incoming-request',
  timestamp: '2024-12-23 04:56:21.843 PM'
}
{
  method: 'POST',
  url: '/api/v1/order/create-payment-intent',
  status: 200,
  content_length: '79',
  response_time: 834.695,
  level: 'http',
  message: 'incoming-request',
  timestamp: '2024-12-23 04:56:29.127 PM'
}
{
  method: 'GET',
  url: '/api/v1/order/1734963021005',
  status: 304,
  response_time: 282.313,
  level: 'http',
  message: 'incoming-request',
  timestamp: '2024-12-23 04:56:29.423 PM'
}
{
  method: 'GET',
  url: '/api/v1/config/paypal',
  status: 200,
  content_length: '95',
  response_time: 2.028,
  level: 'http',
  message: 'incoming-request',
  timestamp: '2024-12-23 05:02:22.825 PM'
}
{
  method: 'GET',
  url: '/api/v1/user/profile',
  status: 200,
  content_length: '2630',
  response_time: 292.699,
  level: 'http',
  message: 'incoming-request',
  timestamp: '2024-12-23 05:02:23.086 PM'
}
{
  method: 'GET',
  url: '/api/v1/order/1734963021005',
  status: 200,
  content_length: '608',
  response_time: 418.513,
  level: 'http',
  message: 'incoming-request',
  timestamp: '2024-12-23 05:02:23.186 PM'
}
{
  method: 'GET',
  url: '/api/v1/config/paypal',
  status: 304,
  response_time: 0.364,
  level: 'http',
  message: 'incoming-request',
  timestamp: '2024-12-23 05:02:27.444 PM'
}
{
  method: 'GET',
  url: '/api/v1/user/profile',
  status: 304,
  response_time: 236.927,
  level: 'http',
  message: 'incoming-request',
  timestamp: '2024-12-23 05:02:27.684 PM'
}
{
  method: 'GET',
  url: '/api/v1/order/1734963021005',
  status: 304,
  response_time: 364.121,
  level: 'http',
  message: 'incoming-request',
  timestamp: '2024-12-23 05:02:27.801 PM'
}
{
  method: 'POST',
  url: '/api/v1/order/create-payment-intent',
  status: 200,
  content_length: '79',
  response_time: 1109.885,
  level: 'http',
  message: 'incoming-request',
  timestamp: '2024-12-23 05:02:38.284 PM'
}
{
  method: 'GET',
  url: '/api/v1/order/1734963021005',
  status: 304,
  response_time: 295.416,
  level: 'http',
  message: 'incoming-request',
  timestamp: '2024-12-23 05:02:38.595 PM'
}
{
  method: 'GET',
  url: '/api/v1/config/paypal',
  status: 200,
  content_length: '95',
  response_time: 0.354,
  level: 'http',
  message: 'incoming-request',
  timestamp: '2024-12-23 05:04:30.704 PM'
}
{
  method: 'GET',
  url: '/api/v1/user/profile',
  status: 200,
  content_length: '2630',
  response_time: 314.312,
  level: 'http',
  message: 'incoming-request',
  timestamp: '2024-12-23 05:04:31.020 PM'
}
{
  method: 'GET',
  url: '/api/v1/order/1734963021005',
  status: 304,
  response_time: 339.168,
  level: 'http',
  message: 'incoming-request',
  timestamp: '2024-12-23 05:04:31.037 PM'
}
{
  method: 'GET',
  url: '/api/v1/config/paypal',
  status: 304,
  response_time: 0.809,
  level: 'http',
  message: 'incoming-request',
  timestamp: '2024-12-23 05:04:31.483 PM'
}
{
  method: 'GET',
  url: '/api/v1/user/profile',
  status: 304,
  response_time: 185.38,
  level: 'http',
  message: 'incoming-request',
  timestamp: '2024-12-23 05:04:31.685 PM'
}
{
  method: 'GET',
  url: '/api/v1/order/1734963021005',
  status: 304,
  response_time: 295.215,
  level: 'http',
  message: 'incoming-request',
  timestamp: '2024-12-23 05:04:31.765 PM'
}
{
  method: 'GET',
  url: '/api/v1/config/paypal',
  status: 304,
  response_time: 0.38,
  level: 'http',
  message: 'incoming-request',
  timestamp: '2024-12-23 05:04:43.353 PM'
}
{
  method: 'GET',
  url: '/api/v1/config/paypal',
  status: 304,
  response_time: 0.32,
  level: 'http',
  message: 'incoming-request',
  timestamp: '2024-12-23 05:04:43.550 PM'
}
{
  method: 'GET',
  url: '/api/v1/user/profile',
  status: 304,
  response_time: 247.375,
  level: 'http',
  message: 'incoming-request',
  timestamp: '2024-12-23 05:04:43.603 PM'
}
{
  method: 'GET',
  url: '/api/v1/order/1734963021005',
  status: 304,
  response_time: 282.275,
  level: 'http',
  message: 'incoming-request',
  timestamp: '2024-12-23 05:04:43.611 PM'
}
{
  method: 'GET',
  url: '/api/v1/order/1734963021005',
  status: 304,
  response_time: 290.208,
  level: 'http',
  message: 'incoming-request',
  timestamp: '2024-12-23 05:04:43.835 PM'
}
{
  method: 'GET',
  url: '/api/v1/user/profile',
  status: 304,
  response_time: 1051.948,
  level: 'http',
  message: 'incoming-request',
  timestamp: '2024-12-23 05:04:44.605 PM'
}
{
  method: 'GET',
  url: '/api/v1/config/paypal',
  status: 304,
  response_time: 0.419,
  level: 'http',
  message: 'incoming-request',
  timestamp: '2024-12-23 05:05:45.232 PM'
}
{
  method: 'GET',
  url: '/api/v1/user/profile',
  status: 304,
  response_time: 407.938,
  level: 'http',
  message: 'incoming-request',
  timestamp: '2024-12-23 05:05:45.644 PM'
}
{
  method: 'GET',
  url: '/api/v1/order/1734963021005',
  status: 304,
  response_time: 863.398,
  level: 'http',
  message: 'incoming-request',
  timestamp: '2024-12-23 05:05:46.078 PM'
}
{
  method: 'GET',
  url: '/api/v1/config/paypal',
  status: 304,
  response_time: 0.929,
  level: 'http',
  message: 'incoming-request',
  timestamp: '2024-12-23 05:05:50.720 PM'
}
{
  method: 'GET',
  url: '/api/v1/user/profile',
  status: 304,
  response_time: 292.533,
  level: 'http',
  message: 'incoming-request',
  timestamp: '2024-12-23 05:05:51.024 PM'
}
{
  method: 'GET',
  url: '/api/v1/order/1734963021005',
  status: 304,
  response_time: 326.389,
  level: 'http',
  message: 'incoming-request',
  timestamp: '2024-12-23 05:05:51.052 PM'
}
{
  method: 'GET',
  url: '/api/v1/config/paypal',
  status: 304,
  response_time: 0.636,
  level: 'http',
  message: 'incoming-request',
  timestamp: '2024-12-23 05:06:26.573 PM'
}
{
  method: 'GET',
  url: '/api/v1/user/profile',
  status: 304,
  response_time: 251.744,
  level: 'http',
  message: 'incoming-request',
  timestamp: '2024-12-23 05:06:26.828 PM'
}
{
  method: 'GET',
  url: '/api/v1/order/1734963021005',
  status: 304,
  response_time: 361.443,
  level: 'http',
  message: 'incoming-request',
  timestamp: '2024-12-23 05:06:26.926 PM'
}
{
  method: 'GET',
  url: '/api/v1/config/paypal',
  status: 304,
  response_time: 0.557,
  level: 'http',
  message: 'incoming-request',
  timestamp: '2024-12-23 05:06:34.210 PM'
}
{
  method: 'GET',
  url: '/api/v1/user/profile',
  status: 304,
  response_time: 219.885,
  level: 'http',
  message: 'incoming-request',
  timestamp: '2024-12-23 05:06:34.433 PM'
}
{
  method: 'GET',
  url: '/api/v1/order/1734963021005',
  status: 304,
  response_time: 303.48,
  level: 'http',
  message: 'incoming-request',
  timestamp: '2024-12-23 05:06:34.506 PM'
}
{
  method: 'POST',
  url: '/api/v1/order/create-payment-intent',
  status: 0,
  response_time: '0',
  level: 'http',
  message: 'incoming-request',
  timestamp: '2024-12-23 05:06:39.044 PM'
}
{
  method: 'GET',
  url: '/api/v1/order/1734963021005',
  status: 0,
  response_time: '0',
  level: 'http',
  message: 'incoming-request',
  timestamp: '2024-12-23 05:06:39.119 PM'
}
{
  method: 'GET',
  url: '/api/v1/config/paypal',
  status: 304,
  response_time: 0.449,
  level: 'http',
  message: 'incoming-request',
  timestamp: '2024-12-23 05:06:40.960 PM'
}
{
  method: 'GET',
  url: '/api/v1/user/profile',
  status: 304,
  response_time: 223.039,
  level: 'http',
  message: 'incoming-request',
  timestamp: '2024-12-23 05:06:41.185 PM'
}
{
  method: 'GET',
  url: '/api/v1/order/1734963021005',
  status: 200,
  content_length: '608',
  response_time: 354.732,
  level: 'http',
  message: 'incoming-request',
  timestamp: '2024-12-23 05:06:41.302 PM'
}
{
  method: 'POST',
  url: '/api/v1/order/create-payment-intent',
  status: 200,
  content_length: '79',
  response_time: 522.962,
  level: 'http',
  message: 'incoming-request',
  timestamp: '2024-12-23 05:06:56.673 PM'
}
{
  method: 'GET',
  url: '/api/v1/order/1734963021005',
  status: 304,
  response_time: 289.113,
  level: 'http',
  message: 'incoming-request',
  timestamp: '2024-12-23 05:06:56.988 PM'
}
{
  method: 'GET',
  url: '/api/v1/config/paypal',
  status: 304,
  response_time: 0.356,
  level: 'http',
  message: 'incoming-request',
  timestamp: '2024-12-23 05:07:01.544 PM'
}
{
  method: 'GET',
  url: '/api/v1/user/profile',
  status: 304,
  response_time: 261.548,
  level: 'http',
  message: 'incoming-request',
  timestamp: '2024-12-23 05:07:01.808 PM'
}
{
  method: 'GET',
  url: '/api/v1/order/1734963021005',
  status: 304,
  response_time: 292.464,
  level: 'http',
  message: 'incoming-request',
  timestamp: '2024-12-23 05:07:01.819 PM'
}
{
  method: 'GET',
  url: '/api/v1/config/paypal',
  status: 304,
  response_time: 0.451,
  level: 'http',
  message: 'incoming-request',
  timestamp: '2024-12-23 05:07:06.755 PM'
}
{
  method: 'GET',
  url: '/api/v1/user/profile',
  status: 304,
  response_time: 197.614,
  level: 'http',
  message: 'incoming-request',
  timestamp: '2024-12-23 05:07:07.000 PM'
}
{
  method: 'GET',
  url: '/api/v1/order/1734963021005',
  status: 304,
  response_time: 293.918,
  level: 'http',
  message: 'incoming-request',
  timestamp: '2024-12-23 05:07:07.042 PM'
}
{
  method: 'GET',
  url: '/api/v1/config/paypal',
  status: 304,
  response_time: 0.343,
  level: 'http',
  message: 'incoming-request',
  timestamp: '2024-12-23 05:09:12.138 PM'
}
{
  method: 'GET',
  url: '/api/v1/user/profile',
  status: 304,
  response_time: 195.766,
  level: 'http',
  message: 'incoming-request',
  timestamp: '2024-12-23 05:09:12.336 PM'
}
{
  method: 'GET',
  url: '/api/v1/order/1734963021005',
  status: 304,
  response_time: 297.187,
  level: 'http',
  message: 'incoming-request',
  timestamp: '2024-12-23 05:09:12.430 PM'
}
{
  method: 'GET',
  url: '/api/v1/config/paypal',
  status: 304,
  response_time: 0.46,
  level: 'http',
  message: 'incoming-request',
  timestamp: '2024-12-23 05:09:13.998 PM'
}
{
  method: 'GET',
  url: '/api/v1/user/profile',
  status: 304,
  response_time: 246.481,
  level: 'http',
  message: 'incoming-request',
  timestamp: '2024-12-23 05:09:14.247 PM'
}
{
  method: 'GET',
  url: '/api/v1/order/1734963021005',
  status: 304,
  response_time: 336.577,
  level: 'http',
  message: 'incoming-request',
  timestamp: '2024-12-23 05:09:14.329 PM'
}
{
  method: 'GET',
  url: '/api/v1/config/paypal',
  status: 304,
  response_time: 0.415,
  level: 'http',
  message: 'incoming-request',
  timestamp: '2024-12-23 05:09:44.842 PM'
}
{
  method: 'GET',
  url: '/api/v1/user/profile',
  status: 304,
  response_time: 246.42,
  level: 'http',
  message: 'incoming-request',
  timestamp: '2024-12-23 05:09:45.092 PM'
}
{
  method: 'GET',
  url: '/api/v1/order/1734963021005',
  status: 304,
  response_time: 326.269,
  level: 'http',
  message: 'incoming-request',
  timestamp: '2024-12-23 05:09:45.095 PM'
}
{
  method: 'POST',
  url: '/api/v1/order/create-payment-intent',
  status: 200,
  content_length: '79',
  response_time: 884.152,
  level: 'http',
  message: 'incoming-request',
  timestamp: '2024-12-23 05:10:01.123 PM'
}
{
  method: 'GET',
  url: '/api/v1/order/1734963021005',
  status: 304,
  response_time: 401.7,
  level: 'http',
  message: 'incoming-request',
  timestamp: '2024-12-23 05:10:01.552 PM'
}
