{
  message: 'Server on 1997 running. NodeENV: development  ',
  level: 'info',
  timestamp: '2024-12-06 05:54:32.189 PM'
}
{
  method: 'GET',
  url: '/api/v1/property/666720f01ed8af0105a0d444',
  status: 500,
  content_length: '464',
  response_time: 10041.739,
  level: 'http',
  message: 'incoming-request',
  timestamp: '2024-12-06 05:54:53.871 PM'
}
{
  method: 'GET',
  url: '/api/v1/property/?page=1',
  status: 500,
  content_length: '478',
  response_time: 10050.499,
  level: 'http',
  message: 'incoming-request',
  timestamp: '2024-12-06 05:54:53.882 PM'
}
{
  method: 'GET',
  url: '/api/v1/property/?page=1',
  status: 500,
  content_length: '478',
  response_time: 10010.49,
  level: 'http',
  message: 'incoming-request',
  timestamp: '2024-12-06 05:55:41.658 PM'
}
{
  method: 'GET',
  url: '/api/v1/property/666720f01ed8af0105a0d444',
  status: 500,
  content_length: '464',
  response_time: 10022.829,
  level: 'http',
  message: 'incoming-request',
  timestamp: '2024-12-06 05:55:41.671 PM'
}
{
  message: 'Server on 1997 running. NodeENV: development  ',
  level: 'info',
  timestamp: '2024-12-06 05:56:17.696 PM'
}
{
  method: 'GET',
  url: '/api/v1/property/666720f01ed8af0105a0d444',
  status: 200,
  content_length: '647',
  response_time: 151.554,
  level: 'http',
  message: 'incoming-request',
  timestamp: '2024-12-06 06:08:53.112 PM'
}
{
  method: 'GET',
  url: '/api/v1/property/?page=1',
  status: 200,
  content_length: '3505',
  response_time: 289.013,
  level: 'http',
  message: 'incoming-request',
  timestamp: '2024-12-06 06:08:53.263 PM'
}
{
  method: 'GET',
  url: '/api/v1/property/666720f01ed8af0105a0d444',
  status: 304,
  response_time: 109.844,
  level: 'http',
  message: 'incoming-request',
  timestamp: '2024-12-06 06:10:07.079 PM'
}
{
  method: 'GET',
  url: '/api/v1/property/?page=1',
  status: 200,
  content_length: '3505',
  response_time: 211.147,
  level: 'http',
  message: 'incoming-request',
  timestamp: '2024-12-06 06:10:07.185 PM'
}
{
  method: 'GET',
  url: '/api/v1/property/666720f01ed8af0105a0d444',
  status: 304,
  response_time: 75.092,
  level: 'http',
  message: 'incoming-request',
  timestamp: '2024-12-06 06:10:59.783 PM'
}
{
  method: 'GET',
  url: '/api/v1/property/?page=1',
  status: 200,
  content_length: '3505',
  response_time: 171.878,
  level: 'http',
  message: 'incoming-request',
  timestamp: '2024-12-06 06:10:59.885 PM'
}
{
  method: 'GET',
  url: '/api/v1/property/666720f01ed8af0105a0d444',
  status: 304,
  response_time: 108.983,
  level: 'http',
  message: 'incoming-request',
  timestamp: '2024-12-06 06:11:22.292 PM'
}
{
  method: 'GET',
  url: '/api/v1/property/?page=1',
  status: 200,
  content_length: '3505',
  response_time: 476.349,
  level: 'http',
  message: 'incoming-request',
  timestamp: '2024-12-06 06:11:22.705 PM'
}
{
  method: 'GET',
  url: '/api/v1/property/666720f01ed8af0105a0d444',
  status: 304,
  response_time: 115.11,
  level: 'http',
  message: 'incoming-request',
  timestamp: '2024-12-06 06:11:28.749 PM'
}
{
  method: 'GET',
  url: '/api/v1/property/?page=1',
  status: 200,
  content_length: '3505',
  response_time: 215.915,
  level: 'http',
  message: 'incoming-request',
  timestamp: '2024-12-06 06:11:28.855 PM'
}
{
  method: 'GET',
  url: '/api/v1/property/666720f01ed8af0105a0d444',
  status: 200,
  content_length: '647',
  response_time: 148.369,
  level: 'http',
  message: 'incoming-request',
  timestamp: '2024-12-06 06:11:34.888 PM'
}
{
  method: 'GET',
  url: '/api/v1/property/?page=1',
  status: 200,
  content_length: '3505',
  response_time: 256.609,
  level: 'http',
  message: 'incoming-request',
  timestamp: '2024-12-06 06:11:35.004 PM'
}
{
  method: 'GET',
  url: '/api/v1/property/666720f01ed8af0105a0d444',
  status: 304,
  response_time: 108.902,
  level: 'http',
  message: 'incoming-request',
  timestamp: '2024-12-06 06:13:27.577 PM'
}
{
  method: 'GET',
  url: '/api/v1/property/?page=1',
  status: 200,
  content_length: '3505',
  response_time: 250.492,
  level: 'http',
  message: 'incoming-request',
  timestamp: '2024-12-06 06:13:27.733 PM'
}
{
  method: 'GET',
  url: '/api/v1/property/666720f01ed8af0105a0d444',
  status: 304,
  response_time: 101.202,
  level: 'http',
  message: 'incoming-request',
  timestamp: '2024-12-06 06:13:27.886 PM'
}
{
  method: 'GET',
  url: '/api/v1/property/?page=1',
  status: 200,
  content_length: '3505',
  response_time: 200.679,
  level: 'http',
  message: 'incoming-request',
  timestamp: '2024-12-06 06:13:27.990 PM'
}
{
  method: 'GET',
  url: '/api/v1/property/666720f01ed8af0105a0d444',
  status: 304,
  response_time: 225.576,
  level: 'http',
  message: 'incoming-request',
  timestamp: '2024-12-06 06:13:30.035 PM'
}
{
  method: 'GET',
  url: '/api/v1/property/?page=1',
  status: 200,
  content_length: '3505',
  response_time: 332.382,
  level: 'http',
  message: 'incoming-request',
  timestamp: '2024-12-06 06:13:30.144 PM'
}
{
  method: 'GET',
  url: '/api/v1/property/666720f01ed8af0105a0d444',
  status: 304,
  response_time: 117.386,
  level: 'http',
  message: 'incoming-request',
  timestamp: '2024-12-06 06:13:30.239 PM'
}
{
  method: 'GET',
  url: '/api/v1/property/?page=1',
  status: 200,
  content_length: '3505',
  response_time: 230.005,
  level: 'http',
  message: 'incoming-request',
  timestamp: '2024-12-06 06:13:30.357 PM'
}
{
  method: 'GET',
  url: '/api/v1/property/666720f01ed8af0105a0d444',
  status: 304,
  response_time: 92.338,
  level: 'http',
  message: 'incoming-request',
  timestamp: '2024-12-06 06:13:31.381 PM'
}
{
  method: 'GET',
  url: '/api/v1/property/?page=1',
  status: 200,
  content_length: '3505',
  response_time: 230.728,
  level: 'http',
  message: 'incoming-request',
  timestamp: '2024-12-06 06:13:31.522 PM'
}
{
  method: 'GET',
  url: '/api/v1/property/666720f01ed8af0105a0d444',
  status: 304,
  response_time: 121.346,
  level: 'http',
  message: 'incoming-request',
  timestamp: '2024-12-06 06:13:31.931 PM'
}
{
  method: 'GET',
  url: '/api/v1/property/?page=1',
  status: 200,
  content_length: '3505',
  response_time: 222.977,
  level: 'http',
  message: 'incoming-request',
  timestamp: '2024-12-06 06:13:32.035 PM'
}
{
  method: 'GET',
  url: '/api/v1/property/666720f01ed8af0105a0d444',
  status: 304,
  response_time: 88.396,
  level: 'http',
  message: 'incoming-request',
  timestamp: '2024-12-06 06:13:33.722 PM'
}
{
  method: 'GET',
  url: '/api/v1/property/?page=1',
  status: 200,
  content_length: '3505',
  response_time: 239.58,
  level: 'http',
  message: 'incoming-request',
  timestamp: '2024-12-06 06:13:33.877 PM'
}
{
  method: 'GET',
  url: '/api/v1/property/666720f01ed8af0105a0d444',
  status: 304,
  response_time: 99.326,
  level: 'http',
  message: 'incoming-request',
  timestamp: '2024-12-06 06:13:34.137 PM'
}
{
  method: 'GET',
  url: '/api/v1/property/?page=1',
  status: 200,
  content_length: '3505',
  response_time: 196.866,
  level: 'http',
  message: 'incoming-request',
  timestamp: '2024-12-06 06:13:34.237 PM'
}
{
  method: 'GET',
  url: '/api/v1/property/666720f01ed8af0105a0d444',
  status: 304,
  response_time: 98.859,
  level: 'http',
  message: 'incoming-request',
  timestamp: '2024-12-06 06:13:38.797 PM'
}
{
  method: 'GET',
  url: '/api/v1/property/?page=1',
  status: 200,
  content_length: '3505',
  response_time: 195.655,
  level: 'http',
  message: 'incoming-request',
  timestamp: '2024-12-06 06:13:38.896 PM'
}
{
  method: 'GET',
  url: '/api/v1/property/666720f01ed8af0105a0d444',
  status: 304,
  response_time: 116.436,
  level: 'http',
  message: 'incoming-request',
  timestamp: '2024-12-06 06:13:39.050 PM'
}
{
  method: 'GET',
  url: '/api/v1/property/?page=1',
  status: 200,
  content_length: '3505',
  response_time: 215.573,
  level: 'http',
  message: 'incoming-request',
  timestamp: '2024-12-06 06:13:39.151 PM'
}
{
  method: 'GET',
  url: '/api/v1/property/?page=1',
  status: 0,
  response_time: '0',
  level: 'http',
  message: 'incoming-request',
  timestamp: '2024-12-06 06:13:41.403 PM'
}
{
  method: 'GET',
  url: '/api/v1/property/666720f01ed8af0105a0d444',
  status: 0,
  response_time: '0',
  level: 'http',
  message: 'incoming-request',
  timestamp: '2024-12-06 06:13:41.405 PM'
}
{
  method: 'GET',
  url: '/api/v1/property/666720f01ed8af0105a0d444',
  status: 200,
  content_length: '647',
  response_time: 162.982,
  level: 'http',
  message: 'incoming-request',
  timestamp: '2024-12-06 06:13:41.914 PM'
}
{
  method: 'GET',
  url: '/api/v1/property/?page=1',
  status: 200,
  content_length: '3505',
  response_time: 222.48,
  level: 'http',
  message: 'incoming-request',
  timestamp: '2024-12-06 06:13:42.019 PM'
}
{
  method: 'GET',
  url: '/api/v1/property/666720f01ed8af0105a0d444',
  status: 304,
  response_time: 130.773,
  level: 'http',
  message: 'incoming-request',
  timestamp: '2024-12-06 06:13:42.221 PM'
}
{
  method: 'GET',
  url: '/api/v1/property/?page=1',
  status: 200,
  content_length: '3505',
  response_time: 289.416,
  level: 'http',
  message: 'incoming-request',
  timestamp: '2024-12-06 06:13:42.385 PM'
}
{
  method: 'GET',
  url: '/api/v1/property/666720f01ed8af0105a0d444',
  status: 304,
  response_time: 112.07,
  level: 'http',
  message: 'incoming-request',
  timestamp: '2024-12-06 06:13:51.799 PM'
}
{
  method: 'GET',
  url: '/api/v1/property/?page=1',
  status: 200,
  content_length: '3505',
  response_time: 219.427,
  level: 'http',
  message: 'incoming-request',
  timestamp: '2024-12-06 06:13:51.909 PM'
}
{
  method: 'GET',
  url: '/api/v1/property/666720f01ed8af0105a0d444',
  status: 304,
  response_time: 98.937,
  level: 'http',
  message: 'incoming-request',
  timestamp: '2024-12-06 06:13:52.153 PM'
}
{
  method: 'GET',
  url: '/api/v1/property/?page=1',
  status: 200,
  content_length: '3505',
  response_time: 240.913,
  level: 'http',
  message: 'incoming-request',
  timestamp: '2024-12-06 06:13:52.315 PM'
}
{
  method: 'GET',
  url: '/api/v1/property/666720f01ed8af0105a0d444',
  status: 304,
  response_time: 131.258,
  level: 'http',
  message: 'incoming-request',
  timestamp: '2024-12-06 06:16:27.448 PM'
}
{
  method: 'GET',
  url: '/api/v1/property/666720f01ed8af0105a0d444',
  status: 304,
  response_time: 124.987,
  level: 'http',
  message: 'incoming-request',
  timestamp: '2024-12-06 06:16:27.562 PM'
}
{
  method: 'GET',
  url: '/api/v1/property/?page=1',
  status: 200,
  content_length: '3505',
  response_time: 247.814,
  level: 'http',
  message: 'incoming-request',
  timestamp: '2024-12-06 06:16:27.567 PM'
}
{
  method: 'GET',
  url: '/api/v1/property/?page=1',
  status: 200,
  content_length: '3505',
  response_time: 873,
  level: 'http',
  message: 'incoming-request',
  timestamp: '2024-12-06 06:16:28.316 PM'
}
{
  method: 'GET',
  url: '/api/v1/property/666720f01ed8af0105a0d444',
  status: 304,
  response_time: 130.693,
  level: 'http',
  message: 'incoming-request',
  timestamp: '2024-12-06 06:16:47.053 PM'
}
{
  method: 'GET',
  url: '/api/v1/property/666720f01ed8af0105a0d444',
  status: 304,
  response_time: 97.198,
  level: 'http',
  message: 'incoming-request',
  timestamp: '2024-12-06 06:16:47.059 PM'
}
{
  method: 'GET',
  url: '/api/v1/property/?page=1',
  status: 200,
  content_length: '3505',
  response_time: 231.87,
  level: 'http',
  message: 'incoming-request',
  timestamp: '2024-12-06 06:16:47.157 PM'
}
{
  method: 'GET',
  url: '/api/v1/property/?page=1',
  status: 200,
  content_length: '3505',
  response_time: 198.612,
  level: 'http',
  message: 'incoming-request',
  timestamp: '2024-12-06 06:16:47.162 PM'
}
{
  method: 'GET',
  url: '/api/v1/property/666720f01ed8af0105a0d444',
  status: 304,
  response_time: 125.632,
  level: 'http',
  message: 'incoming-request',
  timestamp: '2024-12-06 06:16:50.687 PM'
}
{
  method: 'GET',
  url: '/api/v1/property/?page=1',
  status: 200,
  content_length: '3505',
  response_time: 229.463,
  level: 'http',
  message: 'incoming-request',
  timestamp: '2024-12-06 06:16:50.793 PM'
}
{
  method: 'GET',
  url: '/api/v1/property/666720f01ed8af0105a0d444',
  status: 304,
  response_time: 93.038,
  level: 'http',
  message: 'incoming-request',
  timestamp: '2024-12-06 06:16:50.946 PM'
}
{
  method: 'GET',
  url: '/api/v1/property/?page=1',
  status: 200,
  content_length: '3505',
  response_time: 223.335,
  level: 'http',
  message: 'incoming-request',
  timestamp: '2024-12-06 06:16:51.103 PM'
}
{
  method: 'GET',
  url: '/api/v1/property/666720f01ed8af0105a0d444',
  status: 304,
  response_time: 129.112,
  level: 'http',
  message: 'incoming-request',
  timestamp: '2024-12-06 06:16:52.226 PM'
}
{
  method: 'GET',
  url: '/api/v1/property/?page=1',
  status: 200,
  content_length: '3505',
  response_time: 230.735,
  level: 'http',
  message: 'incoming-request',
  timestamp: '2024-12-06 06:16:52.330 PM'
}
{
  method: 'GET',
  url: '/api/v1/property/666720f01ed8af0105a0d444',
  status: 304,
  response_time: 113.556,
  level: 'http',
  message: 'incoming-request',
  timestamp: '2024-12-06 06:16:52.684 PM'
}
{
  method: 'GET',
  url: '/api/v1/property/?page=1',
  status: 200,
  content_length: '3505',
  response_time: 212.618,
  level: 'http',
  message: 'incoming-request',
  timestamp: '2024-12-06 06:16:52.788 PM'
}
{
  method: 'GET',
  url: '/api/v1/property/666720f01ed8af0105a0d444',
  status: 304,
  response_time: 107.577,
  level: 'http',
  message: 'incoming-request',
  timestamp: '2024-12-06 06:16:56.678 PM'
}
{
  method: 'GET',
  url: '/api/v1/property/?page=1',
  status: 200,
  content_length: '3505',
  response_time: 262.647,
  level: 'http',
  message: 'incoming-request',
  timestamp: '2024-12-06 06:16:56.835 PM'
}
{
  method: 'GET',
  url: '/api/v1/property/666720f01ed8af0105a0d444',
  status: 304,
  response_time: 115.652,
  level: 'http',
  message: 'incoming-request',
  timestamp: '2024-12-06 06:16:57.039 PM'
}
{
  method: 'GET',
  url: '/api/v1/property/?page=1',
  status: 200,
  content_length: '3505',
  response_time: 218.372,
  level: 'http',
  message: 'incoming-request',
  timestamp: '2024-12-06 06:16:57.144 PM'
}
{
  method: 'GET',
  url: '/api/v1/property/666720f01ed8af0105a0d444',
  status: 304,
  response_time: 94.075,
  level: 'http',
  message: 'incoming-request',
  timestamp: '2024-12-06 06:17:02.719 PM'
}
{
  method: 'GET',
  url: '/api/v1/property/?page=1',
  status: 200,
  content_length: '3505',
  response_time: 195.638,
  level: 'http',
  message: 'incoming-request',
  timestamp: '2024-12-06 06:17:02.823 PM'
}
{
  method: 'GET',
  url: '/api/v1/property/666720f01ed8af0105a0d444',
  status: 304,
  response_time: 101.875,
  level: 'http',
  message: 'incoming-request',
  timestamp: '2024-12-06 06:17:03.182 PM'
}
{
  method: 'GET',
  url: '/api/v1/property/?page=1',
  status: 200,
  content_length: '3505',
  response_time: 210.477,
  level: 'http',
  message: 'incoming-request',
  timestamp: '2024-12-06 06:17:03.295 PM'
}
{
  method: 'GET',
  url: '/api/v1/property/666720f01ed8af0105a0d444',
  status: 304,
  response_time: 102.121,
  level: 'http',
  message: 'incoming-request',
  timestamp: '2024-12-06 06:17:04.982 PM'
}
{
  method: 'GET',
  url: '/api/v1/property/?page=1',
  status: 200,
  content_length: '3505',
  response_time: 194.585,
  level: 'http',
  message: 'incoming-request',
  timestamp: '2024-12-06 06:17:05.077 PM'
}
{
  method: 'GET',
  url: '/api/v1/property/666720f01ed8af0105a0d444',
  status: 304,
  response_time: 94.333,
  level: 'http',
  message: 'incoming-request',
  timestamp: '2024-12-06 06:17:05.335 PM'
}
{
  method: 'GET',
  url: '/api/v1/property/?page=1',
  status: 200,
  content_length: '3505',
  response_time: 200.638,
  level: 'http',
  message: 'incoming-request',
  timestamp: '2024-12-06 06:17:05.446 PM'
}
{
  method: 'GET',
  url: '/api/v1/property/666720f01ed8af0105a0d444',
  status: 304,
  response_time: 130.411,
  level: 'http',
  message: 'incoming-request',
  timestamp: '2024-12-06 06:17:11.065 PM'
}
{
  method: 'GET',
  url: '/api/v1/property/?page=1',
  status: 200,
  content_length: '3505',
  response_time: 231.357,
  level: 'http',
  message: 'incoming-request',
  timestamp: '2024-12-06 06:17:11.170 PM'
}
{
  method: 'GET',
  url: '/api/v1/property/666720f01ed8af0105a0d444',
  status: 304,
  response_time: 102.991,
  level: 'http',
  message: 'incoming-request',
  timestamp: '2024-12-06 06:17:11.321 PM'
}
{
  method: 'GET',
  url: '/api/v1/property/?page=1',
  status: 200,
  content_length: '3505',
  response_time: 211.742,
  level: 'http',
  message: 'incoming-request',
  timestamp: '2024-12-06 06:17:11.441 PM'
}
{
  method: 'GET',
  url: '/api/v1/property/666720f01ed8af0105a0d444',
  status: 304,
  response_time: 113.914,
  level: 'http',
  message: 'incoming-request',
  timestamp: '2024-12-06 06:17:14.807 PM'
}
{
  method: 'GET',
  url: '/api/v1/property/?page=1',
  status: 200,
  content_length: '3505',
  response_time: 221.903,
  level: 'http',
  message: 'incoming-request',
  timestamp: '2024-12-06 06:17:14.917 PM'
}
{
  method: 'GET',
  url: '/api/v1/property/666720f01ed8af0105a0d444',
  status: 304,
  response_time: 121.163,
  level: 'http',
  message: 'incoming-request',
  timestamp: '2024-12-06 06:17:15.421 PM'
}
{
  method: 'GET',
  url: '/api/v1/property/?page=1',
  status: 200,
  content_length: '3505',
  response_time: 225.436,
  level: 'http',
  message: 'incoming-request',
  timestamp: '2024-12-06 06:17:15.526 PM'
}
{
  method: 'GET',
  url: '/api/v1/property/666720f01ed8af0105a0d444',
  status: 304,
  response_time: 70.869,
  level: 'http',
  message: 'incoming-request',
  timestamp: '2024-12-06 06:17:17.842 PM'
}
{
  method: 'GET',
  url: '/api/v1/property/?page=1',
  status: 200,
  content_length: '3505',
  response_time: 208.019,
  level: 'http',
  message: 'incoming-request',
  timestamp: '2024-12-06 06:17:17.982 PM'
}
{
  method: 'GET',
  url: '/api/v1/property/666720f01ed8af0105a0d444',
  status: 304,
  response_time: 124.275,
  level: 'http',
  message: 'incoming-request',
  timestamp: '2024-12-06 06:17:18.183 PM'
}
{
  method: 'GET',
  url: '/api/v1/property/?page=1',
  status: 200,
  content_length: '3505',
  response_time: 224.879,
  level: 'http',
  message: 'incoming-request',
  timestamp: '2024-12-06 06:17:18.286 PM'
}
{
  method: 'GET',
  url: '/api/v1/property/666720f01ed8af0105a0d444',
  status: 304,
  response_time: 113.503,
  level: 'http',
  message: 'incoming-request',
  timestamp: '2024-12-06 06:17:19.157 PM'
}
{
  method: 'GET',
  url: '/api/v1/property/?page=1',
  status: 200,
  content_length: '3505',
  response_time: 212.204,
  level: 'http',
  message: 'incoming-request',
  timestamp: '2024-12-06 06:17:19.260 PM'
}
{
  method: 'GET',
  url: '/api/v1/property/666720f01ed8af0105a0d444',
  status: 304,
  response_time: 221.46,
  level: 'http',
  message: 'incoming-request',
  timestamp: '2024-12-06 06:17:19.872 PM'
}
{
  method: 'GET',
  url: '/api/v1/property/?page=1',
  status: 0,
  response_time: '0',
  level: 'http',
  message: 'incoming-request',
  timestamp: '2024-12-06 06:17:19.878 PM'
}
{
  method: 'GET',
  url: '/api/v1/property/666720f01ed8af0105a0d444',
  status: 304,
  response_time: 69.242,
  level: 'http',
  message: 'incoming-request',
  timestamp: '2024-12-06 06:17:20.504 PM'
}
{
  method: 'GET',
  url: '/api/v1/property/?page=1',
  status: 200,
  content_length: '3505',
  response_time: 206.004,
  level: 'http',
  message: 'incoming-request',
  timestamp: '2024-12-06 06:17:20.643 PM'
}
{
  method: 'GET',
  url: '/api/v1/property/666720f01ed8af0105a0d444',
  status: 200,
  content_length: '647',
  response_time: 108.922,
  level: 'http',
  message: 'incoming-request',
  timestamp: '2024-12-06 06:17:21.051 PM'
}
{
  method: 'GET',
  url: '/api/v1/property/?page=1',
  status: 200,
  content_length: '3505',
  response_time: 198.127,
  level: 'http',
  message: 'incoming-request',
  timestamp: '2024-12-06 06:17:21.158 PM'
}
{
  method: 'GET',
  url: '/api/v1/property/666720f01ed8af0105a0d444',
  status: 304,
  response_time: 127.588,
  level: 'http',
  message: 'incoming-request',
  timestamp: '2024-12-06 06:17:24.223 PM'
}
{
  method: 'GET',
  url: '/api/v1/property/?page=1',
  status: 200,
  content_length: '3505',
  response_time: 230.561,
  level: 'http',
  message: 'incoming-request',
  timestamp: '2024-12-06 06:17:24.329 PM'
}
{
  method: 'GET',
  url: '/api/v1/property/666720f01ed8af0105a0d444',
  status: 304,
  response_time: 121.253,
  level: 'http',
  message: 'incoming-request',
  timestamp: '2024-12-06 06:17:24.683 PM'
}
{
  method: 'GET',
  url: '/api/v1/property/?page=1',
  status: 200,
  content_length: '3505',
  response_time: 224.063,
  level: 'http',
  message: 'incoming-request',
  timestamp: '2024-12-06 06:17:24.788 PM'
}
{
  method: 'GET',
  url: '/api/v1/property/666720f01ed8af0105a0d444',
  status: 304,
  response_time: 133.66,
  level: 'http',
  message: 'incoming-request',
  timestamp: '2024-12-06 06:17:25.810 PM'
}
{
  method: 'GET',
  url: '/api/v1/property/?page=1',
  status: 200,
  content_length: '3505',
  response_time: 234.935,
  level: 'http',
  message: 'incoming-request',
  timestamp: '2024-12-06 06:17:25.915 PM'
}
{
  method: 'GET',
  url: '/api/v1/property/666720f01ed8af0105a0d444',
  status: 0,
  response_time: '0',
  level: 'http',
  message: 'incoming-request',
  timestamp: '2024-12-06 06:17:26.433 PM'
}
{
  method: 'GET',
  url: '/api/v1/property/?page=1',
  status: 0,
  response_time: '0',
  level: 'http',
  message: 'incoming-request',
  timestamp: '2024-12-06 06:17:26.436 PM'
}
{
  method: 'GET',
  url: '/api/v1/property/666720f01ed8af0105a0d444',
  status: 304,
  response_time: 94.937,
  level: 'http',
  message: 'incoming-request',
  timestamp: '2024-12-06 06:17:26.784 PM'
}
{
  method: 'GET',
  url: '/api/v1/property/?page=1',
  status: 200,
  content_length: '3505',
  response_time: 197.057,
  level: 'http',
  message: 'incoming-request',
  timestamp: '2024-12-06 06:17:26.889 PM'
}
{
  method: 'GET',
  url: '/api/v1/property/666720f01ed8af0105a0d444',
  status: 200,
  content_length: '647',
  response_time: 92.874,
  level: 'http',
  message: 'incoming-request',
  timestamp: '2024-12-06 06:17:27.214 PM'
}
{
  method: 'GET',
  url: '/api/v1/property/?page=1',
  status: 200,
  content_length: '3505',
  response_time: 225.812,
  level: 'http',
  message: 'incoming-request',
  timestamp: '2024-12-06 06:17:27.348 PM'
}
{
  method: 'GET',
  url: '/api/v1/property/666720f01ed8af0105a0d444',
  status: 304,
  response_time: 95.084,
  level: 'http',
  message: 'incoming-request',
  timestamp: '2024-12-06 06:17:28.785 PM'
}
{
  method: 'GET',
  url: '/api/v1/property/?page=1',
  status: 200,
  content_length: '3505',
  response_time: 258.319,
  level: 'http',
  message: 'incoming-request',
  timestamp: '2024-12-06 06:17:28.952 PM'
}
{
  method: 'GET',
  url: '/api/v1/property/666720f01ed8af0105a0d444',
  status: 304,
  response_time: 98.761,
  level: 'http',
  message: 'incoming-request',
  timestamp: '2024-12-06 06:17:28.985 PM'
}
{
  method: 'GET',
  url: '/api/v1/property/?page=1',
  status: 200,
  content_length: '3505',
  response_time: 200.141,
  level: 'http',
  message: 'incoming-request',
  timestamp: '2024-12-06 06:17:29.089 PM'
}
{
  method: 'GET',
  url: '/api/v1/property/666720f01ed8af0105a0d444',
  status: 304,
  response_time: 153.918,
  level: 'http',
  message: 'incoming-request',
  timestamp: '2024-12-06 06:17:33.135 PM'
}
{
  method: 'GET',
  url: '/api/v1/property/666720f01ed8af0105a0d444',
  status: 304,
  response_time: 136.507,
  level: 'http',
  message: 'incoming-request',
  timestamp: '2024-12-06 06:17:33.184 PM'
}
{
  method: 'GET',
  url: '/api/v1/property/?page=1',
  status: 200,
  content_length: '3505',
  response_time: 251.844,
  level: 'http',
  message: 'incoming-request',
  timestamp: '2024-12-06 06:17:33.239 PM'
}
{
  method: 'GET',
  url: '/api/v1/property/?page=1',
  status: 200,
  content_length: '3505',
  response_time: 242.753,
  level: 'http',
  message: 'incoming-request',
  timestamp: '2024-12-06 06:17:33.293 PM'
}
{
  method: 'GET',
  url: '/api/v1/property/666720f01ed8af0105a0d444',
  status: 304,
  response_time: 127.005,
  level: 'http',
  message: 'incoming-request',
  timestamp: '2024-12-06 06:17:36.101 PM'
}
{
  method: 'GET',
  url: '/api/v1/property/?page=1',
  status: 200,
  content_length: '3505',
  response_time: 226.986,
  level: 'http',
  message: 'incoming-request',
  timestamp: '2024-12-06 06:17:36.205 PM'
}
{
  method: 'GET',
  url: '/api/v1/property/666720f01ed8af0105a0d444',
  status: 304,
  response_time: 88.221,
  level: 'http',
  message: 'incoming-request',
  timestamp: '2024-12-06 06:17:36.307 PM'
}
{
  method: 'GET',
  url: '/api/v1/property/?page=1',
  status: 200,
  content_length: '3505',
  response_time: 396.202,
  level: 'http',
  message: 'incoming-request',
  timestamp: '2024-12-06 06:17:36.618 PM'
}
{
  method: 'GET',
  url: '/api/v1/property/666720f01ed8af0105a0d444',
  status: 304,
  response_time: 142.886,
  level: 'http',
  message: 'incoming-request',
  timestamp: '2024-12-06 06:17:50.247 PM'
}
{
  method: 'GET',
  url: '/api/v1/property/?page=1',
  status: 200,
  content_length: '3505',
  response_time: 332.377,
  level: 'http',
  message: 'incoming-request',
  timestamp: '2024-12-06 06:17:50.440 PM'
}
{
  method: 'GET',
  url: '/api/v1/property/666720f01ed8af0105a0d444',
  status: 304,
  response_time: 148.871,
  level: 'http',
  message: 'incoming-request',
  timestamp: '2024-12-06 06:17:50.610 PM'
}
{
  method: 'GET',
  url: '/api/v1/property/?page=1',
  status: 200,
  content_length: '3505',
  response_time: 283.35,
  level: 'http',
  message: 'incoming-request',
  timestamp: '2024-12-06 06:17:50.747 PM'
}
{
  method: 'GET',
  url: '/api/v1/property/666720f01ed8af0105a0d444',
  status: 304,
  response_time: 128.474,
  level: 'http',
  message: 'incoming-request',
  timestamp: '2024-12-06 06:17:54.380 PM'
}
{
  method: 'GET',
  url: '/api/v1/property/?page=1',
  status: 200,
  content_length: '3505',
  response_time: 230.593,
  level: 'http',
  message: 'incoming-request',
  timestamp: '2024-12-06 06:17:54.484 PM'
}
{
  method: 'GET',
  url: '/api/v1/property/666720f01ed8af0105a0d444',
  status: 304,
  response_time: 126.313,
  level: 'http',
  message: 'incoming-request',
  timestamp: '2024-12-06 06:17:54.645 PM'
}
{
  method: 'GET',
  url: '/api/v1/property/?page=1',
  status: 200,
  content_length: '3505',
  response_time: 219.875,
  level: 'http',
  message: 'incoming-request',
  timestamp: '2024-12-06 06:17:54.743 PM'
}
{
  method: 'GET',
  url: '/api/v1/property/666720f01ed8af0105a0d444',
  status: 304,
  response_time: 120.749,
  level: 'http',
  message: 'incoming-request',
  timestamp: '2024-12-06 06:18:00.883 PM'
}
{
  method: 'GET',
  url: '/api/v1/property/?page=1',
  status: 200,
  content_length: '3505',
  response_time: 273.22,
  level: 'http',
  message: 'incoming-request',
  timestamp: '2024-12-06 06:18:01.040 PM'
}
{
  method: 'GET',
  url: '/api/v1/property/666720f01ed8af0105a0d444',
  status: 304,
  response_time: 113.109,
  level: 'http',
  message: 'incoming-request',
  timestamp: '2024-12-06 06:18:01.142 PM'
}
{
  method: 'GET',
  url: '/api/v1/property/?page=1',
  status: 200,
  content_length: '3505',
  response_time: 210.973,
  level: 'http',
  message: 'incoming-request',
  timestamp: '2024-12-06 06:18:01.243 PM'
}
{
  method: 'GET',
  url: '/api/v1/property/666720f01ed8af0105a0d444',
  status: 304,
  response_time: 131.09,
  level: 'http',
  message: 'incoming-request',
  timestamp: '2024-12-06 06:18:03.545 PM'
}
{
  method: 'GET',
  url: '/api/v1/property/?page=1',
  status: 200,
  content_length: '3505',
  response_time: 230.648,
  level: 'http',
  message: 'incoming-request',
  timestamp: '2024-12-06 06:18:03.651 PM'
}
{
  method: 'GET',
  url: '/api/v1/property/666720f01ed8af0105a0d444',
  status: 304,
  response_time: 90.149,
  level: 'http',
  message: 'incoming-request',
  timestamp: '2024-12-06 06:18:03.905 PM'
}
{
  method: 'GET',
  url: '/api/v1/property/?page=1',
  status: 200,
  content_length: '3505',
  response_time: 193.499,
  level: 'http',
  message: 'incoming-request',
  timestamp: '2024-12-06 06:18:04.010 PM'
}
{
  method: 'GET',
  url: '/api/v1/property/666720f01ed8af0105a0d444',
  status: 304,
  response_time: 100.777,
  level: 'http',
  message: 'incoming-request',
  timestamp: '2024-12-06 06:18:13.889 PM'
}
{
  method: 'GET',
  url: '/api/v1/property/?page=1',
  status: 200,
  content_length: '3505',
  response_time: 209.013,
  level: 'http',
  message: 'incoming-request',
  timestamp: '2024-12-06 06:18:14.000 PM'
}
{
  method: 'GET',
  url: '/api/v1/property/666720f01ed8af0105a0d444',
  status: 304,
  response_time: 69.179,
  level: 'http',
  message: 'incoming-request',
  timestamp: '2024-12-06 06:18:14.520 PM'
}
{
  method: 'GET',
  url: '/api/v1/property/?page=1',
  status: 200,
  content_length: '3505',
  response_time: 152.47,
  level: 'http',
  message: 'incoming-request',
  timestamp: '2024-12-06 06:18:14.606 PM'
}
{
  method: 'GET',
  url: '/api/v1/property/666720f01ed8af0105a0d444',
  status: 304,
  response_time: 92.837,
  level: 'http',
  message: 'incoming-request',
  timestamp: '2024-12-06 06:18:18.034 PM'
}
{
  method: 'GET',
  url: '/api/v1/property/?page=1',
  status: 200,
  content_length: '3505',
  response_time: 195.613,
  level: 'http',
  message: 'incoming-request',
  timestamp: '2024-12-06 06:18:18.142 PM'
}
{
  method: 'GET',
  url: '/api/v1/property/666720f01ed8af0105a0d444',
  status: 304,
  response_time: 123.096,
  level: 'http',
  message: 'incoming-request',
  timestamp: '2024-12-06 06:18:18.240 PM'
}
{
  method: 'GET',
  url: '/api/v1/property/?page=1',
  status: 200,
  content_length: '3505',
  response_time: 225.347,
  level: 'http',
  message: 'incoming-request',
  timestamp: '2024-12-06 06:18:18.345 PM'
}
{
  method: 'GET',
  url: '/api/v1/property/666720f01ed8af0105a0d444',
  status: 0,
  response_time: '0',
  level: 'http',
  message: 'incoming-request',
  timestamp: '2024-12-06 06:18:51.766 PM'
}
{
  method: 'GET',
  url: '/api/v1/property/?page=1',
  status: 0,
  response_time: '0',
  level: 'http',
  message: 'incoming-request',
  timestamp: '2024-12-06 06:18:51.769 PM'
}
{
  method: 'GET',
  url: '/api/v1/property/666720f01ed8af0105a0d444',
  status: 200,
  content_length: '647',
  response_time: 108.527,
  level: 'http',
  message: 'incoming-request',
  timestamp: '2024-12-06 06:18:52.236 PM'
}
{
  method: 'GET',
  url: '/api/v1/property/?page=1',
  status: 200,
  content_length: '3505',
  response_time: 209.365,
  level: 'http',
  message: 'incoming-request',
  timestamp: '2024-12-06 06:18:52.343 PM'
}
{
  method: 'GET',
  url: '/api/v1/property/666720f01ed8af0105a0d444',
  status: 304,
  response_time: 139.174,
  level: 'http',
  message: 'incoming-request',
  timestamp: '2024-12-06 06:18:54.591 PM'
}
{
  method: 'GET',
  url: '/api/v1/property/?page=1',
  status: 200,
  content_length: '3505',
  response_time: 240.168,
  level: 'http',
  message: 'incoming-request',
  timestamp: '2024-12-06 06:18:54.695 PM'
}
{
  method: 'GET',
  url: '/api/v1/property/666720f01ed8af0105a0d444',
  status: 304,
  response_time: 101.531,
  level: 'http',
  message: 'incoming-request',
  timestamp: '2024-12-06 06:19:17.598 PM'
}
{
  method: 'GET',
  url: '/api/v1/property/?page=1',
  status: 200,
  content_length: '3505',
  response_time: 238.53,
  level: 'http',
  message: 'incoming-request',
  timestamp: '2024-12-06 06:19:17.738 PM'
}
{
  method: 'GET',
  url: '/api/v1/property/666720f01ed8af0105a0d444',
  status: 304,
  response_time: 83.08,
  level: 'http',
  message: 'incoming-request',
  timestamp: '2024-12-06 06:19:19.497 PM'
}
{
  method: 'GET',
  url: '/api/v1/property/?page=1',
  status: 200,
  content_length: '3505',
  response_time: 214.346,
  level: 'http',
  message: 'incoming-request',
  timestamp: '2024-12-06 06:19:19.631 PM'
}
{
  method: 'GET',
  url: '/api/v1/property/666720f01ed8af0105a0d444',
  status: 0,
  response_time: '0',
  level: 'http',
  message: 'incoming-request',
  timestamp: '2024-12-06 06:19:34.268 PM'
}
{
  method: 'GET',
  url: '/api/v1/property/666720f01ed8af0105a0d444',
  status: 200,
  content_length: '647',
  response_time: 89.041,
  level: 'http',
  message: 'incoming-request',
  timestamp: '2024-12-06 06:19:34.745 PM'
}
{
  method: 'GET',
  url: '/api/v1/property/?page=1',
  status: 200,
  content_length: '3505',
  response_time: 177.395,
  level: 'http',
  message: 'incoming-request',
  timestamp: '2024-12-06 06:19:34.836 PM'
}
{
  method: 'GET',
  url: '/api/v1/property/666720f01ed8af0105a0d444',
  status: 304,
  response_time: 121.377,
  level: 'http',
  message: 'incoming-request',
  timestamp: '2024-12-06 06:19:36.422 PM'
}
{
  method: 'GET',
  url: '/api/v1/property/?page=1',
  status: 200,
  content_length: '3505',
  response_time: 222.626,
  level: 'http',
  message: 'incoming-request',
  timestamp: '2024-12-06 06:19:36.526 PM'
}
{
  method: 'GET',
  url: '/api/v1/property/666720f01ed8af0105a0d444',
  status: 200,
  content_length: '647',
  response_time: 146.096,
  level: 'http',
  message: 'incoming-request',
  timestamp: '2024-12-06 06:29:56.567 PM'
}
{
  method: 'GET',
  url: '/api/v1/property/?page=1',
  status: 200,
  content_length: '3505',
  response_time: 239.031,
  level: 'http',
  message: 'incoming-request',
  timestamp: '2024-12-06 06:29:56.664 PM'
}
{
  message: 'Server on 1997 running. NodeENV: development  ',
  level: 'info',
  timestamp: '2024-12-06 06:30:33.015 PM'
}
{
  method: 'GET',
  url: '/api/v1/property/666720f01ed8af0105a0d444',
  status: 304,
  response_time: 125.001,
  level: 'http',
  message: 'incoming-request',
  timestamp: '2024-12-06 06:30:43.984 PM'
}
{
  method: 'GET',
  url: '/api/v1/property/?page=1',
  status: 200,
  content_length: '3505',
  response_time: 218.312,
  level: 'http',
  message: 'incoming-request',
  timestamp: '2024-12-06 06:30:44.093 PM'
}
{
  method: 'GET',
  url: '/api/v1/property/666720f01ed8af0105a0d444',
  status: 304,
  response_time: 98.972,
  level: 'http',
  message: 'incoming-request',
  timestamp: '2024-12-06 06:31:03.481 PM'
}
{
  method: 'GET',
  url: '/api/v1/property/?page=1',
  status: 200,
  content_length: '3505',
  response_time: 197.342,
  level: 'http',
  message: 'incoming-request',
  timestamp: '2024-12-06 06:31:03.583 PM'
}
{
  method: 'GET',
  url: '/api/v1/property/666720f01ed8af0105a0d444',
  status: 304,
  response_time: 101.917,
  level: 'http',
  message: 'incoming-request',
  timestamp: '2024-12-06 06:32:04.260 PM'
}
{
  method: 'GET',
  url: '/api/v1/property/?page=1',
  status: 200,
  content_length: '3505',
  response_time: 241.767,
  level: 'http',
  message: 'incoming-request',
  timestamp: '2024-12-06 06:32:04.409 PM'
}
{
  method: 'GET',
  url: '/api/v1/property/666720f01ed8af0105a0d444',
  status: 200,
  content_length: '647',
  response_time: 124.237,
  level: 'http',
  message: 'incoming-request',
  timestamp: '2024-12-06 06:32:40.090 PM'
}
{
  method: 'GET',
  url: '/api/v1/property/?page=1',
  status: 200,
  content_length: '3505',
  response_time: 225.176,
  level: 'http',
  message: 'incoming-request',
  timestamp: '2024-12-06 06:32:40.195 PM'
}
{
  method: 'GET',
  url: '/api/v1/property/666720f01ed8af0105a0d444',
  status: 304,
  response_time: 122.887,
  level: 'http',
  message: 'incoming-request',
  timestamp: '2024-12-06 06:33:01.029 PM'
}
{
  method: 'GET',
  url: '/api/v1/property/?page=1',
  status: 200,
  content_length: '3505',
  response_time: 219.473,
  level: 'http',
  message: 'incoming-request',
  timestamp: '2024-12-06 06:33:01.138 PM'
}
{
  method: 'GET',
  url: '/api/v1/property/666720f01ed8af0105a0d444',
  status: 304,
  response_time: 102.783,
  level: 'http',
  message: 'incoming-request',
  timestamp: '2024-12-06 06:33:48.598 PM'
}
{
  method: 'GET',
  url: '/api/v1/property/?page=1',
  status: 200,
  content_length: '3505',
  response_time: 199.736,
  level: 'http',
  message: 'incoming-request',
  timestamp: '2024-12-06 06:33:48.699 PM'
}
{
  method: 'GET',
  url: '/api/v1/property/666720f01ed8af0105a0d444',
  status: 304,
  response_time: 108.451,
  level: 'http',
  message: 'incoming-request',
  timestamp: '2024-12-06 06:34:30.530 PM'
}
{
  method: 'GET',
  url: '/api/v1/property/?page=1',
  status: 200,
  content_length: '3505',
  response_time: 161.643,
  level: 'http',
  message: 'incoming-request',
  timestamp: '2024-12-06 06:34:30.647 PM'
}
{
  method: 'GET',
  url: '/api/v1/property/666720f01ed8af0105a0d444',
  status: 304,
  response_time: 135.957,
  level: 'http',
  message: 'incoming-request',
  timestamp: '2024-12-06 06:35:52.961 PM'
}
{
  method: 'GET',
  url: '/api/v1/property/?page=1',
  status: 200,
  content_length: '3505',
  response_time: 236.822,
  level: 'http',
  message: 'incoming-request',
  timestamp: '2024-12-06 06:35:53.067 PM'
}
{
  method: 'GET',
  url: '/api/v1/property/666720f01ed8af0105a0d444',
  status: 304,
  response_time: 140.497,
  level: 'http',
  message: 'incoming-request',
  timestamp: '2024-12-06 06:36:12.064 PM'
}
{
  method: 'GET',
  url: '/api/v1/property/?page=1',
  status: 200,
  content_length: '3505',
  response_time: 229.549,
  level: 'http',
  message: 'incoming-request',
  timestamp: '2024-12-06 06:36:12.165 PM'
}
{
  method: 'GET',
  url: '/api/v1/property/666720f01ed8af0105a0d444',
  status: 304,
  response_time: 125.181,
  level: 'http',
  message: 'incoming-request',
  timestamp: '2024-12-06 06:37:52.224 PM'
}
{
  method: 'GET',
  url: '/api/v1/property/?page=1',
  status: 200,
  content_length: '3505',
  response_time: 226.508,
  level: 'http',
  message: 'incoming-request',
  timestamp: '2024-12-06 06:37:52.330 PM'
}
{
  method: 'GET',
  url: '/api/v1/property/666720f01ed8af0105a0d444',
  status: 304,
  response_time: 71.081,
  level: 'http',
  message: 'incoming-request',
  timestamp: '2024-12-06 07:01:42.803 PM'
}
{
  method: 'GET',
  url: '/api/v1/property/?page=1',
  status: 200,
  content_length: '3505',
  response_time: 204.812,
  level: 'http',
  message: 'incoming-request',
  timestamp: '2024-12-06 07:01:42.942 PM'
}
{
  method: 'GET',
  url: '/api/v1/property/666720f01ed8af0105a0d444',
  status: 304,
  response_time: 96.513,
  level: 'http',
  message: 'incoming-request',
  timestamp: '2024-12-06 07:02:46.834 PM'
}
{
  method: 'GET',
  url: '/api/v1/property/?page=1',
  status: 200,
  content_length: '3505',
  response_time: 193.389,
  level: 'http',
  message: 'incoming-request',
  timestamp: '2024-12-06 07:02:46.940 PM'
}
{
  method: 'GET',
  url: '/api/v1/property/666720f01ed8af0105a0d444',
  status: 304,
  response_time: 122.312,
  level: 'http',
  message: 'incoming-request',
  timestamp: '2024-12-06 07:02:56.614 PM'
}
{
  method: 'GET',
  url: '/api/v1/property/?page=1',
  status: 0,
  response_time: '0',
  level: 'http',
  message: 'incoming-request',
  timestamp: '2024-12-06 07:02:56.665 PM'
}
{
  method: 'GET',
  url: '/api/v1/property/666720f01ed8af0105a0d444',
  status: 304,
  response_time: 93.414,
  level: 'http',
  message: 'incoming-request',
  timestamp: '2024-12-06 07:03:00.607 PM'
}
{
  method: 'GET',
  url: '/api/v1/property/?page=1',
  status: 200,
  content_length: '3505',
  response_time: 194.957,
  level: 'http',
  message: 'incoming-request',
  timestamp: '2024-12-06 07:03:00.711 PM'
}
{
  method: 'GET',
  url: '/api/v1/property/666720f01ed8af0105a0d444',
  status: 304,
  response_time: 107.541,
  level: 'http',
  message: 'incoming-request',
  timestamp: '2024-12-06 07:03:13.970 PM'
}
{
  method: 'GET',
  url: '/api/v1/property/?page=1',
  status: 0,
  response_time: '0',
  level: 'http',
  message: 'incoming-request',
  timestamp: '2024-12-06 07:03:14.017 PM'
}
{
  method: 'GET',
  url: '/api/v1/property/?page=1',
  status: 0,
  response_time: '0',
  level: 'http',
  message: 'incoming-request',
  timestamp: '2024-12-06 07:03:19.146 PM'
}
{
  method: 'GET',
  url: '/api/v1/property/666720f01ed8af0105a0d444',
  status: 0,
  response_time: '0',
  level: 'http',
  message: 'incoming-request',
  timestamp: '2024-12-06 07:03:19.147 PM'
}
{
  method: 'GET',
  url: '/api/v1/property/666720f01ed8af0105a0d444',
  status: 200,
  content_length: '647',
  response_time: 113.982,
  level: 'http',
  message: 'incoming-request',
  timestamp: '2024-12-06 07:03:25.900 PM'
}
{
  method: 'GET',
  url: '/api/v1/property/?page=1',
  status: 200,
  content_length: '3505',
  response_time: 214.637,
  level: 'http',
  message: 'incoming-request',
  timestamp: '2024-12-06 07:03:26.004 PM'
}
{
  method: 'GET',
  url: '/api/v1/property/666720f01ed8af0105a0d444',
  status: 304,
  response_time: 96.864,
  level: 'http',
  message: 'incoming-request',
  timestamp: '2024-12-06 07:03:35.578 PM'
}
{
  method: 'GET',
  url: '/api/v1/property/?page=1',
  status: 200,
  content_length: '3505',
  response_time: 237.036,
  level: 'http',
  message: 'incoming-request',
  timestamp: '2024-12-06 07:03:35.735 PM'
}
{
  method: 'GET',
  url: '/api/v1/property/666720f01ed8af0105a0d444',
  status: 304,
  response_time: 103.789,
  level: 'http',
  message: 'incoming-request',
  timestamp: '2024-12-06 07:03:47.507 PM'
}
{
  method: 'GET',
  url: '/api/v1/property/?page=1',
  status: 200,
  content_length: '3505',
  response_time: 205.448,
  level: 'http',
  message: 'incoming-request',
  timestamp: '2024-12-06 07:03:47.611 PM'
}
{
  method: 'GET',
  url: '/api/v1/property/666720f01ed8af0105a0d444',
  status: 304,
  response_time: 125.16,
  level: 'http',
  message: 'incoming-request',
  timestamp: '2024-12-06 07:04:02.000 PM'
}
{
  method: 'GET',
  url: '/api/v1/property/?page=1',
  status: 200,
  content_length: '3505',
  response_time: 220.782,
  level: 'http',
  message: 'incoming-request',
  timestamp: '2024-12-06 07:04:02.099 PM'
}
{
  method: 'GET',
  url: '/api/v1/property/666720f01ed8af0105a0d444',
  status: 304,
  response_time: 126.061,
  level: 'http',
  message: 'incoming-request',
  timestamp: '2024-12-06 07:04:11.471 PM'
}
{
  method: 'GET',
  url: '/api/v1/property/?page=1',
  status: 200,
  content_length: '3505',
  response_time: 224.748,
  level: 'http',
  message: 'incoming-request',
  timestamp: '2024-12-06 07:04:11.572 PM'
}
{
  method: 'GET',
  url: '/api/v1/property/666720f01ed8af0105a0d444',
  status: 304,
  response_time: 122.68,
  level: 'http',
  message: 'incoming-request',
  timestamp: '2024-12-06 07:04:58.725 PM'
}
{
  method: 'GET',
  url: '/api/v1/property/?page=1',
  status: 200,
  content_length: '3505',
  response_time: 189.05,
  level: 'http',
  message: 'incoming-request',
  timestamp: '2024-12-06 07:04:58.796 PM'
}
{
  method: 'GET',
  url: '/api/v1/property/666720f01ed8af0105a0d444',
  status: 304,
  response_time: 122.831,
  level: 'http',
  message: 'incoming-request',
  timestamp: '2024-12-06 07:05:11.678 PM'
}
{
  method: 'GET',
  url: '/api/v1/property/?page=1',
  status: 200,
  content_length: '3505',
  response_time: 224.516,
  level: 'http',
  message: 'incoming-request',
  timestamp: '2024-12-06 07:05:11.783 PM'
}
{
  message: 'Server on 1997 running. NodeENV: development  ',
  level: 'info',
  timestamp: '2024-12-06 07:08:52.608 PM'
}
{
  method: 'GET',
  url: '/api/v1/property/666720f01ed8af0105a0d444',
  status: 304,
  response_time: 155.471,
  level: 'http',
  message: 'incoming-request',
  timestamp: '2024-12-06 07:09:01.273 PM'
}
{
  method: 'GET',
  url: '/api/v1/property/?page=1',
  status: 200,
  content_length: '3505',
  response_time: 311.781,
  level: 'http',
  message: 'incoming-request',
  timestamp: '2024-12-06 07:09:01.443 PM'
}
{
  method: 'GET',
  url: '/api/v1/property/666720f01ed8af0105a0d444',
  status: 304,
  response_time: 115.651,
  level: 'http',
  message: 'incoming-request',
  timestamp: '2024-12-06 07:11:34.863 PM'
}
{
  method: 'GET',
  url: '/api/v1/property/?page=1',
  status: 200,
  content_length: '3505',
  response_time: 201.472,
  level: 'http',
  message: 'incoming-request',
  timestamp: '2024-12-06 07:11:34.967 PM'
}
{
  message: 'Server on 1997 running. NodeENV: development  ',
  level: 'info',
  timestamp: '2024-12-06 08:47:14.156 PM'
}
{
  message: 'Server on 1997 running. NodeENV: development  ',
  level: 'info',
  timestamp: '2024-12-06 08:59:04.570 PM'
}
{
  method: 'GET',
  url: '/api/v1/property/666720f01ed8af0105a0d444',
  status: 304,
  response_time: 66.032,
  level: 'http',
  message: 'incoming-request',
  timestamp: '2024-12-06 09:03:59.379 PM'
}
{
  method: 'GET',
  url: '/api/v1/property/?page=1',
  status: 200,
  content_length: '3505',
  response_time: 118.927,
  level: 'http',
  message: 'incoming-request',
  timestamp: '2024-12-06 09:03:59.438 PM'
}
{
  message: 'Server on 1997 running. NodeENV: development  ',
  level: 'info',
  timestamp: '2024-12-06 09:05:47.364 PM'
}
{
  message: 'Server on 1997 running. NodeENV: development  ',
  level: 'info',
  timestamp: '2024-12-06 09:16:37.477 PM'
}
{
  message: 'Server on 1997 running. NodeENV: development  ',
  level: 'info',
  timestamp: '2024-12-06 09:17:13.706 PM'
}
{
  message: 'Server on 1997 running. NodeENV: development  ',
  level: 'info',
  timestamp: '2024-12-06 09:19:01.000 PM'
}
{
  message: 'Server on 1997 running. NodeENV: development  ',
  level: 'info',
  timestamp: '2024-12-06 09:19:07.648 PM'
}
{
  message: 'Server on 1997 running. NodeENV: development  ',
  level: 'info',
  timestamp: '2024-12-06 09:19:31.115 PM'
}
{
  message: 'Server on 1997 running. NodeENV: development  ',
  level: 'info',
  timestamp: '2024-12-06 09:19:44.041 PM'
}
{
  message: 'Server on 1997 running. NodeENV: development  ',
  level: 'info',
  timestamp: '2024-12-06 09:20:03.363 PM'
}
{
  message: 'Server on 1997 running. NodeENV: development  ',
  level: 'info',
  timestamp: '2024-12-06 09:21:41.458 PM'
}
{
  message: 'Server on 1997 running. NodeENV: development  ',
  level: 'info',
  timestamp: '2024-12-06 09:22:28.372 PM'
}
{
  message: 'Server on 1997 running. NodeENV: development  ',
  level: 'info',
  timestamp: '2024-12-06 09:36:36.904 PM'
}
{
  message: 'Server on 1997 running. NodeENV: development  ',
  level: 'info',
  timestamp: '2024-12-06 09:37:04.760 PM'
}
{
  message: 'Server on 1997 running. NodeENV: development  ',
  level: 'info',
  timestamp: '2024-12-06 09:37:26.240 PM'
}
{
  method: 'POST',
  url: '/api/v1/auth/login',
  status: 200,
  content_length: '471',
  response_time: 207.051,
  level: 'http',
  message: 'incoming-request',
  timestamp: '2024-12-06 09:38:35.634 PM'
}
{
  method: 'GET',
  url: '/api/v1/order',
  status: 200,
  content_length: '1103',
  response_time: 116.254,
  level: 'http',
  message: 'incoming-request',
  timestamp: '2024-12-06 09:38:58.634 PM'
}
{
  method: 'GET',
  url: '/api/v1/chat',
  status: 500,
  content_length: '75',
  response_time: 0.341,
  level: 'http',
  message: 'incoming-request',
  timestamp: '2024-12-06 09:39:07.135 PM'
}
{
  method: 'GET',
  url: '/api/v1/users',
  status: 500,
  content_length: '76',
  response_time: 0.159,
  level: 'http',
  message: 'incoming-request',
  timestamp: '2024-12-06 09:39:23.922 PM'
}
{
  method: 'GET',
  url: '/api/v1/users',
  status: 500,
  content_length: '76',
  response_time: 0.146,
  level: 'http',
  message: 'incoming-request',
  timestamp: '2024-12-06 09:39:24.898 PM'
}
{
  method: 'GET',
  url: '/api/v1/chat/users',
  status: 500,
  content_length: '81',
  response_time: 0.206,
  level: 'http',
  message: 'incoming-request',
  timestamp: '2024-12-06 09:39:32.621 PM'
}
{
  method: 'GET',
  url: '/api/v1/chat/users',
  status: 500,
  content_length: '81',
  response_time: 0.168,
  level: 'http',
  message: 'incoming-request',
  timestamp: '2024-12-06 09:39:33.647 PM'
}
{
  message: 'Server on 1997 running. NodeENV: development  ',
  level: 'info',
  timestamp: '2024-12-06 09:39:51.720 PM'
}
{
  method: 'GET',
  url: '/api/v1/messages/users',
  status: 200,
  content_length: '2',
  response_time: 123.954,
  level: 'http',
  message: 'incoming-request',
  timestamp: '2024-12-06 09:39:59.885 PM'
}
{
  method: 'GET',
  url: '/api/v1/messages/users',
  status: 200,
  content_length: '2',
  response_time: 128.139,
  level: 'http',
  message: 'incoming-request',
  timestamp: '2024-12-06 09:40:01.797 PM'
}
{
  method: 'GET',
  url: '/api/v1/messages/users',
  status: 200,
  content_length: '2',
  response_time: 125.694,
  level: 'http',
  message: 'incoming-request',
  timestamp: '2024-12-06 09:53:33.357 PM'
}
{
  message: 'Server on 1997 running. NodeENV: development  ',
  level: 'info',
  timestamp: '2024-12-06 09:53:47.253 PM'
}
{
  method: 'GET',
  url: '/api/v1/messages/users',
  status: 200,
  content_length: '1695',
  response_time: 762.392,
  level: 'http',
  message: 'incoming-request',
  timestamp: '2024-12-06 09:53:47.554 PM'
}
{
  message: 'Server on 1997 running. NodeENV: development  ',
  level: 'info',
  timestamp: '2024-12-06 09:54:01.889 PM'
}
{
  method: 'GET',
  url: '/api/v1/messages/users',
  status: 200,
  content_length: '1196',
  response_time: 589.005,
  level: 'http',
  message: 'incoming-request',
  timestamp: '2024-12-06 09:54:02.207 PM'
}
{
  message: 'Server on 1997 running. NodeENV: development  ',
  level: 'info',
  timestamp: '2024-12-06 09:54:32.356 PM'
}
{
  method: 'GET',
  url: '/api/v1/messages/users',
  status: 200,
  content_length: '1156',
  response_time: 121.793,
  level: 'http',
  message: 'incoming-request',
  timestamp: '2024-12-06 09:58:52.154 PM'
}
{
  method: 'GET',
  url: '/api/v1/messages/users',
  status: 200,
  content_length: '1156',
  response_time: 109.232,
  level: 'http',
  message: 'incoming-request',
  timestamp: '2024-12-06 09:59:11.584 PM'
}
{
  message: 'Server on 1997 running. NodeENV: development  ',
  level: 'info',
  timestamp: '2024-12-06 09:59:34.283 PM'
}
{
  method: 'GET',
  url: '/api/v1/messages/users',
  status: 200,
  content_length: '774',
  response_time: 1093.366,
  level: 'http',
  message: 'incoming-request',
  timestamp: '2024-12-06 09:59:34.640 PM'
}
{
  method: 'GET',
  url: '/api/v1/messages/users',
  status: 200,
  content_length: '774',
  response_time: 111.647,
  level: 'http',
  message: 'incoming-request',
  timestamp: '2024-12-06 10:00:16.351 PM'
}
{
  method: 'GET',
  url: '/api/v1/messages/users',
  status: 200,
  content_length: '1253',
  response_time: 112.307,
  level: 'http',
  message: 'incoming-request',
  timestamp: '2024-12-06 10:04:15.152 PM'
}
{
  method: 'GET',
  url: '/api/v1/messages/users',
  status: 200,
  content_length: '1253',
  response_time: 114.621,
  level: 'http',
  message: 'incoming-request',
  timestamp: '2024-12-06 10:06:23.518 PM'
}
{
  message: 'Server on 1997 running. NodeENV: development  ',
  level: 'info',
  timestamp: '2024-12-06 10:13:58.489 PM'
}
{
  method: 'GET',
  url: '/api/v1/property/666720f01ed8af0105a0d444',
  status: 304,
  response_time: 68.929,
  level: 'http',
  message: 'incoming-request',
  timestamp: '2024-12-06 10:23:01.100 PM'
}
{
  method: 'GET',
  url: '/api/v1/property/?page=1',
  status: 200,
  content_length: '3505',
  response_time: 110.636,
  level: 'http',
  message: 'incoming-request',
  timestamp: '2024-12-06 10:23:01.149 PM'
}
{
  method: 'GET',
  url: '/api/v1/property/666720f01ed8af0105a0d444',
  status: 304,
  response_time: 51.106,
  level: 'http',
  message: 'incoming-request',
  timestamp: '2024-12-06 10:23:15.080 PM'
}
{
  method: 'GET',
  url: '/api/v1/property/?page=1',
  status: 200,
  content_length: '3505',
  response_time: 106.825,
  level: 'http',
  message: 'incoming-request',
  timestamp: '2024-12-06 10:23:15.139 PM'
}
{
  method: 'GET',
  url: '/api/v1/property/666720f01ed8af0105a0d444',
  status: 304,
  response_time: 52.825,
  level: 'http',
  message: 'incoming-request',
  timestamp: '2024-12-06 10:23:39.167 PM'
}
{
  method: 'GET',
  url: '/api/v1/property/?page=1',
  status: 200,
  content_length: '3505',
  response_time: 104.145,
  level: 'http',
  message: 'incoming-request',
  timestamp: '2024-12-06 10:23:39.221 PM'
}
{
  method: 'GET',
  url: '/api/v1/messages/users',
  status: 200,
  content_length: '1253',
  response_time: 108.407,
  level: 'http',
  message: 'incoming-request',
  timestamp: '2024-12-06 10:26:52.546 PM'
}
{
  message: 'Server on 1997 running. NodeENV: development  ',
  level: 'info',
  timestamp: '2024-12-06 10:27:15.165 PM'
}
{
  message: 'Server on 1997 running. NodeENV: development  ',
  level: 'info',
  timestamp: '2024-12-06 10:27:29.718 PM'
}
{
  method: 'GET',
  url: '/api/v1/property/666720f01ed8af0105a0d444',
  status: 304,
  response_time: 64.286,
  level: 'http',
  message: 'incoming-request',
  timestamp: '2024-12-06 10:28:27.945 PM'
}
{
  method: 'GET',
  url: '/api/v1/property/?page=1',
  status: 200,
  content_length: '3505',
  response_time: 117.908,
  level: 'http',
  message: 'incoming-request',
  timestamp: '2024-12-06 10:28:28.005 PM'
}
{
  method: 'GET',
  url: '/api/v1/messages/users',
  status: 200,
  content_length: '1218',
  response_time: 119.963,
  level: 'http',
  message: 'incoming-request',
  timestamp: '2024-12-06 10:28:28.008 PM'
}
{
  method: 'GET',
  url: '/api/v1/property/666720f01ed8af0105a0d444',
  status: 304,
  response_time: 54.59,
  level: 'http',
  message: 'incoming-request',
  timestamp: '2024-12-06 10:28:32.561 PM'
}
{
  method: 'GET',
  url: '/api/v1/property/?page=1',
  status: 200,
  content_length: '3505',
  response_time: 108.762,
  level: 'http',
  message: 'incoming-request',
  timestamp: '2024-12-06 10:28:32.617 PM'
}
{
  method: 'GET',
  url: '/api/v1/messages/users',
  status: 304,
  response_time: 109.902,
  level: 'http',
  message: 'incoming-request',
  timestamp: '2024-12-06 10:28:32.620 PM'
}
{
  method: 'GET',
  url: '/api/v1/property/666720f01ed8af0105a0d444',
  status: 304,
  response_time: 54.696,
  level: 'http',
  message: 'incoming-request',
  timestamp: '2024-12-06 10:28:36.923 PM'
}
{
  method: 'GET',
  url: '/api/v1/property/?page=1',
  status: 200,
  content_length: '3505',
  response_time: 109.198,
  level: 'http',
  message: 'incoming-request',
  timestamp: '2024-12-06 10:28:36.979 PM'
}
{
  method: 'GET',
  url: '/api/v1/messages/users',
  status: 304,
  response_time: 109.84,
  level: 'http',
  message: 'incoming-request',
  timestamp: '2024-12-06 10:28:36.981 PM'
}
{
  method: 'GET',
  url: '/api/v1/property/666720f01ed8af0105a0d444',
  status: 304,
  response_time: 55.04,
  level: 'http',
  message: 'incoming-request',
  timestamp: '2024-12-06 10:28:42.790 PM'
}
{
  method: 'GET',
  url: '/api/v1/property/?page=1',
  status: 200,
  content_length: '3505',
  response_time: 111.315,
  level: 'http',
  message: 'incoming-request',
  timestamp: '2024-12-06 10:28:42.848 PM'
}
{
  method: 'GET',
  url: '/api/v1/messages/users',
  status: 304,
  response_time: 114.712,
  level: 'http',
  message: 'incoming-request',
  timestamp: '2024-12-06 10:28:42.853 PM'
}
{
  method: 'GET',
  url: '/api/v1/property/666720f01ed8af0105a0d444',
  status: 304,
  response_time: 56.842,
  level: 'http',
  message: 'incoming-request',
  timestamp: '2024-12-06 10:28:44.828 PM'
}
{
  method: 'GET',
  url: '/api/v1/property/?page=1',
  status: 200,
  content_length: '3505',
  response_time: 108.224,
  level: 'http',
  message: 'incoming-request',
  timestamp: '2024-12-06 10:28:44.880 PM'
}
{
  method: 'GET',
  url: '/api/v1/messages/users',
  status: 304,
  response_time: 111.008,
  level: 'http',
  message: 'incoming-request',
  timestamp: '2024-12-06 10:28:44.884 PM'
}
{
  method: 'GET',
  url: '/api/v1/property/666720f01ed8af0105a0d444',
  status: 304,
  response_time: 54.488,
  level: 'http',
  message: 'incoming-request',
  timestamp: '2024-12-06 10:29:39.483 PM'
}
{
  method: 'GET',
  url: '/api/v1/property/?page=1',
  status: 200,
  content_length: '3505',
  response_time: 110.176,
  level: 'http',
  message: 'incoming-request',
  timestamp: '2024-12-06 10:29:39.540 PM'
}
{
  method: 'GET',
  url: '/api/v1/messages/users',
  status: 304,
  response_time: 112.452,
  level: 'http',
  message: 'incoming-request',
  timestamp: '2024-12-06 10:29:39.543 PM'
}
{
  method: 'GET',
  url: '/api/v1/property/666720f01ed8af0105a0d444',
  status: 304,
  response_time: 54.129,
  level: 'http',
  message: 'incoming-request',
  timestamp: '2024-12-06 10:30:00.049 PM'
}
{
  method: 'GET',
  url: '/api/v1/property/?page=1',
  status: 200,
  content_length: '3505',
  response_time: 108.19,
  level: 'http',
  message: 'incoming-request',
  timestamp: '2024-12-06 10:30:00.104 PM'
}
{
  method: 'GET',
  url: '/api/v1/messages/users',
  status: 304,
  response_time: 109.348,
  level: 'http',
  message: 'incoming-request',
  timestamp: '2024-12-06 10:30:00.107 PM'
}
{
  method: 'GET',
  url: '/api/v1/messages/users',
  status: 0,
  response_time: '0',
  level: 'http',
  message: 'incoming-request',
  timestamp: '2024-12-06 10:30:12.598 PM'
}
{
  method: 'GET',
  url: '/api/v1/property/666720f01ed8af0105a0d444',
  status: 0,
  response_time: '0',
  level: 'http',
  message: 'incoming-request',
  timestamp: '2024-12-06 10:30:12.599 PM'
}
{
  method: 'GET',
  url: '/api/v1/property/?page=1',
  status: 0,
  response_time: '0',
  level: 'http',
  message: 'incoming-request',
  timestamp: '2024-12-06 10:30:12.599 PM'
}
{
  method: 'GET',
  url: '/api/v1/property/666720f01ed8af0105a0d444',
  status: 200,
  content_length: '647',
  response_time: 54.223,
  level: 'http',
  message: 'incoming-request',
  timestamp: '2024-12-06 10:30:13.498 PM'
}
{
  method: 'GET',
  url: '/api/v1/property/?page=1',
  status: 200,
  content_length: '3505',
  response_time: 107.373,
  level: 'http',
  message: 'incoming-request',
  timestamp: '2024-12-06 10:30:13.553 PM'
}
{
  method: 'GET',
  url: '/api/v1/messages/users',
  status: 200,
  content_length: '1218',
  response_time: 109.257,
  level: 'http',
  message: 'incoming-request',
  timestamp: '2024-12-06 10:30:13.556 PM'
}
{
  method: 'GET',
  url: '/api/v1/property/666720f01ed8af0105a0d444',
  status: 304,
  response_time: 54.464,
  level: 'http',
  message: 'incoming-request',
  timestamp: '2024-12-06 10:30:18.537 PM'
}
{
  method: 'GET',
  url: '/api/v1/property/?page=1',
  status: 200,
  content_length: '3505',
  response_time: 108.36,
  level: 'http',
  message: 'incoming-request',
  timestamp: '2024-12-06 10:30:18.592 PM'
}
{
  method: 'GET',
  url: '/api/v1/messages/users',
  status: 304,
  response_time: 109.078,
  level: 'http',
  message: 'incoming-request',
  timestamp: '2024-12-06 10:30:18.594 PM'
}
{
  method: 'GET',
  url: '/api/v1/property/666720f01ed8af0105a0d444',
  status: 304,
  response_time: 55.547,
  level: 'http',
  message: 'incoming-request',
  timestamp: '2024-12-06 10:32:29.107 PM'
}
{
  method: 'GET',
  url: '/api/v1/property/?page=1',
  status: 200,
  content_length: '3505',
  response_time: 108.415,
  level: 'http',
  message: 'incoming-request',
  timestamp: '2024-12-06 10:32:29.164 PM'
}
{
  method: 'GET',
  url: '/api/v1/messages/users',
  status: 304,
  response_time: 110.266,
  level: 'http',
  message: 'incoming-request',
  timestamp: '2024-12-06 10:32:29.166 PM'
}
{
  method: 'GET',
  url: '/api/v1/property/666720f01ed8af0105a0d444',
  status: 304,
  response_time: 55.85,
  level: 'http',
  message: 'incoming-request',
  timestamp: '2024-12-06 10:32:30.914 PM'
}
{
  method: 'GET',
  url: '/api/v1/property/?page=1',
  status: 200,
  content_length: '3505',
  response_time: 110.105,
  level: 'http',
  message: 'incoming-request',
  timestamp: '2024-12-06 10:32:30.970 PM'
}
{
  method: 'GET',
  url: '/api/v1/messages/users',
  status: 304,
  response_time: 110.313,
  level: 'http',
  message: 'incoming-request',
  timestamp: '2024-12-06 10:32:30.971 PM'
}
{
  method: 'GET',
  url: '/api/v1/property/666720f01ed8af0105a0d444',
  status: 304,
  response_time: 54.394,
  level: 'http',
  message: 'incoming-request',
  timestamp: '2024-12-06 10:32:38.362 PM'
}
{
  method: 'GET',
  url: '/api/v1/property/?page=1',
  status: 200,
  content_length: '3505',
  response_time: 110.634,
  level: 'http',
  message: 'incoming-request',
  timestamp: '2024-12-06 10:32:38.420 PM'
}
{
  method: 'GET',
  url: '/api/v1/messages/users',
  status: 304,
  response_time: 110.827,
  level: 'http',
  message: 'incoming-request',
  timestamp: '2024-12-06 10:32:38.421 PM'
}
{
  method: 'GET',
  url: '/api/v1/property/666720f01ed8af0105a0d444',
  status: 304,
  response_time: 54.321,
  level: 'http',
  message: 'incoming-request',
  timestamp: '2024-12-06 10:32:57.165 PM'
}
{
  method: 'GET',
  url: '/api/v1/property/?page=1',
  status: 200,
  content_length: '3505',
  response_time: 110.192,
  level: 'http',
  message: 'incoming-request',
  timestamp: '2024-12-06 10:32:57.223 PM'
}
{
  method: 'GET',
  url: '/api/v1/messages/users',
  status: 304,
  response_time: 109.949,
  level: 'http',
  message: 'incoming-request',
  timestamp: '2024-12-06 10:32:57.226 PM'
}
{
  method: 'GET',
  url: '/api/v1/property/666720f01ed8af0105a0d444',
  status: 304,
  response_time: 54.478,
  level: 'http',
  message: 'incoming-request',
  timestamp: '2024-12-06 10:33:19.976 PM'
}
{
  method: 'GET',
  url: '/api/v1/property/?page=1',
  status: 200,
  content_length: '3505',
  response_time: 107.477,
  level: 'http',
  message: 'incoming-request',
  timestamp: '2024-12-06 10:33:20.031 PM'
}
{
  method: 'GET',
  url: '/api/v1/messages/users',
  status: 304,
  response_time: 109.816,
  level: 'http',
  message: 'incoming-request',
  timestamp: '2024-12-06 10:33:20.035 PM'
}
