{
  method: 'POST',
  url: '/api/v1/auth/register',
  status: 201,
  content_length: '266',
  response_time: 171.023,
  level: 'http',
  message: 'incoming-request',
  timestamp: '2025-05-23 12:01:04.114 AM'
}
{
  method: 'POST',
  url: '/api/v1/auth/register',
  status: 400,
  content_length: '89',
  response_time: 5.744,
  level: 'http',
  message: 'incoming-request',
  timestamp: '2025-05-23 12:01:04.211 AM'
}
{
  method: 'PUT',
  url: '/api/v1/order/682f909079f7fe587eef609d',
  status: 500,
  content_length: '101',
  response_time: 3.255,
  level: 'http',
  message: 'incoming-request',
  timestamp: '2025-05-23 12:01:04.283 AM'
}
{
  method: 'POST',
  url: '/api/v1/auth/register',
  status: 201,
  content_length: '266',
  response_time: 83.897,
  level: 'http',
  message: 'incoming-request',
  timestamp: '2025-05-23 12:01:04.404 AM'
}
{
  method: 'POST',
  url: '/api/v1/order',
  status: 400,
  content_length: '54',
  response_time: 19.138,
  level: 'http',
  message: 'incoming-request',
  timestamp: '2025-05-23 12:01:04.493 AM'
}
{
  method: 'POST',
  url: '/api/v1/auth/register',
  status: 201,
  content_length: '266',
  response_time: 82.956,
  level: 'http',
  message: 'incoming-request',
  timestamp: '2025-05-23 12:01:04.603 AM'
}
{
  method: 'POST',
  url: '/api/v1/order',
  status: 400,
  content_length: '28',
  response_time: 6.196,
  level: 'http',
  message: 'incoming-request',
  timestamp: '2025-05-23 12:01:04.661 AM'
}
{
  method: 'POST',
  url: '/api/v1/auth/register',
  status: 201,
  content_length: '266',
  response_time: 81.692,
  level: 'http',
  message: 'incoming-request',
  timestamp: '2025-05-23 12:01:04.770 AM'
}
{
  method: 'POST',
  url: '/api/v1/order',
  status: 401,
  content_length: '26',
  response_time: 1.304,
  level: 'http',
  message: 'incoming-request',
  timestamp: '2025-05-23 12:01:04.824 AM'
}
{
  method: 'POST',
  url: '/api/v1/auth/register',
  status: 201,
  content_length: '266',
  response_time: 174.372,
  level: 'http',
  message: 'incoming-request',
  timestamp: '2025-05-23 12:01:30.995 AM'
}
{
  method: 'POST',
  url: '/api/v1/auth/register',
  status: 400,
  content_length: '89',
  response_time: 7.791,
  level: 'http',
  message: 'incoming-request',
  timestamp: '2025-05-23 12:01:31.104 AM'
}
{
  method: 'PUT',
  url: '/api/v1/order/682f90ab27eb8dcc9b436213/pay',
  status: 200,
  content_length: '593',
  response_time: 23.226,
  level: 'http',
  message: 'incoming-request',
  timestamp: '2025-05-23 12:01:31.182 AM'
}
{
  method: 'POST',
  url: '/api/v1/auth/register',
  status: 201,
  content_length: '266',
  response_time: 83.593,
  level: 'http',
  message: 'incoming-request',
  timestamp: '2025-05-23 12:01:31.297 AM'
}
{
  method: 'POST',
  url: '/api/v1/order',
  status: 400,
  content_length: '54',
  response_time: 17.401,
  level: 'http',
  message: 'incoming-request',
  timestamp: '2025-05-23 12:01:31.377 AM'
}
{
  method: 'POST',
  url: '/api/v1/auth/register',
  status: 201,
  content_length: '266',
  response_time: 92.548,
  level: 'http',
  message: 'incoming-request',
  timestamp: '2025-05-23 12:01:31.498 AM'
}
{
  method: 'POST',
  url: '/api/v1/order',
  status: 400,
  content_length: '28',
  response_time: 9.255,
  level: 'http',
  message: 'incoming-request',
  timestamp: '2025-05-23 12:01:31.571 AM'
}
{
  method: 'POST',
  url: '/api/v1/auth/register',
  status: 201,
  content_length: '266',
  response_time: 91.583,
  level: 'http',
  message: 'incoming-request',
  timestamp: '2025-05-23 12:01:31.694 AM'
}
{
  method: 'POST',
  url: '/api/v1/order',
  status: 401,
  content_length: '26',
  response_time: 2.056,
  level: 'http',
  message: 'incoming-request',
  timestamp: '2025-05-23 12:01:31.755 AM'
}
{
  method: 'POST',
  url: '/api/v1/auth/register',
  status: 201,
  content_length: '266',
  response_time: 171.115,
  level: 'http',
  message: 'incoming-request',
  timestamp: '2025-05-23 12:04:00.549 AM'
}
{
  method: 'POST',
  url: '/api/v1/auth/register',
  status: 400,
  content_length: '89',
  response_time: 5.941,
  level: 'http',
  message: 'incoming-request',
  timestamp: '2025-05-23 12:04:00.648 AM'
}
{
  method: 'PUT',
  url: '/api/v1/order/682f91405c397d559b830385/pay',
  status: 200,
  content_length: '593',
  response_time: 23.896,
  level: 'http',
  message: 'incoming-request',
  timestamp: '2025-05-23 12:04:00.728 AM'
}
{
  method: 'POST',
  url: '/api/v1/auth/register',
  status: 201,
  content_length: '266',
  response_time: 84.481,
  level: 'http',
  message: 'incoming-request',
  timestamp: '2025-05-23 12:04:00.844 AM'
}
{
  method: 'PUT',
  url: '/api/v1/order/682f91405c397d559b8303a1/pay',
  status: 500,
  content_length: '60',
  response_time: 10.511,
  level: 'http',
  message: 'incoming-request',
  timestamp: '2025-05-23 12:04:00.906 AM'
}
{
  method: 'POST',
  url: '/api/v1/auth/register',
  status: 201,
  content_length: '266',
  response_time: 214.377,
  level: 'http',
  message: 'incoming-request',
  timestamp: '2025-05-23 12:04:54.742 AM'
}
{
  method: 'POST',
  url: '/api/v1/auth/register',
  status: 400,
  content_length: '89',
  response_time: 5.711,
  level: 'http',
  message: 'incoming-request',
  timestamp: '2025-05-23 12:04:54.815 AM'
}
{
  method: 'PUT',
  url: '/api/v1/order/682f917647941a84c96d40ff/pay',
  status: 200,
  content_length: '593',
  response_time: 24.151,
  level: 'http',
  message: 'incoming-request',
  timestamp: '2025-05-23 12:04:54.895 AM'
}
{
  method: 'POST',
  url: '/api/v1/auth/register',
  status: 201,
  content_length: '266',
  response_time: 82.591,
  level: 'http',
  message: 'incoming-request',
  timestamp: '2025-05-23 12:04:55.012 AM'
}
{
  method: 'PUT',
  url: '/api/v1/order/682f917747941a84c96d411b/pay',
  status: 500,
  content_length: '60',
  response_time: 11.072,
  level: 'http',
  message: 'incoming-request',
  timestamp: '2025-05-23 12:04:55.077 AM'
}
{
  method: 'POST',
  url: '/api/v1/auth/register',
  status: 201,
  content_length: '266',
  response_time: 183.108,
  level: 'http',
  message: 'incoming-request',
  timestamp: '2025-05-23 12:05:17.739 AM'
}
{
  method: 'POST',
  url: '/api/v1/auth/register',
  status: 400,
  content_length: '89',
  response_time: 8.327,
  level: 'http',
  message: 'incoming-request',
  timestamp: '2025-05-23 12:05:17.869 AM'
}
{
  method: 'PUT',
  url: '/api/v1/order/682f918d38eeba4872dff2e8/pay',
  status: 200,
  content_length: '593',
  response_time: 24.294,
  level: 'http',
  message: 'incoming-request',
  timestamp: '2025-05-23 12:05:17.950 AM'
}
{
  method: 'POST',
  url: '/api/v1/auth/register',
  status: 201,
  content_length: '266',
  response_time: 82.162,
  level: 'http',
  message: 'incoming-request',
  timestamp: '2025-05-23 12:05:18.066 AM'
}
{
  method: 'PUT',
  url: '/api/v1/order/682f918e38eeba4872dff304/pay',
  status: 500,
  content_length: '60',
  response_time: 10.586,
  level: 'http',
  message: 'incoming-request',
  timestamp: '2025-05-23 12:05:18.130 AM'
}
{
  method: 'POST',
  url: '/api/v1/auth/register',
  status: 201,
  content_length: '266',
  response_time: 178.333,
  level: 'http',
  message: 'incoming-request',
  timestamp: '2025-05-23 12:06:01.223 AM'
}
{
  method: 'POST',
  url: '/api/v1/auth/register',
  status: 400,
  content_length: '89',
  response_time: 7.536,
  level: 'http',
  message: 'incoming-request',
  timestamp: '2025-05-23 12:06:01.336 AM'
}
{
  method: 'PUT',
  url: '/api/v1/order/682f91b90b526d505733e1cf/pay',
  status: 200,
  content_length: '593',
  response_time: 26.517,
  level: 'http',
  message: 'incoming-request',
  timestamp: '2025-05-23 12:06:01.414 AM'
}
{
  method: 'POST',
  url: '/api/v1/auth/register',
  status: 201,
  content_length: '266',
  response_time: 82.699,
  level: 'http',
  message: 'incoming-request',
  timestamp: '2025-05-23 12:06:01.526 AM'
}
{
  method: 'PUT',
  url: '/api/v1/order/682f91b90b526d505733e1eb/pay',
  status: 500,
  content_length: '60',
  response_time: 11.303,
  level: 'http',
  message: 'incoming-request',
  timestamp: '2025-05-23 12:06:01.592 AM'
}
{
  method: 'POST',
  url: '/api/v1/auth/register',
  status: 201,
  content_length: '266',
  response_time: 173.299,
  level: 'http',
  message: 'incoming-request',
  timestamp: '2025-05-23 12:06:56.521 AM'
}
{
  method: 'POST',
  url: '/api/v1/auth/register',
  status: 400,
  content_length: '89',
  response_time: 7.704,
  level: 'http',
  message: 'incoming-request',
  timestamp: '2025-05-23 12:06:56.626 AM'
}
{
  method: 'PUT',
  url: '/api/v1/order/682f91f0a374085a4980eaa6/pay',
  status: 200,
  content_length: '593',
  response_time: 26.412,
  level: 'http',
  message: 'incoming-request',
  timestamp: '2025-05-23 12:06:56.706 AM'
}
{
  method: 'POST',
  url: '/api/v1/auth/register',
  status: 201,
  content_length: '266',
  response_time: 83.28,
  level: 'http',
  message: 'incoming-request',
  timestamp: '2025-05-23 12:06:56.819 AM'
}
{
  method: 'PUT',
  url: '/api/v1/order/682f91f0a374085a4980eac2/pay',
  status: 500,
  content_length: '60',
  response_time: 11.798,
  level: 'http',
  message: 'incoming-request',
  timestamp: '2025-05-23 12:06:56.888 AM'
}
{
  method: 'POST',
  url: '/api/v1/auth/register',
  status: 201,
  content_length: '266',
  response_time: 167.866,
  level: 'http',
  message: 'incoming-request',
  timestamp: '2025-05-23 12:07:45.648 AM'
}
{
  method: 'POST',
  url: '/api/v1/auth/register',
  status: 400,
  content_length: '89',
  response_time: 6.68,
  level: 'http',
  message: 'incoming-request',
  timestamp: '2025-05-23 12:07:45.745 AM'
}
{
  method: 'PUT',
  url: '/api/v1/order/682f9221fd30094e76399b71/pay',
  status: 200,
  content_length: '593',
  response_time: 25.162,
  level: 'http',
  message: 'incoming-request',
  timestamp: '2025-05-23 12:07:45.828 AM'
}
{
  method: 'POST',
  url: '/api/v1/auth/register',
  status: 201,
  content_length: '266',
  response_time: 84.077,
  level: 'http',
  message: 'incoming-request',
  timestamp: '2025-05-23 12:07:45.946 AM'
}
{
  method: 'PUT',
  url: '/api/v1/order/682f9221fd30094e76399b8d/pay',
  status: 500,
  content_length: '60',
  response_time: 10.192,
  level: 'http',
  message: 'incoming-request',
  timestamp: '2025-05-23 12:07:46.013 AM'
}
{
  method: 'POST',
  url: '/api/v1/auth/register',
  status: 201,
  content_length: '266',
  response_time: 82.077,
  level: 'http',
  message: 'incoming-request',
  timestamp: '2025-05-23 12:07:46.122 AM'
}
{
  method: 'PUT',
  url: '/api/v1/order/invalid-id/pay',
  status: 500,
  content_length: '143',
  response_time: 6.903,
  level: 'http',
  message: 'incoming-request',
  timestamp: '2025-05-23 12:07:46.184 AM'
}
{
  method: 'POST',
  url: '/api/v1/auth/register',
  status: 201,
  content_length: '266',
  response_time: 189.551,
  level: 'http',
  message: 'incoming-request',
  timestamp: '2025-05-23 12:08:57.935 AM'
}
{
  method: 'POST',
  url: '/api/v1/auth/register',
  status: 400,
  content_length: '89',
  response_time: 8.732,
  level: 'http',
  message: 'incoming-request',
  timestamp: '2025-05-23 12:08:58.041 AM'
}
{
  method: 'PUT',
  url: '/api/v1/order/682f926a5b68f827702b79ab/pay',
  status: 200,
  content_length: '593',
  response_time: 25.804,
  level: 'http',
  message: 'incoming-request',
  timestamp: '2025-05-23 12:08:58.128 AM'
}
{
  method: 'POST',
  url: '/api/v1/auth/register',
  status: 201,
  content_length: '266',
  response_time: 83.744,
  level: 'http',
  message: 'incoming-request',
  timestamp: '2025-05-23 12:08:58.244 AM'
}
{
  method: 'PUT',
  url: '/api/v1/order/682f926a5b68f827702b79c7/pay',
  status: 500,
  content_length: '60',
  response_time: 9.99,
  level: 'http',
  message: 'incoming-request',
  timestamp: '2025-05-23 12:08:58.307 AM'
}
{
  method: 'POST',
  url: '/api/v1/auth/register',
  status: 201,
  content_length: '266',
  response_time: 81.375,
  level: 'http',
  message: 'incoming-request',
  timestamp: '2025-05-23 12:08:58.418 AM'
}
{
  method: 'PUT',
  url: '/api/v1/order/invalid-id/pay',
  status: 500,
  content_length: '143',
  response_time: 7.298,
  level: 'http',
  message: 'incoming-request',
  timestamp: '2025-05-23 12:08:58.481 AM'
}
{
  method: 'POST',
  url: '/api/v1/auth/register',
  status: 201,
  content_length: '266',
  response_time: 82.127,
  level: 'http',
  message: 'incoming-request',
  timestamp: '2025-05-23 12:08:58.589 AM'
}
{
  method: 'PUT',
  url: '/api/v1/order/682f926a5b68f827702b79f2/pay',
  status: 401,
  content_length: '26',
  response_time: 2.156,
  level: 'http',
  message: 'incoming-request',
  timestamp: '2025-05-23 12:08:58.646 AM'
}
