{
  message: 'Server on 1997 running. NodeENV: development  ',
  level: 'info',
  timestamp: '2025-01-08 06:44:10.896 PM'
}
{
  method: 'GET',
  url: '/docs',
  status: 301,
  content_length: 154,
  response_time: 2.05,
  level: 'http',
  message: 'incoming-request',
  timestamp: '2025-01-08 06:44:21.550 PM'
}
{
  method: 'GET',
  url: '/docs/',
  status: 200,
  content_length: '3106',
  response_time: 1.933,
  level: 'http',
  message: 'incoming-request',
  timestamp: '2025-01-08 06:44:21.555 PM'
}
{
  method: 'GET',
  url: '/docs/swagger-ui.css',
  status: 304,
  response_time: 5.626,
  level: 'http',
  message: 'incoming-request',
  timestamp: '2025-01-08 06:44:21.576 PM'
}
{
  method: 'GET',
  url: '/docs/swagger-ui-bundle.js',
  status: 304,
  response_time: 2.385,
  level: 'http',
  message: 'incoming-request',
  timestamp: '2025-01-08 06:44:21.577 PM'
}
{
  method: 'GET',
  url: '/docs/swagger-ui-standalone-preset.js',
  status: 304,
  response_time: 3.574,
  level: 'http',
  message: 'incoming-request',
  timestamp: '2025-01-08 06:44:21.578 PM'
}
{
  method: 'GET',
  url: '/docs/swagger-ui-init.js',
  status: 200,
  content_length: '43592',
  response_time: 0.514,
  level: 'http',
  message: 'incoming-request',
  timestamp: '2025-01-08 06:44:21.744 PM'
}
{
  message: 'Server on 1997 running. NodeENV: development  ',
  level: 'info',
  timestamp: '2025-01-08 06:46:22.662 PM'
}
{
  message: 'Server on 1997 running. NodeENV: development  ',
  level: 'info',
  timestamp: '2025-01-08 06:46:35.637 PM'
}
{
  message: 'Server on 1997 running. NodeENV: development  ',
  level: 'info',
  timestamp: '2025-01-08 06:47:32.503 PM'
}
{
  message: 'Server on 1997 running. NodeENV: development  ',
  level: 'info',
  timestamp: '2025-01-08 06:47:57.453 PM'
}
{
  message: 'Server on 1997 running. NodeENV: development  ',
  level: 'info',
  timestamp: '2025-01-08 06:48:16.893 PM'
}
{
  message: 'Server on 1997 running. NodeENV: development  ',
  level: 'info',
  timestamp: '2025-01-08 06:48:42.310 PM'
}
{
  message: 'Server on 1997 running. NodeENV: development  ',
  level: 'info',
  timestamp: '2025-01-08 06:48:48.961 PM'
}
{
  message: 'Server on 1997 running. NodeENV: development  ',
  level: 'info',
  timestamp: '2025-01-08 06:58:04.395 PM'
}
{
  message: 'Server on 1997 running. NodeENV: development  ',
  level: 'info',
  timestamp: '2025-01-08 06:58:12.083 PM'
}
{
  message: 'Server on 1997 running. NodeENV: development  ',
  level: 'info',
  timestamp: '2025-01-08 06:58:29.138 PM'
}
{
  message: 'Server on 1997 running. NodeENV: development  ',
  level: 'info',
  timestamp: '2025-01-08 06:59:06.105 PM'
}
{
  message: 'Server on 1997 running. NodeENV: development  ',
  level: 'info',
  timestamp: '2025-01-08 06:59:14.958 PM'
}
{
  message: 'Server on 1997 running. NodeENV: development  ',
  level: 'info',
  timestamp: '2025-01-08 06:59:22.443 PM'
}
{
  message: 'Server on 1997 running. NodeENV: development  ',
  level: 'info',
  timestamp: '2025-01-08 06:59:35.917 PM'
}
{
  message: 'Server on 1997 running. NodeENV: development  ',
  level: 'info',
  timestamp: '2025-01-08 06:59:59.943 PM'
}
{
  message: 'Server on 1997 running. NodeENV: development  ',
  level: 'info',
  timestamp: '2025-01-08 07:02:36.565 PM'
}
{
  message: 'Server on 1997 running. NodeENV: development  ',
  level: 'info',
  timestamp: '2025-01-08 07:04:58.743 PM'
}
{
  message: 'Server on 1997 running. NodeENV: development  ',
  level: 'info',
  timestamp: '2025-01-08 07:05:11.395 PM'
}
{
  message: 'Server on 1997 running. NodeENV: development  ',
  level: 'info',
  timestamp: '2025-01-08 07:05:18.780 PM'
}
{
  message: 'Server on 1997 running. NodeENV: development  ',
  level: 'info',
  timestamp: '2025-01-08 07:10:13.065 PM'
}
{
  message: 'Server on 1997 running. NodeENV: development  ',
  level: 'info',
  timestamp: '2025-01-08 07:10:22.661 PM'
}
{
  message: 'Server on 1997 running. NodeENV: development  ',
  level: 'info',
  timestamp: '2025-01-08 07:14:47.480 PM'
}
{
  message: 'Server on 1997 running. NodeENV: development  ',
  level: 'info',
  timestamp: '2025-01-08 07:15:01.425 PM'
}
{
  message: 'Server on 1997 running. NodeENV: development  ',
  level: 'info',
  timestamp: '2025-01-08 07:15:27.457 PM'
}
{
  message: 'Server on 1997 running. NodeENV: development  ',
  level: 'info',
  timestamp: '2025-01-08 07:19:00.956 PM'
}
{
  message: 'Server on 1997 running. NodeENV: development  ',
  level: 'info',
  timestamp: '2025-01-08 07:19:08.875 PM'
}
{
  message: 'Server on 1997 running. NodeENV: development  ',
  level: 'info',
  timestamp: '2025-01-08 07:19:19.026 PM'
}
{
  message: 'Server on 1997 running. NodeENV: development  ',
  level: 'info',
  timestamp: '2025-01-08 07:19:31.350 PM'
}
{
  message: 'Server on 1997 running. NodeENV: development  ',
  level: 'info',
  timestamp: '2025-01-08 07:21:26.870 PM'
}
{
  message: 'Server on 1997 running. NodeENV: development  ',
  level: 'info',
  timestamp: '2025-01-08 07:21:46.454 PM'
}
{
  message: 'Server on 1997 running. NodeENV: development  ',
  level: 'info',
  timestamp: '2025-01-08 07:21:55.096 PM'
}
{
  message: 'Server on 1997 running. NodeENV: development  ',
  level: 'info',
  timestamp: '2025-01-08 07:22:19.401 PM'
}
{
  message: 'Server on 1997 running. NodeENV: development  ',
  level: 'info',
  timestamp: '2025-01-08 07:22:48.989 PM'
}
{
  message: 'Server on 1997 running. NodeENV: development  ',
  level: 'info',
  timestamp: '2025-01-08 07:23:01.374 PM'
}
{
  message: 'Server on 1997 running. NodeENV: development  ',
  level: 'info',
  timestamp: '2025-01-08 07:23:22.965 PM'
}
{
  message: 'Server on 1997 running. NodeENV: development  ',
  level: 'info',
  timestamp: '2025-01-08 07:23:40.994 PM'
}
{
  message: 'Server on 1997 running. NodeENV: development  ',
  level: 'info',
  timestamp: '2025-01-08 07:23:55.663 PM'
}
{
  method: 'GET',
  url: '/docs/',
  status: 200,
  content_length: '3106',
  response_time: 2.725,
  level: 'http',
  message: 'incoming-request',
  timestamp: '2025-01-08 07:48:36.849 PM'
}
{
  method: 'GET',
  url: '/docs/swagger-ui.css',
  status: 304,
  response_time: 2.819,
  level: 'http',
  message: 'incoming-request',
  timestamp: '2025-01-08 07:48:37.084 PM'
}
{
  method: 'GET',
  url: '/docs/swagger-ui-init.js',
  status: 304,
  response_time: 0.343,
  level: 'http',
  message: 'incoming-request',
  timestamp: '2025-01-08 07:48:37.090 PM'
}
{
  method: 'GET',
  url: '/docs/swagger-ui-bundle.js',
  status: 304,
  response_time: 1.557,
  level: 'http',
  message: 'incoming-request',
  timestamp: '2025-01-08 07:48:37.091 PM'
}
{
  method: 'GET',
  url: '/docs/swagger-ui-standalone-preset.js',
  status: 304,
  response_time: 1.205,
  level: 'http',
  message: 'incoming-request',
  timestamp: '2025-01-08 07:48:37.092 PM'
}
{
  method: 'GET',
  url: '/docs/favicon-32x32.png',
  status: 200,
  content_length: 628,
  response_time: 3.618,
  level: 'http',
  message: 'incoming-request',
  timestamp: '2025-01-08 07:48:37.283 PM'
}
{
  message: 'Server on 1997 running. NodeENV: development  ',
  level: 'info',
  timestamp: '2025-01-08 07:49:12.339 PM'
}
{
  message: 'Server on 1997 running. NodeENV: development  ',
  level: 'info',
  timestamp: '2025-01-08 07:49:21.665 PM'
}
{
  message: 'Server on 1997 running. NodeENV: development  ',
  level: 'info',
  timestamp: '2025-01-08 07:49:36.667 PM'
}
{
  method: 'GET',
  url: '/docs/',
  status: 304,
  response_time: 2.68,
  level: 'http',
  message: 'incoming-request',
  timestamp: '2025-01-08 07:50:05.509 PM'
}
{
  method: 'GET',
  url: '/docs/swagger-ui.css',
  status: 304,
  response_time: 1.195,
  level: 'http',
  message: 'incoming-request',
  timestamp: '2025-01-08 07:50:05.576 PM'
}
{
  method: 'GET',
  url: '/docs/swagger-ui-init.js',
  status: 200,
  content_length: '47438',
  response_time: 0.249,
  level: 'http',
  message: 'incoming-request',
  timestamp: '2025-01-08 07:50:05.615 PM'
}
{
  method: 'GET',
  url: '/docs/swagger-ui-bundle.js',
  status: 304,
  response_time: 2.632,
  level: 'http',
  message: 'incoming-request',
  timestamp: '2025-01-08 07:50:05.615 PM'
}
{
  method: 'GET',
  url: '/docs/swagger-ui-standalone-preset.js',
  status: 304,
  response_time: 1.575,
  level: 'http',
  message: 'incoming-request',
  timestamp: '2025-01-08 07:50:05.616 PM'
}
{
  method: 'GET',
  url: '/docs/favicon-32x32.png',
  status: 304,
  response_time: 0.453,
  level: 'http',
  message: 'incoming-request',
  timestamp: '2025-01-08 07:50:05.898 PM'
}
{
  message: 'Server on 1997 running. NodeENV: development  ',
  level: 'info',
  timestamp: '2025-01-08 07:50:06.049 PM'
}
{
  error: CastError: Cast to ObjectId failed for value "string" (type string) at path "_id" for model "Property"
      at SchemaObjectId.cast (D:\Projects\mern-project-typescript\node_modules\mongoose\lib\schema\objectId.js:250:11)
      at SchemaObjectId.SchemaType.applySetters (D:\Projects\mern-project-typescript\node_modules\mongoose\lib\schemaType.js:1236:12)
      at SchemaObjectId.SchemaType.castForQuery (D:\Projects\mern-project-typescript\node_modules\mongoose\lib\schemaType.js:1653:17)
      at D:\Projects\mern-project-typescript\node_modules\mongoose\lib\schemaType.js:1614:18
      at Array.map (<anonymous>)
      at SchemaObjectId.handle$in (D:\Projects\mern-project-typescript\node_modules\mongoose\lib\schemaType.js:1610:14)
      at SchemaObjectId.SchemaType.castForQuery (D:\Projects\mern-project-typescript\node_modules\mongoose\lib\schemaType.js:1649:20)
      at cast (D:\Projects\mern-project-typescript\node_modules\mongoose\lib\cast.js:367:39)
      at model.Query.Query.cast (D:\Projects\mern-project-typescript\node_modules\mongoose\lib\query.js:4908:12)
      at model.Query.Query._castConditions (D:\Projects\mern-project-typescript\node_modules\mongoose\lib\query.js:2302:10) {
    stringValue: '"string"',
    messageFormat: undefined,
    kind: 'ObjectId',
    value: 'string',
    path: '_id',
    reason: BSONError: input must be a 24 character hex string, 12 byte Uint8Array, or an integer
        at new ObjectId (D:\Projects\mern-project-typescript\node_modules\bson\src\objectid.ts:115:15)
        at castObjectId (D:\Projects\mern-project-typescript\node_modules\mongoose\lib\cast\objectid.js:25:12)
        at SchemaObjectId.cast (D:\Projects\mern-project-typescript\node_modules\mongoose\lib\schema\objectId.js:248:12)
        at SchemaObjectId.SchemaType.applySetters (D:\Projects\mern-project-typescript\node_modules\mongoose\lib\schemaType.js:1236:12)
        at SchemaObjectId.SchemaType.castForQuery (D:\Projects\mern-project-typescript\node_modules\mongoose\lib\schemaType.js:1653:17)
        at D:\Projects\mern-project-typescript\node_modules\mongoose\lib\schemaType.js:1614:18
        at Array.map (<anonymous>)
        at SchemaObjectId.handle$in (D:\Projects\mern-project-typescript\node_modules\mongoose\lib\schemaType.js:1610:14)
        at SchemaObjectId.SchemaType.castForQuery (D:\Projects\mern-project-typescript\node_modules\mongoose\lib\schemaType.js:1649:20)
        at cast (D:\Projects\mern-project-typescript\node_modules\mongoose\lib\cast.js:367:39),
    valueType: 'string'
  },
  level: 'error',
  message: 'unhandledRejection: Cast to ObjectId failed for value "string" (type string) at path "_id" for model "Property"\n' +
    'CastError: Cast to ObjectId failed for value "string" (type string) at path "_id" for model "Property"\n' +
    '    at SchemaObjectId.cast (D:\\Projects\\mern-project-typescript\\node_modules\\mongoose\\lib\\schema\\objectId.js:250:11)\n' +
    '    at SchemaObjectId.SchemaType.applySetters (D:\\Projects\\mern-project-typescript\\node_modules\\mongoose\\lib\\schemaType.js:1236:12)\n' +
    '    at SchemaObjectId.SchemaType.castForQuery (D:\\Projects\\mern-project-typescript\\node_modules\\mongoose\\lib\\schemaType.js:1653:17)\n' +
    '    at D:\\Projects\\mern-project-typescript\\node_modules\\mongoose\\lib\\schemaType.js:1614:18\n' +
    '    at Array.map (<anonymous>)\n' +
    '    at SchemaObjectId.handle$in (D:\\Projects\\mern-project-typescript\\node_modules\\mongoose\\lib\\schemaType.js:1610:14)\n' +
    '    at SchemaObjectId.SchemaType.castForQuery (D:\\Projects\\mern-project-typescript\\node_modules\\mongoose\\lib\\schemaType.js:1649:20)\n' +
    '    at cast (D:\\Projects\\mern-project-typescript\\node_modules\\mongoose\\lib\\cast.js:367:39)\n' +
    '    at model.Query.Query.cast (D:\\Projects\\mern-project-typescript\\node_modules\\mongoose\\lib\\query.js:4908:12)\n' +
    '    at model.Query.Query._castConditions (D:\\Projects\\mern-project-typescript\\node_modules\\mongoose\\lib\\query.js:2302:10)',
  stack: 'CastError: Cast to ObjectId failed for value "string" (type string) at path "_id" for model "Property"\n' +
    '    at SchemaObjectId.cast (D:\\Projects\\mern-project-typescript\\node_modules\\mongoose\\lib\\schema\\objectId.js:250:11)\n' +
    '    at SchemaObjectId.SchemaType.applySetters (D:\\Projects\\mern-project-typescript\\node_modules\\mongoose\\lib\\schemaType.js:1236:12)\n' +
    '    at SchemaObjectId.SchemaType.castForQuery (D:\\Projects\\mern-project-typescript\\node_modules\\mongoose\\lib\\schemaType.js:1653:17)\n' +
    '    at D:\\Projects\\mern-project-typescript\\node_modules\\mongoose\\lib\\schemaType.js:1614:18\n' +
    '    at Array.map (<anonymous>)\n' +
    '    at SchemaObjectId.handle$in (D:\\Projects\\mern-project-typescript\\node_modules\\mongoose\\lib\\schemaType.js:1610:14)\n' +
    '    at SchemaObjectId.SchemaType.castForQuery (D:\\Projects\\mern-project-typescript\\node_modules\\mongoose\\lib\\schemaType.js:1649:20)\n' +
    '    at cast (D:\\Projects\\mern-project-typescript\\node_modules\\mongoose\\lib\\cast.js:367:39)\n' +
    '    at model.Query.Query.cast (D:\\Projects\\mern-project-typescript\\node_modules\\mongoose\\lib\\query.js:4908:12)\n' +
    '    at model.Query.Query._castConditions (D:\\Projects\\mern-project-typescript\\node_modules\\mongoose\\lib\\query.js:2302:10)',
  rejection: true,
  date: 'Wed Jan 08 2025 19:50:23 GMT+0200 (Восточная Европа, стандартное время)',
  process: {
    pid: 77468,
    uid: null,
    gid: null,
    cwd: 'D:\\Projects\\mern-project-typescript',
    execPath: 'C:\\Program Files\\nodejs\\node.exe',
    version: 'v20.12.2',
    argv: [
      'D:\\Projects\\mern-project-typescript\\node_modules\\ts-node\\dist\\bin.js',
      'D:\\Projects\\mern-project-typescript\\backend\\server.ts'
    ],
    memoryUsage: {
      rss: 452706304,
      heapTotal: 399527936,
      heapUsed: 389290808,
      external: 24929024,
      arrayBuffers: 21901282
    }
  },
  os: { loadavg: [ 0, 0, 0 ], uptime: 762566.468 },
  trace: [
    {
      column: 11,
      file: 'D:\\Projects\\mern-project-typescript\\node_modules\\mongoose\\lib\\schema\\objectId.js',
      function: 'SchemaObjectId.cast',
      line: 250,
      method: 'cast',
      native: false
    },
    {
      column: 12,
      file: 'D:\\Projects\\mern-project-typescript\\node_modules\\mongoose\\lib\\schemaType.js',
      function: 'SchemaObjectId.SchemaType.applySetters',
      line: 1236,
      method: 'applySetters',
      native: false
    },
    {
      column: 17,
      file: 'D:\\Projects\\mern-project-typescript\\node_modules\\mongoose\\lib\\schemaType.js',
      function: 'SchemaObjectId.SchemaType.castForQuery',
      line: 1653,
      method: 'castForQuery',
      native: false
    },
    {
      column: 18,
      file: 'D:\\Projects\\mern-project-typescript\\node_modules\\mongoose\\lib\\schemaType.js',
      function: null,
      line: 1614,
      method: null,
      native: false
    },
    {
      column: null,
      file: null,
      function: 'Array.map',
      line: null,
      method: 'map',
      native: false
    },
    {
      column: 14,
      file: 'D:\\Projects\\mern-project-typescript\\node_modules\\mongoose\\lib\\schemaType.js',
      function: 'SchemaObjectId.handle$in',
      line: 1610,
      method: 'handle$in',
      native: false
    },
    {
      column: 20,
      file: 'D:\\Projects\\mern-project-typescript\\node_modules\\mongoose\\lib\\schemaType.js',
      function: 'SchemaObjectId.SchemaType.castForQuery',
      line: 1649,
      method: 'castForQuery',
      native: false
    },
    {
      column: 39,
      file: 'D:\\Projects\\mern-project-typescript\\node_modules\\mongoose\\lib\\cast.js',
      function: 'cast',
      line: 367,
      method: null,
      native: false
    },
    {
      column: 12,
      file: 'D:\\Projects\\mern-project-typescript\\node_modules\\mongoose\\lib\\query.js',
      function: 'model.Query.Query.cast',
      line: 4908,
      method: 'cast',
      native: false
    },
    {
      column: 10,
      file: 'D:\\Projects\\mern-project-typescript\\node_modules\\mongoose\\lib\\query.js',
      function: 'model.Query.Query._castConditions',
      line: 2302,
      method: '_castConditions',
      native: false
    }
  ],
  timestamp: '2025-01-08 07:50:23.013 PM'
}
{
  method: 'GET',
  url: '/docs/',
  status: 304,
  response_time: 2.763,
  level: 'http',
  message: 'incoming-request',
  timestamp: '2025-01-08 07:50:47.556 PM'
}
{
  method: 'GET',
  url: '/docs/swagger-ui.css',
  status: 304,
  response_time: 2.764,
  level: 'http',
  message: 'incoming-request',
  timestamp: '2025-01-08 07:50:47.610 PM'
}
{
  method: 'GET',
  url: '/docs/swagger-ui-bundle.js',
  status: 304,
  response_time: 1.322,
  level: 'http',
  message: 'incoming-request',
  timestamp: '2025-01-08 07:50:47.620 PM'
}
{
  method: 'GET',
  url: '/docs/swagger-ui-standalone-preset.js',
  status: 304,
  response_time: 1.397,
  level: 'http',
  message: 'incoming-request',
  timestamp: '2025-01-08 07:50:47.621 PM'
}
{
  method: 'GET',
  url: '/docs/swagger-ui-init.js',
  status: 200,
  content_length: '47437',
  response_time: 0.32,
  level: 'http',
  message: 'incoming-request',
  timestamp: '2025-01-08 07:50:47.721 PM'
}
{
  method: 'GET',
  url: '/docs/favicon-32x32.png',
  status: 304,
  response_time: 0.335,
  level: 'http',
  message: 'incoming-request',
  timestamp: '2025-01-08 07:50:48.022 PM'
}
{
  message: 'Server on 1997 running. NodeENV: development  ',
  level: 'info',
  timestamp: '2025-01-08 07:50:48.150 PM'
}
{
  error: CastError: Cast to ObjectId failed for value "string" (type string) at path "_id" for model "Property"
      at SchemaObjectId.cast (D:\Projects\mern-project-typescript\node_modules\mongoose\lib\schema\objectId.js:250:11)
      at SchemaObjectId.SchemaType.applySetters (D:\Projects\mern-project-typescript\node_modules\mongoose\lib\schemaType.js:1236:12)
      at SchemaObjectId.SchemaType.castForQuery (D:\Projects\mern-project-typescript\node_modules\mongoose\lib\schemaType.js:1653:17)
      at D:\Projects\mern-project-typescript\node_modules\mongoose\lib\schemaType.js:1614:18
      at Array.map (<anonymous>)
      at SchemaObjectId.handle$in (D:\Projects\mern-project-typescript\node_modules\mongoose\lib\schemaType.js:1610:14)
      at SchemaObjectId.SchemaType.castForQuery (D:\Projects\mern-project-typescript\node_modules\mongoose\lib\schemaType.js:1649:20)
      at cast (D:\Projects\mern-project-typescript\node_modules\mongoose\lib\cast.js:367:39)
      at model.Query.Query.cast (D:\Projects\mern-project-typescript\node_modules\mongoose\lib\query.js:4908:12)
      at model.Query.Query._castConditions (D:\Projects\mern-project-typescript\node_modules\mongoose\lib\query.js:2302:10) {
    stringValue: '"string"',
    messageFormat: undefined,
    kind: 'ObjectId',
    value: 'string',
    path: '_id',
    reason: BSONError: input must be a 24 character hex string, 12 byte Uint8Array, or an integer
        at new ObjectId (D:\Projects\mern-project-typescript\node_modules\bson\src\objectid.ts:115:15)
        at castObjectId (D:\Projects\mern-project-typescript\node_modules\mongoose\lib\cast\objectid.js:25:12)
        at SchemaObjectId.cast (D:\Projects\mern-project-typescript\node_modules\mongoose\lib\schema\objectId.js:248:12)
        at SchemaObjectId.SchemaType.applySetters (D:\Projects\mern-project-typescript\node_modules\mongoose\lib\schemaType.js:1236:12)
        at SchemaObjectId.SchemaType.castForQuery (D:\Projects\mern-project-typescript\node_modules\mongoose\lib\schemaType.js:1653:17)
        at D:\Projects\mern-project-typescript\node_modules\mongoose\lib\schemaType.js:1614:18
        at Array.map (<anonymous>)
        at SchemaObjectId.handle$in (D:\Projects\mern-project-typescript\node_modules\mongoose\lib\schemaType.js:1610:14)
        at SchemaObjectId.SchemaType.castForQuery (D:\Projects\mern-project-typescript\node_modules\mongoose\lib\schemaType.js:1649:20)
        at cast (D:\Projects\mern-project-typescript\node_modules\mongoose\lib\cast.js:367:39),
    valueType: 'string'
  },
  level: 'error',
  message: 'unhandledRejection: Cast to ObjectId failed for value "string" (type string) at path "_id" for model "Property"\n' +
    'CastError: Cast to ObjectId failed for value "string" (type string) at path "_id" for model "Property"\n' +
    '    at SchemaObjectId.cast (D:\\Projects\\mern-project-typescript\\node_modules\\mongoose\\lib\\schema\\objectId.js:250:11)\n' +
    '    at SchemaObjectId.SchemaType.applySetters (D:\\Projects\\mern-project-typescript\\node_modules\\mongoose\\lib\\schemaType.js:1236:12)\n' +
    '    at SchemaObjectId.SchemaType.castForQuery (D:\\Projects\\mern-project-typescript\\node_modules\\mongoose\\lib\\schemaType.js:1653:17)\n' +
    '    at D:\\Projects\\mern-project-typescript\\node_modules\\mongoose\\lib\\schemaType.js:1614:18\n' +
    '    at Array.map (<anonymous>)\n' +
    '    at SchemaObjectId.handle$in (D:\\Projects\\mern-project-typescript\\node_modules\\mongoose\\lib\\schemaType.js:1610:14)\n' +
    '    at SchemaObjectId.SchemaType.castForQuery (D:\\Projects\\mern-project-typescript\\node_modules\\mongoose\\lib\\schemaType.js:1649:20)\n' +
    '    at cast (D:\\Projects\\mern-project-typescript\\node_modules\\mongoose\\lib\\cast.js:367:39)\n' +
    '    at model.Query.Query.cast (D:\\Projects\\mern-project-typescript\\node_modules\\mongoose\\lib\\query.js:4908:12)\n' +
    '    at model.Query.Query._castConditions (D:\\Projects\\mern-project-typescript\\node_modules\\mongoose\\lib\\query.js:2302:10)',
  stack: 'CastError: Cast to ObjectId failed for value "string" (type string) at path "_id" for model "Property"\n' +
    '    at SchemaObjectId.cast (D:\\Projects\\mern-project-typescript\\node_modules\\mongoose\\lib\\schema\\objectId.js:250:11)\n' +
    '    at SchemaObjectId.SchemaType.applySetters (D:\\Projects\\mern-project-typescript\\node_modules\\mongoose\\lib\\schemaType.js:1236:12)\n' +
    '    at SchemaObjectId.SchemaType.castForQuery (D:\\Projects\\mern-project-typescript\\node_modules\\mongoose\\lib\\schemaType.js:1653:17)\n' +
    '    at D:\\Projects\\mern-project-typescript\\node_modules\\mongoose\\lib\\schemaType.js:1614:18\n' +
    '    at Array.map (<anonymous>)\n' +
    '    at SchemaObjectId.handle$in (D:\\Projects\\mern-project-typescript\\node_modules\\mongoose\\lib\\schemaType.js:1610:14)\n' +
    '    at SchemaObjectId.SchemaType.castForQuery (D:\\Projects\\mern-project-typescript\\node_modules\\mongoose\\lib\\schemaType.js:1649:20)\n' +
    '    at cast (D:\\Projects\\mern-project-typescript\\node_modules\\mongoose\\lib\\cast.js:367:39)\n' +
    '    at model.Query.Query.cast (D:\\Projects\\mern-project-typescript\\node_modules\\mongoose\\lib\\query.js:4908:12)\n' +
    '    at model.Query.Query._castConditions (D:\\Projects\\mern-project-typescript\\node_modules\\mongoose\\lib\\query.js:2302:10)',
  rejection: true,
  date: 'Wed Jan 08 2025 19:51:29 GMT+0200 (Восточная Европа, стандартное время)',
  process: {
    pid: 100384,
    uid: null,
    gid: null,
    cwd: 'D:\\Projects\\mern-project-typescript',
    execPath: 'C:\\Program Files\\nodejs\\node.exe',
    version: 'v20.12.2',
    argv: [
      'D:\\Projects\\mern-project-typescript\\node_modules\\ts-node\\dist\\bin.js',
      'D:\\Projects\\mern-project-typescript\\backend\\server.ts'
    ],
    memoryUsage: {
      rss: 452751360,
      heapTotal: 399265792,
      heapUsed: 389120992,
      external: 24953648,
      arrayBuffers: 21925906
    }
  },
  os: { loadavg: [ 0, 0, 0 ], uptime: 762633.031 },
  trace: [
    {
      column: 11,
      file: 'D:\\Projects\\mern-project-typescript\\node_modules\\mongoose\\lib\\schema\\objectId.js',
      function: 'SchemaObjectId.cast',
      line: 250,
      method: 'cast',
      native: false
    },
    {
      column: 12,
      file: 'D:\\Projects\\mern-project-typescript\\node_modules\\mongoose\\lib\\schemaType.js',
      function: 'SchemaObjectId.SchemaType.applySetters',
      line: 1236,
      method: 'applySetters',
      native: false
    },
    {
      column: 17,
      file: 'D:\\Projects\\mern-project-typescript\\node_modules\\mongoose\\lib\\schemaType.js',
      function: 'SchemaObjectId.SchemaType.castForQuery',
      line: 1653,
      method: 'castForQuery',
      native: false
    },
    {
      column: 18,
      file: 'D:\\Projects\\mern-project-typescript\\node_modules\\mongoose\\lib\\schemaType.js',
      function: null,
      line: 1614,
      method: null,
      native: false
    },
    {
      column: null,
      file: null,
      function: 'Array.map',
      line: null,
      method: 'map',
      native: false
    },
    {
      column: 14,
      file: 'D:\\Projects\\mern-project-typescript\\node_modules\\mongoose\\lib\\schemaType.js',
      function: 'SchemaObjectId.handle$in',
      line: 1610,
      method: 'handle$in',
      native: false
    },
    {
      column: 20,
      file: 'D:\\Projects\\mern-project-typescript\\node_modules\\mongoose\\lib\\schemaType.js',
      function: 'SchemaObjectId.SchemaType.castForQuery',
      line: 1649,
      method: 'castForQuery',
      native: false
    },
    {
      column: 39,
      file: 'D:\\Projects\\mern-project-typescript\\node_modules\\mongoose\\lib\\cast.js',
      function: 'cast',
      line: 367,
      method: null,
      native: false
    },
    {
      column: 12,
      file: 'D:\\Projects\\mern-project-typescript\\node_modules\\mongoose\\lib\\query.js',
      function: 'model.Query.Query.cast',
      line: 4908,
      method: 'cast',
      native: false
    },
    {
      column: 10,
      file: 'D:\\Projects\\mern-project-typescript\\node_modules\\mongoose\\lib\\query.js',
      function: 'model.Query.Query._castConditions',
      line: 2302,
      method: '_castConditions',
      native: false
    }
  ],
  timestamp: '2025-01-08 07:51:29.576 PM'
}
{
  message: 'Server on 1997 running. NodeENV: development  ',
  level: 'info',
  timestamp: '2025-01-08 07:51:58.164 PM'
}
{
  method: 'GET',
  url: '/docs/',
  status: 304,
  response_time: 2.782,
  level: 'http',
  message: 'incoming-request',
  timestamp: '2025-01-08 07:52:37.093 PM'
}
{
  method: 'GET',
  url: '/docs/swagger-ui.css',
  status: 304,
  response_time: 1.165,
  level: 'http',
  message: 'incoming-request',
  timestamp: '2025-01-08 07:52:37.125 PM'
}
{
  method: 'GET',
  url: '/docs/swagger-ui-init.js',
  status: 304,
  response_time: 0.349,
  level: 'http',
  message: 'incoming-request',
  timestamp: '2025-01-08 07:52:37.131 PM'
}
{
  method: 'GET',
  url: '/docs/swagger-ui-bundle.js',
  status: 304,
  response_time: 3.464,
  level: 'http',
  message: 'incoming-request',
  timestamp: '2025-01-08 07:52:37.132 PM'
}
{
  method: 'GET',
  url: '/docs/swagger-ui-standalone-preset.js',
  status: 304,
  response_time: 1.435,
  level: 'http',
  message: 'incoming-request',
  timestamp: '2025-01-08 07:52:37.133 PM'
}
{
  method: 'GET',
  url: '/docs/favicon-32x32.png',
  status: 304,
  response_time: 2.093,
  level: 'http',
  message: 'incoming-request',
  timestamp: '2025-01-08 07:52:37.430 PM'
}
{
  error: CastError: Cast to ObjectId failed for value "string" (type string) at path "_id" for model "Property"
      at SchemaObjectId.cast (D:\Projects\mern-project-typescript\node_modules\mongoose\lib\schema\objectId.js:250:11)
      at SchemaObjectId.SchemaType.applySetters (D:\Projects\mern-project-typescript\node_modules\mongoose\lib\schemaType.js:1236:12)
      at SchemaObjectId.SchemaType.castForQuery (D:\Projects\mern-project-typescript\node_modules\mongoose\lib\schemaType.js:1653:17)
      at D:\Projects\mern-project-typescript\node_modules\mongoose\lib\schemaType.js:1614:18
      at Array.map (<anonymous>)
      at SchemaObjectId.handle$in (D:\Projects\mern-project-typescript\node_modules\mongoose\lib\schemaType.js:1610:14)
      at SchemaObjectId.SchemaType.castForQuery (D:\Projects\mern-project-typescript\node_modules\mongoose\lib\schemaType.js:1649:20)
      at cast (D:\Projects\mern-project-typescript\node_modules\mongoose\lib\cast.js:367:39)
      at model.Query.Query.cast (D:\Projects\mern-project-typescript\node_modules\mongoose\lib\query.js:4908:12)
      at model.Query.Query._castConditions (D:\Projects\mern-project-typescript\node_modules\mongoose\lib\query.js:2302:10) {
    stringValue: '"string"',
    messageFormat: undefined,
    kind: 'ObjectId',
    value: 'string',
    path: '_id',
    reason: BSONError: input must be a 24 character hex string, 12 byte Uint8Array, or an integer
        at new ObjectId (D:\Projects\mern-project-typescript\node_modules\bson\src\objectid.ts:115:15)
        at castObjectId (D:\Projects\mern-project-typescript\node_modules\mongoose\lib\cast\objectid.js:25:12)
        at SchemaObjectId.cast (D:\Projects\mern-project-typescript\node_modules\mongoose\lib\schema\objectId.js:248:12)
        at SchemaObjectId.SchemaType.applySetters (D:\Projects\mern-project-typescript\node_modules\mongoose\lib\schemaType.js:1236:12)
        at SchemaObjectId.SchemaType.castForQuery (D:\Projects\mern-project-typescript\node_modules\mongoose\lib\schemaType.js:1653:17)
        at D:\Projects\mern-project-typescript\node_modules\mongoose\lib\schemaType.js:1614:18
        at Array.map (<anonymous>)
        at SchemaObjectId.handle$in (D:\Projects\mern-project-typescript\node_modules\mongoose\lib\schemaType.js:1610:14)
        at SchemaObjectId.SchemaType.castForQuery (D:\Projects\mern-project-typescript\node_modules\mongoose\lib\schemaType.js:1649:20)
        at cast (D:\Projects\mern-project-typescript\node_modules\mongoose\lib\cast.js:367:39),
    valueType: 'string'
  },
  level: 'error',
  message: 'unhandledRejection: Cast to ObjectId failed for value "string" (type string) at path "_id" for model "Property"\n' +
    'CastError: Cast to ObjectId failed for value "string" (type string) at path "_id" for model "Property"\n' +
    '    at SchemaObjectId.cast (D:\\Projects\\mern-project-typescript\\node_modules\\mongoose\\lib\\schema\\objectId.js:250:11)\n' +
    '    at SchemaObjectId.SchemaType.applySetters (D:\\Projects\\mern-project-typescript\\node_modules\\mongoose\\lib\\schemaType.js:1236:12)\n' +
    '    at SchemaObjectId.SchemaType.castForQuery (D:\\Projects\\mern-project-typescript\\node_modules\\mongoose\\lib\\schemaType.js:1653:17)\n' +
    '    at D:\\Projects\\mern-project-typescript\\node_modules\\mongoose\\lib\\schemaType.js:1614:18\n' +
    '    at Array.map (<anonymous>)\n' +
    '    at SchemaObjectId.handle$in (D:\\Projects\\mern-project-typescript\\node_modules\\mongoose\\lib\\schemaType.js:1610:14)\n' +
    '    at SchemaObjectId.SchemaType.castForQuery (D:\\Projects\\mern-project-typescript\\node_modules\\mongoose\\lib\\schemaType.js:1649:20)\n' +
    '    at cast (D:\\Projects\\mern-project-typescript\\node_modules\\mongoose\\lib\\cast.js:367:39)\n' +
    '    at model.Query.Query.cast (D:\\Projects\\mern-project-typescript\\node_modules\\mongoose\\lib\\query.js:4908:12)\n' +
    '    at model.Query.Query._castConditions (D:\\Projects\\mern-project-typescript\\node_modules\\mongoose\\lib\\query.js:2302:10)',
  stack: 'CastError: Cast to ObjectId failed for value "string" (type string) at path "_id" for model "Property"\n' +
    '    at SchemaObjectId.cast (D:\\Projects\\mern-project-typescript\\node_modules\\mongoose\\lib\\schema\\objectId.js:250:11)\n' +
    '    at SchemaObjectId.SchemaType.applySetters (D:\\Projects\\mern-project-typescript\\node_modules\\mongoose\\lib\\schemaType.js:1236:12)\n' +
    '    at SchemaObjectId.SchemaType.castForQuery (D:\\Projects\\mern-project-typescript\\node_modules\\mongoose\\lib\\schemaType.js:1653:17)\n' +
    '    at D:\\Projects\\mern-project-typescript\\node_modules\\mongoose\\lib\\schemaType.js:1614:18\n' +
    '    at Array.map (<anonymous>)\n' +
    '    at SchemaObjectId.handle$in (D:\\Projects\\mern-project-typescript\\node_modules\\mongoose\\lib\\schemaType.js:1610:14)\n' +
    '    at SchemaObjectId.SchemaType.castForQuery (D:\\Projects\\mern-project-typescript\\node_modules\\mongoose\\lib\\schemaType.js:1649:20)\n' +
    '    at cast (D:\\Projects\\mern-project-typescript\\node_modules\\mongoose\\lib\\cast.js:367:39)\n' +
    '    at model.Query.Query.cast (D:\\Projects\\mern-project-typescript\\node_modules\\mongoose\\lib\\query.js:4908:12)\n' +
    '    at model.Query.Query._castConditions (D:\\Projects\\mern-project-typescript\\node_modules\\mongoose\\lib\\query.js:2302:10)',
  rejection: true,
  date: 'Wed Jan 08 2025 19:52:42 GMT+0200 (Восточная Европа, стандартное время)',
  process: {
    pid: 17500,
    uid: null,
    gid: null,
    cwd: 'D:\\Projects\\mern-project-typescript',
    execPath: 'C:\\Program Files\\nodejs\\node.exe',
    version: 'v20.12.2',
    argv: [
      'D:\\Projects\\mern-project-typescript\\node_modules\\ts-node\\dist\\bin.js',
      'D:\\Projects\\mern-project-typescript\\backend\\server.ts'
    ],
    memoryUsage: {
      rss: 451620864,
      heapTotal: 399527936,
      heapUsed: 389368248,
      external: 24945292,
      arrayBuffers: 21917550
    }
  },
  os: { loadavg: [ 0, 0, 0 ], uptime: 762705.64 },
  trace: [
    {
      column: 11,
      file: 'D:\\Projects\\mern-project-typescript\\node_modules\\mongoose\\lib\\schema\\objectId.js',
      function: 'SchemaObjectId.cast',
      line: 250,
      method: 'cast',
      native: false
    },
    {
      column: 12,
      file: 'D:\\Projects\\mern-project-typescript\\node_modules\\mongoose\\lib\\schemaType.js',
      function: 'SchemaObjectId.SchemaType.applySetters',
      line: 1236,
      method: 'applySetters',
      native: false
    },
    {
      column: 17,
      file: 'D:\\Projects\\mern-project-typescript\\node_modules\\mongoose\\lib\\schemaType.js',
      function: 'SchemaObjectId.SchemaType.castForQuery',
      line: 1653,
      method: 'castForQuery',
      native: false
    },
    {
      column: 18,
      file: 'D:\\Projects\\mern-project-typescript\\node_modules\\mongoose\\lib\\schemaType.js',
      function: null,
      line: 1614,
      method: null,
      native: false
    },
    {
      column: null,
      file: null,
      function: 'Array.map',
      line: null,
      method: 'map',
      native: false
    },
    {
      column: 14,
      file: 'D:\\Projects\\mern-project-typescript\\node_modules\\mongoose\\lib\\schemaType.js',
      function: 'SchemaObjectId.handle$in',
      line: 1610,
      method: 'handle$in',
      native: false
    },
    {
      column: 20,
      file: 'D:\\Projects\\mern-project-typescript\\node_modules\\mongoose\\lib\\schemaType.js',
      function: 'SchemaObjectId.SchemaType.castForQuery',
      line: 1649,
      method: 'castForQuery',
      native: false
    },
    {
      column: 39,
      file: 'D:\\Projects\\mern-project-typescript\\node_modules\\mongoose\\lib\\cast.js',
      function: 'cast',
      line: 367,
      method: null,
      native: false
    },
    {
      column: 12,
      file: 'D:\\Projects\\mern-project-typescript\\node_modules\\mongoose\\lib\\query.js',
      function: 'model.Query.Query.cast',
      line: 4908,
      method: 'cast',
      native: false
    },
    {
      column: 10,
      file: 'D:\\Projects\\mern-project-typescript\\node_modules\\mongoose\\lib\\query.js',
      function: 'model.Query.Query._castConditions',
      line: 2302,
      method: '_castConditions',
      native: false
    }
  ],
  timestamp: '2025-01-08 07:52:42.186 PM'
}
{
  message: 'Server on 1997 running. NodeENV: development  ',
  level: 'info',
  timestamp: '2025-01-08 07:53:19.897 PM'
}
{
  message: 'Server on 1997 running. NodeENV: development  ',
  level: 'info',
  timestamp: '2025-01-08 07:54:27.347 PM'
}
{
  message: 'Server on 1997 running. NodeENV: development  ',
  level: 'info',
  timestamp: '2025-01-08 07:54:40.527 PM'
}
{
  message: 'Server on 1997 running. NodeENV: development  ',
  level: 'info',
  timestamp: '2025-01-08 07:54:47.114 PM'
}
{
  message: 'Server on 1997 running. NodeENV: development  ',
  level: 'info',
  timestamp: '2025-01-08 07:55:00.375 PM'
}
{
  message: 'Server on 1997 running. NodeENV: development  ',
  level: 'info',
  timestamp: '2025-01-08 07:55:17.603 PM'
}
{
  message: 'Server on 1997 running. NodeENV: development  ',
  level: 'info',
  timestamp: '2025-01-08 07:55:49.044 PM'
}
{
  message: 'Server on 1997 running. NodeENV: development  ',
  level: 'info',
  timestamp: '2025-01-08 07:55:56.526 PM'
}
{
  method: 'GET',
  url: '/docs/',
  status: 304,
  response_time: 3.588,
  level: 'http',
  message: 'incoming-request',
  timestamp: '2025-01-08 07:58:25.332 PM'
}
{
  method: 'GET',
  url: '/docs/swagger-ui.css',
  status: 304,
  response_time: 1.574,
  level: 'http',
  message: 'incoming-request',
  timestamp: '2025-01-08 07:58:25.371 PM'
}
{
  method: 'GET',
  url: '/docs/swagger-ui-init.js',
  status: 200,
  content_length: '47810',
  response_time: 0.317,
  level: 'http',
  message: 'incoming-request',
  timestamp: '2025-01-08 07:58:25.376 PM'
}
{
  method: 'GET',
  url: '/docs/swagger-ui-bundle.js',
  status: 304,
  response_time: 1.887,
  level: 'http',
  message: 'incoming-request',
  timestamp: '2025-01-08 07:58:25.377 PM'
}
{
  method: 'GET',
  url: '/docs/swagger-ui-standalone-preset.js',
  status: 304,
  response_time: 1.718,
  level: 'http',
  message: 'incoming-request',
  timestamp: '2025-01-08 07:58:25.377 PM'
}
{
  method: 'GET',
  url: '/docs/favicon-32x32.png',
  status: 304,
  response_time: 2.316,
  level: 'http',
  message: 'incoming-request',
  timestamp: '2025-01-08 07:58:25.565 PM'
}
{
  message: 'Add orders ValidationError: orderItems.0.preview: Path `preview` is required.',
  level: 'error',
  timestamp: '2025-01-08 07:58:34.468 PM'
}
{
  method: 'POST',
  url: '/api/v1/order',
  status: 500,
  content_length: '119',
  response_time: 186.591,
  level: 'http',
  message: 'incoming-request',
  timestamp: '2025-01-08 07:58:34.469 PM'
}
{
  method: 'GET',
  url: '/docs/',
  status: 304,
  response_time: 41.311,
  level: 'http',
  message: 'incoming-request',
  timestamp: '2025-01-08 07:59:23.744 PM'
}
{
  method: 'GET',
  url: '/docs/swagger-ui.css',
  status: 304,
  response_time: 1.158,
  level: 'http',
  message: 'incoming-request',
  timestamp: '2025-01-08 07:59:23.777 PM'
}
{
  method: 'GET',
  url: '/docs/swagger-ui-init.js',
  status: 200,
  content_length: '48038',
  response_time: 0.305,
  level: 'http',
  message: 'incoming-request',
  timestamp: '2025-01-08 07:59:23.790 PM'
}
{
  method: 'GET',
  url: '/docs/swagger-ui-bundle.js',
  status: 304,
  response_time: 3.109,
  level: 'http',
  message: 'incoming-request',
  timestamp: '2025-01-08 07:59:23.791 PM'
}
{
  method: 'GET',
  url: '/docs/swagger-ui-standalone-preset.js',
  status: 304,
  response_time: 1.943,
  level: 'http',
  message: 'incoming-request',
  timestamp: '2025-01-08 07:59:23.792 PM'
}
{
  method: 'GET',
  url: '/docs/favicon-32x32.png',
  status: 304,
  response_time: 3.716,
  level: 'http',
  message: 'incoming-request',
  timestamp: '2025-01-08 07:59:23.969 PM'
}
{
  message: 'Server on 1997 running. NodeENV: development  ',
  level: 'info',
  timestamp: '2025-01-08 07:59:24.300 PM'
}
{
  method: 'POST',
  url: '/api/v1/order',
  status: 201,
  content_length: '442',
  response_time: 253.004,
  level: 'http',
  message: 'incoming-request',
  timestamp: '2025-01-08 07:59:33.839 PM'
}
{
  message: 'Server on 1997 running. NodeENV: development  ',
  level: 'info',
  timestamp: '2025-01-08 08:00:14.069 PM'
}
{
  message: 'Server on 1997 running. NodeENV: development  ',
  level: 'info',
  timestamp: '2025-01-08 08:00:28.641 PM'
}
{
  message: 'Server on 1997 running. NodeENV: development  ',
  level: 'info',
  timestamp: '2025-01-08 08:00:35.571 PM'
}
{
  message: 'Server on 1997 running. NodeENV: development  ',
  level: 'info',
  timestamp: '2025-01-08 08:00:50.014 PM'
}
{
  message: 'Server on 1997 running. NodeENV: development  ',
  level: 'info',
  timestamp: '2025-01-08 08:02:36.198 PM'
}
{
  message: 'Server on 1997 running. NodeENV: development  ',
  level: 'info',
  timestamp: '2025-01-08 08:02:54.588 PM'
}
{
  message: 'Server on 1997 running. NodeENV: development  ',
  level: 'info',
  timestamp: '2025-01-08 08:03:06.831 PM'
}
{
  message: 'Server on 1997 running. NodeENV: development  ',
  level: 'info',
  timestamp: '2025-01-08 08:03:13.267 PM'
}
{
  message: 'Server on 1997 running. NodeENV: development  ',
  level: 'info',
  timestamp: '2025-01-08 08:03:25.705 PM'
}
{
  message: 'Server on 1997 running. NodeENV: development  ',
  level: 'info',
  timestamp: '2025-01-08 08:03:35.183 PM'
}
{
  message: 'Server on 1997 running. NodeENV: development  ',
  level: 'info',
  timestamp: '2025-01-08 08:03:55.175 PM'
}
{
  message: 'Server on 1997 running. NodeENV: development  ',
  level: 'info',
  timestamp: '2025-01-08 08:05:03.222 PM'
}
{
  method: 'GET',
  url: '/docs/',
  status: 304,
  response_time: 3.331,
  level: 'http',
  message: 'incoming-request',
  timestamp: '2025-01-08 08:05:25.573 PM'
}
{
  method: 'GET',
  url: '/docs/swagger-ui-init.js',
  status: 200,
  content_length: '50545',
  response_time: 0.72,
  level: 'http',
  message: 'incoming-request',
  timestamp: '2025-01-08 08:05:25.624 PM'
}
{
  method: 'GET',
  url: '/docs/swagger-ui.css',
  status: 304,
  response_time: 6.388,
  level: 'http',
  message: 'incoming-request',
  timestamp: '2025-01-08 08:05:25.625 PM'
}
{
  method: 'GET',
  url: '/docs/swagger-ui-bundle.js',
  status: 304,
  response_time: 3.837,
  level: 'http',
  message: 'incoming-request',
  timestamp: '2025-01-08 08:05:25.626 PM'
}
{
  method: 'GET',
  url: '/docs/swagger-ui-standalone-preset.js',
  status: 304,
  response_time: 3.694,
  level: 'http',
  message: 'incoming-request',
  timestamp: '2025-01-08 08:05:25.626 PM'
}
{
  method: 'GET',
  url: '/docs/favicon-32x32.png',
  status: 304,
  response_time: 0.501,
  level: 'http',
  message: 'incoming-request',
  timestamp: '2025-01-08 08:05:25.826 PM'
}
{
  method: 'GET',
  url: '/docs/',
  status: 304,
  response_time: 2.555,
  level: 'http',
  message: 'incoming-request',
  timestamp: '2025-01-08 08:08:02.532 PM'
}
{
  method: 'GET',
  url: '/docs/swagger-ui.css',
  status: 304,
  response_time: 2.86,
  level: 'http',
  message: 'incoming-request',
  timestamp: '2025-01-08 08:08:02.585 PM'
}
{
  method: 'GET',
  url: '/docs/swagger-ui-bundle.js',
  status: 304,
  response_time: 2.261,
  level: 'http',
  message: 'incoming-request',
  timestamp: '2025-01-08 08:08:02.587 PM'
}
{
  method: 'GET',
  url: '/docs/swagger-ui-standalone-preset.js',
  status: 304,
  response_time: 0.985,
  level: 'http',
  message: 'incoming-request',
  timestamp: '2025-01-08 08:08:02.588 PM'
}
{
  method: 'GET',
  url: '/docs/swagger-ui-init.js',
  status: 200,
  content_length: '50267',
  response_time: 0.346,
  level: 'http',
  message: 'incoming-request',
  timestamp: '2025-01-08 08:08:02.591 PM'
}
{
  method: 'GET',
  url: '/docs/favicon-32x32.png',
  status: 304,
  response_time: 0.41,
  level: 'http',
  message: 'incoming-request',
  timestamp: '2025-01-08 08:08:02.992 PM'
}
{
  message: 'Server on 1997 running. NodeENV: development  ',
  level: 'info',
  timestamp: '2025-01-08 08:08:03.127 PM'
}
{
  method: 'GET',
  url: '/api/v1/order',
  status: 200,
  content_length: '455',
  response_time: 119.791,
  level: 'http',
  message: 'incoming-request',
  timestamp: '2025-01-08 08:08:08.297 PM'
}
{
  method: 'POST',
  url: '/api/v1/order',
  status: 201,
  content_length: '571',
  response_time: 233.1,
  level: 'http',
  message: 'incoming-request',
  timestamp: '2025-01-08 08:08:51.141 PM'
}
{
  method: 'GET',
  url: '/api/v1/order',
  status: 200,
  content_length: '1027',
  response_time: 110.205,
  level: 'http',
  message: 'incoming-request',
  timestamp: '2025-01-08 08:08:58.907 PM'
}
{
  message: 'Server on 1997 running. NodeENV: development  ',
  level: 'info',
  timestamp: '2025-01-08 08:12:35.062 PM'
}
{
  message: 'Server on 1997 running. NodeENV: development  ',
  level: 'info',
  timestamp: '2025-01-08 08:13:03.397 PM'
}
{
  message: 'Server on 1997 running. NodeENV: development  ',
  level: 'info',
  timestamp: '2025-01-08 08:19:47.451 PM'
}
{
  message: 'Server on 1997 running. NodeENV: development  ',
  level: 'info',
  timestamp: '2025-01-08 08:19:56.788 PM'
}
{
  message: 'Server on 1997 running. NodeENV: development  ',
  level: 'info',
  timestamp: '2025-01-08 08:20:16.667 PM'
}
{
  message: 'Server on 1997 running. NodeENV: development  ',
  level: 'info',
  timestamp: '2025-01-08 08:20:30.929 PM'
}
{
  message: 'Server on 1997 running. NodeENV: development  ',
  level: 'info',
  timestamp: '2025-01-08 08:20:44.810 PM'
}
{
  message: 'Server on 1997 running. NodeENV: development  ',
  level: 'info',
  timestamp: '2025-01-08 08:25:53.359 PM'
}
{
  message: 'Server on 1997 running. NodeENV: development  ',
  level: 'info',
  timestamp: '2025-01-08 08:26:20.492 PM'
}
{
  message: 'Server on 1997 running. NodeENV: development  ',
  level: 'info',
  timestamp: '2025-01-08 08:26:29.206 PM'
}
{
  message: 'Server on 1997 running. NodeENV: development  ',
  level: 'info',
  timestamp: '2025-01-08 08:26:35.966 PM'
}
{
  message: 'Server on 1997 running. NodeENV: development  ',
  level: 'info',
  timestamp: '2025-01-08 08:30:38.693 PM'
}
{
  message: 'Server on 1997 running. NodeENV: development  ',
  level: 'info',
  timestamp: '2025-01-08 08:31:05.904 PM'
}
{
  message: 'Server on 1997 running. NodeENV: development  ',
  level: 'info',
  timestamp: '2025-01-08 08:33:22.810 PM'
}
{
  message: 'Server on 1997 running. NodeENV: development  ',
  level: 'info',
  timestamp: '2025-01-08 08:33:29.422 PM'
}
{
  message: 'Server on 1997 running. NodeENV: development  ',
  level: 'info',
  timestamp: '2025-01-08 08:34:22.154 PM'
}
{
  message: 'Server on 1997 running. NodeENV: development  ',
  level: 'info',
  timestamp: '2025-01-08 08:34:30.885 PM'
}
{
  method: 'GET',
  url: '/docs/',
  status: 304,
  response_time: 3.652,
  level: 'http',
  message: 'incoming-request',
  timestamp: '2025-01-08 08:36:08.879 PM'
}
{
  method: 'GET',
  url: '/docs/swagger-ui.css',
  status: 304,
  response_time: 1.079,
  level: 'http',
  message: 'incoming-request',
  timestamp: '2025-01-08 08:36:08.934 PM'
}
{
  method: 'GET',
  url: '/docs/swagger-ui-bundle.js',
  status: 304,
  response_time: 1.164,
  level: 'http',
  message: 'incoming-request',
  timestamp: '2025-01-08 08:36:08.947 PM'
}
{
  method: 'GET',
  url: '/docs/swagger-ui-standalone-preset.js',
  status: 304,
  response_time: 1.935,
  level: 'http',
  message: 'incoming-request',
  timestamp: '2025-01-08 08:36:08.948 PM'
}
{
  method: 'GET',
  url: '/docs/swagger-ui-init.js',
  status: 200,
  content_length: '52863',
  response_time: 0.301,
  level: 'http',
  message: 'incoming-request',
  timestamp: '2025-01-08 08:36:08.984 PM'
}
{
  method: 'GET',
  url: '/docs/favicon-32x32.png',
  status: 304,
  response_time: 0.448,
  level: 'http',
  message: 'incoming-request',
  timestamp: '2025-01-08 08:36:09.190 PM'
}
{
  method: 'GET',
  url: '/api/v1/order/666720f01ed8af0105a0d444',
  status: 500,
  content_length: '29',
  response_time: 115.472,
  level: 'http',
  message: 'incoming-request',
  timestamp: '2025-01-08 08:36:18.126 PM'
}
{
  method: 'GET',
  url: '/api/v1/order',
  status: 304,
  response_time: 106.98,
  level: 'http',
  message: 'incoming-request',
  timestamp: '2025-01-08 08:36:32.872 PM'
}
{
  method: 'GET',
  url: '/api/v1/order/677ebd05f6b7d4256c2044de',
  status: 200,
  content_length: '507',
  response_time: 158.383,
  level: 'http',
  message: 'incoming-request',
  timestamp: '2025-01-08 08:36:42.936 PM'
}
{
  method: 'GET',
  url: '/api/v1/order/677ebd05f6b7d4256c2044de1',
  status: 500,
  content_length: '161',
  response_time: 53.354,
  level: 'http',
  message: 'incoming-request',
  timestamp: '2025-01-08 08:36:48.940 PM'
}
{
  message: 'Server on 1997 running. NodeENV: development  ',
  level: 'info',
  timestamp: '2025-01-08 08:39:46.721 PM'
}
{
  message: 'Server on 1997 running. NodeENV: development  ',
  level: 'info',
  timestamp: '2025-01-08 08:45:57.276 PM'
}
{
  message: 'Server on 1997 running. NodeENV: development  ',
  level: 'info',
  timestamp: '2025-01-08 08:50:08.800 PM'
}
{
  message: 'Server on 1997 running. NodeENV: development  ',
  level: 'info',
  timestamp: '2025-01-08 08:50:19.645 PM'
}
{
  message: 'Server on 1997 running. NodeENV: development  ',
  level: 'info',
  timestamp: '2025-01-08 08:50:41.199 PM'
}
{
  message: 'Server on 1997 running. NodeENV: development  ',
  level: 'info',
  timestamp: '2025-01-08 08:51:01.106 PM'
}
{
  method: 'GET',
  url: '/docs/',
  status: 304,
  response_time: 2.62,
  level: 'http',
  message: 'incoming-request',
  timestamp: '2025-01-08 08:51:47.010 PM'
}
{
  method: 'GET',
  url: '/docs/swagger-ui.css',
  status: 304,
  response_time: 2.037,
  level: 'http',
  message: 'incoming-request',
  timestamp: '2025-01-08 08:51:47.088 PM'
}
{
  method: 'GET',
  url: '/docs/swagger-ui-init.js',
  status: 304,
  response_time: 0.406,
  level: 'http',
  message: 'incoming-request',
  timestamp: '2025-01-08 08:51:47.093 PM'
}
{
  method: 'GET',
  url: '/docs/swagger-ui-bundle.js',
  status: 304,
  response_time: 1.856,
  level: 'http',
  message: 'incoming-request',
  timestamp: '2025-01-08 08:51:47.093 PM'
}
{
  method: 'GET',
  url: '/docs/swagger-ui-standalone-preset.js',
  status: 304,
  response_time: 1.535,
  level: 'http',
  message: 'incoming-request',
  timestamp: '2025-01-08 08:51:47.094 PM'
}
{
  method: 'GET',
  url: '/docs/favicon-32x32.png',
  status: 304,
  response_time: 0.363,
  level: 'http',
  message: 'incoming-request',
  timestamp: '2025-01-08 08:51:47.334 PM'
}
{
  message: 'Server on 1997 running. NodeENV: development  ',
  level: 'info',
  timestamp: '2025-01-08 08:51:47.481 PM'
}
{
  method: 'GET',
  url: '/docs/',
  status: 304,
  response_time: 2.665,
  level: 'http',
  message: 'incoming-request',
  timestamp: '2025-01-08 08:52:10.077 PM'
}
{
  method: 'GET',
  url: '/docs/swagger-ui-init.js',
  status: 200,
  content_length: '55448',
  response_time: 0.358,
  level: 'http',
  message: 'incoming-request',
  timestamp: '2025-01-08 08:52:10.157 PM'
}
{
  method: 'GET',
  url: '/docs/swagger-ui.css',
  status: 304,
  response_time: 2.499,
  level: 'http',
  message: 'incoming-request',
  timestamp: '2025-01-08 08:52:10.158 PM'
}
{
  method: 'GET',
  url: '/docs/swagger-ui-bundle.js',
  status: 304,
  response_time: 2.143,
  level: 'http',
  message: 'incoming-request',
  timestamp: '2025-01-08 08:52:10.159 PM'
}
{
  method: 'GET',
  url: '/docs/swagger-ui-standalone-preset.js',
  status: 304,
  response_time: 2.04,
  level: 'http',
  message: 'incoming-request',
  timestamp: '2025-01-08 08:52:10.160 PM'
}
{
  method: 'GET',
  url: '/docs/favicon-32x32.png',
  status: 304,
  response_time: 0.457,
  level: 'http',
  message: 'incoming-request',
  timestamp: '2025-01-08 08:52:10.470 PM'
}
{
  message: 'Server on 1997 running. NodeENV: development  ',
  level: 'info',
  timestamp: '2025-01-08 08:52:10.793 PM'
}
{
  method: 'PUT',
  url: '/api/v1/order/677ebf33531dfb2af7e034c0/pay',
  status: 200,
  content_length: '606',
  response_time: 192.159,
  level: 'http',
  message: 'incoming-request',
  timestamp: '2025-01-08 08:54:02.872 PM'
}
{
  message: 'Server on 1997 running. NodeENV: development  ',
  level: 'info',
  timestamp: '2025-01-08 08:54:45.255 PM'
}
{
  message: 'Server on 1997 running. NodeENV: development  ',
  level: 'info',
  timestamp: '2025-01-08 08:55:47.778 PM'
}
{
  message: 'Server on 1997 running. NodeENV: development  ',
  level: 'info',
  timestamp: '2025-01-08 08:55:55.131 PM'
}
{
  message: 'Server on 1997 running. NodeENV: development  ',
  level: 'info',
  timestamp: '2025-01-08 08:56:41.056 PM'
}
{
  message: 'Server on 1997 running. NodeENV: development  ',
  level: 'info',
  timestamp: '2025-01-08 08:56:48.253 PM'
}
{
  message: 'Server on 1997 running. NodeENV: development  ',
  level: 'info',
  timestamp: '2025-01-08 08:58:32.640 PM'
}
{
  message: 'Server on 1997 running. NodeENV: development  ',
  level: 'info',
  timestamp: '2025-01-08 08:58:52.842 PM'
}
{
  message: 'Server on 1997 running. NodeENV: development  ',
  level: 'info',
  timestamp: '2025-01-08 08:59:05.222 PM'
}
{
  message: 'Server on 1997 running. NodeENV: development  ',
  level: 'info',
  timestamp: '2025-01-08 08:59:25.357 PM'
}
{
  message: 'Server on 1997 running. NodeENV: development  ',
  level: 'info',
  timestamp: '2025-01-08 08:59:42.654 PM'
}
{
  message: 'Server on 1997 running. NodeENV: development  ',
  level: 'info',
  timestamp: '2025-01-08 08:59:59.722 PM'
}
{
  message: 'Server on 1997 running. NodeENV: development  ',
  level: 'info',
  timestamp: '2025-01-08 09:00:09.406 PM'
}
{
  message: 'Server on 1997 running. NodeENV: development  ',
  level: 'info',
  timestamp: '2025-01-08 09:00:49.122 PM'
}
{
  message: 'Server on 1997 running. NodeENV: development  ',
  level: 'info',
  timestamp: '2025-01-08 09:01:15.926 PM'
}
{
  message: 'Server on 1997 running. NodeENV: development  ',
  level: 'info',
  timestamp: '2025-01-08 09:04:09.333 PM'
}
{
  message: 'Server on 1997 running. NodeENV: development  ',
  level: 'info',
  timestamp: '2025-01-08 09:04:19.389 PM'
}
{
  message: 'Server on 1997 running. NodeENV: development  ',
  level: 'info',
  timestamp: '2025-01-08 09:04:32.615 PM'
}
{
  message: 'Server on 1997 running. NodeENV: development  ',
  level: 'info',
  timestamp: '2025-01-08 09:04:50.706 PM'
}
{
  message: 'Server on 1997 running. NodeENV: development  ',
  level: 'info',
  timestamp: '2025-01-08 09:04:59.995 PM'
}
{
  message: 'Server on 1997 running. NodeENV: development  ',
  level: 'info',
  timestamp: '2025-01-08 09:05:43.311 PM'
}
{
  method: 'GET',
  url: '/docs/',
  status: 304,
  response_time: 3.125,
  level: 'http',
  message: 'incoming-request',
  timestamp: '2025-01-08 09:06:23.136 PM'
}
{
  method: 'GET',
  url: '/docs/swagger-ui.css',
  status: 304,
  response_time: 1.191,
  level: 'http',
  message: 'incoming-request',
  timestamp: '2025-01-08 09:06:23.181 PM'
}
{
  method: 'GET',
  url: '/docs/swagger-ui-init.js',
  status: 200,
  content_length: '58569',
  response_time: 0.371,
  level: 'http',
  message: 'incoming-request',
  timestamp: '2025-01-08 09:06:23.191 PM'
}
{
  method: 'GET',
  url: '/docs/swagger-ui-bundle.js',
  status: 304,
  response_time: 4.748,
  level: 'http',
  message: 'incoming-request',
  timestamp: '2025-01-08 09:06:23.192 PM'
}
{
  method: 'GET',
  url: '/docs/swagger-ui-standalone-preset.js',
  status: 304,
  response_time: 1.974,
  level: 'http',
  message: 'incoming-request',
  timestamp: '2025-01-08 09:06:23.193 PM'
}
{
  method: 'GET',
  url: '/docs/favicon-32x32.png',
  status: 304,
  response_time: 1.016,
  level: 'http',
  message: 'incoming-request',
  timestamp: '2025-01-08 09:06:23.439 PM'
}
{
  method: 'POST',
  url: '/api/v1/order/create-payment-intent',
  status: 200,
  content_length: '79',
  response_time: 700.651,
  level: 'http',
  message: 'incoming-request',
  timestamp: '2025-01-08 09:07:48.847 PM'
}
{
  method: 'GET',
  url: '/docs/',
  status: 304,
  response_time: 0.43,
  level: 'http',
  message: 'incoming-request',
  timestamp: '2025-01-08 09:08:00.454 PM'
}
{
  method: 'GET',
  url: '/docs/swagger-ui.css',
  status: 304,
  response_time: 0.354,
  level: 'http',
  message: 'incoming-request',
  timestamp: '2025-01-08 09:08:00.546 PM'
}
{
  method: 'GET',
  url: '/docs/swagger-ui-bundle.js',
  status: 304,
  response_time: 1.5,
  level: 'http',
  message: 'incoming-request',
  timestamp: '2025-01-08 09:08:00.551 PM'
}
{
  method: 'GET',
  url: '/docs/swagger-ui-init.js',
  status: 200,
  content_length: '58569',
  response_time: 0.251,
  level: 'http',
  message: 'incoming-request',
  timestamp: '2025-01-08 09:08:00.554 PM'
}
{
  method: 'GET',
  url: '/docs/swagger-ui-standalone-preset.js',
  status: 200,
  content_length: 230007,
  response_time: 4.317,
  level: 'http',
  message: 'incoming-request',
  timestamp: '2025-01-08 09:08:00.556 PM'
}
{
  method: 'POST',
  url: '/api/v1/order/create-payment-intent',
  status: 401,
  content_length: '26',
  response_time: 0.25,
  level: 'http',
  message: 'incoming-request',
  timestamp: '2025-01-08 09:08:05.310 PM'
}
{
  message: 'Server on 1997 running. NodeENV: development  ',
  level: 'info',
  timestamp: '2025-01-08 09:09:50.525 PM'
}
{
  message: 'Server on 1997 running. NodeENV: development  ',
  level: 'info',
  timestamp: '2025-01-08 09:10:20.537 PM'
}
{
  message: 'Server on 1997 running. NodeENV: development  ',
  level: 'info',
  timestamp: '2025-01-08 09:10:31.805 PM'
}
{
  message: 'Server on 1997 running. NodeENV: development  ',
  level: 'info',
  timestamp: '2025-01-08 09:12:32.590 PM'
}
{
  message: 'Server on 1997 running. NodeENV: development  ',
  level: 'info',
  timestamp: '2025-01-08 09:12:57.800 PM'
}
{
  message: 'Server on 1997 running. NodeENV: development  ',
  level: 'info',
  timestamp: '2025-01-08 09:13:23.179 PM'
}
{
  message: 'Server on 1997 running. NodeENV: development  ',
  level: 'info',
  timestamp: '2025-01-08 09:13:38.719 PM'
}
{
  message: 'Server on 1997 running. NodeENV: development  ',
  level: 'info',
  timestamp: '2025-01-08 09:13:53.891 PM'
}
{
  method: 'GET',
  url: '/docs/',
  status: 304,
  response_time: 3.958,
  level: 'http',
  message: 'incoming-request',
  timestamp: '2025-01-08 09:15:21.680 PM'
}
{
  method: 'GET',
  url: '/docs/swagger-ui.css',
  status: 304,
  response_time: 2.569,
  level: 'http',
  message: 'incoming-request',
  timestamp: '2025-01-08 09:15:21.734 PM'
}
{
  method: 'GET',
  url: '/docs/swagger-ui-init.js',
  status: 304,
  response_time: 0.33,
  level: 'http',
  message: 'incoming-request',
  timestamp: '2025-01-08 09:15:21.737 PM'
}
{
  method: 'GET',
  url: '/docs/swagger-ui-bundle.js',
  status: 304,
  response_time: 2.884,
  level: 'http',
  message: 'incoming-request',
  timestamp: '2025-01-08 09:15:21.738 PM'
}
{
  method: 'GET',
  url: '/docs/swagger-ui-standalone-preset.js',
  status: 304,
  response_time: 1.353,
  level: 'http',
  message: 'incoming-request',
  timestamp: '2025-01-08 09:15:21.739 PM'
}
{
  method: 'GET',
  url: '/docs/favicon-32x32.png',
  status: 304,
  response_time: 0.453,
  level: 'http',
  message: 'incoming-request',
  timestamp: '2025-01-08 09:15:21.964 PM'
}
{
  message: 'Server on 1997 running. NodeENV: development  ',
  level: 'info',
  timestamp: '2025-01-08 09:15:22.185 PM'
}
{
  message: 'Server on 1997 running. NodeENV: development  ',
  level: 'info',
  timestamp: '2025-01-08 09:15:57.450 PM'
}
{
  message: 'Server on 1997 running. NodeENV: development  ',
  level: 'info',
  timestamp: '2025-01-08 09:17:08.168 PM'
}
{
  message: 'Server on 1997 running. NodeENV: development  ',
  level: 'info',
  timestamp: '2025-01-08 09:17:38.955 PM'
}
{
  message: 'Server on 1997 running. NodeENV: development  ',
  level: 'info',
  timestamp: '2025-01-08 09:18:50.901 PM'
}
{
  message: 'Server on 1997 running. NodeENV: development  ',
  level: 'info',
  timestamp: '2025-01-08 09:18:57.218 PM'
}
{
  message: 'Server on 1997 running. NodeENV: development  ',
  level: 'info',
  timestamp: '2025-01-08 09:19:10.232 PM'
}
{
  message: 'Server on 1997 running. NodeENV: development  ',
  level: 'info',
  timestamp: '2025-01-08 09:19:27.299 PM'
}
{
  message: 'Server on 1997 running. NodeENV: development  ',
  level: 'info',
  timestamp: '2025-01-08 09:19:43.621 PM'
}
{
  message: 'Server on 1997 running. NodeENV: development  ',
  level: 'info',
  timestamp: '2025-01-08 09:20:08.846 PM'
}
{
  message: 'Server on 1997 running. NodeENV: development  ',
  level: 'info',
  timestamp: '2025-01-08 09:21:24.665 PM'
}
{
  message: 'Server on 1997 running. NodeENV: development  ',
  level: 'info',
  timestamp: '2025-01-08 09:21:35.808 PM'
}
{
  message: 'Server on 1997 running. NodeENV: development  ',
  level: 'info',
  timestamp: '2025-01-08 09:21:42.395 PM'
}
{
  message: 'Server on 1997 running. NodeENV: development  ',
  level: 'info',
  timestamp: '2025-01-08 09:22:04.787 PM'
}
{
  message: 'Server on 1997 running. NodeENV: development  ',
  level: 'info',
  timestamp: '2025-01-08 09:22:32.311 PM'
}
{
  message: 'Server on 1997 running. NodeENV: development  ',
  level: 'info',
  timestamp: '2025-01-08 09:24:39.808 PM'
}
{
  message: 'Server on 1997 running. NodeENV: development  ',
  level: 'info',
  timestamp: '2025-01-08 09:24:56.695 PM'
}
{
  message: 'Server on 1997 running. NodeENV: development  ',
  level: 'info',
  timestamp: '2025-01-08 09:25:08.239 PM'
}
{
  message: 'Server on 1997 running. NodeENV: development  ',
  level: 'info',
  timestamp: '2025-01-08 09:25:24.050 PM'
}
{
  message: 'Server on 1997 running. NodeENV: development  ',
  level: 'info',
  timestamp: '2025-01-08 09:25:31.760 PM'
}
{
  message: 'Server on 1997 running. NodeENV: development  ',
  level: 'info',
  timestamp: '2025-01-08 09:25:48.753 PM'
}
{
  message: 'Server on 1997 running. NodeENV: development  ',
  level: 'info',
  timestamp: '2025-01-08 09:27:36.330 PM'
}
{
  message: 'Server on 1997 running. NodeENV: development  ',
  level: 'info',
  timestamp: '2025-01-08 09:27:48.078 PM'
}
{
  message: 'Server on 1997 running. NodeENV: development  ',
  level: 'info',
  timestamp: '2025-01-08 09:28:06.617 PM'
}
{
  message: 'Server on 1997 running. NodeENV: development  ',
  level: 'info',
  timestamp: '2025-01-08 09:28:13.527 PM'
}
{
  message: 'Server on 1997 running. NodeENV: development  ',
  level: 'info',
  timestamp: '2025-01-08 09:28:20.302 PM'
}
{
  message: 'Server on 1997 running. NodeENV: development  ',
  level: 'info',
  timestamp: '2025-01-08 09:28:30.673 PM'
}
{
  message: 'Server on 1997 running. NodeENV: development  ',
  level: 'info',
  timestamp: '2025-01-08 09:28:52.522 PM'
}
{
  method: 'GET',
  url: '/docs/',
  status: 304,
  response_time: 2.624,
  level: 'http',
  message: 'incoming-request',
  timestamp: '2025-01-08 09:28:56.123 PM'
}
{
  method: 'GET',
  url: '/docs/swagger-ui.css',
  status: 304,
  response_time: 1.129,
  level: 'http',
  message: 'incoming-request',
  timestamp: '2025-01-08 09:28:56.177 PM'
}
{
  method: 'GET',
  url: '/docs/swagger-ui-bundle.js',
  status: 304,
  response_time: 0.586,
  level: 'http',
  message: 'incoming-request',
  timestamp: '2025-01-08 09:28:56.191 PM'
}
{
  method: 'GET',
  url: '/docs/swagger-ui-init.js',
  status: 200,
  content_length: '61514',
  response_time: 0.404,
  level: 'http',
  message: 'incoming-request',
  timestamp: '2025-01-08 09:28:56.195 PM'
}
{
  method: 'GET',
  url: '/docs/swagger-ui-standalone-preset.js',
  status: 304,
  response_time: 2,
  level: 'http',
  message: 'incoming-request',
  timestamp: '2025-01-08 09:28:56.196 PM'
}
{
  method: 'GET',
  url: '/docs/favicon-32x32.png',
  status: 304,
  response_time: 0.355,
  level: 'http',
  message: 'incoming-request',
  timestamp: '2025-01-08 09:28:56.398 PM'
}
{
  message: 'Server on 1997 running. NodeENV: development  ',
  level: 'info',
  timestamp: '2025-01-08 09:29:20.046 PM'
}
{
  method: 'GET',
  url: '/docs/',
  status: 304,
  response_time: 41.649,
  level: 'http',
  message: 'incoming-request',
  timestamp: '2025-01-08 09:29:29.536 PM'
}
{
  method: 'GET',
  url: '/docs/swagger-ui.css',
  status: 304,
  response_time: 1.081,
  level: 'http',
  message: 'incoming-request',
  timestamp: '2025-01-08 09:29:29.684 PM'
}
{
  method: 'GET',
  url: '/docs/swagger-ui-init.js',
  status: 200,
  content_length: '65273',
  response_time: 0.378,
  level: 'http',
  message: 'incoming-request',
  timestamp: '2025-01-08 09:29:29.719 PM'
}
{
  method: 'GET',
  url: '/docs/swagger-ui-bundle.js',
  status: 304,
  response_time: 3.753,
  level: 'http',
  message: 'incoming-request',
  timestamp: '2025-01-08 09:29:29.720 PM'
}
{
  method: 'GET',
  url: '/docs/swagger-ui-standalone-preset.js',
  status: 304,
  response_time: 2.264,
  level: 'http',
  message: 'incoming-request',
  timestamp: '2025-01-08 09:29:29.721 PM'
}
{
  method: 'GET',
  url: '/docs/favicon-32x32.png',
  status: 304,
  response_time: 0.414,
  level: 'http',
  message: 'incoming-request',
  timestamp: '2025-01-08 09:29:29.839 PM'
}
{
  message: 'Server on 1997 running. NodeENV: development  ',
  level: 'info',
  timestamp: '2025-01-08 09:29:30.122 PM'
}
{
  method: 'POST',
  url: '/api/v1/order/create-checkout-session',
  status: 400,
  content_length: '47',
  response_time: 68.213,
  level: 'http',
  message: 'incoming-request',
  timestamp: '2025-01-08 09:29:44.528 PM'
}
{
  method: 'GET',
  url: '/docs/',
  status: 304,
  response_time: 1.339,
  level: 'http',
  message: 'incoming-request',
  timestamp: '2025-01-08 09:31:16.713 PM'
}
{
  method: 'GET',
  url: '/docs/swagger-ui.css',
  status: 304,
  response_time: 0.923,
  level: 'http',
  message: 'incoming-request',
  timestamp: '2025-01-08 09:31:16.757 PM'
}
{
  method: 'GET',
  url: '/docs/swagger-ui-init.js',
  status: 304,
  response_time: 0.369,
  level: 'http',
  message: 'incoming-request',
  timestamp: '2025-01-08 09:31:16.761 PM'
}
{
  method: 'GET',
  url: '/docs/swagger-ui-bundle.js',
  status: 304,
  response_time: 1.362,
  level: 'http',
  message: 'incoming-request',
  timestamp: '2025-01-08 09:31:16.762 PM'
}
{
  method: 'GET',
  url: '/docs/swagger-ui-standalone-preset.js',
  status: 304,
  response_time: 1.156,
  level: 'http',
  message: 'incoming-request',
  timestamp: '2025-01-08 09:31:16.763 PM'
}
{
  method: 'GET',
  url: '/docs/favicon-32x32.png',
  status: 304,
  response_time: 0.469,
  level: 'http',
  message: 'incoming-request',
  timestamp: '2025-01-08 09:31:16.939 PM'
}
{
  message: 'Server on 1997 running. NodeENV: development  ',
  level: 'info',
  timestamp: '2025-01-08 09:32:30.785 PM'
}
{
  method: 'POST',
  url: '/api/v1/order/create-checkout-session',
  status: 400,
  content_length: '47',
  response_time: 63.066,
  level: 'http',
  message: 'incoming-request',
  timestamp: '2025-01-08 09:32:50.723 PM'
}
{
  message: 'Server on 1997 running. NodeENV: development  ',
  level: 'info',
  timestamp: '2025-01-08 09:33:35.937 PM'
}
{
  message: 'Server on 1997 running. NodeENV: development  ',
  level: 'info',
  timestamp: '2025-01-08 09:34:02.044 PM'
}
{
  message: 'Server on 1997 running. NodeENV: development  ',
  level: 'info',
  timestamp: '2025-01-08 09:34:40.663 PM'
}
{
  message: 'Server on 1997 running. NodeENV: development  ',
  level: 'info',
  timestamp: '2025-01-08 09:35:06.901 PM'
}
{
  method: 'GET',
  url: '/docs/',
  status: 304,
  response_time: 2.91,
  level: 'http',
  message: 'incoming-request',
  timestamp: '2025-01-08 09:35:16.881 PM'
}
{
  method: 'GET',
  url: '/docs/swagger-ui.css',
  status: 304,
  response_time: 3.484,
  level: 'http',
  message: 'incoming-request',
  timestamp: '2025-01-08 09:35:16.933 PM'
}
{
  method: 'GET',
  url: '/docs/swagger-ui-bundle.js',
  status: 304,
  response_time: 1.55,
  level: 'http',
  message: 'incoming-request',
  timestamp: '2025-01-08 09:35:16.934 PM'
}
{
  method: 'GET',
  url: '/docs/swagger-ui-init.js',
  status: 200,
  content_length: '65613',
  response_time: 0.357,
  level: 'http',
  message: 'incoming-request',
  timestamp: '2025-01-08 09:35:16.936 PM'
}
{
  method: 'GET',
  url: '/docs/swagger-ui-standalone-preset.js',
  status: 304,
  response_time: 5.117,
  level: 'http',
  message: 'incoming-request',
  timestamp: '2025-01-08 09:35:16.937 PM'
}
{
  method: 'GET',
  url: '/docs/favicon-32x32.png',
  status: 304,
  response_time: 0.473,
  level: 'http',
  message: 'incoming-request',
  timestamp: '2025-01-08 09:35:17.183 PM'
}
{
  method: 'POST',
  url: '/api/v1/order/create-checkout-session',
  status: 200,
  content_length: '82',
  response_time: 719.562,
  level: 'http',
  message: 'incoming-request',
  timestamp: '2025-01-08 09:35:28.119 PM'
}
