{
  message: 'Server on 1997 running. NodeENV: development  ',
  level: 'info',
  timestamp: '2024-11-21 02:13:46.234 PM'
}
{
  method: 'GET',
  url: '/api/v1/user/profile',
  status: 304,
  response_time: 163.721,
  level: 'http',
  message: 'incoming-request',
  timestamp: '2024-11-21 02:15:28.100 PM'
}
{
  method: 'GET',
  url: '/api/v1/property/?page=1',
  status: 200,
  content_length: '3459',
  response_time: 225.204,
  level: 'http',
  message: 'incoming-request',
  timestamp: '2024-11-21 02:15:39.639 PM'
}
{
  method: 'GET',
  url: '/api/v1/property/667d33dce9317340ae958b44',
  status: 200,
  content_length: '597',
  response_time: 144.454,
  level: 'http',
  message: 'incoming-request',
  timestamp: '2024-11-21 02:15:42.076 PM'
}
{
  method: 'PATCH',
  url: '/api/v1/property/667d33dce9317340ae958b44',
  status: 200,
  content_length: '665',
  response_time: 356.892,
  level: 'http',
  message: 'incoming-request',
  timestamp: '2024-11-21 02:15:47.966 PM'
}
{
  method: 'GET',
  url: '/api/v1/property/667d33dce9317340ae958b44',
  status: 200,
  content_length: '598',
  response_time: 70.13,
  level: 'http',
  message: 'incoming-request',
  timestamp: '2024-11-21 02:15:48.049 PM'
}
{
  method: 'GET',
  url: '/api/v1/property/667d33dce9317340ae958b44',
  status: 304,
  response_time: 58.237,
  level: 'http',
  message: 'incoming-request',
  timestamp: '2024-11-21 04:00:52.697 PM'
}
{
  method: 'GET',
  url: '/api/v1/property/667d33dce9317340ae958b44',
  status: 304,
  response_time: 58.591,
  level: 'http',
  message: 'incoming-request',
  timestamp: '2024-11-21 04:00:59.462 PM'
}
{
  method: 'GET',
  url: '/api/v1/property/667d33dce9317340ae958b44',
  status: 304,
  response_time: 75.519,
  level: 'http',
  message: 'incoming-request',
  timestamp: '2024-11-21 04:01:53.087 PM'
}
{
  method: 'GET',
  url: '/api/v1/property/667d33dce9317340ae958b44',
  status: 304,
  response_time: 59.283,
  level: 'http',
  message: 'incoming-request',
  timestamp: '2024-11-21 04:01:55.266 PM'
}
{
  method: 'GET',
  url: '/api/v1/property/667d33dce9317340ae958b44',
  status: 304,
  response_time: 57.131,
  level: 'http',
  message: 'incoming-request',
  timestamp: '2024-11-21 04:02:09.908 PM'
}
{
  method: 'GET',
  url: '/api/v1/property/?page=1',
  status: 200,
  content_length: '3460',
  response_time: 119.28,
  level: 'http',
  message: 'incoming-request',
  timestamp: '2024-11-21 04:02:31.489 PM'
}
{
  method: 'GET',
  url: '/api/v1/property/666720f01ed8af0105a0d444',
  status: 200,
  content_length: '646',
  response_time: 54.84,
  level: 'http',
  message: 'incoming-request',
  timestamp: '2024-11-21 04:02:33.462 PM'
}
{
  method: 'GET',
  url: '/api/v1/property/666720f01ed8af0105a0d444',
  status: 304,
  response_time: 58.528,
  level: 'http',
  message: 'incoming-request',
  timestamp: '2024-11-21 04:02:55.566 PM'
}
{
  method: 'GET',
  url: '/api/v1/property/666720f01ed8af0105a0d444',
  status: 304,
  response_time: 69.202,
  level: 'http',
  message: 'incoming-request',
  timestamp: '2024-11-21 04:03:38.276 PM'
}
{
  method: 'GET',
  url: '/api/v1/property/666720f01ed8af0105a0d444',
  status: 304,
  response_time: 58.592,
  level: 'http',
  message: 'incoming-request',
  timestamp: '2024-11-21 04:03:39.898 PM'
}
{
  method: 'PATCH',
  url: '/api/v1/property/666720f01ed8af0105a0d444',
  status: 200,
  content_length: '707',
  response_time: 202.186,
  level: 'http',
  message: 'incoming-request',
  timestamp: '2024-11-21 04:03:42.151 PM'
}
{
  method: 'GET',
  url: '/api/v1/property/666720f01ed8af0105a0d444',
  status: 200,
  content_length: '647',
  response_time: 57.035,
  level: 'http',
  message: 'incoming-request',
  timestamp: '2024-11-21 04:03:42.227 PM'
}
{
  method: 'PATCH',
  url: '/api/v1/property/666720f01ed8af0105a0d444',
  status: 200,
  content_length: '707',
  response_time: 201.245,
  level: 'http',
  message: 'incoming-request',
  timestamp: '2024-11-21 04:03:43.042 PM'
}
{
  method: 'GET',
  url: '/api/v1/property/666720f01ed8af0105a0d444',
  status: 200,
  content_length: '647',
  response_time: 84.575,
  level: 'http',
  message: 'incoming-request',
  timestamp: '2024-11-21 04:03:43.151 PM'
}
{
  method: 'PATCH',
  url: '/api/v1/property/666720f01ed8af0105a0d444',
  status: 200,
  content_length: '713',
  response_time: 246.237,
  level: 'http',
  message: 'incoming-request',
  timestamp: '2024-11-21 04:03:44.766 PM'
}
{
  method: 'GET',
  url: '/api/v1/property/666720f01ed8af0105a0d444',
  status: 200,
  content_length: '650',
  response_time: 56.106,
  level: 'http',
  message: 'incoming-request',
  timestamp: '2024-11-21 04:03:44.842 PM'
}
{
  method: 'PATCH',
  url: '/api/v1/property/666720f01ed8af0105a0d444',
  status: 200,
  content_length: '713',
  response_time: 177.223,
  level: 'http',
  message: 'incoming-request',
  timestamp: '2024-11-21 04:03:45.880 PM'
}
{
  method: 'GET',
  url: '/api/v1/property/666720f01ed8af0105a0d444',
  status: 200,
  content_length: '650',
  response_time: 56.455,
  level: 'http',
  message: 'incoming-request',
  timestamp: '2024-11-21 04:03:45.944 PM'
}
{
  method: 'PATCH',
  url: '/api/v1/property/666720f01ed8af0105a0d444',
  status: 200,
  content_length: '713',
  response_time: 197.744,
  level: 'http',
  message: 'incoming-request',
  timestamp: '2024-11-21 04:07:11.928 PM'
}
{
  method: 'GET',
  url: '/api/v1/property/666720f01ed8af0105a0d444',
  status: 200,
  content_length: '650',
  response_time: 57.55,
  level: 'http',
  message: 'incoming-request',
  timestamp: '2024-11-21 04:07:12.010 PM'
}
{
  method: 'PATCH',
  url: '/api/v1/property/666720f01ed8af0105a0d444',
  status: 200,
  content_length: '695',
  response_time: 252.156,
  level: 'http',
  message: 'incoming-request',
  timestamp: '2024-11-21 04:07:16.688 PM'
}
{
  method: 'GET',
  url: '/api/v1/property/666720f01ed8af0105a0d444',
  status: 200,
  content_length: '641',
  response_time: 56.789,
  level: 'http',
  message: 'incoming-request',
  timestamp: '2024-11-21 04:07:16.778 PM'
}
{
  method: 'GET',
  url: '/api/v1/property/666720f01ed8af0105a0d444',
  status: 304,
  response_time: 61.432,
  level: 'http',
  message: 'incoming-request',
  timestamp: '2024-11-21 04:08:15.528 PM'
}
{
  method: 'GET',
  url: '/api/v1/property/666720f01ed8af0105a0d444',
  status: 304,
  response_time: 84.147,
  level: 'http',
  message: 'incoming-request',
  timestamp: '2024-11-21 04:08:59.662 PM'
}
{
  method: 'GET',
  url: '/api/v1/property/666720f01ed8af0105a0d444',
  status: 304,
  response_time: 58.377,
  level: 'http',
  message: 'incoming-request',
  timestamp: '2024-11-21 04:12:01.094 PM'
}
{
  method: 'GET',
  url: '/api/v1/property/666720f01ed8af0105a0d444',
  status: 304,
  response_time: 55.384,
  level: 'http',
  message: 'incoming-request',
  timestamp: '2024-11-21 04:12:03.282 PM'
}
{
  method: 'GET',
  url: '/api/v1/property/666720f01ed8af0105a0d444',
  status: 304,
  response_time: 183.92,
  level: 'http',
  message: 'incoming-request',
  timestamp: '2024-11-21 04:12:10.058 PM'
}
{
  method: 'GET',
  url: '/api/v1/property/666720f01ed8af0105a0d444',
  status: 304,
  response_time: 61.586,
  level: 'http',
  message: 'incoming-request',
  timestamp: '2024-11-21 04:12:32.852 PM'
}
{
  method: 'GET',
  url: '/api/v1/property/666720f01ed8af0105a0d444',
  status: 304,
  response_time: 59.636,
  level: 'http',
  message: 'incoming-request',
  timestamp: '2024-11-21 04:12:37.479 PM'
}
{
  method: 'GET',
  url: '/api/v1/property/666720f01ed8af0105a0d444',
  status: 304,
  response_time: 79.145,
  level: 'http',
  message: 'incoming-request',
  timestamp: '2024-11-21 04:12:44.697 PM'
}
{
  method: 'GET',
  url: '/api/v1/property/666720f01ed8af0105a0d444',
  status: 304,
  response_time: 280.901,
  level: 'http',
  message: 'incoming-request',
  timestamp: '2024-11-21 04:12:50.642 PM'
}
{
  method: 'GET',
  url: '/api/v1/property/666720f01ed8af0105a0d444',
  status: 304,
  response_time: 74.24,
  level: 'http',
  message: 'incoming-request',
  timestamp: '2024-11-21 04:17:11.411 PM'
}
{
  method: 'GET',
  url: '/api/v1/property/666720f01ed8af0105a0d444',
  status: 304,
  response_time: 53.91,
  level: 'http',
  message: 'incoming-request',
  timestamp: '2024-11-21 04:19:21.854 PM'
}
{
  method: 'GET',
  url: '/api/v1/property/666720f01ed8af0105a0d444',
  status: 304,
  response_time: 54.615,
  level: 'http',
  message: 'incoming-request',
  timestamp: '2024-11-21 04:39:56.196 PM'
}
{
  method: 'GET',
  url: '/api/v1/property/666720f01ed8af0105a0d444',
  status: 304,
  response_time: 60.322,
  level: 'http',
  message: 'incoming-request',
  timestamp: '2024-11-21 04:40:33.194 PM'
}
{
  method: 'GET',
  url: '/api/v1/property/666720f01ed8af0105a0d444',
  status: 304,
  response_time: 55.181,
  level: 'http',
  message: 'incoming-request',
  timestamp: '2024-11-21 04:40:34.362 PM'
}
{
  method: 'GET',
  url: '/api/v1/property/666720f01ed8af0105a0d444',
  status: 304,
  response_time: 55.072,
  level: 'http',
  message: 'incoming-request',
  timestamp: '2024-11-21 04:40:41.524 PM'
}
{
  method: 'GET',
  url: '/api/v1/property/666720f01ed8af0105a0d444',
  status: 304,
  response_time: 54.903,
  level: 'http',
  message: 'incoming-request',
  timestamp: '2024-11-21 04:40:42.863 PM'
}
{
  method: 'GET',
  url: '/api/v1/property/666720f01ed8af0105a0d444',
  status: 304,
  response_time: 56.193,
  level: 'http',
  message: 'incoming-request',
  timestamp: '2024-11-21 04:40:51.327 PM'
}
{
  method: 'GET',
  url: '/api/v1/property/666720f01ed8af0105a0d444',
  status: 304,
  response_time: 64.585,
  level: 'http',
  message: 'incoming-request',
  timestamp: '2024-11-21 04:41:39.027 PM'
}
{
  method: 'GET',
  url: '/api/v1/property/666720f01ed8af0105a0d444',
  status: 304,
  response_time: 58.601,
  level: 'http',
  message: 'incoming-request',
  timestamp: '2024-11-21 04:41:41.577 PM'
}
{
  method: 'GET',
  url: '/api/v1/property/666720f01ed8af0105a0d444',
  status: 304,
  response_time: 58.658,
  level: 'http',
  message: 'incoming-request',
  timestamp: '2024-11-21 04:57:59.619 PM'
}
{
  method: 'GET',
  url: '/api/v1/property/666720f01ed8af0105a0d444',
  status: 304,
  response_time: 59.175,
  level: 'http',
  message: 'incoming-request',
  timestamp: '2024-11-21 04:58:01.233 PM'
}
{
  method: 'GET',
  url: '/api/v1/property/666720f01ed8af0105a0d444',
  status: 304,
  response_time: 55.828,
  level: 'http',
  message: 'incoming-request',
  timestamp: '2024-11-21 04:58:06.758 PM'
}
{
  method: 'GET',
  url: '/api/v1/property/666720f01ed8af0105a0d444',
  status: 304,
  response_time: 80.513,
  level: 'http',
  message: 'incoming-request',
  timestamp: '2024-11-21 04:58:13.911 PM'
}
{
  method: 'GET',
  url: '/api/v1/property/666720f01ed8af0105a0d444',
  status: 304,
  response_time: 56.92,
  level: 'http',
  message: 'incoming-request',
  timestamp: '2024-11-21 04:58:34.133 PM'
}
{
  method: 'GET',
  url: '/api/v1/property/666720f01ed8af0105a0d444',
  status: 304,
  response_time: 175.165,
  level: 'http',
  message: 'incoming-request',
  timestamp: '2024-11-21 04:58:43.892 PM'
}
{
  method: 'GET',
  url: '/api/v1/property/666720f01ed8af0105a0d444',
  status: 304,
  response_time: 65.304,
  level: 'http',
  message: 'incoming-request',
  timestamp: '2024-11-21 04:58:49.480 PM'
}
{
  method: 'GET',
  url: '/api/v1/property/666720f01ed8af0105a0d444',
  status: 304,
  response_time: 58.571,
  level: 'http',
  message: 'incoming-request',
  timestamp: '2024-11-21 04:58:59.939 PM'
}
{
  method: 'GET',
  url: '/api/v1/property/666720f01ed8af0105a0d444',
  status: 304,
  response_time: 56.085,
  level: 'http',
  message: 'incoming-request',
  timestamp: '2024-11-21 04:59:05.256 PM'
}
{
  method: 'GET',
  url: '/api/v1/property/666720f01ed8af0105a0d444',
  status: 304,
  response_time: 57.243,
  level: 'http',
  message: 'incoming-request',
  timestamp: '2024-11-21 04:59:17.326 PM'
}
{
  method: 'GET',
  url: '/api/v1/property/666720f01ed8af0105a0d444',
  status: 304,
  response_time: 55.869,
  level: 'http',
  message: 'incoming-request',
  timestamp: '2024-11-21 04:59:21.710 PM'
}
{
  method: 'GET',
  url: '/api/v1/property/?page=1',
  status: 200,
  content_length: '3455',
  response_time: 126.875,
  level: 'http',
  message: 'incoming-request',
  timestamp: '2024-11-21 04:59:25.353 PM'
}
{
  method: 'GET',
  url: '/api/v1/property/667d3302e9317340ae958b38',
  status: 200,
  content_length: '599',
  response_time: 58.602,
  level: 'http',
  message: 'incoming-request',
  timestamp: '2024-11-21 04:59:27.388 PM'
}
{
  method: 'PATCH',
  url: '/api/v1/property/667d3302e9317340ae958b38',
  status: 200,
  content_length: '664',
  response_time: 211.256,
  level: 'http',
  message: 'incoming-request',
  timestamp: '2024-11-21 04:59:33.048 PM'
}
{
  method: 'GET',
  url: '/api/v1/property/667d3302e9317340ae958b38',
  status: 200,
  content_length: '596',
  response_time: 58.928,
  level: 'http',
  message: 'incoming-request',
  timestamp: '2024-11-21 04:59:33.131 PM'
}
{
  method: 'GET',
  url: '/api/v1/property/667d3302e9317340ae958b38',
  status: 304,
  response_time: 57.332,
  level: 'http',
  message: 'incoming-request',
  timestamp: '2024-11-21 04:59:58.082 PM'
}
{
  method: 'GET',
  url: '/api/v1/property/666720f01ed8af0105a0d444',
  status: 304,
  response_time: 62.746,
  level: 'http',
  message: 'incoming-request',
  timestamp: '2024-11-21 04:59:58.850 PM'
}
{
  method: 'GET',
  url: '/api/v1/property/666720f01ed8af0105a0d444',
  status: 304,
  response_time: 58.091,
  level: 'http',
  message: 'incoming-request',
  timestamp: '2024-11-21 05:01:57.853 PM'
}
{
  method: 'GET',
  url: '/api/v1/property/667d3302e9317340ae958b38',
  status: 304,
  response_time: 59.188,
  level: 'http',
  message: 'incoming-request',
  timestamp: '2024-11-21 05:02:02.500 PM'
}
{
  method: 'GET',
  url: '/api/v1/property/666720f01ed8af0105a0d444',
  status: 304,
  response_time: 58.483,
  level: 'http',
  message: 'incoming-request',
  timestamp: '2024-11-21 05:02:04.033 PM'
}
{
  method: 'GET',
  url: '/api/v1/property/667d3302e9317340ae958b38',
  status: 304,
  response_time: 67.942,
  level: 'http',
  message: 'incoming-request',
  timestamp: '2024-11-21 05:02:04.668 PM'
}
{
  method: 'GET',
  url: '/api/v1/property/666720f01ed8af0105a0d444',
  status: 304,
  response_time: 55.184,
  level: 'http',
  message: 'incoming-request',
  timestamp: '2024-11-21 05:02:27.763 PM'
}
{
  method: 'GET',
  url: '/api/v1/property/667d3302e9317340ae958b38',
  status: 304,
  response_time: 54.309,
  level: 'http',
  message: 'incoming-request',
  timestamp: '2024-11-21 05:02:28.463 PM'
}
{
  method: 'GET',
  url: '/api/v1/property/666720f01ed8af0105a0d444',
  status: 304,
  response_time: 58.936,
  level: 'http',
  message: 'incoming-request',
  timestamp: '2024-11-21 05:06:32.368 PM'
}
{
  method: 'GET',
  url: '/api/v1/property/667d3302e9317340ae958b38',
  status: 304,
  response_time: 56.888,
  level: 'http',
  message: 'incoming-request',
  timestamp: '2024-11-21 05:06:32.941 PM'
}
{
  method: 'PATCH',
  url: '/api/v1/upload',
  status: 200,
  content_length: '119',
  response_time: 5436.962,
  level: 'http',
  message: 'incoming-request',
  timestamp: '2024-11-21 05:08:38.424 PM'
}
{
  method: 'PATCH',
  url: '/api/v1/property/667d3302e9317340ae958b38',
  status: 200,
  content_length: '665',
  response_time: 237.724,
  level: 'http',
  message: 'incoming-request',
  timestamp: '2024-11-21 05:08:46.973 PM'
}
{
  method: 'GET',
  url: '/api/v1/property/667d3302e9317340ae958b38',
  status: 200,
  content_length: '597',
  response_time: 108.679,
  level: 'http',
  message: 'incoming-request',
  timestamp: '2024-11-21 05:08:47.157 PM'
}
{
  method: 'PATCH',
  url: '/api/v1/property/667d3302e9317340ae958b38',
  status: 200,
  content_length: '665',
  response_time: 188.59,
  level: 'http',
  message: 'incoming-request',
  timestamp: '2024-11-21 05:08:48.131 PM'
}
{
  method: 'GET',
  url: '/api/v1/property/667d3302e9317340ae958b38',
  status: 200,
  content_length: '597',
  response_time: 57.206,
  level: 'http',
  message: 'incoming-request',
  timestamp: '2024-11-21 05:08:48.204 PM'
}
{
  method: 'GET',
  url: '/api/v1/property/667d3302e9317340ae958b38',
  status: 304,
  response_time: 63.921,
  level: 'http',
  message: 'incoming-request',
  timestamp: '2024-11-21 05:08:50.663 PM'
}
{
  method: 'GET',
  url: '/api/v1/property/666720f01ed8af0105a0d444',
  status: 304,
  response_time: 59.929,
  level: 'http',
  message: 'incoming-request',
  timestamp: '2024-11-21 05:11:39.107 PM'
}
{
  method: 'GET',
  url: '/api/v1/property/667d3302e9317340ae958b38',
  status: 304,
  response_time: 56.89,
  level: 'http',
  message: 'incoming-request',
  timestamp: '2024-11-21 05:11:39.946 PM'
}
{
  method: 'GET',
  url: '/api/v1/property/667d3302e9317340ae958b38',
  status: 304,
  response_time: 55.766,
  level: 'http',
  message: 'incoming-request',
  timestamp: '2024-11-21 05:11:52.280 PM'
}
{
  method: 'GET',
  url: '/api/v1/property/?page=1',
  status: 200,
  content_length: '3453',
  response_time: 155.8,
  level: 'http',
  message: 'incoming-request',
  timestamp: '2024-11-21 05:11:54.787 PM'
}
{
  method: 'GET',
  url: '/api/v1/property/667d33dce9317340ae958b44',
  status: 304,
  response_time: 92.599,
  level: 'http',
  message: 'incoming-request',
  timestamp: '2024-11-21 05:11:59.241 PM'
}
{
  method: 'PATCH',
  url: '/api/v1/upload',
  status: 200,
  content_length: '119',
  response_time: 5093.9,
  level: 'http',
  message: 'incoming-request',
  timestamp: '2024-11-21 05:12:11.339 PM'
}
{
  method: 'PATCH',
  url: '/api/v1/property/667d33dce9317340ae958b44',
  status: 200,
  content_length: '666',
  response_time: 193.179,
  level: 'http',
  message: 'incoming-request',
  timestamp: '2024-11-21 05:12:14.792 PM'
}
{
  method: 'GET',
  url: '/api/v1/property/667d33dce9317340ae958b44',
  status: 200,
  content_length: '599',
  response_time: 56.28,
  level: 'http',
  message: 'incoming-request',
  timestamp: '2024-11-21 05:12:14.919 PM'
}
{
  method: 'GET',
  url: '/api/v1/property/?page=1',
  status: 200,
  content_length: '3454',
  response_time: 143.607,
  level: 'http',
  message: 'incoming-request',
  timestamp: '2024-11-21 05:12:20.975 PM'
}
{
  method: 'GET',
  url: '/api/v1/property/?page=2',
  status: 200,
  content_length: '3019',
  response_time: 170.461,
  level: 'http',
  message: 'incoming-request',
  timestamp: '2024-11-21 05:12:34.055 PM'
}
{
  method: 'GET',
  url: '/api/v1/property/?page=3',
  status: 200,
  content_length: '3009',
  response_time: 125.384,
  level: 'http',
  message: 'incoming-request',
  timestamp: '2024-11-21 05:12:35.982 PM'
}
{
  method: 'GET',
  url: '/api/v1/property/?page=4',
  status: 304,
  response_time: 151.354,
  level: 'http',
  message: 'incoming-request',
  timestamp: '2024-11-21 05:12:36.873 PM'
}
{
  method: 'GET',
  url: '/api/v1/user/profile',
  status: 304,
  response_time: 130.839,
  level: 'http',
  message: 'incoming-request',
  timestamp: '2024-11-21 05:12:39.740 PM'
}
{
  method: 'GET',
  url: '/api/v1/property/666720f01ed8af0105a0d444',
  status: 304,
  response_time: 56.699,
  level: 'http',
  message: 'incoming-request',
  timestamp: '2024-11-21 05:13:51.728 PM'
}
{
  method: 'GET',
  url: '/api/v1/user/profile',
  status: 304,
  response_time: 152.768,
  level: 'http',
  message: 'incoming-request',
  timestamp: '2024-11-21 05:13:52.344 PM'
}
{
  method: 'GET',
  url: '/api/v1/property/666720f01ed8af0105a0d444',
  status: 304,
  response_time: 125.243,
  level: 'http',
  message: 'incoming-request',
  timestamp: '2024-11-21 05:13:59.623 PM'
}
{
  method: 'GET',
  url: '/api/v1/user/profile',
  status: 304,
  response_time: 248.14,
  level: 'http',
  message: 'incoming-request',
  timestamp: '2024-11-21 05:14:01.912 PM'
}
{
  method: 'GET',
  url: '/api/v1/property/666720f01ed8af0105a0d444',
  status: 304,
  response_time: 56.944,
  level: 'http',
  message: 'incoming-request',
  timestamp: '2024-11-21 05:14:39.813 PM'
}
{
  method: 'GET',
  url: '/api/v1/user/profile',
  status: 304,
  response_time: 137.373,
  level: 'http',
  message: 'incoming-request',
  timestamp: '2024-11-21 05:14:41.079 PM'
}
{
  method: 'GET',
  url: '/api/v1/property/666720f01ed8af0105a0d444',
  status: 304,
  response_time: 58.78,
  level: 'http',
  message: 'incoming-request',
  timestamp: '2024-11-21 05:14:42.242 PM'
}
{
  method: 'GET',
  url: '/api/v1/user/profile',
  status: 304,
  response_time: 346.165,
  level: 'http',
  message: 'incoming-request',
  timestamp: '2024-11-21 05:14:43.520 PM'
}
{
  method: 'GET',
  url: '/api/v1/property/666720f01ed8af0105a0d444',
  status: 304,
  response_time: 59.391,
  level: 'http',
  message: 'incoming-request',
  timestamp: '2024-11-21 05:14:46.944 PM'
}
{
  method: 'GET',
  url: '/api/v1/user/profile',
  status: 304,
  response_time: 164.849,
  level: 'http',
  message: 'incoming-request',
  timestamp: '2024-11-21 05:14:47.931 PM'
}
{
  method: 'GET',
  url: '/api/v1/property/666720f01ed8af0105a0d444',
  status: 304,
  response_time: 80.068,
  level: 'http',
  message: 'incoming-request',
  timestamp: '2024-11-21 05:14:53.279 PM'
}
{
  method: 'GET',
  url: '/api/v1/user/profile',
  status: 304,
  response_time: 139.912,
  level: 'http',
  message: 'incoming-request',
  timestamp: '2024-11-21 05:14:54.808 PM'
}
{
  method: 'GET',
  url: '/api/v1/property/666720f01ed8af0105a0d444',
  status: 304,
  response_time: 74.435,
  level: 'http',
  message: 'incoming-request',
  timestamp: '2024-11-21 05:15:02.304 PM'
}
{
  method: 'GET',
  url: '/api/v1/user/profile',
  status: 0,
  response_time: '0',
  level: 'http',
  message: 'incoming-request',
  timestamp: '2024-11-21 05:15:07.270 PM'
}
{
  method: 'GET',
  url: '/api/v1/property/666720f01ed8af0105a0d444',
  status: 304,
  response_time: 55.711,
  level: 'http',
  message: 'incoming-request',
  timestamp: '2024-11-21 05:15:08.220 PM'
}
{
  method: 'GET',
  url: '/api/v1/property/666720f01ed8af0105a0d444',
  status: 304,
  response_time: 58.304,
  level: 'http',
  message: 'incoming-request',
  timestamp: '2024-11-21 05:15:10.685 PM'
}
{
  method: 'GET',
  url: '/api/v1/user/profile',
  status: 200,
  content_length: '1730',
  response_time: 152.088,
  level: 'http',
  message: 'incoming-request',
  timestamp: '2024-11-21 05:15:11.865 PM'
}
{
  method: 'GET',
  url: '/api/v1/property/666720f01ed8af0105a0d444',
  status: 304,
  response_time: 125.92,
  level: 'http',
  message: 'incoming-request',
  timestamp: '2024-11-21 05:17:01.369 PM'
}
{
  method: 'GET',
  url: '/api/v1/user/profile',
  status: 304,
  response_time: 320.2,
  level: 'http',
  message: 'incoming-request',
  timestamp: '2024-11-21 05:17:02.426 PM'
}
{
  method: 'PATCH',
  url: '/api/v1/property/666720f01ed8af0105a0d444',
  status: 200,
  content_length: '637',
  response_time: 1029.231,
  level: 'http',
  message: 'incoming-request',
  timestamp: '2024-11-21 05:17:30.723 PM'
}
{
  method: 'GET',
  url: '/api/v1/property/666720f01ed8af0105a0d444',
  status: 200,
  content_length: '583',
  response_time: 63.718,
  level: 'http',
  message: 'incoming-request',
  timestamp: '2024-11-21 05:17:30.797 PM'
}
{
  method: 'GET',
  url: '/api/v1/property/666720f01ed8af0105a0d444',
  status: 304,
  response_time: 67.326,
  level: 'http',
  message: 'incoming-request',
  timestamp: '2024-11-21 05:17:33.495 PM'
}
{
  method: 'PATCH',
  url: '/api/v1/property/666720f01ed8af0105a0d444',
  status: 200,
  content_length: '698',
  response_time: 280.914,
  level: 'http',
  message: 'incoming-request',
  timestamp: '2024-11-21 05:18:44.304 PM'
}
{
  method: 'GET',
  url: '/api/v1/property/666720f01ed8af0105a0d444',
  status: 200,
  content_length: '644',
  response_time: 60.919,
  level: 'http',
  message: 'incoming-request',
  timestamp: '2024-11-21 05:18:44.393 PM'
}
{
  method: 'PATCH',
  url: '/api/v1/property/666720f01ed8af0105a0d444',
  status: 200,
  content_length: '698',
  response_time: 278.45,
  level: 'http',
  message: 'incoming-request',
  timestamp: '2024-11-21 05:18:45.064 PM'
}
{
  method: 'GET',
  url: '/api/v1/property/666720f01ed8af0105a0d444',
  status: 200,
  content_length: '644',
  response_time: 57.749,
  level: 'http',
  message: 'incoming-request',
  timestamp: '2024-11-21 05:18:45.130 PM'
}
{
  method: 'PATCH',
  url: '/api/v1/property/666720f01ed8af0105a0d444',
  status: 200,
  content_length: '698',
  response_time: 254.045,
  level: 'http',
  message: 'incoming-request',
  timestamp: '2024-11-21 05:18:45.538 PM'
}
{
  method: 'GET',
  url: '/api/v1/property/666720f01ed8af0105a0d444',
  status: 200,
  content_length: '644',
  response_time: 72.025,
  level: 'http',
  message: 'incoming-request',
  timestamp: '2024-11-21 05:18:45.632 PM'
}
{
  method: 'PATCH',
  url: '/api/v1/property/666720f01ed8af0105a0d444',
  status: 200,
  content_length: '700',
  response_time: 538.567,
  level: 'http',
  message: 'incoming-request',
  timestamp: '2024-11-21 05:20:08.782 PM'
}
{
  method: 'GET',
  url: '/api/v1/property/666720f01ed8af0105a0d444',
  status: 200,
  content_length: '645',
  response_time: 68.813,
  level: 'http',
  message: 'incoming-request',
  timestamp: '2024-11-21 05:20:08.863 PM'
}
{
  method: 'PATCH',
  url: '/api/v1/property/666720f01ed8af0105a0d444',
  status: 200,
  content_length: '704',
  response_time: 226.59,
  level: 'http',
  message: 'incoming-request',
  timestamp: '2024-11-21 05:20:12.879 PM'
}
{
  method: 'GET',
  url: '/api/v1/property/666720f01ed8af0105a0d444',
  status: 200,
  content_length: '647',
  response_time: 59.335,
  level: 'http',
  message: 'incoming-request',
  timestamp: '2024-11-21 05:20:12.977 PM'
}
{
  method: 'GET',
  url: '/api/v1/property/666720f01ed8af0105a0d444',
  status: 304,
  response_time: 59.283,
  level: 'http',
  message: 'incoming-request',
  timestamp: '2024-11-21 05:20:14.030 PM'
}
{
  method: 'GET',
  url: '/api/v1/property/?page=1',
  status: 200,
  content_length: '3460',
  response_time: 129.06,
  level: 'http',
  message: 'incoming-request',
  timestamp: '2024-11-21 05:20:21.601 PM'
}
{
  method: 'GET',
  url: '/api/v1/property/?page=4',
  status: 304,
  response_time: 147.59,
  level: 'http',
  message: 'incoming-request',
  timestamp: '2024-11-21 05:20:23.314 PM'
}
{
  method: 'GET',
  url: '/api/v1/property/673c8722ed1abcb45eb70dda',
  status: 304,
  response_time: 66.07,
  level: 'http',
  message: 'incoming-request',
  timestamp: '2024-11-21 05:20:25.582 PM'
}
{
  method: 'GET',
  url: '/api/v1/property/?page=1',
  status: 200,
  content_length: '3460',
  response_time: 113.791,
  level: 'http',
  message: 'incoming-request',
  timestamp: '2024-11-21 05:20:25.622 PM'
}
{
  method: 'GET',
  url: '/api/v1/property/673c854eed1abcb45eb70dae',
  status: 200,
  content_length: '615',
  response_time: 58.131,
  level: 'http',
  message: 'incoming-request',
  timestamp: '2024-11-21 05:20:31.199 PM'
}
{
  method: 'GET',
  url: '/api/v1/property/?page=1',
  status: 200,
  content_length: '3460',
  response_time: 176.249,
  level: 'http',
  message: 'incoming-request',
  timestamp: '2024-11-21 05:20:40.645 PM'
}
{
  method: 'GET',
  url: '/api/v1/property/?page=3',
  status: 304,
  response_time: 118.436,
  level: 'http',
  message: 'incoming-request',
  timestamp: '2024-11-21 05:20:42.607 PM'
}
{
  method: 'GET',
  url: '/api/v1/property/?page=4',
  status: 304,
  response_time: 148.693,
  level: 'http',
  message: 'incoming-request',
  timestamp: '2024-11-21 05:20:45.694 PM'
}
{
  method: 'GET',
  url: '/api/v1/property/673c854eed1abcb45eb70dae',
  status: 304,
  response_time: 69.976,
  level: 'http',
  message: 'incoming-request',
  timestamp: '2024-11-21 05:20:48.721 PM'
}
{
  method: 'GET',
  url: '/api/v1/property/673c854eed1abcb45eb70dae',
  status: 304,
  response_time: 59.437,
  level: 'http',
  message: 'incoming-request',
  timestamp: '2024-11-21 05:21:27.764 PM'
}
{
  method: 'GET',
  url: '/api/v1/property/673c854eed1abcb45eb70dae',
  status: 304,
  response_time: 55.212,
  level: 'http',
  message: 'incoming-request',
  timestamp: '2024-11-21 05:21:28.988 PM'
}
{
  method: 'GET',
  url: '/api/v1/property/?page=1',
  status: 200,
  content_length: '3460',
  response_time: 126.382,
  level: 'http',
  message: 'incoming-request',
  timestamp: '2024-11-21 05:21:29.064 PM'
}
{
  method: 'GET',
  url: '/api/v1/user/profile',
  status: 304,
  response_time: 116.651,
  level: 'http',
  message: 'incoming-request',
  timestamp: '2024-11-21 05:21:30.531 PM'
}
{
  method: 'GET',
  url: '/api/v1/property/673c854eed1abcb45eb70dae',
  status: 304,
  response_time: 55.915,
  level: 'http',
  message: 'incoming-request',
  timestamp: '2024-11-21 05:21:37.817 PM'
}
{
  method: 'GET',
  url: '/api/v1/property/?page=1',
  status: 200,
  content_length: '3460',
  response_time: 129.868,
  level: 'http',
  message: 'incoming-request',
  timestamp: '2024-11-21 05:21:37.893 PM'
}
{
  method: 'GET',
  url: '/api/v1/property/673c854eed1abcb45eb70dae',
  status: 304,
  response_time: 75.062,
  level: 'http',
  message: 'incoming-request',
  timestamp: '2024-11-21 05:21:37.896 PM'
}
{
  method: 'GET',
  url: '/api/v1/user/profile',
  status: 304,
  response_time: 117.26,
  level: 'http',
  message: 'incoming-request',
  timestamp: '2024-11-21 05:21:38.766 PM'
}
{
  method: 'GET',
  url: '/api/v1/property/673c854eed1abcb45eb70dae',
  status: 304,
  response_time: 61.604,
  level: 'http',
  message: 'incoming-request',
  timestamp: '2024-11-21 05:21:53.437 PM'
}
{
  method: 'GET',
  url: '/api/v1/property/673c854eed1abcb45eb70dae',
  status: 304,
  response_time: 94.941,
  level: 'http',
  message: 'incoming-request',
  timestamp: '2024-11-21 05:21:53.649 PM'
}
{
  method: 'GET',
  url: '/api/v1/property/?page=1',
  status: 200,
  content_length: '3460',
  response_time: 152.375,
  level: 'http',
  message: 'incoming-request',
  timestamp: '2024-11-21 05:21:53.715 PM'
}
{
  method: 'GET',
  url: '/api/v1/user/profile',
  status: 304,
  response_time: 142.805,
  level: 'http',
  message: 'incoming-request',
  timestamp: '2024-11-21 05:21:54.330 PM'
}
{
  method: 'GET',
  url: '/api/v1/property/673c854eed1abcb45eb70dae',
  status: 304,
  response_time: 58.051,
  level: 'http',
  message: 'incoming-request',
  timestamp: '2024-11-21 05:22:12.147 PM'
}
{
  method: 'GET',
  url: '/api/v1/property/?page=1',
  status: 200,
  content_length: '3460',
  response_time: 144.583,
  level: 'http',
  message: 'incoming-request',
  timestamp: '2024-11-21 05:22:12.237 PM'
}
{
  method: 'GET',
  url: '/api/v1/property/673c854eed1abcb45eb70dae',
  status: 304,
  response_time: 58.082,
  level: 'http',
  message: 'incoming-request',
  timestamp: '2024-11-21 05:22:12.896 PM'
}
{
  method: 'GET',
  url: '/api/v1/user/profile',
  status: 304,
  response_time: 131.697,
  level: 'http',
  message: 'incoming-request',
  timestamp: '2024-11-21 05:22:13.334 PM'
}
{
  method: 'GET',
  url: '/api/v1/property/673c854eed1abcb45eb70dae',
  status: 304,
  response_time: 58.047,
  level: 'http',
  message: 'incoming-request',
  timestamp: '2024-11-21 05:25:36.773 PM'
}
{
  method: 'GET',
  url: '/api/v1/user/profile',
  status: 304,
  response_time: 118.234,
  level: 'http',
  message: 'incoming-request',
  timestamp: '2024-11-21 05:25:37.401 PM'
}
{
  method: 'GET',
  url: '/api/v1/property/673c854eed1abcb45eb70dae',
  status: 304,
  response_time: 55.003,
  level: 'http',
  message: 'incoming-request',
  timestamp: '2024-11-21 05:25:38.763 PM'
}
{
  method: 'GET',
  url: '/api/v1/property/?page=1',
  status: 200,
  content_length: '3460',
  response_time: 117.005,
  level: 'http',
  message: 'incoming-request',
  timestamp: '2024-11-21 05:25:38.834 PM'
}
{
  method: 'GET',
  url: '/api/v1/property/673c854eed1abcb45eb70dae',
  status: 304,
  response_time: 56.992,
  level: 'http',
  message: 'incoming-request',
  timestamp: '2024-11-21 05:25:41.028 PM'
}
{
  method: 'GET',
  url: '/api/v1/property/673c854eed1abcb45eb70dae',
  status: 304,
  response_time: 56.939,
  level: 'http',
  message: 'incoming-request',
  timestamp: '2024-11-21 05:25:41.668 PM'
}
{
  method: 'GET',
  url: '/api/v1/property/?page=1',
  status: 200,
  content_length: '3460',
  response_time: 118.486,
  level: 'http',
  message: 'incoming-request',
  timestamp: '2024-11-21 05:25:41.733 PM'
}
{
  method: 'GET',
  url: '/api/v1/user/profile',
  status: 304,
  response_time: 115.835,
  level: 'http',
  message: 'incoming-request',
  timestamp: '2024-11-21 05:25:42.272 PM'
}
{
  method: 'GET',
  url: '/api/v1/property/673c854eed1abcb45eb70dae',
  status: 304,
  response_time: 89.543,
  level: 'http',
  message: 'incoming-request',
  timestamp: '2024-11-21 05:26:13.363 PM'
}
{
  method: 'GET',
  url: '/api/v1/user/profile',
  status: 304,
  response_time: 149.89,
  level: 'http',
  message: 'incoming-request',
  timestamp: '2024-11-21 05:26:13.418 PM'
}
{
  method: 'PATCH',
  url: '/api/v1/property/673c854eed1abcb45eb70dae',
  status: 200,
  content_length: '586',
  response_time: 282.404,
  level: 'http',
  message: 'incoming-request',
  timestamp: '2024-11-21 05:26:19.631 PM'
}
{
  method: 'GET',
  url: '/api/v1/property/673c854eed1abcb45eb70dae',
  status: 200,
  content_length: '542',
  response_time: 55.631,
  level: 'http',
  message: 'incoming-request',
  timestamp: '2024-11-21 05:26:19.708 PM'
}
{
  method: 'PATCH',
  url: '/api/v1/property/673c854eed1abcb45eb70dae',
  status: 200,
  content_length: '587',
  response_time: 180.836,
  level: 'http',
  message: 'incoming-request',
  timestamp: '2024-11-21 05:26:21.958 PM'
}
{
  method: 'GET',
  url: '/api/v1/property/673c854eed1abcb45eb70dae',
  status: 200,
  content_length: '543',
  response_time: 57.975,
  level: 'http',
  message: 'incoming-request',
  timestamp: '2024-11-21 05:26:22.047 PM'
}
{
  method: 'GET',
  url: '/api/v1/property/673c854eed1abcb45eb70dae',
  status: 304,
  response_time: 79.033,
  level: 'http',
  message: 'incoming-request',
  timestamp: '2024-11-21 05:26:23.703 PM'
}
{
  method: 'PATCH',
  url: '/api/v1/property/673c854eed1abcb45eb70dae',
  status: 200,
  content_length: '598',
  response_time: 198.122,
  level: 'http',
  message: 'incoming-request',
  timestamp: '2024-11-21 05:26:26.658 PM'
}
{
  method: 'GET',
  url: '/api/v1/property/673c854eed1abcb45eb70dae',
  status: 200,
  content_length: '554',
  response_time: 93.088,
  level: 'http',
  message: 'incoming-request',
  timestamp: '2024-11-21 05:26:26.787 PM'
}
