{
  message: 'Server on 1997 running. NodeENV: development  ',
  level: 'info',
  timestamp: '2024-12-16 02:44:22.652 PM'
}
{
  method: 'GET',
  url: '/api/v1/property/666720f01ed8af0105a0d444',
  status: 304,
  response_time: 57.953,
  level: 'http',
  message: 'incoming-request',
  timestamp: '2024-12-16 02:45:44.519 PM'
}
{
  method: 'GET',
  url: '/api/v1/property/?page=1',
  status: 200,
  content_length: '3505',
  response_time: 111.832,
  level: 'http',
  message: 'incoming-request',
  timestamp: '2024-12-16 02:45:44.566 PM'
}
{
  method: 'GET',
  url: '/api/v1/user/profile',
  status: 304,
  response_time: 110.075,
  level: 'http',
  message: 'incoming-request',
  timestamp: '2024-12-16 02:45:44.573 PM'
}
{
  method: 'GET',
  url: '/api/v1/user/profile',
  status: 304,
  response_time: 103.597,
  level: 'http',
  message: 'incoming-request',
  timestamp: '2024-12-16 02:46:33.356 PM'
}
{
  method: 'GET',
  url: '/api/v1/property/?page=1',
  status: 200,
  content_length: '3505',
  response_time: 104.56,
  level: 'http',
  message: 'incoming-request',
  timestamp: '2024-12-16 02:47:02.415 PM'
}
{
  method: 'GET',
  url: '/api/v1/property/666720f01ed8af0105a0d444',
  status: 304,
  response_time: 51.859,
  level: 'http',
  message: 'incoming-request',
  timestamp: '2024-12-16 03:09:05.877 PM'
}
{
  method: 'GET',
  url: '/api/v1/property/?page=1',
  status: 200,
  content_length: '3505',
  response_time: 104.41,
  level: 'http',
  message: 'incoming-request',
  timestamp: '2024-12-16 03:09:05.936 PM'
}
{
  method: 'GET',
  url: '/api/v1/user/profile',
  status: 304,
  response_time: 102.924,
  level: 'http',
  message: 'incoming-request',
  timestamp: '2024-12-16 03:09:05.939 PM'
}
{
  method: 'GET',
  url: '/api/v1/property/666720f01ed8af0105a0d444',
  status: 304,
  response_time: 51.359,
  level: 'http',
  message: 'incoming-request',
  timestamp: '2024-12-16 03:09:29.492 PM'
}
{
  method: 'GET',
  url: '/api/v1/property/?page=1',
  status: 200,
  content_length: '3505',
  response_time: 104.311,
  level: 'http',
  message: 'incoming-request',
  timestamp: '2024-12-16 03:09:29.548 PM'
}
{
  method: 'GET',
  url: '/api/v1/user/profile',
  status: 304,
  response_time: 105.294,
  level: 'http',
  message: 'incoming-request',
  timestamp: '2024-12-16 03:09:29.550 PM'
}
{
  method: 'GET',
  url: '/api/v1/user/profile',
  status: 304,
  response_time: 103.073,
  level: 'http',
  message: 'incoming-request',
  timestamp: '2024-12-16 03:09:29.865 PM'
}
{
  method: 'GET',
  url: '/api/v1/property/666720f01ed8af0105a0d444',
  status: 304,
  response_time: 51.634,
  level: 'http',
  message: 'incoming-request',
  timestamp: '2024-12-16 03:09:39.786 PM'
}
{
  method: 'GET',
  url: '/api/v1/property/?page=1',
  status: 200,
  content_length: '3505',
  response_time: 103.668,
  level: 'http',
  message: 'incoming-request',
  timestamp: '2024-12-16 03:09:39.840 PM'
}
{
  method: 'GET',
  url: '/api/v1/user/profile',
  status: 304,
  response_time: 102.822,
  level: 'http',
  message: 'incoming-request',
  timestamp: '2024-12-16 03:09:39.843 PM'
}
{
  method: 'GET',
  url: '/api/v1/user/profile',
  status: 304,
  response_time: 102.486,
  level: 'http',
  message: 'incoming-request',
  timestamp: '2024-12-16 03:09:40.403 PM'
}
{
  method: 'GET',
  url: '/api/v1/user/profile',
  status: 304,
  response_time: 104.57,
  level: 'http',
  message: 'incoming-request',
  timestamp: '2024-12-16 03:22:07.561 PM'
}
{
  method: 'GET',
  url: '/api/v1/user/profile',
  status: 304,
  response_time: 102.782,
  level: 'http',
  message: 'incoming-request',
  timestamp: '2024-12-16 03:22:13.102 PM'
}
{
  method: 'GET',
  url: '/api/v1/property/666720f01ed8af0105a0d444',
  status: 304,
  response_time: 51.977,
  level: 'http',
  message: 'incoming-request',
  timestamp: '2024-12-16 03:22:22.010 PM'
}
{
  method: 'GET',
  url: '/api/v1/property/?page=1',
  status: 200,
  content_length: '3505',
  response_time: 103.859,
  level: 'http',
  message: 'incoming-request',
  timestamp: '2024-12-16 03:22:22.063 PM'
}
{
  method: 'GET',
  url: '/api/v1/user/profile',
  status: 304,
  response_time: 104.807,
  level: 'http',
  message: 'incoming-request',
  timestamp: '2024-12-16 03:22:22.065 PM'
}
{
  method: 'GET',
  url: '/api/v1/user/profile',
  status: 304,
  response_time: 123.569,
  level: 'http',
  message: 'incoming-request',
  timestamp: '2024-12-16 03:22:22.617 PM'
}
{
  message: 'Server on 1997 running. NodeENV: development  ',
  level: 'info',
  timestamp: '2024-12-16 07:39:03.251 PM'
}
{
  method: 'GET',
  url: '/api/v1/user/profile',
  status: 304,
  response_time: 122.184,
  level: 'http',
  message: 'incoming-request',
  timestamp: '2024-12-16 07:42:32.905 PM'
}
{
  method: 'GET',
  url: '/api/v1/messages/67332bd4d9712b8ece95774a',
  status: 304,
  response_time: 105.492,
  level: 'http',
  message: 'incoming-request',
  timestamp: '2024-12-16 07:42:35.246 PM'
}
{
  method: 'GET',
  url: '/api/v1/messages/6738b0d3bc69a50643663670',
  status: 304,
  response_time: 109.334,
  level: 'http',
  message: 'incoming-request',
  timestamp: '2024-12-16 07:42:35.617 PM'
}
{
  method: 'GET',
  url: '/api/v1/messages/672e0b0d6b8a1d1375c020b2',
  status: 200,
  content_length: '2',
  response_time: 102.98,
  level: 'http',
  message: 'incoming-request',
  timestamp: '2024-12-16 07:42:36.598 PM'
}
{
  method: 'GET',
  url: '/api/v1/user/profile',
  status: 304,
  response_time: 103.786,
  level: 'http',
  message: 'incoming-request',
  timestamp: '2024-12-16 07:44:37.349 PM'
}
{
  method: 'GET',
  url: '/api/v1/user/profile',
  status: 304,
  response_time: 103.553,
  level: 'http',
  message: 'incoming-request',
  timestamp: '2024-12-16 07:44:51.147 PM'
}
{
  method: 'GET',
  url: '/api/v1/user/profile',
  status: 304,
  response_time: 104.718,
  level: 'http',
  message: 'incoming-request',
  timestamp: '2024-12-16 07:52:11.349 PM'
}
{
  method: 'GET',
  url: '/api/v1/user/profile',
  status: 304,
  response_time: 103.163,
  level: 'http',
  message: 'incoming-request',
  timestamp: '2024-12-16 07:52:21.977 PM'
}
{
  method: 'GET',
  url: '/api/v1/user/profile',
  status: 304,
  response_time: 105.603,
  level: 'http',
  message: 'incoming-request',
  timestamp: '2024-12-16 07:52:31.813 PM'
}
{
  method: 'GET',
  url: '/api/v1/user/profile',
  status: 304,
  response_time: 103.039,
  level: 'http',
  message: 'incoming-request',
  timestamp: '2024-12-16 07:52:41.364 PM'
}
{
  method: 'GET',
  url: '/api/v1/user/profile',
  status: 304,
  response_time: 102.822,
  level: 'http',
  message: 'incoming-request',
  timestamp: '2024-12-16 07:53:13.808 PM'
}
{
  method: 'GET',
  url: '/api/v1/user/profile',
  status: 304,
  response_time: 102.79,
  level: 'http',
  message: 'incoming-request',
  timestamp: '2024-12-16 07:55:30.596 PM'
}
{
  method: 'GET',
  url: '/api/v1/user/profile',
  status: 304,
  response_time: 104.61,
  level: 'http',
  message: 'incoming-request',
  timestamp: '2024-12-16 07:55:43.893 PM'
}
{
  method: 'GET',
  url: '/api/v1/user/profile',
  status: 304,
  response_time: 102.643,
  level: 'http',
  message: 'incoming-request',
  timestamp: '2024-12-16 07:55:50.518 PM'
}
{
  method: 'GET',
  url: '/api/v1/user/profile',
  status: 304,
  response_time: 102.75,
  level: 'http',
  message: 'incoming-request',
  timestamp: '2024-12-16 07:55:54.129 PM'
}
{
  method: 'GET',
  url: '/api/v1/user/profile',
  status: 304,
  response_time: 102.98,
  level: 'http',
  message: 'incoming-request',
  timestamp: '2024-12-16 07:55:59.360 PM'
}
{
  method: 'GET',
  url: '/api/v1/user/profile',
  status: 0,
  response_time: '0',
  level: 'http',
  message: 'incoming-request',
  timestamp: '2024-12-16 07:56:05.341 PM'
}
{
  method: 'GET',
  url: '/api/v1/user/profile',
  status: 200,
  content_length: '1760',
  response_time: 104.466,
  level: 'http',
  message: 'incoming-request',
  timestamp: '2024-12-16 07:56:05.993 PM'
}
{
  method: 'GET',
  url: '/api/v1/user/profile',
  status: 304,
  response_time: 102.566,
  level: 'http',
  message: 'incoming-request',
  timestamp: '2024-12-16 07:56:11.740 PM'
}
{
  method: 'GET',
  url: '/api/v1/user/profile',
  status: 304,
  response_time: 102.605,
  level: 'http',
  message: 'incoming-request',
  timestamp: '2024-12-16 07:56:21.190 PM'
}
{
  method: 'GET',
  url: '/api/v1/user/profile',
  status: 304,
  response_time: 102.471,
  level: 'http',
  message: 'incoming-request',
  timestamp: '2024-12-16 07:56:45.789 PM'
}
{
  method: 'GET',
  url: '/api/v1/user/profile',
  status: 304,
  response_time: 102.941,
  level: 'http',
  message: 'incoming-request',
  timestamp: '2024-12-16 07:57:04.972 PM'
}
{
  method: 'GET',
  url: '/api/v1/user/profile',
  status: 304,
  response_time: 102.677,
  level: 'http',
  message: 'incoming-request',
  timestamp: '2024-12-16 07:57:06.618 PM'
}
{
  method: 'GET',
  url: '/api/v1/user/profile',
  status: 304,
  response_time: 102.18,
  level: 'http',
  message: 'incoming-request',
  timestamp: '2024-12-16 07:57:08.243 PM'
}
{
  method: 'GET',
  url: '/api/v1/user/profile',
  status: 304,
  response_time: 102.149,
  level: 'http',
  message: 'incoming-request',
  timestamp: '2024-12-16 07:57:37.367 PM'
}
{
  method: 'GET',
  url: '/api/v1/user/profile',
  status: 304,
  response_time: 102.43,
  level: 'http',
  message: 'incoming-request',
  timestamp: '2024-12-16 08:00:03.841 PM'
}
{
  method: 'GET',
  url: '/api/v1/user/profile',
  status: 304,
  response_time: 103.509,
  level: 'http',
  message: 'incoming-request',
  timestamp: '2024-12-16 08:00:20.035 PM'
}
{
  method: 'GET',
  url: '/api/v1/user/profile',
  status: 304,
  response_time: 102.943,
  level: 'http',
  message: 'incoming-request',
  timestamp: '2024-12-16 08:00:26.029 PM'
}
{
  method: 'GET',
  url: '/api/v1/user/profile',
  status: 304,
  response_time: 105.441,
  level: 'http',
  message: 'incoming-request',
  timestamp: '2024-12-16 08:05:15.746 PM'
}
{
  method: 'GET',
  url: '/api/v1/user/profile',
  status: 304,
  response_time: 102.299,
  level: 'http',
  message: 'incoming-request',
  timestamp: '2024-12-16 08:05:19.633 PM'
}
{
  method: 'GET',
  url: '/api/v1/user/profile',
  status: 304,
  response_time: 102.32,
  level: 'http',
  message: 'incoming-request',
  timestamp: '2024-12-16 08:05:25.004 PM'
}
{
  method: 'GET',
  url: '/api/v1/user/profile',
  status: 304,
  response_time: 104.376,
  level: 'http',
  message: 'incoming-request',
  timestamp: '2024-12-16 08:05:31.166 PM'
}
{
  method: 'GET',
  url: '/api/v1/user/profile',
  status: 304,
  response_time: 104.859,
  level: 'http',
  message: 'incoming-request',
  timestamp: '2024-12-16 08:15:01.306 PM'
}
{
  method: 'GET',
  url: '/api/v1/user/profile',
  status: 304,
  response_time: 102.551,
  level: 'http',
  message: 'incoming-request',
  timestamp: '2024-12-16 08:15:03.417 PM'
}
{
  method: 'GET',
  url: '/api/v1/user/profile',
  status: 304,
  response_time: 102.425,
  level: 'http',
  message: 'incoming-request',
  timestamp: '2024-12-16 08:15:14.423 PM'
}
{
  method: 'GET',
  url: '/api/v1/user/profile',
  status: 304,
  response_time: 102.477,
  level: 'http',
  message: 'incoming-request',
  timestamp: '2024-12-16 08:15:19.806 PM'
}
{
  method: 'GET',
  url: '/api/v1/user/profile',
  status: 304,
  response_time: 102.456,
  level: 'http',
  message: 'incoming-request',
  timestamp: '2024-12-16 08:15:41.785 PM'
}
{
  method: 'GET',
  url: '/api/v1/user/profile',
  status: 304,
  response_time: 102.968,
  level: 'http',
  message: 'incoming-request',
  timestamp: '2024-12-16 08:15:49.445 PM'
}
{
  method: 'GET',
  url: '/api/v1/user/profile',
  status: 304,
  response_time: 104.46,
  level: 'http',
  message: 'incoming-request',
  timestamp: '2024-12-16 08:15:55.990 PM'
}
{
  method: 'GET',
  url: '/api/v1/user/profile',
  status: 304,
  response_time: 106.283,
  level: 'http',
  message: 'incoming-request',
  timestamp: '2024-12-16 08:15:59.918 PM'
}
{
  method: 'GET',
  url: '/api/v1/user/profile',
  status: 304,
  response_time: 102.376,
  level: 'http',
  message: 'incoming-request',
  timestamp: '2024-12-16 08:21:05.985 PM'
}
{
  method: 'GET',
  url: '/api/v1/user/profile',
  status: 304,
  response_time: 102.851,
  level: 'http',
  message: 'incoming-request',
  timestamp: '2024-12-16 08:26:35.831 PM'
}
{
  method: 'GET',
  url: '/api/v1/user/profile',
  status: 304,
  response_time: 102.62,
  level: 'http',
  message: 'incoming-request',
  timestamp: '2024-12-16 08:26:44.285 PM'
}
{
  method: 'GET',
  url: '/api/v1/user/profile',
  status: 304,
  response_time: 104.289,
  level: 'http',
  message: 'incoming-request',
  timestamp: '2024-12-16 08:26:55.276 PM'
}
{
  method: 'GET',
  url: '/api/v1/user/profile',
  status: 304,
  response_time: 102.763,
  level: 'http',
  message: 'incoming-request',
  timestamp: '2024-12-16 08:27:01.399 PM'
}
{
  method: 'GET',
  url: '/api/v1/user/profile',
  status: 304,
  response_time: 101.974,
  level: 'http',
  message: 'incoming-request',
  timestamp: '2024-12-16 08:27:06.697 PM'
}
{
  method: 'GET',
  url: '/api/v1/user/profile',
  status: 304,
  response_time: 102.307,
  level: 'http',
  message: 'incoming-request',
  timestamp: '2024-12-16 08:27:10.872 PM'
}
{
  method: 'GET',
  url: '/api/v1/user/profile',
  status: 304,
  response_time: 116.579,
  level: 'http',
  message: 'incoming-request',
  timestamp: '2024-12-16 08:27:20.911 PM'
}
{
  method: 'GET',
  url: '/api/v1/user/profile',
  status: 304,
  response_time: 102.436,
  level: 'http',
  message: 'incoming-request',
  timestamp: '2024-12-16 08:27:24.168 PM'
}
{
  method: 'GET',
  url: '/api/v1/user/profile',
  status: 304,
  response_time: 102.253,
  level: 'http',
  message: 'incoming-request',
  timestamp: '2024-12-16 08:27:34.472 PM'
}
{
  method: 'GET',
  url: '/api/v1/user/profile',
  status: 304,
  response_time: 102.402,
  level: 'http',
  message: 'incoming-request',
  timestamp: '2024-12-16 08:27:45.939 PM'
}
{
  method: 'GET',
  url: '/api/v1/user/profile',
  status: 304,
  response_time: 102.257,
  level: 'http',
  message: 'incoming-request',
  timestamp: '2024-12-16 08:27:49.103 PM'
}
{
  method: 'GET',
  url: '/api/v1/user/profile',
  status: 304,
  response_time: 102.998,
  level: 'http',
  message: 'incoming-request',
  timestamp: '2024-12-16 08:28:06.083 PM'
}
{
  method: 'GET',
  url: '/api/v1/user/profile',
  status: 304,
  response_time: 102.181,
  level: 'http',
  message: 'incoming-request',
  timestamp: '2024-12-16 08:28:37.196 PM'
}
{
  method: 'GET',
  url: '/api/v1/user/profile',
  status: 304,
  response_time: 102.427,
  level: 'http',
  message: 'incoming-request',
  timestamp: '2024-12-16 08:31:36.652 PM'
}
{
  method: 'GET',
  url: '/api/v1/user/profile',
  status: 304,
  response_time: 102.56,
  level: 'http',
  message: 'incoming-request',
  timestamp: '2024-12-16 08:31:55.940 PM'
}
{
  method: 'GET',
  url: '/api/v1/user/profile',
  status: 304,
  response_time: 102.348,
  level: 'http',
  message: 'incoming-request',
  timestamp: '2024-12-16 08:31:59.083 PM'
}
{
  method: 'GET',
  url: '/api/v1/user/profile',
  status: 304,
  response_time: 103.677,
  level: 'http',
  message: 'incoming-request',
  timestamp: '2024-12-16 08:32:11.995 PM'
}
{
  method: 'GET',
  url: '/api/v1/user/profile',
  status: 304,
  response_time: 102.967,
  level: 'http',
  message: 'incoming-request',
  timestamp: '2024-12-16 08:32:16.599 PM'
}
{
  method: 'GET',
  url: '/api/v1/user/profile',
  status: 304,
  response_time: 102.666,
  level: 'http',
  message: 'incoming-request',
  timestamp: '2024-12-16 08:32:19.974 PM'
}
{
  method: 'GET',
  url: '/api/v1/user/profile',
  status: 304,
  response_time: 103.202,
  level: 'http',
  message: 'incoming-request',
  timestamp: '2024-12-16 08:32:46.286 PM'
}
{
  method: 'GET',
  url: '/api/v1/user/profile',
  status: 304,
  response_time: 102.509,
  level: 'http',
  message: 'incoming-request',
  timestamp: '2024-12-16 08:33:52.641 PM'
}
{
  method: 'GET',
  url: '/api/v1/user/profile',
  status: 304,
  response_time: 103.942,
  level: 'http',
  message: 'incoming-request',
  timestamp: '2024-12-16 08:33:58.128 PM'
}
{
  method: 'GET',
  url: '/api/v1/user/profile',
  status: 304,
  response_time: 102.835,
  level: 'http',
  message: 'incoming-request',
  timestamp: '2024-12-16 08:42:29.988 PM'
}
{
  method: 'GET',
  url: '/api/v1/user/profile',
  status: 304,
  response_time: 105.714,
  level: 'http',
  message: 'incoming-request',
  timestamp: '2024-12-16 08:42:42.234 PM'
}
{
  method: 'GET',
  url: '/api/v1/user/profile',
  status: 304,
  response_time: 102.955,
  level: 'http',
  message: 'incoming-request',
  timestamp: '2024-12-16 08:42:46.535 PM'
}
{
  method: 'GET',
  url: '/api/v1/user/profile',
  status: 304,
  response_time: 102.572,
  level: 'http',
  message: 'incoming-request',
  timestamp: '2024-12-16 08:42:51.729 PM'
}
{
  method: 'GET',
  url: '/api/v1/user/profile',
  status: 304,
  response_time: 102.256,
  level: 'http',
  message: 'incoming-request',
  timestamp: '2024-12-16 08:42:54.279 PM'
}
{
  method: 'GET',
  url: '/api/v1/user/profile',
  status: 304,
  response_time: 102.074,
  level: 'http',
  message: 'incoming-request',
  timestamp: '2024-12-16 08:43:01.781 PM'
}
{
  method: 'GET',
  url: '/api/v1/user/profile',
  status: 304,
  response_time: 103.028,
  level: 'http',
  message: 'incoming-request',
  timestamp: '2024-12-16 08:43:08.168 PM'
}
{
  method: 'GET',
  url: '/api/v1/user/profile',
  status: 304,
  response_time: 102.246,
  level: 'http',
  message: 'incoming-request',
  timestamp: '2024-12-16 08:43:19.804 PM'
}
{
  method: 'GET',
  url: '/api/v1/user/profile',
  status: 304,
  response_time: 102.326,
  level: 'http',
  message: 'incoming-request',
  timestamp: '2024-12-16 08:43:24.668 PM'
}
{
  method: 'GET',
  url: '/api/v1/user/profile',
  status: 304,
  response_time: 102.592,
  level: 'http',
  message: 'incoming-request',
  timestamp: '2024-12-16 08:43:37.085 PM'
}
{
  method: 'GET',
  url: '/api/v1/user/profile',
  status: 304,
  response_time: 102.597,
  level: 'http',
  message: 'incoming-request',
  timestamp: '2024-12-16 08:43:43.110 PM'
}
{
  method: 'GET',
  url: '/api/v1/user/profile',
  status: 304,
  response_time: 101.981,
  level: 'http',
  message: 'incoming-request',
  timestamp: '2024-12-16 08:43:52.795 PM'
}
{
  method: 'GET',
  url: '/api/v1/user/profile',
  status: 304,
  response_time: 102.734,
  level: 'http',
  message: 'incoming-request',
  timestamp: '2024-12-16 08:43:59.318 PM'
}
{
  method: 'GET',
  url: '/api/v1/user/profile',
  status: 304,
  response_time: 102.691,
  level: 'http',
  message: 'incoming-request',
  timestamp: '2024-12-16 08:44:12.798 PM'
}
{
  method: 'GET',
  url: '/api/v1/user/profile',
  status: 304,
  response_time: 102.477,
  level: 'http',
  message: 'incoming-request',
  timestamp: '2024-12-16 08:44:30.449 PM'
}
{
  method: 'GET',
  url: '/api/v1/user/profile',
  status: 304,
  response_time: 102.43,
  level: 'http',
  message: 'incoming-request',
  timestamp: '2024-12-16 08:44:39.636 PM'
}
{
  method: 'GET',
  url: '/api/v1/user/profile',
  status: 304,
  response_time: 104.128,
  level: 'http',
  message: 'incoming-request',
  timestamp: '2024-12-16 08:44:51.179 PM'
}
{
  method: 'GET',
  url: '/api/v1/user/profile',
  status: 304,
  response_time: 102.116,
  level: 'http',
  message: 'incoming-request',
  timestamp: '2024-12-16 08:44:56.607 PM'
}
{
  method: 'GET',
  url: '/api/v1/user/profile',
  status: 304,
  response_time: 102.202,
  level: 'http',
  message: 'incoming-request',
  timestamp: '2024-12-16 08:45:01.831 PM'
}
{
  method: 'GET',
  url: '/api/v1/user/profile',
  status: 304,
  response_time: 103.382,
  level: 'http',
  message: 'incoming-request',
  timestamp: '2024-12-16 08:47:24.353 PM'
}
{
  method: 'GET',
  url: '/api/v1/user/profile',
  status: 304,
  response_time: 102.332,
  level: 'http',
  message: 'incoming-request',
  timestamp: '2024-12-16 08:48:14.911 PM'
}
{
  method: 'GET',
  url: '/api/v1/user/profile',
  status: 304,
  response_time: 102.291,
  level: 'http',
  message: 'incoming-request',
  timestamp: '2024-12-16 08:48:42.623 PM'
}
{
  method: 'GET',
  url: '/api/v1/user/profile',
  status: 304,
  response_time: 102.181,
  level: 'http',
  message: 'incoming-request',
  timestamp: '2024-12-16 08:48:58.221 PM'
}
{
  method: 'GET',
  url: '/api/v1/user/profile',
  status: 304,
  response_time: 102.112,
  level: 'http',
  message: 'incoming-request',
  timestamp: '2024-12-16 08:49:11.308 PM'
}
{
  method: 'GET',
  url: '/api/v1/user/profile',
  status: 304,
  response_time: 102.958,
  level: 'http',
  message: 'incoming-request',
  timestamp: '2024-12-16 08:49:20.525 PM'
}
{
  method: 'GET',
  url: '/api/v1/user/profile',
  status: 304,
  response_time: 102.174,
  level: 'http',
  message: 'incoming-request',
  timestamp: '2024-12-16 08:49:42.664 PM'
}
{
  method: 'GET',
  url: '/api/v1/user/profile',
  status: 304,
  response_time: 102.053,
  level: 'http',
  message: 'incoming-request',
  timestamp: '2024-12-16 08:50:14.482 PM'
}
{
  method: 'GET',
  url: '/api/v1/property/?page=1',
  status: 200,
  content_length: '3505',
  response_time: 117.812,
  level: 'http',
  message: 'incoming-request',
  timestamp: '2024-12-16 08:50:28.626 PM'
}
{
  method: 'GET',
  url: '/api/v1/user/profile',
  status: 200,
  content_length: '1760',
  response_time: 104.055,
  level: 'http',
  message: 'incoming-request',
  timestamp: '2024-12-16 08:50:50.431 PM'
}
{
  method: 'GET',
  url: '/api/v1/user/profile',
  status: 304,
  response_time: 112.904,
  level: 'http',
  message: 'incoming-request',
  timestamp: '2024-12-16 08:51:52.010 PM'
}
{
  method: 'GET',
  url: '/api/v1/user/profile',
  status: 304,
  response_time: 102.417,
  level: 'http',
  message: 'incoming-request',
  timestamp: '2024-12-16 08:53:09.056 PM'
}
{
  method: 'GET',
  url: '/api/v1/user/profile',
  status: 304,
  response_time: 102.952,
  level: 'http',
  message: 'incoming-request',
  timestamp: '2024-12-16 09:06:26.641 PM'
}
{
  method: 'GET',
  url: '/api/v1/user/profile',
  status: 304,
  response_time: 103.932,
  level: 'http',
  message: 'incoming-request',
  timestamp: '2024-12-16 09:07:56.824 PM'
}
{
  method: 'GET',
  url: '/api/v1/user/profile',
  status: 304,
  response_time: 103.158,
  level: 'http',
  message: 'incoming-request',
  timestamp: '2024-12-16 09:08:18.608 PM'
}
{
  method: 'GET',
  url: '/api/v1/user/profile',
  status: 304,
  response_time: 102.246,
  level: 'http',
  message: 'incoming-request',
  timestamp: '2024-12-16 09:08:21.716 PM'
}
{
  method: 'GET',
  url: '/api/v1/user/profile',
  status: 304,
  response_time: 102.813,
  level: 'http',
  message: 'incoming-request',
  timestamp: '2024-12-16 09:08:46.007 PM'
}
{
  method: 'POST',
  url: '/api/v1/order',
  status: 201,
  content_length: '497',
  response_time: 188.451,
  level: 'http',
  message: 'incoming-request',
  timestamp: '2024-12-16 09:14:39.936 PM'
}
{
  method: 'GET',
  url: '/api/v1/user/profile',
  status: 304,
  response_time: 102.99,
  level: 'http',
  message: 'incoming-request',
  timestamp: '2024-12-16 09:21:23.744 PM'
}
{
  method: 'GET',
  url: '/api/v1/user/profile',
  status: 304,
  response_time: 102.207,
  level: 'http',
  message: 'incoming-request',
  timestamp: '2024-12-16 09:21:30.407 PM'
}
{
  method: 'GET',
  url: '/api/v1/user/profile',
  status: 304,
  response_time: 104.92,
  level: 'http',
  message: 'incoming-request',
  timestamp: '2024-12-16 09:21:38.683 PM'
}
{
  method: 'GET',
  url: '/api/v1/user/profile',
  status: 304,
  response_time: 106.305,
  level: 'http',
  message: 'incoming-request',
  timestamp: '2024-12-16 09:21:41.635 PM'
}
{
  method: 'GET',
  url: '/api/v1/user/profile',
  status: 304,
  response_time: 102.851,
  level: 'http',
  message: 'incoming-request',
  timestamp: '2024-12-16 09:26:48.837 PM'
}
{
  method: 'GET',
  url: '/api/v1/user/profile',
  status: 304,
  response_time: 103.752,
  level: 'http',
  message: 'incoming-request',
  timestamp: '2024-12-16 09:26:58.913 PM'
}
{
  method: 'GET',
  url: '/api/v1/user/profile',
  status: 304,
  response_time: 103.175,
  level: 'http',
  message: 'incoming-request',
  timestamp: '2024-12-16 10:01:24.916 PM'
}
{
  method: 'GET',
  url: '/api/v1/user/profile',
  status: 304,
  response_time: 103.312,
  level: 'http',
  message: 'incoming-request',
  timestamp: '2024-12-16 10:01:53.459 PM'
}
{
  method: 'GET',
  url: '/api/v1/user/profile',
  status: 304,
  response_time: 102.381,
  level: 'http',
  message: 'incoming-request',
  timestamp: '2024-12-16 10:01:56.662 PM'
}
{
  method: 'GET',
  url: '/api/v1/user/profile',
  status: 304,
  response_time: 102.929,
  level: 'http',
  message: 'incoming-request',
  timestamp: '2024-12-16 10:02:09.969 PM'
}
{
  method: 'GET',
  url: '/api/v1/user/profile',
  status: 304,
  response_time: 102.361,
  level: 'http',
  message: 'incoming-request',
  timestamp: '2024-12-16 10:02:16.268 PM'
}
{
  method: 'GET',
  url: '/api/v1/user/profile',
  status: 304,
  response_time: 103.341,
  level: 'http',
  message: 'incoming-request',
  timestamp: '2024-12-16 10:02:28.070 PM'
}
{
  method: 'GET',
  url: '/api/v1/user/profile',
  status: 304,
  response_time: 163.68,
  level: 'http',
  message: 'incoming-request',
  timestamp: '2024-12-16 10:02:35.524 PM'
}
{
  method: 'GET',
  url: '/api/v1/user/profile',
  status: 304,
  response_time: 104.762,
  level: 'http',
  message: 'incoming-request',
  timestamp: '2024-12-16 10:03:17.071 PM'
}
{
  method: 'GET',
  url: '/api/v1/user/profile',
  status: 304,
  response_time: 102.576,
  level: 'http',
  message: 'incoming-request',
  timestamp: '2024-12-16 10:03:44.816 PM'
}
{
  method: 'GET',
  url: '/api/v1/user/profile',
  status: 304,
  response_time: 104.383,
  level: 'http',
  message: 'incoming-request',
  timestamp: '2024-12-16 10:03:54.005 PM'
}
{
  method: 'GET',
  url: '/api/v1/user/profile',
  status: 304,
  response_time: 104.659,
  level: 'http',
  message: 'incoming-request',
  timestamp: '2024-12-16 10:03:59.411 PM'
}
{
  method: 'GET',
  url: '/api/v1/user/profile',
  status: 304,
  response_time: 102.46,
  level: 'http',
  message: 'incoming-request',
  timestamp: '2024-12-16 10:09:47.556 PM'
}
{
  method: 'GET',
  url: '/api/v1/user/profile',
  status: 304,
  response_time: 102.715,
  level: 'http',
  message: 'incoming-request',
  timestamp: '2024-12-16 10:09:59.040 PM'
}
{
  method: 'GET',
  url: '/api/v1/user/profile',
  status: 304,
  response_time: 105.044,
  level: 'http',
  message: 'incoming-request',
  timestamp: '2024-12-16 10:10:05.965 PM'
}
{
  method: 'GET',
  url: '/api/v1/user/profile',
  status: 304,
  response_time: 102.571,
  level: 'http',
  message: 'incoming-request',
  timestamp: '2024-12-16 10:10:19.181 PM'
}
{
  method: 'GET',
  url: '/api/v1/user/profile',
  status: 304,
  response_time: 103.025,
  level: 'http',
  message: 'incoming-request',
  timestamp: '2024-12-16 10:13:43.296 PM'
}
{
  method: 'GET',
  url: '/api/v1/user/profile',
  status: 304,
  response_time: 133.027,
  level: 'http',
  message: 'incoming-request',
  timestamp: '2024-12-16 10:27:14.793 PM'
}
{
  method: 'GET',
  url: '/api/v1/user/profile',
  status: 304,
  response_time: 102.673,
  level: 'http',
  message: 'incoming-request',
  timestamp: '2024-12-16 10:27:56.941 PM'
}
{
  method: 'GET',
  url: '/api/v1/user/profile',
  status: 304,
  response_time: 102.541,
  level: 'http',
  message: 'incoming-request',
  timestamp: '2024-12-16 10:28:08.696 PM'
}
{
  method: 'GET',
  url: '/api/v1/user/profile',
  status: 304,
  response_time: 102.102,
  level: 'http',
  message: 'incoming-request',
  timestamp: '2024-12-16 10:28:23.368 PM'
}
{
  method: 'GET',
  url: '/api/v1/user/profile',
  status: 304,
  response_time: 125.873,
  level: 'http',
  message: 'incoming-request',
  timestamp: '2024-12-16 10:28:31.575 PM'
}
{
  method: 'GET',
  url: '/api/v1/user/profile',
  status: 304,
  response_time: 102.107,
  level: 'http',
  message: 'incoming-request',
  timestamp: '2024-12-16 10:28:46.856 PM'
}
{
  method: 'GET',
  url: '/api/v1/user/profile',
  status: 304,
  response_time: 103.256,
  level: 'http',
  message: 'incoming-request',
  timestamp: '2024-12-16 10:29:21.437 PM'
}
{
  method: 'GET',
  url: '/api/v1/user/profile',
  status: 304,
  response_time: 106.912,
  level: 'http',
  message: 'incoming-request',
  timestamp: '2024-12-16 10:29:27.490 PM'
}
{
  method: 'GET',
  url: '/api/v1/user/profile',
  status: 304,
  response_time: 102.931,
  level: 'http',
  message: 'incoming-request',
  timestamp: '2024-12-16 10:29:49.250 PM'
}
{
  method: 'GET',
  url: '/api/v1/user/profile',
  status: 304,
  response_time: 106.309,
  level: 'http',
  message: 'incoming-request',
  timestamp: '2024-12-16 10:29:59.572 PM'
}
{
  method: 'GET',
  url: '/api/v1/user/profile',
  status: 304,
  response_time: 102.455,
  level: 'http',
  message: 'incoming-request',
  timestamp: '2024-12-16 10:30:10.578 PM'
}
{
  method: 'GET',
  url: '/api/v1/user/profile',
  status: 304,
  response_time: 122.591,
  level: 'http',
  message: 'incoming-request',
  timestamp: '2024-12-16 10:31:04.376 PM'
}
{
  method: 'GET',
  url: '/api/v1/user/profile',
  status: 304,
  response_time: 103.074,
  level: 'http',
  message: 'incoming-request',
  timestamp: '2024-12-16 10:31:17.605 PM'
}
{
  method: 'GET',
  url: '/api/v1/user/profile',
  status: 304,
  response_time: 102.255,
  level: 'http',
  message: 'incoming-request',
  timestamp: '2024-12-16 10:31:45.932 PM'
}
{
  method: 'GET',
  url: '/api/v1/user/profile',
  status: 304,
  response_time: 106.259,
  level: 'http',
  message: 'incoming-request',
  timestamp: '2024-12-16 10:32:04.528 PM'
}
{
  method: 'GET',
  url: '/api/v1/user/profile',
  status: 304,
  response_time: 102.891,
  level: 'http',
  message: 'incoming-request',
  timestamp: '2024-12-16 10:32:28.111 PM'
}
{
  method: 'GET',
  url: '/api/v1/user/profile',
  status: 304,
  response_time: 102.596,
  level: 'http',
  message: 'incoming-request',
  timestamp: '2024-12-16 10:33:01.726 PM'
}
{
  method: 'GET',
  url: '/api/v1/user/profile',
  status: 304,
  response_time: 102.439,
  level: 'http',
  message: 'incoming-request',
  timestamp: '2024-12-16 10:34:11.266 PM'
}
{
  method: 'GET',
  url: '/api/v1/user/profile',
  status: 304,
  response_time: 103.064,
  level: 'http',
  message: 'incoming-request',
  timestamp: '2024-12-16 10:34:17.220 PM'
}
{
  method: 'GET',
  url: '/api/v1/user/profile',
  status: 304,
  response_time: 102.804,
  level: 'http',
  message: 'incoming-request',
  timestamp: '2024-12-16 10:34:53.327 PM'
}
{
  method: 'GET',
  url: '/api/v1/user/profile',
  status: 304,
  response_time: 104.8,
  level: 'http',
  message: 'incoming-request',
  timestamp: '2024-12-16 10:36:34.066 PM'
}
{
  method: 'GET',
  url: '/api/v1/user/profile',
  status: 304,
  response_time: 103.126,
  level: 'http',
  message: 'incoming-request',
  timestamp: '2024-12-16 10:36:50.213 PM'
}
{
  method: 'GET',
  url: '/api/v1/user/profile',
  status: 304,
  response_time: 105.826,
  level: 'http',
  message: 'incoming-request',
  timestamp: '2024-12-16 10:36:55.122 PM'
}
{
  method: 'GET',
  url: '/api/v1/user/profile',
  status: 304,
  response_time: 103.336,
  level: 'http',
  message: 'incoming-request',
  timestamp: '2024-12-16 10:37:36.104 PM'
}
{
  method: 'GET',
  url: '/api/v1/user/profile',
  status: 304,
  response_time: 102.755,
  level: 'http',
  message: 'incoming-request',
  timestamp: '2024-12-16 10:43:03.951 PM'
}
{
  message: 'Server on 1997 running. NodeENV: development  ',
  level: 'info',
  timestamp: '2024-12-16 10:48:06.238 PM'
}
{
  message: 'Server on 1997 running. NodeENV: development  ',
  level: 'info',
  timestamp: '2024-12-16 10:48:54.188 PM'
}
{
  method: 'GET',
  url: '/api/v1/user/profile',
  status: 304,
  response_time: 114.624,
  level: 'http',
  message: 'incoming-request',
  timestamp: '2024-12-16 10:49:03.159 PM'
}
{
  method: 'GET',
  url: '/api/v1/user/profile',
  status: 304,
  response_time: 104.259,
  level: 'http',
  message: 'incoming-request',
  timestamp: '2024-12-16 10:49:16.172 PM'
}
{
  method: 'GET',
  url: '/api/v1/auth/logout',
  status: 204,
  response_time: 0.554,
  level: 'http',
  message: 'incoming-request',
  timestamp: '2024-12-16 10:49:19.368 PM'
}
{
  method: 'GET',
  url: '/api/v1/user/profile',
  status: 401,
  content_length: '26',
  response_time: 0.303,
  level: 'http',
  message: 'incoming-request',
  timestamp: '2024-12-16 10:49:19.379 PM'
}
{
  method: 'GET',
  url: '/api/v1/property/666720f01ed8af0105a0d444',
  status: 304,
  response_time: 56.136,
  level: 'http',
  message: 'incoming-request',
  timestamp: '2024-12-16 10:49:19.442 PM'
}
{
  method: 'GET',
  url: '/api/v1/property/?page=1',
  status: 200,
  content_length: '3505',
  response_time: 107.066,
  level: 'http',
  message: 'incoming-request',
  timestamp: '2024-12-16 10:49:19.489 PM'
}
{
  method: 'POST',
  url: '/api/v1/auth/login',
  status: 200,
  content_length: '504',
  response_time: 194.602,
  level: 'http',
  message: 'incoming-request',
  timestamp: '2024-12-16 10:49:23.788 PM'
}
{
  method: 'GET',
  url: '/api/v1/user/profile',
  status: 200,
  content_length: '1934',
  response_time: 103.479,
  level: 'http',
  message: 'incoming-request',
  timestamp: '2024-12-16 10:49:23.940 PM'
}
{
  method: 'GET',
  url: '/api/v1/user/profile',
  status: 304,
  response_time: 105.254,
  level: 'http',
  message: 'incoming-request',
  timestamp: '2024-12-16 10:50:04.321 PM'
}
{
  method: 'GET',
  url: '/api/v1/user/profile',
  status: 304,
  response_time: 126.665,
  level: 'http',
  message: 'incoming-request',
  timestamp: '2024-12-16 10:50:04.451 PM'
}
{
  method: 'GET',
  url: '/api/v1/user/profile',
  status: 304,
  response_time: 104.436,
  level: 'http',
  message: 'incoming-request',
  timestamp: '2024-12-16 10:50:11.362 PM'
}
{
  method: 'GET',
  url: '/api/v1/user/profile',
  status: 304,
  response_time: 102.941,
  level: 'http',
  message: 'incoming-request',
  timestamp: '2024-12-16 10:50:11.466 PM'
}
{
  method: 'GET',
  url: '/api/v1/user/profile',
  status: 304,
  response_time: 132.932,
  level: 'http',
  message: 'incoming-request',
  timestamp: '2024-12-16 10:50:48.706 PM'
}
{
  method: 'GET',
  url: '/api/v1/user/profile',
  status: 304,
  response_time: 104.536,
  level: 'http',
  message: 'incoming-request',
  timestamp: '2024-12-16 10:50:48.814 PM'
}
{
  method: 'GET',
  url: '/api/v1/user/profile',
  status: 304,
  response_time: 102.431,
  level: 'http',
  message: 'incoming-request',
  timestamp: '2024-12-16 10:51:02.926 PM'
}
{
  method: 'GET',
  url: '/api/v1/user/profile',
  status: 304,
  response_time: 102.95,
  level: 'http',
  message: 'incoming-request',
  timestamp: '2024-12-16 10:51:03.030 PM'
}
{
  method: 'GET',
  url: '/api/v1/user/profile',
  status: 304,
  response_time: 102.595,
  level: 'http',
  message: 'incoming-request',
  timestamp: '2024-12-16 10:51:30.943 PM'
}
{
  method: 'GET',
  url: '/api/v1/user/profile',
  status: 304,
  response_time: 102.385,
  level: 'http',
  message: 'incoming-request',
  timestamp: '2024-12-16 10:51:31.047 PM'
}
{
  method: 'GET',
  url: '/api/v1/user/profile',
  status: 304,
  response_time: 102.303,
  level: 'http',
  message: 'incoming-request',
  timestamp: '2024-12-16 10:51:46.387 PM'
}
{
  method: 'GET',
  url: '/api/v1/user/profile',
  status: 304,
  response_time: 103.197,
  level: 'http',
  message: 'incoming-request',
  timestamp: '2024-12-16 10:51:46.492 PM'
}
{
  method: 'GET',
  url: '/api/v1/user/profile',
  status: 304,
  response_time: 103.45,
  level: 'http',
  message: 'incoming-request',
  timestamp: '2024-12-16 10:51:55.476 PM'
}
{
  method: 'GET',
  url: '/api/v1/user/profile',
  status: 304,
  response_time: 102.012,
  level: 'http',
  message: 'incoming-request',
  timestamp: '2024-12-16 10:51:55.678 PM'
}
{
  method: 'GET',
  url: '/api/v1/user/profile',
  status: 304,
  response_time: 102.189,
  level: 'http',
  message: 'incoming-request',
  timestamp: '2024-12-16 10:51:59.735 PM'
}
{
  method: 'GET',
  url: '/api/v1/user/profile',
  status: 304,
  response_time: 111.387,
  level: 'http',
  message: 'incoming-request',
  timestamp: '2024-12-16 10:51:59.848 PM'
}
{
  method: 'GET',
  url: '/api/v1/user/profile',
  status: 304,
  response_time: 103.935,
  level: 'http',
  message: 'incoming-request',
  timestamp: '2024-12-16 10:52:04.666 PM'
}
{
  method: 'GET',
  url: '/api/v1/user/profile',
  status: 304,
  response_time: 102.185,
  level: 'http',
  message: 'incoming-request',
  timestamp: '2024-12-16 10:52:04.770 PM'
}
{
  method: 'GET',
  url: '/api/v1/user/profile',
  status: 304,
  response_time: 102.958,
  level: 'http',
  message: 'incoming-request',
  timestamp: '2024-12-16 10:52:11.695 PM'
}
{
  method: 'GET',
  url: '/api/v1/user/profile',
  status: 304,
  response_time: 102.12,
  level: 'http',
  message: 'incoming-request',
  timestamp: '2024-12-16 10:52:11.799 PM'
}
{
  method: 'GET',
  url: '/api/v1/user/profile',
  status: 304,
  response_time: 102.495,
  level: 'http',
  message: 'incoming-request',
  timestamp: '2024-12-16 10:52:17.159 PM'
}
{
  method: 'GET',
  url: '/api/v1/user/profile',
  status: 304,
  response_time: 102.181,
  level: 'http',
  message: 'incoming-request',
  timestamp: '2024-12-16 10:52:17.295 PM'
}
{
  method: 'GET',
  url: '/api/v1/user/profile',
  status: 304,
  response_time: 103.07,
  level: 'http',
  message: 'incoming-request',
  timestamp: '2024-12-16 10:52:27.404 PM'
}
{
  method: 'GET',
  url: '/api/v1/user/profile',
  status: 304,
  response_time: 102.899,
  level: 'http',
  message: 'incoming-request',
  timestamp: '2024-12-16 10:52:27.508 PM'
}
{
  method: 'GET',
  url: '/api/v1/user/profile',
  status: 304,
  response_time: 102.403,
  level: 'http',
  message: 'incoming-request',
  timestamp: '2024-12-16 10:52:54.337 PM'
}
{
  method: 'GET',
  url: '/api/v1/user/profile',
  status: 304,
  response_time: 103.926,
  level: 'http',
  message: 'incoming-request',
  timestamp: '2024-12-16 10:52:54.530 PM'
}
{
  method: 'GET',
  url: '/api/v1/user/profile',
  status: 304,
  response_time: 101.802,
  level: 'http',
  message: 'incoming-request',
  timestamp: '2024-12-16 10:53:17.080 PM'
}
{
  method: 'GET',
  url: '/api/v1/user/profile',
  status: 304,
  response_time: 103.362,
  level: 'http',
  message: 'incoming-request',
  timestamp: '2024-12-16 10:53:22.493 PM'
}
{
  method: 'GET',
  url: '/api/v1/user/profile',
  status: 304,
  response_time: 103.225,
  level: 'http',
  message: 'incoming-request',
  timestamp: '2024-12-16 10:53:29.095 PM'
}
{
  method: 'GET',
  url: '/api/v1/user/profile',
  status: 304,
  response_time: 101.587,
  level: 'http',
  message: 'incoming-request',
  timestamp: '2024-12-16 10:53:29.198 PM'
}
{
  method: 'GET',
  url: '/api/v1/user/profile',
  status: 304,
  response_time: 104.139,
  level: 'http',
  message: 'incoming-request',
  timestamp: '2024-12-16 10:54:03.736 PM'
}
{
  method: 'GET',
  url: '/api/v1/user/profile',
  status: 304,
  response_time: 102.242,
  level: 'http',
  message: 'incoming-request',
  timestamp: '2024-12-16 10:54:03.840 PM'
}
{
  method: 'GET',
  url: '/api/v1/user/profile',
  status: 304,
  response_time: 103.241,
  level: 'http',
  message: 'incoming-request',
  timestamp: '2024-12-16 10:55:15.392 PM'
}
{
  method: 'GET',
  url: '/api/v1/user/profile',
  status: 304,
  response_time: 102.18,
  level: 'http',
  message: 'incoming-request',
  timestamp: '2024-12-16 10:55:24.674 PM'
}
{
  method: 'GET',
  url: '/api/v1/user/profile',
  status: 304,
  response_time: 102.289,
  level: 'http',
  message: 'incoming-request',
  timestamp: '2024-12-16 10:55:52.483 PM'
}
{
  method: 'GET',
  url: '/api/v1/user/profile',
  status: 304,
  response_time: 103.985,
  level: 'http',
  message: 'incoming-request',
  timestamp: '2024-12-16 10:55:52.589 PM'
}
{
  method: 'GET',
  url: '/api/v1/property/667d32bae9317340ae958b34',
  status: 200,
  content_length: '644',
  response_time: 51.663,
  level: 'http',
  message: 'incoming-request',
  timestamp: '2024-12-16 10:55:56.315 PM'
}
{
  method: 'GET',
  url: '/api/v1/property/?page=1',
  status: 200,
  content_length: '3505',
  response_time: 103.189,
  level: 'http',
  message: 'incoming-request',
  timestamp: '2024-12-16 10:55:56.369 PM'
}
{
  method: 'GET',
  url: '/api/v1/user/profile',
  status: 304,
  response_time: 101.827,
  level: 'http',
  message: 'incoming-request',
  timestamp: '2024-12-16 10:57:06.259 PM'
}
{
  method: 'GET',
  url: '/api/v1/user/profile',
  status: 304,
  response_time: 101.594,
  level: 'http',
  message: 'incoming-request',
  timestamp: '2024-12-16 10:57:06.362 PM'
}
{
  method: 'GET',
  url: '/api/v1/user/profile',
  status: 304,
  response_time: 102.961,
  level: 'http',
  message: 'incoming-request',
  timestamp: '2024-12-16 10:57:16.478 PM'
}
{
  method: 'GET',
  url: '/api/v1/user/profile',
  status: 304,
  response_time: 102.138,
  level: 'http',
  message: 'incoming-request',
  timestamp: '2024-12-16 10:57:16.582 PM'
}
{
  method: 'GET',
  url: '/api/v1/user/profile',
  status: 304,
  response_time: 102.487,
  level: 'http',
  message: 'incoming-request',
  timestamp: '2024-12-16 10:58:58.462 PM'
}
{
  method: 'GET',
  url: '/api/v1/user/profile',
  status: 304,
  response_time: 103.056,
  level: 'http',
  message: 'incoming-request',
  timestamp: '2024-12-16 10:58:58.569 PM'
}
{
  method: 'GET',
  url: '/api/v1/user/profile',
  status: 304,
  response_time: 103.435,
  level: 'http',
  message: 'incoming-request',
  timestamp: '2024-12-16 10:59:05.363 PM'
}
{
  method: 'GET',
  url: '/api/v1/user/profile',
  status: 304,
  response_time: 101.509,
  level: 'http',
  message: 'incoming-request',
  timestamp: '2024-12-16 10:59:05.466 PM'
}
{
  method: 'GET',
  url: '/api/v1/user/profile',
  status: 304,
  response_time: 102.877,
  level: 'http',
  message: 'incoming-request',
  timestamp: '2024-12-16 10:59:20.748 PM'
}
{
  method: 'GET',
  url: '/api/v1/user/profile',
  status: 304,
  response_time: 102.516,
  level: 'http',
  message: 'incoming-request',
  timestamp: '2024-12-16 10:59:20.851 PM'
}
{
  method: 'GET',
  url: '/api/v1/user/profile',
  status: 304,
  response_time: 102.195,
  level: 'http',
  message: 'incoming-request',
  timestamp: '2024-12-16 11:00:03.195 PM'
}
{
  method: 'GET',
  url: '/api/v1/user/profile',
  status: 304,
  response_time: 101.449,
  level: 'http',
  message: 'incoming-request',
  timestamp: '2024-12-16 11:00:03.298 PM'
}
{
  method: 'GET',
  url: '/api/v1/user/profile',
  status: 304,
  response_time: 102.822,
  level: 'http',
  message: 'incoming-request',
  timestamp: '2024-12-16 11:00:27.801 PM'
}
{
  method: 'GET',
  url: '/api/v1/user/profile',
  status: 304,
  response_time: 102.008,
  level: 'http',
  message: 'incoming-request',
  timestamp: '2024-12-16 11:00:27.904 PM'
}
{
  method: 'GET',
  url: '/api/v1/user/profile',
  status: 304,
  response_time: 102.246,
  level: 'http',
  message: 'incoming-request',
  timestamp: '2024-12-16 11:00:39.601 PM'
}
{
  method: 'GET',
  url: '/api/v1/user/profile',
  status: 304,
  response_time: 101.484,
  level: 'http',
  message: 'incoming-request',
  timestamp: '2024-12-16 11:00:39.706 PM'
}
{
  method: 'GET',
  url: '/api/v1/user/profile',
  status: 304,
  response_time: 102.484,
  level: 'http',
  message: 'incoming-request',
  timestamp: '2024-12-16 11:00:51.398 PM'
}
{
  method: 'GET',
  url: '/api/v1/user/profile',
  status: 304,
  response_time: 102.061,
  level: 'http',
  message: 'incoming-request',
  timestamp: '2024-12-16 11:00:51.501 PM'
}
{
  method: 'GET',
  url: '/api/v1/user/profile',
  status: 304,
  response_time: 105.095,
  level: 'http',
  message: 'incoming-request',
  timestamp: '2024-12-16 11:00:56.060 PM'
}
{
  method: 'GET',
  url: '/api/v1/user/profile',
  status: 304,
  response_time: 101.77,
  level: 'http',
  message: 'incoming-request',
  timestamp: '2024-12-16 11:00:56.164 PM'
}
{
  method: 'GET',
  url: '/api/v1/user/profile',
  status: 304,
  response_time: 102.661,
  level: 'http',
  message: 'incoming-request',
  timestamp: '2024-12-16 11:05:03.310 PM'
}
{
  method: 'GET',
  url: '/api/v1/user/profile',
  status: 304,
  response_time: 103.691,
  level: 'http',
  message: 'incoming-request',
  timestamp: '2024-12-16 11:05:03.415 PM'
}
{
  method: 'GET',
  url: '/api/v1/user/profile',
  status: 304,
  response_time: 122.634,
  level: 'http',
  message: 'incoming-request',
  timestamp: '2024-12-16 11:06:55.807 PM'
}
{
  method: 'GET',
  url: '/api/v1/user/profile',
  status: 304,
  response_time: 102.37,
  level: 'http',
  message: 'incoming-request',
  timestamp: '2024-12-16 11:06:55.911 PM'
}
{
  method: 'GET',
  url: '/api/v1/user/profile',
  status: 304,
  response_time: 101.561,
  level: 'http',
  message: 'incoming-request',
  timestamp: '2024-12-16 11:06:57.196 PM'
}
{
  method: 'GET',
  url: '/api/v1/user/profile',
  status: 304,
  response_time: 102.239,
  level: 'http',
  message: 'incoming-request',
  timestamp: '2024-12-16 11:07:06.025 PM'
}
{
  method: 'GET',
  url: '/api/v1/user/profile',
  status: 304,
  response_time: 102.114,
  level: 'http',
  message: 'incoming-request',
  timestamp: '2024-12-16 11:07:06.129 PM'
}
{
  method: 'GET',
  url: '/api/v1/user/profile',
  status: 304,
  response_time: 101.695,
  level: 'http',
  message: 'incoming-request',
  timestamp: '2024-12-16 11:07:13.693 PM'
}
{
  method: 'GET',
  url: '/api/v1/user/profile',
  status: 304,
  response_time: 101.605,
  level: 'http',
  message: 'incoming-request',
  timestamp: '2024-12-16 11:07:13.796 PM'
}
{
  method: 'GET',
  url: '/api/v1/user/profile',
  status: 304,
  response_time: 101.927,
  level: 'http',
  message: 'incoming-request',
  timestamp: '2024-12-16 11:24:35.168 PM'
}
{
  method: 'GET',
  url: '/api/v1/user/profile',
  status: 304,
  response_time: 104.194,
  level: 'http',
  message: 'incoming-request',
  timestamp: '2024-12-16 11:24:35.273 PM'
}
{
  method: 'GET',
  url: '/api/v1/user/profile',
  status: 304,
  response_time: 103.64,
  level: 'http',
  message: 'incoming-request',
  timestamp: '2024-12-16 11:27:42.506 PM'
}
{
  method: 'GET',
  url: '/api/v1/user/profile',
  status: 304,
  response_time: 109.185,
  level: 'http',
  message: 'incoming-request',
  timestamp: '2024-12-16 11:27:42.617 PM'
}
{
  method: 'GET',
  url: '/api/v1/user/profile',
  status: 304,
  response_time: 105.417,
  level: 'http',
  message: 'incoming-request',
  timestamp: '2024-12-16 11:28:01.213 PM'
}
{
  method: 'GET',
  url: '/api/v1/user/profile',
  status: 304,
  response_time: 102.162,
  level: 'http',
  message: 'incoming-request',
  timestamp: '2024-12-16 11:28:01.316 PM'
}
{
  method: 'GET',
  url: '/api/v1/user/profile',
  status: 304,
  response_time: 101.988,
  level: 'http',
  message: 'incoming-request',
  timestamp: '2024-12-16 11:34:27.465 PM'
}
{
  method: 'GET',
  url: '/api/v1/user/profile',
  status: 304,
  response_time: 102.125,
  level: 'http',
  message: 'incoming-request',
  timestamp: '2024-12-16 11:34:27.569 PM'
}
{
  method: 'GET',
  url: '/api/v1/user/profile',
  status: 304,
  response_time: 102.495,
  level: 'http',
  message: 'incoming-request',
  timestamp: '2024-12-16 11:34:32.710 PM'
}
{
  method: 'GET',
  url: '/api/v1/user/profile',
  status: 304,
  response_time: 102.935,
  level: 'http',
  message: 'incoming-request',
  timestamp: '2024-12-16 11:34:32.814 PM'
}
{
  method: 'GET',
  url: '/api/v1/user/profile',
  status: 304,
  response_time: 102.019,
  level: 'http',
  message: 'incoming-request',
  timestamp: '2024-12-16 11:35:18.621 PM'
}
{
  method: 'GET',
  url: '/api/v1/user/profile',
  status: 304,
  response_time: 102.031,
  level: 'http',
  message: 'incoming-request',
  timestamp: '2024-12-16 11:35:18.724 PM'
}
{
  method: 'GET',
  url: '/api/v1/user/profile',
  status: 304,
  response_time: 272.506,
  level: 'http',
  message: 'incoming-request',
  timestamp: '2024-12-16 11:36:14.628 PM'
}
{
  method: 'GET',
  url: '/api/v1/user/profile',
  status: 304,
  response_time: 122.147,
  level: 'http',
  message: 'incoming-request',
  timestamp: '2024-12-16 11:36:14.751 PM'
}
{
  method: 'GET',
  url: '/api/v1/user/profile',
  status: 304,
  response_time: 102.32,
  level: 'http',
  message: 'incoming-request',
  timestamp: '2024-12-16 11:36:38.417 PM'
}
{
  method: 'GET',
  url: '/api/v1/user/profile',
  status: 304,
  response_time: 102.475,
  level: 'http',
  message: 'incoming-request',
  timestamp: '2024-12-16 11:36:38.521 PM'
}
{
  method: 'GET',
  url: '/api/v1/user/profile',
  status: 304,
  response_time: 102.636,
  level: 'http',
  message: 'incoming-request',
  timestamp: '2024-12-16 11:37:11.036 PM'
}
{
  method: 'GET',
  url: '/api/v1/user/profile',
  status: 304,
  response_time: 103.865,
  level: 'http',
  message: 'incoming-request',
  timestamp: '2024-12-16 11:37:11.205 PM'
}
{
  method: 'GET',
  url: '/api/v1/user/profile',
  status: 304,
  response_time: 103.179,
  level: 'http',
  message: 'incoming-request',
  timestamp: '2024-12-16 11:37:32.237 PM'
}
{
  method: 'GET',
  url: '/api/v1/user/profile',
  status: 304,
  response_time: 102.754,
  level: 'http',
  message: 'incoming-request',
  timestamp: '2024-12-16 11:37:32.341 PM'
}
{
  method: 'GET',
  url: '/api/v1/user/profile',
  status: 304,
  response_time: 102.132,
  level: 'http',
  message: 'incoming-request',
  timestamp: '2024-12-16 11:37:40.205 PM'
}
{
  method: 'GET',
  url: '/api/v1/user/profile',
  status: 304,
  response_time: 102.053,
  level: 'http',
  message: 'incoming-request',
  timestamp: '2024-12-16 11:37:40.309 PM'
}
{
  method: 'GET',
  url: '/api/v1/user/profile',
  status: 304,
  response_time: 108.822,
  level: 'http',
  message: 'incoming-request',
  timestamp: '2024-12-16 11:39:31.271 PM'
}
{
  method: 'GET',
  url: '/api/v1/user/profile',
  status: 304,
  response_time: 103.056,
  level: 'http',
  message: 'incoming-request',
  timestamp: '2024-12-16 11:39:31.375 PM'
}
{
  method: 'GET',
  url: '/api/v1/user/profile',
  status: 304,
  response_time: 102.675,
  level: 'http',
  message: 'incoming-request',
  timestamp: '2024-12-16 11:39:36.040 PM'
}
{
  method: 'GET',
  url: '/api/v1/user/profile',
  status: 304,
  response_time: 102.414,
  level: 'http',
  message: 'incoming-request',
  timestamp: '2024-12-16 11:39:36.146 PM'
}
{
  method: 'GET',
  url: '/api/v1/user/profile',
  status: 304,
  response_time: 124.773,
  level: 'http',
  message: 'incoming-request',
  timestamp: '2024-12-16 11:39:41.671 PM'
}
{
  method: 'GET',
  url: '/api/v1/user/profile',
  status: 304,
  response_time: 102.549,
  level: 'http',
  message: 'incoming-request',
  timestamp: '2024-12-16 11:39:41.775 PM'
}
{
  method: 'GET',
  url: '/api/v1/user/profile',
  status: 304,
  response_time: 103.327,
  level: 'http',
  message: 'incoming-request',
  timestamp: '2024-12-16 11:39:59.470 PM'
}
{
  method: 'GET',
  url: '/api/v1/user/profile',
  status: 304,
  response_time: 101.979,
  level: 'http',
  message: 'incoming-request',
  timestamp: '2024-12-16 11:39:59.573 PM'
}
{
  method: 'GET',
  url: '/api/v1/user/profile',
  status: 304,
  response_time: 102.347,
  level: 'http',
  message: 'incoming-request',
  timestamp: '2024-12-16 11:41:07.422 PM'
}
{
  method: 'GET',
  url: '/api/v1/user/profile',
  status: 304,
  response_time: 101.879,
  level: 'http',
  message: 'incoming-request',
  timestamp: '2024-12-16 11:41:07.525 PM'
}
{
  method: 'GET',
  url: '/api/v1/user/profile',
  status: 304,
  response_time: 102.438,
  level: 'http',
  message: 'incoming-request',
  timestamp: '2024-12-16 11:41:14.044 PM'
}
{
  method: 'GET',
  url: '/api/v1/user/profile',
  status: 304,
  response_time: 102.573,
  level: 'http',
  message: 'incoming-request',
  timestamp: '2024-12-16 11:41:14.147 PM'
}
{
  method: 'GET',
  url: '/api/v1/user/profile',
  status: 304,
  response_time: 102.012,
  level: 'http',
  message: 'incoming-request',
  timestamp: '2024-12-16 11:41:17.966 PM'
}
{
  method: 'GET',
  url: '/api/v1/user/profile',
  status: 304,
  response_time: 102.114,
  level: 'http',
  message: 'incoming-request',
  timestamp: '2024-12-16 11:41:18.088 PM'
}
{
  method: 'GET',
  url: '/api/v1/user/profile',
  status: 304,
  response_time: 102.23,
  level: 'http',
  message: 'incoming-request',
  timestamp: '2024-12-16 11:42:00.838 PM'
}
{
  method: 'GET',
  url: '/api/v1/user/profile',
  status: 304,
  response_time: 103.122,
  level: 'http',
  message: 'incoming-request',
  timestamp: '2024-12-16 11:42:00.942 PM'
}
{
  method: 'GET',
  url: '/api/v1/user/profile',
  status: 304,
  response_time: 102.266,
  level: 'http',
  message: 'incoming-request',
  timestamp: '2024-12-16 11:42:22.753 PM'
}
{
  method: 'GET',
  url: '/api/v1/user/profile',
  status: 304,
  response_time: 103.338,
  level: 'http',
  message: 'incoming-request',
  timestamp: '2024-12-16 11:42:22.857 PM'
}
{
  method: 'GET',
  url: '/api/v1/user/profile',
  status: 304,
  response_time: 102.645,
  level: 'http',
  message: 'incoming-request',
  timestamp: '2024-12-16 11:42:30.700 PM'
}
{
  method: 'GET',
  url: '/api/v1/user/profile',
  status: 304,
  response_time: 102.15,
  level: 'http',
  message: 'incoming-request',
  timestamp: '2024-12-16 11:42:30.804 PM'
}
{
  method: 'GET',
  url: '/api/v1/user/profile',
  status: 304,
  response_time: 102.381,
  level: 'http',
  message: 'incoming-request',
  timestamp: '2024-12-16 11:42:35.276 PM'
}
{
  method: 'GET',
  url: '/api/v1/user/profile',
  status: 304,
  response_time: 103.933,
  level: 'http',
  message: 'incoming-request',
  timestamp: '2024-12-16 11:42:35.382 PM'
}
{
  method: 'GET',
  url: '/api/v1/user/profile',
  status: 304,
  response_time: 102.091,
  level: 'http',
  message: 'incoming-request',
  timestamp: '2024-12-16 11:42:47.078 PM'
}
{
  method: 'GET',
  url: '/api/v1/user/profile',
  status: 304,
  response_time: 101.991,
  level: 'http',
  message: 'incoming-request',
  timestamp: '2024-12-16 11:42:47.182 PM'
}
{
  method: 'GET',
  url: '/api/v1/user/profile',
  status: 304,
  response_time: 102.078,
  level: 'http',
  message: 'incoming-request',
  timestamp: '2024-12-16 11:42:52.328 PM'
}
{
  method: 'GET',
  url: '/api/v1/user/profile',
  status: 304,
  response_time: 102.538,
  level: 'http',
  message: 'incoming-request',
  timestamp: '2024-12-16 11:42:52.432 PM'
}
{
  method: 'GET',
  url: '/api/v1/user/profile',
  status: 304,
  response_time: 102.247,
  level: 'http',
  message: 'incoming-request',
  timestamp: '2024-12-16 11:43:02.920 PM'
}
{
  method: 'GET',
  url: '/api/v1/user/profile',
  status: 304,
  response_time: 102.304,
  level: 'http',
  message: 'incoming-request',
  timestamp: '2024-12-16 11:43:03.024 PM'
}
{
  method: 'GET',
  url: '/api/v1/property/?page=1',
  status: 200,
  content_length: '3505',
  response_time: 104.127,
  level: 'http',
  message: 'incoming-request',
  timestamp: '2024-12-16 11:43:18.859 PM'
}
{
  method: 'GET',
  url: '/api/v1/user/profile',
  status: 304,
  response_time: 103.358,
  level: 'http',
  message: 'incoming-request',
  timestamp: '2024-12-16 11:43:18.860 PM'
}
{
  method: 'GET',
  url: '/api/v1/user/profile',
  status: 304,
  response_time: 101.962,
  level: 'http',
  message: 'incoming-request',
  timestamp: '2024-12-16 11:43:25.340 PM'
}
{
  method: 'GET',
  url: '/api/v1/user/profile',
  status: 304,
  response_time: 101.403,
  level: 'http',
  message: 'incoming-request',
  timestamp: '2024-12-16 11:45:13.725 PM'
}
{
  method: 'GET',
  url: '/api/v1/property/?page=1',
  status: 200,
  content_length: '3505',
  response_time: 104.96,
  level: 'http',
  message: 'incoming-request',
  timestamp: '2024-12-16 11:45:13.731 PM'
}
{
  method: 'GET',
  url: '/api/v1/user/profile',
  status: 304,
  response_time: 102.236,
  level: 'http',
  message: 'incoming-request',
  timestamp: '2024-12-16 11:45:13.829 PM'
}
{
  method: 'GET',
  url: '/api/v1/user/profile',
  status: 304,
  response_time: 101.61,
  level: 'http',
  message: 'incoming-request',
  timestamp: '2024-12-16 11:45:13.992 PM'
}
{
  method: 'GET',
  url: '/api/v1/property/?page=1',
  status: 200,
  content_length: '3505',
  response_time: 101.281,
  level: 'http',
  message: 'incoming-request',
  timestamp: '2024-12-16 11:45:19.011 PM'
}
{
  method: 'GET',
  url: '/api/v1/user/profile',
  status: 304,
  response_time: 102.715,
  level: 'http',
  message: 'incoming-request',
  timestamp: '2024-12-16 11:45:19.012 PM'
}
{
  method: 'GET',
  url: '/api/v1/user/profile',
  status: 304,
  response_time: 102.931,
  level: 'http',
  message: 'incoming-request',
  timestamp: '2024-12-16 11:45:19.117 PM'
}
{
  method: 'GET',
  url: '/api/v1/user/profile',
  status: 304,
  response_time: 102.591,
  level: 'http',
  message: 'incoming-request',
  timestamp: '2024-12-16 11:45:19.560 PM'
}
{
  method: 'GET',
  url: '/api/v1/property/?page=1',
  status: 200,
  content_length: '3505',
  response_time: 104.349,
  level: 'http',
  message: 'incoming-request',
  timestamp: '2024-12-16 11:45:22.865 PM'
}
{
  method: 'GET',
  url: '/api/v1/user/profile',
  status: 304,
  response_time: 104.106,
  level: 'http',
  message: 'incoming-request',
  timestamp: '2024-12-16 11:45:22.866 PM'
}
{
  method: 'GET',
  url: '/api/v1/user/profile',
  status: 304,
  response_time: 101.408,
  level: 'http',
  message: 'incoming-request',
  timestamp: '2024-12-16 11:45:22.968 PM'
}
{
  method: 'GET',
  url: '/api/v1/user/profile',
  status: 304,
  response_time: 101.842,
  level: 'http',
  message: 'incoming-request',
  timestamp: '2024-12-16 11:45:23.255 PM'
}
{
  method: 'GET',
  url: '/api/v1/property/?page=1',
  status: 200,
  content_length: '3505',
  response_time: 105.357,
  level: 'http',
  message: 'incoming-request',
  timestamp: '2024-12-16 11:45:36.620 PM'
}
{
  method: 'GET',
  url: '/api/v1/user/profile',
  status: 304,
  response_time: 105.141,
  level: 'http',
  message: 'incoming-request',
  timestamp: '2024-12-16 11:45:36.622 PM'
}
{
  method: 'GET',
  url: '/api/v1/user/profile',
  status: 304,
  response_time: 102.273,
  level: 'http',
  message: 'incoming-request',
  timestamp: '2024-12-16 11:45:36.725 PM'
}
{
  method: 'GET',
  url: '/api/v1/user/profile',
  status: 304,
  response_time: 102.455,
  level: 'http',
  message: 'incoming-request',
  timestamp: '2024-12-16 11:45:37.054 PM'
}
{
  method: 'GET',
  url: '/api/v1/property/?page=1',
  status: 200,
  content_length: '3505',
  response_time: 102.097,
  level: 'http',
  message: 'incoming-request',
  timestamp: '2024-12-16 11:46:26.048 PM'
}
{
  method: 'GET',
  url: '/api/v1/user/profile',
  status: 304,
  response_time: 102.886,
  level: 'http',
  message: 'incoming-request',
  timestamp: '2024-12-16 11:46:26.052 PM'
}
{
  method: 'GET',
  url: '/api/v1/user/profile',
  status: 304,
  response_time: 103.193,
  level: 'http',
  message: 'incoming-request',
  timestamp: '2024-12-16 11:46:26.156 PM'
}
{
  method: 'GET',
  url: '/api/v1/user/profile',
  status: 304,
  response_time: 101.884,
  level: 'http',
  message: 'incoming-request',
  timestamp: '2024-12-16 11:46:26.372 PM'
}
{
  method: 'GET',
  url: '/api/v1/property/?page=1',
  status: 200,
  content_length: '3505',
  response_time: 102.151,
  level: 'http',
  message: 'incoming-request',
  timestamp: '2024-12-16 11:46:44.833 PM'
}
{
  method: 'GET',
  url: '/api/v1/user/profile',
  status: 304,
  response_time: 102.297,
  level: 'http',
  message: 'incoming-request',
  timestamp: '2024-12-16 11:46:44.835 PM'
}
{
  method: 'GET',
  url: '/api/v1/user/profile',
  status: 304,
  response_time: 102.155,
  level: 'http',
  message: 'incoming-request',
  timestamp: '2024-12-16 11:46:48.455 PM'
}
{
  method: 'GET',
  url: '/api/v1/user/profile',
  status: 304,
  response_time: 101.585,
  level: 'http',
  message: 'incoming-request',
  timestamp: '2024-12-16 11:46:51.388 PM'
}
{
  method: 'GET',
  url: '/api/v1/property/?page=1',
  status: 200,
  content_length: '3505',
  response_time: 102.733,
  level: 'http',
  message: 'incoming-request',
  timestamp: '2024-12-16 11:47:52.301 PM'
}
{
  method: 'GET',
  url: '/api/v1/user/profile',
  status: 304,
  response_time: 102.741,
  level: 'http',
  message: 'incoming-request',
  timestamp: '2024-12-16 11:47:52.320 PM'
}
{
  method: 'GET',
  url: '/api/v1/user/profile',
  status: 304,
  response_time: 101.856,
  level: 'http',
  message: 'incoming-request',
  timestamp: '2024-12-16 11:47:52.423 PM'
}
{
  method: 'GET',
  url: '/api/v1/user/profile',
  status: 304,
  response_time: 102.364,
  level: 'http',
  message: 'incoming-request',
  timestamp: '2024-12-16 11:47:52.641 PM'
}
{
  method: 'GET',
  url: '/api/v1/property/?page=1',
  status: 200,
  content_length: '3505',
  response_time: 102.418,
  level: 'http',
  message: 'incoming-request',
  timestamp: '2024-12-16 11:48:08.343 PM'
}
{
  method: 'GET',
  url: '/api/v1/user/profile',
  status: 304,
  response_time: 102.007,
  level: 'http',
  message: 'incoming-request',
  timestamp: '2024-12-16 11:48:08.344 PM'
}
{
  method: 'GET',
  url: '/api/v1/user/profile',
  status: 304,
  response_time: 101.776,
  level: 'http',
  message: 'incoming-request',
  timestamp: '2024-12-16 11:48:08.447 PM'
}
{
  method: 'GET',
  url: '/api/v1/user/profile',
  status: 304,
  response_time: 101.913,
  level: 'http',
  message: 'incoming-request',
  timestamp: '2024-12-16 11:48:08.615 PM'
}
{
  method: 'GET',
  url: '/api/v1/property/?page=1',
  status: 200,
  content_length: '3505',
  response_time: 102.4,
  level: 'http',
  message: 'incoming-request',
  timestamp: '2024-12-16 11:48:16.150 PM'
}
{
  method: 'GET',
  url: '/api/v1/user/profile',
  status: 304,
  response_time: 102.147,
  level: 'http',
  message: 'incoming-request',
  timestamp: '2024-12-16 11:48:16.152 PM'
}
{
  method: 'GET',
  url: '/api/v1/user/profile',
  status: 304,
  response_time: 101.852,
  level: 'http',
  message: 'incoming-request',
  timestamp: '2024-12-16 11:48:16.255 PM'
}
{
  method: 'GET',
  url: '/api/v1/user/profile',
  status: 304,
  response_time: 101.866,
  level: 'http',
  message: 'incoming-request',
  timestamp: '2024-12-16 11:48:16.587 PM'
}
{
  method: 'GET',
  url: '/api/v1/user/profile',
  status: 304,
  response_time: 102.418,
  level: 'http',
  message: 'incoming-request',
  timestamp: '2024-12-16 11:48:30.131 PM'
}
{
  method: 'GET',
  url: '/api/v1/property/?page=1',
  status: 200,
  content_length: '3505',
  response_time: 101.463,
  level: 'http',
  message: 'incoming-request',
  timestamp: '2024-12-16 11:48:30.142 PM'
}
{
  method: 'GET',
  url: '/api/v1/user/profile',
  status: 304,
  response_time: 101.985,
  level: 'http',
  message: 'incoming-request',
  timestamp: '2024-12-16 11:48:30.234 PM'
}
{
  method: 'GET',
  url: '/api/v1/user/profile',
  status: 304,
  response_time: 101.867,
  level: 'http',
  message: 'incoming-request',
  timestamp: '2024-12-16 11:48:30.416 PM'
}
{
  method: 'GET',
  url: '/api/v1/user/profile',
  status: 304,
  response_time: 106.166,
  level: 'http',
  message: 'incoming-request',
  timestamp: '2024-12-16 11:51:13.105 PM'
}
{
  method: 'GET',
  url: '/api/v1/user/profile',
  status: 304,
  response_time: 101.733,
  level: 'http',
  message: 'incoming-request',
  timestamp: '2024-12-16 11:51:41.787 PM'
}
{
  method: 'GET',
  url: '/api/v1/user/profile',
  status: 304,
  response_time: 104.287,
  level: 'http',
  message: 'incoming-request',
  timestamp: '2024-12-16 11:52:25.027 PM'
}
{
  method: 'GET',
  url: '/api/v1/property/?page=1',
  status: 200,
  content_length: '3505',
  response_time: 102.943,
  level: 'http',
  message: 'incoming-request',
  timestamp: '2024-12-16 11:52:25.089 PM'
}
{
  method: 'GET',
  url: '/api/v1/user/profile',
  status: 304,
  response_time: 101.963,
  level: 'http',
  message: 'incoming-request',
  timestamp: '2024-12-16 11:52:25.131 PM'
}
{
  method: 'GET',
  url: '/api/v1/user/profile',
  status: 304,
  response_time: 101.879,
  level: 'http',
  message: 'incoming-request',
  timestamp: '2024-12-16 11:53:03.477 PM'
}
{
  method: 'GET',
  url: '/api/v1/user/profile',
  status: 304,
  response_time: 101.96,
  level: 'http',
  message: 'incoming-request',
  timestamp: '2024-12-16 11:53:46.780 PM'
}
{
  method: 'GET',
  url: '/api/v1/property/?page=1',
  status: 200,
  content_length: '3505',
  response_time: 100.984,
  level: 'http',
  message: 'incoming-request',
  timestamp: '2024-12-16 11:53:54.210 PM'
}
{
  method: 'GET',
  url: '/api/v1/user/profile',
  status: 304,
  response_time: 101.018,
  level: 'http',
  message: 'incoming-request',
  timestamp: '2024-12-16 11:53:54.211 PM'
}
{
  method: 'GET',
  url: '/api/v1/user/profile',
  status: 304,
  response_time: 102.387,
  level: 'http',
  message: 'incoming-request',
  timestamp: '2024-12-16 11:53:55.271 PM'
}
{
  method: 'GET',
  url: '/api/v1/property/?page=1',
  status: 200,
  content_length: '3505',
  response_time: 103.205,
  level: 'http',
  message: 'incoming-request',
  timestamp: '2024-12-16 11:59:50.101 PM'
}
{
  method: 'GET',
  url: '/api/v1/user/profile',
  status: 304,
  response_time: 103.466,
  level: 'http',
  message: 'incoming-request',
  timestamp: '2024-12-16 11:59:50.103 PM'
}
{
  method: 'GET',
  url: '/api/v1/user/profile',
  status: 304,
  response_time: 102.81,
  level: 'http',
  message: 'incoming-request',
  timestamp: '2024-12-16 11:59:50.311 PM'
}
{
  method: 'GET',
  url: '/api/v1/user/profile',
  status: 304,
  response_time: 101.391,
  level: 'http',
  message: 'incoming-request',
  timestamp: '2024-12-16 11:59:50.573 PM'
}
{
  method: 'GET',
  url: '/api/v1/property/?page=1',
  status: 200,
  content_length: '3505',
  response_time: 108.872,
  level: 'http',
  message: 'incoming-request',
  timestamp: '2024-12-16 11:59:51.772 PM'
}
{
  method: 'GET',
  url: '/api/v1/user/profile',
  status: 304,
  response_time: 109.024,
  level: 'http',
  message: 'incoming-request',
  timestamp: '2024-12-16 11:59:51.774 PM'
}
{
  method: 'GET',
  url: '/api/v1/user/profile',
  status: 304,
  response_time: 102.206,
  level: 'http',
  message: 'incoming-request',
  timestamp: '2024-12-16 11:59:52.018 PM'
}
{
  method: 'GET',
  url: '/api/v1/user/profile',
  status: 304,
  response_time: 105.164,
  level: 'http',
  message: 'incoming-request',
  timestamp: '2024-12-16 11:59:52.320 PM'
}
