{
  method: 'GET',
  url: '/api/v1/property/666720f01ed8af0105a0d444',
  status: 304,
  response_time: 60.119,
  level: 'http',
  message: 'incoming-request',
  timestamp: '2024-06-17 01:02:02.547 PM'
}
{
  method: 'GET',
  url: '/api/v1/property/all?page=0',
  status: 304,
  response_time: 108.665,
  level: 'http',
  message: 'incoming-request',
  timestamp: '2024-06-17 01:02:02.589 PM'
}
{
  method: 'GET',
  url: '/api/v1/property/666720f01ed8af0105a0d444',
  status: 304,
  response_time: 60.764,
  level: 'http',
  message: 'incoming-request',
  timestamp: '2024-06-17 03:12:37.794 PM'
}
{
  method: 'GET',
  url: '/api/v1/property/all?page=0',
  status: 304,
  response_time: 111.161,
  level: 'http',
  message: 'incoming-request',
  timestamp: '2024-06-17 03:12:37.838 PM'
}
{
  method: 'GET',
  url: '/api/v1/property/666720f01ed8af0105a0d444',
  status: 304,
  response_time: 51.919,
  level: 'http',
  message: 'incoming-request',
  timestamp: '2024-06-17 03:12:54.490 PM'
}
{
  method: 'GET',
  url: '/api/v1/property/all?page=0',
  status: 304,
  response_time: 103.524,
  level: 'http',
  message: 'incoming-request',
  timestamp: '2024-06-17 03:12:54.540 PM'
}
{
  method: 'GET',
  url: '/api/v1/property/666720f01ed8af0105a0d444',
  status: 304,
  response_time: 51.711,
  level: 'http',
  message: 'incoming-request',
  timestamp: '2024-06-17 03:13:26.361 PM'
}
{
  method: 'GET',
  url: '/api/v1/property/all?page=0',
  status: 304,
  response_time: 103.485,
  level: 'http',
  message: 'incoming-request',
  timestamp: '2024-06-17 03:13:26.411 PM'
}
{
  method: 'GET',
  url: '/api/v1/property/666720f01ed8af0105a0d444',
  status: 304,
  response_time: 52.103,
  level: 'http',
  message: 'incoming-request',
  timestamp: '2024-06-17 03:13:39.989 PM'
}
{
  method: 'GET',
  url: '/api/v1/property/all?page=0',
  status: 304,
  response_time: 108.367,
  level: 'http',
  message: 'incoming-request',
  timestamp: '2024-06-17 03:13:40.044 PM'
}
{
  method: 'GET',
  url: '/api/v1/property/666720f01ed8af0105a0d444',
  status: 304,
  response_time: 52.859,
  level: 'http',
  message: 'incoming-request',
  timestamp: '2024-06-17 03:14:13.348 PM'
}
{
  method: 'GET',
  url: '/api/v1/property/all?page=0',
  status: 304,
  response_time: 103.567,
  level: 'http',
  message: 'incoming-request',
  timestamp: '2024-06-17 03:14:13.397 PM'
}
{
  method: 'GET',
  url: '/api/v1/property/666720f01ed8af0105a0d444',
  status: 304,
  response_time: 52.863,
  level: 'http',
  message: 'incoming-request',
  timestamp: '2024-06-17 03:16:46.999 PM'
}
{
  method: 'GET',
  url: '/api/v1/property/all?page=0',
  status: 304,
  response_time: 103.452,
  level: 'http',
  message: 'incoming-request',
  timestamp: '2024-06-17 03:16:47.048 PM'
}
{
  method: 'GET',
  url: '/api/v1/property/666720f01ed8af0105a0d444',
  status: 304,
  response_time: 51.623,
  level: 'http',
  message: 'incoming-request',
  timestamp: '2024-06-17 03:16:48.691 PM'
}
{
  method: 'GET',
  url: '/api/v1/property/all?page=0',
  status: 304,
  response_time: 103.696,
  level: 'http',
  message: 'incoming-request',
  timestamp: '2024-06-17 03:16:48.741 PM'
}
{
  method: 'GET',
  url: '/api/v1/property/666720f01ed8af0105a0d444',
  status: 304,
  response_time: 51.563,
  level: 'http',
  message: 'incoming-request',
  timestamp: '2024-06-17 03:16:51.177 PM'
}
{
  method: 'GET',
  url: '/api/v1/property/all?page=0',
  status: 304,
  response_time: 103.752,
  level: 'http',
  message: 'incoming-request',
  timestamp: '2024-06-17 03:16:51.228 PM'
}
{
  method: 'GET',
  url: '/api/v1/property/666720f01ed8af0105a0d444',
  status: 304,
  response_time: 53.379,
  level: 'http',
  message: 'incoming-request',
  timestamp: '2024-06-17 03:17:06.999 PM'
}
{
  method: 'GET',
  url: '/api/v1/property/all?page=0',
  status: 304,
  response_time: 105.138,
  level: 'http',
  message: 'incoming-request',
  timestamp: '2024-06-17 03:17:07.049 PM'
}
{
  method: 'GET',
  url: '/api/v1/property/666720f01ed8af0105a0d444',
  status: 304,
  response_time: 55.569,
  level: 'http',
  message: 'incoming-request',
  timestamp: '2024-06-17 03:17:09.371 PM'
}
{
  method: 'GET',
  url: '/api/v1/property/all?page=0',
  status: 304,
  response_time: 107.242,
  level: 'http',
  message: 'incoming-request',
  timestamp: '2024-06-17 03:17:09.422 PM'
}
{
  method: 'GET',
  url: '/api/v1/property/666720f01ed8af0105a0d444',
  status: 304,
  response_time: 52.074,
  level: 'http',
  message: 'incoming-request',
  timestamp: '2024-06-17 03:17:11.892 PM'
}
{
  method: 'GET',
  url: '/api/v1/property/all?page=0',
  status: 304,
  response_time: 103.385,
  level: 'http',
  message: 'incoming-request',
  timestamp: '2024-06-17 03:17:11.941 PM'
}
{
  method: 'GET',
  url: '/api/v1/property/666720f01ed8af0105a0d444',
  status: 304,
  response_time: 53.998,
  level: 'http',
  message: 'incoming-request',
  timestamp: '2024-06-17 03:17:56.935 PM'
}
{
  method: 'GET',
  url: '/api/v1/property/all?page=0',
  status: 304,
  response_time: 109.987,
  level: 'http',
  message: 'incoming-request',
  timestamp: '2024-06-17 03:17:56.988 PM'
}
{
  method: 'GET',
  url: '/api/v1/property/666720f01ed8af0105a0d444',
  status: 200,
  content_length: '457',
  response_time: 52.299,
  level: 'http',
  message: 'incoming-request',
  timestamp: '2024-06-17 03:23:08.235 PM'
}
{
  method: 'GET',
  url: '/api/v1/property/all?page=0',
  status: 200,
  content_length: '917',
  response_time: 103.333,
  level: 'http',
  message: 'incoming-request',
  timestamp: '2024-06-17 03:23:08.284 PM'
}
{
  method: 'GET',
  url: '/api/v1/property/666720f01ed8af0105a0d444',
  status: 200,
  content_length: '457',
  response_time: 51.957,
  level: 'http',
  message: 'incoming-request',
  timestamp: '2024-06-17 03:24:44.136 PM'
}
{
  method: 'GET',
  url: '/api/v1/property/all?page=0',
  status: 200,
  content_length: '917',
  response_time: 104.927,
  level: 'http',
  message: 'incoming-request',
  timestamp: '2024-06-17 03:24:44.188 PM'
}
{
  method: 'GET',
  url: '/api/v1/property/666720f01ed8af0105a0d444',
  status: 304,
  response_time: 51.76,
  level: 'http',
  message: 'incoming-request',
  timestamp: '2024-06-17 03:24:48.735 PM'
}
{
  method: 'GET',
  url: '/api/v1/property/all?page=0',
  status: 304,
  response_time: 103.42,
  level: 'http',
  message: 'incoming-request',
  timestamp: '2024-06-17 03:24:48.785 PM'
}
{
  method: 'GET',
  url: '/api/v1/property/666720f01ed8af0105a0d444',
  status: 304,
  response_time: 51.535,
  level: 'http',
  message: 'incoming-request',
  timestamp: '2024-06-17 03:24:52.364 PM'
}
{
  method: 'GET',
  url: '/api/v1/property/all?page=0',
  status: 304,
  response_time: 105.343,
  level: 'http',
  message: 'incoming-request',
  timestamp: '2024-06-17 03:24:52.417 PM'
}
{
  method: 'GET',
  url: '/api/v1/property/666720f01ed8af0105a0d444',
  status: 304,
  response_time: 51.253,
  level: 'http',
  message: 'incoming-request',
  timestamp: '2024-06-17 03:24:56.570 PM'
}
{
  method: 'GET',
  url: '/api/v1/property/all?page=0',
  status: 304,
  response_time: 103.368,
  level: 'http',
  message: 'incoming-request',
  timestamp: '2024-06-17 03:24:56.621 PM'
}
{
  method: 'GET',
  url: '/api/v1/property/666720f01ed8af0105a0d444',
  status: 304,
  response_time: 51.193,
  level: 'http',
  message: 'incoming-request',
  timestamp: '2024-06-17 03:24:58.608 PM'
}
{
  method: 'GET',
  url: '/api/v1/property/all?page=0',
  status: 304,
  response_time: 102.9,
  level: 'http',
  message: 'incoming-request',
  timestamp: '2024-06-17 03:24:58.658 PM'
}
{
  method: 'GET',
  url: '/api/v1/property/666720f01ed8af0105a0d444',
  status: 200,
  content_length: '457',
  response_time: 51.556,
  level: 'http',
  message: 'incoming-request',
  timestamp: '2024-06-17 03:26:40.639 PM'
}
{
  method: 'GET',
  url: '/api/v1/property/all?page=0',
  status: 200,
  content_length: '917',
  response_time: 105.248,
  level: 'http',
  message: 'incoming-request',
  timestamp: '2024-06-17 03:26:40.690 PM'
}
{
  method: 'GET',
  url: '/api/v1/property/666720f01ed8af0105a0d444',
  status: 304,
  response_time: 51.762,
  level: 'http',
  message: 'incoming-request',
  timestamp: '2024-06-17 03:27:05.144 PM'
}
{
  method: 'GET',
  url: '/api/v1/property/all?page=0',
  status: 304,
  response_time: 103.291,
  level: 'http',
  message: 'incoming-request',
  timestamp: '2024-06-17 03:27:05.197 PM'
}
{
  method: 'GET',
  url: '/api/v1/property/666720f01ed8af0105a0d444',
  status: 304,
  response_time: 51.46,
  level: 'http',
  message: 'incoming-request',
  timestamp: '2024-06-17 03:27:07.142 PM'
}
{
  method: 'GET',
  url: '/api/v1/property/all?page=0',
  status: 304,
  response_time: 103.194,
  level: 'http',
  message: 'incoming-request',
  timestamp: '2024-06-17 03:27:07.193 PM'
}
{
  method: 'GET',
  url: '/api/v1/property/666720f01ed8af0105a0d444',
  status: 200,
  content_length: '457',
  response_time: 55.886,
  level: 'http',
  message: 'incoming-request',
  timestamp: '2024-06-17 03:30:44.751 PM'
}
{
  method: 'GET',
  url: '/api/v1/property/all?page=0',
  status: 200,
  content_length: '917',
  response_time: 107.929,
  level: 'http',
  message: 'incoming-request',
  timestamp: '2024-06-17 03:30:44.802 PM'
}
{
  method: 'GET',
  url: '/api/v1/property/666720f01ed8af0105a0d444',
  status: 200,
  content_length: '457',
  response_time: 53.573,
  level: 'http',
  message: 'incoming-request',
  timestamp: '2024-06-17 05:14:32.815 PM'
}
{
  method: 'GET',
  url: '/api/v1/property/all?page=0',
  status: 200,
  content_length: '917',
  response_time: 104.411,
  level: 'http',
  message: 'incoming-request',
  timestamp: '2024-06-17 05:14:32.865 PM'
}
{
  method: 'GET',
  url: '/api/v1/property/666720f01ed8af0105a0d444',
  status: 304,
  response_time: 52.159,
  level: 'http',
  message: 'incoming-request',
  timestamp: '2024-06-17 05:14:34.450 PM'
}
{
  method: 'GET',
  url: '/api/v1/property/all?page=0',
  status: 304,
  response_time: 102.418,
  level: 'http',
  message: 'incoming-request',
  timestamp: '2024-06-17 05:14:34.499 PM'
}
{
  method: 'GET',
  url: '/api/v1/property/666720f01ed8af0105a0d444',
  status: 304,
  response_time: 51.354,
  level: 'http',
  message: 'incoming-request',
  timestamp: '2024-06-17 05:25:49.046 PM'
}
{
  method: 'GET',
  url: '/api/v1/property/all?page=0',
  status: 304,
  response_time: 101.226,
  level: 'http',
  message: 'incoming-request',
  timestamp: '2024-06-17 05:25:49.095 PM'
}
