{
  method: 'GET',
  url: '/api/v1/property/666720f01ed8af0105a0d444',
  status: 304,
  response_time: 59.312,
  level: 'http',
  message: 'incoming-request',
  timestamp: '2024-07-06 12:32:53.707 PM'
}
{
  method: 'GET',
  url: '/api/v1/property/?page=0',
  status: 304,
  response_time: 106.819,
  level: 'http',
  message: 'incoming-request',
  timestamp: '2024-07-06 12:32:53.747 PM'
}
{
  method: 'GET',
  url: '/api/v1/property/666720f01ed8af0105a0d444',
  status: 304,
  response_time: 54.911,
  level: 'http',
  message: 'incoming-request',
  timestamp: '2024-07-06 12:46:15.350 PM'
}
{
  method: 'GET',
  url: '/api/v1/property/?page=0',
  status: 304,
  response_time: 106.65,
  level: 'http',
  message: 'incoming-request',
  timestamp: '2024-07-06 12:46:15.404 PM'
}
{
  method: 'GET',
  url: '/api/v1/property/666720f01ed8af0105a0d444',
  status: 304,
  response_time: 50.882,
  level: 'http',
  message: 'incoming-request',
  timestamp: '2024-07-06 12:46:24.489 PM'
}
{
  method: 'GET',
  url: '/api/v1/property/?page=0',
  status: 304,
  response_time: 102.885,
  level: 'http',
  message: 'incoming-request',
  timestamp: '2024-07-06 12:46:24.540 PM'
}
{
  method: 'GET',
  url: '/api/v1/property/666720f01ed8af0105a0d444',
  status: 304,
  response_time: 51.212,
  level: 'http',
  message: 'incoming-request',
  timestamp: '2024-07-06 12:46:39.875 PM'
}
{
  method: 'GET',
  url: '/api/v1/property/?page=0',
  status: 304,
  response_time: 104.71,
  level: 'http',
  message: 'incoming-request',
  timestamp: '2024-07-06 12:46:39.930 PM'
}
{
  method: 'GET',
  url: '/api/v1/property/666720f01ed8af0105a0d444',
  status: 304,
  response_time: 51.171,
  level: 'http',
  message: 'incoming-request',
  timestamp: '2024-07-06 12:49:11.395 PM'
}
{
  method: 'GET',
  url: '/api/v1/property/?page=0',
  status: 304,
  response_time: 103.107,
  level: 'http',
  message: 'incoming-request',
  timestamp: '2024-07-06 12:49:11.445 PM'
}
{
  method: 'GET',
  url: '/api/v1/property/666720f01ed8af0105a0d444',
  status: 304,
  response_time: 50.996,
  level: 'http',
  message: 'incoming-request',
  timestamp: '2024-07-06 12:49:18.053 PM'
}
{
  method: 'GET',
  url: '/api/v1/property/?page=0',
  status: 304,
  response_time: 120.137,
  level: 'http',
  message: 'incoming-request',
  timestamp: '2024-07-06 12:49:18.121 PM'
}
{
  method: 'GET',
  url: '/api/v1/property/666720f01ed8af0105a0d444',
  status: 304,
  response_time: 50.698,
  level: 'http',
  message: 'incoming-request',
  timestamp: '2024-07-06 12:51:28.030 PM'
}
{
  method: 'GET',
  url: '/api/v1/property/?page=0',
  status: 304,
  response_time: 103.219,
  level: 'http',
  message: 'incoming-request',
  timestamp: '2024-07-06 12:51:28.081 PM'
}
{
  method: 'GET',
  url: '/api/v1/property/666720f01ed8af0105a0d444',
  status: 304,
  response_time: 50.859,
  level: 'http',
  message: 'incoming-request',
  timestamp: '2024-07-06 12:51:42.470 PM'
}
{
  method: 'GET',
  url: '/api/v1/property/?page=0',
  status: 304,
  response_time: 102.738,
  level: 'http',
  message: 'incoming-request',
  timestamp: '2024-07-06 12:51:42.523 PM'
}
{
  method: 'GET',
  url: '/api/v1/property/666720f01ed8af0105a0d444',
  status: 304,
  response_time: 51.539,
  level: 'http',
  message: 'incoming-request',
  timestamp: '2024-07-06 12:51:46.445 PM'
}
{
  method: 'GET',
  url: '/api/v1/property/?page=0',
  status: 304,
  response_time: 102.522,
  level: 'http',
  message: 'incoming-request',
  timestamp: '2024-07-06 12:51:46.495 PM'
}
{
  method: 'GET',
  url: '/api/v1/property/666720f01ed8af0105a0d444',
  status: 304,
  response_time: 50.712,
  level: 'http',
  message: 'incoming-request',
  timestamp: '2024-07-06 12:51:52.141 PM'
}
{
  method: 'GET',
  url: '/api/v1/property/?page=0',
  status: 304,
  response_time: 102.51,
  level: 'http',
  message: 'incoming-request',
  timestamp: '2024-07-06 12:51:52.192 PM'
}
{
  method: 'GET',
  url: '/api/v1/property/666720f01ed8af0105a0d444',
  status: 304,
  response_time: 51.217,
  level: 'http',
  message: 'incoming-request',
  timestamp: '2024-07-06 12:51:58.223 PM'
}
{
  method: 'GET',
  url: '/api/v1/property/?page=0',
  status: 304,
  response_time: 133.42,
  level: 'http',
  message: 'incoming-request',
  timestamp: '2024-07-06 12:51:58.305 PM'
}
{
  method: 'GET',
  url: '/api/v1/property/666720f01ed8af0105a0d444',
  status: 304,
  response_time: 90.45,
  level: 'http',
  message: 'incoming-request',
  timestamp: '2024-07-06 12:52:04.594 PM'
}
{
  method: 'GET',
  url: '/api/v1/property/?page=0',
  status: 304,
  response_time: 143.42,
  level: 'http',
  message: 'incoming-request',
  timestamp: '2024-07-06 12:52:04.646 PM'
}
{
  method: 'GET',
  url: '/api/v1/property/666720f01ed8af0105a0d444',
  status: 304,
  response_time: 59.5,
  level: 'http',
  message: 'incoming-request',
  timestamp: '2024-07-06 12:56:36.811 PM'
}
{
  method: 'GET',
  url: '/api/v1/property/?page=0',
  status: 304,
  response_time: 108.444,
  level: 'http',
  message: 'incoming-request',
  timestamp: '2024-07-06 12:56:36.853 PM'
}
{
  method: 'GET',
  url: '/api/v1/property/666720f01ed8af0105a0d444',
  status: 304,
  response_time: 56.348,
  level: 'http',
  message: 'incoming-request',
  timestamp: '2024-07-06 12:58:21.883 PM'
}
{
  method: 'GET',
  url: '/api/v1/property/?page=0',
  status: 304,
  response_time: 104.362,
  level: 'http',
  message: 'incoming-request',
  timestamp: '2024-07-06 12:58:21.929 PM'
}
{
  method: 'GET',
  url: '/api/v1/property/?page=1',
  status: 200,
  content_length: '2719',
  response_time: 104.085,
  level: 'http',
  message: 'incoming-request',
  timestamp: '2024-07-06 12:59:48.618 PM'
}
{
  message: 'Incorrect email or password',
  level: 'error',
  timestamp: '2024-07-06 01:00:51.121 PM'
}
{
  method: 'POST',
  url: '/api/v1/auth/login',
  status: 400,
  content_length: '306',
  response_time: 55.184,
  level: 'http',
  message: 'incoming-request',
  timestamp: '2024-07-06 01:00:51.122 PM'
}
{
  method: 'GET',
  url: '/api/v1/auth/google',
  status: 302,
  content_length: '0',
  response_time: 1.113,
  level: 'http',
  message: 'incoming-request',
  timestamp: '2024-07-06 01:00:56.690 PM'
}
{
  message: 'Incorrect email or password',
  level: 'error',
  timestamp: '2024-07-06 01:01:42.780 PM'
}
{
  method: 'POST',
  url: '/api/v1/auth/login',
  status: 400,
  content_length: '306',
  response_time: 52.295,
  level: 'http',
  message: 'incoming-request',
  timestamp: '2024-07-06 01:01:42.781 PM'
}
{
  method: 'POST',
  url: '/api/v1/auth/register',
  status: 400,
  content_length: '403',
  response_time: 55.382,
  level: 'http',
  message: 'incoming-request',
  timestamp: '2024-07-06 01:05:06.498 PM'
}
{
  message: 'Incorrect email or password',
  level: 'error',
  timestamp: '2024-07-06 01:05:30.735 PM'
}
{
  method: 'POST',
  url: '/api/v1/auth/login',
  status: 400,
  content_length: '223',
  response_time: 123.002,
  level: 'http',
  message: 'incoming-request',
  timestamp: '2024-07-06 01:05:30.736 PM'
}
{
  method: 'POST',
  url: '/api/v1/auth/login',
  status: 200,
  content_length: '305',
  response_time: 195.282,
  level: 'http',
  message: 'incoming-request',
  timestamp: '2024-07-06 01:05:44.097 PM'
}
{
  method: 'GET',
  url: '/api/v1/auth/google',
  status: 302,
  content_length: '0',
  response_time: 0.312,
  level: 'http',
  message: 'incoming-request',
  timestamp: '2024-07-06 01:13:10.108 PM'
}
{
  method: 'GET',
  url: '/api/v1/property/666720f01ed8af0105a0d444',
  status: 200,
  content_length: '457',
  response_time: 54.784,
  level: 'http',
  message: 'incoming-request',
  timestamp: '2024-07-06 01:16:58.806 PM'
}
{
  method: 'GET',
  url: '/api/v1/property/?page=0',
  status: 200,
  content_length: '2719',
  response_time: 107.389,
  level: 'http',
  message: 'incoming-request',
  timestamp: '2024-07-06 01:16:58.856 PM'
}
{
  method: 'GET',
  url: '/api/v1/property/666720f01ed8af0105a0d444',
  status: 304,
  response_time: 53.942,
  level: 'http',
  message: 'incoming-request',
  timestamp: '2024-07-06 01:17:12.205 PM'
}
{
  method: 'GET',
  url: '/api/v1/property/?page=0',
  status: 304,
  response_time: 107.622,
  level: 'http',
  message: 'incoming-request',
  timestamp: '2024-07-06 01:17:12.257 PM'
}
{
  method: 'GET',
  url: '/api/v1/property/666720f01ed8af0105a0d444',
  status: 304,
  response_time: 53.222,
  level: 'http',
  message: 'incoming-request',
  timestamp: '2024-07-06 01:17:13.897 PM'
}
{
  method: 'GET',
  url: '/api/v1/property/?page=0',
  status: 304,
  response_time: 104.92,
  level: 'http',
  message: 'incoming-request',
  timestamp: '2024-07-06 01:17:13.947 PM'
}
{
  method: 'GET',
  url: '/api/v1/property/666720f01ed8af0105a0d444',
  status: 304,
  response_time: 53.077,
  level: 'http',
  message: 'incoming-request',
  timestamp: '2024-07-06 01:17:55.675 PM'
}
{
  method: 'GET',
  url: '/api/v1/property/?page=0',
  status: 304,
  response_time: 103.716,
  level: 'http',
  message: 'incoming-request',
  timestamp: '2024-07-06 01:17:55.724 PM'
}
{
  method: 'GET',
  url: '/api/v1/property/666720f01ed8af0105a0d444',
  status: 304,
  response_time: 52.626,
  level: 'http',
  message: 'incoming-request',
  timestamp: '2024-07-06 01:18:08.773 PM'
}
{
  method: 'GET',
  url: '/api/v1/property/?page=0',
  status: 304,
  response_time: 109.259,
  level: 'http',
  message: 'incoming-request',
  timestamp: '2024-07-06 01:18:08.828 PM'
}
{
  method: 'GET',
  url: '/api/v1/property/666720f01ed8af0105a0d444',
  status: 304,
  response_time: 55.462,
  level: 'http',
  message: 'incoming-request',
  timestamp: '2024-07-06 01:18:10.515 PM'
}
{
  method: 'GET',
  url: '/api/v1/property/?page=0',
  status: 304,
  response_time: 102.932,
  level: 'http',
  message: 'incoming-request',
  timestamp: '2024-07-06 01:18:10.562 PM'
}
{
  method: 'GET',
  url: '/api/v1/property/666720f01ed8af0105a0d444',
  status: 304,
  response_time: 53.41,
  level: 'http',
  message: 'incoming-request',
  timestamp: '2024-07-06 01:18:19.966 PM'
}
{
  method: 'GET',
  url: '/api/v1/property/?page=0',
  status: 304,
  response_time: 104.681,
  level: 'http',
  message: 'incoming-request',
  timestamp: '2024-07-06 01:18:20.015 PM'
}
{
  method: 'GET',
  url: '/api/v1/property/666720f01ed8af0105a0d444',
  status: 200,
  content_length: '457',
  response_time: 53.699,
  level: 'http',
  message: 'incoming-request',
  timestamp: '2024-07-06 01:21:55.698 PM'
}
{
  method: 'GET',
  url: '/api/v1/property/?page=0',
  status: 200,
  content_length: '2719',
  response_time: 103.307,
  level: 'http',
  message: 'incoming-request',
  timestamp: '2024-07-06 01:21:55.746 PM'
}
{
  method: 'GET',
  url: '/api/v1/property/666720f01ed8af0105a0d444',
  status: 304,
  response_time: 52.736,
  level: 'http',
  message: 'incoming-request',
  timestamp: '2024-07-06 01:21:59.181 PM'
}
{
  method: 'GET',
  url: '/api/v1/property/?page=0',
  status: 304,
  response_time: 103.547,
  level: 'http',
  message: 'incoming-request',
  timestamp: '2024-07-06 01:21:59.231 PM'
}
{
  method: 'GET',
  url: '/api/v1/property/666720f01ed8af0105a0d444',
  status: 304,
  response_time: 52.703,
  level: 'http',
  message: 'incoming-request',
  timestamp: '2024-07-06 01:22:30.430 PM'
}
{
  method: 'GET',
  url: '/api/v1/property/?page=0',
  status: 304,
  response_time: 106.238,
  level: 'http',
  message: 'incoming-request',
  timestamp: '2024-07-06 01:22:30.483 PM'
}
{
  method: 'GET',
  url: '/api/v1/property/666720f01ed8af0105a0d444',
  status: 304,
  response_time: 52.823,
  level: 'http',
  message: 'incoming-request',
  timestamp: '2024-07-06 01:22:42.142 PM'
}
{
  method: 'GET',
  url: '/api/v1/property/?page=0',
  status: 304,
  response_time: 111.979,
  level: 'http',
  message: 'incoming-request',
  timestamp: '2024-07-06 01:22:42.200 PM'
}
{
  method: 'GET',
  url: '/api/v1/property/666720f01ed8af0105a0d444',
  status: 304,
  response_time: 52.922,
  level: 'http',
  message: 'incoming-request',
  timestamp: '2024-07-06 01:22:44.579 PM'
}
{
  method: 'GET',
  url: '/api/v1/property/?page=0',
  status: 304,
  response_time: 125.153,
  level: 'http',
  message: 'incoming-request',
  timestamp: '2024-07-06 01:22:44.650 PM'
}
{
  method: 'GET',
  url: '/api/v1/property/666720f01ed8af0105a0d444',
  status: 304,
  response_time: 52.062,
  level: 'http',
  message: 'incoming-request',
  timestamp: '2024-07-06 01:22:55.282 PM'
}
{
  method: 'GET',
  url: '/api/v1/property/?page=0',
  status: 304,
  response_time: 102.696,
  level: 'http',
  message: 'incoming-request',
  timestamp: '2024-07-06 01:22:55.332 PM'
}
{
  method: 'GET',
  url: '/api/v1/property/666720f01ed8af0105a0d444',
  status: 304,
  response_time: 55.523,
  level: 'http',
  message: 'incoming-request',
  timestamp: '2024-07-06 01:22:58.053 PM'
}
{
  method: 'GET',
  url: '/api/v1/property/?page=0',
  status: 304,
  response_time: 103.181,
  level: 'http',
  message: 'incoming-request',
  timestamp: '2024-07-06 01:22:58.099 PM'
}
{
  method: 'GET',
  url: '/api/v1/property/666720f01ed8af0105a0d444',
  status: 304,
  response_time: 52.681,
  level: 'http',
  message: 'incoming-request',
  timestamp: '2024-07-06 01:23:18.300 PM'
}
{
  method: 'GET',
  url: '/api/v1/property/?page=0',
  status: 304,
  response_time: 116.833,
  level: 'http',
  message: 'incoming-request',
  timestamp: '2024-07-06 01:23:18.363 PM'
}
{
  method: 'GET',
  url: '/api/v1/property/666720f01ed8af0105a0d444',
  status: 304,
  response_time: 53.397,
  level: 'http',
  message: 'incoming-request',
  timestamp: '2024-07-06 01:24:41.953 PM'
}
{
  method: 'GET',
  url: '/api/v1/property/?page=0',
  status: 304,
  response_time: 106.39,
  level: 'http',
  message: 'incoming-request',
  timestamp: '2024-07-06 01:24:42.005 PM'
}
{
  method: 'GET',
  url: '/api/v1/property/666720f01ed8af0105a0d444',
  status: 304,
  response_time: 52.174,
  level: 'http',
  message: 'incoming-request',
  timestamp: '2024-07-06 01:25:18.185 PM'
}
{
  method: 'GET',
  url: '/api/v1/property/?page=0',
  status: 304,
  response_time: 102.703,
  level: 'http',
  message: 'incoming-request',
  timestamp: '2024-07-06 01:25:18.234 PM'
}
{
  method: 'GET',
  url: '/api/v1/user/profile',
  status: 401,
  content_length: '12',
  response_time: 0.518,
  level: 'http',
  message: 'incoming-request',
  timestamp: '2024-07-06 01:29:24.483 PM'
}
{
  method: 'GET',
  url: '/api/v1/property/666720f01ed8af0105a0d444',
  status: 304,
  response_time: 84.527,
  level: 'http',
  message: 'incoming-request',
  timestamp: '2024-07-06 01:29:24.570 PM'
}
{
  method: 'GET',
  url: '/api/v1/property/?page=0',
  status: 304,
  response_time: 136.222,
  level: 'http',
  message: 'incoming-request',
  timestamp: '2024-07-06 01:29:24.620 PM'
}
{
  method: 'GET',
  url: '/api/v1/user/profile',
  status: 401,
  content_length: '12',
  response_time: 0.252,
  level: 'http',
  message: 'incoming-request',
  timestamp: '2024-07-06 01:29:24.678 PM'
}
{
  method: 'GET',
  url: '/api/v1/user/profile',
  status: 200,
  content_length: '291',
  response_time: 118.926,
  level: 'http',
  message: 'incoming-request',
  timestamp: '2024-07-06 01:29:25.056 PM'
}
{
  method: 'GET',
  url: '/api/v1/user/profile',
  status: 401,
  content_length: '12',
  response_time: 0.19,
  level: 'http',
  message: 'incoming-request',
  timestamp: '2024-07-06 01:30:07.564 PM'
}
{
  method: 'GET',
  url: '/api/v1/user/profile',
  status: 401,
  content_length: '12',
  response_time: 0.227,
  level: 'http',
  message: 'incoming-request',
  timestamp: '2024-07-06 01:30:07.622 PM'
}
{
  method: 'GET',
  url: '/api/v1/property/666720f01ed8af0105a0d444',
  status: 304,
  response_time: 56.786,
  level: 'http',
  message: 'incoming-request',
  timestamp: '2024-07-06 01:30:07.681 PM'
}
{
  method: 'GET',
  url: '/api/v1/property/?page=0',
  status: 304,
  response_time: 110.137,
  level: 'http',
  message: 'incoming-request',
  timestamp: '2024-07-06 01:30:07.734 PM'
}
{
  method: 'GET',
  url: '/api/v1/user/profile',
  status: 304,
  response_time: 104.333,
  level: 'http',
  message: 'incoming-request',
  timestamp: '2024-07-06 01:30:08.106 PM'
}
{
  method: 'GET',
  url: '/api/v1/user/profile',
  status: 401,
  content_length: '12',
  response_time: 0.255,
  level: 'http',
  message: 'incoming-request',
  timestamp: '2024-07-06 01:30:52.531 PM'
}
{
  method: 'GET',
  url: '/api/v1/user/profile',
  status: 401,
  content_length: '12',
  response_time: 0.292,
  level: 'http',
  message: 'incoming-request',
  timestamp: '2024-07-06 01:31:00.256 PM'
}
{
  method: 'GET',
  url: '/api/v1/property/666720f01ed8af0105a0d444',
  status: 304,
  response_time: 52.643,
  level: 'http',
  message: 'incoming-request',
  timestamp: '2024-07-06 01:31:00.311 PM'
}
{
  method: 'GET',
  url: '/api/v1/property/?page=0',
  status: 304,
  response_time: 103.739,
  level: 'http',
  message: 'incoming-request',
  timestamp: '2024-07-06 01:31:00.361 PM'
}
{
  method: 'GET',
  url: '/api/v1/user/profile',
  status: 401,
  content_length: '12',
  response_time: 0.199,
  level: 'http',
  message: 'incoming-request',
  timestamp: '2024-07-06 01:31:00.642 PM'
}
{
  method: 'GET',
  url: '/api/v1/user/profile',
  status: 304,
  response_time: 107.521,
  level: 'http',
  message: 'incoming-request',
  timestamp: '2024-07-06 01:31:00.905 PM'
}
{
  method: 'GET',
  url: '/api/v1/user/profile',
  status: 401,
  content_length: '12',
  response_time: 0.259,
  level: 'http',
  message: 'incoming-request',
  timestamp: '2024-07-06 01:31:08.673 PM'
}
{
  method: 'GET',
  url: '/api/v1/property/666720f01ed8af0105a0d444',
  status: 304,
  response_time: 53.82,
  level: 'http',
  message: 'incoming-request',
  timestamp: '2024-07-06 01:31:08.730 PM'
}
{
  method: 'GET',
  url: '/api/v1/property/?page=0',
  status: 304,
  response_time: 103.012,
  level: 'http',
  message: 'incoming-request',
  timestamp: '2024-07-06 01:31:08.778 PM'
}
{
  method: 'GET',
  url: '/api/v1/user/profile',
  status: 401,
  content_length: '12',
  response_time: 0.164,
  level: 'http',
  message: 'incoming-request',
  timestamp: '2024-07-06 01:31:08.986 PM'
}
{
  method: 'GET',
  url: '/api/v1/user/profile',
  status: 304,
  response_time: 103.653,
  level: 'http',
  message: 'incoming-request',
  timestamp: '2024-07-06 01:31:09.265 PM'
}
{
  method: 'GET',
  url: '/api/v1/user/profile',
  status: 304,
  response_time: 103.217,
  level: 'http',
  message: 'incoming-request',
  timestamp: '2024-07-06 01:31:28.255 PM'
}
{
  method: 'GET',
  url: '/api/v1/user/profile',
  status: 401,
  content_length: '12',
  response_time: 0.377,
  level: 'http',
  message: 'incoming-request',
  timestamp: '2024-07-06 01:35:24.593 PM'
}
{
  method: 'GET',
  url: '/api/v1/property/666720f01ed8af0105a0d444',
  status: 304,
  response_time: 53.953,
  level: 'http',
  message: 'incoming-request',
  timestamp: '2024-07-06 01:35:24.651 PM'
}
{
  method: 'GET',
  url: '/api/v1/property/?page=0',
  status: 304,
  response_time: 110.532,
  level: 'http',
  message: 'incoming-request',
  timestamp: '2024-07-06 01:35:24.706 PM'
}
{
  method: 'GET',
  url: '/api/v1/user/profile',
  status: 401,
  content_length: '12',
  response_time: 0.285,
  level: 'http',
  message: 'incoming-request',
  timestamp: '2024-07-06 01:35:24.708 PM'
}
{
  method: 'GET',
  url: '/api/v1/user/profile',
  status: 304,
  response_time: 104.639,
  level: 'http',
  message: 'incoming-request',
  timestamp: '2024-07-06 01:35:25.088 PM'
}
{
  method: 'GET',
  url: '/api/v1/user/profile',
  status: 304,
  response_time: 103.552,
  level: 'http',
  message: 'incoming-request',
  timestamp: '2024-07-06 01:39:07.442 PM'
}
{
  method: 'GET',
  url: '/api/v1/user/profile',
  status: 401,
  content_length: '12',
  response_time: 0.274,
  level: 'http',
  message: 'incoming-request',
  timestamp: '2024-07-06 01:39:17.160 PM'
}
{
  method: 'GET',
  url: '/api/v1/property/666720f01ed8af0105a0d444',
  status: 304,
  response_time: 53.105,
  level: 'http',
  message: 'incoming-request',
  timestamp: '2024-07-06 01:39:17.225 PM'
}
{
  method: 'GET',
  url: '/api/v1/property/?page=0',
  status: 304,
  response_time: 105.182,
  level: 'http',
  message: 'incoming-request',
  timestamp: '2024-07-06 01:39:17.269 PM'
}
{
  method: 'GET',
  url: '/api/v1/user/profile',
  status: 401,
  content_length: '12',
  response_time: 0.218,
  level: 'http',
  message: 'incoming-request',
  timestamp: '2024-07-06 01:39:17.434 PM'
}
{
  method: 'GET',
  url: '/api/v1/user/profile',
  status: 304,
  response_time: 103.826,
  level: 'http',
  message: 'incoming-request',
  timestamp: '2024-07-06 01:39:17.868 PM'
}
{
  method: 'GET',
  url: '/api/v1/user/profile',
  status: 401,
  content_length: '12',
  response_time: 0.244,
  level: 'http',
  message: 'incoming-request',
  timestamp: '2024-07-06 01:39:42.447 PM'
}
{
  method: 'GET',
  url: '/api/v1/property/666720f01ed8af0105a0d444',
  status: 304,
  response_time: 52.332,
  level: 'http',
  message: 'incoming-request',
  timestamp: '2024-07-06 01:39:42.503 PM'
}
{
  method: 'GET',
  url: '/api/v1/property/?page=0',
  status: 304,
  response_time: 111.903,
  level: 'http',
  message: 'incoming-request',
  timestamp: '2024-07-06 01:39:42.561 PM'
}
{
  method: 'GET',
  url: '/api/v1/user/profile',
  status: 401,
  content_length: '12',
  response_time: 0.215,
  level: 'http',
  message: 'incoming-request',
  timestamp: '2024-07-06 01:39:42.849 PM'
}
{
  method: 'GET',
  url: '/api/v1/user/profile',
  status: 304,
  response_time: 103.886,
  level: 'http',
  message: 'incoming-request',
  timestamp: '2024-07-06 01:39:42.970 PM'
}
{
  method: 'GET',
  url: '/api/v1/user/profile',
  status: 401,
  content_length: '12',
  response_time: 0.335,
  level: 'http',
  message: 'incoming-request',
  timestamp: '2024-07-06 01:39:48.063 PM'
}
{
  method: 'GET',
  url: '/api/v1/property/666720f01ed8af0105a0d444',
  status: 304,
  response_time: 52.356,
  level: 'http',
  message: 'incoming-request',
  timestamp: '2024-07-06 01:39:48.118 PM'
}
{
  method: 'GET',
  url: '/api/v1/property/?page=0',
  status: 304,
  response_time: 114.121,
  level: 'http',
  message: 'incoming-request',
  timestamp: '2024-07-06 01:39:48.179 PM'
}
{
  method: 'GET',
  url: '/api/v1/user/profile',
  status: 401,
  content_length: '12',
  response_time: 0.206,
  level: 'http',
  message: 'incoming-request',
  timestamp: '2024-07-06 01:39:48.349 PM'
}
{
  method: 'GET',
  url: '/api/v1/user/profile',
  status: 304,
  response_time: 117.806,
  level: 'http',
  message: 'incoming-request',
  timestamp: '2024-07-06 01:39:48.633 PM'
}
{
  method: 'GET',
  url: '/api/v1/user/profile',
  status: 401,
  content_length: '12',
  response_time: 0.233,
  level: 'http',
  message: 'incoming-request',
  timestamp: '2024-07-06 01:40:29.676 PM'
}
{
  method: 'GET',
  url: '/api/v1/property/666720f01ed8af0105a0d444',
  status: 304,
  response_time: 54.037,
  level: 'http',
  message: 'incoming-request',
  timestamp: '2024-07-06 01:40:29.732 PM'
}
{
  method: 'GET',
  url: '/api/v1/property/?page=0',
  status: 304,
  response_time: 102.486,
  level: 'http',
  message: 'incoming-request',
  timestamp: '2024-07-06 01:40:29.779 PM'
}
{
  method: 'GET',
  url: '/api/v1/user/profile',
  status: 401,
  content_length: '12',
  response_time: 0.16,
  level: 'http',
  message: 'incoming-request',
  timestamp: '2024-07-06 01:40:29.814 PM'
}
{
  method: 'GET',
  url: '/api/v1/user/profile',
  status: 304,
  response_time: 107.129,
  level: 'http',
  message: 'incoming-request',
  timestamp: '2024-07-06 01:40:30.023 PM'
}
{
  method: 'GET',
  url: '/api/v1/user/profile',
  status: 401,
  content_length: '12',
  response_time: 0.325,
  level: 'http',
  message: 'incoming-request',
  timestamp: '2024-07-06 01:40:33.351 PM'
}
{
  method: 'GET',
  url: '/api/v1/property/666720f01ed8af0105a0d444',
  status: 304,
  response_time: 52.495,
  level: 'http',
  message: 'incoming-request',
  timestamp: '2024-07-06 01:40:33.406 PM'
}
{
  method: 'GET',
  url: '/api/v1/user/profile',
  status: 401,
  content_length: '12',
  response_time: 0.236,
  level: 'http',
  message: 'incoming-request',
  timestamp: '2024-07-06 01:40:33.451 PM'
}
{
  method: 'GET',
  url: '/api/v1/property/?page=0',
  status: 304,
  response_time: 103.608,
  level: 'http',
  message: 'incoming-request',
  timestamp: '2024-07-06 01:40:33.456 PM'
}
{
  method: 'GET',
  url: '/api/v1/user/profile',
  status: 304,
  response_time: 103.316,
  level: 'http',
  message: 'incoming-request',
  timestamp: '2024-07-06 01:40:33.760 PM'
}
{
  method: 'GET',
  url: '/api/v1/user/profile',
  status: 401,
  content_length: '12',
  response_time: 0.188,
  level: 'http',
  message: 'incoming-request',
  timestamp: '2024-07-06 01:40:40.446 PM'
}
{
  method: 'GET',
  url: '/api/v1/property/666720f01ed8af0105a0d444',
  status: 304,
  response_time: 54.143,
  level: 'http',
  message: 'incoming-request',
  timestamp: '2024-07-06 01:40:40.502 PM'
}
{
  method: 'GET',
  url: '/api/v1/property/?page=0',
  status: 304,
  response_time: 103.794,
  level: 'http',
  message: 'incoming-request',
  timestamp: '2024-07-06 01:40:40.551 PM'
}
{
  method: 'GET',
  url: '/api/v1/user/profile',
  status: 401,
  content_length: '12',
  response_time: 0.186,
  level: 'http',
  message: 'incoming-request',
  timestamp: '2024-07-06 01:40:40.655 PM'
}
{
  method: 'GET',
  url: '/api/v1/user/profile',
  status: 304,
  response_time: 103.044,
  level: 'http',
  message: 'incoming-request',
  timestamp: '2024-07-06 01:40:41.013 PM'
}
{
  method: 'GET',
  url: '/api/v1/user/profile',
  status: 401,
  content_length: '12',
  response_time: 0.246,
  level: 'http',
  message: 'incoming-request',
  timestamp: '2024-07-06 01:40:55.092 PM'
}
{
  method: 'GET',
  url: '/api/v1/property/666720f01ed8af0105a0d444',
  status: 304,
  response_time: 52.844,
  level: 'http',
  message: 'incoming-request',
  timestamp: '2024-07-06 01:40:55.148 PM'
}
{
  method: 'GET',
  url: '/api/v1/property/?page=0',
  status: 304,
  response_time: 103.729,
  level: 'http',
  message: 'incoming-request',
  timestamp: '2024-07-06 01:40:55.197 PM'
}
{
  method: 'GET',
  url: '/api/v1/user/profile',
  status: 401,
  content_length: '12',
  response_time: 0.219,
  level: 'http',
  message: 'incoming-request',
  timestamp: '2024-07-06 01:40:55.317 PM'
}
{
  method: 'GET',
  url: '/api/v1/user/profile',
  status: 304,
  response_time: 107.03,
  level: 'http',
  message: 'incoming-request',
  timestamp: '2024-07-06 01:40:55.854 PM'
}
{
  method: 'GET',
  url: '/api/v1/property/666720f01ed8af0105a0d444',
  status: 200,
  content_length: '457',
  response_time: 52.36,
  level: 'http',
  message: 'incoming-request',
  timestamp: '2024-07-06 01:40:58.718 PM'
}
{
  method: 'GET',
  url: '/api/v1/property/?page=0',
  status: 200,
  content_length: '2719',
  response_time: 103.21,
  level: 'http',
  message: 'incoming-request',
  timestamp: '2024-07-06 01:40:58.768 PM'
}
{
  method: 'POST',
  url: '/api/v1/auth/login',
  status: 200,
  content_length: '305',
  response_time: 179.006,
  level: 'http',
  message: 'incoming-request',
  timestamp: '2024-07-06 01:41:14.843 PM'
}
{
  method: 'GET',
  url: '/api/v1/user/profile',
  status: 401,
  content_length: '12',
  response_time: 0.2,
  level: 'http',
  message: 'incoming-request',
  timestamp: '2024-07-06 01:41:32.152 PM'
}
{
  method: 'GET',
  url: '/api/v1/property/666720f01ed8af0105a0d444',
  status: 304,
  response_time: 53.529,
  level: 'http',
  message: 'incoming-request',
  timestamp: '2024-07-06 01:41:32.208 PM'
}
{
  method: 'GET',
  url: '/api/v1/property/?page=0',
  status: 304,
  response_time: 108.352,
  level: 'http',
  message: 'incoming-request',
  timestamp: '2024-07-06 01:41:32.262 PM'
}
{
  method: 'GET',
  url: '/api/v1/property/666720f01ed8af0105a0d444',
  status: 304,
  response_time: 51.358,
  level: 'http',
  message: 'incoming-request',
  timestamp: '2024-07-06 01:41:32.448 PM'
}
{
  method: 'GET',
  url: '/api/v1/user/profile',
  status: 200,
  content_length: '291',
  response_time: 103.701,
  level: 'http',
  message: 'incoming-request',
  timestamp: '2024-07-06 01:41:32.497 PM'
}
{
  method: 'GET',
  url: '/api/v1/property/?page=0',
  status: 304,
  response_time: 106.584,
  level: 'http',
  message: 'incoming-request',
  timestamp: '2024-07-06 01:41:32.502 PM'
}
{
  method: 'GET',
  url: '/api/v1/user/profile',
  status: 200,
  content_length: '291',
  response_time: 106.31,
  level: 'http',
  message: 'incoming-request',
  timestamp: '2024-07-06 01:41:32.766 PM'
}
{
  method: 'GET',
  url: '/api/v1/user/profile',
  status: 401,
  content_length: '12',
  response_time: 0.198,
  level: 'http',
  message: 'incoming-request',
  timestamp: '2024-07-06 01:42:28.626 PM'
}
{
  method: 'GET',
  url: '/api/v1/property/666720f01ed8af0105a0d444',
  status: 304,
  response_time: 53.347,
  level: 'http',
  message: 'incoming-request',
  timestamp: '2024-07-06 01:42:28.682 PM'
}
{
  method: 'GET',
  url: '/api/v1/property/?page=0',
  status: 304,
  response_time: 106.146,
  level: 'http',
  message: 'incoming-request',
  timestamp: '2024-07-06 01:42:28.733 PM'
}
{
  method: 'GET',
  url: '/api/v1/property/666720f01ed8af0105a0d444',
  status: 304,
  response_time: 51.891,
  level: 'http',
  message: 'incoming-request',
  timestamp: '2024-07-06 01:42:29.112 PM'
}
{
  method: 'GET',
  url: '/api/v1/property/?page=0',
  status: 304,
  response_time: 104.119,
  level: 'http',
  message: 'incoming-request',
  timestamp: '2024-07-06 01:42:29.163 PM'
}
{
  method: 'GET',
  url: '/api/v1/user/profile',
  status: 304,
  response_time: 108.188,
  level: 'http',
  message: 'incoming-request',
  timestamp: '2024-07-06 01:42:29.164 PM'
}
{
  method: 'GET',
  url: '/api/v1/user/profile',
  status: 304,
  response_time: 104.385,
  level: 'http',
  message: 'incoming-request',
  timestamp: '2024-07-06 01:42:29.231 PM'
}
{
  method: 'GET',
  url: '/api/v1/property/666720f01ed8af0105a0d444',
  status: 304,
  response_time: 51.692,
  level: 'http',
  message: 'incoming-request',
  timestamp: '2024-07-06 01:42:32.774 PM'
}
{
  method: 'GET',
  url: '/api/v1/user/profile',
  status: 304,
  response_time: 104.161,
  level: 'http',
  message: 'incoming-request',
  timestamp: '2024-07-06 01:42:32.825 PM'
}
{
  method: 'GET',
  url: '/api/v1/property/?page=0',
  status: 304,
  response_time: 105.784,
  level: 'http',
  message: 'incoming-request',
  timestamp: '2024-07-06 01:42:32.828 PM'
}
{
  method: 'GET',
  url: '/api/v1/user/profile',
  status: 401,
  content_length: '12',
  response_time: 0.234,
  level: 'http',
  message: 'incoming-request',
  timestamp: '2024-07-06 01:42:52.476 PM'
}
{
  method: 'GET',
  url: '/api/v1/property/666720f01ed8af0105a0d444',
  status: 304,
  response_time: 51.234,
  level: 'http',
  message: 'incoming-request',
  timestamp: '2024-07-06 01:42:52.531 PM'
}
{
  method: 'GET',
  url: '/api/v1/property/?page=0',
  status: 304,
  response_time: 106.474,
  level: 'http',
  message: 'incoming-request',
  timestamp: '2024-07-06 01:42:52.584 PM'
}
{
  method: 'GET',
  url: '/api/v1/user/profile',
  status: 304,
  response_time: 106.877,
  level: 'http',
  message: 'incoming-request',
  timestamp: '2024-07-06 01:42:52.938 PM'
}
{
  method: 'GET',
  url: '/api/v1/property/666720f01ed8af0105a0d444',
  status: 304,
  response_time: 51.775,
  level: 'http',
  message: 'incoming-request',
  timestamp: '2024-07-06 01:42:53.855 PM'
}
{
  method: 'GET',
  url: '/api/v1/property/?page=0',
  status: 304,
  response_time: 101.668,
  level: 'http',
  message: 'incoming-request',
  timestamp: '2024-07-06 01:42:53.904 PM'
}
{
  method: 'GET',
  url: '/api/v1/user/profile',
  status: 304,
  response_time: 106.344,
  level: 'http',
  message: 'incoming-request',
  timestamp: '2024-07-06 01:42:53.906 PM'
}
{
  method: 'GET',
  url: '/api/v1/user/profile',
  status: 401,
  content_length: '12',
  response_time: 0.344,
  level: 'http',
  message: 'incoming-request',
  timestamp: '2024-07-06 01:42:55.275 PM'
}
{
  method: 'GET',
  url: '/api/v1/property/666720f01ed8af0105a0d444',
  status: 304,
  response_time: 50.721,
  level: 'http',
  message: 'incoming-request',
  timestamp: '2024-07-06 01:42:55.328 PM'
}
{
  method: 'GET',
  url: '/api/v1/property/?page=0',
  status: 304,
  response_time: 133.439,
  level: 'http',
  message: 'incoming-request',
  timestamp: '2024-07-06 01:42:55.409 PM'
}
{
  method: 'GET',
  url: '/api/v1/user/profile',
  status: 304,
  response_time: 111.986,
  level: 'http',
  message: 'incoming-request',
  timestamp: '2024-07-06 01:42:55.813 PM'
}
{
  method: 'GET',
  url: '/api/v1/property/666720f01ed8af0105a0d444',
  status: 304,
  response_time: 50.925,
  level: 'http',
  message: 'incoming-request',
  timestamp: '2024-07-06 01:42:56.365 PM'
}
{
  method: 'GET',
  url: '/api/v1/property/?page=0',
  status: 304,
  response_time: 102.103,
  level: 'http',
  message: 'incoming-request',
  timestamp: '2024-07-06 01:42:56.416 PM'
}
{
  method: 'GET',
  url: '/api/v1/user/profile',
  status: 304,
  response_time: 105.959,
  level: 'http',
  message: 'incoming-request',
  timestamp: '2024-07-06 01:42:56.416 PM'
}
{
  method: 'GET',
  url: '/api/v1/property/666720f01ed8af0105a0d444',
  status: 304,
  response_time: 51.339,
  level: 'http',
  message: 'incoming-request',
  timestamp: '2024-07-06 01:42:59.254 PM'
}
{
  method: 'GET',
  url: '/api/v1/property/?page=0',
  status: 304,
  response_time: 102.118,
  level: 'http',
  message: 'incoming-request',
  timestamp: '2024-07-06 01:42:59.304 PM'
}
{
  method: 'GET',
  url: '/api/v1/user/profile',
  status: 304,
  response_time: 105.54,
  level: 'http',
  message: 'incoming-request',
  timestamp: '2024-07-06 01:42:59.306 PM'
}
{
  method: 'GET',
  url: '/api/v1/user/profile',
  status: 304,
  response_time: 109.04,
  level: 'http',
  message: 'incoming-request',
  timestamp: '2024-07-06 01:43:12.844 PM'
}
{
  method: 'GET',
  url: '/api/v1/user/profile',
  status: 401,
  content_length: '12',
  response_time: 0.209,
  level: 'http',
  message: 'incoming-request',
  timestamp: '2024-07-06 01:43:24.906 PM'
}
{
  method: 'GET',
  url: '/api/v1/property/666720f01ed8af0105a0d444',
  status: 304,
  response_time: 50.514,
  level: 'http',
  message: 'incoming-request',
  timestamp: '2024-07-06 01:43:24.958 PM'
}
{
  method: 'GET',
  url: '/api/v1/property/?page=0',
  status: 304,
  response_time: 105.196,
  level: 'http',
  message: 'incoming-request',
  timestamp: '2024-07-06 01:43:25.012 PM'
}
{
  method: 'GET',
  url: '/api/v1/user/profile',
  status: 304,
  response_time: 105.566,
  level: 'http',
  message: 'incoming-request',
  timestamp: '2024-07-06 01:43:25.294 PM'
}
{
  method: 'GET',
  url: '/api/v1/user/profile',
  status: 304,
  response_time: 105.183,
  level: 'http',
  message: 'incoming-request',
  timestamp: '2024-07-06 01:43:25.762 PM'
}
{
  method: 'GET',
  url: '/api/v1/user/profile',
  status: 401,
  content_length: '12',
  response_time: 0.225,
  level: 'http',
  message: 'incoming-request',
  timestamp: '2024-07-06 01:43:29.898 PM'
}
{
  method: 'GET',
  url: '/api/v1/property/666720f01ed8af0105a0d444',
  status: 304,
  response_time: 57.849,
  level: 'http',
  message: 'incoming-request',
  timestamp: '2024-07-06 01:43:29.966 PM'
}
{
  method: 'GET',
  url: '/api/v1/property/?page=0',
  status: 304,
  response_time: 120.038,
  level: 'http',
  message: 'incoming-request',
  timestamp: '2024-07-06 01:43:30.019 PM'
}
{
  method: 'GET',
  url: '/api/v1/user/profile',
  status: 304,
  response_time: 108.65,
  level: 'http',
  message: 'incoming-request',
  timestamp: '2024-07-06 01:43:30.477 PM'
}
{
  method: 'GET',
  url: '/api/v1/user/profile',
  status: 304,
  response_time: 114.113,
  level: 'http',
  message: 'incoming-request',
  timestamp: '2024-07-06 01:43:31.460 PM'
}
{
  method: 'GET',
  url: '/api/v1/property/?page=1',
  status: 304,
  response_time: 105.854,
  level: 'http',
  message: 'incoming-request',
  timestamp: '2024-07-06 01:43:35.779 PM'
}
{
  method: 'GET',
  url: '/api/v1/property/666720f01ed8af0105a0d444',
  status: 200,
  content_length: '457',
  response_time: 49.946,
  level: 'http',
  message: 'incoming-request',
  timestamp: '2024-07-06 01:43:36.244 PM'
}
{
  method: 'GET',
  url: '/api/v1/property/?page=0',
  status: 200,
  content_length: '2719',
  response_time: 119.175,
  level: 'http',
  message: 'incoming-request',
  timestamp: '2024-07-06 01:43:36.312 PM'
}
{
  method: 'GET',
  url: '/api/v1/user/profile',
  status: 401,
  content_length: '12',
  response_time: 0.184,
  level: 'http',
  message: 'incoming-request',
  timestamp: '2024-07-06 01:46:57.418 PM'
}
{
  method: 'GET',
  url: '/api/v1/property/666720f01ed8af0105a0d444',
  status: 304,
  response_time: 53.373,
  level: 'http',
  message: 'incoming-request',
  timestamp: '2024-07-06 01:46:57.474 PM'
}
{
  method: 'GET',
  url: '/api/v1/property/?page=0',
  status: 304,
  response_time: 116.297,
  level: 'http',
  message: 'incoming-request',
  timestamp: '2024-07-06 01:46:57.536 PM'
}
{
  method: 'GET',
  url: '/api/v1/user/profile',
  status: 304,
  response_time: 105.847,
  level: 'http',
  message: 'incoming-request',
  timestamp: '2024-07-06 01:46:57.704 PM'
}
{
  method: 'GET',
  url: '/api/v1/user/profile',
  status: 304,
  response_time: 110.072,
  level: 'http',
  message: 'incoming-request',
  timestamp: '2024-07-06 01:46:57.930 PM'
}
{
  method: 'GET',
  url: '/api/v1/user/profile',
  status: 401,
  content_length: '12',
  response_time: 0.219,
  level: 'http',
  message: 'incoming-request',
  timestamp: '2024-07-06 01:46:59.237 PM'
}
{
  method: 'GET',
  url: '/api/v1/property/666720f01ed8af0105a0d444',
  status: 304,
  response_time: 51.675,
  level: 'http',
  message: 'incoming-request',
  timestamp: '2024-07-06 01:46:59.291 PM'
}
{
  method: 'GET',
  url: '/api/v1/property/?page=0',
  status: 304,
  response_time: 108.932,
  level: 'http',
  message: 'incoming-request',
  timestamp: '2024-07-06 01:46:59.346 PM'
}
{
  method: 'GET',
  url: '/api/v1/user/profile',
  status: 304,
  response_time: 103.074,
  level: 'http',
  message: 'incoming-request',
  timestamp: '2024-07-06 01:46:59.351 PM'
}
{
  method: 'GET',
  url: '/api/v1/user/profile',
  status: 401,
  content_length: '12',
  response_time: 0.161,
  level: 'http',
  message: 'incoming-request',
  timestamp: '2024-07-06 01:47:06.192 PM'
}
{
  method: 'GET',
  url: '/api/v1/property/666720f01ed8af0105a0d444',
  status: 304,
  response_time: 51.852,
  level: 'http',
  message: 'incoming-request',
  timestamp: '2024-07-06 01:47:06.245 PM'
}
{
  method: 'GET',
  url: '/api/v1/property/?page=0',
  status: 304,
  response_time: 102.337,
  level: 'http',
  message: 'incoming-request',
  timestamp: '2024-07-06 01:47:06.295 PM'
}
{
  method: 'GET',
  url: '/api/v1/user/profile',
  status: 401,
  content_length: '12',
  response_time: 0.161,
  level: 'http',
  message: 'incoming-request',
  timestamp: '2024-07-06 01:48:05.055 PM'
}
{
  method: 'GET',
  url: '/api/v1/user/profile',
  status: 304,
  response_time: 107.582,
  level: 'http',
  message: 'incoming-request',
  timestamp: '2024-07-06 01:48:05.392 PM'
}
{
  method: 'GET',
  url: '/api/v1/user/profile',
  status: 401,
  content_length: '12',
  response_time: 0.211,
  level: 'http',
  message: 'incoming-request',
  timestamp: '2024-07-06 01:48:15.672 PM'
}
{
  method: 'GET',
  url: '/api/v1/user/profile',
  status: 304,
  response_time: 103,
  level: 'http',
  message: 'incoming-request',
  timestamp: '2024-07-06 01:48:16.014 PM'
}
{
  method: 'GET',
  url: '/api/v1/user/profile',
  status: 401,
  content_length: '12',
  response_time: 0.215,
  level: 'http',
  message: 'incoming-request',
  timestamp: '2024-07-06 01:48:20.284 PM'
}
{
  method: 'GET',
  url: '/api/v1/user/profile',
  status: 304,
  response_time: 108.184,
  level: 'http',
  message: 'incoming-request',
  timestamp: '2024-07-06 01:48:20.878 PM'
}
{
  method: 'GET',
  url: '/api/v1/user/profile',
  status: 401,
  content_length: '12',
  response_time: 0.192,
  level: 'http',
  message: 'incoming-request',
  timestamp: '2024-07-06 01:48:26.489 PM'
}
{
  method: 'GET',
  url: '/api/v1/user/profile',
  status: null,
  response_time: null,
  level: 'http',
  message: 'incoming-request',
  timestamp: '2024-07-06 01:48:27.697 PM'
}
{
  method: 'GET',
  url: '/api/v1/user/profile',
  status: 401,
  content_length: '12',
  response_time: 0.177,
  level: 'http',
  message: 'incoming-request',
  timestamp: '2024-07-06 01:48:27.866 PM'
}
{
  method: 'GET',
  url: '/api/v1/user/profile',
  status: 200,
  content_length: '291',
  response_time: 102.766,
  level: 'http',
  message: 'incoming-request',
  timestamp: '2024-07-06 01:48:28.762 PM'
}
