{
  message: 'Server on 1997 running. NodeENV: production  ',
  level: 'info',
  timestamp: '2024-11-11 10:04:38.122 AM'
}
{
  method: 'GET',
  url: '/api/v1/property/666720f01ed8af0105a0d444',
  status: 404,
  content_length: '48',
  response_time: 8.673,
  level: 'http',
  message: 'incoming-request',
  timestamp: '2024-11-11 10:04:40.102 AM'
}
{
  method: 'GET',
  url: '/api/v1/property/?page=1',
  status: 200,
  content_length: '60',
  response_time: 7.258,
  level: 'http',
  message: 'incoming-request',
  timestamp: '2024-11-11 10:04:40.105 AM'
}
{
  method: 'GET',
  url: '/api/v1/property/666720f01ed8af0105a0d444',
  status: 404,
  content_length: '48',
  response_time: 2.627,
  level: 'http',
  message: 'incoming-request',
  timestamp: '2024-11-11 10:04:42.041 AM'
}
{
  method: 'GET',
  url: '/api/v1/property/?page=1',
  status: 304,
  response_time: 4.339,
  level: 'http',
  message: 'incoming-request',
  timestamp: '2024-11-11 10:04:42.044 AM'
}
{
  method: 'GET',
  url: '/api/v1/property/666720f01ed8af0105a0d444',
  status: 404,
  content_length: '48',
  response_time: 3.112,
  level: 'http',
  message: 'incoming-request',
  timestamp: '2024-11-11 10:04:42.828 AM'
}
{
  method: 'GET',
  url: '/api/v1/property/?page=1',
  status: 304,
  response_time: 5.411,
  level: 'http',
  message: 'incoming-request',
  timestamp: '2024-11-11 10:04:42.831 AM'
}
{
  method: 'GET',
  url: '/api/v1/property/666720f01ed8af0105a0d444',
  status: 404,
  content_length: '48',
  response_time: 3.605,
  level: 'http',
  message: 'incoming-request',
  timestamp: '2024-11-11 10:05:23.070 AM'
}
{
  method: 'GET',
  url: '/api/v1/property/?page=1',
  status: 304,
  response_time: 4.271,
  level: 'http',
  message: 'incoming-request',
  timestamp: '2024-11-11 10:05:23.073 AM'
}
{
  method: 'GET',
  url: '/api/v1/property/666720f01ed8af0105a0d444',
  status: 404,
  content_length: '48',
  response_time: 4.146,
  level: 'http',
  message: 'incoming-request',
  timestamp: '2024-11-11 10:05:24.061 AM'
}
{
  method: 'GET',
  url: '/api/v1/property/?page=1',
  status: 304,
  response_time: 5.692,
  level: 'http',
  message: 'incoming-request',
  timestamp: '2024-11-11 10:05:24.065 AM'
}
{
  method: 'GET',
  url: '/api/v1/property/666720f01ed8af0105a0d444',
  status: 404,
  content_length: '48',
  response_time: 4.207,
  level: 'http',
  message: 'incoming-request',
  timestamp: '2024-11-11 10:05:24.791 AM'
}
{
  method: 'GET',
  url: '/api/v1/property/?page=1',
  status: 304,
  response_time: 4.567,
  level: 'http',
  message: 'incoming-request',
  timestamp: '2024-11-11 10:05:24.793 AM'
}
{
  method: 'GET',
  url: '/api/v1/property/666720f01ed8af0105a0d444',
  status: 404,
  content_length: '48',
  response_time: 2.44,
  level: 'http',
  message: 'incoming-request',
  timestamp: '2024-11-11 10:05:25.286 AM'
}
{
  method: 'GET',
  url: '/api/v1/property/?page=1',
  status: 304,
  response_time: 3.825,
  level: 'http',
  message: 'incoming-request',
  timestamp: '2024-11-11 10:05:25.289 AM'
}
{
  message: 'Server on 1997 running. NodeENV: production  ',
  level: 'info',
  timestamp: '2024-11-11 10:05:37.216 AM'
}
{
  method: 'GET',
  url: '/api/v1/property/666720f01ed8af0105a0d444',
  status: 404,
  content_length: '48',
  response_time: 11.074,
  level: 'http',
  message: 'incoming-request',
  timestamp: '2024-11-11 10:08:13.016 AM'
}
{
  method: 'GET',
  url: '/api/v1/property/?page=1',
  status: 304,
  response_time: 8.338,
  level: 'http',
  message: 'incoming-request',
  timestamp: '2024-11-11 10:08:13.019 AM'
}
{
  method: 'GET',
  url: '/api/v1/property/666720f01ed8af0105a0d444',
  status: 404,
  content_length: '48',
  response_time: 2.981,
  level: 'http',
  message: 'incoming-request',
  timestamp: '2024-11-11 10:08:13.605 AM'
}
{
  method: 'GET',
  url: '/api/v1/property/?page=1',
  status: 304,
  response_time: 4.549,
  level: 'http',
  message: 'incoming-request',
  timestamp: '2024-11-11 10:08:13.608 AM'
}
{
  method: 'GET',
  url: '/api/v1/property/666720f01ed8af0105a0d444',
  status: 404,
  content_length: '48',
  response_time: 3.073,
  level: 'http',
  message: 'incoming-request',
  timestamp: '2024-11-11 10:08:13.988 AM'
}
{
  method: 'GET',
  url: '/api/v1/property/?page=1',
  status: 304,
  response_time: 3.962,
  level: 'http',
  message: 'incoming-request',
  timestamp: '2024-11-11 10:08:13.991 AM'
}
{
  method: 'GET',
  url: '/api/v1/property/666720f01ed8af0105a0d444',
  status: 404,
  content_length: '48',
  response_time: 4.798,
  level: 'http',
  message: 'incoming-request',
  timestamp: '2024-11-11 10:08:14.299 AM'
}
{
  method: 'GET',
  url: '/api/v1/property/?page=1',
  status: 304,
  response_time: 4.061,
  level: 'http',
  message: 'incoming-request',
  timestamp: '2024-11-11 10:08:14.301 AM'
}
{
  method: 'GET',
  url: '/api/v1/property/666720f01ed8af0105a0d444',
  status: 404,
  content_length: '48',
  response_time: 4.289,
  level: 'http',
  message: 'incoming-request',
  timestamp: '2024-11-11 10:08:14.599 AM'
}
{
  method: 'GET',
  url: '/api/v1/property/?page=1',
  status: 304,
  response_time: 5.333,
  level: 'http',
  message: 'incoming-request',
  timestamp: '2024-11-11 10:08:14.603 AM'
}
{
  method: 'GET',
  url: '/api/v1/property/666720f01ed8af0105a0d444',
  status: 404,
  content_length: '48',
  response_time: 2.421,
  level: 'http',
  message: 'incoming-request',
  timestamp: '2024-11-11 10:08:14.894 AM'
}
{
  method: 'GET',
  url: '/api/v1/property/?page=1',
  status: 304,
  response_time: 4.661,
  level: 'http',
  message: 'incoming-request',
  timestamp: '2024-11-11 10:08:14.897 AM'
}
{
  method: 'GET',
  url: '/api/v1/property/666720f01ed8af0105a0d444',
  status: 404,
  content_length: '48',
  response_time: 3.135,
  level: 'http',
  message: 'incoming-request',
  timestamp: '2024-11-11 10:08:34.607 AM'
}
{
  method: 'GET',
  url: '/api/v1/property/?page=1',
  status: 304,
  response_time: 3.6,
  level: 'http',
  message: 'incoming-request',
  timestamp: '2024-11-11 10:08:34.609 AM'
}
{
  message: 'Server on 1997 running. NodeENV: production  ',
  level: 'info',
  timestamp: '2024-11-11 10:08:45.960 AM'
}
{
  method: 'GET',
  url: '/api/v1/property/666720f01ed8af0105a0d444',
  status: 200,
  content_length: '572',
  response_time: 59.678,
  level: 'http',
  message: 'incoming-request',
  timestamp: '2024-11-11 10:10:44.893 AM'
}
{
  method: 'GET',
  url: '/api/v1/property/?page=1',
  status: 200,
  content_length: '3367',
  response_time: 108.956,
  level: 'http',
  message: 'incoming-request',
  timestamp: '2024-11-11 10:10:44.937 AM'
}
{
  method: 'GET',
  url: '/api/v1/property/666720f01ed8af0105a0d444',
  status: 200,
  content_length: '572',
  response_time: 50.713,
  level: 'http',
  message: 'incoming-request',
  timestamp: '2024-11-11 10:18:21.160 AM'
}
{
  method: 'GET',
  url: '/api/v1/property/?page=1',
  status: 200,
  content_length: '3367',
  response_time: 105.695,
  level: 'http',
  message: 'incoming-request',
  timestamp: '2024-11-11 10:18:21.217 AM'
}
{
  method: 'GET',
  url: '/api/v1/property/666720f01ed8af0105a0d444',
  status: 200,
  content_length: '572',
  response_time: 52.043,
  level: 'http',
  message: 'incoming-request',
  timestamp: '2024-11-11 10:18:25.411 AM'
}
{
  method: 'GET',
  url: '/api/v1/property/?page=1',
  status: 200,
  content_length: '3367',
  response_time: 101.701,
  level: 'http',
  message: 'incoming-request',
  timestamp: '2024-11-11 10:18:25.463 AM'
}
{
  method: 'GET',
  url: '/api/v1/property/?page=1',
  status: 0,
  response_time: '0',
  level: 'http',
  message: 'incoming-request',
  timestamp: '2024-11-11 10:18:26.878 AM'
}
{
  method: 'GET',
  url: '/api/v1/property/666720f01ed8af0105a0d444',
  status: 0,
  response_time: '0',
  level: 'http',
  message: 'incoming-request',
  timestamp: '2024-11-11 10:18:26.879 AM'
}
{
  method: 'GET',
  url: '/api/v1/property/666720f01ed8af0105a0d444',
  status: 200,
  content_length: '572',
  response_time: 52.464,
  level: 'http',
  message: 'incoming-request',
  timestamp: '2024-11-11 10:18:28.558 AM'
}
{
  method: 'GET',
  url: '/api/v1/property/?page=1',
  status: 200,
  content_length: '3367',
  response_time: 101.76,
  level: 'http',
  message: 'incoming-request',
  timestamp: '2024-11-11 10:18:28.610 AM'
}
{
  method: 'GET',
  url: '/api/v1/property/666720f01ed8af0105a0d444',
  status: 200,
  content_length: '572',
  response_time: 52.015,
  level: 'http',
  message: 'incoming-request',
  timestamp: '2024-11-11 10:18:43.984 AM'
}
{
  method: 'GET',
  url: '/api/v1/property/?page=1',
  status: 200,
  content_length: '3367',
  response_time: 103.454,
  level: 'http',
  message: 'incoming-request',
  timestamp: '2024-11-11 10:18:44.039 AM'
}
{
  method: 'GET',
  url: '/api/v1/property/666720f01ed8af0105a0d444',
  status: 200,
  content_length: '572',
  response_time: 51.578,
  level: 'http',
  message: 'incoming-request',
  timestamp: '2024-11-11 10:18:45.435 AM'
}
{
  method: 'GET',
  url: '/api/v1/property/?page=1',
  status: 200,
  content_length: '3367',
  response_time: 101.045,
  level: 'http',
  message: 'incoming-request',
  timestamp: '2024-11-11 10:18:45.487 AM'
}
{
  message: 'Server on 1997 running. NodeENV: production  ',
  level: 'info',
  timestamp: '2024-11-11 11:43:22.451 AM'
}
{
  message: 'Server on 1997 running. NodeENV: production  ',
  level: 'info',
  timestamp: '2024-11-11 11:56:21.598 AM'
}
{
  method: 'GET',
  url: '/api/v1/property/666720f01ed8af0105a0d444',
  status: 200,
  content_length: '572',
  response_time: 60.033,
  level: 'http',
  message: 'incoming-request',
  timestamp: '2024-11-11 11:58:46.789 AM'
}
{
  method: 'GET',
  url: '/api/v1/property/?page=1',
  status: 200,
  content_length: '3367',
  response_time: 121.503,
  level: 'http',
  message: 'incoming-request',
  timestamp: '2024-11-11 11:58:46.856 AM'
}
{
  method: 'GET',
  url: '/api/v1/property/666720f01ed8af0105a0d444',
  status: 200,
  content_length: '572',
  response_time: 50.365,
  level: 'http',
  message: 'incoming-request',
  timestamp: '2024-11-11 11:58:51.159 AM'
}
{
  method: 'GET',
  url: '/api/v1/property/?page=1',
  status: 200,
  content_length: '3367',
  response_time: 101.242,
  level: 'http',
  message: 'incoming-request',
  timestamp: '2024-11-11 11:58:51.211 AM'
}
{
  message: 'Server on 1997 running. NodeENV: production  ',
  level: 'info',
  timestamp: '2024-11-11 04:13:36.865 PM'
}
{
  method: 'GET',
  url: '/api/v1/property/666720f01ed8af0105a0d444',
  status: 200,
  content_length: '572',
  response_time: 464.036,
  level: 'http',
  message: 'incoming-request',
  timestamp: '2024-11-11 04:55:53.922 PM'
}
{
  method: 'GET',
  url: '/api/v1/property/?page=1',
  status: 200,
  content_length: '3367',
  response_time: 470.146,
  level: 'http',
  message: 'incoming-request',
  timestamp: '2024-11-11 04:55:53.935 PM'
}
{
  method: 'GET',
  url: '/api/v1/property/666720f01ed8af0105a0d444',
  status: 200,
  content_length: '572',
  response_time: 66.687,
  level: 'http',
  message: 'incoming-request',
  timestamp: '2024-11-11 05:17:36.220 PM'
}
{
  method: 'GET',
  url: '/api/v1/auth/logout',
  status: 200,
  content_length: '79',
  response_time: 137.088,
  level: 'http',
  message: 'incoming-request',
  timestamp: '2024-11-11 05:17:36.285 PM'
}
{
  method: 'GET',
  url: '/api/v1/property/?page=1',
  status: 200,
  content_length: '3367',
  response_time: 504.93,
  level: 'http',
  message: 'incoming-request',
  timestamp: '2024-11-11 05:17:36.660 PM'
}
{
  method: 'POST',
  url: '/api/v1/auth/login',
  status: 200,
  content_length: '331',
  response_time: 188.298,
  level: 'http',
  message: 'incoming-request',
  timestamp: '2024-11-11 05:17:40.523 PM'
}
{
  method: 'GET',
  url: '/api/v1/property/666720f01ed8af0105a0d444',
  status: 200,
  content_length: '572',
  response_time: 51.927,
  level: 'http',
  message: 'incoming-request',
  timestamp: '2024-11-11 05:48:23.734 PM'
}
{
  method: 'GET',
  url: '/api/v1/auth/logout',
  status: 304,
  response_time: 112.904,
  level: 'http',
  message: 'incoming-request',
  timestamp: '2024-11-11 05:48:23.791 PM'
}
{
  method: 'GET',
  url: '/api/v1/property/?page=1',
  status: 200,
  content_length: '3367',
  response_time: 110.52,
  level: 'http',
  message: 'incoming-request',
  timestamp: '2024-11-11 05:48:23.795 PM'
}
{
  method: 'POST',
  url: '/api/v1/auth/login',
  status: 200,
  content_length: '347',
  response_time: 177.281,
  level: 'http',
  message: 'incoming-request',
  timestamp: '2024-11-11 05:48:28.397 PM'
}
