{
  method: 'GET',
  url: '/api/v1/property/666720f01ed8af0105a0d444',
  status: 200,
  content_length: '457',
  response_time: 57.259,
  level: 'http',
  message: 'incoming-request',
  timestamp: '2024-06-15 12:47:39.921 PM'
}
{
  method: 'GET',
  url: '/api/v1/property/all?page=0',
  status: 200,
  content_length: '917',
  response_time: 106.182,
  level: 'http',
  message: 'incoming-request',
  timestamp: '2024-06-15 12:47:39.961 PM'
}
{
  method: 'GET',
  url: '/api/v1/property/666720f01ed8af0105a0d444',
  status: 304,
  response_time: 58.179,
  level: 'http',
  message: 'incoming-request',
  timestamp: '2024-06-15 03:31:11.114 PM'
}
{
  method: 'GET',
  url: '/api/v1/property/all?page=0',
  status: 304,
  response_time: 107.526,
  level: 'http',
  message: 'incoming-request',
  timestamp: '2024-06-15 03:31:11.156 PM'
}
{
  method: 'GET',
  url: '/api/v1/property/666720f01ed8af0105a0d444',
  status: 200,
  content_length: '457',
  response_time: 54.845,
  level: 'http',
  message: 'incoming-request',
  timestamp: '2024-06-15 03:31:39.234 PM'
}
{
  method: 'GET',
  url: '/api/v1/property/all?page=0',
  status: 200,
  content_length: '917',
  response_time: 103.784,
  level: 'http',
  message: 'incoming-request',
  timestamp: '2024-06-15 03:31:39.281 PM'
}
{
  method: 'GET',
  url: '/api/v1/property/666720f01ed8af0105a0d444',
  status: 304,
  response_time: 51.292,
  level: 'http',
  message: 'incoming-request',
  timestamp: '2024-06-15 03:31:41.097 PM'
}
{
  method: 'GET',
  url: '/api/v1/property/all?page=0',
  status: 304,
  response_time: 102.465,
  level: 'http',
  message: 'incoming-request',
  timestamp: '2024-06-15 03:31:41.147 PM'
}
{
  method: 'GET',
  url: '/api/v1/property/666720f01ed8af0105a0d444',
  status: 304,
  response_time: 55.423,
  level: 'http',
  message: 'incoming-request',
  timestamp: '2024-06-15 03:31:47.122 PM'
}
{
  method: 'GET',
  url: '/api/v1/property/all?page=0',
  status: 304,
  response_time: 101.979,
  level: 'http',
  message: 'incoming-request',
  timestamp: '2024-06-15 03:31:47.168 PM'
}
{
  method: 'GET',
  url: '/api/v1/property/666720f01ed8af0105a0d444',
  status: 304,
  response_time: 51.38,
  level: 'http',
  message: 'incoming-request',
  timestamp: '2024-06-15 05:47:26.931 PM'
}
{
  method: 'GET',
  url: '/api/v1/property/all?page=0',
  status: 304,
  response_time: 101.771,
  level: 'http',
  message: 'incoming-request',
  timestamp: '2024-06-15 05:47:26.980 PM'
}
{
  method: 'GET',
  url: '/api/v1/property/666720f01ed8af0105a0d444',
  status: 304,
  response_time: 51.874,
  level: 'http',
  message: 'incoming-request',
  timestamp: '2024-06-15 05:54:42.116 PM'
}
{
  method: 'GET',
  url: '/api/v1/property/all?page=0',
  status: 304,
  response_time: 104.307,
  level: 'http',
  message: 'incoming-request',
  timestamp: '2024-06-15 05:54:42.167 PM'
}
{
  method: 'GET',
  url: '/api/v1/property/666720f01ed8af0105a0d444',
  status: 304,
  response_time: 51.252,
  level: 'http',
  message: 'incoming-request',
  timestamp: '2024-06-15 05:54:45.737 PM'
}
{
  method: 'GET',
  url: '/api/v1/property/all?page=0',
  status: 304,
  response_time: 106.582,
  level: 'http',
  message: 'incoming-request',
  timestamp: '2024-06-15 05:54:45.791 PM'
}
{
  method: 'GET',
  url: '/api/v1/property/666720f01ed8af0105a0d444',
  status: 304,
  response_time: 55.304,
  level: 'http',
  message: 'incoming-request',
  timestamp: '2024-06-15 05:57:31.827 PM'
}
{
  method: 'GET',
  url: '/api/v1/property/all?page=0',
  status: 304,
  response_time: 102.271,
  level: 'http',
  message: 'incoming-request',
  timestamp: '2024-06-15 05:57:31.873 PM'
}
{
  method: 'GET',
  url: '/api/v1/property/666720f01ed8af0105a0d444',
  status: 304,
  response_time: 51.483,
  level: 'http',
  message: 'incoming-request',
  timestamp: '2024-06-15 05:57:37.046 PM'
}
{
  method: 'GET',
  url: '/api/v1/property/all?page=0',
  status: 304,
  response_time: 101.508,
  level: 'http',
  message: 'incoming-request',
  timestamp: '2024-06-15 05:57:37.095 PM'
}
{
  method: 'GET',
  url: '/api/v1/property/666720f01ed8af0105a0d444',
  status: 304,
  response_time: 51.106,
  level: 'http',
  message: 'incoming-request',
  timestamp: '2024-06-15 05:58:20.706 PM'
}
{
  method: 'GET',
  url: '/api/v1/property/all?page=0',
  status: 304,
  response_time: 101.911,
  level: 'http',
  message: 'incoming-request',
  timestamp: '2024-06-15 05:58:20.756 PM'
}
{
  method: 'GET',
  url: '/api/v1/property/666720f01ed8af0105a0d444',
  status: 304,
  response_time: 51.035,
  level: 'http',
  message: 'incoming-request',
  timestamp: '2024-06-15 05:58:22.070 PM'
}
{
  method: 'GET',
  url: '/api/v1/property/all?page=0',
  status: 304,
  response_time: 101.869,
  level: 'http',
  message: 'incoming-request',
  timestamp: '2024-06-15 05:58:22.120 PM'
}
{
  method: 'GET',
  url: '/api/v1/property/666720f01ed8af0105a0d444',
  status: 304,
  response_time: 51.478,
  level: 'http',
  message: 'incoming-request',
  timestamp: '2024-06-15 05:59:14.308 PM'
}
{
  method: 'GET',
  url: '/api/v1/property/all?page=0',
  status: 304,
  response_time: 101.333,
  level: 'http',
  message: 'incoming-request',
  timestamp: '2024-06-15 05:59:14.356 PM'
}
{
  method: 'GET',
  url: '/api/v1/property/666720f01ed8af0105a0d444',
  status: 304,
  response_time: 50.948,
  level: 'http',
  message: 'incoming-request',
  timestamp: '2024-06-15 05:59:19.432 PM'
}
{
  method: 'GET',
  url: '/api/v1/property/all?page=0',
  status: 304,
  response_time: 103.56,
  level: 'http',
  message: 'incoming-request',
  timestamp: '2024-06-15 05:59:19.483 PM'
}
{
  method: 'GET',
  url: '/api/v1/property/666720f01ed8af0105a0d444',
  status: 200,
  content_length: '457',
  response_time: 51.261,
  level: 'http',
  message: 'incoming-request',
  timestamp: '2024-06-15 06:27:31.780 PM'
}
{
  method: 'GET',
  url: '/api/v1/property/all?page=0',
  status: 200,
  content_length: '917',
  response_time: 101.779,
  level: 'http',
  message: 'incoming-request',
  timestamp: '2024-06-15 06:27:31.829 PM'
}
{
  method: 'GET',
  url: '/api/v1/property/666720f01ed8af0105a0d444',
  status: 304,
  response_time: 51.285,
  level: 'http',
  message: 'incoming-request',
  timestamp: '2024-06-15 06:27:34.913 PM'
}
{
  method: 'GET',
  url: '/api/v1/property/all?page=0',
  status: 304,
  response_time: 109.28,
  level: 'http',
  message: 'incoming-request',
  timestamp: '2024-06-15 06:27:34.971 PM'
}
{
  method: 'GET',
  url: '/api/v1/property/666720f01ed8af0105a0d444',
  status: 304,
  response_time: 51.214,
  level: 'http',
  message: 'incoming-request',
  timestamp: '2024-06-15 06:27:36.847 PM'
}
{
  method: 'GET',
  url: '/api/v1/property/all?page=0',
  status: 304,
  response_time: 101.69,
  level: 'http',
  message: 'incoming-request',
  timestamp: '2024-06-15 06:27:36.896 PM'
}
{
  method: 'GET',
  url: '/api/v1/property/666720f01ed8af0105a0d444',
  status: 304,
  response_time: 51.094,
  level: 'http',
  message: 'incoming-request',
  timestamp: '2024-06-15 06:27:45.842 PM'
}
{
  method: 'GET',
  url: '/api/v1/property/all?page=0',
  status: 304,
  response_time: 101.117,
  level: 'http',
  message: 'incoming-request',
  timestamp: '2024-06-15 06:27:45.892 PM'
}
{
  method: 'GET',
  url: '/api/v1/property/666720f01ed8af0105a0d444',
  status: 304,
  response_time: 51.239,
  level: 'http',
  message: 'incoming-request',
  timestamp: '2024-06-15 06:27:48.628 PM'
}
{
  method: 'GET',
  url: '/api/v1/property/all?page=0',
  status: 304,
  response_time: 101.146,
  level: 'http',
  message: 'incoming-request',
  timestamp: '2024-06-15 06:27:48.677 PM'
}
{
  method: 'GET',
  url: '/api/v1/property/666720f01ed8af0105a0d444',
  status: 304,
  response_time: 65.221,
  level: 'http',
  message: 'incoming-request',
  timestamp: '2024-06-15 06:27:50.246 PM'
}
{
  method: 'GET',
  url: '/api/v1/property/all?page=0',
  status: 304,
  response_time: 115.724,
  level: 'http',
  message: 'incoming-request',
  timestamp: '2024-06-15 06:27:50.296 PM'
}
{
  method: 'GET',
  url: '/api/v1/property/666720f01ed8af0105a0d444',
  status: 304,
  response_time: 50.964,
  level: 'http',
  message: 'incoming-request',
  timestamp: '2024-06-15 06:27:51.181 PM'
}
{
  method: 'GET',
  url: '/api/v1/property/all?page=0',
  status: 304,
  response_time: 101.635,
  level: 'http',
  message: 'incoming-request',
  timestamp: '2024-06-15 06:27:51.230 PM'
}
{
  method: 'GET',
  url: '/api/v1/property/666720f01ed8af0105a0d444',
  status: 304,
  response_time: 51.661,
  level: 'http',
  message: 'incoming-request',
  timestamp: '2024-06-15 06:27:52.034 PM'
}
{
  method: 'GET',
  url: '/api/v1/property/all?page=0',
  status: 304,
  response_time: 101.322,
  level: 'http',
  message: 'incoming-request',
  timestamp: '2024-06-15 06:27:52.082 PM'
}
{
  method: 'GET',
  url: '/api/v1/property/666720f01ed8af0105a0d444',
  status: 304,
  response_time: 50.836,
  level: 'http',
  message: 'incoming-request',
  timestamp: '2024-06-15 06:27:53.218 PM'
}
{
  method: 'GET',
  url: '/api/v1/property/all?page=0',
  status: 304,
  response_time: 104.284,
  level: 'http',
  message: 'incoming-request',
  timestamp: '2024-06-15 06:27:53.271 PM'
}
{
  method: 'GET',
  url: '/api/v1/property/666720f01ed8af0105a0d444',
  status: 304,
  response_time: 51.077,
  level: 'http',
  message: 'incoming-request',
  timestamp: '2024-06-15 06:27:58.009 PM'
}
{
  method: 'GET',
  url: '/api/v1/property/all?page=0',
  status: 304,
  response_time: 104.163,
  level: 'http',
  message: 'incoming-request',
  timestamp: '2024-06-15 06:27:58.060 PM'
}
{
  method: 'GET',
  url: '/api/v1/property/666720f01ed8af0105a0d444',
  status: 304,
  response_time: 50.803,
  level: 'http',
  message: 'incoming-request',
  timestamp: '2024-06-15 06:28:05.424 PM'
}
{
  method: 'GET',
  url: '/api/v1/property/all?page=0',
  status: 304,
  response_time: 107.101,
  level: 'http',
  message: 'incoming-request',
  timestamp: '2024-06-15 06:28:05.481 PM'
}
{
  method: 'GET',
  url: '/api/v1/property/666720f01ed8af0105a0d444',
  status: 304,
  response_time: 51.397,
  level: 'http',
  message: 'incoming-request',
  timestamp: '2024-06-15 06:28:09.194 PM'
}
{
  method: 'GET',
  url: '/api/v1/property/all?page=0',
  status: 304,
  response_time: 104.703,
  level: 'http',
  message: 'incoming-request',
  timestamp: '2024-06-15 06:28:09.246 PM'
}
{
  method: 'GET',
  url: '/api/v1/property/666720f01ed8af0105a0d444',
  status: 304,
  response_time: 51.382,
  level: 'http',
  message: 'incoming-request',
  timestamp: '2024-06-15 06:28:31.566 PM'
}
{
  method: 'GET',
  url: '/api/v1/property/all?page=0',
  status: 304,
  response_time: 102.662,
  level: 'http',
  message: 'incoming-request',
  timestamp: '2024-06-15 06:28:31.617 PM'
}
{
  method: 'GET',
  url: '/api/v1/property/666720f01ed8af0105a0d444',
  status: 304,
  response_time: 60.282,
  level: 'http',
  message: 'incoming-request',
  timestamp: '2024-06-15 06:32:18.507 PM'
}
{
  method: 'GET',
  url: '/api/v1/property/all?page=0',
  status: 304,
  response_time: 114.592,
  level: 'http',
  message: 'incoming-request',
  timestamp: '2024-06-15 06:32:18.554 PM'
}
{
  method: 'GET',
  url: '/api/v1/property/666720f01ed8af0105a0d444',
  status: 304,
  response_time: 50.462,
  level: 'http',
  message: 'incoming-request',
  timestamp: '2024-06-15 06:32:26.913 PM'
}
{
  method: 'GET',
  url: '/api/v1/property/all?page=0',
  status: 304,
  response_time: 105.834,
  level: 'http',
  message: 'incoming-request',
  timestamp: '2024-06-15 06:32:26.966 PM'
}
{
  method: 'GET',
  url: '/api/v1/property/666720f01ed8af0105a0d444',
  status: 304,
  response_time: 54.775,
  level: 'http',
  message: 'incoming-request',
  timestamp: '2024-06-15 06:32:33.121 PM'
}
{
  method: 'GET',
  url: '/api/v1/property/all?page=0',
  status: 304,
  response_time: 109.702,
  level: 'http',
  message: 'incoming-request',
  timestamp: '2024-06-15 06:32:33.174 PM'
}
{
  method: 'GET',
  url: '/api/v1/property/666720f01ed8af0105a0d444',
  status: 304,
  response_time: 50.311,
  level: 'http',
  message: 'incoming-request',
  timestamp: '2024-06-15 06:44:08.267 PM'
}
{
  method: 'GET',
  url: '/api/v1/property/all?page=0',
  status: 304,
  response_time: 104.573,
  level: 'http',
  message: 'incoming-request',
  timestamp: '2024-06-15 06:44:08.320 PM'
}
{
  method: 'GET',
  url: '/api/v1/property/666720f01ed8af0105a0d444',
  status: 304,
  response_time: 70.218,
  level: 'http',
  message: 'incoming-request',
  timestamp: '2024-06-15 06:44:17.896 PM'
}
{
  method: 'GET',
  url: '/api/v1/property/all?page=0',
  status: 304,
  response_time: 120.049,
  level: 'http',
  message: 'incoming-request',
  timestamp: '2024-06-15 06:44:17.939 PM'
}
{
  method: 'GET',
  url: '/api/v1/property/666720f01ed8af0105a0d444',
  status: 304,
  response_time: 50.258,
  level: 'http',
  message: 'incoming-request',
  timestamp: '2024-06-15 06:44:22.187 PM'
}
{
  method: 'GET',
  url: '/api/v1/property/all?page=0',
  status: 304,
  response_time: 104.888,
  level: 'http',
  message: 'incoming-request',
  timestamp: '2024-06-15 06:44:22.240 PM'
}
{
  method: 'GET',
  url: '/api/v1/property/666720f01ed8af0105a0d444',
  status: 304,
  response_time: 51.443,
  level: 'http',
  message: 'incoming-request',
  timestamp: '2024-06-15 06:44:24.539 PM'
}
{
  method: 'GET',
  url: '/api/v1/property/all?page=0',
  status: 304,
  response_time: 103.928,
  level: 'http',
  message: 'incoming-request',
  timestamp: '2024-06-15 06:44:24.589 PM'
}
{
  method: 'GET',
  url: '/api/v1/property/666720f01ed8af0105a0d444',
  status: 304,
  response_time: 53.562,
  level: 'http',
  message: 'incoming-request',
  timestamp: '2024-06-15 06:44:36.335 PM'
}
{
  method: 'GET',
  url: '/api/v1/property/all?page=0',
  status: 304,
  response_time: 108.622,
  level: 'http',
  message: 'incoming-request',
  timestamp: '2024-06-15 06:44:36.389 PM'
}
{
  method: 'GET',
  url: '/api/v1/property/666720f01ed8af0105a0d444',
  status: 304,
  response_time: 50.027,
  level: 'http',
  message: 'incoming-request',
  timestamp: '2024-06-15 06:44:42.334 PM'
}
{
  method: 'GET',
  url: '/api/v1/property/all?page=0',
  status: 304,
  response_time: 103.559,
  level: 'http',
  message: 'incoming-request',
  timestamp: '2024-06-15 06:44:42.387 PM'
}
{
  method: 'GET',
  url: '/api/v1/property/2343',
  status: 200,
  content_length: '1373',
  response_time: 1.588,
  level: 'http',
  message: 'incoming-request',
  timestamp: '2024-06-15 06:44:50.208 PM'
}
{
  method: 'GET',
  url: '/api/v1/property/all?page=0',
  status: 304,
  response_time: 104.176,
  level: 'http',
  message: 'incoming-request',
  timestamp: '2024-06-15 06:44:50.309 PM'
}
{
  method: 'GET',
  url: '/api/v1/property/2343',
  status: 304,
  response_time: 0.562,
  level: 'http',
  message: 'incoming-request',
  timestamp: '2024-06-15 06:44:52.174 PM'
}
{
  method: 'GET',
  url: '/api/v1/property/all?page=0',
  status: 304,
  response_time: 103.438,
  level: 'http',
  message: 'incoming-request',
  timestamp: '2024-06-15 06:44:52.276 PM'
}
{
  method: 'GET',
  url: '/api/v1/property/2343',
  status: 304,
  response_time: 0.606,
  level: 'http',
  message: 'incoming-request',
  timestamp: '2024-06-15 06:46:43.511 PM'
}
{
  method: 'GET',
  url: '/api/v1/property/all?page=0',
  status: 304,
  response_time: 114.457,
  level: 'http',
  message: 'incoming-request',
  timestamp: '2024-06-15 06:46:43.624 PM'
}
{
  method: 'GET',
  url: '/api/v1/property/2343',
  status: 304,
  response_time: 0.608,
  level: 'http',
  message: 'incoming-request',
  timestamp: '2024-06-15 06:46:47.492 PM'
}
{
  method: 'GET',
  url: '/api/v1/property/all?page=0',
  status: 304,
  response_time: 102.73,
  level: 'http',
  message: 'incoming-request',
  timestamp: '2024-06-15 06:46:47.592 PM'
}
{
  method: 'GET',
  url: '/api/v1/property/2343',
  status: 304,
  response_time: 0.567,
  level: 'http',
  message: 'incoming-request',
  timestamp: '2024-06-15 06:47:07.730 PM'
}
{
  method: 'GET',
  url: '/api/v1/property/all?page=0',
  status: 304,
  response_time: 102.758,
  level: 'http',
  message: 'incoming-request',
  timestamp: '2024-06-15 06:47:07.833 PM'
}
{
  method: 'GET',
  url: '/api/v1/property/2343',
  status: 304,
  response_time: 0.512,
  level: 'http',
  message: 'incoming-request',
  timestamp: '2024-06-15 06:47:16.688 PM'
}
{
  method: 'GET',
  url: '/api/v1/property/all?page=0',
  status: 304,
  response_time: 104.156,
  level: 'http',
  message: 'incoming-request',
  timestamp: '2024-06-15 06:47:16.791 PM'
}
{
  method: 'GET',
  url: '/api/v1/property/all',
  status: 200,
  content_length: '917',
  response_time: 102.358,
  level: 'http',
  message: 'incoming-request',
  timestamp: '2024-06-15 06:47:23.270 PM'
}
{
  method: 'GET',
  url: '/api/v1/property/666720f01ed8af0105a0d444',
  status: 200,
  content_length: '457',
  response_time: 51.88,
  level: 'http',
  message: 'incoming-request',
  timestamp: '2024-06-15 06:47:33.848 PM'
}
{
  method: 'GET',
  url: '/api/v1/property/2343',
  status: 304,
  response_time: 0.599,
  level: 'http',
  message: 'incoming-request',
  timestamp: '2024-06-15 06:47:45.496 PM'
}
{
  method: 'GET',
  url: '/api/v1/property/all?page=0',
  status: 304,
  response_time: 105.251,
  level: 'http',
  message: 'incoming-request',
  timestamp: '2024-06-15 06:47:45.599 PM'
}
{
  method: 'GET',
  url: '/api/v1/property/2343',
  status: 304,
  response_time: 0.521,
  level: 'http',
  message: 'incoming-request',
  timestamp: '2024-06-15 06:47:48.266 PM'
}
{
  method: 'GET',
  url: '/api/v1/property/all?page=0',
  status: 304,
  response_time: 102.44,
  level: 'http',
  message: 'incoming-request',
  timestamp: '2024-06-15 06:47:48.367 PM'
}
{
  method: 'GET',
  url: '/api/v1/property/2343',
  status: 304,
  response_time: 0.634,
  level: 'http',
  message: 'incoming-request',
  timestamp: '2024-06-15 06:47:51.118 PM'
}
{
  method: 'GET',
  url: '/api/v1/property/all?page=0',
  status: 304,
  response_time: 102.491,
  level: 'http',
  message: 'incoming-request',
  timestamp: '2024-06-15 06:47:51.219 PM'
}
{
  method: 'GET',
  url: '/api/v1/property/2343',
  status: 304,
  response_time: 0.743,
  level: 'http',
  message: 'incoming-request',
  timestamp: '2024-06-15 06:48:02.393 PM'
}
{
  method: 'GET',
  url: '/api/v1/property/all?page=0',
  status: 304,
  response_time: 104.077,
  level: 'http',
  message: 'incoming-request',
  timestamp: '2024-06-15 06:48:02.495 PM'
}
{
  method: 'GET',
  url: '/api/v1/property/2343',
  status: 304,
  response_time: 0.531,
  level: 'http',
  message: 'incoming-request',
  timestamp: '2024-06-15 06:48:07.811 PM'
}
{
  method: 'GET',
  url: '/api/v1/property/all?page=0',
  status: 304,
  response_time: 102.77,
  level: 'http',
  message: 'incoming-request',
  timestamp: '2024-06-15 06:48:07.913 PM'
}
{
  method: 'GET',
  url: '/api/v1/property/2343',
  status: 304,
  response_time: 0.511,
  level: 'http',
  message: 'incoming-request',
  timestamp: '2024-06-15 06:48:12.025 PM'
}
{
  method: 'GET',
  url: '/api/v1/property/all?page=0',
  status: 304,
  response_time: 102.678,
  level: 'http',
  message: 'incoming-request',
  timestamp: '2024-06-15 06:48:12.126 PM'
}
{
  method: 'GET',
  url: '/api/v1/property/2343',
  status: 304,
  response_time: 0.702,
  level: 'http',
  message: 'incoming-request',
  timestamp: '2024-06-15 06:48:17.645 PM'
}
{
  method: 'GET',
  url: '/api/v1/property/all?page=0',
  status: null,
  response_time: null,
  level: 'http',
  message: 'incoming-request',
  timestamp: '2024-06-15 06:48:17.739 PM'
}
{
  method: 'GET',
  url: '/api/v1/property/2343',
  status: 304,
  response_time: 0.62,
  level: 'http',
  message: 'incoming-request',
  timestamp: '2024-06-15 06:48:18.288 PM'
}
{
  method: 'GET',
  url: '/api/v1/property/all?page=0',
  status: 304,
  response_time: 112.871,
  level: 'http',
  message: 'incoming-request',
  timestamp: '2024-06-15 06:48:18.399 PM'
}
{
  method: 'GET',
  url: '/api/v1/property/2343',
  status: 304,
  response_time: 0.499,
  level: 'http',
  message: 'incoming-request',
  timestamp: '2024-06-15 06:49:19.583 PM'
}
{
  method: 'GET',
  url: '/api/v1/property/all?page=0',
  status: 304,
  response_time: 109.08,
  level: 'http',
  message: 'incoming-request',
  timestamp: '2024-06-15 06:49:19.691 PM'
}
{
  method: 'GET',
  url: '/api/v1/property/2343',
  status: 304,
  response_time: 0.583,
  level: 'http',
  message: 'incoming-request',
  timestamp: '2024-06-15 06:49:21.150 PM'
}
{
  method: 'GET',
  url: '/api/v1/property/all?page=0',
  status: 304,
  response_time: 102.292,
  level: 'http',
  message: 'incoming-request',
  timestamp: '2024-06-15 06:49:21.251 PM'
}
{
  method: 'GET',
  url: '/api/v1/property/2343',
  status: 304,
  response_time: 0.495,
  level: 'http',
  message: 'incoming-request',
  timestamp: '2024-06-15 06:49:22.023 PM'
}
{
  method: 'GET',
  url: '/api/v1/property/all?page=0',
  status: 304,
  response_time: 102.407,
  level: 'http',
  message: 'incoming-request',
  timestamp: '2024-06-15 06:49:22.124 PM'
}
{
  method: 'GET',
  url: '/api/v1/property/2343',
  status: 304,
  response_time: 0.48,
  level: 'http',
  message: 'incoming-request',
  timestamp: '2024-06-15 06:49:24.453 PM'
}
{
  method: 'GET',
  url: '/api/v1/property/all?page=0',
  status: 304,
  response_time: 106.162,
  level: 'http',
  message: 'incoming-request',
  timestamp: '2024-06-15 06:49:24.557 PM'
}
{
  method: 'GET',
  url: '/api/v1/property/2343',
  status: 304,
  response_time: 0.542,
  level: 'http',
  message: 'incoming-request',
  timestamp: '2024-06-15 06:49:31.356 PM'
}
{
  method: 'GET',
  url: '/api/v1/property/all?page=0',
  status: 304,
  response_time: 102.786,
  level: 'http',
  message: 'incoming-request',
  timestamp: '2024-06-15 06:49:31.457 PM'
}
{
  method: 'GET',
  url: '/api/v1/property/2343',
  status: 304,
  response_time: 0.469,
  level: 'http',
  message: 'incoming-request',
  timestamp: '2024-06-15 06:49:48.129 PM'
}
{
  method: 'GET',
  url: '/api/v1/property/all?page=0',
  status: 304,
  response_time: 110.669,
  level: 'http',
  message: 'incoming-request',
  timestamp: '2024-06-15 06:49:48.238 PM'
}
{
  method: 'GET',
  url: '/api/v1/property/2343',
  status: 304,
  response_time: 1.054,
  level: 'http',
  message: 'incoming-request',
  timestamp: '2024-06-15 06:50:12.831 PM'
}
{
  method: 'GET',
  url: '/api/v1/property/all?page=0',
  status: 304,
  response_time: 108.374,
  level: 'http',
  message: 'incoming-request',
  timestamp: '2024-06-15 06:50:12.937 PM'
}
{
  method: 'GET',
  url: '/api/v1/property/2343',
  status: 200,
  content_length: '1373',
  response_time: 0.634,
  level: 'http',
  message: 'incoming-request',
  timestamp: '2024-06-15 06:50:17.966 PM'
}
{
  method: 'GET',
  url: '/api/v1/property/all?page=0',
  status: 200,
  content_length: '917',
  response_time: 114.683,
  level: 'http',
  message: 'incoming-request',
  timestamp: '2024-06-15 06:50:18.082 PM'
}
{
  method: 'GET',
  url: '/api/v1/property/undefined',
  status: 200,
  content_length: '1383',
  response_time: 0.507,
  level: 'http',
  message: 'incoming-request',
  timestamp: '2024-06-15 06:50:34.146 PM'
}
{
  method: 'GET',
  url: '/api/v1/property/all?page=0',
  status: 200,
  content_length: '917',
  response_time: 103.512,
  level: 'http',
  message: 'incoming-request',
  timestamp: '2024-06-15 06:50:34.248 PM'
}
{
  method: 'GET',
  url: '/api/v1/property/666720f01ed8af0105a0d444',
  status: 200,
  content_length: '457',
  response_time: 56.199,
  level: 'http',
  message: 'incoming-request',
  timestamp: '2024-06-15 06:50:37.785 PM'
}
{
  method: 'GET',
  url: '/api/v1/property/all?page=0',
  status: 200,
  content_length: '917',
  response_time: 103.058,
  level: 'http',
  message: 'incoming-request',
  timestamp: '2024-06-15 06:50:37.830 PM'
}
{
  method: 'GET',
  url: '/api/v1/property/666720f01ed8af0105a0d444',
  status: 200,
  content_length: '457',
  response_time: 56.435,
  level: 'http',
  message: 'incoming-request',
  timestamp: '2024-06-15 06:50:41.061 PM'
}
{
  method: 'GET',
  url: '/api/v1/property/all?page=0',
  status: 200,
  content_length: '917',
  response_time: 111.77,
  level: 'http',
  message: 'incoming-request',
  timestamp: '2024-06-15 06:50:41.116 PM'
}
{
  method: 'GET',
  url: '/api/v1/property/666720f01ed8af0105a0d444',
  status: 200,
  content_length: '457',
  response_time: 49.488,
  level: 'http',
  message: 'incoming-request',
  timestamp: '2024-06-15 06:51:13.439 PM'
}
{
  method: 'GET',
  url: '/api/v1/property/all?page=0',
  status: 200,
  content_length: '917',
  response_time: 103.654,
  level: 'http',
  message: 'incoming-request',
  timestamp: '2024-06-15 06:51:13.492 PM'
}
{
  method: 'GET',
  url: '/api/v1/property/666720f01ed8af0105a0d444',
  status: 200,
  content_length: '457',
  response_time: 50.987,
  level: 'http',
  message: 'incoming-request',
  timestamp: '2024-06-15 06:54:19.052 PM'
}
{
  method: 'GET',
  url: '/api/v1/property/all?page=0',
  status: 200,
  content_length: '917',
  response_time: 104.783,
  level: 'http',
  message: 'incoming-request',
  timestamp: '2024-06-15 06:54:19.104 PM'
}
{
  method: 'GET',
  url: '/api/v1/property/666720f01ed8af0105a0d444',
  status: 200,
  content_length: '457',
  response_time: 50.288,
  level: 'http',
  message: 'incoming-request',
  timestamp: '2024-06-15 06:54:21.092 PM'
}
{
  method: 'GET',
  url: '/api/v1/property/all?page=0',
  status: 200,
  content_length: '917',
  response_time: 103.66,
  level: 'http',
  message: 'incoming-request',
  timestamp: '2024-06-15 06:54:21.144 PM'
}
{
  method: 'GET',
  url: '/api/v1/property/666720f01ed8af0105a0d444',
  status: 200,
  content_length: '457',
  response_time: 50.432,
  level: 'http',
  message: 'incoming-request',
  timestamp: '2024-06-15 06:54:23.405 PM'
}
{
  method: 'GET',
  url: '/api/v1/property/all?page=0',
  status: 200,
  content_length: '917',
  response_time: 103.993,
  level: 'http',
  message: 'incoming-request',
  timestamp: '2024-06-15 06:54:23.457 PM'
}
{
  method: 'GET',
  url: '/api/v1/property/666720f01ed8af0105a0d444',
  status: 200,
  content_length: '457',
  response_time: 50.066,
  level: 'http',
  message: 'incoming-request',
  timestamp: '2024-06-15 06:54:26.242 PM'
}
{
  method: 'GET',
  url: '/api/v1/property/all?page=0',
  status: 200,
  content_length: '917',
  response_time: 103.858,
  level: 'http',
  message: 'incoming-request',
  timestamp: '2024-06-15 06:54:26.295 PM'
}
{
  method: 'GET',
  url: '/api/v1/property/666720f01ed8af0105a0d444',
  status: 200,
  content_length: '457',
  response_time: 50.334,
  level: 'http',
  message: 'incoming-request',
  timestamp: '2024-06-15 07:05:06.242 PM'
}
{
  method: 'GET',
  url: '/api/v1/property/all?page=0',
  status: 200,
  content_length: '917',
  response_time: 107.186,
  level: 'http',
  message: 'incoming-request',
  timestamp: '2024-06-15 07:05:06.295 PM'
}
{
  method: 'GET',
  url: '/api/v1/property/666720f01ed8af0105a0d444',
  status: 200,
  content_length: '457',
  response_time: 49.459,
  level: 'http',
  message: 'incoming-request',
  timestamp: '2024-06-15 07:05:11.746 PM'
}
{
  method: 'GET',
  url: '/api/v1/property/all?page=0',
  status: 200,
  content_length: '917',
  response_time: 102.834,
  level: 'http',
  message: 'incoming-request',
  timestamp: '2024-06-15 07:05:11.796 PM'
}
{
  method: 'GET',
  url: '/api/v1/property/666720f01ed8af0105a0d444',
  status: 200,
  content_length: '457',
  response_time: 49.365,
  level: 'http',
  message: 'incoming-request',
  timestamp: '2024-06-15 07:05:14.625 PM'
}
{
  method: 'GET',
  url: '/api/v1/property/all?page=0',
  status: 200,
  content_length: '917',
  response_time: 102.584,
  level: 'http',
  message: 'incoming-request',
  timestamp: '2024-06-15 07:05:14.677 PM'
}
{
  method: 'GET',
  url: '/api/v1/property/666720f01ed8af0105a0d444',
  status: 200,
  content_length: '457',
  response_time: 49.336,
  level: 'http',
  message: 'incoming-request',
  timestamp: '2024-06-15 07:05:19.260 PM'
}
{
  method: 'GET',
  url: '/api/v1/property/all?page=0',
  status: 200,
  content_length: '917',
  response_time: 102.342,
  level: 'http',
  message: 'incoming-request',
  timestamp: '2024-06-15 07:05:19.312 PM'
}
{
  method: 'GET',
  url: '/api/v1/property/666720f01ed8af0105a0d444',
  status: 200,
  content_length: '457',
  response_time: 51.188,
  level: 'http',
  message: 'incoming-request',
  timestamp: '2024-06-15 07:06:04.710 PM'
}
{
  method: 'GET',
  url: '/api/v1/property/all?page=0',
  status: 200,
  content_length: '917',
  response_time: 98.521,
  level: 'http',
  message: 'incoming-request',
  timestamp: '2024-06-15 07:06:04.758 PM'
}
{
  method: 'GET',
  url: '/api/v1/property/666720f01ed8af0105a0d444',
  status: 200,
  content_length: '457',
  response_time: 50.823,
  level: 'http',
  message: 'incoming-request',
  timestamp: '2024-06-15 07:06:10.742 PM'
}
{
  method: 'GET',
  url: '/api/v1/property/all?page=0',
  status: 200,
  content_length: '917',
  response_time: 98.709,
  level: 'http',
  message: 'incoming-request',
  timestamp: '2024-06-15 07:06:10.789 PM'
}
{
  method: 'GET',
  url: '/api/v1/property/666720f01ed8af0105a0d444',
  status: 200,
  content_length: '457',
  response_time: 51.721,
  level: 'http',
  message: 'incoming-request',
  timestamp: '2024-06-15 07:06:13.896 PM'
}
{
  method: 'GET',
  url: '/api/v1/property/all?page=0',
  status: 200,
  content_length: '917',
  response_time: 101.016,
  level: 'http',
  message: 'incoming-request',
  timestamp: '2024-06-15 07:06:13.944 PM'
}
{
  method: 'GET',
  url: '/api/v1/property/666720f01ed8af0105a0d444',
  status: 200,
  content_length: '457',
  response_time: 51.102,
  level: 'http',
  message: 'incoming-request',
  timestamp: '2024-06-15 07:06:17.612 PM'
}
{
  method: 'GET',
  url: '/api/v1/property/all?page=0',
  status: 200,
  content_length: '917',
  response_time: 98.978,
  level: 'http',
  message: 'incoming-request',
  timestamp: '2024-06-15 07:06:17.659 PM'
}
{
  method: 'GET',
  url: '/api/v1/property/666720f01ed8af0105a0d444',
  status: 200,
  content_length: '457',
  response_time: 57.578,
  level: 'http',
  message: 'incoming-request',
  timestamp: '2024-06-15 07:06:34.716 PM'
}
{
  method: 'GET',
  url: '/api/v1/property/all?page=0',
  status: 200,
  content_length: '917',
  response_time: 105.505,
  level: 'http',
  message: 'incoming-request',
  timestamp: '2024-06-15 07:06:34.763 PM'
}
{
  method: 'GET',
  url: '/api/v1/property/666720f01ed8af0105a0d444',
  status: 200,
  content_length: '457',
  response_time: 55.252,
  level: 'http',
  message: 'incoming-request',
  timestamp: '2024-06-15 07:06:40.531 PM'
}
{
  method: 'GET',
  url: '/api/v1/property/all?page=0',
  status: 200,
  content_length: '917',
  response_time: 99.349,
  level: 'http',
  message: 'incoming-request',
  timestamp: '2024-06-15 07:06:40.556 PM'
}
{
  method: 'GET',
  url: '/api/v1/property/666720f01ed8af0105a0d444',
  status: 200,
  content_length: '457',
  response_time: 58.53,
  level: 'http',
  message: 'incoming-request',
  timestamp: '2024-06-15 07:06:47.643 PM'
}
{
  method: 'GET',
  url: '/api/v1/property/all?page=0',
  status: 200,
  content_length: '917',
  response_time: 107.301,
  level: 'http',
  message: 'incoming-request',
  timestamp: '2024-06-15 07:06:47.693 PM'
}
{
  method: 'GET',
  url: '/api/v1/property/666720f01ed8af0105a0d444',
  status: 200,
  content_length: '457',
  response_time: 49.502,
  level: 'http',
  message: 'incoming-request',
  timestamp: '2024-06-15 07:06:53.646 PM'
}
{
  method: 'GET',
  url: '/api/v1/property/all?page=0',
  status: 200,
  content_length: '917',
  response_time: 103.027,
  level: 'http',
  message: 'incoming-request',
  timestamp: '2024-06-15 07:06:53.699 PM'
}
{
  method: 'GET',
  url: '/api/v1/property/666720f01ed8af0105a0d444',
  status: 200,
  content_length: '457',
  response_time: 58.703,
  level: 'http',
  message: 'incoming-request',
  timestamp: '2024-06-15 07:06:58.897 PM'
}
{
  method: 'GET',
  url: '/api/v1/property/all?page=0',
  status: 200,
  content_length: '917',
  response_time: 111.394,
  level: 'http',
  message: 'incoming-request',
  timestamp: '2024-06-15 07:06:58.948 PM'
}
{
  method: 'GET',
  url: '/api/v1/property/666720f01ed8af0105a0d444',
  status: 200,
  content_length: '457',
  response_time: 51.478,
  level: 'http',
  message: 'incoming-request',
  timestamp: '2024-06-15 07:07:00.644 PM'
}
{
  method: 'GET',
  url: '/api/v1/property/all?page=0',
  status: 200,
  content_length: '917',
  response_time: 104.595,
  level: 'http',
  message: 'incoming-request',
  timestamp: '2024-06-15 07:07:00.696 PM'
}
{
  method: 'GET',
  url: '/api/v1/property/666720f01ed8af0105a0d444',
  status: 200,
  content_length: '457',
  response_time: 56.11,
  level: 'http',
  message: 'incoming-request',
  timestamp: '2024-06-15 07:36:23.686 PM'
}
{
  method: 'GET',
  url: '/api/v1/property/all?page=0',
  status: 200,
  content_length: '917',
  response_time: 110.84,
  level: 'http',
  message: 'incoming-request',
  timestamp: '2024-06-15 07:36:23.739 PM'
}
{
  method: 'GET',
  url: '/api/v1/property/666720f01ed8af0105a0d444',
  status: 200,
  content_length: '457',
  response_time: 57.528,
  level: 'http',
  message: 'incoming-request',
  timestamp: '2024-06-15 07:36:28.235 PM'
}
{
  method: 'GET',
  url: '/api/v1/property/all?page=0',
  status: 200,
  content_length: '917',
  response_time: 103.921,
  level: 'http',
  message: 'incoming-request',
  timestamp: '2024-06-15 07:36:28.280 PM'
}
{
  method: 'GET',
  url: '/api/v1/property/666720f01ed8af0105a0d444',
  status: 200,
  content_length: '457',
  response_time: 49.857,
  level: 'http',
  message: 'incoming-request',
  timestamp: '2024-06-15 07:36:30.518 PM'
}
{
  method: 'GET',
  url: '/api/v1/property/all?page=0',
  status: 200,
  content_length: '917',
  response_time: 104.099,
  level: 'http',
  message: 'incoming-request',
  timestamp: '2024-06-15 07:36:30.571 PM'
}
{
  method: 'GET',
  url: '/api/v1/property/666720f01ed8af0105a0d444',
  status: 200,
  content_length: '457',
  response_time: 49.332,
  level: 'http',
  message: 'incoming-request',
  timestamp: '2024-06-15 07:36:33.920 PM'
}
{
  method: 'GET',
  url: '/api/v1/property/all?page=0',
  status: 200,
  content_length: '917',
  response_time: 114.224,
  level: 'http',
  message: 'incoming-request',
  timestamp: '2024-06-15 07:36:33.984 PM'
}
{
  method: 'GET',
  url: '/api/v1/property/666720f01ed8af0105a0d444',
  status: 200,
  content_length: '457',
  response_time: 49.335,
  level: 'http',
  message: 'incoming-request',
  timestamp: '2024-06-15 07:38:20.062 PM'
}
{
  method: 'GET',
  url: '/api/v1/property/all?page=0',
  status: 200,
  content_length: '917',
  response_time: 102.413,
  level: 'http',
  message: 'incoming-request',
  timestamp: '2024-06-15 07:38:20.114 PM'
}
{
  method: 'GET',
  url: '/api/v1/property/666720f01ed8af0105a0d444',
  status: 200,
  content_length: '457',
  response_time: 49.804,
  level: 'http',
  message: 'incoming-request',
  timestamp: '2024-06-15 07:40:51.811 PM'
}
{
  method: 'GET',
  url: '/api/v1/property/all?page=0',
  status: 200,
  content_length: '917',
  response_time: 102.634,
  level: 'http',
  message: 'incoming-request',
  timestamp: '2024-06-15 07:40:51.863 PM'
}
{
  method: 'GET',
  url: '/api/v1/property/666720f01ed8af0105a0d444',
  status: 200,
  content_length: '457',
  response_time: 52.084,
  level: 'http',
  message: 'incoming-request',
  timestamp: '2024-06-15 07:41:00.518 PM'
}
{
  method: 'GET',
  url: '/api/v1/property/all?page=0',
  status: 200,
  content_length: '917',
  response_time: 104.415,
  level: 'http',
  message: 'incoming-request',
  timestamp: '2024-06-15 07:41:00.568 PM'
}
{
  method: 'GET',
  url: '/api/v1/property/666720f01ed8af0105a0d444',
  status: 200,
  content_length: '457',
  response_time: 49.635,
  level: 'http',
  message: 'incoming-request',
  timestamp: '2024-06-15 07:41:05.480 PM'
}
{
  method: 'GET',
  url: '/api/v1/property/all?page=0',
  status: 200,
  content_length: '917',
  response_time: 104.583,
  level: 'http',
  message: 'incoming-request',
  timestamp: '2024-06-15 07:41:05.533 PM'
}
{
  method: 'GET',
  url: '/api/v1/property/666720f01ed8af0105a0d444',
  status: 200,
  content_length: '457',
  response_time: 49.348,
  level: 'http',
  message: 'incoming-request',
  timestamp: '2024-06-15 07:41:18.033 PM'
}
{
  method: 'GET',
  url: '/api/v1/property/all?page=0',
  status: 200,
  content_length: '917',
  response_time: 101.923,
  level: 'http',
  message: 'incoming-request',
  timestamp: '2024-06-15 07:41:18.085 PM'
}
{
  method: 'GET',
  url: '/api/v1/property/666720f01ed8af0105a0d444',
  status: 200,
  content_length: '457',
  response_time: 52.26,
  level: 'http',
  message: 'incoming-request',
  timestamp: '2024-06-15 07:41:46.027 PM'
}
{
  method: 'GET',
  url: '/api/v1/property/all?page=0',
  status: 200,
  content_length: '917',
  response_time: 103.046,
  level: 'http',
  message: 'incoming-request',
  timestamp: '2024-06-15 07:41:46.076 PM'
}
{
  method: 'GET',
  url: '/api/v1/property/666720f01ed8af0105a0d444',
  status: 200,
  content_length: '457',
  response_time: 53.62,
  level: 'http',
  message: 'incoming-request',
  timestamp: '2024-06-15 07:42:28.683 PM'
}
{
  method: 'GET',
  url: '/api/v1/property/all?page=0',
  status: 200,
  content_length: '917',
  response_time: 103.933,
  level: 'http',
  message: 'incoming-request',
  timestamp: '2024-06-15 07:42:28.732 PM'
}
{
  method: 'GET',
  url: '/api/v1/property/666720f01ed8af0105a0d444',
  status: 200,
  content_length: '457',
  response_time: 49.981,
  level: 'http',
  message: 'incoming-request',
  timestamp: '2024-06-15 07:42:33.083 PM'
}
{
  method: 'GET',
  url: '/api/v1/property/all?page=0',
  status: 200,
  content_length: '917',
  response_time: 103.37,
  level: 'http',
  message: 'incoming-request',
  timestamp: '2024-06-15 07:42:33.135 PM'
}
{
  method: 'GET',
  url: '/api/v1/property/666720f01ed8af0105a0d444',
  status: 200,
  content_length: '457',
  response_time: 57.553,
  level: 'http',
  message: 'incoming-request',
  timestamp: '2024-06-15 07:42:36.893 PM'
}
{
  method: 'GET',
  url: '/api/v1/property/all?page=0',
  status: 200,
  content_length: '917',
  response_time: 108.097,
  level: 'http',
  message: 'incoming-request',
  timestamp: '2024-06-15 07:42:36.942 PM'
}
{
  method: 'GET',
  url: '/api/v1/property/666720f01ed8af0105a0d444',
  status: 200,
  content_length: '457',
  response_time: 49.642,
  level: 'http',
  message: 'incoming-request',
  timestamp: '2024-06-15 07:42:40.632 PM'
}
{
  method: 'GET',
  url: '/api/v1/property/all?page=0',
  status: 200,
  content_length: '917',
  response_time: 104.076,
  level: 'http',
  message: 'incoming-request',
  timestamp: '2024-06-15 07:42:40.686 PM'
}
{
  method: 'GET',
  url: '/api/v1/property/666720f01ed8af0105a0d444',
  status: 200,
  content_length: '457',
  response_time: 50.528,
  level: 'http',
  message: 'incoming-request',
  timestamp: '2024-06-15 07:42:43.587 PM'
}
{
  method: 'GET',
  url: '/api/v1/property/all?page=0',
  status: 200,
  content_length: '917',
  response_time: 104.845,
  level: 'http',
  message: 'incoming-request',
  timestamp: '2024-06-15 07:42:43.641 PM'
}
{
  method: 'GET',
  url: '/api/v1/property/666720f01ed8af0105a0d444',
  status: 200,
  content_length: '457',
  response_time: 49.852,
  level: 'http',
  message: 'incoming-request',
  timestamp: '2024-06-15 07:43:43.684 PM'
}
{
  method: 'GET',
  url: '/api/v1/property/all?page=0',
  status: 200,
  content_length: '917',
  response_time: 110.25,
  level: 'http',
  message: 'incoming-request',
  timestamp: '2024-06-15 07:43:43.743 PM'
}
{
  method: 'GET',
  url: '/api/v1/property/666720f01ed8af0105a0d444',
  status: 200,
  content_length: '457',
  response_time: 49.689,
  level: 'http',
  message: 'incoming-request',
  timestamp: '2024-06-15 07:43:51.785 PM'
}
{
  method: 'GET',
  url: '/api/v1/property/all?page=0',
  status: 200,
  content_length: '917',
  response_time: 103.213,
  level: 'http',
  message: 'incoming-request',
  timestamp: '2024-06-15 07:43:51.837 PM'
}
{
  method: 'GET',
  url: '/api/v1/property/666720f01ed8af0105a0d444',
  status: 200,
  content_length: '457',
  response_time: 50.071,
  level: 'http',
  message: 'incoming-request',
  timestamp: '2024-06-15 07:43:56.096 PM'
}
{
  method: 'GET',
  url: '/api/v1/property/all?page=0',
  status: 200,
  content_length: '917',
  response_time: 104.826,
  level: 'http',
  message: 'incoming-request',
  timestamp: '2024-06-15 07:43:56.150 PM'
}
{
  method: 'GET',
  url: '/api/v1/property/666720f01ed8af0105a0d444',
  status: 200,
  content_length: '457',
  response_time: 56.284,
  level: 'http',
  message: 'incoming-request',
  timestamp: '2024-06-15 07:44:15.602 PM'
}
{
  method: 'GET',
  url: '/api/v1/property/all?page=0',
  status: 200,
  content_length: '917',
  response_time: 112.622,
  level: 'http',
  message: 'incoming-request',
  timestamp: '2024-06-15 07:44:15.657 PM'
}
{
  method: 'GET',
  url: '/api/v1/property/666720f01ed8af0105a0d444',
  status: 200,
  content_length: '457',
  response_time: 51.268,
  level: 'http',
  message: 'incoming-request',
  timestamp: '2024-06-15 07:44:18.255 PM'
}
{
  method: 'GET',
  url: '/api/v1/property/all?page=0',
  status: 200,
  content_length: '917',
  response_time: 102.733,
  level: 'http',
  message: 'incoming-request',
  timestamp: '2024-06-15 07:44:18.305 PM'
}
{
  method: 'GET',
  url: '/api/v1/property/666720f01ed8af0105a0d444',
  status: 200,
  content_length: '457',
  response_time: 50.167,
  level: 'http',
  message: 'incoming-request',
  timestamp: '2024-06-15 07:44:21.093 PM'
}
{
  method: 'GET',
  url: '/api/v1/property/all?page=0',
  status: 200,
  content_length: '917',
  response_time: 104.132,
  level: 'http',
  message: 'incoming-request',
  timestamp: '2024-06-15 07:44:21.141 PM'
}
{
  method: 'GET',
  url: '/api/v1/property/666720f01ed8af0105a0d444',
  status: 200,
  content_length: '457',
  response_time: 50.914,
  level: 'http',
  message: 'incoming-request',
  timestamp: '2024-06-15 07:47:10.528 PM'
}
{
  method: 'GET',
  url: '/api/v1/property/all?page=0',
  status: 200,
  content_length: '917',
  response_time: 105.411,
  level: 'http',
  message: 'incoming-request',
  timestamp: '2024-06-15 07:47:10.581 PM'
}
{
  method: 'GET',
  url: '/api/v1/property/666720f01ed8af0105a0d444',
  status: 200,
  content_length: '457',
  response_time: 49.897,
  level: 'http',
  message: 'incoming-request',
  timestamp: '2024-06-15 07:47:20.088 PM'
}
{
  method: 'GET',
  url: '/api/v1/property/all?page=0',
  status: 200,
  content_length: '917',
  response_time: 103.729,
  level: 'http',
  message: 'incoming-request',
  timestamp: '2024-06-15 07:47:20.140 PM'
}
{
  method: 'GET',
  url: '/api/v1/property/666720f01ed8af0105a0d444',
  status: 200,
  content_length: '457',
  response_time: 49.884,
  level: 'http',
  message: 'incoming-request',
  timestamp: '2024-06-15 07:47:22.385 PM'
}
{
  method: 'GET',
  url: '/api/v1/property/all?page=0',
  status: 200,
  content_length: '917',
  response_time: 103.443,
  level: 'http',
  message: 'incoming-request',
  timestamp: '2024-06-15 07:47:22.437 PM'
}
{
  method: 'GET',
  url: '/api/v1/property/666720f01ed8af0105a0d444',
  status: 200,
  content_length: '457',
  response_time: 50.257,
  level: 'http',
  message: 'incoming-request',
  timestamp: '2024-06-15 07:47:42.749 PM'
}
{
  method: 'GET',
  url: '/api/v1/property/all?page=0',
  status: 200,
  content_length: '917',
  response_time: 116.86,
  level: 'http',
  message: 'incoming-request',
  timestamp: '2024-06-15 07:47:42.814 PM'
}
{
  method: 'GET',
  url: '/api/v1/property/666720f01ed8af0105a0d444',
  status: 200,
  content_length: '457',
  response_time: 49.12,
  level: 'http',
  message: 'incoming-request',
  timestamp: '2024-06-15 07:47:46.606 PM'
}
{
  method: 'GET',
  url: '/api/v1/property/all?page=0',
  status: 200,
  content_length: '917',
  response_time: 102.143,
  level: 'http',
  message: 'incoming-request',
  timestamp: '2024-06-15 07:47:46.656 PM'
}
{
  method: 'GET',
  url: '/api/v1/property/666720f01ed8af0105a0d444',
  status: 200,
  content_length: '457',
  response_time: 49.76,
  level: 'http',
  message: 'incoming-request',
  timestamp: '2024-06-15 07:48:45.764 PM'
}
{
  method: 'GET',
  url: '/api/v1/property/all?page=0',
  status: 200,
  content_length: '917',
  response_time: 103.638,
  level: 'http',
  message: 'incoming-request',
  timestamp: '2024-06-15 07:48:45.816 PM'
}
{
  method: 'GET',
  url: '/api/v1/property/666720f01ed8af0105a0d444',
  status: 200,
  content_length: '457',
  response_time: 49.603,
  level: 'http',
  message: 'incoming-request',
  timestamp: '2024-06-15 07:49:18.084 PM'
}
{
  method: 'GET',
  url: '/api/v1/property/all?page=0',
  status: 200,
  content_length: '917',
  response_time: 102.247,
  level: 'http',
  message: 'incoming-request',
  timestamp: '2024-06-15 07:49:18.136 PM'
}
{
  method: 'GET',
  url: '/api/v1/property/666720f01ed8af0105a0d444',
  status: 200,
  content_length: '457',
  response_time: 49.965,
  level: 'http',
  message: 'incoming-request',
  timestamp: '2024-06-15 07:49:36.313 PM'
}
{
  method: 'GET',
  url: '/api/v1/property/all?page=0',
  status: 200,
  content_length: '917',
  response_time: 107.535,
  level: 'http',
  message: 'incoming-request',
  timestamp: '2024-06-15 07:49:36.370 PM'
}
{
  method: 'GET',
  url: '/api/v1/property/666720f01ed8af0105a0d444',
  status: 200,
  content_length: '457',
  response_time: 55.733,
  level: 'http',
  message: 'incoming-request',
  timestamp: '2024-06-15 07:49:39.020 PM'
}
{
  method: 'GET',
  url: '/api/v1/property/all?page=0',
  status: 200,
  content_length: '917',
  response_time: 106.941,
  level: 'http',
  message: 'incoming-request',
  timestamp: '2024-06-15 07:49:39.070 PM'
}
{
  method: 'GET',
  url: '/api/v1/property/666720f01ed8af0105a0d444',
  status: 200,
  content_length: '457',
  response_time: 50.882,
  level: 'http',
  message: 'incoming-request',
  timestamp: '2024-06-15 07:49:41.627 PM'
}
{
  method: 'GET',
  url: '/api/v1/property/all?page=0',
  status: 200,
  content_length: '917',
  response_time: 102.15,
  level: 'http',
  message: 'incoming-request',
  timestamp: '2024-06-15 07:49:41.678 PM'
}
{
  method: 'GET',
  url: '/api/v1/property/666720f01ed8af0105a0d444',
  status: 200,
  content_length: '457',
  response_time: 49.863,
  level: 'http',
  message: 'incoming-request',
  timestamp: '2024-06-15 07:49:49.199 PM'
}
{
  method: 'GET',
  url: '/api/v1/property/all?page=0',
  status: 200,
  content_length: '917',
  response_time: 107.376,
  level: 'http',
  message: 'incoming-request',
  timestamp: '2024-06-15 07:49:49.255 PM'
}
{
  method: 'GET',
  url: '/api/v1/property/666720f01ed8af0105a0d444',
  status: 200,
  content_length: '457',
  response_time: 49.844,
  level: 'http',
  message: 'incoming-request',
  timestamp: '2024-06-15 07:49:51.170 PM'
}
{
  method: 'GET',
  url: '/api/v1/property/all?page=0',
  status: 200,
  content_length: '917',
  response_time: 105.003,
  level: 'http',
  message: 'incoming-request',
  timestamp: '2024-06-15 07:49:51.209 PM'
}
{
  method: 'GET',
  url: '/api/v1/property/666720f01ed8af0105a0d444',
  status: 200,
  content_length: '457',
  response_time: 50.659,
  level: 'http',
  message: 'incoming-request',
  timestamp: '2024-06-15 07:49:53.207 PM'
}
{
  method: 'GET',
  url: '/api/v1/property/all?page=0',
  status: 200,
  content_length: '917',
  response_time: 102.331,
  level: 'http',
  message: 'incoming-request',
  timestamp: '2024-06-15 07:49:53.257 PM'
}
{
  method: 'GET',
  url: '/api/v1/property/666720f01ed8af0105a0d444',
  status: 200,
  content_length: '457',
  response_time: 49.762,
  level: 'http',
  message: 'incoming-request',
  timestamp: '2024-06-15 07:49:56.910 PM'
}
{
  method: 'GET',
  url: '/api/v1/property/all?page=0',
  status: 200,
  content_length: '917',
  response_time: 102.648,
  level: 'http',
  message: 'incoming-request',
  timestamp: '2024-06-15 07:49:56.962 PM'
}
{
  method: 'GET',
  url: '/api/v1/property/666720f01ed8af0105a0d444',
  status: 200,
  content_length: '457',
  response_time: 81.331,
  level: 'http',
  message: 'incoming-request',
  timestamp: '2024-06-15 07:50:26.646 PM'
}
{
  method: 'GET',
  url: '/api/v1/property/all?page=0',
  status: 200,
  content_length: '917',
  response_time: 135.125,
  level: 'http',
  message: 'incoming-request',
  timestamp: '2024-06-15 07:50:26.699 PM'
}
{
  method: 'GET',
  url: '/api/v1/property/666720f01ed8af0105a0d444',
  status: 200,
  content_length: '457',
  response_time: 49.409,
  level: 'http',
  message: 'incoming-request',
  timestamp: '2024-06-15 07:50:39.727 PM'
}
{
  method: 'GET',
  url: '/api/v1/property/all?page=0',
  status: 200,
  content_length: '917',
  response_time: 102.086,
  level: 'http',
  message: 'incoming-request',
  timestamp: '2024-06-15 07:50:39.779 PM'
}
{
  method: 'GET',
  url: '/api/v1/property/666720f01ed8af0105a0d444',
  status: 200,
  content_length: '457',
  response_time: 49.408,
  level: 'http',
  message: 'incoming-request',
  timestamp: '2024-06-15 07:51:00.331 PM'
}
{
  method: 'GET',
  url: '/api/v1/property/all?page=0',
  status: 200,
  content_length: '917',
  response_time: 106.509,
  level: 'http',
  message: 'incoming-request',
  timestamp: '2024-06-15 07:51:00.387 PM'
}
{
  method: 'GET',
  url: '/api/v1/property/666720f01ed8af0105a0d444',
  status: 200,
  content_length: '457',
  response_time: 55.156,
  level: 'http',
  message: 'incoming-request',
  timestamp: '2024-06-15 07:51:04.588 PM'
}
{
  method: 'GET',
  url: '/api/v1/property/all?page=0',
  status: 200,
  content_length: '917',
  response_time: 114.638,
  level: 'http',
  message: 'incoming-request',
  timestamp: '2024-06-15 07:51:04.646 PM'
}
{
  method: 'GET',
  url: '/api/v1/property/666720f01ed8af0105a0d444',
  status: 200,
  content_length: '457',
  response_time: 49.379,
  level: 'http',
  message: 'incoming-request',
  timestamp: '2024-06-15 07:51:06.765 PM'
}
{
  method: 'GET',
  url: '/api/v1/property/all?page=0',
  status: 200,
  content_length: '917',
  response_time: 101.894,
  level: 'http',
  message: 'incoming-request',
  timestamp: '2024-06-15 07:51:06.816 PM'
}
{
  method: 'GET',
  url: '/api/v1/property/666720f01ed8af0105a0d444',
  status: 200,
  content_length: '457',
  response_time: 53.013,
  level: 'http',
  message: 'incoming-request',
  timestamp: '2024-06-15 07:55:23.540 PM'
}
{
  method: 'GET',
  url: '/api/v1/property/all?page=0',
  status: 200,
  content_length: '917',
  response_time: 110.261,
  level: 'http',
  message: 'incoming-request',
  timestamp: '2024-06-15 07:55:23.595 PM'
}
{
  method: 'GET',
  url: '/api/v1/property/666720f01ed8af0105a0d444',
  status: 200,
  content_length: '457',
  response_time: 49.407,
  level: 'http',
  message: 'incoming-request',
  timestamp: '2024-06-15 07:59:06.665 PM'
}
{
  method: 'GET',
  url: '/api/v1/property/all?page=0',
  status: 200,
  content_length: '917',
  response_time: 104.597,
  level: 'http',
  message: 'incoming-request',
  timestamp: '2024-06-15 07:59:06.719 PM'
}
{
  method: 'GET',
  url: '/api/v1/property/666720f01ed8af0105a0d444',
  status: 200,
  content_length: '457',
  response_time: 51.142,
  level: 'http',
  message: 'incoming-request',
  timestamp: '2024-06-15 07:59:09.568 PM'
}
{
  method: 'GET',
  url: '/api/v1/property/all?page=0',
  status: 200,
  content_length: '917',
  response_time: 101.927,
  level: 'http',
  message: 'incoming-request',
  timestamp: '2024-06-15 07:59:09.618 PM'
}
{
  method: 'GET',
  url: '/api/v1/property/666720f01ed8af0105a0d444',
  status: 200,
  content_length: '457',
  response_time: 49.742,
  level: 'http',
  message: 'incoming-request',
  timestamp: '2024-06-15 08:01:02.987 PM'
}
{
  method: 'GET',
  url: '/api/v1/property/all?page=0',
  status: 200,
  content_length: '917',
  response_time: 103.252,
  level: 'http',
  message: 'incoming-request',
  timestamp: '2024-06-15 08:01:03.040 PM'
}
{
  method: 'GET',
  url: '/api/v1/property/666720f01ed8af0105a0d444',
  status: 200,
  content_length: '457',
  response_time: 56.1,
  level: 'http',
  message: 'incoming-request',
  timestamp: '2024-06-15 08:01:35.341 PM'
}
{
  method: 'GET',
  url: '/api/v1/property/all?page=0',
  status: 200,
  content_length: '917',
  response_time: 113.314,
  level: 'http',
  message: 'incoming-request',
  timestamp: '2024-06-15 08:01:35.396 PM'
}
{
  method: 'GET',
  url: '/api/v1/property/666720f01ed8af0105a0d444',
  status: 200,
  content_length: '457',
  response_time: 49.392,
  level: 'http',
  message: 'incoming-request',
  timestamp: '2024-06-15 08:01:37.832 PM'
}
{
  method: 'GET',
  url: '/api/v1/property/all?page=0',
  status: 200,
  content_length: '917',
  response_time: 102.297,
  level: 'http',
  message: 'incoming-request',
  timestamp: '2024-06-15 08:01:37.884 PM'
}
{
  method: 'GET',
  url: '/api/v1/property/666720f01ed8af0105a0d444',
  status: 200,
  content_length: '457',
  response_time: 52.744,
  level: 'http',
  message: 'incoming-request',
  timestamp: '2024-06-15 08:01:41.650 PM'
}
{
  method: 'GET',
  url: '/api/v1/property/all?page=0',
  status: 200,
  content_length: '917',
  response_time: 106.337,
  level: 'http',
  message: 'incoming-request',
  timestamp: '2024-06-15 08:01:41.703 PM'
}
