{
  message: 'Server on 1997 running. NodeENV: development  ',
  level: 'info',
  timestamp: '2025-01-11 04:19:48.203 PM'
}
{
  method: 'GET',
  url: '/docs',
  status: 301,
  content_length: 154,
  response_time: 2.592,
  level: 'http',
  message: 'incoming-request',
  timestamp: '2025-01-11 04:23:31.030 PM'
}
{
  method: 'GET',
  url: '/docs/',
  status: 200,
  content_length: '3106',
  response_time: 2.326,
  level: 'http',
  message: 'incoming-request',
  timestamp: '2025-01-11 04:23:31.039 PM'
}
{
  method: 'GET',
  url: '/docs/swagger-ui.css',
  status: 200,
  content_length: 152072,
  response_time: 3.087,
  level: 'http',
  message: 'incoming-request',
  timestamp: '2025-01-11 04:23:31.069 PM'
}
{
  method: 'GET',
  url: '/docs/swagger-ui-standalone-preset.js',
  status: 200,
  content_length: 230007,
  response_time: 3.08,
  level: 'http',
  message: 'incoming-request',
  timestamp: '2025-01-11 04:23:31.093 PM'
}
{
  method: 'GET',
  url: '/docs/swagger-ui-bundle.js',
  status: 200,
  content_length: 1426050,
  response_time: 1.263,
  level: 'http',
  message: 'incoming-request',
  timestamp: '2025-01-11 04:23:31.095 PM'
}
{
  method: 'GET',
  url: '/docs/swagger-ui-init.js',
  status: 200,
  content_length: '65613',
  response_time: 0.327,
  level: 'http',
  message: 'incoming-request',
  timestamp: '2025-01-11 04:23:31.220 PM'
}
{
  message: 'Server on 1997 running. NodeENV: development  ',
  level: 'info',
  timestamp: '2025-01-11 04:27:35.245 PM'
}
{
  message: 'Server on 1997 running. NodeENV: development  ',
  level: 'info',
  timestamp: '2025-01-11 04:28:00.821 PM'
}
{
  message: 'Server on 1997 running. NodeENV: development  ',
  level: 'info',
  timestamp: '2025-01-11 04:28:14.813 PM'
}
{
  message: 'Server on 1997 running. NodeENV: development  ',
  level: 'info',
  timestamp: '2025-01-11 04:29:03.571 PM'
}
{
  message: 'Server on 1997 running. NodeENV: development  ',
  level: 'info',
  timestamp: '2025-01-11 04:29:13.003 PM'
}
{
  message: 'Server on 1997 running. NodeENV: development  ',
  level: 'info',
  timestamp: '2025-01-11 04:29:29.404 PM'
}
{
  message: 'Server on 1997 running. NodeENV: development  ',
  level: 'info',
  timestamp: '2025-01-11 04:29:42.023 PM'
}
{
  message: 'Server on 1997 running. NodeENV: development  ',
  level: 'info',
  timestamp: '2025-01-11 04:29:58.872 PM'
}
{
  message: 'Server on 1997 running. NodeENV: development  ',
  level: 'info',
  timestamp: '2025-01-11 04:30:11.445 PM'
}
{
  message: 'Server on 1997 running. NodeENV: development  ',
  level: 'info',
  timestamp: '2025-01-11 04:30:42.216 PM'
}
{
  message: 'Server on 1997 running. NodeENV: development  ',
  level: 'info',
  timestamp: '2025-01-11 04:33:17.796 PM'
}
{
  message: 'Server on 1997 running. NodeENV: development  ',
  level: 'info',
  timestamp: '2025-01-11 04:33:34.698 PM'
}
{
  message: 'Server on 1997 running. NodeENV: development  ',
  level: 'info',
  timestamp: '2025-01-11 04:33:54.171 PM'
}
{
  message: 'Server on 1997 running. NodeENV: development  ',
  level: 'info',
  timestamp: '2025-01-11 04:34:17.439 PM'
}
{
  message: 'Server on 1997 running. NodeENV: development  ',
  level: 'info',
  timestamp: '2025-01-11 04:39:52.950 PM'
}
{
  message: 'Server on 1997 running. NodeENV: development  ',
  level: 'info',
  timestamp: '2025-01-11 04:40:18.655 PM'
}
{
  message: 'Server on 1997 running. NodeENV: development  ',
  level: 'info',
  timestamp: '2025-01-11 04:40:37.169 PM'
}
{
  message: 'Server on 1997 running. NodeENV: development  ',
  level: 'info',
  timestamp: '2025-01-11 04:44:17.716 PM'
}
{
  message: 'Server on 1997 running. NodeENV: development  ',
  level: 'info',
  timestamp: '2025-01-11 04:57:34.859 PM'
}
{
  message: 'Server on 1997 running. NodeENV: development  ',
  level: 'info',
  timestamp: '2025-01-11 04:57:58.216 PM'
}
{
  message: 'Server on 1997 running. NodeENV: development  ',
  level: 'info',
  timestamp: '2025-01-11 04:58:10.097 PM'
}
{
  message: 'Server on 1997 running. NodeENV: development  ',
  level: 'info',
  timestamp: '2025-01-11 04:58:46.074 PM'
}
{
  message: 'Server on 1997 running. NodeENV: development  ',
  level: 'info',
  timestamp: '2025-01-11 04:59:27.504 PM'
}
{
  message: 'Server on 1997 running. NodeENV: development  ',
  level: 'info',
  timestamp: '2025-01-11 05:00:51.156 PM'
}
{
  message: 'Server on 1997 running. NodeENV: development  ',
  level: 'info',
  timestamp: '2025-01-11 05:00:58.975 PM'
}
{
  message: 'Server on 1997 running. NodeENV: development  ',
  level: 'info',
  timestamp: '2025-01-11 05:01:05.595 PM'
}
{
  message: 'Server on 1997 running. NodeENV: development  ',
  level: 'info',
  timestamp: '2025-01-11 05:02:10.280 PM'
}
{
  message: 'Server on 1997 running. NodeENV: development  ',
  level: 'info',
  timestamp: '2025-01-11 05:02:51.754 PM'
}
{
  message: 'Server on 1997 running. NodeENV: development  ',
  level: 'info',
  timestamp: '2025-01-11 05:03:07.849 PM'
}
{
  message: 'Server on 1997 running. NodeENV: development  ',
  level: 'info',
  timestamp: '2025-01-11 05:03:24.251 PM'
}
{
  message: 'Server on 1997 running. NodeENV: development  ',
  level: 'info',
  timestamp: '2025-01-11 05:04:25.423 PM'
}
{
  message: 'Server on 1997 running. NodeENV: development  ',
  level: 'info',
  timestamp: '2025-01-11 05:04:34.822 PM'
}
{
  message: 'Server on 1997 running. NodeENV: development  ',
  level: 'info',
  timestamp: '2025-01-11 05:04:44.751 PM'
}
{
  message: 'Server on 1997 running. NodeENV: development  ',
  level: 'info',
  timestamp: '2025-01-11 05:05:02.062 PM'
}
{
  message: 'Server on 1997 running. NodeENV: development  ',
  level: 'info',
  timestamp: '2025-01-11 05:05:15.726 PM'
}
{
  method: 'GET',
  url: '/docs/',
  status: 200,
  content_length: '3106',
  response_time: 2.5,
  level: 'http',
  message: 'incoming-request',
  timestamp: '2025-01-11 05:12:10.101 PM'
}
{
  method: 'GET',
  url: '/docs/swagger-ui.css',
  status: 200,
  content_length: 152072,
  response_time: 3.353,
  level: 'http',
  message: 'incoming-request',
  timestamp: '2025-01-11 05:12:10.188 PM'
}
{
  method: 'GET',
  url: '/docs/swagger-ui-standalone-preset.js',
  status: 200,
  content_length: 230007,
  response_time: 1.358,
  level: 'http',
  message: 'incoming-request',
  timestamp: '2025-01-11 05:12:10.193 PM'
}
{
  method: 'GET',
  url: '/docs/swagger-ui-bundle.js',
  status: 200,
  content_length: 1426050,
  response_time: 1.549,
  level: 'http',
  message: 'incoming-request',
  timestamp: '2025-01-11 05:12:10.240 PM'
}
{
  method: 'GET',
  url: '/docs/swagger-ui-init.js',
  status: 200,
  content_length: '65613',
  response_time: 0.325,
  level: 'http',
  message: 'incoming-request',
  timestamp: '2025-01-11 05:12:10.307 PM'
}
{
  method: 'GET',
  url: '/docs/favicon-32x32.png',
  status: 200,
  content_length: 628,
  response_time: 0.627,
  level: 'http',
  message: 'incoming-request',
  timestamp: '2025-01-11 05:12:10.540 PM'
}
{
  message: 'Server on 1997 running. NodeENV: development  ',
  level: 'info',
  timestamp: '2025-01-11 05:12:10.859 PM'
}
{
  method: 'GET',
  url: '/docs/',
  status: 304,
  response_time: 0.916,
  level: 'http',
  message: 'incoming-request',
  timestamp: '2025-01-11 05:13:24.495 PM'
}
{
  method: 'GET',
  url: '/docs/swagger-ui.css',
  status: 304,
  response_time: 0.943,
  level: 'http',
  message: 'incoming-request',
  timestamp: '2025-01-11 05:13:24.531 PM'
}
{
  method: 'GET',
  url: '/docs/swagger-ui-bundle.js',
  status: 304,
  response_time: 0.484,
  level: 'http',
  message: 'incoming-request',
  timestamp: '2025-01-11 05:13:24.555 PM'
}
{
  method: 'GET',
  url: '/docs/swagger-ui-init.js',
  status: 304,
  response_time: 0.235,
  level: 'http',
  message: 'incoming-request',
  timestamp: '2025-01-11 05:13:24.568 PM'
}
{
  method: 'GET',
  url: '/docs/swagger-ui-standalone-preset.js',
  status: 304,
  response_time: 1.124,
  level: 'http',
  message: 'incoming-request',
  timestamp: '2025-01-11 05:13:24.569 PM'
}
{
  method: 'GET',
  url: '/docs/favicon-32x32.png',
  status: 304,
  response_time: 0.396,
  level: 'http',
  message: 'incoming-request',
  timestamp: '2025-01-11 05:13:24.769 PM'
}
{
  method: 'GET',
  url: '/docs/',
  status: 200,
  content_length: '3106',
  response_time: 2.492,
  level: 'http',
  message: 'incoming-request',
  timestamp: '2025-01-11 05:13:55.638 PM'
}
{
  method: 'GET',
  url: '/docs/swagger-ui.css',
  status: 304,
  response_time: 1.612,
  level: 'http',
  message: 'incoming-request',
  timestamp: '2025-01-11 05:13:55.706 PM'
}
{
  method: 'GET',
  url: '/docs/swagger-ui-bundle.js',
  status: 304,
  response_time: 1.126,
  level: 'http',
  message: 'incoming-request',
  timestamp: '2025-01-11 05:13:55.718 PM'
}
{
  method: 'GET',
  url: '/docs/swagger-ui-standalone-preset.js',
  status: 304,
  response_time: 1.151,
  level: 'http',
  message: 'incoming-request',
  timestamp: '2025-01-11 05:13:55.719 PM'
}
{
  method: 'GET',
  url: '/docs/swagger-ui-init.js',
  status: 200,
  content_length: '71032',
  response_time: 0.388,
  level: 'http',
  message: 'incoming-request',
  timestamp: '2025-01-11 05:13:55.764 PM'
}
{
  method: 'GET',
  url: '/docs/favicon-32x32.png',
  status: 304,
  response_time: 0.382,
  level: 'http',
  message: 'incoming-request',
  timestamp: '2025-01-11 05:13:56.091 PM'
}
{
  message: 'Server on 1997 running. NodeENV: development  ',
  level: 'info',
  timestamp: '2025-01-11 05:13:56.369 PM'
}
{
  method: 'POST',
  url: '/api/v1/property/create',
  status: 201,
  content_length: '59',
  response_time: 190.511,
  level: 'http',
  message: 'incoming-request',
  timestamp: '2025-01-11 05:14:15.344 PM'
}
{
  method: 'POST',
  url: '/api/v1/property/create',
  status: 400,
  content_length: '38',
  response_time: 107.752,
  level: 'http',
  message: 'incoming-request',
  timestamp: '2025-01-11 05:14:20.078 PM'
}
{
  message: 'Server on 1997 running. NodeENV: development  ',
  level: 'info',
  timestamp: '2025-01-11 05:15:43.622 PM'
}
{
  message: 'Server on 1997 running. NodeENV: development  ',
  level: 'info',
  timestamp: '2025-01-11 05:16:12.299 PM'
}
{
  message: 'Server on 1997 running. NodeENV: development  ',
  level: 'info',
  timestamp: '2025-01-11 05:16:19.118 PM'
}
{
  message: 'Server on 1997 running. NodeENV: development  ',
  level: 'info',
  timestamp: '2025-01-11 05:17:54.547 PM'
}
{
  message: 'Server on 1997 running. NodeENV: development  ',
  level: 'info',
  timestamp: '2025-01-11 05:18:06.021 PM'
}
{
  message: 'Server on 1997 running. NodeENV: development  ',
  level: 'info',
  timestamp: '2025-01-11 05:18:20.685 PM'
}
{
  message: 'Server on 1997 running. NodeENV: development  ',
  level: 'info',
  timestamp: '2025-01-11 05:18:29.387 PM'
}
{
  message: 'Server on 1997 running. NodeENV: development  ',
  level: 'info',
  timestamp: '2025-01-11 05:20:12.848 PM'
}
{
  message: 'Server on 1997 running. NodeENV: development  ',
  level: 'info',
  timestamp: '2025-01-11 05:20:32.616 PM'
}
{
  message: 'Server on 1997 running. NodeENV: development  ',
  level: 'info',
  timestamp: '2025-01-11 05:20:44.855 PM'
}
{
  message: 'Server on 1997 running. NodeENV: development  ',
  level: 'info',
  timestamp: '2025-01-11 05:20:57.315 PM'
}
{
  message: 'Server on 1997 running. NodeENV: development  ',
  level: 'info',
  timestamp: '2025-01-11 05:25:06.787 PM'
}
{
  method: 'GET',
  url: '/docs/',
  status: 304,
  response_time: 3.728,
  level: 'http',
  message: 'incoming-request',
  timestamp: '2025-01-11 05:25:36.781 PM'
}
{
  method: 'GET',
  url: '/docs/swagger-ui.css',
  status: 304,
  response_time: 1.227,
  level: 'http',
  message: 'incoming-request',
  timestamp: '2025-01-11 05:25:36.823 PM'
}
{
  method: 'GET',
  url: '/docs/swagger-ui-bundle.js',
  status: 304,
  response_time: 0.682,
  level: 'http',
  message: 'incoming-request',
  timestamp: '2025-01-11 05:25:36.849 PM'
}
{
  method: 'GET',
  url: '/docs/swagger-ui-standalone-preset.js',
  status: 304,
  response_time: 1.251,
  level: 'http',
  message: 'incoming-request',
  timestamp: '2025-01-11 05:25:36.850 PM'
}
{
  method: 'GET',
  url: '/docs/swagger-ui-init.js',
  status: 200,
  content_length: '73616',
  response_time: 0.838,
  level: 'http',
  message: 'incoming-request',
  timestamp: '2025-01-11 05:25:36.864 PM'
}
{
  method: 'GET',
  url: '/docs/favicon-32x32.png',
  status: 304,
  response_time: 0.845,
  level: 'http',
  message: 'incoming-request',
  timestamp: '2025-01-11 05:25:37.095 PM'
}
{
  message: 'Server on 1997 running. NodeENV: development  ',
  level: 'info',
  timestamp: '2025-01-11 05:25:37.333 PM'
}
{
  method: 'GET',
  url: '/docs/',
  status: 304,
  response_time: 2.735,
  level: 'http',
  message: 'incoming-request',
  timestamp: '2025-01-11 05:25:50.627 PM'
}
{
  method: 'GET',
  url: '/docs/swagger-ui.css',
  status: 304,
  response_time: 1.101,
  level: 'http',
  message: 'incoming-request',
  timestamp: '2025-01-11 05:25:50.666 PM'
}
{
  method: 'GET',
  url: '/docs/swagger-ui-bundle.js',
  status: 304,
  response_time: 1.587,
  level: 'http',
  message: 'incoming-request',
  timestamp: '2025-01-11 05:25:50.691 PM'
}
{
  method: 'GET',
  url: '/docs/swagger-ui-standalone-preset.js',
  status: 304,
  response_time: 1.585,
  level: 'http',
  message: 'incoming-request',
  timestamp: '2025-01-11 05:25:50.692 PM'
}
{
  method: 'GET',
  url: '/docs/swagger-ui-init.js',
  status: 200,
  content_length: '73615',
  response_time: 0.399,
  level: 'http',
  message: 'incoming-request',
  timestamp: '2025-01-11 05:25:50.709 PM'
}
{
  method: 'GET',
  url: '/docs/favicon-32x32.png',
  status: 304,
  response_time: 0.384,
  level: 'http',
  message: 'incoming-request',
  timestamp: '2025-01-11 05:25:50.896 PM'
}
{
  message: 'Server on 1997 running. NodeENV: development  ',
  level: 'info',
  timestamp: '2025-01-11 05:25:51.174 PM'
}
{
  method: 'GET',
  url: '/api/v1/property?pageNumber=1',
  status: 200,
  content_length: '3504',
  response_time: 117.803,
  level: 'http',
  message: 'incoming-request',
  timestamp: '2025-01-11 05:25:56.420 PM'
}
{
  method: 'GET',
  url: '/api/v1/property?pageNumber=1',
  status: 200,
  content_length: '3504',
  response_time: 106.8,
  level: 'http',
  message: 'incoming-request',
  timestamp: '2025-01-11 05:25:58.718 PM'
}
{
  method: 'GET',
  url: '/api/v1/property?pageNumber=2',
  status: 200,
  content_length: '3504',
  response_time: 106.032,
  level: 'http',
  message: 'incoming-request',
  timestamp: '2025-01-11 05:26:04.713 PM'
}
{
  method: 'GET',
  url: '/api/v1/property?pageNumber=2',
  status: 200,
  content_length: '3504',
  response_time: 106.751,
  level: 'http',
  message: 'incoming-request',
  timestamp: '2025-01-11 05:26:06.934 PM'
}
{
  method: 'GET',
  url: '/api/v1/property?pageNumber=1',
  status: 200,
  content_length: '3504',
  response_time: 107.069,
  level: 'http',
  message: 'incoming-request',
  timestamp: '2025-01-11 05:26:14.122 PM'
}
{
  method: 'GET',
  url: '/api/v1/property?pageNumber=1',
  status: 200,
  content_length: '3504',
  response_time: 106.046,
  level: 'http',
  message: 'incoming-request',
  timestamp: '2025-01-11 05:26:55.287 PM'
}
{
  method: 'GET',
  url: '/docs/',
  status: 304,
  response_time: 0.605,
  level: 'http',
  message: 'incoming-request',
  timestamp: '2025-01-11 05:27:00.290 PM'
}
{
  method: 'GET',
  url: '/docs/swagger-ui.css',
  status: 304,
  response_time: 0.478,
  level: 'http',
  message: 'incoming-request',
  timestamp: '2025-01-11 05:27:00.338 PM'
}
{
  method: 'GET',
  url: '/docs/swagger-ui-bundle.js',
  status: 304,
  response_time: 1.031,
  level: 'http',
  message: 'incoming-request',
  timestamp: '2025-01-11 05:27:00.363 PM'
}
{
  method: 'GET',
  url: '/docs/swagger-ui-standalone-preset.js',
  status: 304,
  response_time: 1.209,
  level: 'http',
  message: 'incoming-request',
  timestamp: '2025-01-11 05:27:00.364 PM'
}
{
  method: 'GET',
  url: '/docs/swagger-ui-init.js',
  status: 304,
  response_time: 0.705,
  level: 'http',
  message: 'incoming-request',
  timestamp: '2025-01-11 05:27:00.379 PM'
}
{
  method: 'GET',
  url: '/docs/favicon-32x32.png',
  status: 304,
  response_time: 0.442,
  level: 'http',
  message: 'incoming-request',
  timestamp: '2025-01-11 05:27:00.571 PM'
}
{
  method: 'GET',
  url: '/api/v1/property?pageNumber=2',
  status: 200,
  content_length: '3504',
  response_time: 106.383,
  level: 'http',
  message: 'incoming-request',
  timestamp: '2025-01-11 05:27:06.100 PM'
}
{
  method: 'GET',
  url: '/api/v1/property?pageNumber=3',
  status: 200,
  content_length: '3504',
  response_time: 105.887,
  level: 'http',
  message: 'incoming-request',
  timestamp: '2025-01-11 05:27:13.954 PM'
}
{
  method: 'GET',
  url: '/docs/',
  status: 304,
  response_time: 2.589,
  level: 'http',
  message: 'incoming-request',
  timestamp: '2025-01-11 05:27:43.802 PM'
}
{
  method: 'GET',
  url: '/docs/swagger-ui.css',
  status: 304,
  response_time: 1.152,
  level: 'http',
  message: 'incoming-request',
  timestamp: '2025-01-11 05:27:43.862 PM'
}
{
  method: 'GET',
  url: '/docs/swagger-ui-bundle.js',
  status: 304,
  response_time: 1.229,
  level: 'http',
  message: 'incoming-request',
  timestamp: '2025-01-11 05:27:43.902 PM'
}
{
  method: 'GET',
  url: '/docs/swagger-ui-standalone-preset.js',
  status: 304,
  response_time: 1.271,
  level: 'http',
  message: 'incoming-request',
  timestamp: '2025-01-11 05:27:43.903 PM'
}
{
  method: 'GET',
  url: '/docs/swagger-ui-init.js',
  status: 200,
  content_length: '73609',
  response_time: 0.426,
  level: 'http',
  message: 'incoming-request',
  timestamp: '2025-01-11 05:27:43.963 PM'
}
{
  method: 'GET',
  url: '/docs/favicon-32x32.png',
  status: 304,
  response_time: 0.397,
  level: 'http',
  message: 'incoming-request',
  timestamp: '2025-01-11 05:27:44.129 PM'
}
{
  message: 'Server on 1997 running. NodeENV: development  ',
  level: 'info',
  timestamp: '2025-01-11 05:27:44.497 PM'
}
{
  method: 'GET',
  url: '/api/v1/property?page=1',
  status: 200,
  content_length: '3504',
  response_time: 119.206,
  level: 'http',
  message: 'incoming-request',
  timestamp: '2025-01-11 05:28:11.061 PM'
}
{
  method: 'GET',
  url: '/api/v1/property?page=2',
  status: 200,
  content_length: '3087',
  response_time: 108.433,
  level: 'http',
  message: 'incoming-request',
  timestamp: '2025-01-11 05:28:15.035 PM'
}
{
  method: 'GET',
  url: '/api/v1/property?page=3',
  status: 200,
  content_length: '3009',
  response_time: 108.891,
  level: 'http',
  message: 'incoming-request',
  timestamp: '2025-01-11 05:28:19.528 PM'
}
{
  message: 'Server on 1997 running. NodeENV: development  ',
  level: 'info',
  timestamp: '2025-01-11 05:29:00.111 PM'
}
{
  message: 'Server on 1997 running. NodeENV: development  ',
  level: 'info',
  timestamp: '2025-01-11 05:30:56.506 PM'
}
{
  message: 'Server on 1997 running. NodeENV: development  ',
  level: 'info',
  timestamp: '2025-01-11 05:31:03.073 PM'
}
{
  message: 'Server on 1997 running. NodeENV: development  ',
  level: 'info',
  timestamp: '2025-01-11 05:31:21.640 PM'
}
{
  message: 'Server on 1997 running. NodeENV: development  ',
  level: 'info',
  timestamp: '2025-01-11 05:31:34.705 PM'
}
{
  message: 'Server on 1997 running. NodeENV: development  ',
  level: 'info',
  timestamp: '2025-01-11 05:33:04.970 PM'
}
{
  message: 'Server on 1997 running. NodeENV: development  ',
  level: 'info',
  timestamp: '2025-01-11 05:33:15.889 PM'
}
{
  method: 'GET',
  url: '/docs/',
  status: 304,
  response_time: 2.643,
  level: 'http',
  message: 'incoming-request',
  timestamp: '2025-01-11 05:33:18.299 PM'
}
{
  method: 'GET',
  url: '/docs/swagger-ui.css',
  status: 304,
  response_time: 1.129,
  level: 'http',
  message: 'incoming-request',
  timestamp: '2025-01-11 05:33:18.342 PM'
}
{
  method: 'GET',
  url: '/docs/swagger-ui-bundle.js',
  status: 304,
  response_time: 1.229,
  level: 'http',
  message: 'incoming-request',
  timestamp: '2025-01-11 05:33:18.358 PM'
}
{
  method: 'GET',
  url: '/docs/swagger-ui-standalone-preset.js',
  status: 304,
  response_time: 1.376,
  level: 'http',
  message: 'incoming-request',
  timestamp: '2025-01-11 05:33:18.359 PM'
}
{
  method: 'GET',
  url: '/docs/swagger-ui-init.js',
  status: 200,
  content_length: '76179',
  response_time: 0.609,
  level: 'http',
  message: 'incoming-request',
  timestamp: '2025-01-11 05:33:18.369 PM'
}
{
  method: 'GET',
  url: '/docs/favicon-32x32.png',
  status: 304,
  response_time: 0.484,
  level: 'http',
  message: 'incoming-request',
  timestamp: '2025-01-11 05:33:18.598 PM'
}
{
  method: 'GET',
  url: '/api/v1/property?page=1',
  status: 200,
  content_length: '3504',
  response_time: 119.892,
  level: 'http',
  message: 'incoming-request',
  timestamp: '2025-01-11 05:33:36.838 PM'
}
{
  method: 'GET',
  url: '/docs/',
  status: 304,
  response_time: 2.774,
  level: 'http',
  message: 'incoming-request',
  timestamp: '2025-01-11 05:33:59.194 PM'
}
{
  method: 'GET',
  url: '/docs/swagger-ui.css',
  status: 304,
  response_time: 1.244,
  level: 'http',
  message: 'incoming-request',
  timestamp: '2025-01-11 05:33:59.396 PM'
}
{
  method: 'GET',
  url: '/docs/swagger-ui-bundle.js',
  status: 304,
  response_time: 1.158,
  level: 'http',
  message: 'incoming-request',
  timestamp: '2025-01-11 05:33:59.471 PM'
}
{
  method: 'GET',
  url: '/docs/swagger-ui-standalone-preset.js',
  status: 304,
  response_time: 1.257,
  level: 'http',
  message: 'incoming-request',
  timestamp: '2025-01-11 05:33:59.472 PM'
}
{
  method: 'GET',
  url: '/docs/swagger-ui-init.js',
  status: 200,
  content_length: '76228',
  response_time: 0.409,
  level: 'http',
  message: 'incoming-request',
  timestamp: '2025-01-11 05:33:59.476 PM'
}
{
  method: 'GET',
  url: '/docs/favicon-32x32.png',
  status: 304,
  response_time: 0.493,
  level: 'http',
  message: 'incoming-request',
  timestamp: '2025-01-11 05:33:59.854 PM'
}
{
  message: 'Server on 1997 running. NodeENV: development  ',
  level: 'info',
  timestamp: '2025-01-11 05:33:59.923 PM'
}
{
  method: 'GET',
  url: '/api/v1/property/%7Bid%7D?id=666720f01ed8af0105a0d444',
  status: 500,
  content_length: '1417',
  response_time: 6.137,
  level: 'http',
  message: 'incoming-request',
  timestamp: '2025-01-11 05:34:09.898 PM'
}
{
  message: 'Server on 1997 running. NodeENV: development  ',
  level: 'info',
  timestamp: '2025-01-11 05:34:31.399 PM'
}
{
  message: 'Server on 1997 running. NodeENV: development  ',
  level: 'info',
  timestamp: '2025-01-11 05:37:18.859 PM'
}
{
  method: 'GET',
  url: '/docs/',
  status: 304,
  response_time: 2.904,
  level: 'http',
  message: 'incoming-request',
  timestamp: '2025-01-11 05:37:42.410 PM'
}
{
  method: 'GET',
  url: '/docs/swagger-ui.css',
  status: 304,
  response_time: 1.491,
  level: 'http',
  message: 'incoming-request',
  timestamp: '2025-01-11 05:37:42.442 PM'
}
{
  method: 'GET',
  url: '/docs/swagger-ui-bundle.js',
  status: 304,
  response_time: 0.613,
  level: 'http',
  message: 'incoming-request',
  timestamp: '2025-01-11 05:37:42.468 PM'
}
{
  method: 'GET',
  url: '/docs/swagger-ui-init.js',
  status: 200,
  content_length: '76229',
  response_time: 0.399,
  level: 'http',
  message: 'incoming-request',
  timestamp: '2025-01-11 05:37:42.470 PM'
}
{
  method: 'GET',
  url: '/docs/swagger-ui-standalone-preset.js',
  status: 304,
  response_time: 2.776,
  level: 'http',
  message: 'incoming-request',
  timestamp: '2025-01-11 05:37:42.471 PM'
}
{
  method: 'GET',
  url: '/docs/favicon-32x32.png',
  status: 304,
  response_time: 1.061,
  level: 'http',
  message: 'incoming-request',
  timestamp: '2025-01-11 05:37:42.743 PM'
}
{
  method: 'GET',
  url: '/api/v1/property/%7Bid%7D?path=666720f01ed8af0105a0d444',
  status: 500,
  content_length: '1417',
  response_time: 6.229,
  level: 'http',
  message: 'incoming-request',
  timestamp: '2025-01-11 05:37:45.928 PM'
}
{
  method: 'GET',
  url: '/api/v1/property/%7Bid%7D?path=666720f01ed8af0105a0d444',
  status: 500,
  content_length: '1417',
  response_time: 1.068,
  level: 'http',
  message: 'incoming-request',
  timestamp: '2025-01-11 05:37:47.931 PM'
}
{
  method: 'GET',
  url: '/api/v1/property/%7Bid%7D?path=666720f01ed8af0105a0d444',
  status: 500,
  content_length: '1417',
  response_time: 0.815,
  level: 'http',
  message: 'incoming-request',
  timestamp: '2025-01-11 05:37:48.473 PM'
}
{
  method: 'GET',
  url: '/docs/',
  status: 304,
  response_time: 2.745,
  level: 'http',
  message: 'incoming-request',
  timestamp: '2025-01-11 05:38:19.002 PM'
}
{
  method: 'GET',
  url: '/docs/swagger-ui.css',
  status: 304,
  response_time: 1.156,
  level: 'http',
  message: 'incoming-request',
  timestamp: '2025-01-11 05:38:19.077 PM'
}
{
  method: 'GET',
  url: '/docs/swagger-ui-bundle.js',
  status: 304,
  response_time: 0.611,
  level: 'http',
  message: 'incoming-request',
  timestamp: '2025-01-11 05:38:19.091 PM'
}
{
  method: 'GET',
  url: '/docs/swagger-ui-standalone-preset.js',
  status: 304,
  response_time: 1.087,
  level: 'http',
  message: 'incoming-request',
  timestamp: '2025-01-11 05:38:19.092 PM'
}
{
  method: 'GET',
  url: '/docs/swagger-ui-init.js',
  status: 200,
  content_length: '76226',
  response_time: 0.443,
  level: 'http',
  message: 'incoming-request',
  timestamp: '2025-01-11 05:38:19.134 PM'
}
{
  message: 'Server on 1997 running. NodeENV: development  ',
  level: 'info',
  timestamp: '2025-01-11 05:38:19.512 PM'
}
{
  method: 'GET',
  url: '/docs/favicon-32x32.png',
  status: 304,
  response_time: 0.391,
  level: 'http',
  message: 'incoming-request',
  timestamp: '2025-01-11 05:38:19.548 PM'
}
{
  method: 'GET',
  url: '/api/v1/property/%7Bid%7D',
  status: 500,
  content_length: '1417',
  response_time: 6.487,
  level: 'http',
  message: 'incoming-request',
  timestamp: '2025-01-11 05:38:29.600 PM'
}
{
  message: 'Server on 1997 running. NodeENV: development  ',
  level: 'info',
  timestamp: '2025-01-11 05:39:06.770 PM'
}
{
  method: 'GET',
  url: '/docs/',
  status: 304,
  response_time: 2.681,
  level: 'http',
  message: 'incoming-request',
  timestamp: '2025-01-11 05:39:19.754 PM'
}
{
  method: 'GET',
  url: '/docs/swagger-ui.css',
  status: 304,
  response_time: 1.081,
  level: 'http',
  message: 'incoming-request',
  timestamp: '2025-01-11 05:39:19.818 PM'
}
{
  method: 'GET',
  url: '/docs/swagger-ui-init.js',
  status: 200,
  content_length: '76171',
  response_time: 0.285,
  level: 'http',
  message: 'incoming-request',
  timestamp: '2025-01-11 05:39:19.831 PM'
}
{
  method: 'GET',
  url: '/docs/swagger-ui-bundle.js',
  status: 304,
  response_time: 2.661,
  level: 'http',
  message: 'incoming-request',
  timestamp: '2025-01-11 05:39:19.832 PM'
}
{
  method: 'GET',
  url: '/docs/swagger-ui-standalone-preset.js',
  status: 304,
  response_time: 1.585,
  level: 'http',
  message: 'incoming-request',
  timestamp: '2025-01-11 05:39:19.832 PM'
}
{
  method: 'GET',
  url: '/docs/favicon-32x32.png',
  status: 304,
  response_time: 0.475,
  level: 'http',
  message: 'incoming-request',
  timestamp: '2025-01-11 05:39:20.269 PM'
}
{
  message: 'Server on 1997 running. NodeENV: development  ',
  level: 'info',
  timestamp: '2025-01-11 05:39:20.468 PM'
}
{
  method: 'GET',
  url: '/api/v1/property/666720f01ed8af0105a0d444',
  status: 200,
  content_length: '647',
  response_time: 63.223,
  level: 'http',
  message: 'incoming-request',
  timestamp: '2025-01-11 05:39:23.958 PM'
}
{
  message: 'Server on 1997 running. NodeENV: development  ',
  level: 'info',
  timestamp: '2025-01-11 05:39:49.466 PM'
}
{
  message: 'Server on 1997 running. NodeENV: development  ',
  level: 'info',
  timestamp: '2025-01-11 05:40:22.801 PM'
}
{
  message: 'Server on 1997 running. NodeENV: development  ',
  level: 'info',
  timestamp: '2025-01-11 05:40:52.581 PM'
}
{
  method: 'GET',
  url: '/docs/',
  status: 304,
  response_time: 2.909,
  level: 'http',
  message: 'incoming-request',
  timestamp: '2025-01-11 05:41:23.486 PM'
}
{
  method: 'GET',
  url: '/docs/swagger-ui.css',
  status: 304,
  response_time: 1.135,
  level: 'http',
  message: 'incoming-request',
  timestamp: '2025-01-11 05:41:23.532 PM'
}
{
  method: 'GET',
  url: '/docs/swagger-ui-bundle.js',
  status: 304,
  response_time: 0.588,
  level: 'http',
  message: 'incoming-request',
  timestamp: '2025-01-11 05:41:23.553 PM'
}
{
  method: 'GET',
  url: '/docs/swagger-ui-init.js',
  status: 200,
  content_length: '78712',
  response_time: 0.45,
  level: 'http',
  message: 'incoming-request',
  timestamp: '2025-01-11 05:41:23.570 PM'
}
{
  method: 'GET',
  url: '/docs/swagger-ui-standalone-preset.js',
  status: 304,
  response_time: 2.087,
  level: 'http',
  message: 'incoming-request',
  timestamp: '2025-01-11 05:41:23.571 PM'
}
{
  method: 'GET',
  url: '/docs/favicon-32x32.png',
  status: 304,
  response_time: 0.445,
  level: 'http',
  message: 'incoming-request',
  timestamp: '2025-01-11 05:41:23.736 PM'
}
{
  method: 'DELETE',
  url: '/api/v1/property/666720f01ed8af0105a0d444',
  status: 200,
  content_length: '50',
  response_time: 126.571,
  level: 'http',
  message: 'incoming-request',
  timestamp: '2025-01-11 05:41:31.440 PM'
}
{
  message: 'Server on 1997 running. NodeENV: development  ',
  level: 'info',
  timestamp: '2025-01-11 05:42:10.593 PM'
}
{
  method: 'POST',
  url: '/api/v1/property/create',
  status: 400,
  content_length: '38',
  response_time: 120.148,
  level: 'http',
  message: 'incoming-request',
  timestamp: '2025-01-11 05:42:29.217 PM'
}
{
  method: 'GET',
  url: '/docs/',
  status: 304,
  response_time: 1.719,
  level: 'http',
  message: 'incoming-request',
  timestamp: '2025-01-11 05:42:32.907 PM'
}
{
  method: 'GET',
  url: '/docs/swagger-ui.css',
  status: 304,
  response_time: 0.99,
  level: 'http',
  message: 'incoming-request',
  timestamp: '2025-01-11 05:42:32.950 PM'
}
{
  method: 'GET',
  url: '/docs/swagger-ui-bundle.js',
  status: 304,
  response_time: 1.022,
  level: 'http',
  message: 'incoming-request',
  timestamp: '2025-01-11 05:42:32.973 PM'
}
{
  method: 'GET',
  url: '/docs/swagger-ui-standalone-preset.js',
  status: 304,
  response_time: 0.573,
  level: 'http',
  message: 'incoming-request',
  timestamp: '2025-01-11 05:42:32.974 PM'
}
{
  method: 'GET',
  url: '/docs/swagger-ui-init.js',
  status: 200,
  content_length: '81246',
  response_time: 0.366,
  level: 'http',
  message: 'incoming-request',
  timestamp: '2025-01-11 05:42:32.985 PM'
}
{
  method: 'GET',
  url: '/docs/favicon-32x32.png',
  status: 304,
  response_time: 0.451,
  level: 'http',
  message: 'incoming-request',
  timestamp: '2025-01-11 05:42:33.201 PM'
}
{
  method: 'POST',
  url: '/api/v1/property/create',
  status: 400,
  content_length: '38',
  response_time: 108.509,
  level: 'http',
  message: 'incoming-request',
  timestamp: '2025-01-11 05:42:36.360 PM'
}
{
  method: 'POST',
  url: '/api/v1/property/create',
  status: 201,
  content_length: '59',
  response_time: 167.131,
  level: 'http',
  message: 'incoming-request',
  timestamp: '2025-01-11 05:42:43.719 PM'
}
{
  method: 'GET',
  url: '/api/v1/property?page=5',
  status: 200,
  content_length: '1934',
  response_time: 112.357,
  level: 'http',
  message: 'incoming-request',
  timestamp: '2025-01-11 05:43:02.643 PM'
}
{
  message: 'Server on 1997 running. NodeENV: development  ',
  level: 'info',
  timestamp: '2025-01-11 05:43:22.913 PM'
}
{
  message: 'Server on 1997 running. NodeENV: development  ',
  level: 'info',
  timestamp: '2025-01-11 05:43:38.354 PM'
}
{
  message: 'Server on 1997 running. NodeENV: development  ',
  level: 'info',
  timestamp: '2025-01-11 05:44:23.175 PM'
}
{
  method: 'PATCH',
  url: '/api/v1/property/666720f01ed8af0105a0d444',
  status: 404,
  content_length: '32',
  response_time: 121.664,
  level: 'http',
  message: 'incoming-request',
  timestamp: '2025-01-11 05:50:17.303 PM'
}
{
  method: 'GET',
  url: '/docs/',
  status: 304,
  response_time: 1.88,
  level: 'http',
  message: 'incoming-request',
  timestamp: '2025-01-11 05:50:25.689 PM'
}
{
  method: 'GET',
  url: '/docs/swagger-ui.css',
  status: 304,
  response_time: 1.063,
  level: 'http',
  message: 'incoming-request',
  timestamp: '2025-01-11 05:50:25.740 PM'
}
{
  method: 'GET',
  url: '/docs/swagger-ui-bundle.js',
  status: 304,
  response_time: 0.819,
  level: 'http',
  message: 'incoming-request',
  timestamp: '2025-01-11 05:50:25.755 PM'
}
{
  method: 'GET',
  url: '/docs/swagger-ui-standalone-preset.js',
  status: 304,
  response_time: 0.887,
  level: 'http',
  message: 'incoming-request',
  timestamp: '2025-01-11 05:50:25.756 PM'
}
{
  method: 'GET',
  url: '/docs/swagger-ui-init.js',
  status: 200,
  content_length: '84551',
  response_time: 0.561,
  level: 'http',
  message: 'incoming-request',
  timestamp: '2025-01-11 05:50:25.769 PM'
}
{
  method: 'GET',
  url: '/docs/favicon-32x32.png',
  status: 304,
  response_time: 0.658,
  level: 'http',
  message: 'incoming-request',
  timestamp: '2025-01-11 05:50:25.979 PM'
}
{
  method: 'GET',
  url: '/api/v1/property?page=1',
  status: 200,
  content_length: '3449',
  response_time: 111.097,
  level: 'http',
  message: 'incoming-request',
  timestamp: '2025-01-11 05:50:32.577 PM'
}
{
  method: 'PATCH',
  url: '/api/v1/property/66698737b4ca40d2e7bfb178',
  status: 200,
  content_length: '618',
  response_time: 168.213,
  level: 'http',
  message: 'incoming-request',
  timestamp: '2025-01-11 05:50:48.528 PM'
}
