{
  method: 'GET',
  url: '/api/v1/property/666720f01ed8af0105a0d444',
  status: 200,
  content_length: '457',
  response_time: 62.375,
  level: 'http',
  message: 'incoming-request',
  timestamp: '2024-06-24 06:11:39.666 PM'
}
{
  method: 'GET',
  url: '/api/v1/property/all?page=0',
  status: 200,
  content_length: '917',
  response_time: 110.697,
  level: 'http',
  message: 'incoming-request',
  timestamp: '2024-06-24 06:11:39.705 PM'
}
{
  method: 'GET',
  url: '/api/v1/property/666720f01ed8af0105a0d444',
  status: 200,
  content_length: '457',
  response_time: 53.918,
  level: 'http',
  message: 'incoming-request',
  timestamp: '2024-06-24 06:14:20.357 PM'
}
{
  method: 'GET',
  url: '/api/v1/property/all?page=0',
  status: 200,
  content_length: '917',
  response_time: 103.785,
  level: 'http',
  message: 'incoming-request',
  timestamp: '2024-06-24 06:14:20.406 PM'
}
{
  method: 'GET',
  url: '/api/v1/property/666720f01ed8af0105a0d444',
  status: 304,
  response_time: 59.038,
  level: 'http',
  message: 'incoming-request',
  timestamp: '2024-06-24 07:31:51.729 PM'
}
{
  method: 'GET',
  url: '/api/v1/property/all?page=0',
  status: 304,
  response_time: 115.17,
  level: 'http',
  message: 'incoming-request',
  timestamp: '2024-06-24 07:31:51.778 PM'
}
{
  method: 'POST',
  url: '/api/v1/auth/resend_email_token',
  status: 404,
  content_length: '1959',
  response_time: 0.72,
  level: 'http',
  message: 'incoming-request',
  timestamp: '2024-06-24 07:43:10.750 PM'
}
{
  method: 'POST',
  url: '/api/v1/auth/resend_email_token',
  status: 404,
  content_length: '1959',
  response_time: 1.831,
  level: 'http',
  message: 'incoming-request',
  timestamp: '2024-06-24 07:43:41.599 PM'
}
{
  method: 'POST',
  url: '/api/v1/auth/resend_email_token',
  status: 404,
  content_length: '1959',
  response_time: 0.531,
  level: 'http',
  message: 'incoming-request',
  timestamp: '2024-06-24 07:44:52.953 PM'
}
{
  method: 'POST',
  url: '/api/v1/auth/resend_email_token',
  status: 404,
  content_length: '1959',
  response_time: 0.284,
  level: 'http',
  message: 'incoming-request',
  timestamp: '2024-06-24 07:44:54.041 PM'
}
{
  method: 'GET',
  url: '/resend',
  status: 404,
  content_length: '1926',
  response_time: 0.355,
  level: 'http',
  message: 'incoming-request',
  timestamp: '2024-06-24 07:45:10.008 PM'
}
{
  method: 'GET',
  url: '/favicon.ico',
  status: 404,
  content_length: '1936',
  response_time: 0.403,
  level: 'http',
  message: 'incoming-request',
  timestamp: '2024-06-24 07:45:10.055 PM'
}
{
  method: 'GET',
  url: '/favicon.ico',
  status: 404,
  content_length: '1936',
  response_time: 0.352,
  level: 'http',
  message: 'incoming-request',
  timestamp: '2024-06-24 07:45:19.664 PM'
}
{
  method: 'GET',
  url: '/resend',
  status: 404,
  content_length: '1926',
  response_time: 0.41,
  level: 'http',
  message: 'incoming-request',
  timestamp: '2024-06-24 07:45:21.147 PM'
}
{
  method: 'GET',
  url: '/favicon.ico',
  status: 404,
  content_length: '1936',
  response_time: 0.259,
  level: 'http',
  message: 'incoming-request',
  timestamp: '2024-06-24 07:45:21.186 PM'
}
{
  method: 'POST',
  url: '/api/v1/auth/resend_email_token',
  status: 404,
  content_length: '1959',
  response_time: 0.305,
  level: 'http',
  message: 'incoming-request',
  timestamp: '2024-06-24 07:45:48.243 PM'
}
{
  method: 'POST',
  url: '/api/v1/auth/resend_email_token',
  status: 404,
  content_length: '1959',
  response_time: 0.458,
  level: 'http',
  message: 'incoming-request',
  timestamp: '2024-06-24 07:48:29.016 PM'
}
{
  method: 'POST',
  url: '/api/v1/auth/resend_email_token',
  status: 404,
  content_length: '1959',
  response_time: 0.3,
  level: 'http',
  message: 'incoming-request',
  timestamp: '2024-06-24 07:49:46.436 PM'
}
{
  method: 'POST',
  url: '/api/v1/auth/resend_email_token',
  status: 404,
  content_length: '1959',
  response_time: 0.288,
  level: 'http',
  message: 'incoming-request',
  timestamp: '2024-06-24 07:49:58.452 PM'
}
{
  method: 'POST',
  url: '/api/v1/auth/resend_email_token',
  status: 400,
  content_length: '366',
  response_time: 60.818,
  level: 'http',
  message: 'incoming-request',
  timestamp: '2024-06-24 07:51:40.120 PM'
}
{
  method: 'POST',
  url: '/api/v1/auth/resend_email_token',
  status: 200,
  content_length: '109',
  response_time: 316.786,
  level: 'http',
  message: 'incoming-request',
  timestamp: '2024-06-24 07:52:07.730 PM'
}
