{
  method: 'GET',
  url: '/api/v1/property/666720f01ed8af0105a0d444',
  status: 304,
  response_time: 57.686,
  level: 'http',
  message: 'incoming-request',
  timestamp: '2024-06-16 01:59:02.330 PM'
}
{
  method: 'GET',
  url: '/api/v1/property/all?page=0',
  status: 304,
  response_time: 109.919,
  level: 'http',
  message: 'incoming-request',
  timestamp: '2024-06-16 01:59:02.373 PM'
}
{
  method: 'GET',
  url: '/api/v1/property/666720f01ed8af0105a0d444',
  status: 304,
  response_time: 52.62,
  level: 'http',
  message: 'incoming-request',
  timestamp: '2024-06-16 02:26:33.159 PM'
}
{
  method: 'GET',
  url: '/api/v1/property/all?page=0',
  status: 304,
  response_time: 103.361,
  level: 'http',
  message: 'incoming-request',
  timestamp: '2024-06-16 02:26:33.209 PM'
}
{
  method: 'GET',
  url: '/api/v1/property/666720f01ed8af0105a0d444',
  status: 304,
  response_time: 51.588,
  level: 'http',
  message: 'incoming-request',
  timestamp: '2024-06-16 02:26:34.758 PM'
}
{
  method: 'GET',
  url: '/api/v1/property/all?page=0',
  status: 304,
  response_time: 103.179,
  level: 'http',
  message: 'incoming-request',
  timestamp: '2024-06-16 02:26:34.810 PM'
}
{
  method: 'GET',
  url: '/api/v1/property/666720f01ed8af0105a0d444',
  status: 200,
  content_length: '457',
  response_time: 51.946,
  level: 'http',
  message: 'incoming-request',
  timestamp: '2024-06-16 02:50:27.706 PM'
}
{
  method: 'GET',
  url: '/api/v1/property/all?page=0',
  status: 200,
  content_length: '917',
  response_time: 101.906,
  level: 'http',
  message: 'incoming-request',
  timestamp: '2024-06-16 02:50:27.754 PM'
}
{
  method: 'GET',
  url: '/api/v1/property/666720f01ed8af0105a0d444',
  status: 304,
  response_time: 51.755,
  level: 'http',
  message: 'incoming-request',
  timestamp: '2024-06-16 02:50:35.733 PM'
}
{
  method: 'GET',
  url: '/api/v1/property/all?page=0',
  status: 304,
  response_time: 102.42,
  level: 'http',
  message: 'incoming-request',
  timestamp: '2024-06-16 02:50:35.782 PM'
}
{
  method: 'GET',
  url: '/api/v1/property/666720f01ed8af0105a0d444',
  status: 304,
  response_time: 51.947,
  level: 'http',
  message: 'incoming-request',
  timestamp: '2024-06-16 02:54:48.346 PM'
}
{
  method: 'GET',
  url: '/api/v1/property/all?page=0',
  status: 304,
  response_time: 102.126,
  level: 'http',
  message: 'incoming-request',
  timestamp: '2024-06-16 02:54:48.395 PM'
}
{
  method: 'GET',
  url: '/api/v1/property/666720f01ed8af0105a0d444',
  status: 304,
  response_time: 53.886,
  level: 'http',
  message: 'incoming-request',
  timestamp: '2024-06-16 02:54:51.011 PM'
}
{
  method: 'GET',
  url: '/api/v1/property/all?page=0',
  status: 304,
  response_time: 103.868,
  level: 'http',
  message: 'incoming-request',
  timestamp: '2024-06-16 02:54:51.060 PM'
}
{
  method: 'GET',
  url: '/api/v1/property/666720f01ed8af0105a0d444',
  status: 304,
  response_time: 96.318,
  level: 'http',
  message: 'incoming-request',
  timestamp: '2024-06-16 02:58:23.499 PM'
}
{
  method: 'GET',
  url: '/api/v1/property/all?page=0',
  status: 304,
  response_time: 156.691,
  level: 'http',
  message: 'incoming-request',
  timestamp: '2024-06-16 02:58:23.558 PM'
}
{
  method: 'GET',
  url: '/api/v1/property/666720f01ed8af0105a0d444',
  status: 304,
  response_time: 51.914,
  level: 'http',
  message: 'incoming-request',
  timestamp: '2024-06-16 02:58:30.308 PM'
}
{
  method: 'GET',
  url: '/api/v1/property/all?page=0',
  status: 304,
  response_time: 101.918,
  level: 'http',
  message: 'incoming-request',
  timestamp: '2024-06-16 02:58:30.356 PM'
}
{
  method: 'GET',
  url: '/api/v1/property/666720f01ed8af0105a0d444',
  status: 304,
  response_time: 55.829,
  level: 'http',
  message: 'incoming-request',
  timestamp: '2024-06-16 02:59:02.261 PM'
}
{
  method: 'GET',
  url: '/api/v1/property/all?page=0',
  status: 304,
  response_time: 101.656,
  level: 'http',
  message: 'incoming-request',
  timestamp: '2024-06-16 02:59:02.305 PM'
}
{
  method: 'GET',
  url: '/api/v1/property/666720f01ed8af0105a0d444',
  status: 304,
  response_time: 57.418,
  level: 'http',
  message: 'incoming-request',
  timestamp: '2024-06-16 03:17:48.321 PM'
}
{
  method: 'GET',
  url: '/api/v1/property/all?page=0',
  status: 304,
  response_time: 111.638,
  level: 'http',
  message: 'incoming-request',
  timestamp: '2024-06-16 03:17:48.367 PM'
}
{
  method: 'GET',
  url: '/api/v1/property/666720f01ed8af0105a0d444',
  status: 200,
  content_length: '457',
  response_time: 54.516,
  level: 'http',
  message: 'incoming-request',
  timestamp: '2024-06-16 03:18:48.988 PM'
}
{
  method: 'GET',
  url: '/api/v1/property/all?page=0',
  status: 200,
  content_length: '917',
  response_time: 104.744,
  level: 'http',
  message: 'incoming-request',
  timestamp: '2024-06-16 03:18:49.037 PM'
}
{
  method: 'GET',
  url: '/api/v1/property/666720f01ed8af0105a0d444',
  status: 304,
  response_time: 50.253,
  level: 'http',
  message: 'incoming-request',
  timestamp: '2024-06-16 03:19:23.328 PM'
}
{
  method: 'GET',
  url: '/api/v1/property/all?page=0',
  status: 304,
  response_time: 116.44,
  level: 'http',
  message: 'incoming-request',
  timestamp: '2024-06-16 03:19:23.393 PM'
}
{
  method: 'GET',
  url: '/api/v1/property/666720f01ed8af0105a0d444',
  status: 304,
  response_time: 56.605,
  level: 'http',
  message: 'incoming-request',
  timestamp: '2024-06-16 03:19:25.955 PM'
}
{
  method: 'GET',
  url: '/api/v1/property/all?page=0',
  status: 304,
  response_time: 109.355,
  level: 'http',
  message: 'incoming-request',
  timestamp: '2024-06-16 03:19:26.006 PM'
}
{
  method: 'GET',
  url: '/api/v1/property/666720f01ed8af0105a0d444',
  status: 304,
  response_time: 50.13,
  level: 'http',
  message: 'incoming-request',
  timestamp: '2024-06-16 03:19:34.494 PM'
}
{
  method: 'GET',
  url: '/api/v1/property/all?page=0',
  status: 304,
  response_time: 108.027,
  level: 'http',
  message: 'incoming-request',
  timestamp: '2024-06-16 03:19:34.551 PM'
}
{
  method: 'GET',
  url: '/api/v1/property/666720f01ed8af0105a0d444',
  status: 304,
  response_time: 53.034,
  level: 'http',
  message: 'incoming-request',
  timestamp: '2024-06-16 03:19:41.631 PM'
}
{
  method: 'GET',
  url: '/api/v1/property/all?page=0',
  status: 304,
  response_time: 125.147,
  level: 'http',
  message: 'incoming-request',
  timestamp: '2024-06-16 03:19:41.702 PM'
}
{
  method: 'GET',
  url: '/api/v1/property/666720f01ed8af0105a0d444',
  status: 200,
  content_length: '457',
  response_time: 51.511,
  level: 'http',
  message: 'incoming-request',
  timestamp: '2024-06-16 03:21:02.241 PM'
}
{
  method: 'GET',
  url: '/api/v1/property/all?page=0',
  status: 200,
  content_length: '917',
  response_time: 110.969,
  level: 'http',
  message: 'incoming-request',
  timestamp: '2024-06-16 03:21:02.299 PM'
}
{
  method: 'GET',
  url: '/api/v1/property/666720f01ed8af0105a0d444',
  status: 304,
  response_time: 50.793,
  level: 'http',
  message: 'incoming-request',
  timestamp: '2024-06-16 03:21:05.424 PM'
}
{
  method: 'GET',
  url: '/api/v1/property/all?page=0',
  status: 304,
  response_time: 106.857,
  level: 'http',
  message: 'incoming-request',
  timestamp: '2024-06-16 03:21:05.479 PM'
}
{
  method: 'GET',
  url: '/api/v1/property/666720f01ed8af0105a0d444',
  status: 304,
  response_time: 58.665,
  level: 'http',
  message: 'incoming-request',
  timestamp: '2024-06-16 03:39:33.253 PM'
}
{
  method: 'GET',
  url: '/api/v1/property/all?page=0',
  status: 200,
  content_length: '917',
  response_time: 106.28,
  level: 'http',
  message: 'incoming-request',
  timestamp: '2024-06-16 03:39:33.294 PM'
}
{
  method: 'GET',
  url: '/api/v1/property/666720f01ed8af0105a0d444',
  status: 304,
  response_time: 50.071,
  level: 'http',
  message: 'incoming-request',
  timestamp: '2024-06-16 03:39:38.658 PM'
}
{
  method: 'GET',
  url: '/api/v1/property/all?page=0',
  status: 304,
  response_time: 102.105,
  level: 'http',
  message: 'incoming-request',
  timestamp: '2024-06-16 03:39:38.712 PM'
}
{
  method: 'GET',
  url: '/api/v1/property/666720f01ed8af0105a0d444',
  status: 304,
  response_time: 49.743,
  level: 'http',
  message: 'incoming-request',
  timestamp: '2024-06-16 03:39:39.859 PM'
}
{
  method: 'GET',
  url: '/api/v1/property/all?page=0',
  status: 304,
  response_time: 103.736,
  level: 'http',
  message: 'incoming-request',
  timestamp: '2024-06-16 03:39:39.911 PM'
}
{
  method: 'GET',
  url: '/api/v1/property/666720f01ed8af0105a0d444',
  status: 304,
  response_time: 50.748,
  level: 'http',
  message: 'incoming-request',
  timestamp: '2024-06-16 03:39:49.790 PM'
}
{
  method: 'GET',
  url: '/api/v1/property/all?page=0',
  status: 304,
  response_time: 105.068,
  level: 'http',
  message: 'incoming-request',
  timestamp: '2024-06-16 03:39:49.843 PM'
}
{
  method: 'GET',
  url: '/api/v1/property/666720f01ed8af0105a0d444',
  status: 304,
  response_time: 50.697,
  level: 'http',
  message: 'incoming-request',
  timestamp: '2024-06-16 03:40:03.130 PM'
}
{
  method: 'GET',
  url: '/api/v1/property/all?page=0',
  status: 304,
  response_time: 104.932,
  level: 'http',
  message: 'incoming-request',
  timestamp: '2024-06-16 03:40:03.182 PM'
}
{
  method: 'GET',
  url: '/api/v1/property/666720f01ed8af0105a0d444',
  status: 304,
  response_time: 52.323,
  level: 'http',
  message: 'incoming-request',
  timestamp: '2024-06-16 03:40:04.470 PM'
}
{
  method: 'GET',
  url: '/api/v1/property/all?page=0',
  status: 304,
  response_time: 106.177,
  level: 'http',
  message: 'incoming-request',
  timestamp: '2024-06-16 03:40:04.522 PM'
}
{
  method: 'GET',
  url: '/api/v1/property/666720f01ed8af0105a0d444',
  status: 304,
  response_time: 50.2,
  level: 'http',
  message: 'incoming-request',
  timestamp: '2024-06-16 03:40:08.762 PM'
}
{
  method: 'GET',
  url: '/api/v1/property/all?page=0',
  status: 304,
  response_time: 105.408,
  level: 'http',
  message: 'incoming-request',
  timestamp: '2024-06-16 03:40:08.815 PM'
}
{
  method: 'GET',
  url: '/api/v1/property/666720f01ed8af0105a0d444',
  status: 304,
  response_time: 51.952,
  level: 'http',
  message: 'incoming-request',
  timestamp: '2024-06-16 03:40:15.937 PM'
}
{
  method: 'GET',
  url: '/api/v1/property/all?page=0',
  status: 304,
  response_time: 98.733,
  level: 'http',
  message: 'incoming-request',
  timestamp: '2024-06-16 03:40:15.985 PM'
}
{
  method: 'GET',
  url: '/api/v1/property/666720f01ed8af0105a0d444',
  status: 304,
  response_time: 51.291,
  level: 'http',
  message: 'incoming-request',
  timestamp: '2024-06-16 03:40:19.742 PM'
}
{
  method: 'GET',
  url: '/api/v1/property/all?page=0',
  status: 304,
  response_time: 98.907,
  level: 'http',
  message: 'incoming-request',
  timestamp: '2024-06-16 03:40:19.789 PM'
}
{
  method: 'GET',
  url: '/api/v1/property/666720f01ed8af0105a0d444',
  status: 304,
  response_time: 51.077,
  level: 'http',
  message: 'incoming-request',
  timestamp: '2024-06-16 03:42:36.095 PM'
}
{
  method: 'GET',
  url: '/api/v1/property/all?page=0',
  status: 304,
  response_time: 99.165,
  level: 'http',
  message: 'incoming-request',
  timestamp: '2024-06-16 03:42:36.142 PM'
}
{
  method: 'GET',
  url: '/api/v1/property/666720f01ed8af0105a0d444',
  status: 304,
  response_time: 52.08,
  level: 'http',
  message: 'incoming-request',
  timestamp: '2024-06-16 03:42:38.128 PM'
}
{
  method: 'GET',
  url: '/api/v1/property/all?page=0',
  status: 304,
  response_time: 99.052,
  level: 'http',
  message: 'incoming-request',
  timestamp: '2024-06-16 03:42:38.173 PM'
}
{
  method: 'GET',
  url: '/api/v1/property/666720f01ed8af0105a0d444',
  status: 304,
  response_time: 50.992,
  level: 'http',
  message: 'incoming-request',
  timestamp: '2024-06-16 03:42:46.337 PM'
}
{
  method: 'GET',
  url: '/api/v1/property/all?page=0',
  status: 304,
  response_time: 99.318,
  level: 'http',
  message: 'incoming-request',
  timestamp: '2024-06-16 03:42:46.385 PM'
}
{
  method: 'GET',
  url: '/api/v1/property/666720f01ed8af0105a0d444',
  status: 304,
  response_time: 50.953,
  level: 'http',
  message: 'incoming-request',
  timestamp: '2024-06-16 03:42:48.727 PM'
}
{
  method: 'GET',
  url: '/api/v1/property/all?page=0',
  status: 304,
  response_time: 99.485,
  level: 'http',
  message: 'incoming-request',
  timestamp: '2024-06-16 03:42:48.775 PM'
}
{
  method: 'GET',
  url: '/api/v1/property/666720f01ed8af0105a0d444',
  status: 304,
  response_time: 51.725,
  level: 'http',
  message: 'incoming-request',
  timestamp: '2024-06-16 03:42:52.270 PM'
}
{
  method: 'GET',
  url: '/api/v1/property/all?page=0',
  status: 304,
  response_time: 99.097,
  level: 'http',
  message: 'incoming-request',
  timestamp: '2024-06-16 03:42:52.316 PM'
}
{
  method: 'GET',
  url: '/api/v1/property/666720f01ed8af0105a0d444',
  status: 200,
  content_length: '457',
  response_time: 63.2,
  level: 'http',
  message: 'incoming-request',
  timestamp: '2024-06-16 03:43:01.674 PM'
}
{
  method: 'GET',
  url: '/api/v1/property/all?page=0',
  status: 200,
  content_length: '917',
  response_time: 99.141,
  level: 'http',
  message: 'incoming-request',
  timestamp: '2024-06-16 03:43:01.707 PM'
}
{
  method: 'GET',
  url: '/api/v1/property/666720f01ed8af0105a0d444',
  status: 304,
  response_time: 49.801,
  level: 'http',
  message: 'incoming-request',
  timestamp: '2024-06-16 03:43:30.430 PM'
}
{
  method: 'GET',
  url: '/api/v1/property/all?page=0',
  status: 304,
  response_time: 103.034,
  level: 'http',
  message: 'incoming-request',
  timestamp: '2024-06-16 03:43:30.484 PM'
}
{
  method: 'GET',
  url: '/api/v1/property/666720f01ed8af0105a0d444',
  status: 304,
  response_time: 59.81,
  level: 'http',
  message: 'incoming-request',
  timestamp: '2024-06-16 03:43:44.102 PM'
}
{
  method: 'GET',
  url: '/api/v1/property/all?page=0',
  status: 304,
  response_time: 118.461,
  level: 'http',
  message: 'incoming-request',
  timestamp: '2024-06-16 03:43:44.159 PM'
}
{
  method: 'GET',
  url: '/api/v1/property/666720f01ed8af0105a0d444',
  status: 304,
  response_time: 50.996,
  level: 'http',
  message: 'incoming-request',
  timestamp: '2024-06-16 03:48:34.122 PM'
}
{
  method: 'GET',
  url: '/api/v1/property/all?page=0',
  status: 304,
  response_time: 105.327,
  level: 'http',
  message: 'incoming-request',
  timestamp: '2024-06-16 03:48:34.175 PM'
}
{
  method: 'GET',
  url: '/api/v1/property/666720f01ed8af0105a0d444',
  status: 304,
  response_time: 49.811,
  level: 'http',
  message: 'incoming-request',
  timestamp: '2024-06-16 03:48:36.093 PM'
}
{
  method: 'GET',
  url: '/api/v1/property/all?page=0',
  status: 304,
  response_time: 103.257,
  level: 'http',
  message: 'incoming-request',
  timestamp: '2024-06-16 03:48:36.146 PM'
}
{
  method: 'GET',
  url: '/api/v1/property/666720f01ed8af0105a0d444',
  status: 304,
  response_time: 49.37,
  level: 'http',
  message: 'incoming-request',
  timestamp: '2024-06-16 03:49:08.699 PM'
}
{
  method: 'GET',
  url: '/api/v1/property/all?page=0',
  status: 304,
  response_time: 101.835,
  level: 'http',
  message: 'incoming-request',
  timestamp: '2024-06-16 03:49:08.751 PM'
}
{
  method: 'GET',
  url: '/api/v1/property/666720f01ed8af0105a0d444',
  status: 304,
  response_time: 49.51,
  level: 'http',
  message: 'incoming-request',
  timestamp: '2024-06-16 03:51:43.515 PM'
}
{
  method: 'GET',
  url: '/api/v1/property/all?page=0',
  status: 304,
  response_time: 102.305,
  level: 'http',
  message: 'incoming-request',
  timestamp: '2024-06-16 03:51:43.567 PM'
}
{
  method: 'GET',
  url: '/api/v1/property/666720f01ed8af0105a0d444',
  status: 304,
  response_time: 50.273,
  level: 'http',
  message: 'incoming-request',
  timestamp: '2024-06-16 03:57:00.723 PM'
}
{
  method: 'GET',
  url: '/api/v1/property/all?page=0',
  status: 304,
  response_time: 101.747,
  level: 'http',
  message: 'incoming-request',
  timestamp: '2024-06-16 03:57:00.773 PM'
}
{
  method: 'GET',
  url: '/api/v1/property/666720f01ed8af0105a0d444',
  status: 304,
  response_time: 49.95,
  level: 'http',
  message: 'incoming-request',
  timestamp: '2024-06-16 03:57:32.482 PM'
}
{
  method: 'GET',
  url: '/api/v1/property/all?page=0',
  status: 304,
  response_time: 101.539,
  level: 'http',
  message: 'incoming-request',
  timestamp: '2024-06-16 03:57:32.532 PM'
}
{
  method: 'GET',
  url: '/api/v1/property/666720f01ed8af0105a0d444',
  status: 304,
  response_time: 53.866,
  level: 'http',
  message: 'incoming-request',
  timestamp: '2024-06-16 03:57:52.840 PM'
}
{
  method: 'GET',
  url: '/api/v1/property/all?page=0',
  status: 304,
  response_time: 107.754,
  level: 'http',
  message: 'incoming-request',
  timestamp: '2024-06-16 03:57:52.892 PM'
}
{
  method: 'GET',
  url: '/api/v1/property/666720f01ed8af0105a0d444',
  status: 304,
  response_time: 53.258,
  level: 'http',
  message: 'incoming-request',
  timestamp: '2024-06-16 03:58:09.019 PM'
}
{
  method: 'GET',
  url: '/api/v1/property/all?page=0',
  status: 304,
  response_time: 104.231,
  level: 'http',
  message: 'incoming-request',
  timestamp: '2024-06-16 03:58:09.069 PM'
}
{
  method: 'GET',
  url: '/api/v1/property/666720f01ed8af0105a0d444',
  status: 304,
  response_time: 49.514,
  level: 'http',
  message: 'incoming-request',
  timestamp: '2024-06-16 03:58:30.080 PM'
}
{
  method: 'GET',
  url: '/api/v1/property/all?page=0',
  status: 304,
  response_time: 102.067,
  level: 'http',
  message: 'incoming-request',
  timestamp: '2024-06-16 03:58:30.132 PM'
}
{
  method: 'GET',
  url: '/api/v1/property/666720f01ed8af0105a0d444',
  status: 304,
  response_time: 49.572,
  level: 'http',
  message: 'incoming-request',
  timestamp: '2024-06-16 03:58:37.647 PM'
}
{
  method: 'GET',
  url: '/api/v1/property/all?page=0',
  status: 304,
  response_time: 102.027,
  level: 'http',
  message: 'incoming-request',
  timestamp: '2024-06-16 03:58:37.699 PM'
}
{
  method: 'GET',
  url: '/api/v1/property/666720f01ed8af0105a0d444',
  status: 304,
  response_time: 49.471,
  level: 'http',
  message: 'incoming-request',
  timestamp: '2024-06-16 03:58:50.643 PM'
}
{
  method: 'GET',
  url: '/api/v1/property/all?page=0',
  status: 304,
  response_time: 102.406,
  level: 'http',
  message: 'incoming-request',
  timestamp: '2024-06-16 03:58:50.695 PM'
}
{
  method: 'GET',
  url: '/api/v1/property/666720f01ed8af0105a0d444',
  status: 200,
  content_length: '457',
  response_time: 50.855,
  level: 'http',
  message: 'incoming-request',
  timestamp: '2024-06-16 04:12:12.278 PM'
}
{
  method: 'GET',
  url: '/api/v1/property/all?page=0',
  status: 200,
  content_length: '917',
  response_time: 101.912,
  level: 'http',
  message: 'incoming-request',
  timestamp: '2024-06-16 04:12:12.328 PM'
}
{
  method: 'GET',
  url: '/api/v1/property/666720f01ed8af0105a0d444',
  status: 304,
  response_time: 49.428,
  level: 'http',
  message: 'incoming-request',
  timestamp: '2024-06-16 04:12:18.371 PM'
}
{
  method: 'GET',
  url: '/api/v1/property/all?page=0',
  status: 304,
  response_time: 104.619,
  level: 'http',
  message: 'incoming-request',
  timestamp: '2024-06-16 04:12:18.425 PM'
}
{
  method: 'GET',
  url: '/api/v1/property/666720f01ed8af0105a0d444',
  status: 200,
  content_length: '457',
  response_time: 50.523,
  level: 'http',
  message: 'incoming-request',
  timestamp: '2024-06-16 04:13:06.309 PM'
}
{
  method: 'GET',
  url: '/api/v1/property/all?page=0',
  status: 200,
  content_length: '917',
  response_time: 98.026,
  level: 'http',
  message: 'incoming-request',
  timestamp: '2024-06-16 04:13:06.357 PM'
}
{
  method: 'GET',
  url: '/api/v1/property/666720f01ed8af0105a0d444',
  status: 200,
  content_length: '457',
  response_time: 50.712,
  level: 'http',
  message: 'incoming-request',
  timestamp: '2024-06-16 04:13:18.806 PM'
}
{
  method: 'GET',
  url: '/api/v1/property/all?page=0',
  status: 200,
  content_length: '917',
  response_time: 98.992,
  level: 'http',
  message: 'incoming-request',
  timestamp: '2024-06-16 04:13:18.854 PM'
}
{
  method: 'GET',
  url: '/api/v1/property/666720f01ed8af0105a0d444',
  status: 200,
  content_length: '457',
  response_time: 50.417,
  level: 'http',
  message: 'incoming-request',
  timestamp: '2024-06-16 04:13:46.649 PM'
}
{
  method: 'GET',
  url: '/api/v1/property/all?page=0',
  status: 200,
  content_length: '917',
  response_time: 98.167,
  level: 'http',
  message: 'incoming-request',
  timestamp: '2024-06-16 04:13:46.696 PM'
}
{
  method: 'GET',
  url: '/api/v1/property/666720f01ed8af0105a0d444',
  status: 200,
  content_length: '457',
  response_time: 49.491,
  level: 'http',
  message: 'incoming-request',
  timestamp: '2024-06-16 04:14:34.719 PM'
}
{
  method: 'GET',
  url: '/api/v1/property/all?page=0',
  status: 200,
  content_length: '917',
  response_time: 101.357,
  level: 'http',
  message: 'incoming-request',
  timestamp: '2024-06-16 04:14:34.772 PM'
}
{
  method: 'GET',
  url: '/api/v1/property/666720f01ed8af0105a0d444',
  status: 200,
  content_length: '457',
  response_time: 54.451,
  level: 'http',
  message: 'incoming-request',
  timestamp: '2024-06-16 04:14:40.573 PM'
}
{
  method: 'GET',
  url: '/api/v1/property/all?page=0',
  status: 200,
  content_length: '917',
  response_time: 114.247,
  level: 'http',
  message: 'incoming-request',
  timestamp: '2024-06-16 04:14:40.632 PM'
}
{
  method: 'GET',
  url: '/api/v1/property/666720f01ed8af0105a0d444',
  status: 200,
  content_length: '457',
  response_time: 49.365,
  level: 'http',
  message: 'incoming-request',
  timestamp: '2024-06-16 04:14:42.875 PM'
}
{
  method: 'GET',
  url: '/api/v1/property/all?page=0',
  status: 200,
  content_length: '917',
  response_time: 108.377,
  level: 'http',
  message: 'incoming-request',
  timestamp: '2024-06-16 04:14:42.933 PM'
}
{
  method: 'GET',
  url: '/api/v1/property/666720f01ed8af0105a0d444',
  status: 200,
  content_length: '457',
  response_time: 49.826,
  level: 'http',
  message: 'incoming-request',
  timestamp: '2024-06-16 04:14:46.632 PM'
}
{
  method: 'GET',
  url: '/api/v1/property/all?page=0',
  status: 200,
  content_length: '917',
  response_time: 102.808,
  level: 'http',
  message: 'incoming-request',
  timestamp: '2024-06-16 04:14:46.684 PM'
}
{
  method: 'GET',
  url: '/api/v1/property/666720f01ed8af0105a0d444',
  status: 200,
  content_length: '457',
  response_time: 49.35,
  level: 'http',
  message: 'incoming-request',
  timestamp: '2024-06-16 04:15:13.641 PM'
}
{
  method: 'GET',
  url: '/api/v1/property/all?page=0',
  status: 200,
  content_length: '917',
  response_time: 102.43,
  level: 'http',
  message: 'incoming-request',
  timestamp: '2024-06-16 04:15:13.693 PM'
}
{
  method: 'GET',
  url: '/api/v1/property/666720f01ed8af0105a0d444',
  status: 200,
  content_length: '457',
  response_time: 52.83,
  level: 'http',
  message: 'incoming-request',
  timestamp: '2024-06-16 04:15:26.203 PM'
}
{
  method: 'GET',
  url: '/api/v1/property/all?page=0',
  status: 200,
  content_length: '917',
  response_time: 103.571,
  level: 'http',
  message: 'incoming-request',
  timestamp: '2024-06-16 04:15:26.252 PM'
}
{
  method: 'GET',
  url: '/api/v1/property/666720f01ed8af0105a0d444',
  status: 200,
  content_length: '457',
  response_time: 49.393,
  level: 'http',
  message: 'incoming-request',
  timestamp: '2024-06-16 04:15:41.908 PM'
}
{
  method: 'GET',
  url: '/api/v1/property/all?page=0',
  status: 200,
  content_length: '917',
  response_time: 103.87,
  level: 'http',
  message: 'incoming-request',
  timestamp: '2024-06-16 04:15:41.961 PM'
}
{
  method: 'GET',
  url: '/api/v1/property/666720f01ed8af0105a0d444',
  status: 200,
  content_length: '457',
  response_time: 53.772,
  level: 'http',
  message: 'incoming-request',
  timestamp: '2024-06-16 04:18:10.219 PM'
}
{
  method: 'GET',
  url: '/api/v1/property/all?page=0',
  status: 200,
  content_length: '917',
  response_time: 101.434,
  level: 'http',
  message: 'incoming-request',
  timestamp: '2024-06-16 04:18:10.266 PM'
}
{
  method: 'GET',
  url: '/api/v1/property/666720f01ed8af0105a0d444',
  status: 200,
  content_length: '457',
  response_time: 58.122,
  level: 'http',
  message: 'incoming-request',
  timestamp: '2024-06-16 04:18:23.063 PM'
}
{
  method: 'GET',
  url: '/api/v1/property/all?page=0',
  status: 200,
  content_length: '917',
  response_time: 113.68,
  level: 'http',
  message: 'incoming-request',
  timestamp: '2024-06-16 04:18:23.117 PM'
}
{
  method: 'GET',
  url: '/api/v1/property/666720f01ed8af0105a0d444',
  status: 200,
  content_length: '457',
  response_time: 50.441,
  level: 'http',
  message: 'incoming-request',
  timestamp: '2024-06-16 04:18:35.554 PM'
}
{
  method: 'GET',
  url: '/api/v1/property/all?page=0',
  status: 200,
  content_length: '917',
  response_time: 106.137,
  level: 'http',
  message: 'incoming-request',
  timestamp: '2024-06-16 04:18:35.608 PM'
}
{
  method: 'GET',
  url: '/api/v1/property/666720f01ed8af0105a0d444',
  status: 200,
  content_length: '457',
  response_time: 51.029,
  level: 'http',
  message: 'incoming-request',
  timestamp: '2024-06-16 04:19:16.817 PM'
}
{
  method: 'GET',
  url: '/api/v1/property/666720f01ed8af0105a0d444',
  status: 200,
  content_length: '457',
  response_time: 56.945,
  level: 'http',
  message: 'incoming-request',
  timestamp: '2024-06-16 04:19:27.344 PM'
}
{
  method: 'GET',
  url: '/api/v1/property/all?page=0',
  status: 200,
  content_length: '917',
  response_time: 104.082,
  level: 'http',
  message: 'incoming-request',
  timestamp: '2024-06-16 04:19:27.392 PM'
}
{
  method: 'GET',
  url: '/api/v1/property/666720f01ed8af0105a0d444',
  status: 200,
  content_length: '457',
  response_time: 50.787,
  level: 'http',
  message: 'incoming-request',
  timestamp: '2024-06-16 04:19:36.758 PM'
}
{
  method: 'GET',
  url: '/api/v1/property/all?page=0',
  status: 200,
  content_length: '917',
  response_time: 98.896,
  level: 'http',
  message: 'incoming-request',
  timestamp: '2024-06-16 04:19:36.805 PM'
}
{
  method: 'GET',
  url: '/api/v1/property/666720f01ed8af0105a0d444',
  status: 200,
  content_length: '457',
  response_time: 50.575,
  level: 'http',
  message: 'incoming-request',
  timestamp: '2024-06-16 04:19:58.516 PM'
}
{
  method: 'GET',
  url: '/api/v1/property/all?page=0',
  status: 200,
  content_length: '917',
  response_time: 98.91,
  level: 'http',
  message: 'incoming-request',
  timestamp: '2024-06-16 04:19:58.564 PM'
}
{
  method: 'GET',
  url: '/api/v1/property/666720f01ed8af0105a0d444',
  status: 200,
  content_length: '457',
  response_time: 54.224,
  level: 'http',
  message: 'incoming-request',
  timestamp: '2024-06-16 04:20:33.231 PM'
}
{
  method: 'GET',
  url: '/api/v1/property/all?page=0',
  status: 200,
  content_length: '917',
  response_time: 98.344,
  level: 'http',
  message: 'incoming-request',
  timestamp: '2024-06-16 04:20:33.274 PM'
}
{
  method: 'GET',
  url: '/api/v1/property/666720f01ed8af0105a0d444',
  status: 200,
  content_length: '457',
  response_time: 51.557,
  level: 'http',
  message: 'incoming-request',
  timestamp: '2024-06-16 04:20:38.387 PM'
}
{
  method: 'GET',
  url: '/api/v1/property/all?page=0',
  status: 200,
  content_length: '917',
  response_time: 102.34,
  level: 'http',
  message: 'incoming-request',
  timestamp: '2024-06-16 04:20:38.439 PM'
}
{
  method: 'GET',
  url: '/api/v1/property/666720f01ed8af0105a0d444',
  status: 200,
  content_length: '457',
  response_time: 49.614,
  level: 'http',
  message: 'incoming-request',
  timestamp: '2024-06-16 04:20:42.232 PM'
}
{
  method: 'GET',
  url: '/api/v1/property/all?page=0',
  status: 200,
  content_length: '917',
  response_time: 103.022,
  level: 'http',
  message: 'incoming-request',
  timestamp: '2024-06-16 04:20:42.284 PM'
}
{
  method: 'GET',
  url: '/api/v1/property/666720f01ed8af0105a0d444',
  status: 200,
  content_length: '457',
  response_time: 49.323,
  level: 'http',
  message: 'incoming-request',
  timestamp: '2024-06-16 04:20:44.038 PM'
}
{
  method: 'GET',
  url: '/api/v1/property/all?page=0',
  status: 200,
  content_length: '917',
  response_time: 104.114,
  level: 'http',
  message: 'incoming-request',
  timestamp: '2024-06-16 04:20:44.092 PM'
}
{
  method: 'GET',
  url: '/api/v1/property/666720f01ed8af0105a0d444',
  status: 200,
  content_length: '457',
  response_time: 49.213,
  level: 'http',
  message: 'incoming-request',
  timestamp: '2024-06-16 04:20:47.542 PM'
}
{
  method: 'GET',
  url: '/api/v1/property/all?page=0',
  status: 200,
  content_length: '917',
  response_time: 101.758,
  level: 'http',
  message: 'incoming-request',
  timestamp: '2024-06-16 04:20:47.594 PM'
}
{
  method: 'GET',
  url: '/api/v1/property/666720f01ed8af0105a0d444',
  status: 200,
  content_length: '457',
  response_time: 49.249,
  level: 'http',
  message: 'incoming-request',
  timestamp: '2024-06-16 04:21:13.712 PM'
}
{
  method: 'GET',
  url: '/api/v1/property/all?page=0',
  status: 200,
  content_length: '917',
  response_time: 117.7,
  level: 'http',
  message: 'incoming-request',
  timestamp: '2024-06-16 04:21:13.780 PM'
}
{
  method: 'GET',
  url: '/api/v1/property/666720f01ed8af0105a0d444',
  status: 200,
  content_length: '457',
  response_time: 49.408,
  level: 'http',
  message: 'incoming-request',
  timestamp: '2024-06-16 04:21:25.651 PM'
}
{
  method: 'GET',
  url: '/api/v1/property/all?page=0',
  status: 200,
  content_length: '917',
  response_time: 102.075,
  level: 'http',
  message: 'incoming-request',
  timestamp: '2024-06-16 04:21:25.703 PM'
}
{
  method: 'GET',
  url: '/api/v1/property/666720f01ed8af0105a0d444',
  status: 200,
  content_length: '457',
  response_time: 49.135,
  level: 'http',
  message: 'incoming-request',
  timestamp: '2024-06-16 04:21:29.357 PM'
}
{
  method: 'GET',
  url: '/api/v1/property/all?page=0',
  status: 200,
  content_length: '917',
  response_time: 106.729,
  level: 'http',
  message: 'incoming-request',
  timestamp: '2024-06-16 04:21:29.414 PM'
}
{
  method: 'GET',
  url: '/api/v1/property/666720f01ed8af0105a0d444',
  status: 200,
  content_length: '457',
  response_time: 53.599,
  level: 'http',
  message: 'incoming-request',
  timestamp: '2024-06-16 04:21:32.587 PM'
}
{
  method: 'GET',
  url: '/api/v1/property/all?page=0',
  status: 200,
  content_length: '917',
  response_time: 106.909,
  level: 'http',
  message: 'incoming-request',
  timestamp: '2024-06-16 04:21:32.639 PM'
}
{
  method: 'GET',
  url: '/api/v1/property/666720f01ed8af0105a0d444',
  status: 200,
  content_length: '457',
  response_time: 55.166,
  level: 'http',
  message: 'incoming-request',
  timestamp: '2024-06-16 04:21:43.521 PM'
}
{
  method: 'GET',
  url: '/api/v1/property/all?page=0',
  status: 200,
  content_length: '917',
  response_time: 98.021,
  level: 'http',
  message: 'incoming-request',
  timestamp: '2024-06-16 04:21:43.565 PM'
}
{
  method: 'GET',
  url: '/api/v1/property/666720f01ed8af0105a0d444',
  status: 200,
  content_length: '457',
  response_time: 51.943,
  level: 'http',
  message: 'incoming-request',
  timestamp: '2024-06-16 04:21:47.221 PM'
}
{
  method: 'GET',
  url: '/api/v1/property/all?page=0',
  status: 200,
  content_length: '917',
  response_time: 99.304,
  level: 'http',
  message: 'incoming-request',
  timestamp: '2024-06-16 04:21:47.267 PM'
}
{
  method: 'GET',
  url: '/api/v1/property/666720f01ed8af0105a0d444',
  status: 304,
  response_time: 49.788,
  level: 'http',
  message: 'incoming-request',
  timestamp: '2024-06-16 04:21:59.841 PM'
}
{
  method: 'GET',
  url: '/api/v1/property/all?page=0',
  status: 304,
  response_time: 101.387,
  level: 'http',
  message: 'incoming-request',
  timestamp: '2024-06-16 04:21:59.894 PM'
}
{
  method: 'GET',
  url: '/api/v1/property/666720f01ed8af0105a0d444',
  status: 200,
  content_length: '457',
  response_time: 49.329,
  level: 'http',
  message: 'incoming-request',
  timestamp: '2024-06-16 04:23:21.138 PM'
}
{
  method: 'GET',
  url: '/api/v1/property/all?page=0',
  status: 200,
  content_length: '917',
  response_time: 101.939,
  level: 'http',
  message: 'incoming-request',
  timestamp: '2024-06-16 04:23:21.189 PM'
}
{
  method: 'GET',
  url: '/api/v1/property/666720f01ed8af0105a0d444',
  status: 200,
  content_length: '457',
  response_time: 49.45,
  level: 'http',
  message: 'incoming-request',
  timestamp: '2024-06-16 04:23:21.301 PM'
}
{
  method: 'GET',
  url: '/api/v1/property/all?page=0',
  status: 200,
  content_length: '917',
  response_time: 101.956,
  level: 'http',
  message: 'incoming-request',
  timestamp: '2024-06-16 04:23:21.352 PM'
}
{
  method: 'GET',
  url: '/api/v1/property/666720f01ed8af0105a0d444',
  status: 304,
  response_time: 50.331,
  level: 'http',
  message: 'incoming-request',
  timestamp: '2024-06-16 04:23:28.797 PM'
}
{
  method: 'GET',
  url: '/api/v1/property/all?page=0',
  status: 304,
  response_time: 103.474,
  level: 'http',
  message: 'incoming-request',
  timestamp: '2024-06-16 04:23:28.848 PM'
}
{
  method: 'GET',
  url: '/api/v1/property/666720f01ed8af0105a0d444',
  status: 200,
  content_length: '457',
  response_time: 49.286,
  level: 'http',
  message: 'incoming-request',
  timestamp: '2024-06-16 04:23:29.049 PM'
}
{
  method: 'GET',
  url: '/api/v1/property/all?page=0',
  status: 200,
  content_length: '917',
  response_time: 104.406,
  level: 'http',
  message: 'incoming-request',
  timestamp: '2024-06-16 04:23:29.103 PM'
}
{
  method: 'GET',
  url: '/api/v1/property/666720f01ed8af0105a0d444',
  status: 304,
  response_time: 51.027,
  level: 'http',
  message: 'incoming-request',
  timestamp: '2024-06-16 04:23:34.897 PM'
}
{
  method: 'GET',
  url: '/api/v1/property/all?page=0',
  status: 304,
  response_time: 102.262,
  level: 'http',
  message: 'incoming-request',
  timestamp: '2024-06-16 04:23:34.947 PM'
}
{
  method: 'GET',
  url: '/api/v1/property/666720f01ed8af0105a0d444',
  status: 200,
  content_length: '457',
  response_time: 49.523,
  level: 'http',
  message: 'incoming-request',
  timestamp: '2024-06-16 04:23:35.085 PM'
}
{
  method: 'GET',
  url: '/api/v1/property/all?page=0',
  status: 200,
  content_length: '917',
  response_time: 102.758,
  level: 'http',
  message: 'incoming-request',
  timestamp: '2024-06-16 04:23:35.138 PM'
}
{
  method: 'GET',
  url: '/api/v1/property/666720f01ed8af0105a0d444',
  status: 304,
  response_time: 49.676,
  level: 'http',
  message: 'incoming-request',
  timestamp: '2024-06-16 04:23:46.199 PM'
}
{
  method: 'GET',
  url: '/api/v1/property/all?page=0',
  status: 304,
  response_time: 102.513,
  level: 'http',
  message: 'incoming-request',
  timestamp: '2024-06-16 04:23:46.251 PM'
}
{
  method: 'GET',
  url: '/api/v1/property/666720f01ed8af0105a0d444',
  status: 200,
  content_length: '457',
  response_time: 51.019,
  level: 'http',
  message: 'incoming-request',
  timestamp: '2024-06-16 04:23:46.433 PM'
}
{
  method: 'GET',
  url: '/api/v1/property/all?page=0',
  status: 200,
  content_length: '917',
  response_time: 101.287,
  level: 'http',
  message: 'incoming-request',
  timestamp: '2024-06-16 04:23:46.482 PM'
}
{
  method: 'GET',
  url: '/api/v1/property/666720f01ed8af0105a0d444',
  status: 200,
  content_length: '457',
  response_time: 49.531,
  level: 'http',
  message: 'incoming-request',
  timestamp: '2024-06-16 04:23:51.320 PM'
}
{
  method: 'GET',
  url: '/api/v1/property/all?page=0',
  status: 200,
  content_length: '917',
  response_time: 104.83,
  level: 'http',
  message: 'incoming-request',
  timestamp: '2024-06-16 04:23:51.374 PM'
}
{
  method: 'GET',
  url: '/api/v1/property/666720f01ed8af0105a0d444',
  status: 200,
  content_length: '457',
  response_time: 49.026,
  level: 'http',
  message: 'incoming-request',
  timestamp: '2024-06-16 04:23:51.504 PM'
}
{
  method: 'GET',
  url: '/api/v1/property/all?page=0',
  status: 200,
  content_length: '917',
  response_time: 101.383,
  level: 'http',
  message: 'incoming-request',
  timestamp: '2024-06-16 04:23:51.556 PM'
}
{
  method: 'GET',
  url: '/api/v1/property/666720f01ed8af0105a0d444',
  status: 304,
  response_time: 50.78,
  level: 'http',
  message: 'incoming-request',
  timestamp: '2024-06-16 04:24:08.431 PM'
}
{
  method: 'GET',
  url: '/api/v1/property/all?page=0',
  status: 304,
  response_time: 102.047,
  level: 'http',
  message: 'incoming-request',
  timestamp: '2024-06-16 04:24:08.481 PM'
}
{
  method: 'GET',
  url: '/api/v1/property/666720f01ed8af0105a0d444',
  status: 200,
  content_length: '457',
  response_time: 49.06,
  level: 'http',
  message: 'incoming-request',
  timestamp: '2024-06-16 04:24:08.587 PM'
}
{
  method: 'GET',
  url: '/api/v1/property/all?page=0',
  status: 200,
  content_length: '917',
  response_time: 103.101,
  level: 'http',
  message: 'incoming-request',
  timestamp: '2024-06-16 04:24:08.641 PM'
}
{
  method: 'GET',
  url: '/api/v1/property/666720f01ed8af0105a0d444',
  status: 304,
  response_time: 51.24,
  level: 'http',
  message: 'incoming-request',
  timestamp: '2024-06-16 04:24:13.769 PM'
}
{
  method: 'GET',
  url: '/api/v1/property/all?page=0',
  status: 304,
  response_time: 103.21,
  level: 'http',
  message: 'incoming-request',
  timestamp: '2024-06-16 04:24:13.820 PM'
}
{
  method: 'GET',
  url: '/api/v1/property/666720f01ed8af0105a0d444',
  status: 200,
  content_length: '457',
  response_time: 49.259,
  level: 'http',
  message: 'incoming-request',
  timestamp: '2024-06-16 04:24:13.941 PM'
}
{
  method: 'GET',
  url: '/api/v1/property/all?page=0',
  status: 200,
  content_length: '917',
  response_time: 101.698,
  level: 'http',
  message: 'incoming-request',
  timestamp: '2024-06-16 04:24:13.993 PM'
}
{
  method: 'GET',
  url: '/api/v1/property/666720f01ed8af0105a0d444',
  status: 304,
  response_time: 52.374,
  level: 'http',
  message: 'incoming-request',
  timestamp: '2024-06-16 04:24:17.291 PM'
}
{
  method: 'GET',
  url: '/api/v1/property/all?page=0',
  status: 304,
  response_time: 103.697,
  level: 'http',
  message: 'incoming-request',
  timestamp: '2024-06-16 04:24:17.341 PM'
}
{
  method: 'GET',
  url: '/api/v1/property/666720f01ed8af0105a0d444',
  status: 200,
  content_length: '457',
  response_time: 49.28,
  level: 'http',
  message: 'incoming-request',
  timestamp: '2024-06-16 04:24:17.438 PM'
}
{
  method: 'GET',
  url: '/api/v1/property/all?page=0',
  status: 200,
  content_length: '917',
  response_time: 102.078,
  level: 'http',
  message: 'incoming-request',
  timestamp: '2024-06-16 04:24:17.490 PM'
}
{
  method: 'GET',
  url: '/api/v1/property/666720f01ed8af0105a0d444',
  status: 200,
  content_length: '457',
  response_time: 50.649,
  level: 'http',
  message: 'incoming-request',
  timestamp: '2024-06-16 04:24:25.033 PM'
}
{
  method: 'GET',
  url: '/api/v1/property/all?page=0',
  status: 200,
  content_length: '917',
  response_time: 102.31,
  level: 'http',
  message: 'incoming-request',
  timestamp: '2024-06-16 04:24:25.083 PM'
}
{
  method: 'GET',
  url: '/api/v1/property/666720f01ed8af0105a0d444',
  status: 200,
  content_length: '457',
  response_time: 49.213,
  level: 'http',
  message: 'incoming-request',
  timestamp: '2024-06-16 04:24:25.296 PM'
}
{
  method: 'GET',
  url: '/api/v1/property/all?page=0',
  status: 200,
  content_length: '917',
  response_time: 104.39,
  level: 'http',
  message: 'incoming-request',
  timestamp: '2024-06-16 04:24:25.350 PM'
}
{
  method: 'GET',
  url: '/api/v1/property/666720f01ed8af0105a0d444',
  status: 304,
  response_time: 49.135,
  level: 'http',
  message: 'incoming-request',
  timestamp: '2024-06-16 04:24:28.329 PM'
}
{
  method: 'GET',
  url: '/api/v1/property/all?page=0',
  status: 304,
  response_time: 102.452,
  level: 'http',
  message: 'incoming-request',
  timestamp: '2024-06-16 04:24:28.381 PM'
}
{
  method: 'GET',
  url: '/api/v1/property/666720f01ed8af0105a0d444',
  status: 200,
  content_length: '457',
  response_time: 49.742,
  level: 'http',
  message: 'incoming-request',
  timestamp: '2024-06-16 04:24:28.503 PM'
}
{
  method: 'GET',
  url: '/api/v1/property/all?page=0',
  status: 200,
  content_length: '917',
  response_time: 103.365,
  level: 'http',
  message: 'incoming-request',
  timestamp: '2024-06-16 04:24:28.555 PM'
}
{
  method: 'GET',
  url: '/api/v1/property/666720f01ed8af0105a0d444',
  status: 304,
  response_time: 49.587,
  level: 'http',
  message: 'incoming-request',
  timestamp: '2024-06-16 04:24:34.465 PM'
}
{
  method: 'GET',
  url: '/api/v1/property/all?page=0',
  status: 304,
  response_time: 102.335,
  level: 'http',
  message: 'incoming-request',
  timestamp: '2024-06-16 04:24:34.516 PM'
}
{
  method: 'GET',
  url: '/api/v1/property/666720f01ed8af0105a0d444',
  status: 200,
  content_length: '457',
  response_time: 49.504,
  level: 'http',
  message: 'incoming-request',
  timestamp: '2024-06-16 04:24:34.697 PM'
}
{
  method: 'GET',
  url: '/api/v1/property/all?page=0',
  status: 200,
  content_length: '917',
  response_time: 101.979,
  level: 'http',
  message: 'incoming-request',
  timestamp: '2024-06-16 04:24:34.749 PM'
}
{
  method: 'GET',
  url: '/api/v1/property/666720f01ed8af0105a0d444',
  status: 200,
  content_length: '457',
  response_time: 49.287,
  level: 'http',
  message: 'incoming-request',
  timestamp: '2024-06-16 04:24:45.812 PM'
}
{
  method: 'GET',
  url: '/api/v1/property/all?page=0',
  status: 200,
  content_length: '917',
  response_time: 102.216,
  level: 'http',
  message: 'incoming-request',
  timestamp: '2024-06-16 04:24:45.863 PM'
}
{
  method: 'GET',
  url: '/api/v1/property/666720f01ed8af0105a0d444',
  status: 200,
  content_length: '457',
  response_time: 88.406,
  level: 'http',
  message: 'incoming-request',
  timestamp: '2024-06-16 04:24:45.985 PM'
}
{
  method: 'GET',
  url: '/api/v1/property/all?page=0',
  status: 200,
  content_length: '917',
  response_time: 141.551,
  level: 'http',
  message: 'incoming-request',
  timestamp: '2024-06-16 04:24:46.037 PM'
}
{
  method: 'GET',
  url: '/api/v1/property/666720f01ed8af0105a0d444',
  status: 304,
  response_time: 49.471,
  level: 'http',
  message: 'incoming-request',
  timestamp: '2024-06-16 04:25:06.853 PM'
}
{
  method: 'GET',
  url: '/api/v1/property/all?page=0',
  status: 304,
  response_time: 101.995,
  level: 'http',
  message: 'incoming-request',
  timestamp: '2024-06-16 04:25:06.904 PM'
}
{
  method: 'GET',
  url: '/api/v1/property/666720f01ed8af0105a0d444',
  status: 200,
  content_length: '457',
  response_time: 49.885,
  level: 'http',
  message: 'incoming-request',
  timestamp: '2024-06-16 04:25:07.039 PM'
}
{
  method: 'GET',
  url: '/api/v1/property/all?page=0',
  status: 200,
  content_length: '917',
  response_time: 102.779,
  level: 'http',
  message: 'incoming-request',
  timestamp: '2024-06-16 04:25:07.091 PM'
}
{
  method: 'GET',
  url: '/api/v1/property/666720f01ed8af0105a0d444',
  status: 304,
  response_time: 49.373,
  level: 'http',
  message: 'incoming-request',
  timestamp: '2024-06-16 04:25:16.011 PM'
}
{
  method: 'GET',
  url: '/api/v1/property/all?page=0',
  status: 304,
  response_time: 102.583,
  level: 'http',
  message: 'incoming-request',
  timestamp: '2024-06-16 04:25:16.064 PM'
}
{
  method: 'GET',
  url: '/api/v1/property/666720f01ed8af0105a0d444',
  status: 200,
  content_length: '457',
  response_time: 52.727,
  level: 'http',
  message: 'incoming-request',
  timestamp: '2024-06-16 04:25:16.120 PM'
}
{
  method: 'GET',
  url: '/api/v1/property/all?page=0',
  status: 200,
  content_length: '917',
  response_time: 104.144,
  level: 'http',
  message: 'incoming-request',
  timestamp: '2024-06-16 04:25:16.170 PM'
}
{
  method: 'GET',
  url: '/api/v1/property/666720f01ed8af0105a0d444',
  status: 304,
  response_time: 49.761,
  level: 'http',
  message: 'incoming-request',
  timestamp: '2024-06-16 04:25:19.097 PM'
}
{
  method: 'GET',
  url: '/api/v1/property/all?page=0',
  status: 304,
  response_time: 103.44,
  level: 'http',
  message: 'incoming-request',
  timestamp: '2024-06-16 04:25:19.149 PM'
}
{
  method: 'GET',
  url: '/api/v1/property/666720f01ed8af0105a0d444',
  status: 200,
  content_length: '457',
  response_time: 49.137,
  level: 'http',
  message: 'incoming-request',
  timestamp: '2024-06-16 04:25:19.300 PM'
}
{
  method: 'GET',
  url: '/api/v1/property/all?page=0',
  status: 200,
  content_length: '917',
  response_time: 101.918,
  level: 'http',
  message: 'incoming-request',
  timestamp: '2024-06-16 04:25:19.351 PM'
}
{
  method: 'GET',
  url: '/api/v1/property/666720f01ed8af0105a0d444',
  status: 200,
  content_length: '457',
  response_time: 49.246,
  level: 'http',
  message: 'incoming-request',
  timestamp: '2024-06-16 04:26:23.506 PM'
}
{
  method: 'GET',
  url: '/api/v1/property/all?page=0',
  status: 200,
  content_length: '917',
  response_time: 102.214,
  level: 'http',
  message: 'incoming-request',
  timestamp: '2024-06-16 04:26:23.557 PM'
}
{
  method: 'GET',
  url: '/api/v1/property/all?page=0',
  status: 200,
  content_length: '917',
  response_time: 102.044,
  level: 'http',
  message: 'incoming-request',
  timestamp: '2024-06-16 04:26:23.565 PM'
}
{
  method: 'GET',
  url: '/api/v1/property/666720f01ed8af0105a0d444',
  status: 200,
  content_length: '457',
  response_time: 445.022,
  level: 'http',
  message: 'incoming-request',
  timestamp: '2024-06-16 04:26:23.914 PM'
}
{
  method: 'GET',
  url: '/api/v1/property/666720f01ed8af0105a0d444',
  status: 200,
  content_length: '457',
  response_time: 51.077,
  level: 'http',
  message: 'incoming-request',
  timestamp: '2024-06-16 04:27:03.157 PM'
}
{
  method: 'GET',
  url: '/api/v1/property/all?page=0',
  status: 200,
  content_length: '917',
  response_time: 102.762,
  level: 'http',
  message: 'incoming-request',
  timestamp: '2024-06-16 04:27:03.208 PM'
}
{
  method: 'GET',
  url: '/api/v1/property/666720f01ed8af0105a0d444',
  status: 200,
  content_length: '457',
  response_time: 53.393,
  level: 'http',
  message: 'incoming-request',
  timestamp: '2024-06-16 04:27:03.234 PM'
}
{
  method: 'GET',
  url: '/api/v1/property/all?page=0',
  status: 200,
  content_length: '917',
  response_time: 106.724,
  level: 'http',
  message: 'incoming-request',
  timestamp: '2024-06-16 04:27:03.287 PM'
}
{
  method: 'GET',
  url: '/api/v1/property/666720f01ed8af0105a0d444',
  status: 200,
  content_length: '457',
  response_time: 51.815,
  level: 'http',
  message: 'incoming-request',
  timestamp: '2024-06-16 04:27:13.467 PM'
}
{
  method: 'GET',
  url: '/api/v1/property/all?page=0',
  status: 200,
  content_length: '917',
  response_time: 104.712,
  level: 'http',
  message: 'incoming-request',
  timestamp: '2024-06-16 04:27:13.518 PM'
}
{
  method: 'GET',
  url: '/api/v1/property/666720f01ed8af0105a0d444',
  status: 200,
  content_length: '457',
  response_time: 53.689,
  level: 'http',
  message: 'incoming-request',
  timestamp: '2024-06-16 04:27:13.595 PM'
}
{
  method: 'GET',
  url: '/api/v1/property/all?page=0',
  status: 200,
  content_length: '917',
  response_time: 107.222,
  level: 'http',
  message: 'incoming-request',
  timestamp: '2024-06-16 04:27:13.648 PM'
}
{
  method: 'GET',
  url: '/api/v1/property/666720f01ed8af0105a0d444',
  status: 304,
  response_time: 82.342,
  level: 'http',
  message: 'incoming-request',
  timestamp: '2024-06-16 04:27:16.393 PM'
}
{
  method: 'GET',
  url: '/api/v1/property/all?page=0',
  status: 304,
  response_time: 137.159,
  level: 'http',
  message: 'incoming-request',
  timestamp: '2024-06-16 04:27:16.447 PM'
}
{
  method: 'GET',
  url: '/api/v1/property/666720f01ed8af0105a0d444',
  status: 200,
  content_length: '457',
  response_time: 53.828,
  level: 'http',
  message: 'incoming-request',
  timestamp: '2024-06-16 04:27:16.736 PM'
}
{
  method: 'GET',
  url: '/api/v1/property/all?page=0',
  status: 200,
  content_length: '917',
  response_time: 106.072,
  level: 'http',
  message: 'incoming-request',
  timestamp: '2024-06-16 04:27:16.787 PM'
}
{
  method: 'GET',
  url: '/api/v1/property/666720f01ed8af0105a0d444',
  status: 304,
  response_time: 51.48,
  level: 'http',
  message: 'incoming-request',
  timestamp: '2024-06-16 04:28:44.800 PM'
}
{
  method: 'GET',
  url: '/api/v1/property/666720f01ed8af0105a0d444',
  status: 200,
  content_length: '457',
  response_time: 49.873,
  level: 'http',
  message: 'incoming-request',
  timestamp: '2024-06-16 04:28:44.844 PM'
}
{
  method: 'GET',
  url: '/api/v1/property/all?page=0',
  status: 304,
  response_time: 102.695,
  level: 'http',
  message: 'incoming-request',
  timestamp: '2024-06-16 04:28:44.850 PM'
}
{
  method: 'GET',
  url: '/api/v1/property/all?page=0',
  status: 200,
  content_length: '917',
  response_time: 103.024,
  level: 'http',
  message: 'incoming-request',
  timestamp: '2024-06-16 04:28:44.896 PM'
}
{
  method: 'GET',
  url: '/api/v1/property/666720f01ed8af0105a0d444',
  status: 304,
  response_time: 51.049,
  level: 'http',
  message: 'incoming-request',
  timestamp: '2024-06-16 04:28:49.963 PM'
}
{
  method: 'GET',
  url: '/api/v1/property/all?page=0',
  status: 304,
  response_time: 102.571,
  level: 'http',
  message: 'incoming-request',
  timestamp: '2024-06-16 04:28:50.013 PM'
}
{
  method: 'GET',
  url: '/api/v1/property/666720f01ed8af0105a0d444',
  status: 200,
  content_length: '457',
  response_time: 49.315,
  level: 'http',
  message: 'incoming-request',
  timestamp: '2024-06-16 04:28:50.021 PM'
}
{
  method: 'GET',
  url: '/api/v1/property/all?page=0',
  status: 200,
  content_length: '917',
  response_time: 102.872,
  level: 'http',
  message: 'incoming-request',
  timestamp: '2024-06-16 04:28:50.073 PM'
}
{
  method: 'GET',
  url: '/api/v1/property/666720f01ed8af0105a0d444',
  status: 304,
  response_time: 49.222,
  level: 'http',
  message: 'incoming-request',
  timestamp: '2024-06-16 04:29:09.465 PM'
}
{
  method: 'GET',
  url: '/api/v1/property/all?page=0',
  status: 304,
  response_time: 104.366,
  level: 'http',
  message: 'incoming-request',
  timestamp: '2024-06-16 04:29:09.519 PM'
}
{
  method: 'GET',
  url: '/api/v1/property/666720f01ed8af0105a0d444',
  status: 200,
  content_length: '457',
  response_time: 51.252,
  level: 'http',
  message: 'incoming-request',
  timestamp: '2024-06-16 04:29:09.536 PM'
}
{
  method: 'GET',
  url: '/api/v1/property/all?page=0',
  status: 200,
  content_length: '917',
  response_time: 98.368,
  level: 'http',
  message: 'incoming-request',
  timestamp: '2024-06-16 04:29:09.582 PM'
}
{
  method: 'GET',
  url: '/api/v1/property/666720f01ed8af0105a0d444',
  status: 200,
  content_length: '457',
  response_time: 51.332,
  level: 'http',
  message: 'incoming-request',
  timestamp: '2024-06-16 04:29:40.652 PM'
}
{
  method: 'GET',
  url: '/api/v1/property/all?page=0',
  status: 200,
  content_length: '917',
  response_time: 100.722,
  level: 'http',
  message: 'incoming-request',
  timestamp: '2024-06-16 04:29:40.700 PM'
}
{
  method: 'GET',
  url: '/api/v1/property/666720f01ed8af0105a0d444',
  status: 200,
  content_length: '457',
  response_time: 51.357,
  level: 'http',
  message: 'incoming-request',
  timestamp: '2024-06-16 04:29:40.750 PM'
}
{
  method: 'GET',
  url: '/api/v1/property/all?page=0',
  status: 200,
  content_length: '917',
  response_time: 102.331,
  level: 'http',
  message: 'incoming-request',
  timestamp: '2024-06-16 04:29:40.800 PM'
}
{
  method: 'GET',
  url: '/api/v1/property/666720f01ed8af0105a0d444',
  status: 304,
  response_time: 50.875,
  level: 'http',
  message: 'incoming-request',
  timestamp: '2024-06-16 04:29:45.309 PM'
}
{
  method: 'GET',
  url: '/api/v1/property/all?page=0',
  status: 304,
  response_time: 101.767,
  level: 'http',
  message: 'incoming-request',
  timestamp: '2024-06-16 04:29:45.359 PM'
}
{
  method: 'GET',
  url: '/api/v1/property/666720f01ed8af0105a0d444',
  status: 200,
  content_length: '457',
  response_time: 56.927,
  level: 'http',
  message: 'incoming-request',
  timestamp: '2024-06-16 04:33:30.217 PM'
}
{
  method: 'GET',
  url: '/api/v1/property/all?page=0',
  status: 200,
  content_length: '917',
  response_time: 119.009,
  level: 'http',
  message: 'incoming-request',
  timestamp: '2024-06-16 04:33:30.278 PM'
}
{
  method: 'GET',
  url: '/api/v1/property/666720f01ed8af0105a0d444',
  status: 200,
  content_length: '457',
  response_time: 51.385,
  level: 'http',
  message: 'incoming-request',
  timestamp: '2024-06-16 04:33:31.320 PM'
}
{
  method: 'GET',
  url: '/api/v1/property/all?page=0',
  status: 200,
  content_length: '917',
  response_time: 110.964,
  level: 'http',
  message: 'incoming-request',
  timestamp: '2024-06-16 04:33:31.378 PM'
}
{
  method: 'GET',
  url: '/api/v1/property/666720f01ed8af0105a0d444',
  status: 200,
  content_length: '457',
  response_time: 51.7,
  level: 'http',
  message: 'incoming-request',
  timestamp: '2024-06-16 04:33:49.242 PM'
}
{
  method: 'GET',
  url: '/api/v1/property/all?page=0',
  status: 200,
  content_length: '917',
  response_time: 103.362,
  level: 'http',
  message: 'incoming-request',
  timestamp: '2024-06-16 04:33:49.293 PM'
}
{
  method: 'GET',
  url: '/api/v1/property/666720f01ed8af0105a0d444',
  status: 200,
  content_length: '457',
  response_time: 56.078,
  level: 'http',
  message: 'incoming-request',
  timestamp: '2024-06-16 04:33:49.392 PM'
}
{
  method: 'GET',
  url: '/api/v1/property/all?page=0',
  status: 200,
  content_length: '917',
  response_time: 102.745,
  level: 'http',
  message: 'incoming-request',
  timestamp: '2024-06-16 04:33:49.438 PM'
}
{
  method: 'GET',
  url: '/api/v1/property/666720f01ed8af0105a0d444',
  status: 200,
  content_length: '457',
  response_time: 51.17,
  level: 'http',
  message: 'incoming-request',
  timestamp: '2024-06-16 04:34:03.444 PM'
}
{
  method: 'GET',
  url: '/api/v1/property/all?page=0',
  status: 200,
  content_length: '917',
  response_time: 102.268,
  level: 'http',
  message: 'incoming-request',
  timestamp: '2024-06-16 04:34:03.494 PM'
}
{
  method: 'GET',
  url: '/api/v1/property/666720f01ed8af0105a0d444',
  status: 200,
  content_length: '457',
  response_time: 52.612,
  level: 'http',
  message: 'incoming-request',
  timestamp: '2024-06-16 04:34:03.631 PM'
}
{
  method: 'GET',
  url: '/api/v1/property/all?page=0',
  status: 200,
  content_length: '917',
  response_time: 102.583,
  level: 'http',
  message: 'incoming-request',
  timestamp: '2024-06-16 04:34:03.680 PM'
}
{
  method: 'GET',
  url: '/api/v1/property/666720f01ed8af0105a0d444',
  status: 200,
  content_length: '457',
  response_time: 55.601,
  level: 'http',
  message: 'incoming-request',
  timestamp: '2024-06-16 04:34:27.709 PM'
}
{
  method: 'GET',
  url: '/api/v1/property/all?page=0',
  status: 200,
  content_length: '917',
  response_time: 102.672,
  level: 'http',
  message: 'incoming-request',
  timestamp: '2024-06-16 04:34:27.755 PM'
}
{
  method: 'GET',
  url: '/api/v1/property/666720f01ed8af0105a0d444',
  status: 200,
  content_length: '457',
  response_time: 51.187,
  level: 'http',
  message: 'incoming-request',
  timestamp: '2024-06-16 04:34:27.906 PM'
}
{
  method: 'GET',
  url: '/api/v1/property/all?page=0',
  status: 200,
  content_length: '917',
  response_time: 106.89,
  level: 'http',
  message: 'incoming-request',
  timestamp: '2024-06-16 04:34:27.961 PM'
}
{
  method: 'GET',
  url: '/api/v1/property/666720f01ed8af0105a0d444',
  status: 200,
  content_length: '457',
  response_time: 51.358,
  level: 'http',
  message: 'incoming-request',
  timestamp: '2024-06-16 04:34:38.165 PM'
}
{
  method: 'GET',
  url: '/api/v1/property/all?page=0',
  status: 200,
  content_length: '917',
  response_time: 102.629,
  level: 'http',
  message: 'incoming-request',
  timestamp: '2024-06-16 04:34:38.216 PM'
}
{
  method: 'GET',
  url: '/api/v1/property/666720f01ed8af0105a0d444',
  status: 200,
  content_length: '457',
  response_time: 61.755,
  level: 'http',
  message: 'incoming-request',
  timestamp: '2024-06-16 04:34:38.390 PM'
}
{
  method: 'GET',
  url: '/api/v1/property/all?page=0',
  status: 200,
  content_length: '917',
  response_time: 118.147,
  level: 'http',
  message: 'incoming-request',
  timestamp: '2024-06-16 04:34:38.445 PM'
}
{
  method: 'GET',
  url: '/api/v1/property/666720f01ed8af0105a0d444',
  status: 200,
  content_length: '457',
  response_time: 53.053,
  level: 'http',
  message: 'incoming-request',
  timestamp: '2024-06-16 04:35:07.828 PM'
}
{
  method: 'GET',
  url: '/api/v1/property/all?page=0',
  status: 200,
  content_length: '917',
  response_time: 107.234,
  level: 'http',
  message: 'incoming-request',
  timestamp: '2024-06-16 04:35:07.881 PM'
}
{
  method: 'GET',
  url: '/api/v1/property/666720f01ed8af0105a0d444',
  status: 200,
  content_length: '457',
  response_time: 56.616,
  level: 'http',
  message: 'incoming-request',
  timestamp: '2024-06-16 04:35:08.089 PM'
}
{
  method: 'GET',
  url: '/api/v1/property/all?page=0',
  status: 200,
  content_length: '917',
  response_time: 102.815,
  level: 'http',
  message: 'incoming-request',
  timestamp: '2024-06-16 04:35:08.135 PM'
}
{
  method: 'GET',
  url: '/api/v1/property/666720f01ed8af0105a0d444',
  status: 304,
  response_time: 51.21,
  level: 'http',
  message: 'incoming-request',
  timestamp: '2024-06-16 04:35:14.078 PM'
}
{
  method: 'GET',
  url: '/api/v1/property/all?page=0',
  status: 304,
  response_time: 103.941,
  level: 'http',
  message: 'incoming-request',
  timestamp: '2024-06-16 04:35:14.130 PM'
}
{
  method: 'GET',
  url: '/api/v1/property/666720f01ed8af0105a0d444',
  status: 200,
  content_length: '457',
  response_time: 51.886,
  level: 'http',
  message: 'incoming-request',
  timestamp: '2024-06-16 04:35:14.240 PM'
}
{
  method: 'GET',
  url: '/api/v1/property/all?page=0',
  status: 200,
  content_length: '917',
  response_time: 110.773,
  level: 'http',
  message: 'incoming-request',
  timestamp: '2024-06-16 04:35:14.298 PM'
}
{
  method: 'GET',
  url: '/api/v1/property/666720f01ed8af0105a0d444',
  status: 200,
  content_length: '457',
  response_time: 51.4,
  level: 'http',
  message: 'incoming-request',
  timestamp: '2024-06-16 04:35:25.126 PM'
}
{
  method: 'GET',
  url: '/api/v1/property/all?page=0',
  status: 200,
  content_length: '917',
  response_time: 102.273,
  level: 'http',
  message: 'incoming-request',
  timestamp: '2024-06-16 04:35:25.176 PM'
}
{
  method: 'GET',
  url: '/api/v1/property/666720f01ed8af0105a0d444',
  status: 200,
  content_length: '457',
  response_time: 63.112,
  level: 'http',
  message: 'incoming-request',
  timestamp: '2024-06-16 04:35:25.391 PM'
}
{
  method: 'GET',
  url: '/api/v1/property/all?page=0',
  status: 200,
  content_length: '917',
  response_time: 108.151,
  level: 'http',
  message: 'incoming-request',
  timestamp: '2024-06-16 04:35:25.435 PM'
}
{
  method: 'GET',
  url: '/api/v1/property/666720f01ed8af0105a0d444',
  status: 304,
  response_time: 52.18,
  level: 'http',
  message: 'incoming-request',
  timestamp: '2024-06-16 04:35:35.038 PM'
}
{
  method: 'GET',
  url: '/api/v1/property/all?page=0',
  status: 304,
  response_time: 102.37,
  level: 'http',
  message: 'incoming-request',
  timestamp: '2024-06-16 04:35:35.087 PM'
}
{
  method: 'GET',
  url: '/api/v1/property/666720f01ed8af0105a0d444',
  status: 200,
  content_length: '457',
  response_time: 50.244,
  level: 'http',
  message: 'incoming-request',
  timestamp: '2024-06-16 04:35:35.101 PM'
}
{
  method: 'GET',
  url: '/api/v1/property/all?page=0',
  status: 200,
  content_length: '917',
  response_time: 103.618,
  level: 'http',
  message: 'incoming-request',
  timestamp: '2024-06-16 04:35:35.153 PM'
}
{
  method: 'GET',
  url: '/api/v1/property/666720f01ed8af0105a0d444',
  status: 304,
  response_time: 49.192,
  level: 'http',
  message: 'incoming-request',
  timestamp: '2024-06-16 04:35:42.939 PM'
}
{
  method: 'GET',
  url: '/api/v1/property/all?page=0',
  status: 304,
  response_time: 102.316,
  level: 'http',
  message: 'incoming-request',
  timestamp: '2024-06-16 04:35:42.991 PM'
}
{
  method: 'GET',
  url: '/api/v1/property/666720f01ed8af0105a0d444',
  status: 200,
  content_length: '457',
  response_time: 49.713,
  level: 'http',
  message: 'incoming-request',
  timestamp: '2024-06-16 04:35:43.086 PM'
}
{
  method: 'GET',
  url: '/api/v1/property/all?page=0',
  status: 200,
  content_length: '917',
  response_time: 105.904,
  level: 'http',
  message: 'incoming-request',
  timestamp: '2024-06-16 04:35:43.141 PM'
}
{
  method: 'GET',
  url: '/api/v1/property/666720f01ed8af0105a0d444',
  status: 200,
  content_length: '457',
  response_time: 49.268,
  level: 'http',
  message: 'incoming-request',
  timestamp: '2024-06-16 04:35:53.340 PM'
}
{
  method: 'GET',
  url: '/api/v1/property/all?page=0',
  status: 200,
  content_length: '917',
  response_time: 102.769,
  level: 'http',
  message: 'incoming-request',
  timestamp: '2024-06-16 04:35:53.392 PM'
}
{
  method: 'GET',
  url: '/api/v1/property/666720f01ed8af0105a0d444',
  status: 200,
  content_length: '457',
  response_time: 49.274,
  level: 'http',
  message: 'incoming-request',
  timestamp: '2024-06-16 04:35:53.464 PM'
}
{
  method: 'GET',
  url: '/api/v1/property/all?page=0',
  status: 200,
  content_length: '917',
  response_time: 117.17,
  level: 'http',
  message: 'incoming-request',
  timestamp: '2024-06-16 04:35:53.530 PM'
}
{
  method: 'GET',
  url: '/api/v1/property/666720f01ed8af0105a0d444',
  status: 200,
  content_length: '457',
  response_time: 49.157,
  level: 'http',
  message: 'incoming-request',
  timestamp: '2024-06-16 04:36:15.132 PM'
}
{
  method: 'GET',
  url: '/api/v1/property/all?page=0',
  status: 200,
  content_length: '917',
  response_time: 102.531,
  level: 'http',
  message: 'incoming-request',
  timestamp: '2024-06-16 04:36:15.185 PM'
}
{
  method: 'GET',
  url: '/api/v1/property/666720f01ed8af0105a0d444',
  status: 200,
  content_length: '457',
  response_time: 50.855,
  level: 'http',
  message: 'incoming-request',
  timestamp: '2024-06-16 04:36:15.390 PM'
}
{
  method: 'GET',
  url: '/api/v1/property/all?page=0',
  status: 200,
  content_length: '917',
  response_time: 104.121,
  level: 'http',
  message: 'incoming-request',
  timestamp: '2024-06-16 04:36:15.442 PM'
}
{
  method: 'GET',
  url: '/api/v1/property/666720f01ed8af0105a0d444',
  status: 200,
  content_length: '457',
  response_time: 49.199,
  level: 'http',
  message: 'incoming-request',
  timestamp: '2024-06-16 04:36:21.914 PM'
}
{
  method: 'GET',
  url: '/api/v1/property/all?page=0',
  status: 200,
  content_length: '917',
  response_time: 102.143,
  level: 'http',
  message: 'incoming-request',
  timestamp: '2024-06-16 04:36:21.966 PM'
}
{
  method: 'GET',
  url: '/api/v1/property/666720f01ed8af0105a0d444',
  status: 200,
  content_length: '457',
  response_time: 49.089,
  level: 'http',
  message: 'incoming-request',
  timestamp: '2024-06-16 04:36:22.041 PM'
}
{
  method: 'GET',
  url: '/api/v1/property/all?page=0',
  status: 200,
  content_length: '917',
  response_time: 102.789,
  level: 'http',
  message: 'incoming-request',
  timestamp: '2024-06-16 04:36:22.094 PM'
}
{
  method: 'GET',
  url: '/api/v1/property/666720f01ed8af0105a0d444',
  status: 304,
  response_time: 49.338,
  level: 'http',
  message: 'incoming-request',
  timestamp: '2024-06-16 04:36:31.072 PM'
}
{
  method: 'GET',
  url: '/api/v1/property/all?page=0',
  status: 304,
  response_time: 103.114,
  level: 'http',
  message: 'incoming-request',
  timestamp: '2024-06-16 04:36:31.125 PM'
}
{
  method: 'GET',
  url: '/api/v1/property/666720f01ed8af0105a0d444',
  status: 200,
  content_length: '457',
  response_time: 52.092,
  level: 'http',
  message: 'incoming-request',
  timestamp: '2024-06-16 04:36:31.242 PM'
}
{
  method: 'GET',
  url: '/api/v1/property/all?page=0',
  status: 200,
  content_length: '917',
  response_time: 111.052,
  level: 'http',
  message: 'incoming-request',
  timestamp: '2024-06-16 04:36:31.300 PM'
}
{
  method: 'GET',
  url: '/api/v1/property/666720f01ed8af0105a0d444',
  status: 200,
  content_length: '457',
  response_time: 49.319,
  level: 'http',
  message: 'incoming-request',
  timestamp: '2024-06-16 04:36:40.682 PM'
}
{
  method: 'GET',
  url: '/api/v1/property/666720f01ed8af0105a0d444',
  status: 200,
  content_length: '457',
  response_time: 51.468,
  level: 'http',
  message: 'incoming-request',
  timestamp: '2024-06-16 04:36:40.730 PM'
}
{
  method: 'GET',
  url: '/api/v1/property/all?page=0',
  status: 304,
  response_time: 104.104,
  level: 'http',
  message: 'incoming-request',
  timestamp: '2024-06-16 04:36:40.735 PM'
}
{
  method: 'GET',
  url: '/api/v1/property/all?page=0',
  status: 200,
  content_length: '917',
  response_time: 102.181,
  level: 'http',
  message: 'incoming-request',
  timestamp: '2024-06-16 04:36:40.780 PM'
}
{
  method: 'GET',
  url: '/api/v1/property/666720f01ed8af0105a0d444',
  status: 304,
  response_time: 53.764,
  level: 'http',
  message: 'incoming-request',
  timestamp: '2024-06-16 04:36:50.484 PM'
}
{
  method: 'GET',
  url: '/api/v1/property/all?page=0',
  status: 304,
  response_time: 113.066,
  level: 'http',
  message: 'incoming-request',
  timestamp: '2024-06-16 04:36:50.542 PM'
}
{
  method: 'GET',
  url: '/api/v1/property/666720f01ed8af0105a0d444',
  status: 200,
  content_length: '457',
  response_time: 51.616,
  level: 'http',
  message: 'incoming-request',
  timestamp: '2024-06-16 04:36:50.730 PM'
}
{
  method: 'GET',
  url: '/api/v1/property/all?page=0',
  status: 200,
  content_length: '917',
  response_time: 103.574,
  level: 'http',
  message: 'incoming-request',
  timestamp: '2024-06-16 04:36:50.781 PM'
}
{
  method: 'GET',
  url: '/api/v1/property/666720f01ed8af0105a0d444',
  status: 200,
  content_length: '457',
  response_time: 52.846,
  level: 'http',
  message: 'incoming-request',
  timestamp: '2024-06-16 04:36:53.792 PM'
}
{
  method: 'GET',
  url: '/api/v1/property/all?page=0',
  status: 200,
  content_length: '917',
  response_time: 109.888,
  level: 'http',
  message: 'incoming-request',
  timestamp: '2024-06-16 04:36:53.848 PM'
}
{
  method: 'GET',
  url: '/api/v1/property/666720f01ed8af0105a0d444',
  status: 200,
  content_length: '457',
  response_time: 52.271,
  level: 'http',
  message: 'incoming-request',
  timestamp: '2024-06-16 04:36:53.951 PM'
}
{
  method: 'GET',
  url: '/api/v1/property/all?page=0',
  status: 200,
  content_length: '917',
  response_time: 101.969,
  level: 'http',
  message: 'incoming-request',
  timestamp: '2024-06-16 04:36:54.000 PM'
}
{
  method: 'GET',
  url: '/api/v1/property/666720f01ed8af0105a0d444',
  status: 304,
  response_time: 51.129,
  level: 'http',
  message: 'incoming-request',
  timestamp: '2024-06-16 04:37:22.421 PM'
}
{
  method: 'GET',
  url: '/api/v1/property/all?page=0',
  status: 304,
  response_time: 108.368,
  level: 'http',
  message: 'incoming-request',
  timestamp: '2024-06-16 04:37:22.478 PM'
}
{
  method: 'GET',
  url: '/api/v1/property/666720f01ed8af0105a0d444',
  status: 200,
  content_length: '457',
  response_time: 51.853,
  level: 'http',
  message: 'incoming-request',
  timestamp: '2024-06-16 04:37:22.675 PM'
}
{
  method: 'GET',
  url: '/api/v1/property/all?page=0',
  status: 200,
  content_length: '917',
  response_time: 102.939,
  level: 'http',
  message: 'incoming-request',
  timestamp: '2024-06-16 04:37:22.726 PM'
}
{
  method: 'GET',
  url: '/api/v1/property/666720f01ed8af0105a0d444',
  status: 200,
  content_length: '457',
  response_time: 51.119,
  level: 'http',
  message: 'incoming-request',
  timestamp: '2024-06-16 04:37:26.615 PM'
}
{
  method: 'GET',
  url: '/api/v1/property/all?page=0',
  status: 304,
  response_time: 102.502,
  level: 'http',
  message: 'incoming-request',
  timestamp: '2024-06-16 04:37:26.665 PM'
}
{
  method: 'GET',
  url: '/api/v1/property/666720f01ed8af0105a0d444',
  status: 200,
  content_length: '457',
  response_time: 51.637,
  level: 'http',
  message: 'incoming-request',
  timestamp: '2024-06-16 04:37:26.792 PM'
}
{
  method: 'GET',
  url: '/api/v1/property/all?page=0',
  status: 200,
  content_length: '917',
  response_time: 102.347,
  level: 'http',
  message: 'incoming-request',
  timestamp: '2024-06-16 04:37:26.842 PM'
}
{
  method: 'GET',
  url: '/api/v1/property/666720f01ed8af0105a0d444',
  status: 200,
  content_length: '457',
  response_time: 51.138,
  level: 'http',
  message: 'incoming-request',
  timestamp: '2024-06-16 04:37:34.801 PM'
}
{
  method: 'GET',
  url: '/api/v1/property/all?page=0',
  status: 200,
  content_length: '917',
  response_time: 102.106,
  level: 'http',
  message: 'incoming-request',
  timestamp: '2024-06-16 04:37:34.851 PM'
}
{
  method: 'GET',
  url: '/api/v1/property/666720f01ed8af0105a0d444',
  status: 200,
  content_length: '457',
  response_time: 51.478,
  level: 'http',
  message: 'incoming-request',
  timestamp: '2024-06-16 04:37:34.977 PM'
}
{
  method: 'GET',
  url: '/api/v1/property/all?page=0',
  status: 200,
  content_length: '917',
  response_time: 110.094,
  level: 'http',
  message: 'incoming-request',
  timestamp: '2024-06-16 04:37:35.034 PM'
}
{
  method: 'GET',
  url: '/api/v1/property/666720f01ed8af0105a0d444',
  status: 304,
  response_time: 51.569,
  level: 'http',
  message: 'incoming-request',
  timestamp: '2024-06-16 04:37:43.227 PM'
}
{
  method: 'GET',
  url: '/api/v1/property/all?page=0',
  status: 304,
  response_time: 103.111,
  level: 'http',
  message: 'incoming-request',
  timestamp: '2024-06-16 04:37:43.278 PM'
}
{
  method: 'GET',
  url: '/api/v1/property/666720f01ed8af0105a0d444',
  status: 200,
  content_length: '457',
  response_time: 51.463,
  level: 'http',
  message: 'incoming-request',
  timestamp: '2024-06-16 04:37:43.482 PM'
}
{
  method: 'GET',
  url: '/api/v1/property/all?page=0',
  status: 200,
  content_length: '917',
  response_time: 102.518,
  level: 'http',
  message: 'incoming-request',
  timestamp: '2024-06-16 04:37:43.532 PM'
}
{
  method: 'GET',
  url: '/api/v1/property/666720f01ed8af0105a0d444',
  status: 200,
  content_length: '457',
  response_time: 51.223,
  level: 'http',
  message: 'incoming-request',
  timestamp: '2024-06-16 04:37:59.916 PM'
}
{
  method: 'GET',
  url: '/api/v1/property/all?page=0',
  status: 200,
  content_length: '917',
  response_time: 104.387,
  level: 'http',
  message: 'incoming-request',
  timestamp: '2024-06-16 04:37:59.968 PM'
}
{
  method: 'GET',
  url: '/api/v1/property/666720f01ed8af0105a0d444',
  status: 200,
  content_length: '457',
  response_time: 53.939,
  level: 'http',
  message: 'incoming-request',
  timestamp: '2024-06-16 04:38:00.115 PM'
}
{
  method: 'GET',
  url: '/api/v1/property/all?page=0',
  status: 200,
  content_length: '917',
  response_time: 101.871,
  level: 'http',
  message: 'incoming-request',
  timestamp: '2024-06-16 04:38:00.162 PM'
}
{
  method: 'GET',
  url: '/api/v1/property/666720f01ed8af0105a0d444',
  status: 304,
  response_time: 51.172,
  level: 'http',
  message: 'incoming-request',
  timestamp: '2024-06-16 04:38:21.996 PM'
}
{
  method: 'GET',
  url: '/api/v1/property/all?page=0',
  status: 304,
  response_time: 102.05,
  level: 'http',
  message: 'incoming-request',
  timestamp: '2024-06-16 04:38:22.046 PM'
}
{
  method: 'GET',
  url: '/api/v1/property/666720f01ed8af0105a0d444',
  status: 200,
  content_length: '457',
  response_time: 51.252,
  level: 'http',
  message: 'incoming-request',
  timestamp: '2024-06-16 04:38:22.163 PM'
}
{
  method: 'GET',
  url: '/api/v1/property/all?page=0',
  status: 200,
  content_length: '917',
  response_time: 105.733,
  level: 'http',
  message: 'incoming-request',
  timestamp: '2024-06-16 04:38:22.216 PM'
}
{
  method: 'GET',
  url: '/api/v1/property/666720f01ed8af0105a0d444',
  status: 200,
  content_length: '457',
  response_time: 50.877,
  level: 'http',
  message: 'incoming-request',
  timestamp: '2024-06-16 04:40:25.150 PM'
}
{
  method: 'GET',
  url: '/api/v1/property/all?page=0',
  status: 200,
  content_length: '917',
  response_time: 102.062,
  level: 'http',
  message: 'incoming-request',
  timestamp: '2024-06-16 04:40:25.200 PM'
}
{
  method: 'GET',
  url: '/api/v1/property/666720f01ed8af0105a0d444',
  status: 200,
  content_length: '457',
  response_time: 54.936,
  level: 'http',
  message: 'incoming-request',
  timestamp: '2024-06-16 04:40:25.393 PM'
}
{
  method: 'GET',
  url: '/api/v1/property/all?page=0',
  status: 200,
  content_length: '917',
  response_time: 102.388,
  level: 'http',
  message: 'incoming-request',
  timestamp: '2024-06-16 04:40:25.439 PM'
}
{
  method: 'GET',
  url: '/api/v1/property/666720f01ed8af0105a0d444',
  status: 200,
  content_length: '457',
  response_time: 56.239,
  level: 'http',
  message: 'incoming-request',
  timestamp: '2024-06-16 04:40:31.035 PM'
}
{
  method: 'GET',
  url: '/api/v1/property/all?page=0',
  status: 200,
  content_length: '917',
  response_time: 101.65,
  level: 'http',
  message: 'incoming-request',
  timestamp: '2024-06-16 04:40:31.079 PM'
}
{
  method: 'GET',
  url: '/api/v1/property/666720f01ed8af0105a0d444',
  status: 200,
  content_length: '457',
  response_time: 51.588,
  level: 'http',
  message: 'incoming-request',
  timestamp: '2024-06-16 04:40:31.309 PM'
}
{
  method: 'GET',
  url: '/api/v1/property/all?page=0',
  status: 200,
  content_length: '917',
  response_time: 102.623,
  level: 'http',
  message: 'incoming-request',
  timestamp: '2024-06-16 04:40:31.359 PM'
}
{
  method: 'GET',
  url: '/api/v1/property/666720f01ed8af0105a0d444',
  status: 304,
  response_time: 51.356,
  level: 'http',
  message: 'incoming-request',
  timestamp: '2024-06-16 04:40:43.246 PM'
}
{
  method: 'GET',
  url: '/api/v1/property/all?page=0',
  status: 304,
  response_time: 102.266,
  level: 'http',
  message: 'incoming-request',
  timestamp: '2024-06-16 04:40:43.296 PM'
}
{
  method: 'GET',
  url: '/api/v1/property/666720f01ed8af0105a0d444',
  status: 200,
  content_length: '457',
  response_time: 51.455,
  level: 'http',
  message: 'incoming-request',
  timestamp: '2024-06-16 04:40:43.432 PM'
}
{
  method: 'GET',
  url: '/api/v1/property/all?page=0',
  status: 200,
  content_length: '917',
  response_time: 112.015,
  level: 'http',
  message: 'incoming-request',
  timestamp: '2024-06-16 04:40:43.491 PM'
}
