{
  message: 'Server on 1997 running. NodeENV: development  ',
  level: 'info',
  timestamp: '2024-11-28 10:49:41.654 AM'
}
{
  method: 'GET',
  url: '/api/v1/property/666720f01ed8af0105a0d444',
  status: 200,
  content_length: '647',
  response_time: 65.163,
  level: 'http',
  message: 'incoming-request',
  timestamp: '2024-11-28 10:51:12.748 AM'
}
{
  method: 'GET',
  url: '/api/v1/property/?page=1',
  status: 200,
  content_length: '3460',
  response_time: 118.291,
  level: 'http',
  message: 'incoming-request',
  timestamp: '2024-11-28 10:51:12.807 AM'
}
{
  method: 'POST',
  url: '/api/v1/auth/login',
  status: 500,
  content_length: '296',
  response_time: 55.689,
  level: 'http',
  message: 'incoming-request',
  timestamp: '2024-11-28 10:51:27.758 AM'
}
{
  method: 'POST',
  url: '/api/v1/auth/login',
  status: 500,
  content_length: '296',
  response_time: 52.932,
  level: 'http',
  message: 'incoming-request',
  timestamp: '2024-11-28 10:51:28.998 AM'
}
{
  method: 'POST',
  url: '/api/v1/auth/login',
  status: 200,
  content_length: '469',
  response_time: 242.613,
  level: 'http',
  message: 'incoming-request',
  timestamp: '2024-11-28 10:51:37.481 AM'
}
{
  method: 'GET',
  url: '/api/v1/user/profile',
  status: 200,
  content_length: '713',
  response_time: 107.043,
  level: 'http',
  message: 'incoming-request',
  timestamp: '2024-11-28 10:51:37.642 AM'
}
{
  method: 'GET',
  url: '/api/v1/property/?page=1',
  status: 200,
  content_length: '3460',
  response_time: 109.56,
  level: 'http',
  message: 'incoming-request',
  timestamp: '2024-11-28 10:51:44.376 AM'
}
{
  method: 'GET',
  url: '/api/v1/user/profile',
  status: 304,
  response_time: 105.7,
  level: 'http',
  message: 'incoming-request',
  timestamp: '2024-11-28 10:51:47.827 AM'
}
{
  method: 'GET',
  url: '/api/v1/property/?page=1',
  status: 200,
  content_length: '3460',
  response_time: 157.023,
  level: 'http',
  message: 'incoming-request',
  timestamp: '2024-11-28 10:51:48.467 AM'
}
{
  method: 'GET',
  url: '/api/v1/property/66698737b4ca40d2e7bfb178',
  status: 200,
  content_length: '578',
  response_time: 52.772,
  level: 'http',
  message: 'incoming-request',
  timestamp: '2024-11-28 10:51:53.493 AM'
}
{
  method: 'GET',
  url: '/api/v1/property/?page=1',
  status: 200,
  content_length: '3460',
  response_time: 107.594,
  level: 'http',
  message: 'incoming-request',
  timestamp: '2024-11-28 10:51:53.549 AM'
}
{
  message: 'Server on 1997 running. NodeENV: development  ',
  level: 'info',
  timestamp: '2024-11-28 10:58:18.543 AM'
}
{
  method: 'GET',
  url: '/api/v1/property/?page=1',
  status: 200,
  content_length: '3460',
  response_time: 130.518,
  level: 'http',
  message: 'incoming-request',
  timestamp: '2024-11-28 10:58:20.541 AM'
}
{
  method: 'GET',
  url: '/api/v1/property/?page=1',
  status: 200,
  content_length: '3460',
  response_time: 116.088,
  level: 'http',
  message: 'incoming-request',
  timestamp: '2024-11-28 10:58:26.266 AM'
}
{
  method: 'GET',
  url: '/api/v1/property/?page=1',
  status: 200,
  content_length: '3460',
  response_time: 116.039,
  level: 'http',
  message: 'incoming-request',
  timestamp: '2024-11-28 10:58:30.514 AM'
}
{
  method: 'GET',
  url: '/api/v1/property/667d32bae9317340ae958b34',
  status: 200,
  content_length: '569',
  response_time: 74.24,
  level: 'http',
  message: 'incoming-request',
  timestamp: '2024-11-28 10:59:59.941 AM'
}
{
  method: 'PATCH',
  url: '/api/v1/property/667d32bae9317340ae958b34',
  status: 200,
  content_length: '714',
  response_time: 150.676,
  level: 'http',
  message: 'incoming-request',
  timestamp: '2024-11-28 11:00:08.809 AM'
}
{
  method: 'GET',
  url: '/api/v1/property/667d32bae9317340ae958b34',
  status: 200,
  content_length: '644',
  response_time: 65.531,
  level: 'http',
  message: 'incoming-request',
  timestamp: '2024-11-28 11:00:08.883 AM'
}
{
  method: 'GET',
  url: '/api/v1/property/?page=1',
  status: 200,
  content_length: '3535',
  response_time: 113.529,
  level: 'http',
  message: 'incoming-request',
  timestamp: '2024-11-28 11:00:49.698 AM'
}
{
  method: 'GET',
  url: '/api/v1/property/667d32bae9317340ae958b34',
  status: 304,
  response_time: 42.793,
  level: 'http',
  message: 'incoming-request',
  timestamp: '2024-11-28 11:01:26.569 AM'
}
{
  method: 'GET',
  url: '/api/v1/property/667d32bae9317340ae958b34',
  status: 304,
  response_time: 42.431,
  level: 'http',
  message: 'incoming-request',
  timestamp: '2024-11-28 11:01:33.430 AM'
}
{
  method: 'GET',
  url: '/api/v1/property/?page=1',
  status: 200,
  content_length: '3535',
  response_time: 216.799,
  level: 'http',
  message: 'incoming-request',
  timestamp: '2024-11-28 11:01:33.607 AM'
}
{
  method: 'GET',
  url: '/api/v1/property/667d32bae9317340ae958b34',
  status: 304,
  response_time: 75.366,
  level: 'http',
  message: 'incoming-request',
  timestamp: '2024-11-28 11:01:33.780 AM'
}
{
  method: 'GET',
  url: '/api/v1/property/667d32bae9317340ae958b34',
  status: 304,
  response_time: 41.211,
  level: 'http',
  message: 'incoming-request',
  timestamp: '2024-11-28 11:01:36.443 AM'
}
{
  method: 'GET',
  url: '/api/v1/property/?page=1',
  status: 200,
  content_length: '3535',
  response_time: 179.754,
  level: 'http',
  message: 'incoming-request',
  timestamp: '2024-11-28 11:01:36.582 AM'
}
{
  method: 'GET',
  url: '/api/v1/property/667d32bae9317340ae958b34',
  status: 304,
  response_time: 82.594,
  level: 'http',
  message: 'incoming-request',
  timestamp: '2024-11-28 11:01:43.420 AM'
}
{
  method: 'GET',
  url: '/api/v1/property/667d32bae9317340ae958b34',
  status: 304,
  response_time: 41.106,
  level: 'http',
  message: 'incoming-request',
  timestamp: '2024-11-28 11:01:50.033 AM'
}
{
  method: 'GET',
  url: '/api/v1/property/?page=1',
  status: 200,
  content_length: '3535',
  response_time: 135.399,
  level: 'http',
  message: 'incoming-request',
  timestamp: '2024-11-28 11:01:50.129 AM'
}
{
  method: 'GET',
  url: '/api/v1/property/667d32bae9317340ae958b34',
  status: 304,
  response_time: 108.811,
  level: 'http',
  message: 'incoming-request',
  timestamp: '2024-11-28 11:01:50.609 AM'
}
{
  method: 'GET',
  url: '/api/v1/property/667d32bae9317340ae958b34',
  status: 304,
  response_time: 96.928,
  level: 'http',
  message: 'incoming-request',
  timestamp: '2024-11-28 11:01:51.949 AM'
}
{
  method: 'GET',
  url: '/api/v1/property/?page=1',
  status: 200,
  content_length: '3535',
  response_time: 174.246,
  level: 'http',
  message: 'incoming-request',
  timestamp: '2024-11-28 11:01:52.028 AM'
}
{
  method: 'GET',
  url: '/api/v1/property/667d32bae9317340ae958b34',
  status: 304,
  response_time: 41.99,
  level: 'http',
  message: 'incoming-request',
  timestamp: '2024-11-28 11:01:52.251 AM'
}
{
  method: 'GET',
  url: '/api/v1/property/667d32bae9317340ae958b34',
  status: 304,
  response_time: 107.488,
  level: 'http',
  message: 'incoming-request',
  timestamp: '2024-11-28 11:02:12.089 AM'
}
{
  method: 'GET',
  url: '/api/v1/property/?page=1',
  status: 200,
  content_length: '3535',
  response_time: 180.44,
  level: 'http',
  message: 'incoming-request',
  timestamp: '2024-11-28 11:02:12.163 AM'
}
{
  method: 'GET',
  url: '/api/v1/property/667d32bae9317340ae958b34',
  status: 304,
  response_time: 48.505,
  level: 'http',
  message: 'incoming-request',
  timestamp: '2024-11-28 11:05:05.869 AM'
}
{
  method: 'GET',
  url: '/api/v1/property/667d32bae9317340ae958b34',
  status: 304,
  response_time: 105.529,
  level: 'http',
  message: 'incoming-request',
  timestamp: '2024-11-28 11:05:05.976 AM'
}
{
  method: 'GET',
  url: '/api/v1/property/?page=1',
  status: 200,
  content_length: '3535',
  response_time: 207.774,
  level: 'http',
  message: 'incoming-request',
  timestamp: '2024-11-28 11:05:06.029 AM'
}
{
  method: 'GET',
  url: '/api/v1/property/667d32bae9317340ae958b34',
  status: 304,
  response_time: 102.874,
  level: 'http',
  message: 'incoming-request',
  timestamp: '2024-11-28 11:05:09.720 AM'
}
{
  method: 'GET',
  url: '/api/v1/property/667d32bae9317340ae958b34',
  status: 304,
  response_time: 42.364,
  level: 'http',
  message: 'incoming-request',
  timestamp: '2024-11-28 11:05:12.200 AM'
}
{
  method: 'GET',
  url: '/api/v1/property/?page=1',
  status: 200,
  content_length: '3535',
  response_time: 188.928,
  level: 'http',
  message: 'incoming-request',
  timestamp: '2024-11-28 11:05:12.348 AM'
}
{
  method: 'GET',
  url: '/api/v1/property/667d32bae9317340ae958b34',
  status: 304,
  response_time: 363.519,
  level: 'http',
  message: 'incoming-request',
  timestamp: '2024-11-28 11:10:09.225 AM'
}
{
  method: 'GET',
  url: '/api/v1/property/667d32bae9317340ae958b34',
  status: 304,
  response_time: 54.934,
  level: 'http',
  message: 'incoming-request',
  timestamp: '2024-11-28 11:10:09.281 AM'
}
{
  method: 'GET',
  url: '/api/v1/property/?page=1',
  status: 200,
  content_length: '3535',
  response_time: 415.972,
  level: 'http',
  message: 'incoming-request',
  timestamp: '2024-11-28 11:10:09.294 AM'
}
{
  method: 'GET',
  url: '/api/v1/property/667d32bae9317340ae958b34',
  status: 304,
  response_time: 54.897,
  level: 'http',
  message: 'incoming-request',
  timestamp: '2024-11-28 11:10:15.724 AM'
}
{
  method: 'GET',
  url: '/api/v1/property/667d32bae9317340ae958b34',
  status: 304,
  response_time: 54.535,
  level: 'http',
  message: 'incoming-request',
  timestamp: '2024-11-28 11:10:15.821 AM'
}
{
  method: 'GET',
  url: '/api/v1/property/?page=1',
  status: 200,
  content_length: '3535',
  response_time: 110.87,
  level: 'http',
  message: 'incoming-request',
  timestamp: '2024-11-28 11:10:15.881 AM'
}
{
  method: 'GET',
  url: '/api/v1/property/667d32bae9317340ae958b34',
  status: 304,
  response_time: 54.897,
  level: 'http',
  message: 'incoming-request',
  timestamp: '2024-11-28 11:10:17.840 AM'
}
{
  method: 'GET',
  url: '/api/v1/property/667d32bae9317340ae958b34',
  status: 304,
  response_time: 54.845,
  level: 'http',
  message: 'incoming-request',
  timestamp: '2024-11-28 11:10:18.007 AM'
}
{
  method: 'GET',
  url: '/api/v1/property/?page=1',
  status: 200,
  content_length: '3535',
  response_time: 111.433,
  level: 'http',
  message: 'incoming-request',
  timestamp: '2024-11-28 11:10:18.064 AM'
}
{
  method: 'GET',
  url: '/api/v1/property/667d32bae9317340ae958b34',
  status: 304,
  response_time: 54.686,
  level: 'http',
  message: 'incoming-request',
  timestamp: '2024-11-28 11:10:20.457 AM'
}
{
  method: 'GET',
  url: '/api/v1/property/667d32bae9317340ae958b34',
  status: 304,
  response_time: 54.675,
  level: 'http',
  message: 'incoming-request',
  timestamp: '2024-11-28 11:10:20.539 AM'
}
{
  method: 'GET',
  url: '/api/v1/property/?page=1',
  status: 200,
  content_length: '3535',
  response_time: 111.478,
  level: 'http',
  message: 'incoming-request',
  timestamp: '2024-11-28 11:10:20.597 AM'
}
{
  method: 'GET',
  url: '/api/v1/property/667d32bae9317340ae958b34',
  status: 304,
  response_time: 55.41,
  level: 'http',
  message: 'incoming-request',
  timestamp: '2024-11-28 11:10:22.414 AM'
}
{
  method: 'GET',
  url: '/api/v1/property/667d32bae9317340ae958b34',
  status: 304,
  response_time: 55.988,
  level: 'http',
  message: 'incoming-request',
  timestamp: '2024-11-28 11:10:22.596 AM'
}
{
  method: 'GET',
  url: '/api/v1/property/?page=1',
  status: 200,
  content_length: '3535',
  response_time: 109.286,
  level: 'http',
  message: 'incoming-request',
  timestamp: '2024-11-28 11:10:22.654 AM'
}
{
  method: 'GET',
  url: '/api/v1/property/667d32bae9317340ae958b34',
  status: 304,
  response_time: 56.203,
  level: 'http',
  message: 'incoming-request',
  timestamp: '2024-11-28 11:11:32.262 AM'
}
{
  method: 'GET',
  url: '/api/v1/property/?page=1',
  status: 200,
  content_length: '3535',
  response_time: 111.173,
  level: 'http',
  message: 'incoming-request',
  timestamp: '2024-11-28 11:11:32.318 AM'
}
{
  method: 'GET',
  url: '/api/v1/property/667d32bae9317340ae958b34',
  status: 304,
  response_time: 57.299,
  level: 'http',
  message: 'incoming-request',
  timestamp: '2024-11-28 11:11:32.321 AM'
}
{
  method: 'GET',
  url: '/api/v1/property/667d32bae9317340ae958b34',
  status: 304,
  response_time: 56.651,
  level: 'http',
  message: 'incoming-request',
  timestamp: '2024-11-28 11:11:50.401 AM'
}
{
  method: 'GET',
  url: '/api/v1/property/?page=1',
  status: 200,
  content_length: '3535',
  response_time: 110.858,
  level: 'http',
  message: 'incoming-request',
  timestamp: '2024-11-28 11:11:50.457 AM'
}
{
  method: 'GET',
  url: '/api/v1/property/667d32bae9317340ae958b34',
  status: 304,
  response_time: 58.133,
  level: 'http',
  message: 'incoming-request',
  timestamp: '2024-11-28 11:19:29.566 AM'
}
{
  method: 'GET',
  url: '/api/v1/property/?page=1',
  status: 200,
  content_length: '3535',
  response_time: 133.473,
  level: 'http',
  message: 'incoming-request',
  timestamp: '2024-11-28 11:19:29.644 AM'
}
{
  method: 'GET',
  url: '/api/v1/property/667d32bae9317340ae958b34',
  status: 304,
  response_time: 54.753,
  level: 'http',
  message: 'incoming-request',
  timestamp: '2024-11-28 11:19:39.217 AM'
}
{
  method: 'GET',
  url: '/api/v1/property/?page=1',
  status: 200,
  content_length: '3535',
  response_time: 109.624,
  level: 'http',
  message: 'incoming-request',
  timestamp: '2024-11-28 11:19:39.277 AM'
}
{
  method: 'GET',
  url: '/api/v1/property/667d32bae9317340ae958b34',
  status: 304,
  response_time: 59.018,
  level: 'http',
  message: 'incoming-request',
  timestamp: '2024-11-28 11:19:57.011 AM'
}
{
  method: 'GET',
  url: '/api/v1/property/?page=1',
  status: 200,
  content_length: '3535',
  response_time: 111.413,
  level: 'http',
  message: 'incoming-request',
  timestamp: '2024-11-28 11:19:57.065 AM'
}
{
  method: 'GET',
  url: '/api/v1/property/667d32bae9317340ae958b34',
  status: 304,
  response_time: 54.315,
  level: 'http',
  message: 'incoming-request',
  timestamp: '2024-11-28 11:20:05.125 AM'
}
{
  method: 'GET',
  url: '/api/v1/property/?page=1',
  status: 200,
  content_length: '3535',
  response_time: 109.525,
  level: 'http',
  message: 'incoming-request',
  timestamp: '2024-11-28 11:20:05.185 AM'
}
{
  method: 'GET',
  url: '/api/v1/property/666720f01ed8af0105a0d444',
  status: 304,
  response_time: 55.388,
  level: 'http',
  message: 'incoming-request',
  timestamp: '2024-11-28 11:20:13.454 AM'
}
{
  method: 'GET',
  url: '/api/v1/property/?page=1',
  status: 200,
  content_length: '3535',
  response_time: 112.971,
  level: 'http',
  message: 'incoming-request',
  timestamp: '2024-11-28 11:20:13.514 AM'
}
{
  method: 'GET',
  url: '/api/v1/user/profile',
  status: 304,
  response_time: 110.659,
  level: 'http',
  message: 'incoming-request',
  timestamp: '2024-11-28 11:20:24.053 AM'
}
{
  method: 'GET',
  url: '/api/v1/user/profile',
  status: 304,
  response_time: 109.076,
  level: 'http',
  message: 'incoming-request',
  timestamp: '2024-11-28 11:21:18.150 AM'
}
{
  method: 'GET',
  url: '/api/v1/user/profile',
  status: 304,
  response_time: 109.098,
  level: 'http',
  message: 'incoming-request',
  timestamp: '2024-11-28 11:21:28.941 AM'
}
{
  method: 'GET',
  url: '/api/v1/user/profile',
  status: 304,
  response_time: 109.09,
  level: 'http',
  message: 'incoming-request',
  timestamp: '2024-11-28 11:21:31.458 AM'
}
{
  method: 'GET',
  url: '/api/v1/user/profile',
  status: 0,
  response_time: '0',
  level: 'http',
  message: 'incoming-request',
  timestamp: '2024-11-28 11:21:35.709 AM'
}
{
  method: 'GET',
  url: '/api/v1/user/profile',
  status: 200,
  content_length: '713',
  response_time: 108.91,
  level: 'http',
  message: 'incoming-request',
  timestamp: '2024-11-28 11:21:36.758 AM'
}
{
  method: 'GET',
  url: '/api/v1/user/profile',
  status: 304,
  response_time: 110.369,
  level: 'http',
  message: 'incoming-request',
  timestamp: '2024-11-28 11:22:52.866 AM'
}
{
  method: 'GET',
  url: '/api/v1/user/profile',
  status: 304,
  response_time: 109.965,
  level: 'http',
  message: 'incoming-request',
  timestamp: '2024-11-28 11:23:06.654 AM'
}
{
  method: 'GET',
  url: '/api/v1/user/profile',
  status: 304,
  response_time: 109.481,
  level: 'http',
  message: 'incoming-request',
  timestamp: '2024-11-28 11:24:10.365 AM'
}
{
  method: 'GET',
  url: '/api/v1/user/profile',
  status: 304,
  response_time: 109.342,
  level: 'http',
  message: 'incoming-request',
  timestamp: '2024-11-28 11:26:25.701 AM'
}
{
  message: 'Server on 1997 running. NodeENV: development  ',
  level: 'info',
  timestamp: '2024-11-28 11:26:56.135 AM'
}
{
  method: 'GET',
  url: '/api/v1/user/profile',
  status: 304,
  response_time: 118.521,
  level: 'http',
  message: 'incoming-request',
  timestamp: '2024-11-28 11:26:57.880 AM'
}
{
  method: 'GET',
  url: '/api/v1/property/666720f01ed8af0105a0d444',
  status: 304,
  response_time: 57.233,
  level: 'http',
  message: 'incoming-request',
  timestamp: '2024-11-28 11:27:38.466 AM'
}
{
  method: 'GET',
  url: '/api/v1/property/?page=1',
  status: 200,
  content_length: '3535',
  response_time: 111.77,
  level: 'http',
  message: 'incoming-request',
  timestamp: '2024-11-28 11:27:38.524 AM'
}
{
  method: 'GET',
  url: '/api/v1/user/profile',
  status: 304,
  response_time: 104.013,
  level: 'http',
  message: 'incoming-request',
  timestamp: '2024-11-28 11:27:39.696 AM'
}
{
  method: 'GET',
  url: '/api/v1/user/profile',
  status: 304,
  response_time: 103.723,
  level: 'http',
  message: 'incoming-request',
  timestamp: '2024-11-28 11:28:15.658 AM'
}
{
  method: 'GET',
  url: '/api/v1/property/666720f01ed8af0105a0d444',
  status: 304,
  response_time: 52.676,
  level: 'http',
  message: 'incoming-request',
  timestamp: '2024-11-28 11:29:36.361 AM'
}
{
  method: 'GET',
  url: '/api/v1/property/?page=1',
  status: 200,
  content_length: '3535',
  response_time: 111.961,
  level: 'http',
  message: 'incoming-request',
  timestamp: '2024-11-28 11:29:36.423 AM'
}
{
  method: 'GET',
  url: '/api/v1/user/profile',
  status: 304,
  response_time: 114.523,
  level: 'http',
  message: 'incoming-request',
  timestamp: '2024-11-28 11:29:41.149 AM'
}
{
  method: 'GET',
  url: '/api/v1/user/profile',
  status: 304,
  response_time: 109.196,
  level: 'http',
  message: 'incoming-request',
  timestamp: '2024-11-28 11:30:12.351 AM'
}
{
  method: 'GET',
  url: '/api/v1/user/profile',
  status: 304,
  response_time: 109.071,
  level: 'http',
  message: 'incoming-request',
  timestamp: '2024-11-28 11:30:19.471 AM'
}
{
  method: 'GET',
  url: '/api/v1/user/profile',
  status: 304,
  response_time: 107.855,
  level: 'http',
  message: 'incoming-request',
  timestamp: '2024-11-28 11:30:49.179 AM'
}
{
  method: 'GET',
  url: '/api/v1/user/profile',
  status: 304,
  response_time: 108.444,
  level: 'http',
  message: 'incoming-request',
  timestamp: '2024-11-28 11:30:50.825 AM'
}
{
  method: 'GET',
  url: '/api/v1/user/profile',
  status: 304,
  response_time: 109.291,
  level: 'http',
  message: 'incoming-request',
  timestamp: '2024-11-28 11:36:11.458 AM'
}
{
  method: 'GET',
  url: '/api/v1/user/profile',
  status: 304,
  response_time: 107.842,
  level: 'http',
  message: 'incoming-request',
  timestamp: '2024-11-28 11:36:25.963 AM'
}
{
  method: 'GET',
  url: '/api/v1/user/profile',
  status: 304,
  response_time: 107.879,
  level: 'http',
  message: 'incoming-request',
  timestamp: '2024-11-28 11:36:28.700 AM'
}
{
  method: 'PATCH',
  url: '/api/v1/user/profile',
  status: 200,
  content_length: '590',
  response_time: 245.539,
  level: 'http',
  message: 'incoming-request',
  timestamp: '2024-11-28 11:36:42.359 AM'
}
{
  method: 'GET',
  url: '/api/v1/user/profile',
  status: 200,
  content_length: '713',
  response_time: 107.462,
  level: 'http',
  message: 'incoming-request',
  timestamp: '2024-11-28 11:36:42.472 AM'
}
{
  method: 'PATCH',
  url: '/api/v1/user/profile',
  status: 200,
  content_length: '591',
  response_time: 225.191,
  level: 'http',
  message: 'incoming-request',
  timestamp: '2024-11-28 11:36:50.603 AM'
}
{
  method: 'GET',
  url: '/api/v1/user/profile',
  status: 200,
  content_length: '714',
  response_time: 111.111,
  level: 'http',
  message: 'incoming-request',
  timestamp: '2024-11-28 11:36:50.721 AM'
}
{
  method: 'GET',
  url: '/api/v1/property/?page=1',
  status: 200,
  content_length: '3535',
  response_time: 108.342,
  level: 'http',
  message: 'incoming-request',
  timestamp: '2024-11-28 11:38:36.619 AM'
}
{
  method: 'GET',
  url: '/api/v1/property/66698737b4ca40d2e7bfb178',
  status: 200,
  content_length: '578',
  response_time: 51.137,
  level: 'http',
  message: 'incoming-request',
  timestamp: '2024-11-28 11:38:38.432 AM'
}
{
  method: 'GET',
  url: '/api/v1/property/?page=1',
  status: 200,
  content_length: '3535',
  response_time: 108.935,
  level: 'http',
  message: 'incoming-request',
  timestamp: '2024-11-28 11:38:38.487 AM'
}
{
  method: 'GET',
  url: '/api/v1/property/66698737b4ca40d2e7bfb178',
  status: 200,
  content_length: '578',
  response_time: 54.168,
  level: 'http',
  message: 'incoming-request',
  timestamp: '2024-11-28 11:38:49.658 AM'
}
{
  method: 'GET',
  url: '/api/v1/property/?page=1',
  status: 200,
  content_length: '3535',
  response_time: 102.743,
  level: 'http',
  message: 'incoming-request',
  timestamp: '2024-11-28 11:38:49.708 AM'
}
{
  method: 'GET',
  url: '/api/v1/user/profile',
  status: 304,
  response_time: 106.694,
  level: 'http',
  message: 'incoming-request',
  timestamp: '2024-11-28 11:38:49.723 AM'
}
{
  method: 'GET',
  url: '/api/v1/property/66698737b4ca40d2e7bfb178',
  status: 200,
  content_length: '578',
  response_time: 51.452,
  level: 'http',
  message: 'incoming-request',
  timestamp: '2024-11-28 11:38:53.343 AM'
}
{
  method: 'GET',
  url: '/api/v1/user/profile',
  status: 304,
  response_time: 106.284,
  level: 'http',
  message: 'incoming-request',
  timestamp: '2024-11-28 11:38:53.373 AM'
}
{
  method: 'GET',
  url: '/api/v1/property/?page=1',
  status: 200,
  content_length: '3535',
  response_time: 107.949,
  level: 'http',
  message: 'incoming-request',
  timestamp: '2024-11-28 11:38:53.401 AM'
}
{
  method: 'GET',
  url: '/api/v1/property/66698737b4ca40d2e7bfb178',
  status: 200,
  content_length: '578',
  response_time: 53.7,
  level: 'http',
  message: 'incoming-request',
  timestamp: '2024-11-28 11:38:59.846 AM'
}
{
  method: 'GET',
  url: '/api/v1/property/?page=1',
  status: 200,
  content_length: '3535',
  response_time: 107.268,
  level: 'http',
  message: 'incoming-request',
  timestamp: '2024-11-28 11:38:59.901 AM'
}
{
  method: 'GET',
  url: '/api/v1/user/profile',
  status: 304,
  response_time: 107.969,
  level: 'http',
  message: 'incoming-request',
  timestamp: '2024-11-28 11:39:00.002 AM'
}
{
  method: 'GET',
  url: '/api/v1/property/66698737b4ca40d2e7bfb178',
  status: 200,
  content_length: '578',
  response_time: 53.588,
  level: 'http',
  message: 'incoming-request',
  timestamp: '2024-11-28 11:39:03.907 AM'
}
{
  method: 'GET',
  url: '/api/v1/property/?page=1',
  status: 200,
  content_length: '3535',
  response_time: 108.575,
  level: 'http',
  message: 'incoming-request',
  timestamp: '2024-11-28 11:39:03.963 AM'
}
{
  method: 'GET',
  url: '/api/v1/user/profile',
  status: 304,
  response_time: 106.667,
  level: 'http',
  message: 'incoming-request',
  timestamp: '2024-11-28 11:39:04.082 AM'
}
{
  method: 'GET',
  url: '/api/v1/property/66698737b4ca40d2e7bfb178',
  status: 200,
  content_length: '578',
  response_time: 53.325,
  level: 'http',
  message: 'incoming-request',
  timestamp: '2024-11-28 11:39:05.201 AM'
}
{
  method: 'GET',
  url: '/api/v1/property/?page=1',
  status: 200,
  content_length: '3535',
  response_time: 118.595,
  level: 'http',
  message: 'incoming-request',
  timestamp: '2024-11-28 11:39:05.267 AM'
}
{
  method: 'GET',
  url: '/api/v1/user/profile',
  status: 304,
  response_time: 101.76,
  level: 'http',
  message: 'incoming-request',
  timestamp: '2024-11-28 11:39:05.291 AM'
}
{
  method: 'GET',
  url: '/api/v1/property/66698737b4ca40d2e7bfb178',
  status: 200,
  content_length: '578',
  response_time: 50.699,
  level: 'http',
  message: 'incoming-request',
  timestamp: '2024-11-28 11:39:09.447 AM'
}
{
  method: 'GET',
  url: '/api/v1/property/?page=1',
  status: 200,
  content_length: '3535',
  response_time: 109.237,
  level: 'http',
  message: 'incoming-request',
  timestamp: '2024-11-28 11:39:09.507 AM'
}
{
  method: 'GET',
  url: '/api/v1/user/profile',
  status: 304,
  response_time: 106.719,
  level: 'http',
  message: 'incoming-request',
  timestamp: '2024-11-28 11:39:09.521 AM'
}
{
  method: 'GET',
  url: '/api/v1/property/66698737b4ca40d2e7bfb178',
  status: 200,
  content_length: '578',
  response_time: 53.191,
  level: 'http',
  message: 'incoming-request',
  timestamp: '2024-11-28 11:39:11.768 AM'
}
{
  method: 'GET',
  url: '/api/v1/property/?page=1',
  status: 200,
  content_length: '3535',
  response_time: 110.534,
  level: 'http',
  message: 'incoming-request',
  timestamp: '2024-11-28 11:39:11.829 AM'
}
{
  method: 'GET',
  url: '/api/v1/user/profile',
  status: 304,
  response_time: 102.514,
  level: 'http',
  message: 'incoming-request',
  timestamp: '2024-11-28 11:39:11.866 AM'
}
{
  method: 'GET',
  url: '/api/v1/property/66698737b4ca40d2e7bfb178',
  status: 200,
  content_length: '578',
  response_time: 51.614,
  level: 'http',
  message: 'incoming-request',
  timestamp: '2024-11-28 11:39:17.713 AM'
}
{
  method: 'GET',
  url: '/api/v1/property/?page=1',
  status: 200,
  content_length: '3535',
  response_time: 108.657,
  level: 'http',
  message: 'incoming-request',
  timestamp: '2024-11-28 11:39:17.772 AM'
}
{
  method: 'GET',
  url: '/api/v1/user/profile',
  status: 304,
  response_time: 108.667,
  level: 'http',
  message: 'incoming-request',
  timestamp: '2024-11-28 11:39:17.806 AM'
}
{
  method: 'GET',
  url: '/api/v1/property/?page=1',
  status: 200,
  content_length: '3535',
  response_time: 106.477,
  level: 'http',
  message: 'incoming-request',
  timestamp: '2024-11-28 11:39:26.789 AM'
}
{
  method: 'GET',
  url: '/api/v1/property/667d3343e9317340ae958b3c',
  status: 200,
  content_length: '596',
  response_time: 53.137,
  level: 'http',
  message: 'incoming-request',
  timestamp: '2024-11-28 11:39:28.600 AM'
}
{
  method: 'GET',
  url: '/api/v1/property/66698737b4ca40d2e7bfb178',
  status: 200,
  content_length: '578',
  response_time: 54.174,
  level: 'http',
  message: 'incoming-request',
  timestamp: '2024-11-28 11:41:55.672 AM'
}
{
  method: 'GET',
  url: '/api/v1/property/?page=1',
  status: 200,
  content_length: '3535',
  response_time: 110.157,
  level: 'http',
  message: 'incoming-request',
  timestamp: '2024-11-28 11:41:55.730 AM'
}
{
  method: 'GET',
  url: '/api/v1/property/66698737b4ca40d2e7bfb178',
  status: 200,
  content_length: '578',
  response_time: 54.333,
  level: 'http',
  message: 'incoming-request',
  timestamp: '2024-11-28 11:41:56.841 AM'
}
{
  method: 'GET',
  url: '/api/v1/property/?page=1',
  status: 200,
  content_length: '3535',
  response_time: 107.819,
  level: 'http',
  message: 'incoming-request',
  timestamp: '2024-11-28 11:41:56.897 AM'
}
{
  method: 'GET',
  url: '/api/v1/property/66698737b4ca40d2e7bfb178',
  status: 200,
  content_length: '578',
  response_time: 53.919,
  level: 'http',
  message: 'incoming-request',
  timestamp: '2024-11-28 11:41:58.431 AM'
}
{
  method: 'GET',
  url: '/api/v1/property/?page=1',
  status: 200,
  content_length: '3535',
  response_time: 108.77,
  level: 'http',
  message: 'incoming-request',
  timestamp: '2024-11-28 11:41:58.567 AM'
}
{
  method: 'GET',
  url: '/api/v1/property/66698737b4ca40d2e7bfb178',
  status: 200,
  content_length: '578',
  response_time: 53.391,
  level: 'http',
  message: 'incoming-request',
  timestamp: '2024-11-28 11:41:59.703 AM'
}
{
  method: 'GET',
  url: '/api/v1/property/?page=1',
  status: 200,
  content_length: '3535',
  response_time: 107.665,
  level: 'http',
  message: 'incoming-request',
  timestamp: '2024-11-28 11:41:59.759 AM'
}
{
  method: 'GET',
  url: '/api/v1/property/667d3343e9317340ae958b3c',
  status: 200,
  content_length: '596',
  response_time: 54.32,
  level: 'http',
  message: 'incoming-request',
  timestamp: '2024-11-28 11:42:01.626 AM'
}
{
  method: 'GET',
  url: '/api/v1/property/66698737b4ca40d2e7bfb178',
  status: 200,
  content_length: '578',
  response_time: 54.13,
  level: 'http',
  message: 'incoming-request',
  timestamp: '2024-11-28 11:42:53.765 AM'
}
{
  method: 'GET',
  url: '/api/v1/property/?page=1',
  status: 200,
  content_length: '3535',
  response_time: 108.262,
  level: 'http',
  message: 'incoming-request',
  timestamp: '2024-11-28 11:42:53.820 AM'
}
{
  method: 'GET',
  url: '/api/v1/property/667d3343e9317340ae958b3c',
  status: 200,
  content_length: '596',
  response_time: 53.262,
  level: 'http',
  message: 'incoming-request',
  timestamp: '2024-11-28 11:42:54.036 AM'
}
{
  method: 'GET',
  url: '/api/v1/property/66698737b4ca40d2e7bfb178',
  status: 200,
  content_length: '578',
  response_time: 53.869,
  level: 'http',
  message: 'incoming-request',
  timestamp: '2024-11-28 11:42:57.809 AM'
}
{
  method: 'GET',
  url: '/api/v1/property/?page=1',
  status: 200,
  content_length: '3535',
  response_time: 109.949,
  level: 'http',
  message: 'incoming-request',
  timestamp: '2024-11-28 11:42:57.866 AM'
}
{
  method: 'GET',
  url: '/api/v1/property/667d3343e9317340ae958b3c',
  status: 200,
  content_length: '596',
  response_time: 53.909,
  level: 'http',
  message: 'incoming-request',
  timestamp: '2024-11-28 11:42:58.236 AM'
}
{
  method: 'GET',
  url: '/api/v1/property/667d3343e9317340ae958b3c',
  status: 200,
  content_length: '596',
  response_time: 53.284,
  level: 'http',
  message: 'incoming-request',
  timestamp: '2024-11-28 11:43:02.161 AM'
}
{
  method: 'GET',
  url: '/api/v1/property/?page=1',
  status: 200,
  content_length: '3535',
  response_time: 106.229,
  level: 'http',
  message: 'incoming-request',
  timestamp: '2024-11-28 11:43:02.217 AM'
}
{
  method: 'PATCH',
  url: '/api/v1/property/667d3343e9317340ae958b3c',
  status: 200,
  content_length: '637',
  response_time: 174.511,
  level: 'http',
  message: 'incoming-request',
  timestamp: '2024-11-28 11:43:20.613 AM'
}
{
  method: 'GET',
  url: '/api/v1/property/667d3343e9317340ae958b3c',
  status: 200,
  content_length: '566',
  response_time: 52.947,
  level: 'http',
  message: 'incoming-request',
  timestamp: '2024-11-28 11:43:20.672 AM'
}
{
  method: 'GET',
  url: '/api/v1/property/667d3343e9317340ae958b3c',
  status: 304,
  response_time: 53.07,
  level: 'http',
  message: 'incoming-request',
  timestamp: '2024-11-28 11:43:22.936 AM'
}
{
  method: 'GET',
  url: '/api/v1/property/?page=1',
  status: 200,
  content_length: '3505',
  response_time: 107.355,
  level: 'http',
  message: 'incoming-request',
  timestamp: '2024-11-28 11:43:22.992 AM'
}
{
  method: 'GET',
  url: '/api/v1/property/666720f01ed8af0105a0d444',
  status: 304,
  response_time: 52.358,
  level: 'http',
  message: 'incoming-request',
  timestamp: '2024-11-28 11:47:17.070 AM'
}
{
  method: 'GET',
  url: '/api/v1/property/?page=1',
  status: 200,
  content_length: '3505',
  response_time: 109.864,
  level: 'http',
  message: 'incoming-request',
  timestamp: '2024-11-28 11:47:17.126 AM'
}
{
  method: 'GET',
  url: '/api/v1/auth/logout',
  status: 200,
  content_length: '79',
  response_time: 124.719,
  level: 'http',
  message: 'incoming-request',
  timestamp: '2024-11-28 11:47:17.133 AM'
}
{
  method: 'POST',
  url: '/api/v1/auth/login',
  status: 200,
  content_length: '470',
  response_time: 174.905,
  level: 'http',
  message: 'incoming-request',
  timestamp: '2024-11-28 11:47:23.875 AM'
}
{
  method: 'GET',
  url: '/api/v1/user/profile',
  status: 200,
  content_length: '714',
  response_time: 107.586,
  level: 'http',
  message: 'incoming-request',
  timestamp: '2024-11-28 11:47:24.014 AM'
}
{
  method: 'GET',
  url: '/api/v1/property/666720f01ed8af0105a0d444',
  status: 304,
  response_time: 53.373,
  level: 'http',
  message: 'incoming-request',
  timestamp: '2024-11-28 11:47:25.790 AM'
}
{
  method: 'GET',
  url: '/api/v1/property/?page=1',
  status: 200,
  content_length: '3505',
  response_time: 102.023,
  level: 'http',
  message: 'incoming-request',
  timestamp: '2024-11-28 11:47:25.840 AM'
}
{
  method: 'GET',
  url: '/api/v1/auth/logout',
  status: 304,
  response_time: 113.42,
  level: 'http',
  message: 'incoming-request',
  timestamp: '2024-11-28 11:47:25.844 AM'
}
{
  method: 'POST',
  url: '/api/v1/auth/reset_password_request',
  status: 200,
  content_length: '114',
  response_time: 312.466,
  level: 'http',
  message: 'incoming-request',
  timestamp: '2024-11-28 11:47:35.427 AM'
}
{
  method: 'POST',
  url: '/api/v1/auth/resend_email_token',
  status: 500,
  content_length: '356',
  response_time: 55.333,
  level: 'http',
  message: 'incoming-request',
  timestamp: '2024-11-28 11:47:56.485 AM'
}
{
  method: 'POST',
  url: '/api/v1/auth/resend_email_token',
  status: 500,
  content_length: '358',
  response_time: 53.769,
  level: 'http',
  message: 'incoming-request',
  timestamp: '2024-11-28 11:48:01.033 AM'
}
{
  method: 'POST',
  url: '/api/v1/auth/resend_email_token',
  status: 500,
  content_length: '356',
  response_time: 54.165,
  level: 'http',
  message: 'incoming-request',
  timestamp: '2024-11-28 11:50:53.957 AM'
}
{
  method: 'POST',
  url: '/api/v1/auth/reset_password_request',
  status: 200,
  content_length: '114',
  response_time: 345.777,
  level: 'http',
  message: 'incoming-request',
  timestamp: '2024-11-28 11:50:59.884 AM'
}
{
  method: 'GET',
  url: '/api/v1/property/666720f01ed8af0105a0d444',
  status: 304,
  response_time: 54.355,
  level: 'http',
  message: 'incoming-request',
  timestamp: '2024-11-28 11:50:59.973 AM'
}
{
  method: 'GET',
  url: '/api/v1/property/?page=1',
  status: 200,
  content_length: '3505',
  response_time: 102.931,
  level: 'http',
  message: 'incoming-request',
  timestamp: '2024-11-28 11:51:00.024 AM'
}
{
  method: 'POST',
  url: '/api/v1/auth/login',
  status: 200,
  content_length: '470',
  response_time: 172.627,
  level: 'http',
  message: 'incoming-request',
  timestamp: '2024-11-28 11:54:33.139 AM'
}
{
  method: 'GET',
  url: '/api/v1/user/profile',
  status: 200,
  content_length: '715',
  response_time: 101.608,
  level: 'http',
  message: 'incoming-request',
  timestamp: '2024-11-28 11:54:33.279 AM'
}
{
  method: 'GET',
  url: '/api/v1/property/?page=1',
  status: 200,
  content_length: '3505',
  response_time: 102.195,
  level: 'http',
  message: 'incoming-request',
  timestamp: '2024-11-28 11:54:39.302 AM'
}
{
  method: 'GET',
  url: '/api/v1/property/?page=1',
  status: 200,
  content_length: '3505',
  response_time: 102.392,
  level: 'http',
  message: 'incoming-request',
  timestamp: '2024-11-28 11:54:46.207 AM'
}
{
  method: 'GET',
  url: '/api/v1/property/?page=1',
  status: 200,
  content_length: '3505',
  response_time: 103.441,
  level: 'http',
  message: 'incoming-request',
  timestamp: '2024-11-28 11:59:24.115 AM'
}
{
  method: 'GET',
  url: '/api/v1/property/?page=1',
  status: 200,
  content_length: '3505',
  response_time: 104.203,
  level: 'http',
  message: 'incoming-request',
  timestamp: '2024-11-28 11:59:24.613 AM'
}
{
  method: 'GET',
  url: '/api/v1/property/?page=1',
  status: 200,
  content_length: '3505',
  response_time: 103.397,
  level: 'http',
  message: 'incoming-request',
  timestamp: '2024-11-28 11:59:27.188 AM'
}
{
  method: 'GET',
  url: '/api/v1/property/?page=1',
  status: 200,
  content_length: '3505',
  response_time: 103.151,
  level: 'http',
  message: 'incoming-request',
  timestamp: '2024-11-28 11:59:27.770 AM'
}
{
  method: 'GET',
  url: '/api/v1/property/?page=2',
  status: 200,
  content_length: '3087',
  response_time: 103.444,
  level: 'http',
  message: 'incoming-request',
  timestamp: '2024-11-28 12:00:29.804 PM'
}
{
  method: 'GET',
  url: '/api/v1/property/?page=3',
  status: 200,
  content_length: '3009',
  response_time: 101.96,
  level: 'http',
  message: 'incoming-request',
  timestamp: '2024-11-28 12:00:30.544 PM'
}
{
  message: 'Server on 1997 running. NodeENV: development  ',
  level: 'info',
  timestamp: '2024-11-28 12:02:56.626 PM'
}
{
  method: 'GET',
  url: '/api/v1/property/?page=3',
  status: 304,
  response_time: 186.482,
  level: 'http',
  message: 'incoming-request',
  timestamp: '2024-11-28 12:03:47.304 PM'
}
{
  method: 'GET',
  url: '/api/v1/property/?page=3',
  status: 304,
  response_time: 117.384,
  level: 'http',
  message: 'incoming-request',
  timestamp: '2024-11-28 12:03:51.261 PM'
}
{
  method: 'GET',
  url: '/api/v1/user/profile',
  status: 304,
  response_time: 98.321,
  level: 'http',
  message: 'incoming-request',
  timestamp: '2024-11-28 12:06:23.609 PM'
}
{
  method: 'GET',
  url: '/api/v1/property/?page=1',
  status: 200,
  content_length: '3505',
  response_time: 129.667,
  level: 'http',
  message: 'incoming-request',
  timestamp: '2024-11-28 12:06:29.643 PM'
}
{
  method: 'GET',
  url: '/api/v1/property/?page=2',
  status: 200,
  content_length: '3087',
  response_time: 115.251,
  level: 'http',
  message: 'incoming-request',
  timestamp: '2024-11-28 12:06:32.589 PM'
}
{
  method: 'GET',
  url: '/api/v1/property/?page=3',
  status: 304,
  response_time: 191.42,
  level: 'http',
  message: 'incoming-request',
  timestamp: '2024-11-28 12:06:33.382 PM'
}
{
  method: 'GET',
  url: '/api/v1/property/?page=4',
  status: 200,
  content_length: '3484',
  response_time: 190.106,
  level: 'http',
  message: 'incoming-request',
  timestamp: '2024-11-28 12:06:34.297 PM'
}
{
  method: 'GET',
  url: '/api/v1/property/?page=1',
  status: 200,
  content_length: '3505',
  response_time: 99.971,
  level: 'http',
  message: 'incoming-request',
  timestamp: '2024-11-28 12:06:59.858 PM'
}
{
  method: 'GET',
  url: '/api/v1/user/profile',
  status: 304,
  response_time: 87.786,
  level: 'http',
  message: 'incoming-request',
  timestamp: '2024-11-28 12:07:05.233 PM'
}
{
  method: 'GET',
  url: '/api/v1/property/666720f01ed8af0105a0d444',
  status: 304,
  response_time: 44.472,
  level: 'http',
  message: 'incoming-request',
  timestamp: '2024-11-28 12:07:05.808 PM'
}
{
  method: 'GET',
  url: '/api/v1/property/?page=1',
  status: 200,
  content_length: '3505',
  response_time: 159.201,
  level: 'http',
  message: 'incoming-request',
  timestamp: '2024-11-28 12:07:05.930 PM'
}
{
  method: 'GET',
  url: '/api/v1/property/?page=2',
  status: 200,
  content_length: '3087',
  response_time: 196.059,
  level: 'http',
  message: 'incoming-request',
  timestamp: '2024-11-28 12:07:12.155 PM'
}
{
  method: 'GET',
  url: '/api/v1/property/?page=4',
  status: 304,
  response_time: 134.111,
  level: 'http',
  message: 'incoming-request',
  timestamp: '2024-11-28 12:07:56.508 PM'
}
{
  method: 'GET',
  url: '/api/v1/property/?page=4',
  status: 304,
  response_time: 126.825,
  level: 'http',
  message: 'incoming-request',
  timestamp: '2024-11-28 12:09:05.767 PM'
}
{
  method: 'GET',
  url: '/api/v1/property/?page=3',
  status: 304,
  response_time: 131.361,
  level: 'http',
  message: 'incoming-request',
  timestamp: '2024-11-28 12:09:06.009 PM'
}
{
  method: 'GET',
  url: '/api/v1/property/?page=2',
  status: 200,
  content_length: '3087',
  response_time: 129.167,
  level: 'http',
  message: 'incoming-request',
  timestamp: '2024-11-28 12:09:06.155 PM'
}
{
  method: 'GET',
  url: '/api/v1/property/?page=4',
  status: 304,
  response_time: 114.542,
  level: 'http',
  message: 'incoming-request',
  timestamp: '2024-11-28 12:09:26.610 PM'
}
{
  method: 'GET',
  url: '/api/v1/property/?page=4',
  status: 304,
  response_time: 158.423,
  level: 'http',
  message: 'incoming-request',
  timestamp: '2024-11-28 12:09:49.035 PM'
}
{
  method: 'GET',
  url: '/api/v1/property/?page=3',
  status: 304,
  response_time: 169.549,
  level: 'http',
  message: 'incoming-request',
  timestamp: '2024-11-28 12:09:49.492 PM'
}
{
  method: 'GET',
  url: '/api/v1/property/?page=4',
  status: 304,
  response_time: 121.709,
  level: 'http',
  message: 'incoming-request',
  timestamp: '2024-11-28 12:09:49.725 PM'
}
{
  method: 'GET',
  url: '/api/v1/property/?page=4',
  status: 304,
  response_time: 178.929,
  level: 'http',
  message: 'incoming-request',
  timestamp: '2024-11-28 12:09:56.004 PM'
}
{
  method: 'GET',
  url: '/api/v1/property/?page=3',
  status: 304,
  response_time: 147.464,
  level: 'http',
  message: 'incoming-request',
  timestamp: '2024-11-28 12:09:56.177 PM'
}
{
  method: 'GET',
  url: '/api/v1/property/?page=4',
  status: 304,
  response_time: 138.516,
  level: 'http',
  message: 'incoming-request',
  timestamp: '2024-11-28 12:09:56.198 PM'
}
{
  method: 'GET',
  url: '/api/v1/property/?page=4',
  status: 304,
  response_time: 172.336,
  level: 'http',
  message: 'incoming-request',
  timestamp: '2024-11-28 12:10:15.188 PM'
}
{
  method: 'GET',
  url: '/api/v1/property/?page=4',
  status: 304,
  response_time: 114.46,
  level: 'http',
  message: 'incoming-request',
  timestamp: '2024-11-28 12:10:15.306 PM'
}
{
  method: 'GET',
  url: '/api/v1/property/?page=3',
  status: 304,
  response_time: 114.933,
  level: 'http',
  message: 'incoming-request',
  timestamp: '2024-11-28 12:10:15.334 PM'
}
{
  method: 'GET',
  url: '/api/v1/property/?page=4',
  status: 304,
  response_time: 176.986,
  level: 'http',
  message: 'incoming-request',
  timestamp: '2024-11-28 12:10:34.227 PM'
}
{
  method: 'GET',
  url: '/api/v1/property/?page=4',
  status: 304,
  response_time: 118.333,
  level: 'http',
  message: 'incoming-request',
  timestamp: '2024-11-28 12:10:34.711 PM'
}
{
  method: 'GET',
  url: '/api/v1/property/?page=3',
  status: 304,
  response_time: 146.394,
  level: 'http',
  message: 'incoming-request',
  timestamp: '2024-11-28 12:10:34.785 PM'
}
{
  method: 'GET',
  url: '/api/v1/property/?page=4',
  status: 304,
  response_time: 154.093,
  level: 'http',
  message: 'incoming-request',
  timestamp: '2024-11-28 12:11:01.991 PM'
}
{
  method: 'GET',
  url: '/api/v1/property/?page=3',
  status: 304,
  response_time: 139.275,
  level: 'http',
  message: 'incoming-request',
  timestamp: '2024-11-28 12:11:02.498 PM'
}
{
  method: 'GET',
  url: '/api/v1/property/?page=4',
  status: 304,
  response_time: 115.64,
  level: 'http',
  message: 'incoming-request',
  timestamp: '2024-11-28 12:11:02.525 PM'
}
{
  method: 'GET',
  url: '/api/v1/property/?page=4',
  status: 304,
  response_time: 118.891,
  level: 'http',
  message: 'incoming-request',
  timestamp: '2024-11-28 12:11:12.614 PM'
}
{
  method: 'GET',
  url: '/api/v1/property/?page=3',
  status: 304,
  response_time: 171.866,
  level: 'http',
  message: 'incoming-request',
  timestamp: '2024-11-28 12:11:12.982 PM'
}
{
  method: 'GET',
  url: '/api/v1/property/?page=4',
  status: 304,
  response_time: 166.163,
  level: 'http',
  message: 'incoming-request',
  timestamp: '2024-11-28 12:11:13.007 PM'
}
{
  method: 'GET',
  url: '/api/v1/property/?page=3',
  status: 304,
  response_time: 125.994,
  level: 'http',
  message: 'incoming-request',
  timestamp: '2024-11-28 12:11:55.427 PM'
}
{
  method: 'GET',
  url: '/api/v1/property/?page=4',
  status: 304,
  response_time: 124.779,
  level: 'http',
  message: 'incoming-request',
  timestamp: '2024-11-28 12:12:07.126 PM'
}
{
  method: 'GET',
  url: '/api/v1/property/?page=1',
  status: 200,
  content_length: '3505',
  response_time: 148.485,
  level: 'http',
  message: 'incoming-request',
  timestamp: '2024-11-28 12:12:08.011 PM'
}
{
  method: 'GET',
  url: '/api/v1/property/?page=2',
  status: 200,
  content_length: '3087',
  response_time: 113.304,
  level: 'http',
  message: 'incoming-request',
  timestamp: '2024-11-28 12:12:09.079 PM'
}
{
  method: 'GET',
  url: '/api/v1/property/?page=1',
  status: 200,
  content_length: '3505',
  response_time: 283.939,
  level: 'http',
  message: 'incoming-request',
  timestamp: '2024-11-28 12:12:36.355 PM'
}
{
  method: 'GET',
  url: '/api/v1/property/?page=2',
  status: 200,
  content_length: '3087',
  response_time: 116.168,
  level: 'http',
  message: 'incoming-request',
  timestamp: '2024-11-28 12:12:39.147 PM'
}
{
  method: 'GET',
  url: '/api/v1/property/?page=3',
  status: 304,
  response_time: 116.791,
  level: 'http',
  message: 'incoming-request',
  timestamp: '2024-11-28 12:12:40.108 PM'
}
{
  method: 'GET',
  url: '/api/v1/property/?page=1',
  status: 200,
  content_length: '3505',
  response_time: 113.171,
  level: 'http',
  message: 'incoming-request',
  timestamp: '2024-11-28 12:13:03.387 PM'
}
{
  method: 'GET',
  url: '/api/v1/property/?page=2',
  status: 200,
  content_length: '3087',
  response_time: 115.593,
  level: 'http',
  message: 'incoming-request',
  timestamp: '2024-11-28 12:13:08.757 PM'
}
{
  method: 'GET',
  url: '/api/v1/property/?page=2',
  status: 200,
  content_length: '3087',
  response_time: 134.14,
  level: 'http',
  message: 'incoming-request',
  timestamp: '2024-11-28 12:13:29.222 PM'
}
{
  method: 'GET',
  url: '/api/v1/property/?page=4',
  status: 304,
  response_time: 108.87,
  level: 'http',
  message: 'incoming-request',
  timestamp: '2024-11-28 12:13:29.354 PM'
}
{
  method: 'GET',
  url: '/api/v1/property/?page=3',
  status: 304,
  response_time: 121.221,
  level: 'http',
  message: 'incoming-request',
  timestamp: '2024-11-28 12:13:29.555 PM'
}
{
  method: 'GET',
  url: '/api/v1/property/?page=4',
  status: 304,
  response_time: 362.517,
  level: 'http',
  message: 'incoming-request',
  timestamp: '2024-11-28 12:13:32.607 PM'
}
{
  method: 'GET',
  url: '/api/v1/property/?page=3',
  status: 304,
  response_time: 122.612,
  level: 'http',
  message: 'incoming-request',
  timestamp: '2024-11-28 12:13:33.703 PM'
}
{
  method: 'GET',
  url: '/api/v1/user/profile',
  status: 304,
  response_time: 90.693,
  level: 'http',
  message: 'incoming-request',
  timestamp: '2024-11-28 12:13:35.648 PM'
}
{
  message: 'Server on 1997 running. NodeENV: development  ',
  level: 'info',
  timestamp: '2024-11-28 06:04:58.787 PM'
}
