{
  method: 'GET',
  url: '/api/v1/user/profile',
  status: 401,
  content_length: '12',
  response_time: 2.121,
  level: 'http',
  message: 'incoming-request',
  timestamp: '2024-07-31 04:53:15.772 PM'
}
{
  method: 'GET',
  url: '/api/v1/property/666720f01ed8af0105a0d444',
  status: 304,
  response_time: 94.413,
  level: 'http',
  message: 'incoming-request',
  timestamp: '2024-07-31 04:53:15.876 PM'
}
{
  method: 'GET',
  url: '/api/v1/property/?page=0',
  status: 304,
  response_time: 175.945,
  level: 'http',
  message: 'incoming-request',
  timestamp: '2024-07-31 04:53:15.953 PM'
}
{
  method: 'GET',
  url: '/api/v1/property/?page=1',
  status: 304,
  response_time: 181.593,
  level: 'http',
  message: 'incoming-request',
  timestamp: '2024-07-31 04:53:15.967 PM'
}
{
  method: 'GET',
  url: '/api/v1/property/666720f01ed8af0105a0d444',
  status: 304,
  response_time: 94.94,
  level: 'http',
  message: 'incoming-request',
  timestamp: '2024-07-31 05:20:50.096 PM'
}
{
  method: 'GET',
  url: '/api/v1/property/?page=0',
  status: 304,
  response_time: 125.304,
  level: 'http',
  message: 'incoming-request',
  timestamp: '2024-07-31 05:20:50.125 PM'
}
{
  method: 'GET',
  url: '/api/v1/property/?page=1',
  status: 304,
  response_time: 147.975,
  level: 'http',
  message: 'incoming-request',
  timestamp: '2024-07-31 05:20:50.151 PM'
}
{
  method: 'GET',
  url: '/api/v1/user/profile',
  status: 401,
  content_length: '12',
  response_time: 2.08,
  level: 'http',
  message: 'incoming-request',
  timestamp: '2024-07-31 05:24:04.758 PM'
}
{
  method: 'GET',
  url: '/api/v1/property/666720f01ed8af0105a0d444',
  status: 304,
  response_time: 145.227,
  level: 'http',
  message: 'incoming-request',
  timestamp: '2024-07-31 05:24:04.913 PM'
}
{
  method: 'GET',
  url: '/api/v1/property/?page=0',
  status: 304,
  response_time: 219.604,
  level: 'http',
  message: 'incoming-request',
  timestamp: '2024-07-31 05:24:04.983 PM'
}
{
  method: 'GET',
  url: '/api/v1/property/?page=1',
  status: 304,
  response_time: 237.498,
  level: 'http',
  message: 'incoming-request',
  timestamp: '2024-07-31 05:24:05.010 PM'
}
{
  method: 'GET',
  url: '/api/v1/property/?page=1',
  status: 304,
  response_time: 159.329,
  level: 'http',
  message: 'incoming-request',
  timestamp: '2024-07-31 05:24:58.022 PM'
}
{
  method: 'GET',
  url: '/api/v1/property/?page=2',
  status: 200,
  content_length: '949',
  response_time: 108.602,
  level: 'http',
  message: 'incoming-request',
  timestamp: '2024-07-31 05:27:24.543 PM'
}
{
  method: 'GET',
  url: '/api/v1/property/666720f01ed8af0105a0d444',
  status: 304,
  response_time: 83.448,
  level: 'http',
  message: 'incoming-request',
  timestamp: '2024-07-31 05:27:26.717 PM'
}
{
  method: 'GET',
  url: '/api/v1/property/?page=0',
  status: 304,
  response_time: 116.211,
  level: 'http',
  message: 'incoming-request',
  timestamp: '2024-07-31 05:27:26.747 PM'
}
{
  method: 'GET',
  url: '/api/v1/property/?page=1',
  status: 304,
  response_time: 145.728,
  level: 'http',
  message: 'incoming-request',
  timestamp: '2024-07-31 05:27:26.782 PM'
}
{
  method: 'GET',
  url: '/api/v1/user/profile',
  status: 401,
  content_length: '12',
  response_time: 0.298,
  level: 'http',
  message: 'incoming-request',
  timestamp: '2024-07-31 05:31:51.111 PM'
}
{
  method: 'GET',
  url: '/api/v1/property/666720f01ed8af0105a0d444',
  status: 304,
  response_time: 83.957,
  level: 'http',
  message: 'incoming-request',
  timestamp: '2024-07-31 05:31:51.198 PM'
}
{
  method: 'GET',
  url: '/api/v1/property/?page=0',
  status: 304,
  response_time: 146.726,
  level: 'http',
  message: 'incoming-request',
  timestamp: '2024-07-31 05:31:51.260 PM'
}
{
  method: 'GET',
  url: '/api/v1/property/?page=1',
  status: 304,
  response_time: 173.484,
  level: 'http',
  message: 'incoming-request',
  timestamp: '2024-07-31 05:31:51.290 PM'
}
{
  method: 'GET',
  url: '/api/v1/user/profile',
  status: 401,
  content_length: '12',
  response_time: 0.323,
  level: 'http',
  message: 'incoming-request',
  timestamp: '2024-07-31 05:31:55.333 PM'
}
{
  method: 'GET',
  url: '/api/v1/property/?page=0',
  status: 304,
  response_time: 500.321,
  level: 'http',
  message: 'incoming-request',
  timestamp: '2024-07-31 05:31:55.834 PM'
}
{
  method: 'GET',
  url: '/api/v1/property/666720f01ed8af0105a0d444',
  status: 304,
  response_time: 500.625,
  level: 'http',
  message: 'incoming-request',
  timestamp: '2024-07-31 05:31:55.836 PM'
}
{
  method: 'GET',
  url: '/api/v1/property/?page=1',
  status: 304,
  response_time: 568.16,
  level: 'http',
  message: 'incoming-request',
  timestamp: '2024-07-31 05:31:55.905 PM'
}
{
  method: 'GET',
  url: '/api/v1/user/profile',
  status: 401,
  content_length: '12',
  response_time: 0.235,
  level: 'http',
  message: 'incoming-request',
  timestamp: '2024-07-31 05:32:02.320 PM'
}
{
  method: 'GET',
  url: '/api/v1/property/666720f01ed8af0105a0d444',
  status: 304,
  response_time: 127.399,
  level: 'http',
  message: 'incoming-request',
  timestamp: '2024-07-31 05:32:02.451 PM'
}
{
  method: 'GET',
  url: '/api/v1/property/?page=0',
  status: 304,
  response_time: 179.902,
  level: 'http',
  message: 'incoming-request',
  timestamp: '2024-07-31 05:32:02.502 PM'
}
{
  method: 'GET',
  url: '/api/v1/property/?page=1',
  status: 304,
  response_time: 196.222,
  level: 'http',
  message: 'incoming-request',
  timestamp: '2024-07-31 05:32:02.521 PM'
}
{
  method: 'GET',
  url: '/api/v1/user/profile',
  status: 401,
  content_length: '12',
  response_time: 0.192,
  level: 'http',
  message: 'incoming-request',
  timestamp: '2024-07-31 05:32:07.623 PM'
}
{
  method: 'GET',
  url: '/api/v1/property/666720f01ed8af0105a0d444',
  status: 304,
  response_time: 87.09,
  level: 'http',
  message: 'incoming-request',
  timestamp: '2024-07-31 05:32:07.713 PM'
}
{
  method: 'GET',
  url: '/api/v1/property/?page=0',
  status: 304,
  response_time: 115.867,
  level: 'http',
  message: 'incoming-request',
  timestamp: '2024-07-31 05:32:07.740 PM'
}
{
  method: 'GET',
  url: '/api/v1/property/?page=1',
  status: 304,
  response_time: 180.3,
  level: 'http',
  message: 'incoming-request',
  timestamp: '2024-07-31 05:32:07.807 PM'
}
{
  method: 'GET',
  url: '/api/v1/user/profile',
  status: 401,
  content_length: '12',
  response_time: 0.345,
  level: 'http',
  message: 'incoming-request',
  timestamp: '2024-07-31 05:32:09.031 PM'
}
{
  method: 'GET',
  url: '/api/v1/property/666720f01ed8af0105a0d444',
  status: 304,
  response_time: 93.983,
  level: 'http',
  message: 'incoming-request',
  timestamp: '2024-07-31 05:32:09.127 PM'
}
{
  method: 'GET',
  url: '/api/v1/property/?page=0',
  status: 304,
  response_time: 172.231,
  level: 'http',
  message: 'incoming-request',
  timestamp: '2024-07-31 05:32:09.205 PM'
}
{
  method: 'GET',
  url: '/api/v1/property/?page=1',
  status: 304,
  response_time: 177.968,
  level: 'http',
  message: 'incoming-request',
  timestamp: '2024-07-31 05:32:09.213 PM'
}
{
  method: 'GET',
  url: '/api/v1/user/profile',
  status: 401,
  content_length: '12',
  response_time: 0.178,
  level: 'http',
  message: 'incoming-request',
  timestamp: '2024-07-31 05:33:02.261 PM'
}
{
  method: 'GET',
  url: '/api/v1/property/666720f01ed8af0105a0d444',
  status: 304,
  response_time: 121.47,
  level: 'http',
  message: 'incoming-request',
  timestamp: '2024-07-31 05:33:02.385 PM'
}
{
  method: 'GET',
  url: '/api/v1/property/?page=0',
  status: 304,
  response_time: 150.97,
  level: 'http',
  message: 'incoming-request',
  timestamp: '2024-07-31 05:33:02.414 PM'
}
{
  method: 'GET',
  url: '/api/v1/property/?page=1',
  status: 304,
  response_time: 174.74,
  level: 'http',
  message: 'incoming-request',
  timestamp: '2024-07-31 05:33:02.440 PM'
}
{
  method: 'GET',
  url: '/api/v1/auth/google',
  status: 302,
  content_length: '0',
  response_time: 1.447,
  level: 'http',
  message: 'incoming-request',
  timestamp: '2024-07-31 05:33:23.383 PM'
}
{
  method: 'GET',
  url: '/api/v1/user/profile',
  status: 401,
  content_length: '12',
  response_time: 0.191,
  level: 'http',
  message: 'incoming-request',
  timestamp: '2024-07-31 05:33:26.225 PM'
}
{
  method: 'GET',
  url: '/api/v1/property/666720f01ed8af0105a0d444',
  status: 304,
  response_time: 100.241,
  level: 'http',
  message: 'incoming-request',
  timestamp: '2024-07-31 06:04:53.776 PM'
}
{
  method: 'GET',
  url: '/api/v1/property/?page=0',
  status: 304,
  response_time: 132.906,
  level: 'http',
  message: 'incoming-request',
  timestamp: '2024-07-31 06:04:53.807 PM'
}
{
  method: 'GET',
  url: '/api/v1/property/?page=1',
  status: 304,
  response_time: 162.773,
  level: 'http',
  message: 'incoming-request',
  timestamp: '2024-07-31 06:04:53.840 PM'
}
{
  method: 'GET',
  url: '/api/v1/user/profile',
  status: 401,
  content_length: '12',
  response_time: 0.188,
  level: 'http',
  message: 'incoming-request',
  timestamp: '2024-07-31 06:05:14.766 PM'
}
{
  method: 'GET',
  url: '/api/v1/property/666720f01ed8af0105a0d444',
  status: 304,
  response_time: 82.567,
  level: 'http',
  message: 'incoming-request',
  timestamp: '2024-07-31 06:05:14.851 PM'
}
{
  method: 'GET',
  url: '/api/v1/property/?page=0',
  status: 304,
  response_time: 110.602,
  level: 'http',
  message: 'incoming-request',
  timestamp: '2024-07-31 06:05:14.878 PM'
}
{
  method: 'GET',
  url: '/api/v1/property/?page=1',
  status: 304,
  response_time: 183.378,
  level: 'http',
  message: 'incoming-request',
  timestamp: '2024-07-31 06:05:14.953 PM'
}
{
  method: 'GET',
  url: '/api/v1/user/profile',
  status: 401,
  content_length: '12',
  response_time: 1.836,
  level: 'http',
  message: 'incoming-request',
  timestamp: '2024-07-31 06:06:57.455 PM'
}
{
  method: 'GET',
  url: '/api/v1/user/profile',
  status: 401,
  content_length: '12',
  response_time: 2.148,
  level: 'http',
  message: 'incoming-request',
  timestamp: '2024-07-31 06:10:33.504 PM'
}
{
  method: 'GET',
  url: '/api/v1/property/666720f01ed8af0105a0d444',
  status: 304,
  response_time: 129.27,
  level: 'http',
  message: 'incoming-request',
  timestamp: '2024-07-31 06:10:33.644 PM'
}
{
  method: 'GET',
  url: '/api/v1/property/?page=0',
  status: 304,
  response_time: 166.844,
  level: 'http',
  message: 'incoming-request',
  timestamp: '2024-07-31 06:10:33.677 PM'
}
{
  method: 'GET',
  url: '/api/v1/property/?page=1',
  status: 304,
  response_time: 184.991,
  level: 'http',
  message: 'incoming-request',
  timestamp: '2024-07-31 06:10:33.703 PM'
}
{
  method: 'GET',
  url: '/api/v1/user/profile',
  status: 401,
  content_length: '12',
  response_time: 0.337,
  level: 'http',
  message: 'incoming-request',
  timestamp: '2024-07-31 06:10:39.592 PM'
}
{
  method: 'GET',
  url: '/api/v1/user/profile',
  status: 401,
  content_length: '12',
  response_time: 0.323,
  level: 'http',
  message: 'incoming-request',
  timestamp: '2024-07-31 06:11:58.416 PM'
}
{
  method: 'GET',
  url: '/api/v1/user/profile',
  status: 401,
  content_length: '12',
  response_time: 0.194,
  level: 'http',
  message: 'incoming-request',
  timestamp: '2024-07-31 06:11:58.738 PM'
}
{
  method: 'GET',
  url: '/api/v1/property/666720f01ed8af0105a0d444',
  status: 304,
  response_time: 119.342,
  level: 'http',
  message: 'incoming-request',
  timestamp: '2024-07-31 06:11:58.862 PM'
}
{
  method: 'GET',
  url: '/api/v1/property/?page=0',
  status: 304,
  response_time: 188.494,
  level: 'http',
  message: 'incoming-request',
  timestamp: '2024-07-31 06:11:58.929 PM'
}
{
  method: 'GET',
  url: '/api/v1/property/?page=1',
  status: 304,
  response_time: 211.357,
  level: 'http',
  message: 'incoming-request',
  timestamp: '2024-07-31 06:11:58.956 PM'
}
{
  method: 'GET',
  url: '/api/v1/property/666720f01ed8af0105a0d444',
  status: 200,
  content_length: '457',
  response_time: 98.341,
  level: 'http',
  message: 'incoming-request',
  timestamp: '2024-07-31 06:12:04.590 PM'
}
{
  method: 'GET',
  url: '/api/v1/property/?page=0',
  status: 200,
  content_length: '2719',
  response_time: 172.162,
  level: 'http',
  message: 'incoming-request',
  timestamp: '2024-07-31 06:12:04.666 PM'
}
{
  method: 'GET',
  url: '/api/v1/property/?page=1',
  status: 200,
  content_length: '2719',
  response_time: 180.043,
  level: 'http',
  message: 'incoming-request',
  timestamp: '2024-07-31 06:12:04.675 PM'
}
{
  method: 'GET',
  url: '/api/v1/user/profile',
  status: 401,
  content_length: '12',
  response_time: 0.273,
  level: 'http',
  message: 'incoming-request',
  timestamp: '2024-07-31 06:15:18.102 PM'
}
{
  method: 'GET',
  url: '/api/v1/property/666720f01ed8af0105a0d444',
  status: 304,
  response_time: 189.412,
  level: 'http',
  message: 'incoming-request',
  timestamp: '2024-07-31 06:15:18.294 PM'
}
{
  method: 'GET',
  url: '/api/v1/property/?page=1',
  status: 304,
  response_time: 286.43,
  level: 'http',
  message: 'incoming-request',
  timestamp: '2024-07-31 06:15:18.393 PM'
}
{
  method: 'GET',
  url: '/api/v1/property/?page=0',
  status: 304,
  response_time: 298.53,
  level: 'http',
  message: 'incoming-request',
  timestamp: '2024-07-31 06:15:18.402 PM'
}
{
  method: 'GET',
  url: '/api/v1/user/profile',
  status: 401,
  content_length: '12',
  response_time: 0.254,
  level: 'http',
  message: 'incoming-request',
  timestamp: '2024-07-31 06:23:45.190 PM'
}
{
  method: 'GET',
  url: '/api/v1/property/666720f01ed8af0105a0d444',
  status: 304,
  response_time: 85.267,
  level: 'http',
  message: 'incoming-request',
  timestamp: '2024-07-31 06:23:45.281 PM'
}
{
  method: 'GET',
  url: '/api/v1/property/?page=1',
  status: 304,
  response_time: 137.862,
  level: 'http',
  message: 'incoming-request',
  timestamp: '2024-07-31 06:23:45.330 PM'
}
{
  method: 'GET',
  url: '/api/v1/property/?page=0',
  status: 304,
  response_time: 160.419,
  level: 'http',
  message: 'incoming-request',
  timestamp: '2024-07-31 06:23:45.355 PM'
}
{
  method: 'GET',
  url: '/api/v1/user/profile',
  status: 401,
  content_length: '12',
  response_time: 0.247,
  level: 'http',
  message: 'incoming-request',
  timestamp: '2024-07-31 06:23:45.627 PM'
}
{
  method: 'GET',
  url: '/api/v1/property/666720f01ed8af0105a0d444',
  status: 304,
  response_time: 90.121,
  level: 'http',
  message: 'incoming-request',
  timestamp: '2024-07-31 06:23:45.720 PM'
}
{
  method: 'GET',
  url: '/api/v1/property/?page=0',
  status: 304,
  response_time: 169.298,
  level: 'http',
  message: 'incoming-request',
  timestamp: '2024-07-31 06:23:45.798 PM'
}
{
  method: 'GET',
  url: '/api/v1/property/?page=1',
  status: 304,
  response_time: 196.334,
  level: 'http',
  message: 'incoming-request',
  timestamp: '2024-07-31 06:23:45.829 PM'
}
{
  method: 'GET',
  url: '/api/v1/user/profile',
  status: 401,
  content_length: '12',
  response_time: 0.199,
  level: 'http',
  message: 'incoming-request',
  timestamp: '2024-07-31 06:23:46.473 PM'
}
{
  method: 'GET',
  url: '/api/v1/property/666720f01ed8af0105a0d444',
  status: 304,
  response_time: 130.713,
  level: 'http',
  message: 'incoming-request',
  timestamp: '2024-07-31 06:23:46.605 PM'
}
{
  method: 'GET',
  url: '/api/v1/property/?page=0',
  status: 304,
  response_time: 191.774,
  level: 'http',
  message: 'incoming-request',
  timestamp: '2024-07-31 06:23:46.665 PM'
}
{
  method: 'GET',
  url: '/api/v1/property/?page=1',
  status: 304,
  response_time: 204.732,
  level: 'http',
  message: 'incoming-request',
  timestamp: '2024-07-31 06:23:46.681 PM'
}
{
  method: 'GET',
  url: '/api/v1/property/?page=1',
  status: 200,
  content_length: '2719',
  response_time: 779.359,
  level: 'http',
  message: 'incoming-request',
  timestamp: '2024-07-31 06:23:47.361 PM'
}
{
  method: 'GET',
  url: '/api/v1/user/profile',
  status: 401,
  content_length: '12',
  response_time: 0.221,
  level: 'http',
  message: 'incoming-request',
  timestamp: '2024-07-31 06:23:54.817 PM'
}
{
  method: 'GET',
  url: '/api/v1/property/666720f01ed8af0105a0d444',
  status: 304,
  response_time: 106.498,
  level: 'http',
  message: 'incoming-request',
  timestamp: '2024-07-31 06:23:54.927 PM'
}
{
  method: 'GET',
  url: '/api/v1/property/?page=0',
  status: 304,
  response_time: 134.814,
  level: 'http',
  message: 'incoming-request',
  timestamp: '2024-07-31 06:23:54.955 PM'
}
{
  method: 'GET',
  url: '/api/v1/property/?page=1',
  status: 304,
  response_time: 158.142,
  level: 'http',
  message: 'incoming-request',
  timestamp: '2024-07-31 06:23:54.980 PM'
}
{
  method: 'GET',
  url: '/api/v1/property/?page=1',
  status: 304,
  response_time: 133.082,
  level: 'http',
  message: 'incoming-request',
  timestamp: '2024-07-31 06:23:55.114 PM'
}
{
  method: 'GET',
  url: '/api/v1/user/profile',
  status: 401,
  content_length: '12',
  response_time: 0.225,
  level: 'http',
  message: 'incoming-request',
  timestamp: '2024-07-31 06:25:37.217 PM'
}
{
  method: 'GET',
  url: '/api/v1/property/666720f01ed8af0105a0d444',
  status: 304,
  response_time: 114.223,
  level: 'http',
  message: 'incoming-request',
  timestamp: '2024-07-31 06:25:37.335 PM'
}
{
  method: 'GET',
  url: '/api/v1/property/?page=0',
  status: 304,
  response_time: 163.906,
  level: 'http',
  message: 'incoming-request',
  timestamp: '2024-07-31 06:25:37.383 PM'
}
{
  method: 'GET',
  url: '/api/v1/property/?page=1',
  status: 304,
  response_time: 181.03,
  level: 'http',
  message: 'incoming-request',
  timestamp: '2024-07-31 06:25:37.404 PM'
}
{
  method: 'GET',
  url: '/api/v1/property/?page=1',
  status: 200,
  content_length: '2719',
  response_time: 173.515,
  level: 'http',
  message: 'incoming-request',
  timestamp: '2024-07-31 06:25:37.482 PM'
}
{
  method: 'GET',
  url: '/api/v1/user/profile',
  status: 401,
  content_length: '12',
  response_time: 0.273,
  level: 'http',
  message: 'incoming-request',
  timestamp: '2024-07-31 06:25:37.716 PM'
}
{
  method: 'GET',
  url: '/api/v1/property/666720f01ed8af0105a0d444',
  status: 304,
  response_time: 91.062,
  level: 'http',
  message: 'incoming-request',
  timestamp: '2024-07-31 06:25:37.810 PM'
}
{
  method: 'GET',
  url: '/api/v1/property/?page=0',
  status: 304,
  response_time: 118.623,
  level: 'http',
  message: 'incoming-request',
  timestamp: '2024-07-31 06:25:37.836 PM'
}
{
  method: 'GET',
  url: '/api/v1/property/?page=1',
  status: 304,
  response_time: 176.543,
  level: 'http',
  message: 'incoming-request',
  timestamp: '2024-07-31 06:25:37.897 PM'
}
{
  method: 'GET',
  url: '/api/v1/property/?page=1',
  status: 304,
  response_time: 183.049,
  level: 'http',
  message: 'incoming-request',
  timestamp: '2024-07-31 06:25:38.081 PM'
}
{
  method: 'GET',
  url: '/api/v1/user/profile',
  status: 401,
  content_length: '12',
  response_time: 0.165,
  level: 'http',
  message: 'incoming-request',
  timestamp: '2024-07-31 06:25:45.999 PM'
}
{
  method: 'GET',
  url: '/favicon.ico',
  status: 404,
  content_length: '1936',
  response_time: 0.375,
  level: 'http',
  message: 'incoming-request',
  timestamp: '2024-07-31 06:25:46.230 PM'
}
{
  method: 'GET',
  url: '/api/v1/user/profile',
  status: 401,
  content_length: '12',
  response_time: 0.277,
  level: 'http',
  message: 'incoming-request',
  timestamp: '2024-07-31 06:30:17.956 PM'
}
{
  method: 'GET',
  url: '/api/v1/property/666720f01ed8af0105a0d444',
  status: 304,
  response_time: 91.154,
  level: 'http',
  message: 'incoming-request',
  timestamp: '2024-07-31 06:30:18.056 PM'
}
{
  method: 'GET',
  url: '/api/v1/property/?page=0',
  status: 304,
  response_time: 126.746,
  level: 'http',
  message: 'incoming-request',
  timestamp: '2024-07-31 06:30:18.084 PM'
}
{
  method: 'GET',
  url: '/api/v1/property/?page=1',
  status: 304,
  response_time: 170.41,
  level: 'http',
  message: 'incoming-request',
  timestamp: '2024-07-31 06:30:18.137 PM'
}
{
  method: 'GET',
  url: '/api/v1/property/?page=1',
  status: 200,
  content_length: '2719',
  response_time: 161.344,
  level: 'http',
  message: 'incoming-request',
  timestamp: '2024-07-31 06:30:18.198 PM'
}
{
  method: 'GET',
  url: '/api/v1/user/profile',
  status: 401,
  content_length: '12',
  response_time: 0.207,
  level: 'http',
  message: 'incoming-request',
  timestamp: '2024-07-31 06:30:18.275 PM'
}
{
  method: 'GET',
  url: '/api/v1/property/666720f01ed8af0105a0d444',
  status: 304,
  response_time: 142.087,
  level: 'http',
  message: 'incoming-request',
  timestamp: '2024-07-31 06:30:18.419 PM'
}
{
  method: 'GET',
  url: '/api/v1/property/?page=1',
  status: 304,
  response_time: 169.365,
  level: 'http',
  message: 'incoming-request',
  timestamp: '2024-07-31 06:30:18.448 PM'
}
{
  method: 'GET',
  url: '/api/v1/property/?page=0',
  status: 304,
  response_time: 199.273,
  level: 'http',
  message: 'incoming-request',
  timestamp: '2024-07-31 06:30:18.475 PM'
}
{
  method: 'GET',
  url: '/api/v1/property/?page=1',
  status: 304,
  response_time: 131.365,
  level: 'http',
  message: 'incoming-request',
  timestamp: '2024-07-31 06:30:18.581 PM'
}
{
  method: 'GET',
  url: '/api/v1/user/profile',
  status: 401,
  content_length: '12',
  response_time: 0.315,
  level: 'http',
  message: 'incoming-request',
  timestamp: '2024-07-31 06:30:20.119 PM'
}
{
  method: 'GET',
  url: '/api/v1/property/666720f01ed8af0105a0d444',
  status: 304,
  response_time: 105.836,
  level: 'http',
  message: 'incoming-request',
  timestamp: '2024-07-31 06:30:20.228 PM'
}
{
  method: 'GET',
  url: '/api/v1/property/?page=1',
  status: 200,
  content_length: '2719',
  response_time: 128.527,
  level: 'http',
  message: 'incoming-request',
  timestamp: '2024-07-31 06:30:20.249 PM'
}
{
  method: 'GET',
  url: '/api/v1/property/?page=0',
  status: 304,
  response_time: 162.94,
  level: 'http',
  message: 'incoming-request',
  timestamp: '2024-07-31 06:30:20.285 PM'
}
{
  method: 'GET',
  url: '/api/v1/property/?page=1',
  status: 304,
  response_time: 195.793,
  level: 'http',
  message: 'incoming-request',
  timestamp: '2024-07-31 06:30:20.320 PM'
}
{
  method: 'GET',
  url: '/api/v1/user/profile',
  status: 401,
  content_length: '12',
  response_time: 0.332,
  level: 'http',
  message: 'incoming-request',
  timestamp: '2024-07-31 06:30:20.583 PM'
}
{
  method: 'GET',
  url: '/api/v1/property/666720f01ed8af0105a0d444',
  status: 304,
  response_time: 117.444,
  level: 'http',
  message: 'incoming-request',
  timestamp: '2024-07-31 06:30:20.702 PM'
}
{
  method: 'GET',
  url: '/api/v1/property/?page=0',
  status: 304,
  response_time: 145.989,
  level: 'http',
  message: 'incoming-request',
  timestamp: '2024-07-31 06:30:20.730 PM'
}
{
  method: 'GET',
  url: '/api/v1/property/?page=1',
  status: 304,
  response_time: 169.878,
  level: 'http',
  message: 'incoming-request',
  timestamp: '2024-07-31 06:30:20.756 PM'
}
{
  method: 'GET',
  url: '/api/v1/property/?page=1',
  status: 304,
  response_time: 170.794,
  level: 'http',
  message: 'incoming-request',
  timestamp: '2024-07-31 06:30:20.928 PM'
}
{
  method: 'GET',
  url: '/api/v1/user/profile',
  status: 401,
  content_length: '12',
  response_time: 0.26,
  level: 'http',
  message: 'incoming-request',
  timestamp: '2024-07-31 06:30:26.096 PM'
}
{
  method: 'GET',
  url: '/api/v1/property/666720f01ed8af0105a0d444',
  status: 304,
  response_time: 112.757,
  level: 'http',
  message: 'incoming-request',
  timestamp: '2024-07-31 06:30:26.212 PM'
}
{
  method: 'GET',
  url: '/api/v1/property/?page=0',
  status: 304,
  response_time: 184.796,
  level: 'http',
  message: 'incoming-request',
  timestamp: '2024-07-31 06:30:26.283 PM'
}
{
  method: 'GET',
  url: '/api/v1/property/?page=1',
  status: 304,
  response_time: 209.764,
  level: 'http',
  message: 'incoming-request',
  timestamp: '2024-07-31 06:30:26.310 PM'
}
{
  method: 'GET',
  url: '/api/v1/property/?page=1',
  status: 200,
  content_length: '2719',
  response_time: 205.342,
  level: 'http',
  message: 'incoming-request',
  timestamp: '2024-07-31 06:30:26.390 PM'
}
{
  method: 'GET',
  url: '/api/v1/user/profile',
  status: 401,
  content_length: '12',
  response_time: 0.24,
  level: 'http',
  message: 'incoming-request',
  timestamp: '2024-07-31 06:30:26.553 PM'
}
{
  method: 'GET',
  url: '/api/v1/property/666720f01ed8af0105a0d444',
  status: 304,
  response_time: 55.921,
  level: 'http',
  message: 'incoming-request',
  timestamp: '2024-07-31 06:30:26.610 PM'
}
{
  method: 'GET',
  url: '/api/v1/property/?page=1',
  status: 304,
  response_time: 142.8,
  level: 'http',
  message: 'incoming-request',
  timestamp: '2024-07-31 06:30:26.699 PM'
}
{
  method: 'GET',
  url: '/api/v1/property/?page=0',
  status: 304,
  response_time: 164.465,
  level: 'http',
  message: 'incoming-request',
  timestamp: '2024-07-31 06:30:26.722 PM'
}
{
  method: 'GET',
  url: '/api/v1/property/?page=1',
  status: 304,
  response_time: 181.394,
  level: 'http',
  message: 'incoming-request',
  timestamp: '2024-07-31 06:30:26.881 PM'
}
{
  method: 'GET',
  url: '/api/v1/user/profile',
  status: 401,
  content_length: '12',
  response_time: 0.283,
  level: 'http',
  message: 'incoming-request',
  timestamp: '2024-07-31 06:31:34.752 PM'
}
{
  method: 'GET',
  url: '/api/v1/property/666720f01ed8af0105a0d444',
  status: 304,
  response_time: 85.669,
  level: 'http',
  message: 'incoming-request',
  timestamp: '2024-07-31 06:31:34.840 PM'
}
{
  method: 'GET',
  url: '/api/v1/property/?page=0',
  status: 304,
  response_time: 138.85,
  level: 'http',
  message: 'incoming-request',
  timestamp: '2024-07-31 06:31:34.892 PM'
}
{
  method: 'GET',
  url: '/api/v1/user/profile',
  status: 401,
  content_length: '12',
  response_time: 0.211,
  level: 'http',
  message: 'incoming-request',
  timestamp: '2024-07-31 06:31:34.995 PM'
}
{
  method: 'GET',
  url: '/api/v1/property/?page=1',
  status: 304,
  response_time: 243.145,
  level: 'http',
  message: 'incoming-request',
  timestamp: '2024-07-31 06:31:34.999 PM'
}
{
  method: 'GET',
  url: '/api/v1/property/?page=1',
  status: 200,
  content_length: '2719',
  response_time: 212.028,
  level: 'http',
  message: 'incoming-request',
  timestamp: '2024-07-31 06:31:35.032 PM'
}
{
  method: 'GET',
  url: '/api/v1/property/666720f01ed8af0105a0d444',
  status: 304,
  response_time: 66.283,
  level: 'http',
  message: 'incoming-request',
  timestamp: '2024-07-31 06:31:35.064 PM'
}
{
  method: 'GET',
  url: '/api/v1/property/?page=1',
  status: 304,
  response_time: 207.899,
  level: 'http',
  message: 'incoming-request',
  timestamp: '2024-07-31 06:31:35.208 PM'
}
{
  method: 'GET',
  url: '/api/v1/property/?page=0',
  status: 304,
  response_time: 238.23,
  level: 'http',
  message: 'incoming-request',
  timestamp: '2024-07-31 06:31:35.234 PM'
}
{
  method: 'GET',
  url: '/api/v1/property/?page=1',
  status: 304,
  response_time: 245.569,
  level: 'http',
  message: 'incoming-request',
  timestamp: '2024-07-31 06:31:35.454 PM'
}
{
  method: 'GET',
  url: '/api/v1/user/profile',
  status: 401,
  content_length: '12',
  response_time: 0.227,
  level: 'http',
  message: 'incoming-request',
  timestamp: '2024-07-31 06:32:19.487 PM'
}
{
  method: 'GET',
  url: '/api/v1/property/666720f01ed8af0105a0d444',
  status: 304,
  response_time: 86.665,
  level: 'http',
  message: 'incoming-request',
  timestamp: '2024-07-31 06:32:19.577 PM'
}
{
  method: 'GET',
  url: '/api/v1/property/?page=0',
  status: 304,
  response_time: 116.13,
  level: 'http',
  message: 'incoming-request',
  timestamp: '2024-07-31 06:32:19.605 PM'
}
{
  method: 'GET',
  url: '/api/v1/user/profile',
  status: 401,
  content_length: '12',
  response_time: 0.194,
  level: 'http',
  message: 'incoming-request',
  timestamp: '2024-07-31 06:32:19.666 PM'
}
{
  method: 'GET',
  url: '/api/v1/property/?page=1',
  status: 304,
  response_time: 182.165,
  level: 'http',
  message: 'incoming-request',
  timestamp: '2024-07-31 06:32:19.674 PM'
}
{
  method: 'GET',
  url: '/api/v1/property/666720f01ed8af0105a0d444',
  status: 304,
  response_time: 84.865,
  level: 'http',
  message: 'incoming-request',
  timestamp: '2024-07-31 06:32:19.753 PM'
}
{
  method: 'GET',
  url: '/api/v1/property/?page=1',
  status: 304,
  response_time: 100.858,
  level: 'http',
  message: 'incoming-request',
  timestamp: '2024-07-31 06:32:19.779 PM'
}
{
  method: 'GET',
  url: '/api/v1/property/?page=0',
  status: 304,
  response_time: 161.78,
  level: 'http',
  message: 'incoming-request',
  timestamp: '2024-07-31 06:32:19.829 PM'
}
{
  method: 'GET',
  url: '/api/v1/property/?page=1',
  status: 304,
  response_time: 182.36,
  level: 'http',
  message: 'incoming-request',
  timestamp: '2024-07-31 06:32:19.853 PM'
}
{
  method: 'GET',
  url: '/api/v1/property/?page=1',
  status: 200,
  content_length: '2719',
  response_time: 826.946,
  level: 'http',
  message: 'incoming-request',
  timestamp: '2024-07-31 06:32:20.554 PM'
}
{
  method: 'GET',
  url: '/api/v1/user/profile',
  status: 401,
  content_length: '12',
  response_time: 0.209,
  level: 'http',
  message: 'incoming-request',
  timestamp: '2024-07-31 06:33:12.396 PM'
}
{
  method: 'GET',
  url: '/api/v1/property/666720f01ed8af0105a0d444',
  status: 304,
  response_time: 121.162,
  level: 'http',
  message: 'incoming-request',
  timestamp: '2024-07-31 06:33:12.522 PM'
}
{
  method: 'GET',
  url: '/api/v1/property/?page=0',
  status: 304,
  response_time: 142.17,
  level: 'http',
  message: 'incoming-request',
  timestamp: '2024-07-31 06:33:12.539 PM'
}
{
  method: 'GET',
  url: '/api/v1/property/?page=1',
  status: 304,
  response_time: 207.892,
  level: 'http',
  message: 'incoming-request',
  timestamp: '2024-07-31 06:33:12.606 PM'
}
{
  method: 'GET',
  url: '/api/v1/property/?page=1',
  status: 200,
  content_length: '2719',
  response_time: 176.41,
  level: 'http',
  message: 'incoming-request',
  timestamp: '2024-07-31 06:33:12.635 PM'
}
{
  method: 'GET',
  url: '/api/v1/user/profile',
  status: 401,
  content_length: '12',
  response_time: 0.228,
  level: 'http',
  message: 'incoming-request',
  timestamp: '2024-07-31 06:33:12.824 PM'
}
{
  method: 'GET',
  url: '/api/v1/property/666720f01ed8af0105a0d444',
  status: 304,
  response_time: 57.38,
  level: 'http',
  message: 'incoming-request',
  timestamp: '2024-07-31 06:33:12.885 PM'
}
{
  method: 'GET',
  url: '/api/v1/property/?page=0',
  status: 304,
  response_time: 113.329,
  level: 'http',
  message: 'incoming-request',
  timestamp: '2024-07-31 06:33:12.939 PM'
}
{
  method: 'GET',
  url: '/api/v1/property/?page=1',
  status: 304,
  response_time: 136.935,
  level: 'http',
  message: 'incoming-request',
  timestamp: '2024-07-31 06:33:12.965 PM'
}
{
  method: 'GET',
  url: '/api/v1/property/?page=1',
  status: 304,
  response_time: 205.897,
  level: 'http',
  message: 'incoming-request',
  timestamp: '2024-07-31 06:33:13.173 PM'
}
{
  method: 'GET',
  url: '/api/v1/user/profile',
  status: 401,
  content_length: '12',
  response_time: 0.228,
  level: 'http',
  message: 'incoming-request',
  timestamp: '2024-07-31 06:33:17.137 PM'
}
{
  method: 'GET',
  url: '/api/v1/property/666720f01ed8af0105a0d444',
  status: 304,
  response_time: 113.79,
  level: 'http',
  message: 'incoming-request',
  timestamp: '2024-07-31 06:33:17.253 PM'
}
{
  method: 'GET',
  url: '/api/v1/property/?page=0',
  status: 304,
  response_time: 182.82,
  level: 'http',
  message: 'incoming-request',
  timestamp: '2024-07-31 06:33:17.321 PM'
}
{
  method: 'GET',
  url: '/api/v1/property/?page=1',
  status: 304,
  response_time: 182.929,
  level: 'http',
  message: 'incoming-request',
  timestamp: '2024-07-31 06:33:17.323 PM'
}
{
  method: 'GET',
  url: '/api/v1/user/profile',
  status: 401,
  content_length: '12',
  response_time: 0.196,
  level: 'http',
  message: 'incoming-request',
  timestamp: '2024-07-31 06:33:17.400 PM'
}
{
  method: 'GET',
  url: '/api/v1/property/?page=1',
  status: 200,
  content_length: '2719',
  response_time: 282.89,
  level: 'http',
  message: 'incoming-request',
  timestamp: '2024-07-31 06:33:17.478 PM'
}
{
  method: 'GET',
  url: '/api/v1/property/666720f01ed8af0105a0d444',
  status: 304,
  response_time: 94.259,
  level: 'http',
  message: 'incoming-request',
  timestamp: '2024-07-31 06:33:17.497 PM'
}
{
  method: 'GET',
  url: '/api/v1/property/?page=1',
  status: 304,
  response_time: 119.871,
  level: 'http',
  message: 'incoming-request',
  timestamp: '2024-07-31 06:33:17.524 PM'
}
{
  method: 'GET',
  url: '/api/v1/property/?page=0',
  status: 304,
  response_time: 189.029,
  level: 'http',
  message: 'incoming-request',
  timestamp: '2024-07-31 06:33:17.591 PM'
}
{
  method: 'GET',
  url: '/api/v1/property/?page=1',
  status: 304,
  response_time: 267.338,
  level: 'http',
  message: 'incoming-request',
  timestamp: '2024-07-31 06:33:17.792 PM'
}
{
  method: 'GET',
  url: '/api/v1/user/profile',
  status: 401,
  content_length: '12',
  response_time: 0.239,
  level: 'http',
  message: 'incoming-request',
  timestamp: '2024-07-31 06:44:47.062 PM'
}
{
  method: 'GET',
  url: '/api/v1/property/666720f01ed8af0105a0d444',
  status: 200,
  content_length: '457',
  response_time: 104.625,
  level: 'http',
  message: 'incoming-request',
  timestamp: '2024-07-31 06:44:47.169 PM'
}
{
  method: 'GET',
  url: '/api/v1/property/?page=1',
  status: 200,
  content_length: '2719',
  response_time: 130.048,
  level: 'http',
  message: 'incoming-request',
  timestamp: '2024-07-31 06:44:47.193 PM'
}
{
  method: 'GET',
  url: '/api/v1/property/?page=1',
  status: 304,
  response_time: 160.239,
  level: 'http',
  message: 'incoming-request',
  timestamp: '2024-07-31 06:44:47.231 PM'
}
{
  method: 'GET',
  url: '/api/v1/user/profile',
  status: 401,
  content_length: '12',
  response_time: 0.249,
  level: 'http',
  message: 'incoming-request',
  timestamp: '2024-07-31 06:44:47.296 PM'
}
{
  method: 'GET',
  url: '/api/v1/property/666720f01ed8af0105a0d444',
  status: 304,
  response_time: 96.267,
  level: 'http',
  message: 'incoming-request',
  timestamp: '2024-07-31 06:44:47.398 PM'
}
{
  method: 'GET',
  url: '/api/v1/property/?page=1',
  status: 304,
  response_time: 183.933,
  level: 'http',
  message: 'incoming-request',
  timestamp: '2024-07-31 06:44:47.493 PM'
}
{
  method: 'GET',
  url: '/api/v1/property/?page=1',
  status: 304,
  response_time: 252.501,
  level: 'http',
  message: 'incoming-request',
  timestamp: '2024-07-31 06:44:47.746 PM'
}
{
  method: 'GET',
  url: '/api/v1/user/profile',
  status: 401,
  content_length: '12',
  response_time: 0.209,
  level: 'http',
  message: 'incoming-request',
  timestamp: '2024-07-31 06:44:58.018 PM'
}
{
  method: 'GET',
  url: '/api/v1/property/666720f01ed8af0105a0d444',
  status: 304,
  response_time: 52.021,
  level: 'http',
  message: 'incoming-request',
  timestamp: '2024-07-31 06:44:58.071 PM'
}
{
  method: 'GET',
  url: '/api/v1/property/?page=1',
  status: 304,
  response_time: 248.215,
  level: 'http',
  message: 'incoming-request',
  timestamp: '2024-07-31 06:44:58.269 PM'
}
{
  method: 'GET',
  url: '/api/v1/property/?page=1',
  status: 200,
  content_length: '2719',
  response_time: 249.07,
  level: 'http',
  message: 'incoming-request',
  timestamp: '2024-07-31 06:44:58.271 PM'
}
{
  method: 'GET',
  url: '/api/v1/user/profile',
  status: 401,
  content_length: '12',
  response_time: 0.311,
  level: 'http',
  message: 'incoming-request',
  timestamp: '2024-07-31 06:44:58.339 PM'
}
{
  method: 'GET',
  url: '/api/v1/property/666720f01ed8af0105a0d444',
  status: 304,
  response_time: 53.432,
  level: 'http',
  message: 'incoming-request',
  timestamp: '2024-07-31 06:44:58.397 PM'
}
{
  method: 'GET',
  url: '/api/v1/property/?page=1',
  status: 304,
  response_time: 146.031,
  level: 'http',
  message: 'incoming-request',
  timestamp: '2024-07-31 06:44:58.491 PM'
}
{
  method: 'GET',
  url: '/api/v1/property/?page=1',
  status: 304,
  response_time: 293.096,
  level: 'http',
  message: 'incoming-request',
  timestamp: '2024-07-31 06:44:58.786 PM'
}
{
  method: 'GET',
  url: '/api/v1/user/profile',
  status: 401,
  content_length: '12',
  response_time: 0.201,
  level: 'http',
  message: 'incoming-request',
  timestamp: '2024-07-31 06:45:33.438 PM'
}
{
  method: 'GET',
  url: '/api/v1/property/666720f01ed8af0105a0d444',
  status: 304,
  response_time: 42.23,
  level: 'http',
  message: 'incoming-request',
  timestamp: '2024-07-31 06:45:33.481 PM'
}
{
  method: 'GET',
  url: '/api/v1/property/?page=1',
  status: 200,
  content_length: '2719',
  response_time: 104.988,
  level: 'http',
  message: 'incoming-request',
  timestamp: '2024-07-31 06:45:33.579 PM'
}
{
  method: 'GET',
  url: '/api/v1/property/?page=1',
  status: 304,
  response_time: 200.622,
  level: 'http',
  message: 'incoming-request',
  timestamp: '2024-07-31 06:45:33.641 PM'
}
{
  method: 'GET',
  url: '/api/v1/user/profile',
  status: 401,
  content_length: '12',
  response_time: 0.28,
  level: 'http',
  message: 'incoming-request',
  timestamp: '2024-07-31 06:45:33.794 PM'
}
{
  method: 'GET',
  url: '/api/v1/property/666720f01ed8af0105a0d444',
  status: 304,
  response_time: 53.248,
  level: 'http',
  message: 'incoming-request',
  timestamp: '2024-07-31 06:45:33.851 PM'
}
{
  method: 'GET',
  url: '/api/v1/property/?page=1',
  status: 304,
  response_time: 140.421,
  level: 'http',
  message: 'incoming-request',
  timestamp: '2024-07-31 06:45:33.939 PM'
}
{
  method: 'GET',
  url: '/api/v1/property/?page=1',
  status: 304,
  response_time: 193.539,
  level: 'http',
  message: 'incoming-request',
  timestamp: '2024-07-31 06:45:34.135 PM'
}
{
  method: 'GET',
  url: '/api/v1/user/profile',
  status: 401,
  content_length: '12',
  response_time: 0.197,
  level: 'http',
  message: 'incoming-request',
  timestamp: '2024-07-31 06:45:39.564 PM'
}
{
  method: 'GET',
  url: '/api/v1/property/666720f01ed8af0105a0d444',
  status: 304,
  response_time: 48.595,
  level: 'http',
  message: 'incoming-request',
  timestamp: '2024-07-31 06:45:39.615 PM'
}
{
  method: 'GET',
  url: '/api/v1/property/?page=1',
  status: 304,
  response_time: 161.865,
  level: 'http',
  message: 'incoming-request',
  timestamp: '2024-07-31 06:45:39.731 PM'
}
{
  method: 'GET',
  url: '/api/v1/property/?page=1',
  status: 304,
  response_time: 274.692,
  level: 'http',
  message: 'incoming-request',
  timestamp: '2024-07-31 06:45:40.007 PM'
}
{
  method: 'GET',
  url: '/api/v1/user/profile',
  status: 401,
  content_length: '12',
  response_time: 0.18,
  level: 'http',
  message: 'incoming-request',
  timestamp: '2024-07-31 06:45:41.269 PM'
}
{
  method: 'GET',
  url: '/api/v1/property/666720f01ed8af0105a0d444',
  status: 304,
  response_time: 111.841,
  level: 'http',
  message: 'incoming-request',
  timestamp: '2024-07-31 06:45:41.381 PM'
}
{
  method: 'GET',
  url: '/api/v1/property/?page=1',
  status: 304,
  response_time: 177.638,
  level: 'http',
  message: 'incoming-request',
  timestamp: '2024-07-31 06:45:41.448 PM'
}
{
  method: 'GET',
  url: '/api/v1/property/?page=1',
  status: 304,
  response_time: 174.48,
  level: 'http',
  message: 'incoming-request',
  timestamp: '2024-07-31 06:45:41.624 PM'
}
{
  method: 'GET',
  url: '/api/v1/user/profile',
  status: 401,
  content_length: '12',
  response_time: 0.2,
  level: 'http',
  message: 'incoming-request',
  timestamp: '2024-07-31 06:45:55.709 PM'
}
{
  method: 'GET',
  url: '/api/v1/property/666720f01ed8af0105a0d444',
  status: 304,
  response_time: 43.962,
  level: 'http',
  message: 'incoming-request',
  timestamp: '2024-07-31 06:45:55.754 PM'
}
{
  method: 'GET',
  url: '/api/v1/property/?page=1',
  status: 304,
  response_time: 233.196,
  level: 'http',
  message: 'incoming-request',
  timestamp: '2024-07-31 06:45:55.945 PM'
}
{
  method: 'GET',
  url: '/api/v1/property/?page=1',
  status: 200,
  content_length: '2719',
  response_time: 209.602,
  level: 'http',
  message: 'incoming-request',
  timestamp: '2024-07-31 06:45:55.978 PM'
}
{
  method: 'GET',
  url: '/api/v1/user/profile',
  status: 401,
  content_length: '12',
  response_time: 0.323,
  level: 'http',
  message: 'incoming-request',
  timestamp: '2024-07-31 06:45:56.435 PM'
}
{
  method: 'GET',
  url: '/api/v1/property/666720f01ed8af0105a0d444',
  status: 304,
  response_time: 42.787,
  level: 'http',
  message: 'incoming-request',
  timestamp: '2024-07-31 06:45:56.479 PM'
}
{
  method: 'GET',
  url: '/api/v1/property/?page=1',
  status: null,
  response_time: null,
  level: 'http',
  message: 'incoming-request',
  timestamp: '2024-07-31 06:45:56.600 PM'
}
{
  method: 'GET',
  url: '/api/v1/user/profile',
  status: 401,
  content_length: '12',
  response_time: 0.2,
  level: 'http',
  message: 'incoming-request',
  timestamp: '2024-07-31 06:45:57.555 PM'
}
{
  method: 'GET',
  url: '/api/v1/property/666720f01ed8af0105a0d444',
  status: 304,
  response_time: 132.234,
  level: 'http',
  message: 'incoming-request',
  timestamp: '2024-07-31 06:45:57.689 PM'
}
{
  method: 'GET',
  url: '/api/v1/user/profile',
  status: 401,
  content_length: '12',
  response_time: 0.22,
  level: 'http',
  message: 'incoming-request',
  timestamp: '2024-07-31 06:45:57.724 PM'
}
{
  method: 'GET',
  url: '/api/v1/property/?page=1',
  status: 200,
  content_length: '2719',
  response_time: 185.436,
  level: 'http',
  message: 'incoming-request',
  timestamp: '2024-07-31 06:45:57.741 PM'
}
{
  method: 'GET',
  url: '/api/v1/property/666720f01ed8af0105a0d444',
  status: 304,
  response_time: 42.421,
  level: 'http',
  message: 'incoming-request',
  timestamp: '2024-07-31 06:45:57.767 PM'
}
{
  method: 'GET',
  url: '/api/v1/property/?page=1',
  status: 304,
  response_time: 157.367,
  level: 'http',
  message: 'incoming-request',
  timestamp: '2024-07-31 06:45:57.883 PM'
}
{
  method: 'GET',
  url: '/api/v1/property/?page=1',
  status: 304,
  response_time: 174.434,
  level: 'http',
  message: 'incoming-request',
  timestamp: '2024-07-31 06:45:57.916 PM'
}
{
  method: 'GET',
  url: '/api/v1/property/?page=1',
  status: 200,
  content_length: '2719',
  response_time: 178.194,
  level: 'http',
  message: 'incoming-request',
  timestamp: '2024-07-31 06:45:57.949 PM'
}
{
  method: 'GET',
  url: '/api/v1/user/profile',
  status: 401,
  content_length: '12',
  response_time: 0.221,
  level: 'http',
  message: 'incoming-request',
  timestamp: '2024-07-31 07:15:27.301 PM'
}
{
  method: 'GET',
  url: '/api/v1/property/666720f01ed8af0105a0d444',
  status: 304,
  response_time: 116.891,
  level: 'http',
  message: 'incoming-request',
  timestamp: '2024-07-31 07:15:27.419 PM'
}
{
  method: 'GET',
  url: '/api/v1/property/?page=1',
  status: 304,
  response_time: 207.971,
  level: 'http',
  message: 'incoming-request',
  timestamp: '2024-07-31 07:15:27.512 PM'
}
{
  method: 'GET',
  url: '/api/v1/user/profile',
  status: 401,
  content_length: '12',
  response_time: 0.217,
  level: 'http',
  message: 'incoming-request',
  timestamp: '2024-07-31 07:15:27.565 PM'
}
{
  method: 'GET',
  url: '/api/v1/property/?page=1',
  status: 200,
  content_length: '2719',
  response_time: 238.813,
  level: 'http',
  message: 'incoming-request',
  timestamp: '2024-07-31 07:15:27.586 PM'
}
{
  method: 'GET',
  url: '/api/v1/property/666720f01ed8af0105a0d444',
  status: 304,
  response_time: 90.133,
  level: 'http',
  message: 'incoming-request',
  timestamp: '2024-07-31 07:15:27.658 PM'
}
{
  method: 'GET',
  url: '/api/v1/property/?page=1',
  status: 304,
  response_time: 115.35,
  level: 'http',
  message: 'incoming-request',
  timestamp: '2024-07-31 07:15:27.685 PM'
}
{
  method: 'GET',
  url: '/api/v1/property/?page=1',
  status: 304,
  response_time: 152.652,
  level: 'http',
  message: 'incoming-request',
  timestamp: '2024-07-31 07:15:27.838 PM'
}
{
  method: 'GET',
  url: '/api/v1/user/profile',
  status: 401,
  content_length: '12',
  response_time: 0.213,
  level: 'http',
  message: 'incoming-request',
  timestamp: '2024-07-31 07:15:32.641 PM'
}
{
  method: 'GET',
  url: '/api/v1/property/666720f01ed8af0105a0d444',
  status: 304,
  response_time: 58.06,
  level: 'http',
  message: 'incoming-request',
  timestamp: '2024-07-31 07:15:32.701 PM'
}
{
  method: 'GET',
  url: '/api/v1/property/?page=1',
  status: 304,
  response_time: 190.851,
  level: 'http',
  message: 'incoming-request',
  timestamp: '2024-07-31 07:15:32.833 PM'
}
{
  method: 'GET',
  url: '/api/v1/property/?page=1',
  status: 200,
  content_length: '2719',
  response_time: 177.476,
  level: 'http',
  message: 'incoming-request',
  timestamp: '2024-07-31 07:15:32.866 PM'
}
{
  method: 'GET',
  url: '/api/v1/user/profile',
  status: 401,
  content_length: '12',
  response_time: 0.411,
  level: 'http',
  message: 'incoming-request',
  timestamp: '2024-07-31 07:15:33.070 PM'
}
{
  method: 'GET',
  url: '/api/v1/property/666720f01ed8af0105a0d444',
  status: 304,
  response_time: 91.572,
  level: 'http',
  message: 'incoming-request',
  timestamp: '2024-07-31 07:15:33.163 PM'
}
{
  method: 'GET',
  url: '/api/v1/property/?page=1',
  status: 304,
  response_time: 132.593,
  level: 'http',
  message: 'incoming-request',
  timestamp: '2024-07-31 07:15:33.206 PM'
}
{
  method: 'GET',
  url: '/api/v1/property/?page=1',
  status: 304,
  response_time: 199.413,
  level: 'http',
  message: 'incoming-request',
  timestamp: '2024-07-31 07:15:33.407 PM'
}
{
  method: 'GET',
  url: '/api/v1/user/profile',
  status: 401,
  content_length: '12',
  response_time: 0.217,
  level: 'http',
  message: 'incoming-request',
  timestamp: '2024-07-31 07:15:34.947 PM'
}
{
  method: 'GET',
  url: '/api/v1/property/666720f01ed8af0105a0d444',
  status: 304,
  response_time: 42.216,
  level: 'http',
  message: 'incoming-request',
  timestamp: '2024-07-31 07:15:34.990 PM'
}
{
  method: 'GET',
  url: '/api/v1/property/?page=1',
  status: 304,
  response_time: 261.586,
  level: 'http',
  message: 'incoming-request',
  timestamp: '2024-07-31 07:15:35.211 PM'
}
{
  method: 'GET',
  url: '/api/v1/user/profile',
  status: 401,
  content_length: '12',
  response_time: 0.215,
  level: 'http',
  message: 'incoming-request',
  timestamp: '2024-07-31 07:15:35.227 PM'
}
{
  method: 'GET',
  url: '/api/v1/property/?page=1',
  status: 200,
  content_length: '2719',
  response_time: 254.601,
  level: 'http',
  message: 'incoming-request',
  timestamp: '2024-07-31 07:15:35.252 PM'
}
{
  method: 'GET',
  url: '/api/v1/property/666720f01ed8af0105a0d444',
  status: 304,
  response_time: 72.428,
  level: 'http',
  message: 'incoming-request',
  timestamp: '2024-07-31 07:15:35.300 PM'
}
{
  method: 'GET',
  url: '/api/v1/property/?page=1',
  status: 304,
  response_time: 177.911,
  level: 'http',
  message: 'incoming-request',
  timestamp: '2024-07-31 07:15:35.407 PM'
}
{
  method: 'GET',
  url: '/api/v1/property/?page=1',
  status: 304,
  response_time: 259.308,
  level: 'http',
  message: 'incoming-request',
  timestamp: '2024-07-31 07:15:35.667 PM'
}
{
  method: 'GET',
  url: '/api/v1/user/profile',
  status: 401,
  content_length: '12',
  response_time: 0.211,
  level: 'http',
  message: 'incoming-request',
  timestamp: '2024-07-31 07:15:39.926 PM'
}
{
  method: 'GET',
  url: '/api/v1/property/666720f01ed8af0105a0d444',
  status: 304,
  response_time: 139.301,
  level: 'http',
  message: 'incoming-request',
  timestamp: '2024-07-31 07:15:40.066 PM'
}
{
  method: 'GET',
  url: '/api/v1/property/?page=1',
  status: 304,
  response_time: 211.059,
  level: 'http',
  message: 'incoming-request',
  timestamp: '2024-07-31 07:15:40.139 PM'
}
{
  method: 'GET',
  url: '/api/v1/property/?page=1',
  status: 200,
  content_length: '2719',
  response_time: 192.209,
  level: 'http',
  message: 'incoming-request',
  timestamp: '2024-07-31 07:15:40.167 PM'
}
{
  method: 'GET',
  url: '/api/v1/user/profile',
  status: 401,
  content_length: '12',
  response_time: 0.199,
  level: 'http',
  message: 'incoming-request',
  timestamp: '2024-07-31 07:15:40.256 PM'
}
{
  method: 'GET',
  url: '/api/v1/property/666720f01ed8af0105a0d444',
  status: 304,
  response_time: 83.881,
  level: 'http',
  message: 'incoming-request',
  timestamp: '2024-07-31 07:15:40.341 PM'
}
{
  method: 'GET',
  url: '/api/v1/property/?page=1',
  status: 304,
  response_time: 160.079,
  level: 'http',
  message: 'incoming-request',
  timestamp: '2024-07-31 07:15:40.418 PM'
}
{
  method: 'GET',
  url: '/api/v1/property/?page=1',
  status: 304,
  response_time: 269.147,
  level: 'http',
  message: 'incoming-request',
  timestamp: '2024-07-31 07:15:40.689 PM'
}
{
  method: 'GET',
  url: '/api/v1/user/profile',
  status: 401,
  content_length: '12',
  response_time: 0.327,
  level: 'http',
  message: 'incoming-request',
  timestamp: '2024-07-31 07:15:42.775 PM'
}
{
  method: 'GET',
  url: '/api/v1/property/666720f01ed8af0105a0d444',
  status: 304,
  response_time: 56.247,
  level: 'http',
  message: 'incoming-request',
  timestamp: '2024-07-31 07:15:42.832 PM'
}
{
  method: 'GET',
  url: '/api/v1/property/?page=1',
  status: 304,
  response_time: 135.605,
  level: 'http',
  message: 'incoming-request',
  timestamp: '2024-07-31 07:15:42.913 PM'
}
{
  method: 'GET',
  url: '/api/v1/property/?page=1',
  status: 200,
  content_length: '2719',
  response_time: 160.325,
  level: 'http',
  message: 'incoming-request',
  timestamp: '2024-07-31 07:15:42.985 PM'
}
{
  method: 'GET',
  url: '/api/v1/user/profile',
  status: 401,
  content_length: '12',
  response_time: 0.187,
  level: 'http',
  message: 'incoming-request',
  timestamp: '2024-07-31 07:15:43.258 PM'
}
{
  method: 'GET',
  url: '/api/v1/property/666720f01ed8af0105a0d444',
  status: 304,
  response_time: 53.458,
  level: 'http',
  message: 'incoming-request',
  timestamp: '2024-07-31 07:15:43.313 PM'
}
{
  method: 'GET',
  url: '/api/v1/property/?page=1',
  status: 304,
  response_time: 217.317,
  level: 'http',
  message: 'incoming-request',
  timestamp: '2024-07-31 07:15:43.478 PM'
}
{
  method: 'GET',
  url: '/api/v1/property/?page=1',
  status: 304,
  response_time: 170.488,
  level: 'http',
  message: 'incoming-request',
  timestamp: '2024-07-31 07:15:43.650 PM'
}
{
  method: 'GET',
  url: '/api/v1/user/profile',
  status: 401,
  content_length: '12',
  response_time: 0.173,
  level: 'http',
  message: 'incoming-request',
  timestamp: '2024-07-31 07:15:49.209 PM'
}
{
  method: 'GET',
  url: '/api/v1/property/666720f01ed8af0105a0d444',
  status: 304,
  response_time: 41.337,
  level: 'http',
  message: 'incoming-request',
  timestamp: '2024-07-31 07:15:49.251 PM'
}
{
  method: 'GET',
  url: '/api/v1/property/?page=1',
  status: 200,
  content_length: '2719',
  response_time: 96.978,
  level: 'http',
  message: 'incoming-request',
  timestamp: '2024-07-31 07:15:49.344 PM'
}
{
  method: 'GET',
  url: '/api/v1/property/?page=1',
  status: 304,
  response_time: 203.29,
  level: 'http',
  message: 'incoming-request',
  timestamp: '2024-07-31 07:15:49.414 PM'
}
{
  method: 'GET',
  url: '/api/v1/user/profile',
  status: 401,
  content_length: '12',
  response_time: 0.218,
  level: 'http',
  message: 'incoming-request',
  timestamp: '2024-07-31 07:15:49.510 PM'
}
{
  method: 'GET',
  url: '/api/v1/property/666720f01ed8af0105a0d444',
  status: 304,
  response_time: 53.92,
  level: 'http',
  message: 'incoming-request',
  timestamp: '2024-07-31 07:15:49.568 PM'
}
{
  method: 'GET',
  url: '/api/v1/property/?page=1',
  status: 304,
  response_time: 274.658,
  level: 'http',
  message: 'incoming-request',
  timestamp: '2024-07-31 07:15:49.792 PM'
}
{
  method: 'GET',
  url: '/api/v1/property/?page=1',
  status: 304,
  response_time: 153.297,
  level: 'http',
  message: 'incoming-request',
  timestamp: '2024-07-31 07:15:49.947 PM'
}
{
  method: 'GET',
  url: '/api/v1/user/profile',
  status: 401,
  content_length: '12',
  response_time: 0.19,
  level: 'http',
  message: 'incoming-request',
  timestamp: '2024-07-31 07:15:54.439 PM'
}
{
  method: 'GET',
  url: '/api/v1/property/666720f01ed8af0105a0d444',
  status: 304,
  response_time: 44.416,
  level: 'http',
  message: 'incoming-request',
  timestamp: '2024-07-31 07:15:54.486 PM'
}
{
  method: 'GET',
  url: '/api/v1/property/?page=1',
  status: 304,
  response_time: 256.518,
  level: 'http',
  message: 'incoming-request',
  timestamp: '2024-07-31 07:15:54.699 PM'
}
{
  method: 'GET',
  url: '/api/v1/property/?page=1',
  status: 304,
  response_time: 247.145,
  level: 'http',
  message: 'incoming-request',
  timestamp: '2024-07-31 07:15:54.947 PM'
}
{
  method: 'GET',
  url: '/api/v1/user/profile',
  status: 401,
  content_length: '12',
  response_time: 0.176,
  level: 'http',
  message: 'incoming-request',
  timestamp: '2024-07-31 07:15:56.049 PM'
}
{
  method: 'GET',
  url: '/api/v1/property/666720f01ed8af0105a0d444',
  status: 304,
  response_time: 52.928,
  level: 'http',
  message: 'incoming-request',
  timestamp: '2024-07-31 07:15:56.103 PM'
}
{
  method: 'GET',
  url: '/api/v1/property/?page=1',
  status: 304,
  response_time: 197.888,
  level: 'http',
  message: 'incoming-request',
  timestamp: '2024-07-31 07:15:56.249 PM'
}
{
  method: 'GET',
  url: '/api/v1/property/?page=1',
  status: 304,
  response_time: 197.739,
  level: 'http',
  message: 'incoming-request',
  timestamp: '2024-07-31 07:15:56.448 PM'
}
{
  method: 'GET',
  url: '/api/v1/user/profile',
  status: 401,
  content_length: '12',
  response_time: 0.236,
  level: 'http',
  message: 'incoming-request',
  timestamp: '2024-07-31 07:16:12.244 PM'
}
{
  method: 'GET',
  url: '/api/v1/property/666720f01ed8af0105a0d444',
  status: 304,
  response_time: 93.963,
  level: 'http',
  message: 'incoming-request',
  timestamp: '2024-07-31 07:16:12.341 PM'
}
{
  method: 'GET',
  url: '/api/v1/property/?page=1',
  status: 304,
  response_time: 161.813,
  level: 'http',
  message: 'incoming-request',
  timestamp: '2024-07-31 07:16:12.407 PM'
}
{
  method: 'GET',
  url: '/api/v1/user/profile',
  status: 401,
  content_length: '12',
  response_time: 0.21,
  level: 'http',
  message: 'incoming-request',
  timestamp: '2024-07-31 07:16:12.450 PM'
}
{
  method: 'GET',
  url: '/api/v1/property/666720f01ed8af0105a0d444',
  status: 304,
  response_time: 60.402,
  level: 'http',
  message: 'incoming-request',
  timestamp: '2024-07-31 07:16:12.512 PM'
}
{
  method: 'GET',
  url: '/api/v1/property/?page=1',
  status: 200,
  content_length: '2719',
  response_time: 222.7,
  level: 'http',
  message: 'incoming-request',
  timestamp: '2024-07-31 07:16:12.522 PM'
}
{
  method: 'GET',
  url: '/api/v1/property/?page=1',
  status: 304,
  response_time: 216.272,
  level: 'http',
  message: 'incoming-request',
  timestamp: '2024-07-31 07:16:12.669 PM'
}
{
  method: 'GET',
  url: '/api/v1/property/?page=1',
  status: 304,
  response_time: 194.115,
  level: 'http',
  message: 'incoming-request',
  timestamp: '2024-07-31 07:16:12.865 PM'
}
{
  method: 'GET',
  url: '/api/v1/user/profile',
  status: 401,
  content_length: '12',
  response_time: 0.177,
  level: 'http',
  message: 'incoming-request',
  timestamp: '2024-07-31 07:16:20.617 PM'
}
{
  method: 'GET',
  url: '/api/v1/property/666720f01ed8af0105a0d444',
  status: 304,
  response_time: 92.896,
  level: 'http',
  message: 'incoming-request',
  timestamp: '2024-07-31 07:16:20.711 PM'
}
{
  method: 'GET',
  url: '/api/v1/property/?page=1',
  status: 304,
  response_time: 119.916,
  level: 'http',
  message: 'incoming-request',
  timestamp: '2024-07-31 07:16:20.739 PM'
}
{
  method: 'GET',
  url: '/api/v1/user/profile',
  status: 401,
  content_length: '12',
  response_time: 0.209,
  level: 'http',
  message: 'incoming-request',
  timestamp: '2024-07-31 07:16:20.788 PM'
}
{
  method: 'GET',
  url: '/api/v1/property/666720f01ed8af0105a0d444',
  status: 304,
  response_time: 94.55,
  level: 'http',
  message: 'incoming-request',
  timestamp: '2024-07-31 07:16:20.884 PM'
}
{
  method: 'GET',
  url: '/api/v1/property/?page=1',
  status: 304,
  response_time: 215.105,
  level: 'http',
  message: 'incoming-request',
  timestamp: '2024-07-31 07:16:21.006 PM'
}
{
  method: 'GET',
  url: '/api/v1/property/?page=1',
  status: 304,
  response_time: 370.925,
  level: 'http',
  message: 'incoming-request',
  timestamp: '2024-07-31 07:16:22.048 PM'
}
{
  method: 'GET',
  url: '/api/v1/user/profile',
  status: 401,
  content_length: '12',
  response_time: 0.275,
  level: 'http',
  message: 'incoming-request',
  timestamp: '2024-07-31 07:16:27.440 PM'
}
{
  method: 'GET',
  url: '/api/v1/property/666720f01ed8af0105a0d444',
  status: 304,
  response_time: 77.204,
  level: 'http',
  message: 'incoming-request',
  timestamp: '2024-07-31 07:16:27.518 PM'
}
{
  method: 'GET',
  url: '/api/v1/property/?page=1',
  status: 304,
  response_time: 157.743,
  level: 'http',
  message: 'incoming-request',
  timestamp: '2024-07-31 07:16:27.601 PM'
}
{
  method: 'GET',
  url: '/api/v1/user/profile',
  status: 401,
  content_length: '12',
  response_time: 0.194,
  level: 'http',
  message: 'incoming-request',
  timestamp: '2024-07-31 07:16:27.922 PM'
}
{
  method: 'GET',
  url: '/api/v1/property/666720f01ed8af0105a0d444',
  status: 304,
  response_time: 88.686,
  level: 'http',
  message: 'incoming-request',
  timestamp: '2024-07-31 07:16:28.012 PM'
}
{
  method: 'GET',
  url: '/api/v1/property/?page=1',
  status: 304,
  response_time: 163.095,
  level: 'http',
  message: 'incoming-request',
  timestamp: '2024-07-31 07:16:28.064 PM'
}
{
  method: 'GET',
  url: '/api/v1/property/?page=1',
  status: 304,
  response_time: 166.753,
  level: 'http',
  message: 'incoming-request',
  timestamp: '2024-07-31 07:16:28.091 PM'
}
{
  method: 'GET',
  url: '/api/v1/user/profile',
  status: 401,
  content_length: '12',
  response_time: 0.213,
  level: 'http',
  message: 'incoming-request',
  timestamp: '2024-07-31 07:16:30.785 PM'
}
{
  method: 'GET',
  url: '/api/v1/property/666720f01ed8af0105a0d444',
  status: 304,
  response_time: 41.263,
  level: 'http',
  message: 'incoming-request',
  timestamp: '2024-07-31 07:16:30.827 PM'
}
{
  method: 'GET',
  url: '/api/v1/property/?page=1',
  status: 304,
  response_time: 251.683,
  level: 'http',
  message: 'incoming-request',
  timestamp: '2024-07-31 07:16:31.039 PM'
}
{
  method: 'GET',
  url: '/api/v1/user/profile',
  status: 401,
  content_length: '12',
  response_time: 0.191,
  level: 'http',
  message: 'incoming-request',
  timestamp: '2024-07-31 07:16:31.084 PM'
}
{
  method: 'GET',
  url: '/api/v1/property/666720f01ed8af0105a0d444',
  status: 304,
  response_time: 64.701,
  level: 'http',
  message: 'incoming-request',
  timestamp: '2024-07-31 07:16:31.166 PM'
}
{
  method: 'GET',
  url: '/api/v1/property/?page=1',
  status: 304,
  response_time: 261.809,
  level: 'http',
  message: 'incoming-request',
  timestamp: '2024-07-31 07:16:31.381 PM'
}
{
  method: 'GET',
  url: '/api/v1/property/?page=1',
  status: 304,
  response_time: 154.024,
  level: 'http',
  message: 'incoming-request',
  timestamp: '2024-07-31 07:16:33.193 PM'
}
{
  method: 'GET',
  url: '/api/v1/property/?page=1',
  status: 304,
  response_time: 163.172,
  level: 'http',
  message: 'incoming-request',
  timestamp: '2024-07-31 07:16:55.616 PM'
}
{
  method: 'GET',
  url: '/api/v1/user/profile',
  status: 401,
  content_length: '12',
  response_time: 0.372,
  level: 'http',
  message: 'incoming-request',
  timestamp: '2024-07-31 07:18:14.145 PM'
}
{
  method: 'GET',
  url: '/api/v1/property/666720f01ed8af0105a0d444',
  status: 304,
  response_time: 64.012,
  level: 'http',
  message: 'incoming-request',
  timestamp: '2024-07-31 07:18:14.211 PM'
}
{
  method: 'GET',
  url: '/api/v1/property/?page=1',
  status: 304,
  response_time: 141.252,
  level: 'http',
  message: 'incoming-request',
  timestamp: '2024-07-31 07:18:14.290 PM'
}
{
  method: 'GET',
  url: '/api/v1/user/profile',
  status: 401,
  content_length: '12',
  response_time: 0.263,
  level: 'http',
  message: 'incoming-request',
  timestamp: '2024-07-31 07:18:14.547 PM'
}
{
  method: 'GET',
  url: '/api/v1/property/666720f01ed8af0105a0d444',
  status: 304,
  response_time: 56.517,
  level: 'http',
  message: 'incoming-request',
  timestamp: '2024-07-31 07:18:14.605 PM'
}
{
  method: 'GET',
  url: '/api/v1/property/?page=1',
  status: 304,
  response_time: 270.527,
  level: 'http',
  message: 'incoming-request',
  timestamp: '2024-07-31 07:18:14.821 PM'
}
{
  method: 'GET',
  url: '/api/v1/property/?page=1',
  status: 304,
  response_time: 271.841,
  level: 'http',
  message: 'incoming-request',
  timestamp: '2024-07-31 07:18:14.828 PM'
}
{
  method: 'GET',
  url: '/api/v1/user/profile',
  status: 401,
  content_length: '12',
  response_time: 0.179,
  level: 'http',
  message: 'incoming-request',
  timestamp: '2024-07-31 07:18:36.032 PM'
}
{
  method: 'GET',
  url: '/api/v1/property/666720f01ed8af0105a0d444',
  status: 304,
  response_time: 55.897,
  level: 'http',
  message: 'incoming-request',
  timestamp: '2024-07-31 07:18:36.089 PM'
}
{
  method: 'GET',
  url: '/api/v1/property/?page=1',
  status: 304,
  response_time: 149.589,
  level: 'http',
  message: 'incoming-request',
  timestamp: '2024-07-31 07:18:36.185 PM'
}
{
  method: 'GET',
  url: '/api/v1/user/profile',
  status: 401,
  content_length: '12',
  response_time: 0.205,
  level: 'http',
  message: 'incoming-request',
  timestamp: '2024-07-31 07:18:36.240 PM'
}
{
  method: 'GET',
  url: '/api/v1/property/666720f01ed8af0105a0d444',
  status: 304,
  response_time: 56.333,
  level: 'http',
  message: 'incoming-request',
  timestamp: '2024-07-31 07:18:36.297 PM'
}
{
  method: 'GET',
  url: '/api/v1/property/?page=1',
  status: 304,
  response_time: 263.191,
  level: 'http',
  message: 'incoming-request',
  timestamp: '2024-07-31 07:18:36.505 PM'
}
{
  method: 'GET',
  url: '/api/v1/property/?page=1',
  status: 304,
  response_time: 113.643,
  level: 'http',
  message: 'incoming-request',
  timestamp: '2024-07-31 07:18:37.128 PM'
}
{
  method: 'GET',
  url: '/api/v1/user/profile',
  status: 401,
  content_length: '12',
  response_time: 0.333,
  level: 'http',
  message: 'incoming-request',
  timestamp: '2024-07-31 07:18:56.351 PM'
}
{
  method: 'GET',
  url: '/api/v1/property/666720f01ed8af0105a0d444',
  status: 304,
  response_time: 132.488,
  level: 'http',
  message: 'incoming-request',
  timestamp: '2024-07-31 07:18:56.486 PM'
}
{
  method: 'GET',
  url: '/api/v1/property/?page=1',
  status: 304,
  response_time: 156.96,
  level: 'http',
  message: 'incoming-request',
  timestamp: '2024-07-31 07:18:56.512 PM'
}
{
  method: 'GET',
  url: '/api/v1/user/profile',
  status: 401,
  content_length: '12',
  response_time: 0.218,
  level: 'http',
  message: 'incoming-request',
  timestamp: '2024-07-31 07:18:56.812 PM'
}
{
  method: 'GET',
  url: '/api/v1/property/666720f01ed8af0105a0d444',
  status: 304,
  response_time: 105.749,
  level: 'http',
  message: 'incoming-request',
  timestamp: '2024-07-31 07:18:56.919 PM'
}
{
  method: 'GET',
  url: '/api/v1/property/?page=1',
  status: 304,
  response_time: 268.532,
  level: 'http',
  message: 'incoming-request',
  timestamp: '2024-07-31 07:18:57.082 PM'
}
{
  method: 'GET',
  url: '/api/v1/property/?page=1',
  status: 304,
  response_time: 175.265,
  level: 'http',
  message: 'incoming-request',
  timestamp: '2024-07-31 07:18:58.720 PM'
}
{
  method: 'GET',
  url: '/api/v1/user/profile',
  status: 401,
  content_length: '12',
  response_time: 0.308,
  level: 'http',
  message: 'incoming-request',
  timestamp: '2024-07-31 07:19:18.787 PM'
}
{
  method: 'GET',
  url: '/api/v1/property/666720f01ed8af0105a0d444',
  status: 304,
  response_time: 72.101,
  level: 'http',
  message: 'incoming-request',
  timestamp: '2024-07-31 07:19:18.861 PM'
}
{
  method: 'GET',
  url: '/api/v1/property/?page=1',
  status: 304,
  response_time: 139.885,
  level: 'http',
  message: 'incoming-request',
  timestamp: '2024-07-31 07:19:18.930 PM'
}
{
  method: 'GET',
  url: '/api/v1/user/profile',
  status: 401,
  content_length: '12',
  response_time: 0.184,
  level: 'http',
  message: 'incoming-request',
  timestamp: '2024-07-31 07:19:19.093 PM'
}
{
  method: 'GET',
  url: '/api/v1/property/666720f01ed8af0105a0d444',
  status: 304,
  response_time: 42.264,
  level: 'http',
  message: 'incoming-request',
  timestamp: '2024-07-31 07:19:19.136 PM'
}
{
  method: 'GET',
  url: '/api/v1/property/?page=1',
  status: 304,
  response_time: 253.326,
  level: 'http',
  message: 'incoming-request',
  timestamp: '2024-07-31 07:19:19.348 PM'
}
{
  method: 'GET',
  url: '/api/v1/user/profile',
  status: 401,
  content_length: '12',
  response_time: 0.236,
  level: 'http',
  message: 'incoming-request',
  timestamp: '2024-07-31 07:19:23.056 PM'
}
{
  method: 'GET',
  url: '/api/v1/property/666720f01ed8af0105a0d444',
  status: 304,
  response_time: 58.108,
  level: 'http',
  message: 'incoming-request',
  timestamp: '2024-07-31 07:19:23.116 PM'
}
{
  method: 'GET',
  url: '/api/v1/property/?page=1',
  status: 304,
  response_time: 153.317,
  level: 'http',
  message: 'incoming-request',
  timestamp: '2024-07-31 07:19:23.213 PM'
}
{
  method: 'GET',
  url: '/api/v1/user/profile',
  status: 401,
  content_length: '12',
  response_time: 0.227,
  level: 'http',
  message: 'incoming-request',
  timestamp: '2024-07-31 07:19:23.229 PM'
}
{
  method: 'GET',
  url: '/api/v1/property/666720f01ed8af0105a0d444',
  status: 304,
  response_time: 99.508,
  level: 'http',
  message: 'incoming-request',
  timestamp: '2024-07-31 07:19:23.330 PM'
}
{
  method: 'GET',
  url: '/api/v1/property/?page=1',
  status: 304,
  response_time: 338.407,
  level: 'http',
  message: 'incoming-request',
  timestamp: '2024-07-31 07:19:23.570 PM'
}
{
  method: 'GET',
  url: '/api/v1/user/profile',
  status: 401,
  content_length: '12',
  response_time: 0.292,
  level: 'http',
  message: 'incoming-request',
  timestamp: '2024-07-31 07:19:55.510 PM'
}
{
  method: 'GET',
  url: '/api/v1/property/666720f01ed8af0105a0d444',
  status: 304,
  response_time: 53.693,
  level: 'http',
  message: 'incoming-request',
  timestamp: '2024-07-31 07:19:55.564 PM'
}
{
  method: 'GET',
  url: '/api/v1/property/?page=1',
  status: 304,
  response_time: 188.824,
  level: 'http',
  message: 'incoming-request',
  timestamp: '2024-07-31 07:19:55.701 PM'
}
{
  method: 'GET',
  url: '/api/v1/user/profile',
  status: 401,
  content_length: '12',
  response_time: 0.224,
  level: 'http',
  message: 'incoming-request',
  timestamp: '2024-07-31 07:19:55.766 PM'
}
{
  method: 'GET',
  url: '/api/v1/property/666720f01ed8af0105a0d444',
  status: 304,
  response_time: 72.692,
  level: 'http',
  message: 'incoming-request',
  timestamp: '2024-07-31 07:19:55.840 PM'
}
{
  method: 'GET',
  url: '/api/v1/property/?page=1',
  status: 304,
  response_time: 161.973,
  level: 'http',
  message: 'incoming-request',
  timestamp: '2024-07-31 07:19:55.931 PM'
}
{
  method: 'GET',
  url: '/api/v1/user/profile',
  status: 401,
  content_length: '12',
  response_time: 0.254,
  level: 'http',
  message: 'incoming-request',
  timestamp: '2024-07-31 07:19:59.100 PM'
}
{
  method: 'GET',
  url: '/api/v1/property/666720f01ed8af0105a0d444',
  status: 304,
  response_time: 53.649,
  level: 'http',
  message: 'incoming-request',
  timestamp: '2024-07-31 07:19:59.155 PM'
}
{
  method: 'GET',
  url: '/api/v1/property/?page=1',
  status: 304,
  response_time: 246.779,
  level: 'http',
  message: 'incoming-request',
  timestamp: '2024-07-31 07:19:59.349 PM'
}
{
  method: 'GET',
  url: '/api/v1/user/profile',
  status: 401,
  content_length: '12',
  response_time: 0.256,
  level: 'http',
  message: 'incoming-request',
  timestamp: '2024-07-31 07:20:02.178 PM'
}
{
  method: 'GET',
  url: '/api/v1/property/666720f01ed8af0105a0d444',
  status: 304,
  response_time: 41.524,
  level: 'http',
  message: 'incoming-request',
  timestamp: '2024-07-31 07:20:02.220 PM'
}
{
  method: 'GET',
  url: '/api/v1/property/?page=1',
  status: 304,
  response_time: 230.887,
  level: 'http',
  message: 'incoming-request',
  timestamp: '2024-07-31 07:20:02.410 PM'
}
{
  method: 'GET',
  url: '/api/v1/user/profile',
  status: 401,
  content_length: '12',
  response_time: 0.295,
  level: 'http',
  message: 'incoming-request',
  timestamp: '2024-07-31 07:20:22.401 PM'
}
{
  method: 'GET',
  url: '/api/v1/property/666720f01ed8af0105a0d444',
  status: 304,
  response_time: 56.447,
  level: 'http',
  message: 'incoming-request',
  timestamp: '2024-07-31 07:20:22.459 PM'
}
{
  method: 'GET',
  url: '/api/v1/user/profile',
  status: 401,
  content_length: '12',
  response_time: 0.252,
  level: 'http',
  message: 'incoming-request',
  timestamp: '2024-07-31 07:20:22.715 PM'
}
{
  method: 'GET',
  url: '/api/v1/property/666720f01ed8af0105a0d444',
  status: 304,
  response_time: 423.424,
  level: 'http',
  message: 'incoming-request',
  timestamp: '2024-07-31 07:20:23.142 PM'
}
{
  method: 'GET',
  url: '/api/v1/property/?page=1',
  status: 304,
  response_time: 796.805,
  level: 'http',
  message: 'incoming-request',
  timestamp: '2024-07-31 07:20:23.204 PM'
}
{
  method: 'GET',
  url: '/api/v1/property/?page=1',
  status: 304,
  response_time: 523.778,
  level: 'http',
  message: 'incoming-request',
  timestamp: '2024-07-31 07:20:23.244 PM'
}
{
  method: 'GET',
  url: '/api/v1/user/profile',
  status: 401,
  content_length: '12',
  response_time: 0.236,
  level: 'http',
  message: 'incoming-request',
  timestamp: '2024-07-31 07:20:24.179 PM'
}
{
  method: 'GET',
  url: '/api/v1/property/666720f01ed8af0105a0d444',
  status: 304,
  response_time: 114.946,
  level: 'http',
  message: 'incoming-request',
  timestamp: '2024-07-31 07:20:24.296 PM'
}
{
  method: 'GET',
  url: '/api/v1/property/?page=1',
  status: 304,
  response_time: 249.125,
  level: 'http',
  message: 'incoming-request',
  timestamp: '2024-07-31 07:20:24.429 PM'
}
{
  method: 'GET',
  url: '/api/v1/user/profile',
  status: 401,
  content_length: '12',
  response_time: 0.218,
  level: 'http',
  message: 'incoming-request',
  timestamp: '2024-07-31 07:20:24.605 PM'
}
{
  method: 'GET',
  url: '/api/v1/property/666720f01ed8af0105a0d444',
  status: 304,
  response_time: 41.952,
  level: 'http',
  message: 'incoming-request',
  timestamp: '2024-07-31 07:20:24.648 PM'
}
{
  method: 'GET',
  url: '/api/v1/property/?page=1',
  status: 304,
  response_time: 248.11,
  level: 'http',
  message: 'incoming-request',
  timestamp: '2024-07-31 07:20:24.857 PM'
}
{
  method: 'GET',
  url: '/api/v1/user/profile',
  status: 401,
  content_length: '12',
  response_time: 0.267,
  level: 'http',
  message: 'incoming-request',
  timestamp: '2024-07-31 07:20:32.696 PM'
}
{
  method: 'GET',
  url: '/api/v1/property/666720f01ed8af0105a0d444',
  status: 304,
  response_time: 43.162,
  level: 'http',
  message: 'incoming-request',
  timestamp: '2024-07-31 07:20:32.749 PM'
}
{
  method: 'GET',
  url: '/api/v1/property/?page=1',
  status: 304,
  response_time: 197.163,
  level: 'http',
  message: 'incoming-request',
  timestamp: '2024-07-31 07:20:32.905 PM'
}
{
  method: 'GET',
  url: '/api/v1/user/profile',
  status: 401,
  content_length: '12',
  response_time: 0.206,
  level: 'http',
  message: 'incoming-request',
  timestamp: '2024-07-31 07:20:33.019 PM'
}
{
  method: 'GET',
  url: '/api/v1/property/666720f01ed8af0105a0d444',
  status: 304,
  response_time: 238.492,
  level: 'http',
  message: 'incoming-request',
  timestamp: '2024-07-31 07:20:33.259 PM'
}
{
  method: 'GET',
  url: '/api/v1/property/?page=1',
  status: 304,
  response_time: 452.929,
  level: 'http',
  message: 'incoming-request',
  timestamp: '2024-07-31 07:20:33.476 PM'
}
{
  method: 'GET',
  url: '/api/v1/user/profile',
  status: 401,
  content_length: '12',
  response_time: 0.272,
  level: 'http',
  message: 'incoming-request',
  timestamp: '2024-07-31 07:21:15.540 PM'
}
{
  method: 'GET',
  url: '/api/v1/property/666720f01ed8af0105a0d444',
  status: 304,
  response_time: 150.409,
  level: 'http',
  message: 'incoming-request',
  timestamp: '2024-07-31 07:21:15.693 PM'
}
{
  method: 'GET',
  url: '/api/v1/property/?page=1',
  status: 304,
  response_time: 202.128,
  level: 'http',
  message: 'incoming-request',
  timestamp: '2024-07-31 07:21:15.746 PM'
}
{
  method: 'GET',
  url: '/api/v1/user/profile',
  status: 401,
  content_length: '12',
  response_time: 0.167,
  level: 'http',
  message: 'incoming-request',
  timestamp: '2024-07-31 07:21:15.767 PM'
}
{
  method: 'GET',
  url: '/api/v1/property/666720f01ed8af0105a0d444',
  status: 304,
  response_time: 70.061,
  level: 'http',
  message: 'incoming-request',
  timestamp: '2024-07-31 07:21:15.838 PM'
}
{
  method: 'GET',
  url: '/api/v1/property/?page=1',
  status: 304,
  response_time: 95.977,
  level: 'http',
  message: 'incoming-request',
  timestamp: '2024-07-31 07:21:15.865 PM'
}
{
  method: 'GET',
  url: '/api/v1/user/profile',
  status: 401,
  content_length: '12',
  response_time: 0.311,
  level: 'http',
  message: 'incoming-request',
  timestamp: '2024-07-31 07:21:17.544 PM'
}
{
  method: 'GET',
  url: '/api/v1/property/666720f01ed8af0105a0d444',
  status: 304,
  response_time: 42.007,
  level: 'http',
  message: 'incoming-request',
  timestamp: '2024-07-31 07:21:17.586 PM'
}
{
  method: 'GET',
  url: '/api/v1/property/?page=1',
  status: 304,
  response_time: 183.529,
  level: 'http',
  message: 'incoming-request',
  timestamp: '2024-07-31 07:21:17.729 PM'
}
{
  method: 'GET',
  url: '/api/v1/user/profile',
  status: 401,
  content_length: '12',
  response_time: 0.208,
  level: 'http',
  message: 'incoming-request',
  timestamp: '2024-07-31 07:21:17.905 PM'
}
{
  method: 'GET',
  url: '/api/v1/property/666720f01ed8af0105a0d444',
  status: 304,
  response_time: 44.375,
  level: 'http',
  message: 'incoming-request',
  timestamp: '2024-07-31 07:21:17.951 PM'
}
{
  method: 'GET',
  url: '/api/v1/property/?page=1',
  status: 304,
  response_time: 250.894,
  level: 'http',
  message: 'incoming-request',
  timestamp: '2024-07-31 07:21:18.158 PM'
}
{
  method: 'GET',
  url: '/api/v1/user/profile',
  status: 401,
  content_length: '12',
  response_time: 0.283,
  level: 'http',
  message: 'incoming-request',
  timestamp: '2024-07-31 07:21:21.327 PM'
}
{
  method: 'GET',
  url: '/api/v1/property/666720f01ed8af0105a0d444',
  status: 304,
  response_time: 42.772,
  level: 'http',
  message: 'incoming-request',
  timestamp: '2024-07-31 07:21:21.371 PM'
}
{
  method: 'GET',
  url: '/api/v1/property/?page=1',
  status: 304,
  response_time: 147.389,
  level: 'http',
  message: 'incoming-request',
  timestamp: '2024-07-31 07:21:21.477 PM'
}
{
  method: 'GET',
  url: '/api/v1/user/profile',
  status: 401,
  content_length: '12',
  response_time: 0.206,
  level: 'http',
  message: 'incoming-request',
  timestamp: '2024-07-31 07:21:21.651 PM'
}
{
  method: 'GET',
  url: '/api/v1/property/666720f01ed8af0105a0d444',
  status: 304,
  response_time: 69.774,
  level: 'http',
  message: 'incoming-request',
  timestamp: '2024-07-31 07:21:21.721 PM'
}
{
  method: 'GET',
  url: '/api/v1/property/?page=1',
  status: 304,
  response_time: 286.76,
  level: 'http',
  message: 'incoming-request',
  timestamp: '2024-07-31 07:21:21.939 PM'
}
{
  method: 'GET',
  url: '/api/v1/user/profile',
  status: 401,
  content_length: '12',
  response_time: 0.185,
  level: 'http',
  message: 'incoming-request',
  timestamp: '2024-07-31 07:21:27.478 PM'
}
{
  method: 'GET',
  url: '/api/v1/property/666720f01ed8af0105a0d444',
  status: 304,
  response_time: 42.539,
  level: 'http',
  message: 'incoming-request',
  timestamp: '2024-07-31 07:21:27.522 PM'
}
{
  method: 'GET',
  url: '/api/v1/property/?page=1',
  status: 304,
  response_time: 201.055,
  level: 'http',
  message: 'incoming-request',
  timestamp: '2024-07-31 07:21:27.681 PM'
}
{
  method: 'GET',
  url: '/api/v1/user/profile',
  status: 401,
  content_length: '12',
  response_time: 0.381,
  level: 'http',
  message: 'incoming-request',
  timestamp: '2024-07-31 07:21:27.683 PM'
}
{
  method: 'GET',
  url: '/api/v1/property/666720f01ed8af0105a0d444',
  status: 304,
  response_time: 116.371,
  level: 'http',
  message: 'incoming-request',
  timestamp: '2024-07-31 07:21:27.802 PM'
}
{
  method: 'GET',
  url: '/api/v1/property/?page=1',
  status: 304,
  response_time: 201.248,
  level: 'http',
  message: 'incoming-request',
  timestamp: '2024-07-31 07:21:27.888 PM'
}
{
  method: 'GET',
  url: '/api/v1/user/profile',
  status: 401,
  content_length: '12',
  response_time: 0.214,
  level: 'http',
  message: 'incoming-request',
  timestamp: '2024-07-31 07:21:36.021 PM'
}
{
  method: 'GET',
  url: '/api/v1/property/666720f01ed8af0105a0d444',
  status: 304,
  response_time: 205.079,
  level: 'http',
  message: 'incoming-request',
  timestamp: '2024-07-31 07:21:36.228 PM'
}
{
  method: 'GET',
  url: '/api/v1/user/profile',
  status: 401,
  content_length: '12',
  response_time: 0.215,
  level: 'http',
  message: 'incoming-request',
  timestamp: '2024-07-31 07:21:36.297 PM'
}
{
  method: 'GET',
  url: '/api/v1/property/666720f01ed8af0105a0d444',
  status: 304,
  response_time: 50.502,
  level: 'http',
  message: 'incoming-request',
  timestamp: '2024-07-31 07:21:36.350 PM'
}
{
  method: 'GET',
  url: '/api/v1/property/?page=1',
  status: 304,
  response_time: 353.995,
  level: 'http',
  message: 'incoming-request',
  timestamp: '2024-07-31 07:21:36.378 PM'
}
{
  method: 'GET',
  url: '/api/v1/property/?page=1',
  status: 304,
  response_time: 155.546,
  level: 'http',
  message: 'incoming-request',
  timestamp: '2024-07-31 07:21:36.457 PM'
}
{
  method: 'GET',
  url: '/api/v1/user/profile',
  status: 401,
  content_length: '12',
  response_time: 0.26,
  level: 'http',
  message: 'incoming-request',
  timestamp: '2024-07-31 07:21:49.983 PM'
}
{
  method: 'GET',
  url: '/api/v1/property/666720f01ed8af0105a0d444',
  status: 304,
  response_time: 152.189,
  level: 'http',
  message: 'incoming-request',
  timestamp: '2024-07-31 07:21:50.137 PM'
}
{
  method: 'GET',
  url: '/api/v1/property/?page=1',
  status: 304,
  response_time: 177.65,
  level: 'http',
  message: 'incoming-request',
  timestamp: '2024-07-31 07:21:50.163 PM'
}
{
  method: 'GET',
  url: '/api/v1/user/profile',
  status: 401,
  content_length: '12',
  response_time: 0.228,
  level: 'http',
  message: 'incoming-request',
  timestamp: '2024-07-31 07:21:50.458 PM'
}
{
  method: 'GET',
  url: '/api/v1/property/666720f01ed8af0105a0d444',
  status: 304,
  response_time: 66.164,
  level: 'http',
  message: 'incoming-request',
  timestamp: '2024-07-31 07:21:50.526 PM'
}
{
  method: 'GET',
  url: '/api/v1/property/?page=1',
  status: 304,
  response_time: 272.376,
  level: 'http',
  message: 'incoming-request',
  timestamp: '2024-07-31 07:21:50.734 PM'
}
{
  method: 'GET',
  url: '/api/v1/user/profile',
  status: 401,
  content_length: '12',
  response_time: 0.269,
  level: 'http',
  message: 'incoming-request',
  timestamp: '2024-07-31 07:27:05.478 PM'
}
{
  method: 'GET',
  url: '/api/v1/property/666720f01ed8af0105a0d444',
  status: 304,
  response_time: 61.778,
  level: 'http',
  message: 'incoming-request',
  timestamp: '2024-07-31 07:27:05.542 PM'
}
{
  method: 'GET',
  url: '/api/v1/property/?page=1',
  status: 304,
  response_time: 167.418,
  level: 'http',
  message: 'incoming-request',
  timestamp: '2024-07-31 07:27:05.646 PM'
}
{
  method: 'GET',
  url: '/api/v1/user/profile',
  status: 401,
  content_length: '12',
  response_time: 0.211,
  level: 'http',
  message: 'incoming-request',
  timestamp: '2024-07-31 07:27:05.816 PM'
}
{
  method: 'GET',
  url: '/api/v1/property/666720f01ed8af0105a0d444',
  status: 304,
  response_time: 92.544,
  level: 'http',
  message: 'incoming-request',
  timestamp: '2024-07-31 07:27:05.911 PM'
}
{
  method: 'GET',
  url: '/api/v1/property/?page=1',
  status: 304,
  response_time: 120.854,
  level: 'http',
  message: 'incoming-request',
  timestamp: '2024-07-31 07:27:05.941 PM'
}
{
  method: 'GET',
  url: '/api/v1/user/profile',
  status: 401,
  content_length: '12',
  response_time: 0.371,
  level: 'http',
  message: 'incoming-request',
  timestamp: '2024-07-31 07:28:15.230 PM'
}
{
  method: 'GET',
  url: '/api/v1/user/profile',
  status: 401,
  content_length: '12',
  response_time: 0.196,
  level: 'http',
  message: 'incoming-request',
  timestamp: '2024-07-31 07:28:15.481 PM'
}
{
  method: 'GET',
  url: '/api/v1/property/666720f01ed8af0105a0d444',
  status: 304,
  response_time: 128.663,
  level: 'http',
  message: 'incoming-request',
  timestamp: '2024-07-31 07:28:15.611 PM'
}
{
  method: 'GET',
  url: '/api/v1/property/666720f01ed8af0105a0d444',
  status: 304,
  response_time: 400.47,
  level: 'http',
  message: 'incoming-request',
  timestamp: '2024-07-31 07:28:15.635 PM'
}
{
  method: 'GET',
  url: '/api/v1/property/?page=1',
  status: 304,
  response_time: 469.079,
  level: 'http',
  message: 'incoming-request',
  timestamp: '2024-07-31 07:28:15.701 PM'
}
{
  method: 'GET',
  url: '/api/v1/property/?page=1',
  status: 304,
  response_time: 244.995,
  level: 'http',
  message: 'incoming-request',
  timestamp: '2024-07-31 07:28:15.729 PM'
}
{
  method: 'GET',
  url: '/api/v1/user/profile',
  status: 401,
  content_length: '12',
  response_time: 0.29,
  level: 'http',
  message: 'incoming-request',
  timestamp: '2024-07-31 07:28:19.728 PM'
}
{
  method: 'GET',
  url: '/api/v1/property/666720f01ed8af0105a0d444',
  status: 304,
  response_time: 78.077,
  level: 'http',
  message: 'incoming-request',
  timestamp: '2024-07-31 07:28:19.807 PM'
}
{
  method: 'GET',
  url: '/api/v1/property/?page=1',
  status: 304,
  response_time: 115.573,
  level: 'http',
  message: 'incoming-request',
  timestamp: '2024-07-31 07:28:19.847 PM'
}
{
  method: 'GET',
  url: '/api/v1/user/profile',
  status: 401,
  content_length: '12',
  response_time: 0.18,
  level: 'http',
  message: 'incoming-request',
  timestamp: '2024-07-31 07:28:19.995 PM'
}
{
  method: 'GET',
  url: '/api/v1/property/666720f01ed8af0105a0d444',
  status: 304,
  response_time: 40.987,
  level: 'http',
  message: 'incoming-request',
  timestamp: '2024-07-31 07:28:20.038 PM'
}
{
  method: 'GET',
  url: '/api/v1/property/?page=1',
  status: 304,
  response_time: 157.97,
  level: 'http',
  message: 'incoming-request',
  timestamp: '2024-07-31 07:28:20.156 PM'
}
{
  method: 'GET',
  url: '/api/v1/user/profile',
  status: 401,
  content_length: '12',
  response_time: 0.281,
  level: 'http',
  message: 'incoming-request',
  timestamp: '2024-07-31 07:28:53.466 PM'
}
{
  method: 'GET',
  url: '/api/v1/property/666720f01ed8af0105a0d444',
  status: 304,
  response_time: 94.641,
  level: 'http',
  message: 'incoming-request',
  timestamp: '2024-07-31 07:28:53.563 PM'
}
{
  method: 'GET',
  url: '/api/v1/property/?page=1',
  status: 304,
  response_time: 142.308,
  level: 'http',
  message: 'incoming-request',
  timestamp: '2024-07-31 07:28:53.612 PM'
}
{
  method: 'GET',
  url: '/api/v1/user/profile',
  status: 401,
  content_length: '12',
  response_time: 0.167,
  level: 'http',
  message: 'incoming-request',
  timestamp: '2024-07-31 07:28:54.071 PM'
}
{
  method: 'GET',
  url: '/api/v1/property/666720f01ed8af0105a0d444',
  status: 304,
  response_time: 78.774,
  level: 'http',
  message: 'incoming-request',
  timestamp: '2024-07-31 07:28:54.151 PM'
}
{
  method: 'GET',
  url: '/api/v1/property/?page=1',
  status: 304,
  response_time: 293.529,
  level: 'http',
  message: 'incoming-request',
  timestamp: '2024-07-31 07:28:54.367 PM'
}
