{
  message: 'Server on 1997 running. NodeENV: development  ',
  level: 'info',
  timestamp: '2024-11-19 10:14:51.098 AM'
}
{
  method: 'GET',
  url: '/api/v1/property/666720f01ed8af0105a0d444',
  status: 200,
  content_length: '572',
  response_time: 64.71,
  level: 'http',
  message: 'incoming-request',
  timestamp: '2024-11-19 10:17:23.969 AM'
}
{
  method: 'GET',
  url: '/api/v1/property/?page=1',
  status: 200,
  content_length: '3408',
  response_time: 116.096,
  level: 'http',
  message: 'incoming-request',
  timestamp: '2024-11-19 10:17:24.026 AM'
}
{
  method: 'GET',
  url: '/api/v1/user/profile',
  status: 304,
  response_time: 111.67,
  level: 'http',
  message: 'incoming-request',
  timestamp: '2024-11-19 10:18:14.875 AM'
}
{
  method: 'GET',
  url: '/api/v1/property/666720f01ed8af0105a0d444',
  status: 200,
  content_length: '572',
  response_time: 463.914,
  level: 'http',
  message: 'incoming-request',
  timestamp: '2024-11-19 12:36:36.991 PM'
}
{
  method: 'GET',
  url: '/api/v1/property/?page=1',
  status: 200,
  content_length: '3408',
  response_time: 518.956,
  level: 'http',
  message: 'incoming-request',
  timestamp: '2024-11-19 12:36:37.057 PM'
}
{
  method: 'GET',
  url: '/api/v1/user/profile',
  status: 304,
  response_time: 113.209,
  level: 'http',
  message: 'incoming-request',
  timestamp: '2024-11-19 12:37:14.256 PM'
}
{
  method: 'GET',
  url: '/api/v1/user/profile',
  status: 304,
  response_time: 109.595,
  level: 'http',
  message: 'incoming-request',
  timestamp: '2024-11-19 12:37:20.776 PM'
}
{
  method: 'GET',
  url: '/api/v1/property/?page=1',
  status: 200,
  content_length: '3408',
  response_time: 109.065,
  level: 'http',
  message: 'incoming-request',
  timestamp: '2024-11-19 12:37:22.994 PM'
}
{
  method: 'GET',
  url: '/api/v1/property/?page=2',
  status: 200,
  content_length: '3019',
  response_time: 108.651,
  level: 'http',
  message: 'incoming-request',
  timestamp: '2024-11-19 12:37:32.626 PM'
}
{
  method: 'GET',
  url: '/api/v1/property/?page=2',
  status: 200,
  content_length: '3019',
  response_time: 108.087,
  level: 'http',
  message: 'incoming-request',
  timestamp: '2024-11-19 12:39:23.598 PM'
}
{
  method: 'GET',
  url: '/api/v1/user/profile',
  status: 304,
  response_time: 107.527,
  level: 'http',
  message: 'incoming-request',
  timestamp: '2024-11-19 12:39:24.007 PM'
}
{
  method: 'GET',
  url: '/api/v1/property/?page=2',
  status: 200,
  content_length: '3019',
  response_time: 109.54,
  level: 'http',
  message: 'incoming-request',
  timestamp: '2024-11-19 12:39:31.203 PM'
}
{
  method: 'GET',
  url: '/api/v1/user/profile',
  status: 304,
  response_time: 108.954,
  level: 'http',
  message: 'incoming-request',
  timestamp: '2024-11-19 12:39:31.542 PM'
}
{
  method: 'GET',
  url: '/api/v1/property/?page=2',
  status: 200,
  content_length: '3019',
  response_time: 108.211,
  level: 'http',
  message: 'incoming-request',
  timestamp: '2024-11-19 12:39:38.532 PM'
}
{
  method: 'GET',
  url: '/api/v1/user/profile',
  status: 304,
  response_time: 109.74,
  level: 'http',
  message: 'incoming-request',
  timestamp: '2024-11-19 12:39:38.761 PM'
}
{
  method: 'GET',
  url: '/api/v1/property/?page=2',
  status: 200,
  content_length: '3019',
  response_time: 107.906,
  level: 'http',
  message: 'incoming-request',
  timestamp: '2024-11-19 12:39:53.945 PM'
}
{
  method: 'GET',
  url: '/api/v1/user/profile',
  status: 304,
  response_time: 137.814,
  level: 'http',
  message: 'incoming-request',
  timestamp: '2024-11-19 12:39:54.357 PM'
}
{
  method: 'GET',
  url: '/api/v1/property/?page=2',
  status: 200,
  content_length: '3019',
  response_time: 108.651,
  level: 'http',
  message: 'incoming-request',
  timestamp: '2024-11-19 12:42:16.330 PM'
}
{
  method: 'GET',
  url: '/api/v1/user/profile',
  status: 304,
  response_time: 107.311,
  level: 'http',
  message: 'incoming-request',
  timestamp: '2024-11-19 12:42:16.878 PM'
}
{
  method: 'GET',
  url: '/api/v1/property/?page=2',
  status: 200,
  content_length: '3019',
  response_time: 108.56,
  level: 'http',
  message: 'incoming-request',
  timestamp: '2024-11-19 12:42:25.056 PM'
}
{
  method: 'GET',
  url: '/api/v1/user/profile',
  status: 304,
  response_time: 107.333,
  level: 'http',
  message: 'incoming-request',
  timestamp: '2024-11-19 12:42:25.600 PM'
}
{
  method: 'GET',
  url: '/api/v1/property/?page=2',
  status: 200,
  content_length: '3019',
  response_time: 109.14,
  level: 'http',
  message: 'incoming-request',
  timestamp: '2024-11-19 12:42:40.502 PM'
}
{
  method: 'GET',
  url: '/api/v1/user/profile',
  status: 304,
  response_time: 107.815,
  level: 'http',
  message: 'incoming-request',
  timestamp: '2024-11-19 12:42:40.737 PM'
}
{
  method: 'GET',
  url: '/api/v1/property/?page=2',
  status: 200,
  content_length: '3019',
  response_time: 107.991,
  level: 'http',
  message: 'incoming-request',
  timestamp: '2024-11-19 12:42:43.268 PM'
}
{
  method: 'GET',
  url: '/api/v1/user/profile',
  status: 304,
  response_time: 107.194,
  level: 'http',
  message: 'incoming-request',
  timestamp: '2024-11-19 12:42:43.616 PM'
}
{
  method: 'GET',
  url: '/api/v1/property/?page=2',
  status: 200,
  content_length: '3019',
  response_time: 108.528,
  level: 'http',
  message: 'incoming-request',
  timestamp: '2024-11-19 12:46:02.023 PM'
}
{
  method: 'GET',
  url: '/api/v1/user/profile',
  status: 304,
  response_time: 107.789,
  level: 'http',
  message: 'incoming-request',
  timestamp: '2024-11-19 12:46:02.576 PM'
}
{
  method: 'GET',
  url: '/api/v1/property/?page=2',
  status: 200,
  content_length: '3019',
  response_time: 108.428,
  level: 'http',
  message: 'incoming-request',
  timestamp: '2024-11-19 12:46:23.607 PM'
}
{
  method: 'GET',
  url: '/api/v1/user/profile',
  status: 304,
  response_time: 107.481,
  level: 'http',
  message: 'incoming-request',
  timestamp: '2024-11-19 12:46:24.144 PM'
}
{
  method: 'GET',
  url: '/api/v1/property/?page=2',
  status: 200,
  content_length: '3019',
  response_time: 110.979,
  level: 'http',
  message: 'incoming-request',
  timestamp: '2024-11-19 12:50:38.041 PM'
}
{
  method: 'GET',
  url: '/api/v1/user/profile',
  status: 304,
  response_time: 107.527,
  level: 'http',
  message: 'incoming-request',
  timestamp: '2024-11-19 12:50:38.523 PM'
}
{
  method: 'GET',
  url: '/api/v1/property/?page=2',
  status: 200,
  content_length: '3019',
  response_time: 108.204,
  level: 'http',
  message: 'incoming-request',
  timestamp: '2024-11-19 12:50:40.567 PM'
}
{
  method: 'GET',
  url: '/api/v1/user/profile',
  status: 304,
  response_time: 107.754,
  level: 'http',
  message: 'incoming-request',
  timestamp: '2024-11-19 12:50:40.845 PM'
}
{
  method: 'GET',
  url: '/api/v1/property/?page=2',
  status: 200,
  content_length: '3019',
  response_time: 108.204,
  level: 'http',
  message: 'incoming-request',
  timestamp: '2024-11-19 12:50:45.527 PM'
}
{
  method: 'GET',
  url: '/api/v1/user/profile',
  status: 0,
  response_time: '0',
  level: 'http',
  message: 'incoming-request',
  timestamp: '2024-11-19 12:50:46.625 PM'
}
{
  method: 'GET',
  url: '/api/v1/property/?page=2',
  status: 200,
  content_length: '3019',
  response_time: 109.63,
  level: 'http',
  message: 'incoming-request',
  timestamp: '2024-11-19 12:50:46.644 PM'
}
{
  method: 'GET',
  url: '/api/v1/user/profile',
  status: 304,
  response_time: 104.388,
  level: 'http',
  message: 'incoming-request',
  timestamp: '2024-11-19 12:50:47.512 PM'
}
{
  method: 'GET',
  url: '/api/v1/property/?page=2',
  status: 200,
  content_length: '3019',
  response_time: 104.757,
  level: 'http',
  message: 'incoming-request',
  timestamp: '2024-11-19 12:55:05.710 PM'
}
{
  method: 'GET',
  url: '/api/v1/user/profile',
  status: 304,
  response_time: 104.934,
  level: 'http',
  message: 'incoming-request',
  timestamp: '2024-11-19 12:55:06.137 PM'
}
{
  method: 'GET',
  url: '/api/v1/property/?page=2',
  status: 200,
  content_length: '3019',
  response_time: 105.316,
  level: 'http',
  message: 'incoming-request',
  timestamp: '2024-11-19 12:55:11.484 PM'
}
{
  method: 'GET',
  url: '/api/v1/user/profile',
  status: 304,
  response_time: 104.543,
  level: 'http',
  message: 'incoming-request',
  timestamp: '2024-11-19 12:55:12.130 PM'
}
{
  method: 'GET',
  url: '/api/v1/property/?page=2',
  status: 200,
  content_length: '3019',
  response_time: 105.249,
  level: 'http',
  message: 'incoming-request',
  timestamp: '2024-11-19 12:55:14.641 PM'
}
{
  method: 'GET',
  url: '/api/v1/user/profile',
  status: 304,
  response_time: 104.603,
  level: 'http',
  message: 'incoming-request',
  timestamp: '2024-11-19 12:55:15.254 PM'
}
{
  method: 'GET',
  url: '/api/v1/property/?page=2',
  status: 200,
  content_length: '3019',
  response_time: 106.712,
  level: 'http',
  message: 'incoming-request',
  timestamp: '2024-11-19 12:55:26.024 PM'
}
{
  method: 'GET',
  url: '/api/v1/user/profile',
  status: 304,
  response_time: 104.949,
  level: 'http',
  message: 'incoming-request',
  timestamp: '2024-11-19 12:55:26.280 PM'
}
{
  method: 'GET',
  url: '/api/v1/property/?page=2',
  status: 200,
  content_length: '3019',
  response_time: 105.709,
  level: 'http',
  message: 'incoming-request',
  timestamp: '2024-11-19 12:55:28.669 PM'
}
{
  method: 'GET',
  url: '/api/v1/user/profile',
  status: 304,
  response_time: 105.154,
  level: 'http',
  message: 'incoming-request',
  timestamp: '2024-11-19 12:55:28.877 PM'
}
{
  method: 'GET',
  url: '/api/v1/property/?page=2',
  status: 200,
  content_length: '3019',
  response_time: 105.156,
  level: 'http',
  message: 'incoming-request',
  timestamp: '2024-11-19 12:55:40.965 PM'
}
{
  method: 'GET',
  url: '/api/v1/user/profile',
  status: 304,
  response_time: 104.248,
  level: 'http',
  message: 'incoming-request',
  timestamp: '2024-11-19 12:55:41.423 PM'
}
{
  method: 'GET',
  url: '/api/v1/property/?page=2',
  status: 200,
  content_length: '3019',
  response_time: 107.325,
  level: 'http',
  message: 'incoming-request',
  timestamp: '2024-11-19 12:55:43.513 PM'
}
{
  method: 'GET',
  url: '/api/v1/user/profile',
  status: 304,
  response_time: 106.524,
  level: 'http',
  message: 'incoming-request',
  timestamp: '2024-11-19 12:55:43.866 PM'
}
{
  method: 'GET',
  url: '/api/v1/property/?page=2',
  status: 200,
  content_length: '3019',
  response_time: 104.935,
  level: 'http',
  message: 'incoming-request',
  timestamp: '2024-11-19 12:55:49.847 PM'
}
{
  method: 'GET',
  url: '/api/v1/user/profile',
  status: 304,
  response_time: 105.346,
  level: 'http',
  message: 'incoming-request',
  timestamp: '2024-11-19 12:55:50.258 PM'
}
{
  method: 'GET',
  url: '/api/v1/property/?page=2',
  status: 200,
  content_length: '3019',
  response_time: 104.688,
  level: 'http',
  message: 'incoming-request',
  timestamp: '2024-11-19 12:55:53.534 PM'
}
{
  method: 'GET',
  url: '/api/v1/user/profile',
  status: 304,
  response_time: 105.123,
  level: 'http',
  message: 'incoming-request',
  timestamp: '2024-11-19 12:55:54.034 PM'
}
{
  method: 'GET',
  url: '/api/v1/property/?page=2',
  status: 0,
  response_time: '0',
  level: 'http',
  message: 'incoming-request',
  timestamp: '2024-11-19 12:56:03.786 PM'
}
{
  method: 'GET',
  url: '/api/v1/user/profile',
  status: 0,
  response_time: '0',
  level: 'http',
  message: 'incoming-request',
  timestamp: '2024-11-19 12:56:04.406 PM'
}
{
  method: 'GET',
  url: '/api/v1/property/?page=2',
  status: 200,
  content_length: '3019',
  response_time: 104.606,
  level: 'http',
  message: 'incoming-request',
  timestamp: '2024-11-19 12:56:04.784 PM'
}
{
  method: 'GET',
  url: '/api/v1/user/profile',
  status: 304,
  response_time: 104.38,
  level: 'http',
  message: 'incoming-request',
  timestamp: '2024-11-19 12:56:05.438 PM'
}
{
  method: 'GET',
  url: '/api/v1/property/?page=2',
  status: 200,
  content_length: '3019',
  response_time: 104.639,
  level: 'http',
  message: 'incoming-request',
  timestamp: '2024-11-19 12:56:07.189 PM'
}
{
  method: 'GET',
  url: '/api/v1/user/profile',
  status: 304,
  response_time: 109.465,
  level: 'http',
  message: 'incoming-request',
  timestamp: '2024-11-19 12:56:07.567 PM'
}
{
  method: 'GET',
  url: '/api/v1/property/?page=2',
  status: 200,
  content_length: '3019',
  response_time: 104.31,
  level: 'http',
  message: 'incoming-request',
  timestamp: '2024-11-19 12:56:09.666 PM'
}
{
  method: 'GET',
  url: '/api/v1/user/profile',
  status: 304,
  response_time: 107.713,
  level: 'http',
  message: 'incoming-request',
  timestamp: '2024-11-19 12:56:09.928 PM'
}
{
  method: 'GET',
  url: '/api/v1/property/?page=2',
  status: 200,
  content_length: '3019',
  response_time: 104.206,
  level: 'http',
  message: 'incoming-request',
  timestamp: '2024-11-19 12:56:13.195 PM'
}
{
  method: 'GET',
  url: '/api/v1/user/profile',
  status: 304,
  response_time: 104.389,
  level: 'http',
  message: 'incoming-request',
  timestamp: '2024-11-19 12:56:13.445 PM'
}
{
  method: 'GET',
  url: '/api/v1/property/?page=2',
  status: 200,
  content_length: '3019',
  response_time: 104.907,
  level: 'http',
  message: 'incoming-request',
  timestamp: '2024-11-19 12:56:16.106 PM'
}
{
  method: 'GET',
  url: '/api/v1/property/?page=2',
  status: 200,
  content_length: '3019',
  response_time: 105.668,
  level: 'http',
  message: 'incoming-request',
  timestamp: '2024-11-19 12:56:17.445 PM'
}
{
  method: 'GET',
  url: '/api/v1/user/profile',
  status: 0,
  response_time: '0',
  level: 'http',
  message: 'incoming-request',
  timestamp: '2024-11-19 12:56:17.760 PM'
}
{
  method: 'GET',
  url: '/api/v1/user/profile',
  status: 304,
  response_time: 107.012,
  level: 'http',
  message: 'incoming-request',
  timestamp: '2024-11-19 12:56:18.610 PM'
}
{
  method: 'GET',
  url: '/api/v1/property/?page=2',
  status: 200,
  content_length: '3019',
  response_time: 104.562,
  level: 'http',
  message: 'incoming-request',
  timestamp: '2024-11-19 12:56:26.307 PM'
}
{
  method: 'GET',
  url: '/api/v1/user/profile',
  status: 304,
  response_time: 104.932,
  level: 'http',
  message: 'incoming-request',
  timestamp: '2024-11-19 12:56:26.815 PM'
}
{
  method: 'GET',
  url: '/api/v1/property/?page=2',
  status: 200,
  content_length: '3019',
  response_time: 107.421,
  level: 'http',
  message: 'incoming-request',
  timestamp: '2024-11-19 12:56:28.190 PM'
}
{
  method: 'GET',
  url: '/api/v1/user/profile',
  status: 304,
  response_time: 105.236,
  level: 'http',
  message: 'incoming-request',
  timestamp: '2024-11-19 12:56:28.614 PM'
}
{
  method: 'GET',
  url: '/api/v1/property/?page=2',
  status: 200,
  content_length: '3019',
  response_time: 105.227,
  level: 'http',
  message: 'incoming-request',
  timestamp: '2024-11-19 12:56:34.392 PM'
}
{
  method: 'GET',
  url: '/api/v1/user/profile',
  status: 304,
  response_time: 105.816,
  level: 'http',
  message: 'incoming-request',
  timestamp: '2024-11-19 12:56:34.708 PM'
}
{
  method: 'GET',
  url: '/api/v1/property/?page=2',
  status: 200,
  content_length: '3019',
  response_time: 104.653,
  level: 'http',
  message: 'incoming-request',
  timestamp: '2024-11-19 12:56:36.666 PM'
}
{
  method: 'GET',
  url: '/api/v1/user/profile',
  status: 304,
  response_time: 104.499,
  level: 'http',
  message: 'incoming-request',
  timestamp: '2024-11-19 12:56:36.871 PM'
}
{
  method: 'GET',
  url: '/api/v1/property/?page=2',
  status: 200,
  content_length: '3019',
  response_time: 105.001,
  level: 'http',
  message: 'incoming-request',
  timestamp: '2024-11-19 12:56:56.094 PM'
}
{
  method: 'GET',
  url: '/api/v1/user/profile',
  status: 304,
  response_time: 104.921,
  level: 'http',
  message: 'incoming-request',
  timestamp: '2024-11-19 12:56:56.520 PM'
}
{
  method: 'GET',
  url: '/api/v1/property/?page=2',
  status: 200,
  content_length: '3019',
  response_time: 107.587,
  level: 'http',
  message: 'incoming-request',
  timestamp: '2024-11-19 12:57:03.358 PM'
}
{
  method: 'GET',
  url: '/api/v1/user/profile',
  status: 304,
  response_time: 108.057,
  level: 'http',
  message: 'incoming-request',
  timestamp: '2024-11-19 12:57:03.725 PM'
}
{
  method: 'GET',
  url: '/api/v1/property/?page=2',
  status: 200,
  content_length: '3019',
  response_time: 104.513,
  level: 'http',
  message: 'incoming-request',
  timestamp: '2024-11-19 12:57:07.436 PM'
}
{
  method: 'GET',
  url: '/api/v1/user/profile',
  status: 304,
  response_time: 104.977,
  level: 'http',
  message: 'incoming-request',
  timestamp: '2024-11-19 12:57:07.792 PM'
}
{
  method: 'GET',
  url: '/api/v1/property/?page=2',
  status: 200,
  content_length: '3019',
  response_time: 106.268,
  level: 'http',
  message: 'incoming-request',
  timestamp: '2024-11-19 12:58:50.515 PM'
}
{
  method: 'GET',
  url: '/api/v1/user/profile',
  status: 304,
  response_time: 107.088,
  level: 'http',
  message: 'incoming-request',
  timestamp: '2024-11-19 12:58:50.945 PM'
}
{
  method: 'GET',
  url: '/api/v1/property/?page=2',
  status: 200,
  content_length: '3019',
  response_time: 106.042,
  level: 'http',
  message: 'incoming-request',
  timestamp: '2024-11-19 12:59:02.919 PM'
}
{
  method: 'GET',
  url: '/api/v1/user/profile',
  status: 304,
  response_time: 104.873,
  level: 'http',
  message: 'incoming-request',
  timestamp: '2024-11-19 12:59:03.253 PM'
}
{
  method: 'GET',
  url: '/api/v1/user/profile',
  status: 304,
  response_time: 104.435,
  level: 'http',
  message: 'incoming-request',
  timestamp: '2024-11-19 01:00:00.118 PM'
}
{
  method: 'GET',
  url: '/api/v1/user/profile',
  status: 304,
  response_time: 104.834,
  level: 'http',
  message: 'incoming-request',
  timestamp: '2024-11-19 01:00:05.460 PM'
}
{
  method: 'GET',
  url: '/api/v1/user/profile',
  status: 304,
  response_time: 104.299,
  level: 'http',
  message: 'incoming-request',
  timestamp: '2024-11-19 01:00:12.876 PM'
}
{
  method: 'GET',
  url: '/api/v1/auth/logout',
  status: 204,
  response_time: 7.78,
  level: 'http',
  message: 'incoming-request',
  timestamp: '2024-11-19 01:01:47.445 PM'
}
{
  method: 'GET',
  url: '/api/v1/property/666720f01ed8af0105a0d444',
  status: 200,
  content_length: '572',
  response_time: 54.227,
  level: 'http',
  message: 'incoming-request',
  timestamp: '2024-11-19 01:01:47.522 PM'
}
{
  method: 'GET',
  url: '/api/v1/property/?page=1',
  status: 200,
  content_length: '3408',
  response_time: 107.579,
  level: 'http',
  message: 'incoming-request',
  timestamp: '2024-11-19 01:01:47.576 PM'
}
{
  method: 'PATCH',
  url: '/api/v1/upload',
  status: 200,
  content_length: '130',
  response_time: 1713.625,
  level: 'http',
  message: 'incoming-request',
  timestamp: '2024-11-19 01:13:26.325 PM'
}
{
  method: 'POST',
  url: '/api/v1/property/create',
  status: 400,
  content_length: '22',
  response_time: 55.919,
  level: 'http',
  message: 'incoming-request',
  timestamp: '2024-11-19 01:13:46.188 PM'
}
{
  method: 'POST',
  url: '/api/v1/property/create',
  status: 400,
  content_length: '43',
  response_time: 109.181,
  level: 'http',
  message: 'incoming-request',
  timestamp: '2024-11-19 01:19:11.140 PM'
}
{
  method: 'POST',
  url: '/api/v1/property/create',
  status: 400,
  content_length: '43',
  response_time: 110.007,
  level: 'http',
  message: 'incoming-request',
  timestamp: '2024-11-19 01:19:29.095 PM'
}
{
  method: 'POST',
  url: '/api/v1/property/create',
  status: 400,
  content_length: '43',
  response_time: 108.766,
  level: 'http',
  message: 'incoming-request',
  timestamp: '2024-11-19 01:19:30.364 PM'
}
{
  method: 'PATCH',
  url: '/api/v1/upload',
  status: 200,
  content_length: '147',
  response_time: 3158.938,
  level: 'http',
  message: 'incoming-request',
  timestamp: '2024-11-19 01:21:05.713 PM'
}
{
  method: 'PATCH',
  url: '/api/v1/upload',
  status: 200,
  content_length: '116',
  response_time: 2351.72,
  level: 'http',
  message: 'incoming-request',
  timestamp: '2024-11-19 01:26:08.911 PM'
}
{
  method: 'POST',
  url: '/api/v1/property/create',
  status: 400,
  content_length: '22',
  response_time: 54.718,
  level: 'http',
  message: 'incoming-request',
  timestamp: '2024-11-19 01:32:25.461 PM'
}
{
  method: 'POST',
  url: '/api/v1/property/create',
  status: 400,
  content_length: '22',
  response_time: 54.582,
  level: 'http',
  message: 'incoming-request',
  timestamp: '2024-11-19 01:32:27.318 PM'
}
{
  method: 'POST',
  url: '/api/v1/property/create',
  status: 400,
  content_length: '43',
  response_time: 108.646,
  level: 'http',
  message: 'incoming-request',
  timestamp: '2024-11-19 01:32:31.381 PM'
}
{
  method: 'POST',
  url: '/api/v1/property/create',
  status: 400,
  content_length: '43',
  response_time: 108.554,
  level: 'http',
  message: 'incoming-request',
  timestamp: '2024-11-19 01:32:33.618 PM'
}
{
  method: 'POST',
  url: '/api/v1/property/create',
  status: 400,
  content_length: '43',
  response_time: 108.752,
  level: 'http',
  message: 'incoming-request',
  timestamp: '2024-11-19 01:34:08.932 PM'
}
{
  method: 'POST',
  url: '/api/v1/property/create',
  status: 400,
  content_length: '43',
  response_time: 108.612,
  level: 'http',
  message: 'incoming-request',
  timestamp: '2024-11-19 01:34:10.530 PM'
}
{
  method: 'POST',
  url: '/api/v1/property/create',
  status: 400,
  content_length: '43',
  response_time: 110.713,
  level: 'http',
  message: 'incoming-request',
  timestamp: '2024-11-19 01:35:16.380 PM'
}
{
  method: 'POST',
  url: '/api/v1/property/create',
  status: 400,
  content_length: '22',
  response_time: 54.091,
  level: 'http',
  message: 'incoming-request',
  timestamp: '2024-11-19 01:36:18.950 PM'
}
{
  method: 'POST',
  url: '/api/v1/property/create',
  status: 400,
  content_length: '38',
  response_time: 107.622,
  level: 'http',
  message: 'incoming-request',
  timestamp: '2024-11-19 01:36:24.579 PM'
}
{
  method: 'POST',
  url: '/api/v1/property/create',
  status: 201,
  content_length: '59',
  response_time: 166.369,
  level: 'http',
  message: 'incoming-request',
  timestamp: '2024-11-19 01:36:32.274 PM'
}
{
  method: 'GET',
  url: '/api/v1/property/?page=1',
  status: 200,
  content_length: '3408',
  response_time: 110.373,
  level: 'http',
  message: 'incoming-request',
  timestamp: '2024-11-19 01:36:47.444 PM'
}
{
  method: 'GET',
  url: '/api/v1/property/?page=3',
  status: 200,
  content_length: '1511',
  response_time: 107.342,
  level: 'http',
  message: 'incoming-request',
  timestamp: '2024-11-19 01:36:49.829 PM'
}
{
  method: 'GET',
  url: '/api/v1/property/673c7840cdedb8d188038825',
  status: 200,
  content_length: '518',
  response_time: 53.767,
  level: 'http',
  message: 'incoming-request',
  timestamp: '2024-11-19 01:37:00.548 PM'
}
{
  method: 'GET',
  url: '/api/v1/property/?page=1',
  status: 200,
  content_length: '3408',
  response_time: 129.744,
  level: 'http',
  message: 'incoming-request',
  timestamp: '2024-11-19 01:37:00.625 PM'
}
{
  message: 'Server on 1997 running. NodeENV: development  ',
  level: 'info',
  timestamp: '2024-11-19 01:43:28.602 PM'
}
{
  method: 'GET',
  url: '/api/v1/property/673c7840cdedb8d188038825',
  status: 304,
  response_time: 64.273,
  level: 'http',
  message: 'incoming-request',
  timestamp: '2024-11-19 01:43:31.303 PM'
}
{
  method: 'GET',
  url: '/api/v1/property/?page=1',
  status: 200,
  content_length: '3408',
  response_time: 119.39,
  level: 'http',
  message: 'incoming-request',
  timestamp: '2024-11-19 01:43:31.364 PM'
}
{
  method: 'GET',
  url: '/api/v1/user/profile',
  status: 304,
  response_time: 115.562,
  level: 'http',
  message: 'incoming-request',
  timestamp: '2024-11-19 01:43:39.752 PM'
}
{
  method: 'GET',
  url: '/api/v1/property/?page=1',
  status: 200,
  content_length: '3408',
  response_time: 111.702,
  level: 'http',
  message: 'incoming-request',
  timestamp: '2024-11-19 01:43:41.422 PM'
}
{
  method: 'POST',
  url: '/api/v1/property/create',
  status: 400,
  content_length: '22',
  response_time: 56.904,
  level: 'http',
  message: 'incoming-request',
  timestamp: '2024-11-19 01:53:03.290 PM'
}
{
  method: 'POST',
  url: '/api/v1/property/create',
  status: 400,
  content_length: '38',
  response_time: 111.737,
  level: 'http',
  message: 'incoming-request',
  timestamp: '2024-11-19 01:53:25.163 PM'
}
{
  method: 'POST',
  url: '/api/v1/property/create',
  status: 201,
  content_length: '59',
  response_time: 177.523,
  level: 'http',
  message: 'incoming-request',
  timestamp: '2024-11-19 01:54:10.550 PM'
}
{
  method: 'POST',
  url: '/api/v1/property/create',
  status: 400,
  content_length: '38',
  response_time: 113.382,
  level: 'http',
  message: 'incoming-request',
  timestamp: '2024-11-19 01:54:51.801 PM'
}
{
  method: 'POST',
  url: '/api/v1/property/create',
  status: 201,
  content_length: '59',
  response_time: 171.284,
  level: 'http',
  message: 'incoming-request',
  timestamp: '2024-11-19 01:54:56.436 PM'
}
{
  method: 'GET',
  url: '/api/v1/property/?page=1',
  status: 200,
  content_length: '3408',
  response_time: 110.424,
  level: 'http',
  message: 'incoming-request',
  timestamp: '2024-11-19 01:55:01.058 PM'
}
{
  method: 'GET',
  url: '/api/v1/property/?page=4',
  status: 200,
  content_length: '1271',
  response_time: 111.824,
  level: 'http',
  message: 'incoming-request',
  timestamp: '2024-11-19 01:55:03.181 PM'
}
{
  method: 'GET',
  url: '/api/v1/property/673c7c9094ed42fd63c465ff',
  status: 200,
  content_length: '638',
  response_time: 54.589,
  level: 'http',
  message: 'incoming-request',
  timestamp: '2024-11-19 01:55:11.095 PM'
}
{
  method: 'GET',
  url: '/api/v1/property/?page=1',
  status: 200,
  content_length: '3408',
  response_time: 106.787,
  level: 'http',
  message: 'incoming-request',
  timestamp: '2024-11-19 01:55:11.150 PM'
}
{
  message: 'Server on 1997 running. NodeENV: development  ',
  level: 'info',
  timestamp: '2024-11-19 03:29:26.879 PM'
}
{
  method: 'GET',
  url: '/api/v1/property/?page=1',
  status: 200,
  content_length: '3408',
  response_time: 187.022,
  level: 'http',
  message: 'incoming-request',
  timestamp: '2024-11-19 03:29:45.618 PM'
}
{
  method: 'POST',
  url: '/api/v1/property/create',
  status: 201,
  content_length: '59',
  response_time: 303.085,
  level: 'http',
  message: 'incoming-request',
  timestamp: '2024-11-19 03:32:14.719 PM'
}
{
  method: 'GET',
  url: '/api/v1/property/?page=1',
  status: 200,
  content_length: '3408',
  response_time: 146.375,
  level: 'http',
  message: 'incoming-request',
  timestamp: '2024-11-19 03:32:28.180 PM'
}
{
  method: 'GET',
  url: '/api/v1/property/?page=4',
  status: 200,
  content_length: '1855',
  response_time: 169.278,
  level: 'http',
  message: 'incoming-request',
  timestamp: '2024-11-19 03:32:31.060 PM'
}
{
  method: 'GET',
  url: '/api/v1/property/673c854eed1abcb45eb70dae',
  status: 200,
  content_length: '615',
  response_time: 61.764,
  level: 'http',
  message: 'incoming-request',
  timestamp: '2024-11-19 03:32:33.052 PM'
}
{
  method: 'GET',
  url: '/api/v1/property/?page=1',
  status: 200,
  content_length: '3408',
  response_time: 131.271,
  level: 'http',
  message: 'incoming-request',
  timestamp: '2024-11-19 03:32:33.132 PM'
}
{
  method: 'GET',
  url: '/api/v1/property/673c854eed1abcb45eb70dae',
  status: 304,
  response_time: 545.439,
  level: 'http',
  message: 'incoming-request',
  timestamp: '2024-11-19 03:39:28.374 PM'
}
{
  method: 'GET',
  url: '/api/v1/property/?page=1',
  status: 200,
  content_length: '3408',
  response_time: 610.615,
  level: 'http',
  message: 'incoming-request',
  timestamp: '2024-11-19 03:39:28.451 PM'
}
{
  method: 'POST',
  url: '/api/v1/property/create',
  status: 201,
  content_length: '59',
  response_time: 189.579,
  level: 'http',
  message: 'incoming-request',
  timestamp: '2024-11-19 03:40:02.284 PM'
}
{
  method: 'GET',
  url: '/api/v1/property/?page=1',
  status: 200,
  content_length: '3408',
  response_time: 117.476,
  level: 'http',
  message: 'incoming-request',
  timestamp: '2024-11-19 03:41:51.536 PM'
}
{
  method: 'GET',
  url: '/api/v1/property/?page=4',
  status: 200,
  content_length: '2373',
  response_time: 129.332,
  level: 'http',
  message: 'incoming-request',
  timestamp: '2024-11-19 03:41:53.844 PM'
}
{
  method: 'GET',
  url: '/api/v1/property/673c854eed1abcb45eb70dae',
  status: 304,
  response_time: 129.689,
  level: 'http',
  message: 'incoming-request',
  timestamp: '2024-11-19 03:48:57.389 PM'
}
{
  method: 'GET',
  url: '/api/v1/property/?page=1',
  status: 200,
  content_length: '3408',
  response_time: 173.764,
  level: 'http',
  message: 'incoming-request',
  timestamp: '2024-11-19 03:48:57.447 PM'
}
{
  method: 'GET',
  url: '/api/v1/property/673c854eed1abcb45eb70dae',
  status: 304,
  response_time: 71.584,
  level: 'http',
  message: 'incoming-request',
  timestamp: '2024-11-19 04:13:19.330 PM'
}
{
  method: 'GET',
  url: '/api/v1/property/?page=1',
  status: 200,
  content_length: '3408',
  response_time: 142.261,
  level: 'http',
  message: 'incoming-request',
  timestamp: '2024-11-19 04:13:19.404 PM'
}
{
  method: 'GET',
  url: '/api/v1/property/673c854eed1abcb45eb70dae',
  status: 304,
  response_time: 59.352,
  level: 'http',
  message: 'incoming-request',
  timestamp: '2024-11-19 04:13:37.339 PM'
}
{
  method: 'GET',
  url: '/api/v1/property/?page=1',
  status: 200,
  content_length: '3408',
  response_time: 125.235,
  level: 'http',
  message: 'incoming-request',
  timestamp: '2024-11-19 04:13:37.409 PM'
}
{
  method: 'GET',
  url: '/api/v1/property/673c854eed1abcb45eb70dae',
  status: 304,
  response_time: 149.186,
  level: 'http',
  message: 'incoming-request',
  timestamp: '2024-11-19 04:13:42.370 PM'
}
{
  method: 'GET',
  url: '/api/v1/property/?page=1',
  status: 200,
  content_length: '3408',
  response_time: 284.431,
  level: 'http',
  message: 'incoming-request',
  timestamp: '2024-11-19 04:13:42.785 PM'
}
{
  method: 'GET',
  url: '/api/v1/property/673c854eed1abcb45eb70dae',
  status: 304,
  response_time: 80.131,
  level: 'http',
  message: 'incoming-request',
  timestamp: '2024-11-19 04:13:45.402 PM'
}
{
  method: 'GET',
  url: '/api/v1/property/?page=1',
  status: 200,
  content_length: '3408',
  response_time: 189.706,
  level: 'http',
  message: 'incoming-request',
  timestamp: '2024-11-19 04:13:45.498 PM'
}
{
  method: 'GET',
  url: '/api/v1/property/undefined',
  status: 200,
  content_length: '1490',
  response_time: 12.894,
  level: 'http',
  message: 'incoming-request',
  timestamp: '2024-11-19 04:13:45.608 PM'
}
{
  method: 'GET',
  url: '/api/v1/property/673c854eed1abcb45eb70dae',
  status: 0,
  response_time: '0',
  level: 'http',
  message: 'incoming-request',
  timestamp: '2024-11-19 04:13:51.324 PM'
}
{
  method: 'GET',
  url: '/api/v1/property/?page=1',
  status: 0,
  response_time: '0',
  level: 'http',
  message: 'incoming-request',
  timestamp: '2024-11-19 04:13:51.325 PM'
}
{
  method: 'GET',
  url: '/api/v1/property/673c8722ed1abcb45eb70dda',
  status: 200,
  content_length: '549',
  response_time: 76.285,
  level: 'http',
  message: 'incoming-request',
  timestamp: '2024-11-19 04:13:53.015 PM'
}
{
  method: 'GET',
  url: '/api/v1/property/673c854eed1abcb45eb70dae',
  status: 0,
  response_time: '0',
  level: 'http',
  message: 'incoming-request',
  timestamp: '2024-11-19 04:13:55.957 PM'
}
{
  method: 'GET',
  url: '/api/v1/property/?page=1',
  status: 0,
  response_time: '0',
  level: 'http',
  message: 'incoming-request',
  timestamp: '2024-11-19 04:13:55.959 PM'
}
{
  method: 'GET',
  url: '/api/v1/property/673c8722ed1abcb45eb70dda',
  status: 304,
  response_time: 57.699,
  level: 'http',
  message: 'incoming-request',
  timestamp: '2024-11-19 04:13:57.191 PM'
}
{
  method: 'GET',
  url: '/api/v1/property/673c8722ed1abcb45eb70dda',
  status: 304,
  response_time: 56.8,
  level: 'http',
  message: 'incoming-request',
  timestamp: '2024-11-19 04:13:59.542 PM'
}
{
  method: 'GET',
  url: '/api/v1/property/673c8722ed1abcb45eb70dda',
  status: 304,
  response_time: 59.495,
  level: 'http',
  message: 'incoming-request',
  timestamp: '2024-11-19 04:14:10.120 PM'
}
{
  method: 'GET',
  url: '/api/v1/property/673c8722ed1abcb45eb70dda',
  status: 304,
  response_time: 56.209,
  level: 'http',
  message: 'incoming-request',
  timestamp: '2024-11-19 04:14:15.626 PM'
}
{
  method: 'GET',
  url: '/api/v1/property/673c8722ed1abcb45eb70dda',
  status: 304,
  response_time: 56.449,
  level: 'http',
  message: 'incoming-request',
  timestamp: '2024-11-19 04:14:17.920 PM'
}
{
  method: 'GET',
  url: '/api/v1/property/673c8722ed1abcb45eb70dda',
  status: 304,
  response_time: 71.678,
  level: 'http',
  message: 'incoming-request',
  timestamp: '2024-11-19 04:15:12.549 PM'
}
{
  method: 'GET',
  url: '/api/v1/property/673c8722ed1abcb45eb70dda',
  status: 304,
  response_time: 54.331,
  level: 'http',
  message: 'incoming-request',
  timestamp: '2024-11-19 04:15:29.645 PM'
}
{
  method: 'GET',
  url: '/api/v1/user/profile',
  status: 304,
  response_time: 125.838,
  level: 'http',
  message: 'incoming-request',
  timestamp: '2024-11-19 04:15:51.723 PM'
}
{
  method: 'GET',
  url: '/api/v1/property/?page=1',
  status: 200,
  content_length: '3408',
  response_time: 122.335,
  level: 'http',
  message: 'incoming-request',
  timestamp: '2024-11-19 04:15:54.242 PM'
}
{
  method: 'GET',
  url: '/api/v1/property/673c8722ed1abcb45eb70dda',
  status: 304,
  response_time: 60.341,
  level: 'http',
  message: 'incoming-request',
  timestamp: '2024-11-19 04:16:32.493 PM'
}
{
  method: 'GET',
  url: '/api/v1/property/673c8722ed1abcb45eb70dda',
  status: 304,
  response_time: 58.082,
  level: 'http',
  message: 'incoming-request',
  timestamp: '2024-11-19 04:16:38.955 PM'
}
{
  method: 'GET',
  url: '/api/v1/property/?page=1',
  status: 200,
  content_length: '3408',
  response_time: 119.447,
  level: 'http',
  message: 'incoming-request',
  timestamp: '2024-11-19 04:16:49.543 PM'
}
{
  method: 'GET',
  url: '/api/v1/property/667d32bae9317340ae958b34',
  status: 200,
  content_length: '599',
  response_time: 61.481,
  level: 'http',
  message: 'incoming-request',
  timestamp: '2024-11-19 04:16:52.452 PM'
}
{
  method: 'GET',
  url: '/api/v1/property/667d32bae9317340ae958b34',
  status: 200,
  content_length: '599',
  response_time: 66.515,
  level: 'http',
  message: 'incoming-request',
  timestamp: '2024-11-19 04:17:06.636 PM'
}
{
  method: 'GET',
  url: '/api/v1/property/667d32bae9317340ae958b34',
  status: 200,
  content_length: '599',
  response_time: 58.288,
  level: 'http',
  message: 'incoming-request',
  timestamp: '2024-11-19 04:17:12.951 PM'
}
{
  method: 'GET',
  url: '/api/v1/property/667d32bae9317340ae958b34',
  status: 200,
  content_length: '599',
  response_time: 68.71,
  level: 'http',
  message: 'incoming-request',
  timestamp: '2024-11-19 04:17:25.930 PM'
}
{
  method: 'GET',
  url: '/api/v1/property/667d32bae9317340ae958b34',
  status: 200,
  content_length: '599',
  response_time: 55.431,
  level: 'http',
  message: 'incoming-request',
  timestamp: '2024-11-19 04:17:28.427 PM'
}
{
  method: 'GET',
  url: '/api/v1/property/667d32bae9317340ae958b34',
  status: 200,
  content_length: '599',
  response_time: 54.637,
  level: 'http',
  message: 'incoming-request',
  timestamp: '2024-11-19 04:20:15.580 PM'
}
{
  method: 'GET',
  url: '/api/v1/property/667d32bae9317340ae958b34',
  status: 200,
  content_length: '599',
  response_time: 55.287,
  level: 'http',
  message: 'incoming-request',
  timestamp: '2024-11-19 04:20:22.514 PM'
}
{
  method: 'GET',
  url: '/api/v1/property/667d32bae9317340ae958b34',
  status: 200,
  content_length: '599',
  response_time: 54.397,
  level: 'http',
  message: 'incoming-request',
  timestamp: '2024-11-19 04:21:24.945 PM'
}
{
  method: 'GET',
  url: '/api/v1/property/667d32bae9317340ae958b34',
  status: 200,
  content_length: '599',
  response_time: 54.401,
  level: 'http',
  message: 'incoming-request',
  timestamp: '2024-11-19 04:22:20.126 PM'
}
{
  method: 'GET',
  url: '/api/v1/property/667d32bae9317340ae958b34',
  status: 200,
  content_length: '599',
  response_time: 60.937,
  level: 'http',
  message: 'incoming-request',
  timestamp: '2024-11-19 04:22:26.287 PM'
}
{
  method: 'GET',
  url: '/api/v1/property/667d32bae9317340ae958b34',
  status: 200,
  content_length: '599',
  response_time: 55.242,
  level: 'http',
  message: 'incoming-request',
  timestamp: '2024-11-19 04:22:28.737 PM'
}
{
  method: 'GET',
  url: '/api/v1/property/667d32bae9317340ae958b34',
  status: 200,
  content_length: '599',
  response_time: 60.379,
  level: 'http',
  message: 'incoming-request',
  timestamp: '2024-11-19 04:23:22.537 PM'
}
{
  method: 'GET',
  url: '/api/v1/property/667d32bae9317340ae958b34',
  status: 200,
  content_length: '599',
  response_time: 57.722,
  level: 'http',
  message: 'incoming-request',
  timestamp: '2024-11-19 04:23:46.465 PM'
}
{
  method: 'GET',
  url: '/api/v1/property/667d32bae9317340ae958b34',
  status: 200,
  content_length: '599',
  response_time: 63.373,
  level: 'http',
  message: 'incoming-request',
  timestamp: '2024-11-19 04:24:33.135 PM'
}
{
  method: 'GET',
  url: '/api/v1/property/667d32bae9317340ae958b34',
  status: 200,
  content_length: '599',
  response_time: 55.061,
  level: 'http',
  message: 'incoming-request',
  timestamp: '2024-11-19 04:24:49.767 PM'
}
{
  method: 'GET',
  url: '/api/v1/property/667d32bae9317340ae958b34',
  status: 200,
  content_length: '599',
  response_time: 54.887,
  level: 'http',
  message: 'incoming-request',
  timestamp: '2024-11-19 04:25:12.289 PM'
}
{
  method: 'GET',
  url: '/api/v1/property/667d32bae9317340ae958b34',
  status: 200,
  content_length: '599',
  response_time: 107.938,
  level: 'http',
  message: 'incoming-request',
  timestamp: '2024-11-19 04:25:35.173 PM'
}
{
  method: 'GET',
  url: '/api/v1/property/667d32bae9317340ae958b34',
  status: 200,
  content_length: '599',
  response_time: 57.639,
  level: 'http',
  message: 'incoming-request',
  timestamp: '2024-11-19 04:25:48.894 PM'
}
{
  method: 'GET',
  url: '/api/v1/property/667d32bae9317340ae958b34',
  status: 200,
  content_length: '599',
  response_time: 54.686,
  level: 'http',
  message: 'incoming-request',
  timestamp: '2024-11-19 04:25:55.885 PM'
}
{
  method: 'GET',
  url: '/api/v1/property/667d32bae9317340ae958b34',
  status: 200,
  content_length: '599',
  response_time: 55.426,
  level: 'http',
  message: 'incoming-request',
  timestamp: '2024-11-19 04:26:05.085 PM'
}
{
  method: 'GET',
  url: '/api/v1/property/667d32bae9317340ae958b34',
  status: 200,
  content_length: '599',
  response_time: 56.462,
  level: 'http',
  message: 'incoming-request',
  timestamp: '2024-11-19 04:26:11.180 PM'
}
{
  method: 'GET',
  url: '/api/v1/property/667d32bae9317340ae958b34',
  status: 200,
  content_length: '599',
  response_time: 60.23,
  level: 'http',
  message: 'incoming-request',
  timestamp: '2024-11-19 04:26:17.107 PM'
}
{
  method: 'GET',
  url: '/api/v1/property/667d32bae9317340ae958b34',
  status: 200,
  content_length: '599',
  response_time: 59.89,
  level: 'http',
  message: 'incoming-request',
  timestamp: '2024-11-19 04:26:20.896 PM'
}
{
  method: 'GET',
  url: '/api/v1/property/667d32bae9317340ae958b34',
  status: 200,
  content_length: '599',
  response_time: 55.035,
  level: 'http',
  message: 'incoming-request',
  timestamp: '2024-11-19 04:26:26.700 PM'
}
{
  method: 'GET',
  url: '/api/v1/property/667d32bae9317340ae958b34',
  status: 200,
  content_length: '599',
  response_time: 55.497,
  level: 'http',
  message: 'incoming-request',
  timestamp: '2024-11-19 04:26:31.985 PM'
}
{
  method: 'GET',
  url: '/api/v1/property/667d32bae9317340ae958b34',
  status: 200,
  content_length: '599',
  response_time: 74.166,
  level: 'http',
  message: 'incoming-request',
  timestamp: '2024-11-19 04:26:37.963 PM'
}
{
  method: 'GET',
  url: '/api/v1/property/667d32bae9317340ae958b34',
  status: 200,
  content_length: '599',
  response_time: 57.575,
  level: 'http',
  message: 'incoming-request',
  timestamp: '2024-11-19 04:26:41.200 PM'
}
{
  method: 'GET',
  url: '/api/v1/property/667d32bae9317340ae958b34',
  status: 200,
  content_length: '599',
  response_time: 56.756,
  level: 'http',
  message: 'incoming-request',
  timestamp: '2024-11-19 04:27:08.555 PM'
}
{
  method: 'GET',
  url: '/api/v1/property/667d32bae9317340ae958b34',
  status: 200,
  content_length: '599',
  response_time: 58.699,
  level: 'http',
  message: 'incoming-request',
  timestamp: '2024-11-19 04:28:20.620 PM'
}
{
  method: 'GET',
  url: '/api/v1/property/667d32bae9317340ae958b34',
  status: 200,
  content_length: '599',
  response_time: 56.726,
  level: 'http',
  message: 'incoming-request',
  timestamp: '2024-11-19 04:28:23.673 PM'
}
{
  method: 'GET',
  url: '/api/v1/user/profile',
  status: 304,
  response_time: 141.588,
  level: 'http',
  message: 'incoming-request',
  timestamp: '2024-11-19 04:31:51.858 PM'
}
{
  method: 'GET',
  url: '/api/v1/user/profile',
  status: 304,
  response_time: 151.343,
  level: 'http',
  message: 'incoming-request',
  timestamp: '2024-11-19 04:34:50.913 PM'
}
{
  method: 'GET',
  url: '/api/v1/property/667d32bae9317340ae958b34',
  status: 200,
  content_length: '599',
  response_time: 62.296,
  level: 'http',
  message: 'incoming-request',
  timestamp: '2024-11-19 04:34:51.963 PM'
}
{
  method: 'GET',
  url: '/api/v1/user/profile',
  status: 304,
  response_time: 152.674,
  level: 'http',
  message: 'incoming-request',
  timestamp: '2024-11-19 04:34:55.127 PM'
}
{
  method: 'GET',
  url: '/api/v1/property/667d32bae9317340ae958b34',
  status: 200,
  content_length: '599',
  response_time: 59.535,
  level: 'http',
  message: 'incoming-request',
  timestamp: '2024-11-19 04:35:03.321 PM'
}
{
  method: 'GET',
  url: '/api/v1/user/profile',
  status: 304,
  response_time: 155.394,
  level: 'http',
  message: 'incoming-request',
  timestamp: '2024-11-19 04:35:08.275 PM'
}
{
  method: 'GET',
  url: '/api/v1/user/profile',
  status: 0,
  response_time: '0',
  level: 'http',
  message: 'incoming-request',
  timestamp: '2024-11-19 04:35:20.549 PM'
}
{
  method: 'GET',
  url: '/api/v1/property/667d32bae9317340ae958b34',
  status: 200,
  content_length: '599',
  response_time: 58.184,
  level: 'http',
  message: 'incoming-request',
  timestamp: '2024-11-19 04:35:21.229 PM'
}
{
  method: 'GET',
  url: '/api/v1/user/profile',
  status: 200,
  content_length: '1730',
  response_time: 118.673,
  level: 'http',
  message: 'incoming-request',
  timestamp: '2024-11-19 04:35:27.231 PM'
}
{
  method: 'GET',
  url: '/api/v1/property/667d32bae9317340ae958b34',
  status: 200,
  content_length: '599',
  response_time: 85.204,
  level: 'http',
  message: 'incoming-request',
  timestamp: '2024-11-19 04:35:28.965 PM'
}
{
  method: 'GET',
  url: '/api/v1/user/profile',
  status: 304,
  response_time: 218.264,
  level: 'http',
  message: 'incoming-request',
  timestamp: '2024-11-19 04:35:31.386 PM'
}
{
  method: 'GET',
  url: '/api/v1/property/667d32bae9317340ae958b34',
  status: 200,
  content_length: '599',
  response_time: 58.24,
  level: 'http',
  message: 'incoming-request',
  timestamp: '2024-11-19 04:35:31.714 PM'
}
{
  method: 'GET',
  url: '/api/v1/property/?page=1',
  status: 200,
  content_length: '3408',
  response_time: 116.01,
  level: 'http',
  message: 'incoming-request',
  timestamp: '2024-11-19 04:36:20.211 PM'
}
{
  method: 'GET',
  url: '/api/v1/property/667d32bae9317340ae958b34',
  status: 200,
  content_length: '599',
  response_time: 205.68,
  level: 'http',
  message: 'incoming-request',
  timestamp: '2024-11-19 04:36:41.037 PM'
}
{
  method: 'GET',
  url: '/api/v1/user/profile',
  status: 304,
  response_time: 206.808,
  level: 'http',
  message: 'incoming-request',
  timestamp: '2024-11-19 04:36:42.960 PM'
}
{
  method: 'GET',
  url: '/api/v1/user/profile',
  status: 304,
  response_time: 114.968,
  level: 'http',
  message: 'incoming-request',
  timestamp: '2024-11-19 04:37:40.885 PM'
}
{
  method: 'GET',
  url: '/api/v1/property/667d32bae9317340ae958b34',
  status: 200,
  content_length: '599',
  response_time: 57.255,
  level: 'http',
  message: 'incoming-request',
  timestamp: '2024-11-19 04:37:41.560 PM'
}
{
  method: 'GET',
  url: '/api/v1/property/667d32bae9317340ae958b34',
  status: 200,
  content_length: '599',
  response_time: 55.669,
  level: 'http',
  message: 'incoming-request',
  timestamp: '2024-11-19 04:38:02.967 PM'
}
{
  method: 'GET',
  url: '/api/v1/user/profile',
  status: 304,
  response_time: 113.286,
  level: 'http',
  message: 'incoming-request',
  timestamp: '2024-11-19 04:38:03.786 PM'
}
{
  method: 'GET',
  url: '/api/v1/property/667d32bae9317340ae958b34',
  status: 200,
  content_length: '599',
  response_time: 56.775,
  level: 'http',
  message: 'incoming-request',
  timestamp: '2024-11-19 04:38:05.637 PM'
}
{
  method: 'GET',
  url: '/api/v1/user/profile',
  status: 304,
  response_time: 177.426,
  level: 'http',
  message: 'incoming-request',
  timestamp: '2024-11-19 04:38:55.795 PM'
}
{
  method: 'GET',
  url: '/api/v1/property/667d32bae9317340ae958b34',
  status: 200,
  content_length: '599',
  response_time: 63.335,
  level: 'http',
  message: 'incoming-request',
  timestamp: '2024-11-19 04:38:59.338 PM'
}
{
  method: 'GET',
  url: '/api/v1/user/profile',
  status: 304,
  response_time: 123.21,
  level: 'http',
  message: 'incoming-request',
  timestamp: '2024-11-19 04:39:01.935 PM'
}
{
  method: 'GET',
  url: '/api/v1/user/profile',
  status: 304,
  response_time: 122.04,
  level: 'http',
  message: 'incoming-request',
  timestamp: '2024-11-19 04:39:06.174 PM'
}
{
  method: 'GET',
  url: '/api/v1/property/667d32bae9317340ae958b34',
  status: 200,
  content_length: '599',
  response_time: 55.71,
  level: 'http',
  message: 'incoming-request',
  timestamp: '2024-11-19 04:39:06.513 PM'
}
{
  method: 'GET',
  url: '/api/v1/user/profile',
  status: 304,
  response_time: 169.44,
  level: 'http',
  message: 'incoming-request',
  timestamp: '2024-11-19 04:39:13.916 PM'
}
{
  method: 'GET',
  url: '/api/v1/property/667d32bae9317340ae958b34',
  status: 200,
  content_length: '599',
  response_time: 54.328,
  level: 'http',
  message: 'incoming-request',
  timestamp: '2024-11-19 04:39:14.955 PM'
}
{
  method: 'GET',
  url: '/api/v1/user/profile',
  status: 304,
  response_time: 123.914,
  level: 'http',
  message: 'incoming-request',
  timestamp: '2024-11-19 04:55:33.061 PM'
}
{
  method: 'GET',
  url: '/api/v1/property/667d32bae9317340ae958b34',
  status: 200,
  content_length: '599',
  response_time: 56.58,
  level: 'http',
  message: 'incoming-request',
  timestamp: '2024-11-19 04:55:37.216 PM'
}
{
  method: 'GET',
  url: '/api/v1/property/667d32bae9317340ae958b34',
  status: 200,
  content_length: '599',
  response_time: 54.906,
  level: 'http',
  message: 'incoming-request',
  timestamp: '2024-11-19 04:55:49.183 PM'
}
{
  method: 'GET',
  url: '/api/v1/user/profile',
  status: 304,
  response_time: 118.579,
  level: 'http',
  message: 'incoming-request',
  timestamp: '2024-11-19 04:55:53.534 PM'
}
{
  method: 'GET',
  url: '/api/v1/property/667d32bae9317340ae958b34',
  status: 200,
  content_length: '599',
  response_time: 56.135,
  level: 'http',
  message: 'incoming-request',
  timestamp: '2024-11-19 04:55:54.873 PM'
}
{
  method: 'GET',
  url: '/api/v1/user/profile',
  status: 0,
  response_time: '0',
  level: 'http',
  message: 'incoming-request',
  timestamp: '2024-11-19 04:56:47.698 PM'
}
{
  method: 'GET',
  url: '/api/v1/user/profile',
  status: 200,
  content_length: '1730',
  response_time: 112.725,
  level: 'http',
  message: 'incoming-request',
  timestamp: '2024-11-19 04:56:53.014 PM'
}
{
  method: 'GET',
  url: '/api/v1/property/667d32bae9317340ae958b34',
  status: 200,
  content_length: '599',
  response_time: 58.541,
  level: 'http',
  message: 'incoming-request',
  timestamp: '2024-11-19 04:56:53.719 PM'
}
{
  method: 'GET',
  url: '/api/v1/user/profile',
  status: 0,
  response_time: '0',
  level: 'http',
  message: 'incoming-request',
  timestamp: '2024-11-19 04:59:21.325 PM'
}
{
  method: 'GET',
  url: '/api/v1/user/profile',
  status: 200,
  content_length: '1730',
  response_time: 126.013,
  level: 'http',
  message: 'incoming-request',
  timestamp: '2024-11-19 04:59:27.848 PM'
}
{
  method: 'GET',
  url: '/api/v1/user/profile',
  status: 0,
  response_time: '0',
  level: 'http',
  message: 'incoming-request',
  timestamp: '2024-11-19 04:59:32.089 PM'
}
{
  method: 'GET',
  url: '/api/v1/user/profile',
  status: 0,
  response_time: '0',
  level: 'http',
  message: 'incoming-request',
  timestamp: '2024-11-19 04:59:36.085 PM'
}
{
  method: 'GET',
  url: '/api/v1/user/profile',
  status: 200,
  content_length: '1730',
  response_time: 164.447,
  level: 'http',
  message: 'incoming-request',
  timestamp: '2024-11-19 04:59:37.996 PM'
}
{
  method: 'GET',
  url: '/api/v1/user/profile',
  status: 304,
  response_time: 111.096,
  level: 'http',
  message: 'incoming-request',
  timestamp: '2024-11-19 05:00:48.674 PM'
}
{
  method: 'GET',
  url: '/api/v1/user/profile',
  status: 0,
  response_time: '0',
  level: 'http',
  message: 'incoming-request',
  timestamp: '2024-11-19 05:00:59.716 PM'
}
{
  method: 'GET',
  url: '/api/v1/user/profile',
  status: 200,
  content_length: '1730',
  response_time: 159.58,
  level: 'http',
  message: 'incoming-request',
  timestamp: '2024-11-19 05:01:05.702 PM'
}
{
  method: 'GET',
  url: '/api/v1/user/profile',
  status: 304,
  response_time: 171.353,
  level: 'http',
  message: 'incoming-request',
  timestamp: '2024-11-19 05:01:30.676 PM'
}
{
  method: 'GET',
  url: '/api/v1/user/profile',
  status: 304,
  response_time: 134.048,
  level: 'http',
  message: 'incoming-request',
  timestamp: '2024-11-19 05:01:56.365 PM'
}
{
  method: 'GET',
  url: '/api/v1/user/profile',
  status: 304,
  response_time: 140.447,
  level: 'http',
  message: 'incoming-request',
  timestamp: '2024-11-19 05:02:55.039 PM'
}
{
  method: 'GET',
  url: '/api/v1/user/profile',
  status: 304,
  response_time: 116.088,
  level: 'http',
  message: 'incoming-request',
  timestamp: '2024-11-19 05:05:54.185 PM'
}
{
  method: 'GET',
  url: '/api/v1/user/profile',
  status: 304,
  response_time: 113.522,
  level: 'http',
  message: 'incoming-request',
  timestamp: '2024-11-19 05:06:07.685 PM'
}
{
  method: 'GET',
  url: '/api/v1/user/profile',
  status: 304,
  response_time: 109.617,
  level: 'http',
  message: 'incoming-request',
  timestamp: '2024-11-19 05:06:12.875 PM'
}
{
  method: 'GET',
  url: '/api/v1/property/667d32bae9317340ae958b34',
  status: 200,
  content_length: '599',
  response_time: 59.089,
  level: 'http',
  message: 'incoming-request',
  timestamp: '2024-11-19 05:06:14.339 PM'
}
{
  method: 'GET',
  url: '/api/v1/user/profile',
  status: 304,
  response_time: 108.964,
  level: 'http',
  message: 'incoming-request',
  timestamp: '2024-11-19 05:06:40.705 PM'
}
{
  method: 'GET',
  url: '/api/v1/property/667d32bae9317340ae958b34',
  status: 200,
  content_length: '599',
  response_time: 54.269,
  level: 'http',
  message: 'incoming-request',
  timestamp: '2024-11-19 05:06:42.041 PM'
}
{
  method: 'GET',
  url: '/api/v1/user/profile',
  status: 304,
  response_time: 120.858,
  level: 'http',
  message: 'incoming-request',
  timestamp: '2024-11-19 05:06:46.750 PM'
}
{
  method: 'GET',
  url: '/api/v1/property/667d32bae9317340ae958b34',
  status: 200,
  content_length: '599',
  response_time: 105.382,
  level: 'http',
  message: 'incoming-request',
  timestamp: '2024-11-19 05:06:47.495 PM'
}
