{
  message: ' Add orders ValidationError: orderItems.0.property: Path `property` is required., orderItems.1.property: Path `property` is required., orderItems.2.property: Path `property` is required., orderItems.3.property: Path `property` is required., orderItems.4.property: Path `property` is required.',
  level: 'error',
  timestamp: '2024-12-17 05:32:19.730 PM'
}
{
  message: ' Add orders ValidationError: orderItems.0.property: Path `property` is required., orderItems.1.property: Path `property` is required., orderItems.2.property: Path `property` is required., orderItems.3.property: Path `property` is required., orderItems.4.property: Path `property` is required.',
  level: 'error',
  timestamp: '2024-12-17 05:32:43.343 PM'
}
{
  message: 'Add orders ValidationError: paypalOrderId: Path `paypalOrderId` is required.',
  level: 'error',
  timestamp: '2024-12-18 09:40:18.061 PM'
}
{
  message: 'Add orders ValidationError: paypalOrderId: Path `paypalOrderId` is required.',
  level: 'error',
  timestamp: '2024-12-18 09:40:18.807 PM'
}
{
  message: 'Add orders ValidationError: paypalOrderId: Path `paypalOrderId` is required.',
  level: 'error',
  timestamp: '2024-12-18 09:40:18.970 PM'
}
{
  message: 'Add orders ValidationError: paypalOrderId: Path `paypalOrderId` is required.',
  level: 'error',
  timestamp: '2024-12-18 09:40:19.129 PM'
}
{
  message: 'Add orders ValidationError: paypalOrderId: Path `paypalOrderId` is required.',
  level: 'error',
  timestamp: '2024-12-18 09:40:19.316 PM'
}
{
  message: 'Add orders ValidationError: paypalOrderId: Path `paypalOrderId` is required.',
  level: 'error',
  timestamp: '2024-12-18 09:40:21.184 PM'
}
{
  message: 'Add orders ValidationError: paypalOrderId: Path `paypalOrderId` is required.',
  level: 'error',
  timestamp: '2024-12-18 09:40:21.357 PM'
}
{
  message: 'Add orders ValidationError: paypalOrderId: Path `paypalOrderId` is required.',
  level: 'error',
  timestamp: '2024-12-18 09:51:52.494 PM'
}
{
  message: 'Add orders ValidationError: paypalOrderId: Path `paypalOrderId` is required.',
  level: 'error',
  timestamp: '2024-12-18 09:51:57.794 PM'
}
