{
  error: backend/routes/auth.ts(51,50): error TS18048: 'req.user' is possibly 'undefined'.
  backend/routes/auth.ts(51,59): error TS2339: Property 'id' does not exist on type 'User'.
  backend/routes/auth.ts(54,17): error TS18048: 'req.user' is possibly 'undefined'.
  backend/routes/auth.ts(54,26): error TS2339: Property 'id' does not exist on type 'User'.
  backend/routes/auth.ts(55,20): error TS18047: 'existingUser' is possibly 'null'.
  backend/routes/auth.ts(56,24): error TS18047: 'existingUser' is possibly 'null'.
  backend/routes/auth.ts(57,23): error TS18047: 'existingUser' is possibly 'null'.
  backend/routes/auth.ts(58,23): error TS18047: 'existingUser' is possibly 'null'.
  backend/routes/auth.ts(59,23): error TS18047: 'existingUser' is possibly 'null'.
  backend/routes/auth.ts(60,21): error TS18047: 'existingUser' is possibly 'null'.
  ,
  level: 'error',
  message: 'uncaughtException: ⨯ Unable to compile TypeScript:\n' +
    "backend/routes/auth.ts(51,50): error TS18048: 'req.user' is possibly 'undefined'.\r\n" +
    "backend/routes/auth.ts(51,59): error TS2339: Property 'id' does not exist on type 'User'.\r\n" +
    "backend/routes/auth.ts(54,17): error TS18048: 'req.user' is possibly 'undefined'.\r\n" +
    "backend/routes/auth.ts(54,26): error TS2339: Property 'id' does not exist on type 'User'.\r\n" +
    "backend/routes/auth.ts(55,20): error TS18047: 'existingUser' is possibly 'null'.\r\n" +
    "backend/routes/auth.ts(56,24): error TS18047: 'existingUser' is possibly 'null'.\r\n" +
    "backend/routes/auth.ts(57,23): error TS18047: 'existingUser' is possibly 'null'.\r\n" +
    "backend/routes/auth.ts(58,23): error TS18047: 'existingUser' is possibly 'null'.\r\n" +
    "backend/routes/auth.ts(59,23): error TS18047: 'existingUser' is possibly 'null'.\r\n" +
    "backend/routes/auth.ts(60,21): error TS18047: 'existingUser' is possibly 'null'.\r\n" +
    '\n' +
    'TSError: ⨯ Unable to compile TypeScript:\n' +
    "backend/routes/auth.ts(51,50): error TS18048: 'req.user' is possibly 'undefined'.\r\n" +
    "backend/routes/auth.ts(51,59): error TS2339: Property 'id' does not exist on type 'User'.\r\n" +
    "backend/routes/auth.ts(54,17): error TS18048: 'req.user' is possibly 'undefined'.\r\n" +
    "backend/routes/auth.ts(54,26): error TS2339: Property 'id' does not exist on type 'User'.\r\n" +
    "backend/routes/auth.ts(55,20): error TS18047: 'existingUser' is possibly 'null'.\r\n" +
    "backend/routes/auth.ts(56,24): error TS18047: 'existingUser' is possibly 'null'.\r\n" +
    "backend/routes/auth.ts(57,23): error TS18047: 'existingUser' is possibly 'null'.\r\n" +
    "backend/routes/auth.ts(58,23): error TS18047: 'existingUser' is possibly 'null'.\r\n" +
    "backend/routes/auth.ts(59,23): error TS18047: 'existingUser' is possibly 'null'.\r\n" +
    "backend/routes/auth.ts(60,21): error TS18047: 'existingUser' is possibly 'null'.\r\n" +
    '\n' +
    '    at createTSError (D:\\Projects\\mern-project-typescript\\node_modules\\ts-node\\src\\index.ts:859:12)\n' +
    '    at reportTSError (D:\\Projects\\mern-project-typescript\\node_modules\\ts-node\\src\\index.ts:863:19)\n' +
    '    at getOutput (D:\\Projects\\mern-project-typescript\\node_modules\\ts-node\\src\\index.ts:1077:36)\n' +
    '    at Object.compile (D:\\Projects\\mern-project-typescript\\node_modules\\ts-node\\src\\index.ts:1433:41)\n' +
    '    at Module.m._compile (D:\\Projects\\mern-project-typescript\\node_modules\\ts-node\\src\\index.ts:1617:30)\n' +
    '    at Module._extensions..js (node:internal/modules/cjs/loader:1427:10)\n' +
    '    at Object.require.extensions.<computed> [as .ts] (D:\\Projects\\mern-project-typescript\\node_modules\\ts-node\\src\\index.ts:1621:12)\n' +
    '    at Module.load (node:internal/modules/cjs/loader:1206:32)\n' +
    '    at Function.Module._load (node:internal/modules/cjs/loader:1022:12)\n' +
    '    at Module.require (node:internal/modules/cjs/loader:1231:19)',
  stack: 'TSError: ⨯ Unable to compile TypeScript:\n' +
    "backend/routes/auth.ts(51,50): error TS18048: 'req.user' is possibly 'undefined'.\r\n" +
    "backend/routes/auth.ts(51,59): error TS2339: Property 'id' does not exist on type 'User'.\r\n" +
    "backend/routes/auth.ts(54,17): error TS18048: 'req.user' is possibly 'undefined'.\r\n" +
    "backend/routes/auth.ts(54,26): error TS2339: Property 'id' does not exist on type 'User'.\r\n" +
    "backend/routes/auth.ts(55,20): error TS18047: 'existingUser' is possibly 'null'.\r\n" +
    "backend/routes/auth.ts(56,24): error TS18047: 'existingUser' is possibly 'null'.\r\n" +
    "backend/routes/auth.ts(57,23): error TS18047: 'existingUser' is possibly 'null'.\r\n" +
    "backend/routes/auth.ts(58,23): error TS18047: 'existingUser' is possibly 'null'.\r\n" +
    "backend/routes/auth.ts(59,23): error TS18047: 'existingUser' is possibly 'null'.\r\n" +
    "backend/routes/auth.ts(60,21): error TS18047: 'existingUser' is possibly 'null'.\r\n" +
    '\n' +
    '    at createTSError (D:\\Projects\\mern-project-typescript\\node_modules\\ts-node\\src\\index.ts:859:12)\n' +
    '    at reportTSError (D:\\Projects\\mern-project-typescript\\node_modules\\ts-node\\src\\index.ts:863:19)\n' +
    '    at getOutput (D:\\Projects\\mern-project-typescript\\node_modules\\ts-node\\src\\index.ts:1077:36)\n' +
    '    at Object.compile (D:\\Projects\\mern-project-typescript\\node_modules\\ts-node\\src\\index.ts:1433:41)\n' +
    '    at Module.m._compile (D:\\Projects\\mern-project-typescript\\node_modules\\ts-node\\src\\index.ts:1617:30)\n' +
    '    at Module._extensions..js (node:internal/modules/cjs/loader:1427:10)\n' +
    '    at Object.require.extensions.<computed> [as .ts] (D:\\Projects\\mern-project-typescript\\node_modules\\ts-node\\src\\index.ts:1621:12)\n' +
    '    at Module.load (node:internal/modules/cjs/loader:1206:32)\n' +
    '    at Function.Module._load (node:internal/modules/cjs/loader:1022:12)\n' +
    '    at Module.require (node:internal/modules/cjs/loader:1231:19)',
  exception: true,
  date: 'Mon Nov 04 2024 09:27:38 GMT+0200 (Восточная Европа, стандартное время)',
  process: {
    pid: 69196,
    uid: null,
    gid: null,
    cwd: 'D:\\Projects\\mern-project-typescript',
    execPath: 'C:\\Program Files\\nodejs\\node.exe',
    version: 'v20.12.2',
    argv: [
      'D:\\Projects\\mern-project-typescript\\node_modules\\ts-node\\dist\\bin.js',
      'D:\\Projects\\mern-project-typescript\\backend\\server.ts'
    ],
    memoryUsage: {
      rss: 377888768,
      heapTotal: 329805824,
      heapUsed: 298449112,
      external: 24809619,
      arrayBuffers: 21825171
    }
  },
  os: { loadavg: [ 0, 0, 0 ], uptime: 239462.765 },
  trace: [
    {
      column: 12,
      file: 'D:\\Projects\\mern-project-typescript\\node_modules\\ts-node\\src\\index.ts',
      function: 'createTSError',
      line: 859,
      method: null,
      native: false
    },
    {
      column: 19,
      file: 'D:\\Projects\\mern-project-typescript\\node_modules\\ts-node\\src\\index.ts',
      function: 'reportTSError',
      line: 863,
      method: null,
      native: false
    },
    {
      column: 36,
      file: 'D:\\Projects\\mern-project-typescript\\node_modules\\ts-node\\src\\index.ts',
      function: 'getOutput',
      line: 1077,
      method: null,
      native: false
    },
    {
      column: 41,
      file: 'D:\\Projects\\mern-project-typescript\\node_modules\\ts-node\\src\\index.ts',
      function: 'Object.compile',
      line: 1433,
      method: 'compile',
      native: false
    },
    {
      column: 30,
      file: 'D:\\Projects\\mern-project-typescript\\node_modules\\ts-node\\src\\index.ts',
      function: 'Module.m._compile',
      line: 1617,
      method: '_compile',
      native: false
    },
    {
      column: 10,
      file: 'node:internal/modules/cjs/loader',
      function: 'Module._extensions..js',
      line: 1427,
      method: '.js',
      native: false
    },
    {
      column: 12,
      file: 'D:\\Projects\\mern-project-typescript\\node_modules\\ts-node\\src\\index.ts',
      function: 'Object.require.extensions.<computed> [as .ts]',
      line: 1621,
      method: 'ts]',
      native: false
    },
    {
      column: 32,
      file: 'node:internal/modules/cjs/loader',
      function: 'Module.load',
      line: 1206,
      method: 'load',
      native: false
    },
    {
      column: 12,
      file: 'node:internal/modules/cjs/loader',
      function: 'Module._load',
      line: 1022,
      method: '_load',
      native: false
    },
    {
      column: 19,
      file: 'node:internal/modules/cjs/loader',
      function: 'Module.require',
      line: 1231,
      method: 'require',
      native: false
    }
  ],
  timestamp: '2024-11-04 09:27:38.021 AM'
}
{
  error: backend/routes/auth.ts(51,50): error TS18048: 'req.user' is possibly 'undefined'.
  backend/routes/auth.ts(51,59): error TS2339: Property 'id' does not exist on type 'User'.
  backend/routes/auth.ts(54,17): error TS18048: 'req.user' is possibly 'undefined'.
  backend/routes/auth.ts(54,26): error TS2339: Property 'id' does not exist on type 'User'.
  backend/routes/auth.ts(55,20): error TS18047: 'existingUser' is possibly 'null'.
  backend/routes/auth.ts(56,24): error TS18047: 'existingUser' is possibly 'null'.
  backend/routes/auth.ts(57,23): error TS18047: 'existingUser' is possibly 'null'.
  backend/routes/auth.ts(58,23): error TS18047: 'existingUser' is possibly 'null'.
  backend/routes/auth.ts(59,23): error TS18047: 'existingUser' is possibly 'null'.
  backend/routes/auth.ts(60,21): error TS18047: 'existingUser' is possibly 'null'.
  ,
  level: 'error',
  message: 'uncaughtException: ⨯ Unable to compile TypeScript:\n' +
    "backend/routes/auth.ts(51,50): error TS18048: 'req.user' is possibly 'undefined'.\r\n" +
    "backend/routes/auth.ts(51,59): error TS2339: Property 'id' does not exist on type 'User'.\r\n" +
    "backend/routes/auth.ts(54,17): error TS18048: 'req.user' is possibly 'undefined'.\r\n" +
    "backend/routes/auth.ts(54,26): error TS2339: Property 'id' does not exist on type 'User'.\r\n" +
    "backend/routes/auth.ts(55,20): error TS18047: 'existingUser' is possibly 'null'.\r\n" +
    "backend/routes/auth.ts(56,24): error TS18047: 'existingUser' is possibly 'null'.\r\n" +
    "backend/routes/auth.ts(57,23): error TS18047: 'existingUser' is possibly 'null'.\r\n" +
    "backend/routes/auth.ts(58,23): error TS18047: 'existingUser' is possibly 'null'.\r\n" +
    "backend/routes/auth.ts(59,23): error TS18047: 'existingUser' is possibly 'null'.\r\n" +
    "backend/routes/auth.ts(60,21): error TS18047: 'existingUser' is possibly 'null'.\r\n" +
    '\n' +
    'TSError: ⨯ Unable to compile TypeScript:\n' +
    "backend/routes/auth.ts(51,50): error TS18048: 'req.user' is possibly 'undefined'.\r\n" +
    "backend/routes/auth.ts(51,59): error TS2339: Property 'id' does not exist on type 'User'.\r\n" +
    "backend/routes/auth.ts(54,17): error TS18048: 'req.user' is possibly 'undefined'.\r\n" +
    "backend/routes/auth.ts(54,26): error TS2339: Property 'id' does not exist on type 'User'.\r\n" +
    "backend/routes/auth.ts(55,20): error TS18047: 'existingUser' is possibly 'null'.\r\n" +
    "backend/routes/auth.ts(56,24): error TS18047: 'existingUser' is possibly 'null'.\r\n" +
    "backend/routes/auth.ts(57,23): error TS18047: 'existingUser' is possibly 'null'.\r\n" +
    "backend/routes/auth.ts(58,23): error TS18047: 'existingUser' is possibly 'null'.\r\n" +
    "backend/routes/auth.ts(59,23): error TS18047: 'existingUser' is possibly 'null'.\r\n" +
    "backend/routes/auth.ts(60,21): error TS18047: 'existingUser' is possibly 'null'.\r\n" +
    '\n' +
    '    at createTSError (D:\\Projects\\mern-project-typescript\\node_modules\\ts-node\\src\\index.ts:859:12)\n' +
    '    at reportTSError (D:\\Projects\\mern-project-typescript\\node_modules\\ts-node\\src\\index.ts:863:19)\n' +
    '    at getOutput (D:\\Projects\\mern-project-typescript\\node_modules\\ts-node\\src\\index.ts:1077:36)\n' +
    '    at Object.compile (D:\\Projects\\mern-project-typescript\\node_modules\\ts-node\\src\\index.ts:1433:41)\n' +
    '    at Module.m._compile (D:\\Projects\\mern-project-typescript\\node_modules\\ts-node\\src\\index.ts:1617:30)\n' +
    '    at Module._extensions..js (node:internal/modules/cjs/loader:1427:10)\n' +
    '    at Object.require.extensions.<computed> [as .ts] (D:\\Projects\\mern-project-typescript\\node_modules\\ts-node\\src\\index.ts:1621:12)\n' +
    '    at Module.load (node:internal/modules/cjs/loader:1206:32)\n' +
    '    at Function.Module._load (node:internal/modules/cjs/loader:1022:12)\n' +
    '    at Module.require (node:internal/modules/cjs/loader:1231:19)',
  stack: 'TSError: ⨯ Unable to compile TypeScript:\n' +
    "backend/routes/auth.ts(51,50): error TS18048: 'req.user' is possibly 'undefined'.\r\n" +
    "backend/routes/auth.ts(51,59): error TS2339: Property 'id' does not exist on type 'User'.\r\n" +
    "backend/routes/auth.ts(54,17): error TS18048: 'req.user' is possibly 'undefined'.\r\n" +
    "backend/routes/auth.ts(54,26): error TS2339: Property 'id' does not exist on type 'User'.\r\n" +
    "backend/routes/auth.ts(55,20): error TS18047: 'existingUser' is possibly 'null'.\r\n" +
    "backend/routes/auth.ts(56,24): error TS18047: 'existingUser' is possibly 'null'.\r\n" +
    "backend/routes/auth.ts(57,23): error TS18047: 'existingUser' is possibly 'null'.\r\n" +
    "backend/routes/auth.ts(58,23): error TS18047: 'existingUser' is possibly 'null'.\r\n" +
    "backend/routes/auth.ts(59,23): error TS18047: 'existingUser' is possibly 'null'.\r\n" +
    "backend/routes/auth.ts(60,21): error TS18047: 'existingUser' is possibly 'null'.\r\n" +
    '\n' +
    '    at createTSError (D:\\Projects\\mern-project-typescript\\node_modules\\ts-node\\src\\index.ts:859:12)\n' +
    '    at reportTSError (D:\\Projects\\mern-project-typescript\\node_modules\\ts-node\\src\\index.ts:863:19)\n' +
    '    at getOutput (D:\\Projects\\mern-project-typescript\\node_modules\\ts-node\\src\\index.ts:1077:36)\n' +
    '    at Object.compile (D:\\Projects\\mern-project-typescript\\node_modules\\ts-node\\src\\index.ts:1433:41)\n' +
    '    at Module.m._compile (D:\\Projects\\mern-project-typescript\\node_modules\\ts-node\\src\\index.ts:1617:30)\n' +
    '    at Module._extensions..js (node:internal/modules/cjs/loader:1427:10)\n' +
    '    at Object.require.extensions.<computed> [as .ts] (D:\\Projects\\mern-project-typescript\\node_modules\\ts-node\\src\\index.ts:1621:12)\n' +
    '    at Module.load (node:internal/modules/cjs/loader:1206:32)\n' +
    '    at Function.Module._load (node:internal/modules/cjs/loader:1022:12)\n' +
    '    at Module.require (node:internal/modules/cjs/loader:1231:19)',
  exception: true,
  date: 'Mon Nov 04 2024 09:31:43 GMT+0200 (Восточная Европа, стандартное время)',
  process: {
    pid: 14004,
    uid: null,
    gid: null,
    cwd: 'D:\\Projects\\mern-project-typescript',
    execPath: 'C:\\Program Files\\nodejs\\node.exe',
    version: 'v20.12.2',
    argv: [
      'D:\\Projects\\mern-project-typescript\\node_modules\\ts-node\\dist\\bin.js',
      'D:\\Projects\\mern-project-typescript\\backend\\server.ts'
    ],
    memoryUsage: {
      rss: 384655360,
      heapTotal: 335572992,
      heapUsed: 309702488,
      external: 24809635,
      arrayBuffers: 21825187
    }
  },
  os: { loadavg: [ 0, 0, 0 ], uptime: 239708.015 },
  trace: [
    {
      column: 12,
      file: 'D:\\Projects\\mern-project-typescript\\node_modules\\ts-node\\src\\index.ts',
      function: 'createTSError',
      line: 859,
      method: null,
      native: false
    },
    {
      column: 19,
      file: 'D:\\Projects\\mern-project-typescript\\node_modules\\ts-node\\src\\index.ts',
      function: 'reportTSError',
      line: 863,
      method: null,
      native: false
    },
    {
      column: 36,
      file: 'D:\\Projects\\mern-project-typescript\\node_modules\\ts-node\\src\\index.ts',
      function: 'getOutput',
      line: 1077,
      method: null,
      native: false
    },
    {
      column: 41,
      file: 'D:\\Projects\\mern-project-typescript\\node_modules\\ts-node\\src\\index.ts',
      function: 'Object.compile',
      line: 1433,
      method: 'compile',
      native: false
    },
    {
      column: 30,
      file: 'D:\\Projects\\mern-project-typescript\\node_modules\\ts-node\\src\\index.ts',
      function: 'Module.m._compile',
      line: 1617,
      method: '_compile',
      native: false
    },
    {
      column: 10,
      file: 'node:internal/modules/cjs/loader',
      function: 'Module._extensions..js',
      line: 1427,
      method: '.js',
      native: false
    },
    {
      column: 12,
      file: 'D:\\Projects\\mern-project-typescript\\node_modules\\ts-node\\src\\index.ts',
      function: 'Object.require.extensions.<computed> [as .ts]',
      line: 1621,
      method: 'ts]',
      native: false
    },
    {
      column: 32,
      file: 'node:internal/modules/cjs/loader',
      function: 'Module.load',
      line: 1206,
      method: 'load',
      native: false
    },
    {
      column: 12,
      file: 'node:internal/modules/cjs/loader',
      function: 'Module._load',
      line: 1022,
      method: '_load',
      native: false
    },
    {
      column: 19,
      file: 'node:internal/modules/cjs/loader',
      function: 'Module.require',
      line: 1231,
      method: 'require',
      native: false
    }
  ],
  timestamp: '2024-11-04 09:31:43.272 AM'
}
{
  error: backend/routes/auth.ts(51,50): error TS18048: 'req.user' is possibly 'undefined'.
  backend/routes/auth.ts(51,59): error TS2339: Property 'id' does not exist on type 'User'.
  backend/routes/auth.ts(54,17): error TS18048: 'req.user' is possibly 'undefined'.
  backend/routes/auth.ts(54,26): error TS2339: Property 'id' does not exist on type 'User'.
  backend/routes/auth.ts(55,20): error TS18047: 'existingUser' is possibly 'null'.
  backend/routes/auth.ts(56,24): error TS18047: 'existingUser' is possibly 'null'.
  backend/routes/auth.ts(57,23): error TS18047: 'existingUser' is possibly 'null'.
  backend/routes/auth.ts(58,23): error TS18047: 'existingUser' is possibly 'null'.
  backend/routes/auth.ts(59,23): error TS18047: 'existingUser' is possibly 'null'.
  backend/routes/auth.ts(60,21): error TS18047: 'existingUser' is possibly 'null'.
  ,
  level: 'error',
  message: 'uncaughtException: ⨯ Unable to compile TypeScript:\n' +
    "backend/routes/auth.ts(51,50): error TS18048: 'req.user' is possibly 'undefined'.\r\n" +
    "backend/routes/auth.ts(51,59): error TS2339: Property 'id' does not exist on type 'User'.\r\n" +
    "backend/routes/auth.ts(54,17): error TS18048: 'req.user' is possibly 'undefined'.\r\n" +
    "backend/routes/auth.ts(54,26): error TS2339: Property 'id' does not exist on type 'User'.\r\n" +
    "backend/routes/auth.ts(55,20): error TS18047: 'existingUser' is possibly 'null'.\r\n" +
    "backend/routes/auth.ts(56,24): error TS18047: 'existingUser' is possibly 'null'.\r\n" +
    "backend/routes/auth.ts(57,23): error TS18047: 'existingUser' is possibly 'null'.\r\n" +
    "backend/routes/auth.ts(58,23): error TS18047: 'existingUser' is possibly 'null'.\r\n" +
    "backend/routes/auth.ts(59,23): error TS18047: 'existingUser' is possibly 'null'.\r\n" +
    "backend/routes/auth.ts(60,21): error TS18047: 'existingUser' is possibly 'null'.\r\n" +
    '\n' +
    'TSError: ⨯ Unable to compile TypeScript:\n' +
    "backend/routes/auth.ts(51,50): error TS18048: 'req.user' is possibly 'undefined'.\r\n" +
    "backend/routes/auth.ts(51,59): error TS2339: Property 'id' does not exist on type 'User'.\r\n" +
    "backend/routes/auth.ts(54,17): error TS18048: 'req.user' is possibly 'undefined'.\r\n" +
    "backend/routes/auth.ts(54,26): error TS2339: Property 'id' does not exist on type 'User'.\r\n" +
    "backend/routes/auth.ts(55,20): error TS18047: 'existingUser' is possibly 'null'.\r\n" +
    "backend/routes/auth.ts(56,24): error TS18047: 'existingUser' is possibly 'null'.\r\n" +
    "backend/routes/auth.ts(57,23): error TS18047: 'existingUser' is possibly 'null'.\r\n" +
    "backend/routes/auth.ts(58,23): error TS18047: 'existingUser' is possibly 'null'.\r\n" +
    "backend/routes/auth.ts(59,23): error TS18047: 'existingUser' is possibly 'null'.\r\n" +
    "backend/routes/auth.ts(60,21): error TS18047: 'existingUser' is possibly 'null'.\r\n" +
    '\n' +
    '    at createTSError (D:\\Projects\\mern-project-typescript\\node_modules\\ts-node\\src\\index.ts:859:12)\n' +
    '    at reportTSError (D:\\Projects\\mern-project-typescript\\node_modules\\ts-node\\src\\index.ts:863:19)\n' +
    '    at getOutput (D:\\Projects\\mern-project-typescript\\node_modules\\ts-node\\src\\index.ts:1077:36)\n' +
    '    at Object.compile (D:\\Projects\\mern-project-typescript\\node_modules\\ts-node\\src\\index.ts:1433:41)\n' +
    '    at Module.m._compile (D:\\Projects\\mern-project-typescript\\node_modules\\ts-node\\src\\index.ts:1617:30)\n' +
    '    at Module._extensions..js (node:internal/modules/cjs/loader:1427:10)\n' +
    '    at Object.require.extensions.<computed> [as .ts] (D:\\Projects\\mern-project-typescript\\node_modules\\ts-node\\src\\index.ts:1621:12)\n' +
    '    at Module.load (node:internal/modules/cjs/loader:1206:32)\n' +
    '    at Function.Module._load (node:internal/modules/cjs/loader:1022:12)\n' +
    '    at Module.require (node:internal/modules/cjs/loader:1231:19)',
  stack: 'TSError: ⨯ Unable to compile TypeScript:\n' +
    "backend/routes/auth.ts(51,50): error TS18048: 'req.user' is possibly 'undefined'.\r\n" +
    "backend/routes/auth.ts(51,59): error TS2339: Property 'id' does not exist on type 'User'.\r\n" +
    "backend/routes/auth.ts(54,17): error TS18048: 'req.user' is possibly 'undefined'.\r\n" +
    "backend/routes/auth.ts(54,26): error TS2339: Property 'id' does not exist on type 'User'.\r\n" +
    "backend/routes/auth.ts(55,20): error TS18047: 'existingUser' is possibly 'null'.\r\n" +
    "backend/routes/auth.ts(56,24): error TS18047: 'existingUser' is possibly 'null'.\r\n" +
    "backend/routes/auth.ts(57,23): error TS18047: 'existingUser' is possibly 'null'.\r\n" +
    "backend/routes/auth.ts(58,23): error TS18047: 'existingUser' is possibly 'null'.\r\n" +
    "backend/routes/auth.ts(59,23): error TS18047: 'existingUser' is possibly 'null'.\r\n" +
    "backend/routes/auth.ts(60,21): error TS18047: 'existingUser' is possibly 'null'.\r\n" +
    '\n' +
    '    at createTSError (D:\\Projects\\mern-project-typescript\\node_modules\\ts-node\\src\\index.ts:859:12)\n' +
    '    at reportTSError (D:\\Projects\\mern-project-typescript\\node_modules\\ts-node\\src\\index.ts:863:19)\n' +
    '    at getOutput (D:\\Projects\\mern-project-typescript\\node_modules\\ts-node\\src\\index.ts:1077:36)\n' +
    '    at Object.compile (D:\\Projects\\mern-project-typescript\\node_modules\\ts-node\\src\\index.ts:1433:41)\n' +
    '    at Module.m._compile (D:\\Projects\\mern-project-typescript\\node_modules\\ts-node\\src\\index.ts:1617:30)\n' +
    '    at Module._extensions..js (node:internal/modules/cjs/loader:1427:10)\n' +
    '    at Object.require.extensions.<computed> [as .ts] (D:\\Projects\\mern-project-typescript\\node_modules\\ts-node\\src\\index.ts:1621:12)\n' +
    '    at Module.load (node:internal/modules/cjs/loader:1206:32)\n' +
    '    at Function.Module._load (node:internal/modules/cjs/loader:1022:12)\n' +
    '    at Module.require (node:internal/modules/cjs/loader:1231:19)',
  exception: true,
  date: 'Mon Nov 04 2024 09:31:50 GMT+0200 (Восточная Европа, стандартное время)',
  process: {
    pid: 16092,
    uid: null,
    gid: null,
    cwd: 'D:\\Projects\\mern-project-typescript',
    execPath: 'C:\\Program Files\\nodejs\\node.exe',
    version: 'v20.12.2',
    argv: [
      'D:\\Projects\\mern-project-typescript\\node_modules\\ts-node\\dist\\bin.js',
      'D:\\Projects\\mern-project-typescript\\backend\\server.ts'
    ],
    memoryUsage: {
      rss: 384991232,
      heapTotal: 335572992,
      heapUsed: 309882888,
      external: 24809675,
      arrayBuffers: 21825227
    }
  },
  os: { loadavg: [ 0, 0, 0 ], uptime: 239715.109 },
  trace: [
    {
      column: 12,
      file: 'D:\\Projects\\mern-project-typescript\\node_modules\\ts-node\\src\\index.ts',
      function: 'createTSError',
      line: 859,
      method: null,
      native: false
    },
    {
      column: 19,
      file: 'D:\\Projects\\mern-project-typescript\\node_modules\\ts-node\\src\\index.ts',
      function: 'reportTSError',
      line: 863,
      method: null,
      native: false
    },
    {
      column: 36,
      file: 'D:\\Projects\\mern-project-typescript\\node_modules\\ts-node\\src\\index.ts',
      function: 'getOutput',
      line: 1077,
      method: null,
      native: false
    },
    {
      column: 41,
      file: 'D:\\Projects\\mern-project-typescript\\node_modules\\ts-node\\src\\index.ts',
      function: 'Object.compile',
      line: 1433,
      method: 'compile',
      native: false
    },
    {
      column: 30,
      file: 'D:\\Projects\\mern-project-typescript\\node_modules\\ts-node\\src\\index.ts',
      function: 'Module.m._compile',
      line: 1617,
      method: '_compile',
      native: false
    },
    {
      column: 10,
      file: 'node:internal/modules/cjs/loader',
      function: 'Module._extensions..js',
      line: 1427,
      method: '.js',
      native: false
    },
    {
      column: 12,
      file: 'D:\\Projects\\mern-project-typescript\\node_modules\\ts-node\\src\\index.ts',
      function: 'Object.require.extensions.<computed> [as .ts]',
      line: 1621,
      method: 'ts]',
      native: false
    },
    {
      column: 32,
      file: 'node:internal/modules/cjs/loader',
      function: 'Module.load',
      line: 1206,
      method: 'load',
      native: false
    },
    {
      column: 12,
      file: 'node:internal/modules/cjs/loader',
      function: 'Module._load',
      line: 1022,
      method: '_load',
      native: false
    },
    {
      column: 19,
      file: 'node:internal/modules/cjs/loader',
      function: 'Module.require',
      line: 1231,
      method: 'require',
      native: false
    }
  ],
  timestamp: '2024-11-04 09:31:50.364 AM'
}
{
  error: backend/routes/auth.ts(51,50): error TS18048: 'req.user' is possibly 'undefined'.
  backend/routes/auth.ts(51,59): error TS2339: Property 'id' does not exist on type 'User'.
  backend/routes/auth.ts(54,17): error TS18048: 'req.user' is possibly 'undefined'.
  backend/routes/auth.ts(54,26): error TS2339: Property 'id' does not exist on type 'User'.
  backend/routes/auth.ts(55,20): error TS18047: 'existingUser' is possibly 'null'.
  backend/routes/auth.ts(56,24): error TS18047: 'existingUser' is possibly 'null'.
  backend/routes/auth.ts(57,23): error TS18047: 'existingUser' is possibly 'null'.
  backend/routes/auth.ts(58,23): error TS18047: 'existingUser' is possibly 'null'.
  backend/routes/auth.ts(59,23): error TS18047: 'existingUser' is possibly 'null'.
  backend/routes/auth.ts(60,21): error TS18047: 'existingUser' is possibly 'null'.
  ,
  level: 'error',
  message: 'uncaughtException: ⨯ Unable to compile TypeScript:\n' +
    "backend/routes/auth.ts(51,50): error TS18048: 'req.user' is possibly 'undefined'.\r\n" +
    "backend/routes/auth.ts(51,59): error TS2339: Property 'id' does not exist on type 'User'.\r\n" +
    "backend/routes/auth.ts(54,17): error TS18048: 'req.user' is possibly 'undefined'.\r\n" +
    "backend/routes/auth.ts(54,26): error TS2339: Property 'id' does not exist on type 'User'.\r\n" +
    "backend/routes/auth.ts(55,20): error TS18047: 'existingUser' is possibly 'null'.\r\n" +
    "backend/routes/auth.ts(56,24): error TS18047: 'existingUser' is possibly 'null'.\r\n" +
    "backend/routes/auth.ts(57,23): error TS18047: 'existingUser' is possibly 'null'.\r\n" +
    "backend/routes/auth.ts(58,23): error TS18047: 'existingUser' is possibly 'null'.\r\n" +
    "backend/routes/auth.ts(59,23): error TS18047: 'existingUser' is possibly 'null'.\r\n" +
    "backend/routes/auth.ts(60,21): error TS18047: 'existingUser' is possibly 'null'.\r\n" +
    '\n' +
    'TSError: ⨯ Unable to compile TypeScript:\n' +
    "backend/routes/auth.ts(51,50): error TS18048: 'req.user' is possibly 'undefined'.\r\n" +
    "backend/routes/auth.ts(51,59): error TS2339: Property 'id' does not exist on type 'User'.\r\n" +
    "backend/routes/auth.ts(54,17): error TS18048: 'req.user' is possibly 'undefined'.\r\n" +
    "backend/routes/auth.ts(54,26): error TS2339: Property 'id' does not exist on type 'User'.\r\n" +
    "backend/routes/auth.ts(55,20): error TS18047: 'existingUser' is possibly 'null'.\r\n" +
    "backend/routes/auth.ts(56,24): error TS18047: 'existingUser' is possibly 'null'.\r\n" +
    "backend/routes/auth.ts(57,23): error TS18047: 'existingUser' is possibly 'null'.\r\n" +
    "backend/routes/auth.ts(58,23): error TS18047: 'existingUser' is possibly 'null'.\r\n" +
    "backend/routes/auth.ts(59,23): error TS18047: 'existingUser' is possibly 'null'.\r\n" +
    "backend/routes/auth.ts(60,21): error TS18047: 'existingUser' is possibly 'null'.\r\n" +
    '\n' +
    '    at createTSError (D:\\Projects\\mern-project-typescript\\node_modules\\ts-node\\src\\index.ts:859:12)\n' +
    '    at reportTSError (D:\\Projects\\mern-project-typescript\\node_modules\\ts-node\\src\\index.ts:863:19)\n' +
    '    at getOutput (D:\\Projects\\mern-project-typescript\\node_modules\\ts-node\\src\\index.ts:1077:36)\n' +
    '    at Object.compile (D:\\Projects\\mern-project-typescript\\node_modules\\ts-node\\src\\index.ts:1433:41)\n' +
    '    at Module.m._compile (D:\\Projects\\mern-project-typescript\\node_modules\\ts-node\\src\\index.ts:1617:30)\n' +
    '    at Module._extensions..js (node:internal/modules/cjs/loader:1427:10)\n' +
    '    at Object.require.extensions.<computed> [as .ts] (D:\\Projects\\mern-project-typescript\\node_modules\\ts-node\\src\\index.ts:1621:12)\n' +
    '    at Module.load (node:internal/modules/cjs/loader:1206:32)\n' +
    '    at Function.Module._load (node:internal/modules/cjs/loader:1022:12)\n' +
    '    at Module.require (node:internal/modules/cjs/loader:1231:19)',
  stack: 'TSError: ⨯ Unable to compile TypeScript:\n' +
    "backend/routes/auth.ts(51,50): error TS18048: 'req.user' is possibly 'undefined'.\r\n" +
    "backend/routes/auth.ts(51,59): error TS2339: Property 'id' does not exist on type 'User'.\r\n" +
    "backend/routes/auth.ts(54,17): error TS18048: 'req.user' is possibly 'undefined'.\r\n" +
    "backend/routes/auth.ts(54,26): error TS2339: Property 'id' does not exist on type 'User'.\r\n" +
    "backend/routes/auth.ts(55,20): error TS18047: 'existingUser' is possibly 'null'.\r\n" +
    "backend/routes/auth.ts(56,24): error TS18047: 'existingUser' is possibly 'null'.\r\n" +
    "backend/routes/auth.ts(57,23): error TS18047: 'existingUser' is possibly 'null'.\r\n" +
    "backend/routes/auth.ts(58,23): error TS18047: 'existingUser' is possibly 'null'.\r\n" +
    "backend/routes/auth.ts(59,23): error TS18047: 'existingUser' is possibly 'null'.\r\n" +
    "backend/routes/auth.ts(60,21): error TS18047: 'existingUser' is possibly 'null'.\r\n" +
    '\n' +
    '    at createTSError (D:\\Projects\\mern-project-typescript\\node_modules\\ts-node\\src\\index.ts:859:12)\n' +
    '    at reportTSError (D:\\Projects\\mern-project-typescript\\node_modules\\ts-node\\src\\index.ts:863:19)\n' +
    '    at getOutput (D:\\Projects\\mern-project-typescript\\node_modules\\ts-node\\src\\index.ts:1077:36)\n' +
    '    at Object.compile (D:\\Projects\\mern-project-typescript\\node_modules\\ts-node\\src\\index.ts:1433:41)\n' +
    '    at Module.m._compile (D:\\Projects\\mern-project-typescript\\node_modules\\ts-node\\src\\index.ts:1617:30)\n' +
    '    at Module._extensions..js (node:internal/modules/cjs/loader:1427:10)\n' +
    '    at Object.require.extensions.<computed> [as .ts] (D:\\Projects\\mern-project-typescript\\node_modules\\ts-node\\src\\index.ts:1621:12)\n' +
    '    at Module.load (node:internal/modules/cjs/loader:1206:32)\n' +
    '    at Function.Module._load (node:internal/modules/cjs/loader:1022:12)\n' +
    '    at Module.require (node:internal/modules/cjs/loader:1231:19)',
  exception: true,
  date: 'Mon Nov 04 2024 09:32:02 GMT+0200 (Восточная Европа, стандартное время)',
  process: {
    pid: 8104,
    uid: null,
    gid: null,
    cwd: 'D:\\Projects\\mern-project-typescript',
    execPath: 'C:\\Program Files\\nodejs\\node.exe',
    version: 'v20.12.2',
    argv: [
      'D:\\Projects\\mern-project-typescript\\node_modules\\ts-node\\dist\\bin.js',
      'D:\\Projects\\mern-project-typescript\\backend\\server.ts'
    ],
    memoryUsage: {
      rss: 377282560,
      heapTotal: 329543680,
      heapUsed: 303134648,
      external: 24809635,
      arrayBuffers: 21825187
    }
  },
  os: { loadavg: [ 0, 0, 0 ], uptime: 239727 },
  trace: [
    {
      column: 12,
      file: 'D:\\Projects\\mern-project-typescript\\node_modules\\ts-node\\src\\index.ts',
      function: 'createTSError',
      line: 859,
      method: null,
      native: false
    },
    {
      column: 19,
      file: 'D:\\Projects\\mern-project-typescript\\node_modules\\ts-node\\src\\index.ts',
      function: 'reportTSError',
      line: 863,
      method: null,
      native: false
    },
    {
      column: 36,
      file: 'D:\\Projects\\mern-project-typescript\\node_modules\\ts-node\\src\\index.ts',
      function: 'getOutput',
      line: 1077,
      method: null,
      native: false
    },
    {
      column: 41,
      file: 'D:\\Projects\\mern-project-typescript\\node_modules\\ts-node\\src\\index.ts',
      function: 'Object.compile',
      line: 1433,
      method: 'compile',
      native: false
    },
    {
      column: 30,
      file: 'D:\\Projects\\mern-project-typescript\\node_modules\\ts-node\\src\\index.ts',
      function: 'Module.m._compile',
      line: 1617,
      method: '_compile',
      native: false
    },
    {
      column: 10,
      file: 'node:internal/modules/cjs/loader',
      function: 'Module._extensions..js',
      line: 1427,
      method: '.js',
      native: false
    },
    {
      column: 12,
      file: 'D:\\Projects\\mern-project-typescript\\node_modules\\ts-node\\src\\index.ts',
      function: 'Object.require.extensions.<computed> [as .ts]',
      line: 1621,
      method: 'ts]',
      native: false
    },
    {
      column: 32,
      file: 'node:internal/modules/cjs/loader',
      function: 'Module.load',
      line: 1206,
      method: 'load',
      native: false
    },
    {
      column: 12,
      file: 'node:internal/modules/cjs/loader',
      function: 'Module._load',
      line: 1022,
      method: '_load',
      native: false
    },
    {
      column: 19,
      file: 'node:internal/modules/cjs/loader',
      function: 'Module.require',
      line: 1231,
      method: 'require',
      native: false
    }
  ],
  timestamp: '2024-11-04 09:32:02.262 AM'
}
